PRISM
=====

Version: 4.4.GSMP
Date: Wed May 23 14:46:27 CEST 2018
Hostname: thomas
Memory limits: cudd=1g, java(heap)=910.5m
Command line: prism -hybrid -epsilon 1e-5 -maxiters 10000000 -power -absolute -const 'k=275,timeout=0.1,lambda=10.0000000000' ../../../../CZK_project/Model/queue_withptf_ctmc.sm -ss -exportss ../../../../CZK_project/Log/t=0.1/hybrid/ph_10_275

Parsing model file "../../../../CZK_project/Model/queue_withptf_ctmc.sm"...

Type:        CTMC
Modules:     main trigger 
Variables:   qSize i 

---------------------------------------------------------------------

Computing steady-state probabilities...

Building model...
Model constants: k=275,timeout=0.1,lambda=10

Computing reachable states...

Reachability (BFS): 2751 iterations in 0.04 seconds (average 0.000013, setup 0.00)

Time for model construction: 0.057 seconds.

Type:        CTMC
States:      2751 (1 initial)
Transitions: 5226

Rate matrix: 163 nodes (3 terminal), 5226 minterms, vars: 13r/13c

SCCs: 1, BSCCs: 1, non-BSCC states: 0
BSCC sizes: 1:2751

Initial states all in one BSCC (so no reachability probabilities computed)

Computing probabilities...
Engine: Hybrid

Building power method iteration matrix MTBDD... [nodes=237] [4.6 Kb]
Building hybrid MTBDD matrix... [levels=13, nodes=282] [13.2 KB]
Adding explicit sparse matrices... [levels=13, num=1, compact] [33.9 KB]
Allocating iteration vectors... [2 x 21.5 KB]
TOTAL: [90.1 KB]

Starting iterations...

Power method: 1617 iterations in 0.05 seconds (average 0.000030, setup 0.00)

Printing steady-state probabilities in plain text format to file "../../../../CZK_project/Log/t=0.1/hybrid/ph_10_275"...

Time for steady-state probability computation: 0.11 seconds.

