PRISM
=====

Version: 4.4.GSMP
Date: Thu May 24 09:52:18 CEST 2018
Hostname: thomas
Memory limits: cudd=1g, java(heap)=910.5m
Command line: prism -hybrid -epsilon 1e-5 -maxiters 10000000 -power -absolute -const 'k=250,timeout=0.1,lambda=10.0000000000' ../../../../CZK_project/Model/queue_withptf_ctmc.sm -ss -exportss ../../../../CZK_project/Log/t=0.1/hybrid/ph_10_250_1E-5

Parsing model file "../../../../CZK_project/Model/queue_withptf_ctmc.sm"...

Type:        CTMC
Modules:     main trigger 
Variables:   qSize i 

---------------------------------------------------------------------

Computing steady-state probabilities...

Building model...
Model constants: k=250,timeout=0.1,lambda=10

Computing reachable states...

Reachability (BFS): 2501 iterations in 0.03 seconds (average 0.000013, setup 0.00)

Time for model construction: 0.049 seconds.

Type:        CTMC
States:      2501 (1 initial)
Transitions: 4751

Rate matrix: 145 nodes (3 terminal), 4751 minterms, vars: 12r/12c

SCCs: 1, BSCCs: 1, non-BSCC states: 0
BSCC sizes: 1:2501

Initial states all in one BSCC (so no reachability probabilities computed)

Computing probabilities...
Engine: Hybrid

Building power method iteration matrix MTBDD... [nodes=207] [4.0 Kb]
Building hybrid MTBDD matrix... [levels=12, nodes=252] [11.8 KB]
Adding explicit sparse matrices... [levels=12, num=1, compact] [30.8 KB]
Allocating iteration vectors... [2 x 19.5 KB]
TOTAL: [81.7 KB]

Starting iterations...

Power method: 1705 iterations in 0.04 seconds (average 0.000023, setup 0.00)

Printing steady-state probabilities in plain text format to file "../../../../CZK_project/Log/t=0.1/hybrid/ph_10_250_1E-5"...

Time for steady-state probability computation: 0.1 seconds.

