PRISM
=====

Version: 4.4
Date: Tue Jul 10 04:51:34 EDT 2018
Hostname: storm-eval
Memory limits: cudd=1g, java(heap)=910.5m
Command line: prism -hybrid -epsilon 1e-13 -maxiters 100000000 -power -absolute -const k=1000 ../../CZK_project/Model/benchmark/devel/firstRejuvenation/firstRejuvenation_CTMC.pm -ss -exportss ../../CZK_project/Output/firstRejuvenation_1E-10_dynamic/hybrid/ph_1000_1E-10

Parsing model file "../../CZK_project/Model/benchmark/devel/firstRejuvenation/firstRejuvenation_CTMC.pm"...

Type:        CTMC
Modules:     firstRejuvenation trigger 
Variables:   status avail maintenance i 

---------------------------------------------------------------------

Computing steady-state probabilities...

Building model...
Model constants: k=1000

Computing reachable states...

Reachability (BFS): 2001 iterations in 0.04 seconds (average 0.000022, setup 0.00)

Time for model construction: 0.132 seconds.

Type:        CTMC
States:      5000 (1 initial)
Transitions: 7000

Rate matrix: 355 nodes (7 terminal), 7000 minterms, vars: 14r/14c

SCCs: 1, BSCCs: 1, non-BSCC states: 0
BSCC sizes: 1:5000

Initial states all in one BSCC (so no reachability probabilities computed)

Computing probabilities...
Engine: Hybrid

Building power method iteration matrix MTBDD... [nodes=414] [8.1 Kb]
Building hybrid MTBDD matrix... [levels=14, nodes=470] [22.0 KB]
Adding explicit sparse matrices... [levels=14, num=1, compact] [51.8 KB]
Allocating iteration vectors... [2 x 39.1 KB]
TOTAL: [152.0 KB]

Starting iterations...
Iteration 152080: max diff=0.000001, 5.00 sec so far
Iteration 303582: max diff=0.000000, 10.01 sec so far
Iteration 455410: max diff=0.000000, 15.01 sec so far
Iteration 607575: max diff=0.000000, 20.02 sec so far
Iteration 759193: max diff=0.000000, 25.02 sec so far
Iteration 910467: max diff=0.000000, 30.02 sec so far
Iteration 1061733: max diff=0.000000, 35.03 sec so far
Iteration 1215443: max diff=0.000000, 40.03 sec so far
Iteration 1367169: max diff=0.000000, 45.04 sec so far
Iteration 1518372: max diff=0.000000, 50.04 sec so far
Iteration 1669796: max diff=0.000000, 55.04 sec so far
Iteration 1822755: max diff=0.000000, 60.05 sec so far
Iteration 1976406: max diff=0.000000, 65.05 sec so far
Iteration 2128413: max diff=0.000000, 70.06 sec so far
Iteration 2280892: max diff=0.000000, 75.06 sec so far
Iteration 2434500: max diff=0.000000, 80.06 sec so far
Iteration 2583939: max diff=0.000000, 85.07 sec so far
Iteration 2734018: max diff=0.000000, 90.07 sec so far
Iteration 2884676: max diff=0.000000, 95.08 sec so far
Iteration 3036568: max diff=0.000000, 100.08 sec so far
Iteration 3187847: max diff=0.000000, 105.08 sec so far
Iteration 3339312: max diff=0.000000, 110.09 sec so far
Iteration 3489450: max diff=0.000000, 115.09 sec so far
Iteration 3642244: max diff=0.000000, 120.10 sec so far
Iteration 3793300: max diff=0.000000, 125.10 sec so far
Iteration 3944499: max diff=0.000000, 130.10 sec so far
Iteration 4094959: max diff=0.000000, 135.11 sec so far
Iteration 4250339: max diff=0.000000, 140.11 sec so far
Iteration 4405783: max diff=0.000000, 145.12 sec so far
Iteration 4555360: max diff=0.000000, 150.12 sec so far
Iteration 4703037: max diff=0.000000, 155.12 sec so far
Iteration 4852692: max diff=0.000000, 160.13 sec so far
Iteration 5003093: max diff=0.000000, 165.13 sec so far
Iteration 5154712: max diff=0.000000, 170.14 sec so far
Iteration 5305312: max diff=0.000000, 175.14 sec so far
Iteration 5456689: max diff=0.000000, 180.14 sec so far
Iteration 5608207: max diff=0.000000, 185.15 sec so far
Iteration 5760547: max diff=0.000000, 190.15 sec so far
Iteration 5913053: max diff=0.000000, 195.16 sec so far
Iteration 6064975: max diff=0.000000, 200.16 sec so far
Iteration 6217414: max diff=0.000000, 205.16 sec so far
Iteration 6368478: max diff=0.000000, 210.17 sec so far
Iteration 6519838: max diff=0.000000, 215.17 sec so far
Iteration 6673126: max diff=0.000000, 220.18 sec so far
Iteration 6825436: max diff=0.000000, 225.18 sec so far
Iteration 6977346: max diff=0.000000, 230.18 sec so far
Iteration 7129916: max diff=0.000000, 235.19 sec so far
Iteration 7282488: max diff=0.000000, 240.19 sec so far
Iteration 7434745: max diff=0.000000, 245.20 sec so far
Iteration 7587187: max diff=0.000000, 250.20 sec so far
Iteration 7738938: max diff=0.000000, 255.20 sec so far
Iteration 7891667: max diff=0.000000, 260.21 sec so far
Iteration 8044212: max diff=0.000000, 265.21 sec so far
Iteration 8195908: max diff=0.000000, 270.22 sec so far
Iteration 8348768: max diff=0.000000, 275.22 sec so far
Iteration 8500151: max diff=0.000000, 280.22 sec so far
Iteration 8650957: max diff=0.000000, 285.23 sec so far
Iteration 8801831: max diff=0.000000, 290.23 sec so far
Iteration 8953867: max diff=0.000000, 295.24 sec so far
Iteration 9105375: max diff=0.000000, 300.24 sec so far
Iteration 9257064: max diff=0.000000, 305.24 sec so far
Iteration 9410131: max diff=0.000000, 310.25 sec so far
Iteration 9561365: max diff=0.000000, 315.25 sec so far
Iteration 9713191: max diff=0.000000, 320.26 sec so far
Iteration 9864693: max diff=0.000000, 325.26 sec so far
Iteration 10016402: max diff=0.000000, 330.26 sec so far
Iteration 10167906: max diff=0.000000, 335.27 sec so far
Iteration 10317759: max diff=0.000000, 340.27 sec so far
Iteration 10468568: max diff=0.000000, 345.28 sec so far
Iteration 10619633: max diff=0.000000, 350.28 sec so far
Iteration 10771084: max diff=0.000000, 355.28 sec so far
Iteration 10922150: max diff=0.000000, 360.29 sec so far
Iteration 11072955: max diff=0.000000, 365.29 sec so far
Iteration 11224507: max diff=0.000000, 370.30 sec so far
Iteration 11373942: max diff=0.000000, 375.30 sec so far
Iteration 11524232: max diff=0.000000, 380.30 sec so far
Iteration 11676828: max diff=0.000000, 385.31 sec so far
Iteration 11829138: max diff=0.000000, 390.31 sec so far
Iteration 11980665: max diff=0.000000, 395.32 sec so far
Iteration 12132251: max diff=0.000000, 400.32 sec so far
Iteration 12285043: max diff=0.000000, 405.32 sec so far
Iteration 12437240: max diff=0.000000, 410.33 sec so far
Iteration 12588338: max diff=0.000000, 415.33 sec so far
Iteration 12738309: max diff=0.000000, 420.34 sec so far
Iteration 12892230: max diff=0.000000, 425.34 sec so far
Iteration 13047566: max diff=0.000000, 430.34 sec so far
Iteration 13200225: max diff=0.000000, 435.35 sec so far
Iteration 13349280: max diff=0.000000, 440.35 sec so far
Iteration 13504738: max diff=0.000000, 445.36 sec so far
Iteration 13660215: max diff=0.000000, 450.36 sec so far
Iteration 13817325: max diff=0.000000, 455.36 sec so far
Iteration 13970093: max diff=0.000000, 460.37 sec so far
Iteration 14124011: max diff=0.000000, 465.37 sec so far
Iteration 14277869: max diff=0.000000, 470.38 sec so far
Iteration 14444546: max diff=0.000000, 475.38 sec so far
Iteration 14592825: max diff=0.000000, 480.38 sec so far
Iteration 14743356: max diff=0.000000, 485.39 sec so far
Iteration 14894827: max diff=0.000000, 490.39 sec so far
Iteration 15044003: max diff=0.000000, 495.40 sec so far
Iteration 15194491: max diff=0.000000, 500.40 sec so far
Iteration 15343099: max diff=0.000000, 505.40 sec so far
Iteration 15494485: max diff=0.000000, 510.41 sec so far
Iteration 15645040: max diff=0.000000, 515.41 sec so far
Iteration 15798693: max diff=0.000000, 520.42 sec so far
Iteration 15946771: max diff=0.000000, 525.42 sec so far
Iteration 16098099: max diff=0.000000, 530.42 sec so far
Iteration 16251615: max diff=0.000000, 535.43 sec so far
Iteration 16404709: max diff=0.000000, 540.43 sec so far
Iteration 16556297: max diff=0.000000, 545.44 sec so far
Iteration 16707649: max diff=0.000000, 550.44 sec so far
Iteration 16857247: max diff=0.000000, 555.44 sec so far
Iteration 17006943: max diff=0.000000, 560.45 sec so far
Iteration 17159055: max diff=0.000000, 565.45 sec so far
Iteration 17311577: max diff=0.000000, 570.46 sec so far
Iteration 17461527: max diff=0.000000, 575.46 sec so far
Iteration 17611205: max diff=0.000000, 580.46 sec so far
Iteration 17763394: max diff=0.000000, 585.47 sec so far
Iteration 17915074: max diff=0.000000, 590.47 sec so far
Iteration 18062279: max diff=0.000000, 595.48 sec so far
Iteration 18213902: max diff=0.000000, 600.48 sec so far
Iteration 18366303: max diff=0.000000, 605.48 sec so far
Iteration 18518273: max diff=0.000000, 610.49 sec so far
Iteration 18670742: max diff=0.000000, 615.49 sec so far
Iteration 18822032: max diff=0.000000, 620.50 sec so far
Iteration 18973300: max diff=0.000000, 625.50 sec so far
Iteration 19125037: max diff=0.000000, 630.50 sec so far
Iteration 19277315: max diff=0.000000, 635.51 sec so far
Iteration 19429279: max diff=0.000000, 640.51 sec so far
Iteration 19582318: max diff=0.000000, 645.52 sec so far
Iteration 19734107: max diff=0.000000, 650.52 sec so far
Iteration 19886410: max diff=0.000000, 655.52 sec so far
Iteration 20038678: max diff=0.000000, 660.53 sec so far
Iteration 20191345: max diff=0.000000, 665.53 sec so far
Iteration 20344157: max diff=0.000000, 670.54 sec so far
Iteration 20496897: max diff=0.000000, 675.54 sec so far
Iteration 20649411: max diff=0.000000, 680.54 sec so far
Iteration 20800487: max diff=0.000000, 685.55 sec so far
Iteration 20951212: max diff=0.000000, 690.55 sec so far
Iteration 21102636: max diff=0.000000, 695.56 sec so far
Iteration 21254056: max diff=0.000000, 700.56 sec so far
Iteration 21404333: max diff=0.000000, 705.56 sec so far
Iteration 21555332: max diff=0.000000, 710.57 sec so far
Iteration 21707122: max diff=0.000000, 715.57 sec so far
Iteration 21857638: max diff=0.000000, 720.58 sec so far
Iteration 22008787: max diff=0.000000, 725.58 sec so far
Iteration 22160146: max diff=0.000000, 730.58 sec so far
Iteration 22311784: max diff=0.000000, 735.59 sec so far
Iteration 22464300: max diff=0.000000, 740.59 sec so far
Iteration 22614863: max diff=0.000000, 745.60 sec so far
Iteration 22766254: max diff=0.000000, 750.60 sec so far
Iteration 22917035: max diff=0.000000, 755.60 sec so far
Iteration 23067735: max diff=0.000000, 760.61 sec so far
Iteration 23219798: max diff=0.000000, 765.61 sec so far
Iteration 23371676: max diff=0.000000, 770.62 sec so far
Iteration 23523620: max diff=0.000000, 775.62 sec so far
Iteration 23672250: max diff=0.000000, 780.62 sec so far
Iteration 23823854: max diff=0.000000, 785.63 sec so far
Iteration 23972686: max diff=0.000000, 790.63 sec so far
Iteration 24123390: max diff=0.000000, 795.64 sec so far
Iteration 24275123: max diff=0.000000, 800.64 sec so far
Iteration 24427859: max diff=0.000000, 805.64 sec so far
Iteration 24579585: max diff=0.000000, 810.65 sec so far
Iteration 24729295: max diff=0.000000, 815.65 sec so far
Iteration 24880344: max diff=0.000000, 820.66 sec so far
Iteration 25031308: max diff=0.000000, 825.66 sec so far
Iteration 25182140: max diff=0.000000, 830.66 sec so far
Iteration 25335474: max diff=0.000000, 835.67 sec so far
Iteration 25484851: max diff=0.000000, 840.67 sec so far
Iteration 25636560: max diff=0.000000, 845.68 sec so far
Iteration 25789151: max diff=0.000000, 850.68 sec so far
Iteration 25941484: max diff=0.000000, 855.68 sec so far
Iteration 26093349: max diff=0.000000, 860.69 sec so far
Iteration 26244517: max diff=0.000000, 865.69 sec so far
Iteration 26415327: max diff=0.000000, 870.70 sec so far
Iteration 26568816: max diff=0.000000, 875.70 sec so far
Iteration 26720845: max diff=0.000000, 880.70 sec so far
Iteration 26872803: max diff=0.000000, 885.71 sec so far
Iteration 27022697: max diff=0.000000, 890.71 sec so far
Iteration 27173851: max diff=0.000000, 895.72 sec so far
Iteration 27325241: max diff=0.000000, 900.72 sec so far
Iteration 27477070: max diff=0.000000, 905.72 sec so far
Iteration 27627450: max diff=0.000000, 910.73 sec so far
Iteration 27779091: max diff=0.000000, 915.73 sec so far
Iteration 27930815: max diff=0.000000, 920.74 sec so far
Iteration 28082323: max diff=0.000000, 925.74 sec so far
Iteration 28234114: max diff=0.000000, 930.74 sec so far
Iteration 28386359: max diff=0.000000, 935.75 sec so far
Iteration 28538758: max diff=0.000000, 940.75 sec so far
Iteration 28691086: max diff=0.000000, 945.76 sec so far
Iteration 28843310: max diff=0.000000, 950.76 sec so far
Iteration 28995641: max diff=0.000000, 955.76 sec so far
Iteration 29147832: max diff=0.000000, 960.77 sec so far
Iteration 29300401: max diff=0.000000, 965.77 sec so far
Iteration 29452892: max diff=0.000000, 970.78 sec so far
Iteration 29605119: max diff=0.000000, 975.78 sec so far
Iteration 29758558: max diff=0.000000, 980.78 sec so far
Iteration 29910946: max diff=0.000000, 985.79 sec so far
Iteration 30063102: max diff=0.000000, 990.79 sec so far
Iteration 30215080: max diff=0.000000, 995.80 sec so far
Iteration 30366956: max diff=0.000000, 1000.80 sec so far
Iteration 30520051: max diff=0.000000, 1005.80 sec so far
Iteration 30672242: max diff=0.000000, 1010.81 sec so far
Iteration 30824827: max diff=0.000000, 1015.81 sec so far
Iteration 30977989: max diff=0.000000, 1020.82 sec so far
Iteration 31129984: max diff=0.000000, 1025.82 sec so far
Iteration 31282506: max diff=0.000000, 1030.82 sec so far
Iteration 31436190: max diff=0.000000, 1035.83 sec so far
Iteration 31587240: max diff=0.000000, 1040.83 sec so far
Iteration 31739952: max diff=0.000000, 1045.84 sec so far
Iteration 31888760: max diff=0.000000, 1050.84 sec so far
Iteration 32041232: max diff=0.000000, 1055.84 sec so far
Iteration 32189589: max diff=0.000000, 1060.85 sec so far
Iteration 32341722: max diff=0.000000, 1065.85 sec so far
Iteration 32494153: max diff=0.000000, 1070.86 sec so far
Iteration 32646773: max diff=0.000000, 1075.86 sec so far
Iteration 32798818: max diff=0.000000, 1080.86 sec so far
Iteration 32950959: max diff=0.000000, 1085.87 sec so far
Iteration 33102476: max diff=0.000000, 1090.87 sec so far
Iteration 33254601: max diff=0.000000, 1095.88 sec so far
Iteration 33406990: max diff=0.000000, 1100.88 sec so far
Iteration 33558185: max diff=0.000000, 1105.88 sec so far
Iteration 33711673: max diff=0.000000, 1110.89 sec so far
Iteration 33864576: max diff=0.000000, 1115.89 sec so far
Iteration 34011273: max diff=0.000000, 1120.90 sec so far
Iteration 34161870: max diff=0.000000, 1125.90 sec so far
Iteration 34312633: max diff=0.000000, 1130.90 sec so far
Iteration 34464618: max diff=0.000000, 1135.91 sec so far
Iteration 34616797: max diff=0.000000, 1140.91 sec so far
Iteration 34768763: max diff=0.000000, 1145.92 sec so far
Iteration 34921204: max diff=0.000000, 1150.92 sec so far
Iteration 35069466: max diff=0.000000, 1155.92 sec so far
Iteration 35217921: max diff=0.000000, 1160.93 sec so far
Iteration 35364355: max diff=0.000000, 1165.93 sec so far
Iteration 35516916: max diff=0.000000, 1170.94 sec so far
Iteration 35666693: max diff=0.000000, 1175.94 sec so far
Iteration 35815770: max diff=0.000000, 1180.94 sec so far
Iteration 35967216: max diff=0.000000, 1185.95 sec so far
Iteration 36117281: max diff=0.000000, 1190.95 sec so far
Iteration 36264240: max diff=0.000000, 1195.96 sec so far
Iteration 36412703: max diff=0.000000, 1200.96 sec so far
Iteration 36563748: max diff=0.000000, 1205.96 sec so far
Iteration 36715502: max diff=0.000000, 1210.97 sec so far
Iteration 36865614: max diff=0.000000, 1215.97 sec so far
Iteration 37017483: max diff=0.000000, 1220.98 sec so far
Iteration 37168886: max diff=0.000000, 1225.98 sec so far
Iteration 37317786: max diff=0.000000, 1230.98 sec so far
Iteration 37466349: max diff=0.000000, 1235.99 sec so far
Iteration 37615233: max diff=0.000000, 1240.99 sec so far
Iteration 37765886: max diff=0.000000, 1246.00 sec so far
Iteration 37918315: max diff=0.000000, 1251.00 sec so far
Iteration 38070292: max diff=0.000000, 1256.00 sec so far
Iteration 38223028: max diff=0.000000, 1261.01 sec so far
Iteration 38369640: max diff=0.000000, 1266.01 sec so far
Iteration 38521704: max diff=0.000000, 1271.02 sec so far
Iteration 38667144: max diff=0.000000, 1276.02 sec so far
Iteration 38813939: max diff=0.000000, 1281.02 sec so far
Iteration 38964739: max diff=0.000000, 1286.03 sec so far
Iteration 39113000: max diff=0.000000, 1291.03 sec so far
Iteration 39259109: max diff=0.000000, 1296.04 sec so far
Iteration 39407312: max diff=0.000000, 1301.04 sec so far
Iteration 39554418: max diff=0.000000, 1306.04 sec so far
Iteration 39706704: max diff=0.000000, 1311.05 sec so far
Iteration 39856082: max diff=0.000000, 1316.05 sec so far
Iteration 40007248: max diff=0.000000, 1321.06 sec so far
Iteration 40159177: max diff=0.000000, 1326.06 sec so far
Iteration 40312014: max diff=0.000000, 1331.06 sec so far
Iteration 40459602: max diff=0.000000, 1336.07 sec so far
Iteration 40612656: max diff=0.000000, 1341.07 sec so far
Iteration 40763648: max diff=0.000000, 1346.08 sec so far
Iteration 40915492: max diff=0.000000, 1351.08 sec so far
Iteration 41067080: max diff=0.000000, 1356.08 sec so far
Iteration 41219057: max diff=0.000000, 1361.09 sec so far
Iteration 41370635: max diff=0.000000, 1366.09 sec so far
Iteration 41523040: max diff=0.000000, 1371.10 sec so far
Iteration 41675330: max diff=0.000000, 1376.10 sec so far
Iteration 41827609: max diff=0.000000, 1381.10 sec so far
Iteration 41979162: max diff=0.000000, 1386.11 sec so far
Iteration 42133235: max diff=0.000000, 1391.11 sec so far
Iteration 42287548: max diff=0.000000, 1396.12 sec so far
Iteration 42440208: max diff=0.000000, 1401.12 sec so far
Iteration 42592033: max diff=0.000000, 1406.12 sec so far
Iteration 42743693: max diff=0.000000, 1411.13 sec so far
Iteration 42895561: max diff=0.000000, 1416.13 sec so far
Iteration 43048208: max diff=0.000000, 1421.14 sec so far
Iteration 43196404: max diff=0.000000, 1426.14 sec so far
Iteration 43348963: max diff=0.000000, 1431.14 sec so far
Iteration 43500847: max diff=0.000000, 1436.15 sec so far
Iteration 43652486: max diff=0.000000, 1441.15 sec so far
Iteration 43804547: max diff=0.000000, 1446.16 sec so far
Iteration 43954433: max diff=0.000000, 1451.16 sec so far
Iteration 44103706: max diff=0.000000, 1456.16 sec so far
Iteration 44255084: max diff=0.000000, 1461.17 sec so far
Iteration 44404395: max diff=0.000000, 1466.17 sec so far
Iteration 44556916: max diff=0.000000, 1471.18 sec so far
Iteration 44706434: max diff=0.000000, 1476.18 sec so far
Iteration 44859983: max diff=0.000000, 1481.18 sec so far
Iteration 45012847: max diff=0.000000, 1486.19 sec so far
Iteration 45164288: max diff=0.000000, 1491.19 sec so far
Iteration 45316436: max diff=0.000000, 1496.20 sec so far
Iteration 45467286: max diff=0.000000, 1501.20 sec so far
Iteration 45618985: max diff=0.000000, 1506.20 sec so far
Iteration 45770499: max diff=0.000000, 1511.21 sec so far
Iteration 45922477: max diff=0.000000, 1516.21 sec so far
Iteration 46074639: max diff=0.000000, 1521.22 sec so far
Iteration 46225310: max diff=0.000000, 1526.22 sec so far
Iteration 46376386: max diff=0.000000, 1531.22 sec so far
Iteration 46528567: max diff=0.000000, 1536.23 sec so far
Iteration 46681310: max diff=0.000000, 1541.23 sec so far
Iteration 46833601: max diff=0.000000, 1546.24 sec so far
Iteration 46984871: max diff=0.000000, 1551.24 sec so far
Iteration 47137728: max diff=0.000000, 1556.24 sec so far
Iteration 47290773: max diff=0.000000, 1561.25 sec so far
Iteration 47443505: max diff=0.000000, 1566.25 sec so far
Iteration 47595968: max diff=0.000000, 1571.26 sec so far
Iteration 47747710: max diff=0.000000, 1576.26 sec so far
Iteration 47899703: max diff=0.000000, 1581.26 sec so far
Iteration 48049113: max diff=0.000000, 1586.27 sec so far
Iteration 48201284: max diff=0.000000, 1591.27 sec so far
Iteration 48353439: max diff=0.000000, 1596.28 sec so far
Iteration 48506342: max diff=0.000000, 1601.28 sec so far
Iteration 48658602: max diff=0.000000, 1606.28 sec so far
Iteration 48810679: max diff=0.000000, 1611.29 sec so far
Iteration 48963993: max diff=0.000000, 1616.29 sec so far
Iteration 49115613: max diff=0.000000, 1621.30 sec so far
Iteration 49266869: max diff=0.000000, 1626.30 sec so far
Iteration 49418937: max diff=0.000000, 1631.30 sec so far
Iteration 49571969: max diff=0.000000, 1636.31 sec so far
Iteration 49724627: max diff=0.000000, 1641.31 sec so far
Iteration 49877187: max diff=0.000000, 1646.32 sec so far
Iteration 50029092: max diff=0.000000, 1651.32 sec so far
Iteration 50180804: max diff=0.000000, 1656.32 sec so far
Iteration 50333072: max diff=0.000000, 1661.33 sec so far
Iteration 50485162: max diff=0.000000, 1666.33 sec so far
Iteration 50637157: max diff=0.000000, 1671.34 sec so far
Iteration 50788740: max diff=0.000000, 1676.34 sec so far
Iteration 50940762: max diff=0.000000, 1681.34 sec so far
Iteration 51092504: max diff=0.000000, 1686.35 sec so far
Iteration 51244532: max diff=0.000000, 1691.35 sec so far
Iteration 51395579: max diff=0.000000, 1696.36 sec so far
Iteration 51548152: max diff=0.000000, 1701.36 sec so far
Iteration 51699386: max diff=0.000000, 1706.36 sec so far
Iteration 51852186: max diff=0.000000, 1711.37 sec so far
Iteration 52000558: max diff=0.000000, 1716.37 sec so far
Iteration 52152754: max diff=0.000000, 1721.38 sec so far
Iteration 52306219: max diff=0.000000, 1726.38 sec so far
Iteration 52458732: max diff=0.000000, 1731.38 sec so far
Iteration 52608153: max diff=0.000000, 1736.39 sec so far
Iteration 52759699: max diff=0.000000, 1741.39 sec so far
Iteration 52907786: max diff=0.000000, 1746.40 sec so far
Iteration 53059340: max diff=0.000000, 1751.40 sec so far
Iteration 53211268: max diff=0.000000, 1756.40 sec so far
Iteration 53362576: max diff=0.000000, 1761.41 sec so far
Iteration 53512193: max diff=0.000000, 1766.41 sec so far
Iteration 53664410: max diff=0.000000, 1771.42 sec so far
Iteration 53816276: max diff=0.000000, 1776.42 sec so far
Iteration 53965493: max diff=0.000000, 1781.42 sec so far
Iteration 54114944: max diff=0.000000, 1786.43 sec so far
Iteration 54266727: max diff=0.000000, 1791.43 sec so far
Iteration 54418082: max diff=0.000000, 1796.44 sec so far
Iteration 54567116: max diff=0.000000, 1801.44 sec so far
Iteration 54718392: max diff=0.000000, 1806.44 sec so far
Iteration 54870547: max diff=0.000000, 1811.45 sec so far
Iteration 55023240: max diff=0.000000, 1816.45 sec so far
Iteration 55175690: max diff=0.000000, 1821.46 sec so far
Iteration 55327275: max diff=0.000000, 1826.46 sec so far
Iteration 55478910: max diff=0.000000, 1831.46 sec so far
Iteration 55631159: max diff=0.000000, 1836.47 sec so far
Iteration 55782628: max diff=0.000000, 1841.47 sec so far
Iteration 55934361: max diff=0.000000, 1846.48 sec so far
Iteration 56087110: max diff=0.000000, 1851.48 sec so far
Iteration 56239341: max diff=0.000000, 1856.48 sec so far
Iteration 56391791: max diff=0.000000, 1861.49 sec so far
Iteration 56545425: max diff=0.000000, 1866.49 sec so far
Iteration 56697900: max diff=0.000000, 1871.50 sec so far
Iteration 56851008: max diff=0.000000, 1876.50 sec so far
Iteration 57002128: max diff=0.000000, 1881.50 sec so far
Iteration 57153202: max diff=0.000000, 1886.51 sec so far
Iteration 57305409: max diff=0.000000, 1891.51 sec so far
Iteration 57457949: max diff=0.000000, 1896.52 sec so far
Iteration 57611378: max diff=0.000000, 1901.52 sec so far
Iteration 57762479: max diff=0.000000, 1906.52 sec so far
Iteration 57915122: max diff=0.000000, 1911.53 sec so far
Iteration 58067298: max diff=0.000000, 1916.53 sec so far
Iteration 58218815: max diff=0.000000, 1921.54 sec so far
Iteration 58371314: max diff=0.000000, 1926.54 sec so far
Iteration 58523927: max diff=0.000000, 1931.54 sec so far
Iteration 58676126: max diff=0.000000, 1936.55 sec so far
Iteration 58828274: max diff=0.000000, 1941.55 sec so far
Iteration 58980246: max diff=0.000000, 1946.56 sec so far
Iteration 59132071: max diff=0.000000, 1951.56 sec so far
Iteration 59283332: max diff=0.000000, 1956.56 sec so far
Iteration 59435007: max diff=0.000000, 1961.57 sec so far
Iteration 59587437: max diff=0.000000, 1966.57 sec so far
Iteration 59740455: max diff=0.000000, 1971.58 sec so far
Iteration 59893324: max diff=0.000000, 1976.58 sec so far
Iteration 60045163: max diff=0.000000, 1981.58 sec so far
Iteration 60196830: max diff=0.000000, 1986.59 sec so far
Iteration 60348715: max diff=0.000000, 1991.59 sec so far
Iteration 60500514: max diff=0.000000, 1996.60 sec so far
Iteration 60652111: max diff=0.000000, 2001.60 sec so far
Iteration 60804980: max diff=0.000000, 2006.60 sec so far
Iteration 60956204: max diff=0.000000, 2011.61 sec so far
Iteration 61107550: max diff=0.000000, 2016.61 sec so far
Iteration 61260138: max diff=0.000000, 2021.62 sec so far
Iteration 61411883: max diff=0.000000, 2026.62 sec so far
Iteration 61563066: max diff=0.000000, 2031.62 sec so far
Iteration 61714632: max diff=0.000000, 2036.63 sec so far
Iteration 61865595: max diff=0.000000, 2041.63 sec so far
Iteration 62018410: max diff=0.000000, 2046.64 sec so far
Iteration 62169941: max diff=0.000000, 2051.64 sec so far
Iteration 62321594: max diff=0.000000, 2056.64 sec so far
Iteration 62474496: max diff=0.000000, 2061.65 sec so far
Iteration 62626571: max diff=0.000000, 2066.65 sec so far
Iteration 62778954: max diff=0.000000, 2071.66 sec so far
Iteration 62930756: max diff=0.000000, 2076.66 sec so far
Iteration 63083181: max diff=0.000000, 2081.66 sec so far
Iteration 63235613: max diff=0.000000, 2086.67 sec so far
Iteration 63387358: max diff=0.000000, 2091.67 sec so far
Iteration 63541416: max diff=0.000000, 2096.68 sec so far
Iteration 63694501: max diff=0.000000, 2101.68 sec so far
Iteration 63846068: max diff=0.000000, 2106.68 sec so far
Iteration 63997763: max diff=0.000000, 2111.69 sec so far
Iteration 64149447: max diff=0.000000, 2116.69 sec so far
Iteration 64300873: max diff=0.000000, 2121.70 sec so far
Iteration 64453637: max diff=0.000000, 2126.70 sec so far
Iteration 64606155: max diff=0.000000, 2131.70 sec so far
Iteration 64758339: max diff=0.000000, 2136.71 sec so far
Iteration 64909986: max diff=0.000000, 2141.71 sec so far
Iteration 65062443: max diff=0.000000, 2146.72 sec so far
Iteration 65213511: max diff=0.000000, 2151.72 sec so far
Iteration 65365422: max diff=0.000000, 2156.72 sec so far
Iteration 65517280: max diff=0.000000, 2161.73 sec so far
Iteration 65668862: max diff=0.000000, 2166.73 sec so far
Iteration 65821382: max diff=0.000000, 2171.74 sec so far
Iteration 65972543: max diff=0.000000, 2176.74 sec so far
Iteration 66123720: max diff=0.000000, 2181.74 sec so far
Iteration 66274418: max diff=0.000000, 2186.75 sec so far
Iteration 66427699: max diff=0.000000, 2191.75 sec so far
Iteration 66580762: max diff=0.000000, 2196.76 sec so far
Iteration 66732937: max diff=0.000000, 2201.76 sec so far
Iteration 66885532: max diff=0.000000, 2206.76 sec so far
Iteration 67037633: max diff=0.000000, 2211.77 sec so far
Iteration 67189973: max diff=0.000000, 2216.77 sec so far
Iteration 67342176: max diff=0.000000, 2221.78 sec so far
Iteration 67494692: max diff=0.000000, 2226.78 sec so far
Iteration 67645910: max diff=0.000000, 2231.78 sec so far
Iteration 67797842: max diff=0.000000, 2236.79 sec so far
Iteration 67949726: max diff=0.000000, 2241.79 sec so far
Iteration 68101636: max diff=0.000000, 2246.80 sec so far
Iteration 68254630: max diff=0.000000, 2251.80 sec so far
Iteration 68406841: max diff=0.000000, 2256.80 sec so far
Iteration 68559686: max diff=0.000000, 2261.81 sec so far
Iteration 68711914: max diff=0.000000, 2266.81 sec so far
Iteration 68862661: max diff=0.000000, 2271.82 sec so far
Iteration 69014925: max diff=0.000000, 2276.82 sec so far
Iteration 69163781: max diff=0.000000, 2281.82 sec so far
Iteration 69314886: max diff=0.000000, 2286.83 sec so far
Iteration 69463949: max diff=0.000000, 2291.83 sec so far
Iteration 69614662: max diff=0.000000, 2296.84 sec so far
Iteration 69765671: max diff=0.000000, 2301.84 sec so far
Iteration 69916225: max diff=0.000000, 2306.84 sec so far
Iteration 70067552: max diff=0.000000, 2311.85 sec so far
Iteration 70218273: max diff=0.000000, 2316.85 sec so far
Iteration 70366087: max diff=0.000000, 2321.86 sec so far
Iteration 70516283: max diff=0.000000, 2326.86 sec so far
Iteration 70667649: max diff=0.000000, 2331.86 sec so far
Iteration 70818968: max diff=0.000000, 2336.87 sec so far
Iteration 70970149: max diff=0.000000, 2341.87 sec so far
Iteration 71121671: max diff=0.000000, 2346.88 sec so far
Iteration 71272816: max diff=0.000000, 2351.88 sec so far
Iteration 71421031: max diff=0.000000, 2356.88 sec so far
Iteration 71573282: max diff=0.000000, 2361.89 sec so far
Iteration 71724810: max diff=0.000000, 2366.89 sec so far
Iteration 71876327: max diff=0.000000, 2371.90 sec so far
Iteration 72028169: max diff=0.000000, 2376.90 sec so far
Iteration 72178053: max diff=0.000000, 2381.90 sec so far
Iteration 72329166: max diff=0.000000, 2386.91 sec so far
Iteration 72477671: max diff=0.000000, 2391.91 sec so far
Iteration 72629432: max diff=0.000000, 2396.92 sec so far
Iteration 72782327: max diff=0.000000, 2401.92 sec so far
Iteration 72934381: max diff=0.000000, 2406.92 sec so far
Iteration 73086357: max diff=0.000000, 2411.93 sec so far
Iteration 73238453: max diff=0.000000, 2416.93 sec so far
Iteration 73390311: max diff=0.000000, 2421.94 sec so far
Iteration 73539935: max diff=0.000000, 2426.94 sec so far
Iteration 73691300: max diff=0.000000, 2431.94 sec so far
Iteration 73844116: max diff=0.000000, 2436.95 sec so far
Iteration 73997331: max diff=0.000000, 2441.95 sec so far
Iteration 74148697: max diff=0.000000, 2446.96 sec so far
Iteration 74299876: max diff=0.000000, 2451.96 sec so far
Iteration 74451061: max diff=0.000000, 2456.96 sec so far
Iteration 74602394: max diff=0.000000, 2461.97 sec so far
Iteration 74753341: max diff=0.000000, 2466.97 sec so far
Iteration 74905495: max diff=0.000000, 2471.98 sec so far
Iteration 75055681: max diff=0.000000, 2476.98 sec so far
Iteration 75208883: max diff=0.000000, 2481.98 sec so far
Iteration 75359501: max diff=0.000000, 2486.99 sec so far
Iteration 75511178: max diff=0.000000, 2491.99 sec so far
Iteration 75663556: max diff=0.000000, 2497.00 sec so far
Iteration 75814090: max diff=0.000000, 2502.00 sec so far
Iteration 75965221: max diff=0.000000, 2507.00 sec so far
Iteration 76116597: max diff=0.000000, 2512.01 sec so far
Iteration 76267527: max diff=0.000000, 2517.01 sec so far
Iteration 76419221: max diff=0.000000, 2522.02 sec so far
Iteration 76569899: max diff=0.000000, 2527.02 sec so far
Iteration 76721466: max diff=0.000000, 2532.02 sec so far
Iteration 76872355: max diff=0.000000, 2537.03 sec so far
Iteration 77024595: max diff=0.000000, 2542.03 sec so far
Iteration 77177093: max diff=0.000000, 2547.04 sec so far
Iteration 77328241: max diff=0.000000, 2552.04 sec so far
Iteration 77479339: max diff=0.000000, 2557.04 sec so far
Iteration 77630497: max diff=0.000000, 2562.05 sec so far
Iteration 77782513: max diff=0.000000, 2567.05 sec so far
Iteration 77933220: max diff=0.000000, 2572.06 sec so far
Iteration 78084459: max diff=0.000000, 2577.06 sec so far
Iteration 78236086: max diff=0.000000, 2582.06 sec so far
Iteration 78384603: max diff=0.000000, 2587.07 sec so far
Iteration 78529724: max diff=0.000000, 2592.07 sec so far
Iteration 78675517: max diff=0.000000, 2597.08 sec so far
Iteration 78820240: max diff=0.000000, 2602.08 sec so far
Iteration 78963108: max diff=0.000000, 2607.08 sec so far
Iteration 79103812: max diff=0.000000, 2612.09 sec so far
Iteration 79247707: max diff=0.000000, 2617.09 sec so far
Iteration 79391760: max diff=0.000000, 2622.10 sec so far
Iteration 79536014: max diff=0.000000, 2627.10 sec so far
Iteration 79682465: max diff=0.000000, 2632.10 sec so far
Iteration 79827743: max diff=0.000000, 2637.11 sec so far
Iteration 79972552: max diff=0.000000, 2642.11 sec so far
Iteration 80119316: max diff=0.000000, 2647.12 sec so far
Iteration 80266568: max diff=0.000000, 2652.12 sec so far
Iteration 80412847: max diff=0.000000, 2657.12 sec so far
Iteration 80557310: max diff=0.000000, 2662.13 sec so far
Iteration 80702930: max diff=0.000000, 2667.13 sec so far
Iteration 80847013: max diff=0.000000, 2672.14 sec so far
Iteration 80994908: max diff=0.000000, 2677.14 sec so far
Iteration 81140101: max diff=0.000000, 2682.14 sec so far
Iteration 81283798: max diff=0.000000, 2687.15 sec so far
Iteration 81429156: max diff=0.000000, 2692.15 sec so far
Iteration 81573170: max diff=0.000000, 2697.16 sec so far
Iteration 81717833: max diff=0.000000, 2702.16 sec so far
Iteration 81864465: max diff=0.000000, 2707.16 sec so far
Iteration 82010715: max diff=0.000000, 2712.17 sec so far
Iteration 82156840: max diff=0.000000, 2717.17 sec so far
Iteration 82301308: max diff=0.000000, 2722.18 sec so far
Iteration 82447451: max diff=0.000000, 2727.18 sec so far
Iteration 82593410: max diff=0.000000, 2732.18 sec so far
Iteration 82740855: max diff=0.000000, 2737.19 sec so far
Iteration 82887228: max diff=0.000000, 2742.19 sec so far
Iteration 83033759: max diff=0.000000, 2747.20 sec so far
Iteration 83181420: max diff=0.000000, 2752.20 sec so far
Iteration 83327966: max diff=0.000000, 2757.20 sec so far
Iteration 83475937: max diff=0.000000, 2762.21 sec so far
Iteration 83622638: max diff=0.000000, 2767.21 sec so far
Iteration 83768352: max diff=0.000000, 2772.22 sec so far
Iteration 83913844: max diff=0.000000, 2777.22 sec so far
Iteration 84060575: max diff=0.000000, 2782.22 sec so far
Iteration 84208470: max diff=0.000000, 2787.23 sec so far
Iteration 84353839: max diff=0.000000, 2792.23 sec so far
Iteration 84500404: max diff=0.000000, 2797.24 sec so far
Iteration 84646796: max diff=0.000000, 2802.24 sec so far
Iteration 84793356: max diff=0.000000, 2807.24 sec so far
Iteration 84940099: max diff=0.000000, 2812.25 sec so far
Iteration 85087315: max diff=0.000000, 2817.25 sec so far
Iteration 85234596: max diff=0.000000, 2822.26 sec so far
Iteration 85382236: max diff=0.000000, 2827.26 sec so far
Iteration 85528567: max diff=0.000000, 2832.26 sec so far
Iteration 85675344: max diff=0.000000, 2837.27 sec so far
Iteration 85821815: max diff=0.000000, 2842.27 sec so far
Iteration 85968243: max diff=0.000000, 2847.28 sec so far
Iteration 86115056: max diff=0.000000, 2852.28 sec so far
Iteration 86261114: max diff=0.000000, 2857.28 sec so far
Iteration 86406424: max diff=0.000000, 2862.29 sec so far
Iteration 86553356: max diff=0.000000, 2867.29 sec so far
Iteration 86698927: max diff=0.000000, 2872.30 sec so far
Iteration 86844966: max diff=0.000000, 2877.30 sec so far
Iteration 86982311: max diff=0.000000, 2882.30 sec so far
Iteration 87120191: max diff=0.000000, 2887.31 sec so far
Iteration 87263629: max diff=0.000000, 2892.31 sec so far
Iteration 87408538: max diff=0.000000, 2897.32 sec so far
Iteration 87548486: max diff=0.000000, 2902.32 sec so far
Iteration 87672157: max diff=0.000000, 2907.32 sec so far
Iteration 87814290: max diff=0.000000, 2912.33 sec so far
Iteration 87959817: max diff=0.000000, 2917.33 sec so far
Iteration 88105041: max diff=0.000000, 2922.34 sec so far
Iteration 88251794: max diff=0.000000, 2927.34 sec so far
Iteration 88395805: max diff=0.000000, 2932.34 sec so far
Iteration 88537362: max diff=0.000000, 2937.35 sec so far
Iteration 88672927: max diff=0.000000, 2942.35 sec so far
Iteration 88812298: max diff=0.000000, 2947.36 sec so far
Iteration 88960024: max diff=0.000000, 2952.36 sec so far
Iteration 89105646: max diff=0.000000, 2957.36 sec so far
Iteration 89252193: max diff=0.000000, 2962.37 sec so far
Iteration 89397427: max diff=0.000000, 2967.37 sec so far
Iteration 89542394: max diff=0.000000, 2972.38 sec so far
Iteration 89686627: max diff=0.000000, 2977.38 sec so far
Iteration 89829556: max diff=0.000000, 2982.38 sec so far
Iteration 89974410: max diff=0.000000, 2987.39 sec so far
Iteration 90125471: max diff=0.000000, 2992.39 sec so far
Iteration 90278766: max diff=0.000000, 2997.40 sec so far
Iteration 90430885: max diff=0.000000, 3002.40 sec so far
Iteration 90583930: max diff=0.000000, 3007.40 sec so far
Iteration 90735582: max diff=0.000000, 3012.41 sec so far
Iteration 90887095: max diff=0.000000, 3017.41 sec so far
Iteration 91039740: max diff=0.000000, 3022.42 sec so far
Iteration 91189155: max diff=0.000000, 3027.42 sec so far
Iteration 91341725: max diff=0.000000, 3032.42 sec so far
Iteration 91494372: max diff=0.000000, 3037.43 sec so far
Iteration 91647551: max diff=0.000000, 3042.43 sec so far
Iteration 91800054: max diff=0.000000, 3047.44 sec so far
Iteration 91952947: max diff=0.000000, 3052.44 sec so far
Iteration 92106510: max diff=0.000000, 3057.44 sec so far
Iteration 92256387: max diff=0.000000, 3062.45 sec so far
Iteration 92408807: max diff=0.000000, 3067.45 sec so far
Iteration 92560399: max diff=0.000000, 3072.46 sec so far
Iteration 92711799: max diff=0.000000, 3077.46 sec so far
Iteration 92864671: max diff=0.000000, 3082.46 sec so far
Iteration 93016455: max diff=0.000000, 3087.47 sec so far
Iteration 93167908: max diff=0.000000, 3092.47 sec so far
Iteration 93319777: max diff=0.000000, 3097.48 sec so far
Iteration 93471396: max diff=0.000000, 3102.48 sec so far
Iteration 93622687: max diff=0.000000, 3107.48 sec so far
Iteration 93774619: max diff=0.000000, 3112.49 sec so far
Iteration 93926895: max diff=0.000000, 3117.49 sec so far
Iteration 94079636: max diff=0.000000, 3122.50 sec so far
Iteration 94231735: max diff=0.000000, 3127.50 sec so far
Iteration 94383458: max diff=0.000000, 3132.50 sec so far
Iteration 94536286: max diff=0.000000, 3137.51 sec so far
Iteration 94687532: max diff=0.000000, 3142.51 sec so far
Iteration 94839028: max diff=0.000000, 3147.52 sec so far
Iteration 94990966: max diff=0.000000, 3152.52 sec so far
Iteration 95142499: max diff=0.000000, 3157.52 sec so far
Iteration 95294353: max diff=0.000000, 3162.53 sec so far
Iteration 95446342: max diff=0.000000, 3167.53 sec so far
Iteration 95598901: max diff=0.000000, 3172.54 sec so far
Iteration 95750807: max diff=0.000000, 3177.54 sec so far
Iteration 95902140: max diff=0.000000, 3182.54 sec so far
Iteration 96054265: max diff=0.000000, 3187.55 sec so far
Iteration 96205335: max diff=0.000000, 3192.55 sec so far
Iteration 96358424: max diff=0.000000, 3197.56 sec so far
Iteration 96510431: max diff=0.000000, 3202.56 sec so far
Iteration 96662804: max diff=0.000000, 3207.56 sec so far
Iteration 96815102: max diff=0.000000, 3212.57 sec so far
Iteration 96966603: max diff=0.000000, 3217.57 sec so far
Iteration 97118088: max diff=0.000000, 3222.58 sec so far
Iteration 97269853: max diff=0.000000, 3227.58 sec so far
Iteration 97421702: max diff=0.000000, 3232.58 sec so far
Iteration 97573094: max diff=0.000000, 3237.59 sec so far
Iteration 97725792: max diff=0.000000, 3242.59 sec so far
Iteration 97877233: max diff=0.000000, 3247.60 sec so far
Iteration 98028448: max diff=0.000000, 3252.60 sec so far
Iteration 98180196: max diff=0.000000, 3257.60 sec so far
Iteration 98332812: max diff=0.000000, 3262.61 sec so far
Iteration 98485132: max diff=0.000000, 3267.61 sec so far
Iteration 98637697: max diff=0.000000, 3272.62 sec so far
Iteration 98789987: max diff=0.000000, 3277.62 sec so far
Iteration 98941360: max diff=0.000000, 3282.62 sec so far
Iteration 99090172: max diff=0.000000, 3287.63 sec so far
Iteration 99242570: max diff=0.000000, 3292.63 sec so far
Iteration 99394296: max diff=0.000000, 3297.64 sec so far
Iteration 99545293: max diff=0.000000, 3302.64 sec so far
Iteration 99696839: max diff=0.000000, 3307.64 sec so far
Iteration 99848113: max diff=0.000000, 3312.65 sec so far

Power method: 100000000 iterations in 3317.64 seconds (average 0.000033, setup 0.00)

Error: Iterative method did not converge within 100000000 iterations.
Consider using a different numerical method or increasing the maximum number of iterations.

