PRISM
=====

Version: 4.4
Date: Tue Jul 10 07:41:48 EDT 2018
Hostname: storm-eval
Memory limits: cudd=1g, java(heap)=910.5m
Command line: prism -hybrid -epsilon 5e-14 -maxiters 100000000 -power -absolute -const k=2000 ../../CZK_project/Model/benchmark/devel/firstRejuvenation/firstRejuvenation_CTMC.pm -ss -exportss ../../CZK_project/Output/firstRejuvenation_1E-10_dynamic/hybrid/ph_2000_1E-10

Parsing model file "../../CZK_project/Model/benchmark/devel/firstRejuvenation/firstRejuvenation_CTMC.pm"...

Type:        CTMC
Modules:     firstRejuvenation trigger 
Variables:   status avail maintenance i 

---------------------------------------------------------------------

Computing steady-state probabilities...

Building model...
Model constants: k=2000

Computing reachable states...

Reachability (BFS): 4001 iterations in 0.10 seconds (average 0.000026, setup 0.00)

Time for model construction: 0.361 seconds.

Type:        CTMC
States:      10000 (1 initial)
Transitions: 14000

Rate matrix: 378 nodes (7 terminal), 14000 minterms, vars: 15r/15c

SCCs: 1, BSCCs: 1, non-BSCC states: 0
BSCC sizes: 1:10000

Initial states all in one BSCC (so no reachability probabilities computed)

Computing probabilities...
Engine: Hybrid

Building power method iteration matrix MTBDD... [nodes=442] [8.6 Kb]
Building hybrid MTBDD matrix... [levels=15, nodes=498] [23.3 KB]
Adding explicit sparse matrices... [levels=15, num=1, compact] [103.6 KB]
Allocating iteration vectors... [2 x 78.1 KB]
TOTAL: [283.2 KB]

Starting iterations...
Iteration 74892: max diff=0.000001, 5.00 sec so far
Iteration 149362: max diff=0.000001, 10.01 sec so far
Iteration 223760: max diff=0.000000, 15.01 sec so far
Iteration 297965: max diff=0.000000, 20.02 sec so far
Iteration 372642: max diff=0.000000, 25.02 sec so far
Iteration 447219: max diff=0.000000, 30.02 sec so far
Iteration 521720: max diff=0.000000, 35.03 sec so far
Iteration 595685: max diff=0.000000, 40.03 sec so far
Iteration 670852: max diff=0.000000, 45.04 sec so far
Iteration 745664: max diff=0.000000, 50.04 sec so far
Iteration 818913: max diff=0.000000, 55.04 sec so far
Iteration 893409: max diff=0.000000, 60.05 sec so far
Iteration 968300: max diff=0.000000, 65.05 sec so far
Iteration 1043025: max diff=0.000000, 70.06 sec so far
Iteration 1117792: max diff=0.000000, 75.06 sec so far
Iteration 1193004: max diff=0.000000, 80.06 sec so far
Iteration 1267959: max diff=0.000000, 85.07 sec so far
Iteration 1342730: max diff=0.000000, 90.07 sec so far
Iteration 1417664: max diff=0.000000, 95.08 sec so far
Iteration 1492350: max diff=0.000000, 100.08 sec so far
Iteration 1567300: max diff=0.000000, 105.08 sec so far
Iteration 1642062: max diff=0.000000, 110.09 sec so far
Iteration 1716688: max diff=0.000000, 115.09 sec so far
Iteration 1791418: max diff=0.000000, 120.10 sec so far
Iteration 1863527: max diff=0.000000, 125.10 sec so far
Iteration 1938496: max diff=0.000000, 130.10 sec so far
Iteration 2013526: max diff=0.000000, 135.11 sec so far
Iteration 2088388: max diff=0.000000, 140.11 sec so far
Iteration 2163208: max diff=0.000000, 145.12 sec so far
Iteration 2237767: max diff=0.000000, 150.12 sec so far
Iteration 2312723: max diff=0.000000, 155.12 sec so far
Iteration 2387824: max diff=0.000000, 160.13 sec so far
Iteration 2462591: max diff=0.000000, 165.13 sec so far
Iteration 2537306: max diff=0.000000, 170.14 sec so far
Iteration 2612150: max diff=0.000000, 175.14 sec so far
Iteration 2686792: max diff=0.000000, 180.14 sec so far
Iteration 2761498: max diff=0.000000, 185.15 sec so far
Iteration 2836565: max diff=0.000000, 190.15 sec so far
Iteration 2911391: max diff=0.000000, 195.16 sec so far
Iteration 2986257: max diff=0.000000, 200.16 sec so far
Iteration 3060947: max diff=0.000000, 205.16 sec so far
Iteration 3135897: max diff=0.000000, 210.17 sec so far
Iteration 3210937: max diff=0.000000, 215.17 sec so far
Iteration 3285615: max diff=0.000000, 220.18 sec so far
Iteration 3360383: max diff=0.000000, 225.18 sec so far
Iteration 3435126: max diff=0.000000, 230.18 sec so far
Iteration 3510136: max diff=0.000000, 235.19 sec so far
Iteration 3584799: max diff=0.000000, 240.19 sec so far
Iteration 3659453: max diff=0.000000, 245.20 sec so far
Iteration 3734049: max diff=0.000000, 250.20 sec so far
Iteration 3806501: max diff=0.000000, 255.20 sec so far
Iteration 3880582: max diff=0.000000, 260.21 sec so far
Iteration 3954952: max diff=0.000000, 265.21 sec so far
Iteration 4028659: max diff=0.000000, 270.22 sec so far
Iteration 4102410: max diff=0.000000, 275.22 sec so far
Iteration 4177008: max diff=0.000000, 280.22 sec so far
Iteration 4251384: max diff=0.000000, 285.23 sec so far
Iteration 4326402: max diff=0.000000, 290.23 sec so far
Iteration 4400884: max diff=0.000000, 295.24 sec so far
Iteration 4474455: max diff=0.000000, 300.24 sec so far
Iteration 4549256: max diff=0.000000, 305.24 sec so far
Iteration 4624047: max diff=0.000000, 310.25 sec so far
Iteration 4698688: max diff=0.000000, 315.25 sec so far
Iteration 4773334: max diff=0.000000, 320.26 sec so far
Iteration 4847936: max diff=0.000000, 325.26 sec so far
Iteration 4922499: max diff=0.000000, 330.26 sec so far
Iteration 4996511: max diff=0.000000, 335.27 sec so far
Iteration 5070710: max diff=0.000000, 340.27 sec so far
Iteration 5145136: max diff=0.000000, 345.28 sec so far
Iteration 5219000: max diff=0.000000, 350.28 sec so far
Iteration 5293187: max diff=0.000000, 355.28 sec so far
Iteration 5368014: max diff=0.000000, 360.29 sec so far
Iteration 5443266: max diff=0.000000, 365.29 sec so far
Iteration 5518635: max diff=0.000000, 370.30 sec so far
Iteration 5594182: max diff=0.000000, 375.30 sec so far
Iteration 5669833: max diff=0.000000, 380.30 sec so far
Iteration 5745269: max diff=0.000000, 385.31 sec so far
Iteration 5821039: max diff=0.000000, 390.31 sec so far
Iteration 5895844: max diff=0.000000, 395.32 sec so far
Iteration 5970246: max diff=0.000000, 400.32 sec so far
Iteration 6044900: max diff=0.000000, 405.32 sec so far
Iteration 6119236: max diff=0.000000, 410.33 sec so far
Iteration 6193722: max diff=0.000000, 415.33 sec so far
Iteration 6268115: max diff=0.000000, 420.34 sec so far
Iteration 6343149: max diff=0.000000, 425.34 sec so far
Iteration 6418048: max diff=0.000000, 430.34 sec so far
Iteration 6493061: max diff=0.000000, 435.35 sec so far
Iteration 6567369: max diff=0.000000, 440.35 sec so far
Iteration 6641932: max diff=0.000000, 445.36 sec so far
Iteration 6716730: max diff=0.000000, 450.36 sec so far
Iteration 6791780: max diff=0.000000, 455.36 sec so far
Iteration 6866529: max diff=0.000000, 460.37 sec so far
Iteration 6940924: max diff=0.000000, 465.37 sec so far
Iteration 7015498: max diff=0.000000, 470.38 sec so far
Iteration 7090160: max diff=0.000000, 475.38 sec so far
Iteration 7164648: max diff=0.000000, 480.38 sec so far
Iteration 7239724: max diff=0.000000, 485.39 sec so far
Iteration 7315430: max diff=0.000000, 490.39 sec so far
Iteration 7389929: max diff=0.000000, 495.40 sec so far
Iteration 7465639: max diff=0.000000, 500.40 sec so far
Iteration 7541646: max diff=0.000000, 505.40 sec so far
Iteration 7616944: max diff=0.000000, 510.41 sec so far
Iteration 7692512: max diff=0.000000, 515.41 sec so far
Iteration 7768329: max diff=0.000000, 520.42 sec so far
Iteration 7843391: max diff=0.000000, 525.42 sec so far
Iteration 7918403: max diff=0.000000, 530.42 sec so far
Iteration 7993452: max diff=0.000000, 535.43 sec so far
Iteration 8067223: max diff=0.000000, 540.43 sec so far
Iteration 8141934: max diff=0.000000, 545.44 sec so far
Iteration 8217365: max diff=0.000000, 550.44 sec so far
Iteration 8292931: max diff=0.000000, 555.44 sec so far
Iteration 8368592: max diff=0.000000, 560.45 sec so far
Iteration 8444607: max diff=0.000000, 565.45 sec so far
Iteration 8520255: max diff=0.000000, 570.46 sec so far
Iteration 8595378: max diff=0.000000, 575.46 sec so far
Iteration 8670244: max diff=0.000000, 580.46 sec so far
Iteration 8745315: max diff=0.000000, 585.47 sec so far
Iteration 8820751: max diff=0.000000, 590.47 sec so far
Iteration 8895380: max diff=0.000000, 595.48 sec so far
Iteration 8970033: max diff=0.000000, 600.48 sec so far
Iteration 9045136: max diff=0.000000, 605.48 sec so far
Iteration 9121093: max diff=0.000000, 610.49 sec so far
Iteration 9196849: max diff=0.000000, 615.49 sec so far
Iteration 9272616: max diff=0.000000, 620.50 sec so far
Iteration 9348080: max diff=0.000000, 625.50 sec so far
Iteration 9423526: max diff=0.000000, 630.50 sec so far
Iteration 9499042: max diff=0.000000, 635.51 sec so far
Iteration 9574215: max diff=0.000000, 640.51 sec so far
Iteration 9649895: max diff=0.000000, 645.52 sec so far
Iteration 9724238: max diff=0.000000, 650.52 sec so far
Iteration 9799160: max diff=0.000000, 655.52 sec so far
Iteration 9874035: max diff=0.000000, 660.53 sec so far
Iteration 9949660: max diff=0.000000, 665.53 sec so far
Iteration 10025214: max diff=0.000000, 670.54 sec so far
Iteration 10100193: max diff=0.000000, 675.54 sec so far
Iteration 10175508: max diff=0.000000, 680.54 sec so far
Iteration 10251126: max diff=0.000000, 685.55 sec so far
Iteration 10326435: max diff=0.000000, 690.55 sec so far
Iteration 10402157: max diff=0.000000, 695.56 sec so far
Iteration 10477564: max diff=0.000000, 700.56 sec so far
Iteration 10552946: max diff=0.000000, 705.56 sec so far
Iteration 10628835: max diff=0.000000, 710.57 sec so far
Iteration 10704300: max diff=0.000000, 715.57 sec so far
Iteration 10780112: max diff=0.000000, 720.58 sec so far
Iteration 10856188: max diff=0.000000, 725.58 sec so far
Iteration 10932393: max diff=0.000000, 730.58 sec so far
Iteration 11007297: max diff=0.000000, 735.59 sec so far
Iteration 11082060: max diff=0.000000, 740.59 sec so far
Iteration 11156637: max diff=0.000000, 745.60 sec so far
Iteration 11231757: max diff=0.000000, 750.60 sec so far
Iteration 11307405: max diff=0.000000, 755.60 sec so far
Iteration 11382393: max diff=0.000000, 760.61 sec so far
Iteration 11457881: max diff=0.000000, 765.61 sec so far
Iteration 11533115: max diff=0.000000, 770.62 sec so far
Iteration 11608683: max diff=0.000000, 775.62 sec so far
Iteration 11683967: max diff=0.000000, 780.62 sec so far
Iteration 11759643: max diff=0.000000, 785.63 sec so far
Iteration 11835213: max diff=0.000000, 790.63 sec so far
Iteration 11910465: max diff=0.000000, 795.64 sec so far
Iteration 11986235: max diff=0.000000, 800.64 sec so far
Iteration 12061276: max diff=0.000000, 805.64 sec so far
Iteration 12135891: max diff=0.000000, 810.65 sec so far
Iteration 12210842: max diff=0.000000, 815.65 sec so far
Iteration 12285722: max diff=0.000000, 820.66 sec so far
Iteration 12361198: max diff=0.000000, 825.66 sec so far
Iteration 12436336: max diff=0.000000, 830.66 sec so far
Iteration 12511841: max diff=0.000000, 835.67 sec so far
Iteration 12587646: max diff=0.000000, 840.67 sec so far
Iteration 12663437: max diff=0.000000, 845.68 sec so far
Iteration 12738847: max diff=0.000000, 850.68 sec so far
Iteration 12814327: max diff=0.000000, 855.68 sec so far
Iteration 12890131: max diff=0.000000, 860.69 sec so far
Iteration 12964789: max diff=0.000000, 865.69 sec so far
Iteration 13040385: max diff=0.000000, 870.70 sec so far
Iteration 13114833: max diff=0.000000, 875.70 sec so far
Iteration 13188912: max diff=0.000000, 880.70 sec so far
Iteration 13263672: max diff=0.000000, 885.71 sec so far
Iteration 13339529: max diff=0.000000, 890.71 sec so far
Iteration 13415171: max diff=0.000000, 895.72 sec so far
Iteration 13490843: max diff=0.000000, 900.72 sec so far
Iteration 13566783: max diff=0.000000, 905.72 sec so far
Iteration 13642020: max diff=0.000000, 910.73 sec so far
Iteration 13717484: max diff=0.000000, 915.73 sec so far
Iteration 13793049: max diff=0.000000, 920.74 sec so far
Iteration 13868497: max diff=0.000000, 925.74 sec so far
Iteration 13943924: max diff=0.000000, 930.74 sec so far
Iteration 14019947: max diff=0.000000, 935.75 sec so far
Iteration 14095651: max diff=0.000000, 940.75 sec so far
Iteration 14171393: max diff=0.000000, 945.76 sec so far
Iteration 14246951: max diff=0.000000, 950.76 sec so far
Iteration 14322511: max diff=0.000000, 955.76 sec so far
Iteration 14398092: max diff=0.000000, 960.77 sec so far
Iteration 14474094: max diff=0.000000, 965.77 sec so far
Iteration 14549586: max diff=0.000000, 970.78 sec so far
Iteration 14624780: max diff=0.000000, 975.78 sec so far
Iteration 14700144: max diff=0.000000, 980.78 sec so far
Iteration 14775635: max diff=0.000000, 985.79 sec so far
Iteration 14851407: max diff=0.000000, 990.79 sec so far
Iteration 14927511: max diff=0.000000, 995.80 sec so far
Iteration 15003057: max diff=0.000000, 1000.80 sec so far
Iteration 15078975: max diff=0.000000, 1005.80 sec so far
Iteration 15154824: max diff=0.000000, 1010.81 sec so far
Iteration 15230102: max diff=0.000000, 1015.81 sec so far
Iteration 15305654: max diff=0.000000, 1020.82 sec so far
Iteration 15381616: max diff=0.000000, 1025.82 sec so far
Iteration 15457366: max diff=0.000000, 1030.82 sec so far
Iteration 15532975: max diff=0.000000, 1035.83 sec so far
Iteration 15608853: max diff=0.000000, 1040.83 sec so far
Iteration 15684712: max diff=0.000000, 1045.84 sec so far
Iteration 15759946: max diff=0.000000, 1050.84 sec so far
Iteration 15835581: max diff=0.000000, 1055.84 sec so far
Iteration 15910950: max diff=0.000000, 1060.85 sec so far
Iteration 15985861: max diff=0.000000, 1065.85 sec so far
Iteration 16060016: max diff=0.000000, 1070.86 sec so far
Iteration 16134627: max diff=0.000000, 1075.86 sec so far
Iteration 16209582: max diff=0.000000, 1080.86 sec so far
Iteration 16284157: max diff=0.000000, 1085.87 sec so far
Iteration 16358604: max diff=0.000000, 1090.87 sec so far
Iteration 16432771: max diff=0.000000, 1095.88 sec so far
Iteration 16506868: max diff=0.000000, 1100.88 sec so far
Iteration 16580643: max diff=0.000000, 1105.88 sec so far
Iteration 16653310: max diff=0.000000, 1110.89 sec so far
Iteration 16725881: max diff=0.000000, 1115.89 sec so far
Iteration 16800516: max diff=0.000000, 1120.90 sec so far
Iteration 16875379: max diff=0.000000, 1125.90 sec so far
Iteration 16949892: max diff=0.000000, 1130.90 sec so far
Iteration 17024363: max diff=0.000000, 1135.91 sec so far
Iteration 17099040: max diff=0.000000, 1140.91 sec so far
Iteration 17173287: max diff=0.000000, 1145.92 sec so far
Iteration 17247579: max diff=0.000000, 1150.92 sec so far
Iteration 17322353: max diff=0.000000, 1155.92 sec so far
Iteration 17396996: max diff=0.000000, 1160.93 sec so far
Iteration 17471587: max diff=0.000000, 1165.93 sec so far
Iteration 17545757: max diff=0.000000, 1170.94 sec so far
Iteration 17620598: max diff=0.000000, 1175.94 sec so far
Iteration 17694957: max diff=0.000000, 1180.94 sec so far
Iteration 17769548: max diff=0.000000, 1185.95 sec so far
Iteration 17844331: max diff=0.000000, 1190.95 sec so far
Iteration 17918905: max diff=0.000000, 1195.96 sec so far
Iteration 17993521: max diff=0.000000, 1200.96 sec so far
Iteration 18067726: max diff=0.000000, 1205.96 sec so far
Iteration 18142277: max diff=0.000000, 1210.97 sec so far
Iteration 18216316: max diff=0.000000, 1215.97 sec so far
Iteration 18290662: max diff=0.000000, 1220.98 sec so far
Iteration 18365050: max diff=0.000000, 1225.98 sec so far
Iteration 18439511: max diff=0.000000, 1230.98 sec so far
Iteration 18514130: max diff=0.000000, 1235.99 sec so far
Iteration 18588971: max diff=0.000000, 1240.99 sec so far
Iteration 18663828: max diff=0.000000, 1246.00 sec so far
Iteration 18738718: max diff=0.000000, 1251.00 sec so far
Iteration 18813305: max diff=0.000000, 1256.00 sec so far
Iteration 18888006: max diff=0.000000, 1261.01 sec so far
Iteration 18962752: max diff=0.000000, 1266.01 sec so far
Iteration 19037496: max diff=0.000000, 1271.02 sec so far
Iteration 19112194: max diff=0.000000, 1276.02 sec so far
Iteration 19186756: max diff=0.000000, 1281.02 sec so far
Iteration 19261351: max diff=0.000000, 1286.03 sec so far
Iteration 19335975: max diff=0.000000, 1291.03 sec so far
Iteration 19410526: max diff=0.000000, 1296.04 sec so far
Iteration 19485032: max diff=0.000000, 1301.04 sec so far
Iteration 19560219: max diff=0.000000, 1306.04 sec so far
Iteration 19635712: max diff=0.000000, 1311.05 sec so far
Iteration 19711152: max diff=0.000000, 1316.05 sec so far
Iteration 19786631: max diff=0.000000, 1321.06 sec so far
Iteration 19862310: max diff=0.000000, 1326.06 sec so far
Iteration 19938222: max diff=0.000000, 1331.06 sec so far
Iteration 20013697: max diff=0.000000, 1336.07 sec so far
Iteration 20089530: max diff=0.000000, 1341.07 sec so far
Iteration 20164974: max diff=0.000000, 1346.08 sec so far
Iteration 20240288: max diff=0.000000, 1351.08 sec so far
Iteration 20315787: max diff=0.000000, 1356.08 sec so far
Iteration 20390593: max diff=0.000000, 1361.09 sec so far
Iteration 20465391: max diff=0.000000, 1366.09 sec so far
Iteration 20538955: max diff=0.000000, 1371.10 sec so far
Iteration 20613594: max diff=0.000000, 1376.10 sec so far
Iteration 20688774: max diff=0.000000, 1381.10 sec so far
Iteration 20763618: max diff=0.000000, 1386.11 sec so far
Iteration 20838730: max diff=0.000000, 1391.11 sec so far
Iteration 20914166: max diff=0.000000, 1396.12 sec so far
Iteration 20989162: max diff=0.000000, 1401.12 sec so far
Iteration 21064233: max diff=0.000000, 1406.12 sec so far
Iteration 21139498: max diff=0.000000, 1411.13 sec so far
Iteration 21215044: max diff=0.000000, 1416.13 sec so far
Iteration 21289862: max diff=0.000000, 1421.14 sec so far
Iteration 21364912: max diff=0.000000, 1426.14 sec so far
Iteration 21440677: max diff=0.000000, 1431.14 sec so far
Iteration 21516430: max diff=0.000000, 1436.15 sec so far
Iteration 21591109: max diff=0.000000, 1441.15 sec so far
Iteration 21665389: max diff=0.000000, 1446.16 sec so far
Iteration 21739643: max diff=0.000000, 1451.16 sec so far
Iteration 21814696: max diff=0.000000, 1456.16 sec so far
Iteration 21889606: max diff=0.000000, 1461.17 sec so far
Iteration 21965078: max diff=0.000000, 1466.17 sec so far
Iteration 22040241: max diff=0.000000, 1471.18 sec so far
Iteration 22114962: max diff=0.000000, 1476.18 sec so far
Iteration 22190140: max diff=0.000000, 1481.18 sec so far
Iteration 22264981: max diff=0.000000, 1486.19 sec so far
Iteration 22340277: max diff=0.000000, 1491.19 sec so far
Iteration 22415233: max diff=0.000000, 1496.20 sec so far
Iteration 22490689: max diff=0.000000, 1501.20 sec so far
Iteration 22566365: max diff=0.000000, 1506.20 sec so far
Iteration 22641686: max diff=0.000000, 1511.21 sec so far
Iteration 22717083: max diff=0.000000, 1516.21 sec so far
Iteration 22792001: max diff=0.000000, 1521.22 sec so far
Iteration 22867388: max diff=0.000000, 1526.22 sec so far
Iteration 22943018: max diff=0.000000, 1531.22 sec so far
Iteration 23018714: max diff=0.000000, 1536.23 sec so far
Iteration 23094265: max diff=0.000000, 1541.23 sec so far
Iteration 23170466: max diff=0.000000, 1546.24 sec so far
Iteration 23245974: max diff=0.000000, 1551.24 sec so far
Iteration 23321722: max diff=0.000000, 1556.24 sec so far
Iteration 23397060: max diff=0.000000, 1561.25 sec so far
Iteration 23471978: max diff=0.000000, 1566.25 sec so far
Iteration 23547937: max diff=0.000000, 1571.26 sec so far
Iteration 23623750: max diff=0.000000, 1576.26 sec so far
Iteration 23698243: max diff=0.000000, 1581.26 sec so far
Iteration 23773924: max diff=0.000000, 1586.27 sec so far
Iteration 23849258: max diff=0.000000, 1591.27 sec so far
Iteration 23924551: max diff=0.000000, 1596.28 sec so far
Iteration 23999695: max diff=0.000000, 1601.28 sec so far
Iteration 24075399: max diff=0.000000, 1606.28 sec so far
Iteration 24150919: max diff=0.000000, 1611.29 sec so far
Iteration 24226625: max diff=0.000000, 1616.29 sec so far
Iteration 24301985: max diff=0.000000, 1621.30 sec so far
Iteration 24377712: max diff=0.000000, 1626.30 sec so far
Iteration 24453232: max diff=0.000000, 1631.30 sec so far
Iteration 24528624: max diff=0.000000, 1636.31 sec so far
Iteration 24604461: max diff=0.000000, 1641.31 sec so far
Iteration 24679968: max diff=0.000000, 1646.32 sec so far
Iteration 24753926: max diff=0.000000, 1651.32 sec so far
Iteration 24829732: max diff=0.000000, 1656.32 sec so far
Iteration 24905339: max diff=0.000000, 1661.33 sec so far
Iteration 24981097: max diff=0.000000, 1666.33 sec so far
Iteration 25056867: max diff=0.000000, 1671.34 sec so far
Iteration 25132032: max diff=0.000000, 1676.34 sec so far
Iteration 25207162: max diff=0.000000, 1681.34 sec so far
Iteration 25282555: max diff=0.000000, 1686.35 sec so far
Iteration 25358479: max diff=0.000000, 1691.35 sec so far
Iteration 25434202: max diff=0.000000, 1696.36 sec so far
Iteration 25509844: max diff=0.000000, 1701.36 sec so far
Iteration 25585376: max diff=0.000000, 1706.36 sec so far
Iteration 25660936: max diff=0.000000, 1711.37 sec so far
Iteration 25736400: max diff=0.000000, 1716.37 sec so far
Iteration 25811951: max diff=0.000000, 1721.38 sec so far
Iteration 25887968: max diff=0.000000, 1726.38 sec so far
Iteration 25962867: max diff=0.000000, 1731.38 sec so far
Iteration 26038388: max diff=0.000000, 1736.39 sec so far
Iteration 26113876: max diff=0.000000, 1741.39 sec so far
Iteration 26189685: max diff=0.000000, 1746.40 sec so far
Iteration 26265262: max diff=0.000000, 1751.40 sec so far
Iteration 26340655: max diff=0.000000, 1756.40 sec so far
Iteration 26416390: max diff=0.000000, 1761.41 sec so far
Iteration 26491990: max diff=0.000000, 1766.41 sec so far
Iteration 26567500: max diff=0.000000, 1771.42 sec so far
Iteration 26643043: max diff=0.000000, 1776.42 sec so far
Iteration 26718921: max diff=0.000000, 1781.42 sec so far
Iteration 26794318: max diff=0.000000, 1786.43 sec so far
Iteration 26870115: max diff=0.000000, 1791.43 sec so far
Iteration 26945482: max diff=0.000000, 1796.44 sec so far
Iteration 27021113: max diff=0.000000, 1801.44 sec so far
Iteration 27096691: max diff=0.000000, 1806.44 sec so far
Iteration 27172229: max diff=0.000000, 1811.45 sec so far
Iteration 27247788: max diff=0.000000, 1816.45 sec so far
Iteration 27322723: max diff=0.000000, 1821.46 sec so far
Iteration 27398774: max diff=0.000000, 1826.46 sec so far
Iteration 27474151: max diff=0.000000, 1831.46 sec so far
Iteration 27549738: max diff=0.000000, 1836.47 sec so far
Iteration 27624975: max diff=0.000000, 1841.47 sec so far
Iteration 27700690: max diff=0.000000, 1846.48 sec so far
Iteration 27776556: max diff=0.000000, 1851.48 sec so far
Iteration 27852072: max diff=0.000000, 1856.48 sec so far
Iteration 27927734: max diff=0.000000, 1861.49 sec so far
Iteration 28003402: max diff=0.000000, 1866.49 sec so far
Iteration 28079143: max diff=0.000000, 1871.50 sec so far
Iteration 28154739: max diff=0.000000, 1876.50 sec so far
Iteration 28230312: max diff=0.000000, 1881.50 sec so far
Iteration 28305793: max diff=0.000000, 1886.51 sec so far
Iteration 28381385: max diff=0.000000, 1891.51 sec so far
Iteration 28457321: max diff=0.000000, 1896.52 sec so far
Iteration 28533037: max diff=0.000000, 1901.52 sec so far
Iteration 28609504: max diff=0.000000, 1906.52 sec so far
Iteration 28684750: max diff=0.000000, 1911.53 sec so far
Iteration 28760420: max diff=0.000000, 1916.53 sec so far
Iteration 28835475: max diff=0.000000, 1921.54 sec so far
Iteration 28910489: max diff=0.000000, 1926.54 sec so far
Iteration 28985144: max diff=0.000000, 1931.54 sec so far
Iteration 29059112: max diff=0.000000, 1936.55 sec so far
Iteration 29134051: max diff=0.000000, 1941.55 sec so far
Iteration 29209579: max diff=0.000000, 1946.56 sec so far
Iteration 29285081: max diff=0.000000, 1951.56 sec so far
Iteration 29360785: max diff=0.000000, 1956.56 sec so far
Iteration 29436658: max diff=0.000000, 1961.57 sec so far
Iteration 29512666: max diff=0.000000, 1966.57 sec so far
Iteration 29588133: max diff=0.000000, 1971.58 sec so far
Iteration 29663377: max diff=0.000000, 1976.58 sec so far
Iteration 29738587: max diff=0.000000, 1981.58 sec so far
Iteration 29813879: max diff=0.000000, 1986.59 sec so far
Iteration 29889138: max diff=0.000000, 1991.59 sec so far
Iteration 29964929: max diff=0.000000, 1996.60 sec so far
Iteration 30040529: max diff=0.000000, 2001.60 sec so far
Iteration 30116211: max diff=0.000000, 2006.60 sec so far
Iteration 30191805: max diff=0.000000, 2011.61 sec so far
Iteration 30268034: max diff=0.000000, 2016.61 sec so far
Iteration 30343188: max diff=0.000000, 2021.62 sec so far
Iteration 30418838: max diff=0.000000, 2026.62 sec so far
Iteration 30494435: max diff=0.000000, 2031.62 sec so far
Iteration 30570144: max diff=0.000000, 2036.63 sec so far
Iteration 30645489: max diff=0.000000, 2041.63 sec so far
Iteration 30720198: max diff=0.000000, 2046.64 sec so far
Iteration 30794821: max diff=0.000000, 2051.64 sec so far
Iteration 30869889: max diff=0.000000, 2056.64 sec so far
Iteration 30945039: max diff=0.000000, 2061.65 sec so far
Iteration 31020130: max diff=0.000000, 2066.65 sec so far
Iteration 31095058: max diff=0.000000, 2071.66 sec so far
Iteration 31170718: max diff=0.000000, 2076.66 sec so far
Iteration 31246201: max diff=0.000000, 2081.66 sec so far
Iteration 31321809: max diff=0.000000, 2086.67 sec so far
Iteration 31396785: max diff=0.000000, 2091.67 sec so far
Iteration 31472640: max diff=0.000000, 2096.68 sec so far
Iteration 31548137: max diff=0.000000, 2101.68 sec so far
Iteration 31623077: max diff=0.000000, 2106.68 sec so far
Iteration 31698404: max diff=0.000000, 2111.69 sec so far
Iteration 31774319: max diff=0.000000, 2116.69 sec so far
Iteration 31850326: max diff=0.000000, 2121.70 sec so far
Iteration 31926123: max diff=0.000000, 2126.70 sec so far
Iteration 32001300: max diff=0.000000, 2131.70 sec so far
Iteration 32076488: max diff=0.000000, 2136.71 sec so far
Iteration 32151958: max diff=0.000000, 2141.71 sec so far
Iteration 32227683: max diff=0.000000, 2146.72 sec so far
Iteration 32303322: max diff=0.000000, 2151.72 sec so far
Iteration 32378613: max diff=0.000000, 2156.72 sec so far
Iteration 32454246: max diff=0.000000, 2161.73 sec so far
Iteration 32529656: max diff=0.000000, 2166.73 sec so far
Iteration 32605152: max diff=0.000000, 2171.74 sec so far
Iteration 32680701: max diff=0.000000, 2176.74 sec so far
Iteration 32756308: max diff=0.000000, 2181.74 sec so far
Iteration 32831872: max diff=0.000000, 2186.75 sec so far
Iteration 32907078: max diff=0.000000, 2191.75 sec so far
Iteration 32982360: max diff=0.000000, 2196.76 sec so far
Iteration 33057753: max diff=0.000000, 2201.76 sec so far
Iteration 33132995: max diff=0.000000, 2206.76 sec so far
Iteration 33208266: max diff=0.000000, 2211.77 sec so far
Iteration 33283918: max diff=0.000000, 2216.77 sec so far
Iteration 33359342: max diff=0.000000, 2221.78 sec so far
Iteration 33435179: max diff=0.000000, 2226.78 sec so far
Iteration 33510067: max diff=0.000000, 2231.78 sec so far
Iteration 33584243: max diff=0.000000, 2236.79 sec so far
Iteration 33658230: max diff=0.000000, 2241.79 sec so far
Iteration 33733687: max diff=0.000000, 2246.80 sec so far
Iteration 33808978: max diff=0.000000, 2251.80 sec so far
Iteration 33884748: max diff=0.000000, 2256.80 sec so far
Iteration 33960139: max diff=0.000000, 2261.81 sec so far
Iteration 34035490: max diff=0.000000, 2266.81 sec so far
Iteration 34111193: max diff=0.000000, 2271.82 sec so far
Iteration 34186347: max diff=0.000000, 2276.82 sec so far
Iteration 34262010: max diff=0.000000, 2281.82 sec so far
Iteration 34337507: max diff=0.000000, 2286.83 sec so far
Iteration 34413175: max diff=0.000000, 2291.83 sec so far
Iteration 34488655: max diff=0.000000, 2296.84 sec so far
Iteration 34564132: max diff=0.000000, 2301.84 sec so far
Iteration 34639756: max diff=0.000000, 2306.84 sec so far
Iteration 34714939: max diff=0.000000, 2311.85 sec so far
Iteration 34790532: max diff=0.000000, 2316.85 sec so far
Iteration 34865848: max diff=0.000000, 2321.86 sec so far
Iteration 34940945: max diff=0.000000, 2326.86 sec so far
Iteration 35016319: max diff=0.000000, 2331.86 sec so far
Iteration 35091680: max diff=0.000000, 2336.87 sec so far
Iteration 35166998: max diff=0.000000, 2341.87 sec so far
Iteration 35242856: max diff=0.000000, 2346.88 sec so far
Iteration 35318443: max diff=0.000000, 2351.88 sec so far
Iteration 35393784: max diff=0.000000, 2356.88 sec so far
Iteration 35469230: max diff=0.000000, 2361.89 sec so far
Iteration 35544635: max diff=0.000000, 2366.89 sec so far
Iteration 35620206: max diff=0.000000, 2371.90 sec so far
Iteration 35695559: max diff=0.000000, 2376.90 sec so far
Iteration 35770865: max diff=0.000000, 2381.90 sec so far
Iteration 35846246: max diff=0.000000, 2386.91 sec so far
Iteration 35921621: max diff=0.000000, 2391.91 sec so far
Iteration 35997256: max diff=0.000000, 2396.92 sec so far
Iteration 36072517: max diff=0.000000, 2401.92 sec so far
Iteration 36146995: max diff=0.000000, 2406.92 sec so far
Iteration 36222157: max diff=0.000000, 2411.93 sec so far
Iteration 36297340: max diff=0.000000, 2416.93 sec so far
Iteration 36372624: max diff=0.000000, 2421.94 sec so far
Iteration 36447622: max diff=0.000000, 2426.94 sec so far
Iteration 36523016: max diff=0.000000, 2431.94 sec so far
Iteration 36598762: max diff=0.000000, 2436.95 sec so far
Iteration 36674316: max diff=0.000000, 2441.95 sec so far
Iteration 36750007: max diff=0.000000, 2446.96 sec so far
Iteration 36825620: max diff=0.000000, 2451.96 sec so far
Iteration 36901066: max diff=0.000000, 2456.96 sec so far
Iteration 36976529: max diff=0.000000, 2461.97 sec so far
Iteration 37051971: max diff=0.000000, 2466.97 sec so far
Iteration 37127091: max diff=0.000000, 2471.98 sec so far
Iteration 37202569: max diff=0.000000, 2476.98 sec so far
Iteration 37278323: max diff=0.000000, 2481.98 sec so far
Iteration 37353852: max diff=0.000000, 2486.99 sec so far
Iteration 37429254: max diff=0.000000, 2491.99 sec so far
Iteration 37504512: max diff=0.000000, 2497.00 sec so far
Iteration 37580232: max diff=0.000000, 2502.00 sec so far
Iteration 37655552: max diff=0.000000, 2507.00 sec so far
Iteration 37731367: max diff=0.000000, 2512.01 sec so far
Iteration 37806738: max diff=0.000000, 2517.01 sec so far
Iteration 37882593: max diff=0.000000, 2522.02 sec so far
Iteration 37958386: max diff=0.000000, 2527.02 sec so far
Iteration 38033840: max diff=0.000000, 2532.02 sec so far
Iteration 38109358: max diff=0.000000, 2537.03 sec so far
Iteration 38184627: max diff=0.000000, 2542.03 sec so far
Iteration 38260214: max diff=0.000000, 2547.04 sec so far
Iteration 38335867: max diff=0.000000, 2552.04 sec so far
Iteration 38411882: max diff=0.000000, 2557.04 sec so far
Iteration 38487291: max diff=0.000000, 2562.05 sec so far
Iteration 38563085: max diff=0.000000, 2567.05 sec so far
Iteration 38638635: max diff=0.000000, 2572.06 sec so far
Iteration 38714474: max diff=0.000000, 2577.06 sec so far
Iteration 38790011: max diff=0.000000, 2582.06 sec so far
Iteration 38865640: max diff=0.000000, 2587.07 sec so far
Iteration 38941025: max diff=0.000000, 2592.07 sec so far
Iteration 39016285: max diff=0.000000, 2597.08 sec so far
Iteration 39091570: max diff=0.000000, 2602.08 sec so far
Iteration 39166907: max diff=0.000000, 2607.08 sec so far
Iteration 39242104: max diff=0.000000, 2612.09 sec so far
Iteration 39317752: max diff=0.000000, 2617.09 sec so far
Iteration 39393373: max diff=0.000000, 2622.10 sec so far
Iteration 39468350: max diff=0.000000, 2627.10 sec so far
Iteration 39543751: max diff=0.000000, 2632.10 sec so far
Iteration 39619161: max diff=0.000000, 2637.11 sec so far
Iteration 39693519: max diff=0.000000, 2642.11 sec so far
Iteration 39768519: max diff=0.000000, 2647.12 sec so far
Iteration 39843642: max diff=0.000000, 2652.12 sec so far
Iteration 39919064: max diff=0.000000, 2657.12 sec so far
Iteration 39994076: max diff=0.000000, 2662.13 sec so far
Iteration 40069344: max diff=0.000000, 2667.13 sec so far
Iteration 40144779: max diff=0.000000, 2672.14 sec so far
Iteration 40220317: max diff=0.000000, 2677.14 sec so far
Iteration 40296188: max diff=0.000000, 2682.14 sec so far
Iteration 40371605: max diff=0.000000, 2687.15 sec so far
Iteration 40447166: max diff=0.000000, 2692.15 sec so far
Iteration 40522351: max diff=0.000000, 2697.16 sec so far
Iteration 40597179: max diff=0.000000, 2702.16 sec so far
Iteration 40672552: max diff=0.000000, 2707.16 sec so far
Iteration 40747773: max diff=0.000000, 2712.17 sec so far
Iteration 40823810: max diff=0.000000, 2717.17 sec so far
Iteration 40899308: max diff=0.000000, 2722.18 sec so far
Iteration 40974700: max diff=0.000000, 2727.18 sec so far
Iteration 41050110: max diff=0.000000, 2732.18 sec so far
Iteration 41125448: max diff=0.000000, 2737.19 sec so far
Iteration 41200921: max diff=0.000000, 2742.19 sec so far
Iteration 41276492: max diff=0.000000, 2747.20 sec so far
Iteration 41351987: max diff=0.000000, 2752.20 sec so far
Iteration 41427877: max diff=0.000000, 2757.20 sec so far
Iteration 41503247: max diff=0.000000, 2762.21 sec so far
Iteration 41578601: max diff=0.000000, 2767.21 sec so far
Iteration 41654021: max diff=0.000000, 2772.22 sec so far
Iteration 41729422: max diff=0.000000, 2777.22 sec so far
Iteration 41804966: max diff=0.000000, 2782.22 sec so far
Iteration 41880664: max diff=0.000000, 2787.23 sec so far
Iteration 41956471: max diff=0.000000, 2792.23 sec so far
Iteration 42031928: max diff=0.000000, 2797.24 sec so far
Iteration 42107388: max diff=0.000000, 2802.24 sec so far
Iteration 42183078: max diff=0.000000, 2807.24 sec so far
Iteration 42258305: max diff=0.000000, 2812.25 sec so far
Iteration 42334021: max diff=0.000000, 2817.25 sec so far
Iteration 42409665: max diff=0.000000, 2822.26 sec so far
Iteration 42485233: max diff=0.000000, 2827.26 sec so far
Iteration 42561053: max diff=0.000000, 2832.26 sec so far
Iteration 42636217: max diff=0.000000, 2837.27 sec so far
Iteration 42711751: max diff=0.000000, 2842.27 sec so far
Iteration 42787350: max diff=0.000000, 2847.28 sec so far
Iteration 42862979: max diff=0.000000, 2852.28 sec so far
Iteration 42938537: max diff=0.000000, 2857.28 sec so far
Iteration 43014047: max diff=0.000000, 2862.29 sec so far
Iteration 43089250: max diff=0.000000, 2867.29 sec so far
Iteration 43164539: max diff=0.000000, 2872.30 sec so far
Iteration 43239959: max diff=0.000000, 2877.30 sec so far
Iteration 43315379: max diff=0.000000, 2882.30 sec so far
Iteration 43390728: max diff=0.000000, 2887.31 sec so far
Iteration 43466442: max diff=0.000000, 2892.31 sec so far
Iteration 43541764: max diff=0.000000, 2897.32 sec so far
Iteration 43617382: max diff=0.000000, 2902.32 sec so far
Iteration 43693226: max diff=0.000000, 2907.32 sec so far
Iteration 43769264: max diff=0.000000, 2912.33 sec so far
Iteration 43845069: max diff=0.000000, 2917.33 sec so far
Iteration 43920629: max diff=0.000000, 2922.34 sec so far
Iteration 43996178: max diff=0.000000, 2927.34 sec so far
Iteration 44071589: max diff=0.000000, 2932.34 sec so far
Iteration 44146812: max diff=0.000000, 2937.35 sec so far
Iteration 44221906: max diff=0.000000, 2942.35 sec so far
Iteration 44297206: max diff=0.000000, 2947.36 sec so far
Iteration 44372418: max diff=0.000000, 2952.36 sec so far
Iteration 44447583: max diff=0.000000, 2957.36 sec so far
Iteration 44523141: max diff=0.000000, 2962.37 sec so far
Iteration 44598478: max diff=0.000000, 2967.37 sec so far
Iteration 44673793: max diff=0.000000, 2972.38 sec so far
Iteration 44749565: max diff=0.000000, 2977.38 sec so far
Iteration 44825100: max diff=0.000000, 2982.38 sec so far
Iteration 44900365: max diff=0.000000, 2987.39 sec so far
Iteration 44976342: max diff=0.000000, 2992.39 sec so far
Iteration 45051804: max diff=0.000000, 2997.40 sec so far
Iteration 45126230: max diff=0.000000, 3002.40 sec so far
Iteration 45201279: max diff=0.000000, 3007.40 sec so far
Iteration 45276338: max diff=0.000000, 3012.41 sec so far
Iteration 45351960: max diff=0.000000, 3017.41 sec so far
Iteration 45427243: max diff=0.000000, 3022.42 sec so far
Iteration 45502749: max diff=0.000000, 3027.42 sec so far
Iteration 45578630: max diff=0.000000, 3032.42 sec so far
Iteration 45654116: max diff=0.000000, 3037.43 sec so far
Iteration 45729431: max diff=0.000000, 3042.43 sec so far
Iteration 45804327: max diff=0.000000, 3047.44 sec so far
Iteration 45879981: max diff=0.000000, 3052.44 sec so far
Iteration 45955796: max diff=0.000000, 3057.44 sec so far
Iteration 46031326: max diff=0.000000, 3062.45 sec so far
Iteration 46107106: max diff=0.000000, 3067.45 sec so far
Iteration 46182705: max diff=0.000000, 3072.46 sec so far
Iteration 46257876: max diff=0.000000, 3077.46 sec so far
Iteration 46333553: max diff=0.000000, 3082.46 sec so far
Iteration 46409097: max diff=0.000000, 3087.47 sec so far
Iteration 46484603: max diff=0.000000, 3092.47 sec so far
Iteration 46560028: max diff=0.000000, 3097.48 sec so far
Iteration 46635309: max diff=0.000000, 3102.48 sec so far
Iteration 46710628: max diff=0.000000, 3107.48 sec so far
Iteration 46786178: max diff=0.000000, 3112.49 sec so far
Iteration 46861559: max diff=0.000000, 3117.49 sec so far
Iteration 46936994: max diff=0.000000, 3122.50 sec so far
Iteration 47013084: max diff=0.000000, 3127.50 sec so far
Iteration 47088917: max diff=0.000000, 3132.50 sec so far
Iteration 47164087: max diff=0.000000, 3137.51 sec so far
Iteration 47239420: max diff=0.000000, 3142.51 sec so far
Iteration 47315315: max diff=0.000000, 3147.52 sec so far
Iteration 47390950: max diff=0.000000, 3152.52 sec so far
Iteration 47467027: max diff=0.000000, 3157.52 sec so far
Iteration 47542840: max diff=0.000000, 3162.53 sec so far
Iteration 47618384: max diff=0.000000, 3167.53 sec so far
Iteration 47693610: max diff=0.000000, 3172.54 sec so far
Iteration 47769302: max diff=0.000000, 3177.54 sec so far
Iteration 47844313: max diff=0.000000, 3182.54 sec so far
Iteration 47919766: max diff=0.000000, 3187.55 sec so far
Iteration 47995098: max diff=0.000000, 3192.55 sec so far
Iteration 48070439: max diff=0.000000, 3197.56 sec so far
Iteration 48145774: max diff=0.000000, 3202.56 sec so far
Iteration 48221315: max diff=0.000000, 3207.56 sec so far
Iteration 48296791: max diff=0.000000, 3212.57 sec so far
Iteration 48372261: max diff=0.000000, 3217.57 sec so far
Iteration 48447643: max diff=0.000000, 3222.58 sec so far
Iteration 48523059: max diff=0.000000, 3227.58 sec so far
Iteration 48598391: max diff=0.000000, 3232.58 sec so far
Iteration 48671562: max diff=0.000000, 3237.59 sec so far
Iteration 48745566: max diff=0.000000, 3242.59 sec so far
Iteration 48819101: max diff=0.000000, 3247.60 sec so far
Iteration 48892824: max diff=0.000000, 3252.60 sec so far
Iteration 48966580: max diff=0.000000, 3257.60 sec so far
Iteration 49040577: max diff=0.000000, 3262.61 sec so far
Iteration 49113903: max diff=0.000000, 3267.61 sec so far
Iteration 49188119: max diff=0.000000, 3272.62 sec so far
Iteration 49261843: max diff=0.000000, 3277.62 sec so far
Iteration 49335859: max diff=0.000000, 3282.62 sec so far
Iteration 49409463: max diff=0.000000, 3287.63 sec so far
Iteration 49483237: max diff=0.000000, 3292.63 sec so far
Iteration 49557165: max diff=0.000000, 3297.64 sec so far
Iteration 49631191: max diff=0.000000, 3302.64 sec so far
Iteration 49704954: max diff=0.000000, 3307.64 sec so far
Iteration 49778842: max diff=0.000000, 3312.65 sec so far
Iteration 49853138: max diff=0.000000, 3317.65 sec so far
Iteration 49927122: max diff=0.000000, 3322.66 sec so far
Iteration 50001207: max diff=0.000000, 3327.66 sec so far
Iteration 50074938: max diff=0.000000, 3332.66 sec so far
Iteration 50148851: max diff=0.000000, 3337.67 sec so far
Iteration 50223031: max diff=0.000000, 3342.67 sec so far
Iteration 50296635: max diff=0.000000, 3347.68 sec so far
Iteration 50370466: max diff=0.000000, 3352.68 sec so far
Iteration 50444696: max diff=0.000000, 3357.68 sec so far
Iteration 50518842: max diff=0.000000, 3362.69 sec so far
Iteration 50592517: max diff=0.000000, 3367.69 sec so far
Iteration 50666650: max diff=0.000000, 3372.70 sec so far
Iteration 50740566: max diff=0.000000, 3377.70 sec so far
Iteration 50814849: max diff=0.000000, 3382.70 sec so far
Iteration 50888831: max diff=0.000000, 3387.71 sec so far
Iteration 50962782: max diff=0.000000, 3392.71 sec so far
Iteration 51036744: max diff=0.000000, 3397.72 sec so far
Iteration 51110465: max diff=0.000000, 3402.72 sec so far
Iteration 51184543: max diff=0.000000, 3407.72 sec so far
Iteration 51258264: max diff=0.000000, 3412.73 sec so far
Iteration 51332185: max diff=0.000000, 3417.73 sec so far
Iteration 51406162: max diff=0.000000, 3422.74 sec so far
Iteration 51479974: max diff=0.000000, 3427.74 sec so far
Iteration 51553683: max diff=0.000000, 3432.74 sec so far
Iteration 51627938: max diff=0.000000, 3437.75 sec so far
Iteration 51702391: max diff=0.000000, 3442.75 sec so far
Iteration 51776247: max diff=0.000000, 3447.76 sec so far
Iteration 51850349: max diff=0.000000, 3452.76 sec so far
Iteration 51923976: max diff=0.000000, 3457.76 sec so far
Iteration 51997425: max diff=0.000000, 3462.77 sec so far
Iteration 52070866: max diff=0.000000, 3467.77 sec so far
Iteration 52143927: max diff=0.000000, 3472.78 sec so far
Iteration 52217498: max diff=0.000000, 3477.78 sec so far
Iteration 52290874: max diff=0.000000, 3482.78 sec so far
Iteration 52364477: max diff=0.000000, 3487.79 sec so far
Iteration 52437859: max diff=0.000000, 3492.79 sec so far
Iteration 52511819: max diff=0.000000, 3497.80 sec so far
Iteration 52586238: max diff=0.000000, 3502.80 sec so far
Iteration 52660005: max diff=0.000000, 3507.80 sec so far
Iteration 52733675: max diff=0.000000, 3512.81 sec so far
Iteration 52807525: max diff=0.000000, 3517.81 sec so far
Iteration 52881070: max diff=0.000000, 3522.82 sec so far
Iteration 52955169: max diff=0.000000, 3527.82 sec so far
Iteration 53029034: max diff=0.000000, 3532.82 sec so far
Iteration 53103104: max diff=0.000000, 3537.83 sec so far
Iteration 53176592: max diff=0.000000, 3542.83 sec so far
Iteration 53250583: max diff=0.000000, 3547.84 sec so far
Iteration 53324414: max diff=0.000000, 3552.84 sec so far
Iteration 53396471: max diff=0.000000, 3557.84 sec so far
Iteration 53470326: max diff=0.000000, 3562.85 sec so far
Iteration 53544054: max diff=0.000000, 3567.85 sec so far
Iteration 53617895: max diff=0.000000, 3572.86 sec so far
Iteration 53691726: max diff=0.000000, 3577.86 sec so far
Iteration 53765241: max diff=0.000000, 3582.86 sec so far
Iteration 53838984: max diff=0.000000, 3587.87 sec so far
Iteration 53912564: max diff=0.000000, 3592.87 sec so far
Iteration 53986012: max diff=0.000000, 3597.88 sec so far
Iteration 54059717: max diff=0.000000, 3602.88 sec so far
Iteration 54133608: max diff=0.000000, 3607.88 sec so far
Iteration 54207473: max diff=0.000000, 3612.89 sec so far
Iteration 54281398: max diff=0.000000, 3617.89 sec so far
Iteration 54355435: max diff=0.000000, 3622.90 sec so far
Iteration 54429253: max diff=0.000000, 3627.90 sec so far
Iteration 54501762: max diff=0.000000, 3632.90 sec so far
Iteration 54574810: max diff=0.000000, 3637.91 sec so far
Iteration 54648744: max diff=0.000000, 3642.91 sec so far
Iteration 54722151: max diff=0.000000, 3647.92 sec so far
Iteration 54795685: max diff=0.000000, 3652.92 sec so far
Iteration 54869918: max diff=0.000000, 3657.92 sec so far
Iteration 54943809: max diff=0.000000, 3662.93 sec so far
Iteration 55016982: max diff=0.000000, 3667.93 sec so far
Iteration 55090526: max diff=0.000000, 3672.94 sec so far
Iteration 55163453: max diff=0.000000, 3677.94 sec so far
Iteration 55237322: max diff=0.000000, 3682.94 sec so far
Iteration 55311226: max diff=0.000000, 3687.95 sec so far
Iteration 55385615: max diff=0.000000, 3692.95 sec so far
Iteration 55459166: max diff=0.000000, 3697.96 sec so far
Iteration 55532612: max diff=0.000000, 3702.96 sec so far
Iteration 55605949: max diff=0.000000, 3707.96 sec so far
Iteration 55679188: max diff=0.000000, 3712.97 sec so far
Iteration 55752194: max diff=0.000000, 3717.97 sec so far
Iteration 55826428: max diff=0.000000, 3722.98 sec so far
Iteration 55900660: max diff=0.000000, 3727.98 sec so far
Iteration 55974930: max diff=0.000000, 3732.98 sec so far
Iteration 56048886: max diff=0.000000, 3737.99 sec so far
Iteration 56123032: max diff=0.000000, 3742.99 sec so far
Iteration 56197012: max diff=0.000000, 3748.00 sec so far
Iteration 56270159: max diff=0.000000, 3753.00 sec so far
Iteration 56344036: max diff=0.000000, 3758.00 sec so far
Iteration 56417792: max diff=0.000000, 3763.01 sec so far
Iteration 56491587: max diff=0.000000, 3768.01 sec so far
Iteration 56565420: max diff=0.000000, 3773.02 sec so far
Iteration 56639203: max diff=0.000000, 3778.02 sec so far
Iteration 56712899: max diff=0.000000, 3783.02 sec so far
Iteration 56787127: max diff=0.000000, 3788.03 sec so far
Iteration 56860915: max diff=0.000000, 3793.03 sec so far
Iteration 56934843: max diff=0.000000, 3798.04 sec so far
Iteration 57008546: max diff=0.000000, 3803.04 sec so far
Iteration 57082362: max diff=0.000000, 3808.04 sec so far
Iteration 57156328: max diff=0.000000, 3813.05 sec so far
Iteration 57229425: max diff=0.000000, 3818.05 sec so far
Iteration 57303036: max diff=0.000000, 3823.06 sec so far
Iteration 57376242: max diff=0.000000, 3828.06 sec so far
Iteration 57451113: max diff=0.000000, 3833.06 sec so far
Iteration 57525520: max diff=0.000000, 3838.07 sec so far
Iteration 57599964: max diff=0.000000, 3843.07 sec so far
Iteration 57674749: max diff=0.000000, 3848.08 sec so far
Iteration 57749092: max diff=0.000000, 3853.08 sec so far
Iteration 57823375: max diff=0.000000, 3858.08 sec so far
Iteration 57898429: max diff=0.000000, 3863.09 sec so far
Iteration 57972929: max diff=0.000000, 3868.09 sec so far
Iteration 58047373: max diff=0.000000, 3873.10 sec so far
Iteration 58121754: max diff=0.000000, 3878.10 sec so far
Iteration 58196208: max diff=0.000000, 3883.10 sec so far
Iteration 58271023: max diff=0.000000, 3888.11 sec so far
Iteration 58346249: max diff=0.000000, 3893.11 sec so far
Iteration 58421342: max diff=0.000000, 3898.12 sec so far
Iteration 58496659: max diff=0.000000, 3903.12 sec so far
Iteration 58572068: max diff=0.000000, 3908.12 sec so far
Iteration 58647008: max diff=0.000000, 3913.13 sec so far
Iteration 58722203: max diff=0.000000, 3918.13 sec so far
Iteration 58798106: max diff=0.000000, 3923.14 sec so far
Iteration 58873317: max diff=0.000000, 3928.14 sec so far
Iteration 58948167: max diff=0.000000, 3933.14 sec so far
Iteration 59022806: max diff=0.000000, 3938.15 sec so far
Iteration 59098087: max diff=0.000000, 3943.15 sec so far
Iteration 59173359: max diff=0.000000, 3948.16 sec so far
Iteration 59247849: max diff=0.000000, 3953.16 sec so far
Iteration 59322820: max diff=0.000000, 3958.16 sec so far
Iteration 59397438: max diff=0.000000, 3963.17 sec so far
Iteration 59472706: max diff=0.000000, 3968.17 sec so far
Iteration 59547620: max diff=0.000000, 3973.18 sec so far
Iteration 59623032: max diff=0.000000, 3978.18 sec so far
Iteration 59697897: max diff=0.000000, 3983.18 sec so far
Iteration 59772952: max diff=0.000000, 3988.19 sec so far
Iteration 59848211: max diff=0.000000, 3993.19 sec so far
Iteration 59923360: max diff=0.000000, 3998.20 sec so far
Iteration 59998402: max diff=0.000000, 4003.20 sec so far
Iteration 60073456: max diff=0.000000, 4008.20 sec so far
Iteration 60148328: max diff=0.000000, 4013.21 sec so far
Iteration 60223614: max diff=0.000000, 4018.21 sec so far
Iteration 60298520: max diff=0.000000, 4023.22 sec so far
Iteration 60373952: max diff=0.000000, 4028.22 sec so far
Iteration 60449285: max diff=0.000000, 4033.22 sec so far
Iteration 60524235: max diff=0.000000, 4038.23 sec so far
Iteration 60598907: max diff=0.000000, 4043.23 sec so far
Iteration 60673716: max diff=0.000000, 4048.24 sec so far
Iteration 60748832: max diff=0.000000, 4053.24 sec so far
Iteration 60824131: max diff=0.000000, 4058.24 sec so far
Iteration 60899451: max diff=0.000000, 4063.25 sec so far
Iteration 60974786: max diff=0.000000, 4068.25 sec so far
Iteration 61049579: max diff=0.000000, 4073.26 sec so far
Iteration 61124452: max diff=0.000000, 4078.26 sec so far
Iteration 61199110: max diff=0.000000, 4083.26 sec so far
Iteration 61274514: max diff=0.000000, 4088.27 sec so far
Iteration 61349702: max diff=0.000000, 4093.27 sec so far
Iteration 61424983: max diff=0.000000, 4098.28 sec so far
Iteration 61499815: max diff=0.000000, 4103.28 sec so far
Iteration 61574799: max diff=0.000000, 4108.28 sec so far
Iteration 61649501: max diff=0.000000, 4113.29 sec so far
Iteration 61724628: max diff=0.000000, 4118.29 sec so far
Iteration 61799604: max diff=0.000000, 4123.30 sec so far
Iteration 61874629: max diff=0.000000, 4128.30 sec so far
Iteration 61950067: max diff=0.000000, 4133.30 sec so far
Iteration 62025175: max diff=0.000000, 4138.31 sec so far
Iteration 62099878: max diff=0.000000, 4143.31 sec so far
Iteration 62174614: max diff=0.000000, 4148.32 sec so far
Iteration 62249259: max diff=0.000000, 4153.32 sec so far
Iteration 62324288: max diff=0.000000, 4158.32 sec so far
Iteration 62399410: max diff=0.000000, 4163.33 sec so far
Iteration 62474674: max diff=0.000000, 4168.33 sec so far
Iteration 62549561: max diff=0.000000, 4173.34 sec so far
Iteration 62624568: max diff=0.000000, 4178.34 sec so far
Iteration 62699115: max diff=0.000000, 4183.34 sec so far
Iteration 62774138: max diff=0.000000, 4188.35 sec so far
Iteration 62848407: max diff=0.000000, 4193.35 sec so far
Iteration 62923102: max diff=0.000000, 4198.36 sec so far
Iteration 62998414: max diff=0.000000, 4203.36 sec so far
Iteration 63073603: max diff=0.000000, 4208.36 sec so far
Iteration 63148858: max diff=0.000000, 4213.37 sec so far
Iteration 63224365: max diff=0.000000, 4218.37 sec so far
Iteration 63299447: max diff=0.000000, 4223.38 sec so far
Iteration 63374917: max diff=0.000000, 4228.38 sec so far
Iteration 63449936: max diff=0.000000, 4233.38 sec so far
Iteration 63523499: max diff=0.000000, 4238.39 sec so far
Iteration 63598598: max diff=0.000000, 4243.39 sec so far
Iteration 63673658: max diff=0.000000, 4248.40 sec so far
Iteration 63748883: max diff=0.000000, 4253.40 sec so far
Iteration 63823500: max diff=0.000000, 4258.40 sec so far
Iteration 63898852: max diff=0.000000, 4263.41 sec so far
Iteration 63973238: max diff=0.000000, 4268.41 sec so far
Iteration 64048267: max diff=0.000000, 4273.42 sec so far
Iteration 64123099: max diff=0.000000, 4278.42 sec so far
Iteration 64197466: max diff=0.000000, 4283.42 sec so far
Iteration 64272441: max diff=0.000000, 4288.43 sec so far
Iteration 64347205: max diff=0.000000, 4293.43 sec so far
Iteration 64421972: max diff=0.000000, 4298.44 sec so far
Iteration 64496710: max diff=0.000000, 4303.44 sec so far
Iteration 64572214: max diff=0.000000, 4308.44 sec so far
Iteration 64647498: max diff=0.000000, 4313.45 sec so far
Iteration 64722191: max diff=0.000000, 4318.45 sec so far
Iteration 64796975: max diff=0.000000, 4323.46 sec so far
Iteration 64871629: max diff=0.000000, 4328.46 sec so far
Iteration 64946226: max diff=0.000000, 4333.46 sec so far
Iteration 65020793: max diff=0.000000, 4338.47 sec so far
Iteration 65095646: max diff=0.000000, 4343.47 sec so far
Iteration 65170691: max diff=0.000000, 4348.48 sec so far
Iteration 65245806: max diff=0.000000, 4353.48 sec so far
Iteration 65320963: max diff=0.000000, 4358.48 sec so far
Iteration 65395528: max diff=0.000000, 4363.49 sec so far
Iteration 65470470: max diff=0.000000, 4368.49 sec so far
Iteration 65545497: max diff=0.000000, 4373.50 sec so far
Iteration 65620198: max diff=0.000000, 4378.50 sec so far
Iteration 65695411: max diff=0.000000, 4383.50 sec so far
Iteration 65770814: max diff=0.000000, 4388.51 sec so far
Iteration 65846029: max diff=0.000000, 4393.51 sec so far
Iteration 65921176: max diff=0.000000, 4398.52 sec so far
Iteration 65995925: max diff=0.000000, 4403.52 sec so far
Iteration 66069331: max diff=0.000000, 4408.52 sec so far
Iteration 66144273: max diff=0.000000, 4413.53 sec so far
Iteration 66218668: max diff=0.000000, 4418.53 sec so far
Iteration 66292839: max diff=0.000000, 4423.54 sec so far
Iteration 66364772: max diff=0.000000, 4428.54 sec so far
Iteration 66436851: max diff=0.000000, 4433.54 sec so far
Iteration 66508064: max diff=0.000000, 4438.55 sec so far
Iteration 66579719: max diff=0.000000, 4443.55 sec so far
Iteration 66650692: max diff=0.000000, 4448.56 sec so far
Iteration 66721877: max diff=0.000000, 4453.56 sec so far
Iteration 66793167: max diff=0.000000, 4458.56 sec so far
Iteration 66864879: max diff=0.000000, 4463.57 sec so far
Iteration 66935745: max diff=0.000000, 4468.57 sec so far
Iteration 67004845: max diff=0.000000, 4473.58 sec so far
Iteration 67076614: max diff=0.000000, 4478.58 sec so far
Iteration 67147821: max diff=0.000000, 4483.58 sec so far
Iteration 67219910: max diff=0.000000, 4488.59 sec so far
Iteration 67291255: max diff=0.000000, 4493.59 sec so far
Iteration 67362748: max diff=0.000000, 4498.60 sec so far
Iteration 67434199: max diff=0.000000, 4503.60 sec so far
Iteration 67505974: max diff=0.000000, 4508.60 sec so far
Iteration 67577039: max diff=0.000000, 4513.61 sec so far
Iteration 67649125: max diff=0.000000, 4518.61 sec so far
Iteration 67720635: max diff=0.000000, 4523.62 sec so far
Iteration 67792215: max diff=0.000000, 4528.62 sec so far
Iteration 67864125: max diff=0.000000, 4533.62 sec so far
Iteration 67935945: max diff=0.000000, 4538.63 sec so far
Iteration 68007536: max diff=0.000000, 4543.63 sec so far
Iteration 68079196: max diff=0.000000, 4548.64 sec so far
Iteration 68151186: max diff=0.000000, 4553.64 sec so far
Iteration 68223034: max diff=0.000000, 4558.64 sec so far
Iteration 68295299: max diff=0.000000, 4563.65 sec so far
Iteration 68367006: max diff=0.000000, 4568.65 sec so far
Iteration 68438974: max diff=0.000000, 4573.66 sec so far
Iteration 68511459: max diff=0.000000, 4578.66 sec so far
Iteration 68583184: max diff=0.000000, 4583.66 sec so far
Iteration 68654883: max diff=0.000000, 4588.67 sec so far
Iteration 68726749: max diff=0.000000, 4593.67 sec so far
Iteration 68798758: max diff=0.000000, 4598.68 sec so far
Iteration 68870181: max diff=0.000000, 4603.68 sec so far
Iteration 68942714: max diff=0.000000, 4608.68 sec so far
Iteration 69014268: max diff=0.000000, 4613.69 sec so far
Iteration 69086207: max diff=0.000000, 4618.69 sec so far
Iteration 69158147: max diff=0.000000, 4623.70 sec so far
Iteration 69230788: max diff=0.000000, 4628.70 sec so far
Iteration 69303160: max diff=0.000000, 4633.70 sec so far
Iteration 69374735: max diff=0.000000, 4638.71 sec so far
Iteration 69447242: max diff=0.000000, 4643.71 sec so far
Iteration 69519115: max diff=0.000000, 4648.72 sec so far
Iteration 69590580: max diff=0.000000, 4653.72 sec so far
Iteration 69661992: max diff=0.000000, 4658.72 sec so far
Iteration 69733659: max diff=0.000000, 4663.73 sec so far
Iteration 69804688: max diff=0.000000, 4668.73 sec so far
Iteration 69876105: max diff=0.000000, 4673.74 sec so far
Iteration 69947706: max diff=0.000000, 4678.74 sec so far
Iteration 70019402: max diff=0.000000, 4683.74 sec so far
Iteration 70090905: max diff=0.000000, 4688.75 sec so far
Iteration 70162491: max diff=0.000000, 4693.75 sec so far
Iteration 70233984: max diff=0.000000, 4698.76 sec so far
Iteration 70305586: max diff=0.000000, 4703.76 sec so far
Iteration 70377134: max diff=0.000000, 4708.76 sec so far
Iteration 70448557: max diff=0.000000, 4713.77 sec so far
Iteration 70519802: max diff=0.000000, 4718.77 sec so far
Iteration 70591448: max diff=0.000000, 4723.78 sec so far
Iteration 70662781: max diff=0.000000, 4728.78 sec so far
Iteration 70734157: max diff=0.000000, 4733.78 sec so far
Iteration 70805110: max diff=0.000000, 4738.79 sec so far
Iteration 70876562: max diff=0.000000, 4743.79 sec so far
Iteration 70943932: max diff=0.000000, 4748.80 sec so far
Iteration 71015429: max diff=0.000000, 4753.80 sec so far
Iteration 71087040: max diff=0.000000, 4758.80 sec so far
Iteration 71158026: max diff=0.000000, 4763.81 sec so far
Iteration 71229283: max diff=0.000000, 4768.81 sec so far
Iteration 71300689: max diff=0.000000, 4773.82 sec so far
Iteration 71371490: max diff=0.000000, 4778.82 sec so far
Iteration 71442395: max diff=0.000000, 4783.82 sec so far
Iteration 71513975: max diff=0.000000, 4788.83 sec so far
Iteration 71585704: max diff=0.000000, 4793.83 sec so far
Iteration 71656980: max diff=0.000000, 4798.84 sec so far
Iteration 71728749: max diff=0.000000, 4803.84 sec so far
Iteration 71800270: max diff=0.000000, 4808.84 sec so far
Iteration 71871397: max diff=0.000000, 4813.85 sec so far
Iteration 71942813: max diff=0.000000, 4818.85 sec so far
Iteration 72012404: max diff=0.000000, 4823.86 sec so far
Iteration 72084843: max diff=0.000000, 4828.86 sec so far
Iteration 72156339: max diff=0.000000, 4833.86 sec so far
Iteration 72228182: max diff=0.000000, 4838.87 sec so far
Iteration 72298858: max diff=0.000000, 4843.87 sec so far
Iteration 72370198: max diff=0.000000, 4848.88 sec so far
Iteration 72441459: max diff=0.000000, 4853.88 sec so far
Iteration 72513006: max diff=0.000000, 4858.88 sec so far
Iteration 72584045: max diff=0.000000, 4863.89 sec so far
Iteration 72655626: max diff=0.000000, 4868.89 sec so far
Iteration 72727393: max diff=0.000000, 4873.90 sec so far
Iteration 72798636: max diff=0.000000, 4878.90 sec so far
Iteration 72870350: max diff=0.000000, 4883.90 sec so far
Iteration 72942237: max diff=0.000000, 4888.91 sec so far
Iteration 73013863: max diff=0.000000, 4893.91 sec so far
Iteration 73085423: max diff=0.000000, 4898.92 sec so far
Iteration 73157756: max diff=0.000000, 4903.92 sec so far
Iteration 73229964: max diff=0.000000, 4908.92 sec so far
Iteration 73301977: max diff=0.000000, 4913.93 sec so far
Iteration 73373872: max diff=0.000000, 4918.93 sec so far
Iteration 73445741: max diff=0.000000, 4923.94 sec so far
Iteration 73517489: max diff=0.000000, 4928.94 sec so far
Iteration 73588982: max diff=0.000000, 4933.94 sec so far
Iteration 73660624: max diff=0.000000, 4938.95 sec so far
Iteration 73732245: max diff=0.000000, 4943.95 sec so far
Iteration 73803895: max diff=0.000000, 4948.96 sec so far
Iteration 73875383: max diff=0.000000, 4953.96 sec so far
Iteration 73947120: max diff=0.000000, 4958.96 sec so far
Iteration 74018552: max diff=0.000000, 4963.97 sec so far
Iteration 74090316: max diff=0.000000, 4968.97 sec so far
Iteration 74161867: max diff=0.000000, 4973.98 sec so far
Iteration 74234500: max diff=0.000000, 4978.98 sec so far
Iteration 74305866: max diff=0.000000, 4983.98 sec so far
Iteration 74377584: max diff=0.000000, 4988.99 sec so far
Iteration 74448428: max diff=0.000000, 4993.99 sec so far
Iteration 74520106: max diff=0.000000, 4999.00 sec so far
Iteration 74591191: max diff=0.000000, 5004.00 sec so far
Iteration 74662888: max diff=0.000000, 5009.00 sec so far
Iteration 74734142: max diff=0.000000, 5014.01 sec so far
Iteration 74807872: max diff=0.000000, 5019.01 sec so far
Iteration 74883253: max diff=0.000000, 5024.02 sec so far
Iteration 74959203: max diff=0.000000, 5029.02 sec so far
Iteration 75034541: max diff=0.000000, 5034.02 sec so far
Iteration 75109533: max diff=0.000000, 5039.03 sec so far
Iteration 75184372: max diff=0.000000, 5044.03 sec so far
Iteration 75259870: max diff=0.000000, 5049.04 sec so far
Iteration 75334720: max diff=0.000000, 5054.04 sec so far
Iteration 75410405: max diff=0.000000, 5059.04 sec so far
Iteration 75485814: max diff=0.000000, 5064.05 sec so far
Iteration 75561364: max diff=0.000000, 5069.05 sec so far
Iteration 75637308: max diff=0.000000, 5074.06 sec so far
Iteration 75712595: max diff=0.000000, 5079.06 sec so far
Iteration 75788022: max diff=0.000000, 5084.06 sec so far
Iteration 75863557: max diff=0.000000, 5089.07 sec so far
Iteration 75938856: max diff=0.000000, 5094.07 sec so far
Iteration 76014174: max diff=0.000000, 5099.08 sec so far
Iteration 76089216: max diff=0.000000, 5104.08 sec so far
Iteration 76165555: max diff=0.000000, 5109.08 sec so far
Iteration 76241565: max diff=0.000000, 5114.09 sec so far
Iteration 76317164: max diff=0.000000, 5119.09 sec so far
Iteration 76392396: max diff=0.000000, 5124.10 sec so far
Iteration 76468406: max diff=0.000000, 5129.10 sec so far
Iteration 76543996: max diff=0.000000, 5134.10 sec so far
Iteration 76619524: max diff=0.000000, 5139.11 sec so far
Iteration 76694900: max diff=0.000000, 5144.11 sec so far
Iteration 76770634: max diff=0.000000, 5149.12 sec so far
Iteration 76845836: max diff=0.000000, 5154.12 sec so far
Iteration 76921254: max diff=0.000000, 5159.12 sec so far
Iteration 76996547: max diff=0.000000, 5164.13 sec so far
Iteration 77071904: max diff=0.000000, 5169.13 sec so far
Iteration 77147094: max diff=0.000000, 5174.14 sec so far
Iteration 77222351: max diff=0.000000, 5179.14 sec so far
Iteration 77297840: max diff=0.000000, 5184.14 sec so far
Iteration 77373482: max diff=0.000000, 5189.15 sec so far
Iteration 77449057: max diff=0.000000, 5194.15 sec so far
Iteration 77524564: max diff=0.000000, 5199.16 sec so far
Iteration 77599764: max diff=0.000000, 5204.16 sec so far
Iteration 77675196: max diff=0.000000, 5209.16 sec so far
Iteration 77750793: max diff=0.000000, 5214.17 sec so far
Iteration 77826528: max diff=0.000000, 5219.17 sec so far
Iteration 77902568: max diff=0.000000, 5224.18 sec so far
Iteration 77978054: max diff=0.000000, 5229.18 sec so far
Iteration 78053618: max diff=0.000000, 5234.18 sec so far
Iteration 78129539: max diff=0.000000, 5239.19 sec so far
Iteration 78205248: max diff=0.000000, 5244.19 sec so far
Iteration 78280390: max diff=0.000000, 5249.20 sec so far
Iteration 78355520: max diff=0.000000, 5254.20 sec so far
Iteration 78430978: max diff=0.000000, 5259.20 sec so far
Iteration 78506465: max diff=0.000000, 5264.21 sec so far
Iteration 78581372: max diff=0.000000, 5269.21 sec so far
Iteration 78656853: max diff=0.000000, 5274.22 sec so far
Iteration 78732556: max diff=0.000000, 5279.22 sec so far
Iteration 78808482: max diff=0.000000, 5284.22 sec so far
Iteration 78883726: max diff=0.000000, 5289.23 sec so far
Iteration 78958895: max diff=0.000000, 5294.23 sec so far
Iteration 79034418: max diff=0.000000, 5299.24 sec so far
Iteration 79109548: max diff=0.000000, 5304.24 sec so far
Iteration 79185122: max diff=0.000000, 5309.24 sec so far
Iteration 79260579: max diff=0.000000, 5314.25 sec so far
Iteration 79336235: max diff=0.000000, 5319.25 sec so far
Iteration 79411918: max diff=0.000000, 5324.26 sec so far
Iteration 79487233: max diff=0.000000, 5329.26 sec so far
Iteration 79562678: max diff=0.000000, 5334.26 sec so far
Iteration 79637722: max diff=0.000000, 5339.27 sec so far
Iteration 79713373: max diff=0.000000, 5344.27 sec so far
Iteration 79788791: max diff=0.000000, 5349.28 sec so far
Iteration 79864251: max diff=0.000000, 5354.28 sec so far
Iteration 79939505: max diff=0.000000, 5359.28 sec so far
Iteration 80014550: max diff=0.000000, 5364.29 sec so far
Iteration 80090121: max diff=0.000000, 5369.29 sec so far
Iteration 80165446: max diff=0.000000, 5374.30 sec so far
Iteration 80241104: max diff=0.000000, 5379.30 sec so far
Iteration 80316753: max diff=0.000000, 5384.30 sec so far
Iteration 80392416: max diff=0.000000, 5389.31 sec so far
Iteration 80468221: max diff=0.000000, 5394.31 sec so far
Iteration 80543523: max diff=0.000000, 5399.32 sec so far
Iteration 80619091: max diff=0.000000, 5404.32 sec so far
Iteration 80694603: max diff=0.000000, 5409.32 sec so far
Iteration 80770462: max diff=0.000000, 5414.33 sec so far
Iteration 80845831: max diff=0.000000, 5419.33 sec so far
Iteration 80921166: max diff=0.000000, 5424.34 sec so far
Iteration 80996690: max diff=0.000000, 5429.34 sec so far
Iteration 81072363: max diff=0.000000, 5434.34 sec so far
Iteration 81147813: max diff=0.000000, 5439.35 sec so far
Iteration 81223316: max diff=0.000000, 5444.35 sec so far
Iteration 81299083: max diff=0.000000, 5449.36 sec so far
Iteration 81375143: max diff=0.000000, 5454.36 sec so far
Iteration 81450986: max diff=0.000000, 5459.36 sec so far
Iteration 81526486: max diff=0.000000, 5464.37 sec so far
Iteration 81601874: max diff=0.000000, 5469.37 sec so far
Iteration 81677206: max diff=0.000000, 5474.38 sec so far
Iteration 81752328: max diff=0.000000, 5479.38 sec so far
Iteration 81828247: max diff=0.000000, 5484.38 sec so far
Iteration 81903804: max diff=0.000000, 5489.39 sec so far
Iteration 81979560: max diff=0.000000, 5494.39 sec so far
Iteration 82055448: max diff=0.000000, 5499.40 sec so far
Iteration 82131005: max diff=0.000000, 5504.40 sec so far
Iteration 82206656: max diff=0.000000, 5509.40 sec so far
Iteration 82282423: max diff=0.000000, 5514.41 sec so far
Iteration 82358476: max diff=0.000000, 5519.41 sec so far
Iteration 82433830: max diff=0.000000, 5524.42 sec so far
Iteration 82509837: max diff=0.000000, 5529.42 sec so far
Iteration 82585441: max diff=0.000000, 5534.42 sec so far
Iteration 82661045: max diff=0.000000, 5539.43 sec so far
Iteration 82736727: max diff=0.000000, 5544.43 sec so far
Iteration 82812509: max diff=0.000000, 5549.44 sec so far
Iteration 82887980: max diff=0.000000, 5554.44 sec so far
Iteration 82963625: max diff=0.000000, 5559.44 sec so far
Iteration 83038809: max diff=0.000000, 5564.45 sec so far
Iteration 83113877: max diff=0.000000, 5569.45 sec so far
Iteration 83189407: max diff=0.000000, 5574.46 sec so far
Iteration 83263677: max diff=0.000000, 5579.46 sec so far
Iteration 83339822: max diff=0.000000, 5584.46 sec so far
Iteration 83415077: max diff=0.000000, 5589.47 sec so far
Iteration 83490434: max diff=0.000000, 5594.47 sec so far
Iteration 83565991: max diff=0.000000, 5599.48 sec so far
Iteration 83641385: max diff=0.000000, 5604.48 sec so far
Iteration 83716489: max diff=0.000000, 5609.48 sec so far
Iteration 83789444: max diff=0.000000, 5614.49 sec so far
Iteration 83861998: max diff=0.000000, 5619.49 sec so far
Iteration 83934096: max diff=0.000000, 5624.50 sec so far
Iteration 84006134: max diff=0.000000, 5629.50 sec so far
Iteration 84078732: max diff=0.000000, 5634.50 sec so far
Iteration 84150941: max diff=0.000000, 5639.51 sec so far
Iteration 84223416: max diff=0.000000, 5644.51 sec so far
Iteration 84295908: max diff=0.000000, 5649.52 sec so far
Iteration 84368265: max diff=0.000000, 5654.52 sec so far
Iteration 84440722: max diff=0.000000, 5659.52 sec so far
Iteration 84513552: max diff=0.000000, 5664.53 sec so far
Iteration 84585480: max diff=0.000000, 5669.53 sec so far
Iteration 84657954: max diff=0.000000, 5674.54 sec so far
Iteration 84729072: max diff=0.000000, 5679.54 sec so far
Iteration 84801260: max diff=0.000000, 5684.54 sec so far
Iteration 84873766: max diff=0.000000, 5689.55 sec so far
Iteration 84946117: max diff=0.000000, 5694.55 sec so far
Iteration 85018702: max diff=0.000000, 5699.56 sec so far
Iteration 85091238: max diff=0.000000, 5704.56 sec so far
Iteration 85163554: max diff=0.000000, 5709.56 sec so far
Iteration 85235606: max diff=0.000000, 5714.57 sec so far
Iteration 85308017: max diff=0.000000, 5719.57 sec so far
Iteration 85380436: max diff=0.000000, 5724.58 sec so far
Iteration 85452201: max diff=0.000000, 5729.58 sec so far
Iteration 85524773: max diff=0.000000, 5734.58 sec so far
Iteration 85597255: max diff=0.000000, 5739.59 sec so far
Iteration 85669428: max diff=0.000000, 5744.59 sec so far
Iteration 85741375: max diff=0.000000, 5749.60 sec so far
Iteration 85812931: max diff=0.000000, 5754.60 sec so far
Iteration 85881382: max diff=0.000000, 5759.60 sec so far
Iteration 85954197: max diff=0.000000, 5764.61 sec so far
Iteration 86029419: max diff=0.000000, 5769.61 sec so far
Iteration 86104688: max diff=0.000000, 5774.62 sec so far
Iteration 86179276: max diff=0.000000, 5779.62 sec so far
Iteration 86252476: max diff=0.000000, 5784.62 sec so far
Iteration 86323323: max diff=0.000000, 5789.63 sec so far
Iteration 86392161: max diff=0.000000, 5794.63 sec so far
Iteration 86465151: max diff=0.000000, 5799.64 sec so far
Iteration 86540989: max diff=0.000000, 5804.64 sec so far
Iteration 86616596: max diff=0.000000, 5809.64 sec so far
Iteration 86692192: max diff=0.000000, 5814.65 sec so far
Iteration 86767832: max diff=0.000000, 5819.65 sec so far
Iteration 86843773: max diff=0.000000, 5824.66 sec so far
Iteration 86919423: max diff=0.000000, 5829.66 sec so far
Iteration 86995046: max diff=0.000000, 5834.66 sec so far
Iteration 87070559: max diff=0.000000, 5839.67 sec so far
Iteration 87146454: max diff=0.000000, 5844.67 sec so far
Iteration 87221813: max diff=0.000000, 5849.68 sec so far
Iteration 87297496: max diff=0.000000, 5854.68 sec so far
Iteration 87372939: max diff=0.000000, 5859.68 sec so far
Iteration 87448338: max diff=0.000000, 5864.69 sec so far
Iteration 87523997: max diff=0.000000, 5869.69 sec so far
Iteration 87599944: max diff=0.000000, 5874.70 sec so far
Iteration 87675050: max diff=0.000000, 5879.70 sec so far
Iteration 87750719: max diff=0.000000, 5884.70 sec so far
Iteration 87826355: max diff=0.000000, 5889.71 sec so far
Iteration 87901957: max diff=0.000000, 5894.71 sec so far
Iteration 87977300: max diff=0.000000, 5899.72 sec so far
Iteration 88052571: max diff=0.000000, 5904.72 sec so far
Iteration 88128197: max diff=0.000000, 5909.72 sec so far
Iteration 88203477: max diff=0.000000, 5914.73 sec so far
Iteration 88278671: max diff=0.000000, 5919.73 sec so far
Iteration 88354048: max diff=0.000000, 5924.74 sec so far
Iteration 88429317: max diff=0.000000, 5929.74 sec so far
Iteration 88504506: max diff=0.000000, 5934.74 sec so far
Iteration 88580115: max diff=0.000000, 5939.75 sec so far
Iteration 88655968: max diff=0.000000, 5944.75 sec so far
Iteration 88731411: max diff=0.000000, 5949.76 sec so far
Iteration 88806845: max diff=0.000000, 5954.76 sec so far
Iteration 88881491: max diff=0.000000, 5959.76 sec so far
Iteration 88957313: max diff=0.000000, 5964.77 sec so far
Iteration 89032572: max diff=0.000000, 5969.77 sec so far
Iteration 89108211: max diff=0.000000, 5974.78 sec so far
Iteration 89183461: max diff=0.000000, 5979.78 sec so far
Iteration 89258944: max diff=0.000000, 5984.78 sec so far
Iteration 89334315: max diff=0.000000, 5989.79 sec so far
Iteration 89409884: max diff=0.000000, 5994.79 sec so far
Iteration 89485617: max diff=0.000000, 5999.80 sec so far
Iteration 89561383: max diff=0.000000, 6004.80 sec so far
Iteration 89636775: max diff=0.000000, 6009.80 sec so far
Iteration 89712492: max diff=0.000000, 6014.81 sec so far
Iteration 89787975: max diff=0.000000, 6019.81 sec so far
Iteration 89863378: max diff=0.000000, 6024.82 sec so far
Iteration 89938344: max diff=0.000000, 6029.82 sec so far
Iteration 90013917: max diff=0.000000, 6034.82 sec so far
Iteration 90089325: max diff=0.000000, 6039.83 sec so far
Iteration 90164631: max diff=0.000000, 6044.83 sec so far
Iteration 90239964: max diff=0.000000, 6049.84 sec so far
Iteration 90315620: max diff=0.000000, 6054.84 sec so far
Iteration 90391756: max diff=0.000000, 6059.84 sec so far
Iteration 90467115: max diff=0.000000, 6064.85 sec so far
Iteration 90542744: max diff=0.000000, 6069.85 sec so far
Iteration 90617999: max diff=0.000000, 6074.86 sec so far
Iteration 90693277: max diff=0.000000, 6079.86 sec so far
Iteration 90768728: max diff=0.000000, 6084.86 sec so far
Iteration 90844318: max diff=0.000000, 6089.87 sec so far
Iteration 90919778: max diff=0.000000, 6094.87 sec so far
Iteration 90995196: max diff=0.000000, 6099.88 sec so far
Iteration 91070912: max diff=0.000000, 6104.88 sec so far
Iteration 91146559: max diff=0.000000, 6109.88 sec so far
Iteration 91222344: max diff=0.000000, 6114.89 sec so far
Iteration 91297659: max diff=0.000000, 6119.89 sec so far
Iteration 91372886: max diff=0.000000, 6124.90 sec so far
Iteration 91448718: max diff=0.000000, 6129.90 sec so far
Iteration 91524252: max diff=0.000000, 6134.90 sec so far
Iteration 91599773: max diff=0.000000, 6139.91 sec so far
Iteration 91675521: max diff=0.000000, 6144.91 sec so far
Iteration 91751116: max diff=0.000000, 6149.92 sec so far
Iteration 91826700: max diff=0.000000, 6154.92 sec so far
Iteration 91901961: max diff=0.000000, 6159.92 sec so far
Iteration 91977514: max diff=0.000000, 6164.93 sec so far
Iteration 92053592: max diff=0.000000, 6169.93 sec so far
Iteration 92128568: max diff=0.000000, 6174.94 sec so far
Iteration 92204326: max diff=0.000000, 6179.94 sec so far
Iteration 92279871: max diff=0.000000, 6184.94 sec so far
Iteration 92355888: max diff=0.000000, 6189.95 sec so far
Iteration 92431290: max diff=0.000000, 6194.95 sec so far
Iteration 92506782: max diff=0.000000, 6199.96 sec so far
Iteration 92582123: max diff=0.000000, 6204.96 sec so far
Iteration 92657373: max diff=0.000000, 6209.96 sec so far
Iteration 92732971: max diff=0.000000, 6214.97 sec so far
Iteration 92808391: max diff=0.000000, 6219.97 sec so far
Iteration 92883666: max diff=0.000000, 6224.98 sec so far
Iteration 92959111: max diff=0.000000, 6229.98 sec so far
Iteration 93034560: max diff=0.000000, 6234.98 sec so far
Iteration 93109654: max diff=0.000000, 6239.99 sec so far
Iteration 93185156: max diff=0.000000, 6244.99 sec so far
Iteration 93260845: max diff=0.000000, 6250.00 sec so far
Iteration 93335944: max diff=0.000000, 6255.00 sec so far
Iteration 93411427: max diff=0.000000, 6260.00 sec so far
Iteration 93487115: max diff=0.000000, 6265.01 sec so far
Iteration 93562154: max diff=0.000000, 6270.01 sec so far
Iteration 93637519: max diff=0.000000, 6275.02 sec so far
Iteration 93712984: max diff=0.000000, 6280.02 sec so far
Iteration 93788334: max diff=0.000000, 6285.02 sec so far
Iteration 93863897: max diff=0.000000, 6290.03 sec so far
Iteration 93939723: max diff=0.000000, 6295.03 sec so far
Iteration 94014579: max diff=0.000000, 6300.04 sec so far
Iteration 94090439: max diff=0.000000, 6305.04 sec so far
Iteration 94166155: max diff=0.000000, 6310.04 sec so far
Iteration 94241875: max diff=0.000000, 6315.05 sec so far
Iteration 94317354: max diff=0.000000, 6320.05 sec so far
Iteration 94392660: max diff=0.000000, 6325.06 sec so far
Iteration 94467999: max diff=0.000000, 6330.06 sec so far
Iteration 94543902: max diff=0.000000, 6335.06 sec so far
Iteration 94619262: max diff=0.000000, 6340.07 sec so far
Iteration 94694720: max diff=0.000000, 6345.07 sec so far
Iteration 94770620: max diff=0.000000, 6350.08 sec so far
Iteration 94845968: max diff=0.000000, 6355.08 sec so far
Iteration 94921244: max diff=0.000000, 6360.08 sec so far
Iteration 94996594: max diff=0.000000, 6365.09 sec so far
Iteration 95071846: max diff=0.000000, 6370.09 sec so far
Iteration 95147074: max diff=0.000000, 6375.10 sec so far
Iteration 95223239: max diff=0.000000, 6380.10 sec so far
Iteration 95298708: max diff=0.000000, 6385.10 sec so far
Iteration 95374262: max diff=0.000000, 6390.11 sec so far
Iteration 95449853: max diff=0.000000, 6395.11 sec so far
Iteration 95524956: max diff=0.000000, 6400.12 sec so far
Iteration 95600667: max diff=0.000000, 6405.12 sec so far
Iteration 95676223: max diff=0.000000, 6410.12 sec so far
Iteration 95751924: max diff=0.000000, 6415.13 sec so far
Iteration 95827946: max diff=0.000000, 6420.13 sec so far
Iteration 95903052: max diff=0.000000, 6425.14 sec so far
Iteration 95978688: max diff=0.000000, 6430.14 sec so far
Iteration 96052863: max diff=0.000000, 6435.14 sec so far
Iteration 96128793: max diff=0.000000, 6440.15 sec so far
Iteration 96204406: max diff=0.000000, 6445.15 sec so far
Iteration 96279722: max diff=0.000000, 6450.16 sec so far
Iteration 96355351: max diff=0.000000, 6455.16 sec so far
Iteration 96430909: max diff=0.000000, 6460.16 sec so far
Iteration 96506476: max diff=0.000000, 6465.17 sec so far
Iteration 96582206: max diff=0.000000, 6470.17 sec so far
Iteration 96657336: max diff=0.000000, 6475.18 sec so far
Iteration 96732805: max diff=0.000000, 6480.18 sec so far
Iteration 96808430: max diff=0.000000, 6485.18 sec so far
Iteration 96883673: max diff=0.000000, 6490.19 sec so far
Iteration 96958982: max diff=0.000000, 6495.19 sec so far
Iteration 97034387: max diff=0.000000, 6500.20 sec so far
Iteration 97109919: max diff=0.000000, 6505.20 sec so far
Iteration 97185563: max diff=0.000000, 6510.20 sec so far
Iteration 97260649: max diff=0.000000, 6515.21 sec so far
Iteration 97335994: max diff=0.000000, 6520.21 sec so far
Iteration 97411616: max diff=0.000000, 6525.22 sec so far
Iteration 97487340: max diff=0.000000, 6530.22 sec so far
Iteration 97563068: max diff=0.000000, 6535.22 sec so far
Iteration 97638347: max diff=0.000000, 6540.23 sec so far
Iteration 97713663: max diff=0.000000, 6545.23 sec so far
Iteration 97789598: max diff=0.000000, 6550.24 sec so far
Iteration 97864691: max diff=0.000000, 6555.24 sec so far
Iteration 97939615: max diff=0.000000, 6560.24 sec so far
Iteration 98013786: max diff=0.000000, 6565.25 sec so far
Iteration 98089143: max diff=0.000000, 6570.25 sec so far
Iteration 98165162: max diff=0.000000, 6575.26 sec so far
Iteration 98240513: max diff=0.000000, 6580.26 sec so far
Iteration 98316331: max diff=0.000000, 6585.26 sec so far
Iteration 98391759: max diff=0.000000, 6590.27 sec so far
Iteration 98467631: max diff=0.000000, 6595.27 sec so far
Iteration 98543469: max diff=0.000000, 6600.28 sec so far
Iteration 98618774: max diff=0.000000, 6605.28 sec so far
Iteration 98694419: max diff=0.000000, 6610.28 sec so far
Iteration 98770221: max diff=0.000000, 6615.29 sec so far
Iteration 98845669: max diff=0.000000, 6620.29 sec so far
Iteration 98921247: max diff=0.000000, 6625.30 sec so far
Iteration 98996829: max diff=0.000000, 6630.30 sec so far
Iteration 99073085: max diff=0.000000, 6635.30 sec so far
Iteration 99148906: max diff=0.000000, 6640.31 sec so far
Iteration 99224408: max diff=0.000000, 6645.31 sec so far
Iteration 99300318: max diff=0.000000, 6650.32 sec so far
Iteration 99375734: max diff=0.000000, 6655.32 sec so far
Iteration 99450970: max diff=0.000000, 6660.32 sec so far
Iteration 99527048: max diff=0.000000, 6665.33 sec so far
Iteration 99602337: max diff=0.000000, 6670.33 sec so far
Iteration 99677887: max diff=0.000000, 6675.34 sec so far
Iteration 99753719: max diff=0.000000, 6680.34 sec so far
Iteration 99829471: max diff=0.000000, 6685.34 sec so far
Iteration 99905087: max diff=0.000000, 6690.35 sec so far
Iteration 99980521: max diff=0.000000, 6695.35 sec so far

Power method: 100000000 iterations in 6696.64 seconds (average 0.000067, setup 0.00)

Error: Iterative method did not converge within 100000000 iterations.
Consider using a different numerical method or increasing the maximum number of iterations.

