PRISM
=====

Version: 4.4
Date: Wed Jul 11 03:33:05 EDT 2018
Hostname: storm-eval
Memory limits: cudd=1g, java(heap)=910.5m
Command line: prism -hybrid -epsilon 2e-14 -maxiters 100000000 -power -absolute -const k=5000 ../../CZK_project/Model/benchmark/devel/firstRejuvenation/firstRejuvenation_CTMC.pm -ss -exportss ../../CZK_project/Output/firstRejuvenation_1E-10_dynamic/hybrid/ph_5000_1E-10

Parsing model file "../../CZK_project/Model/benchmark/devel/firstRejuvenation/firstRejuvenation_CTMC.pm"...

Type:        CTMC
Modules:     firstRejuvenation trigger 
Variables:   status avail maintenance i 

---------------------------------------------------------------------

Computing steady-state probabilities...

Building model...
Model constants: k=5000

Computing reachable states...

Reachability (BFS): 10001 iterations in 0.34 seconds (average 0.000034, setup 0.00)

Time for model construction: 3.699 seconds.

Type:        CTMC
States:      25000 (1 initial)
Transitions: 35000

Rate matrix: 466 nodes (7 terminal), 35000 minterms, vars: 17r/17c

SCCs: 1, BSCCs: 1, non-BSCC states: 0
BSCC sizes: 1:25000

Initial states all in one BSCC (so no reachability probabilities computed)

Computing probabilities...
Engine: Hybrid

Building power method iteration matrix MTBDD... [nodes=540] [10.5 Kb]
Building hybrid MTBDD matrix... [levels=17, nodes=608] [28.5 KB]
Adding explicit sparse matrices... [levels=17, num=1, compact] [258.9 KB]
Allocating iteration vectors... [2 x 195.3 KB]
TOTAL: [678.0 KB]

Starting iterations...
Iteration 29895: max diff=0.000004, 5.00 sec so far
Iteration 60015: max diff=0.000002, 10.01 sec so far
Iteration 90038: max diff=0.000001, 15.01 sec so far
Iteration 119967: max diff=0.000001, 20.02 sec so far
Iteration 150068: max diff=0.000001, 25.02 sec so far
Iteration 180121: max diff=0.000001, 30.02 sec so far
Iteration 210214: max diff=0.000000, 35.03 sec so far
Iteration 239996: max diff=0.000000, 40.03 sec so far
Iteration 269865: max diff=0.000000, 45.04 sec so far
Iteration 299672: max diff=0.000000, 50.04 sec so far
Iteration 329696: max diff=0.000000, 55.04 sec so far
Iteration 359798: max diff=0.000000, 60.05 sec so far
Iteration 389631: max diff=0.000000, 65.05 sec so far
Iteration 419578: max diff=0.000000, 70.06 sec so far
Iteration 449323: max diff=0.000000, 75.06 sec so far
Iteration 479318: max diff=0.000000, 80.06 sec so far
Iteration 509551: max diff=0.000000, 85.07 sec so far
Iteration 539653: max diff=0.000000, 90.07 sec so far
Iteration 569737: max diff=0.000000, 95.08 sec so far
Iteration 599783: max diff=0.000000, 100.08 sec so far
Iteration 629683: max diff=0.000000, 105.08 sec so far
Iteration 659369: max diff=0.000000, 110.09 sec so far
Iteration 689076: max diff=0.000000, 115.09 sec so far
Iteration 719178: max diff=0.000000, 120.10 sec so far
Iteration 749146: max diff=0.000000, 125.10 sec so far
Iteration 779355: max diff=0.000000, 130.10 sec so far
Iteration 809303: max diff=0.000000, 135.11 sec so far
Iteration 839138: max diff=0.000000, 140.11 sec so far
Iteration 868937: max diff=0.000000, 145.12 sec so far
Iteration 898773: max diff=0.000000, 150.12 sec so far
Iteration 928754: max diff=0.000000, 155.12 sec so far
Iteration 958781: max diff=0.000000, 160.13 sec so far
Iteration 988764: max diff=0.000000, 165.13 sec so far
Iteration 1018998: max diff=0.000000, 170.14 sec so far
Iteration 1049027: max diff=0.000000, 175.14 sec so far
Iteration 1078894: max diff=0.000000, 180.14 sec so far
Iteration 1108758: max diff=0.000000, 185.15 sec so far
Iteration 1138884: max diff=0.000000, 190.15 sec so far
Iteration 1168852: max diff=0.000000, 195.16 sec so far
Iteration 1198756: max diff=0.000000, 200.16 sec so far
Iteration 1228725: max diff=0.000000, 205.16 sec so far
Iteration 1258681: max diff=0.000000, 210.17 sec so far
Iteration 1288919: max diff=0.000000, 215.17 sec so far
Iteration 1318922: max diff=0.000000, 220.18 sec so far
Iteration 1348925: max diff=0.000000, 225.18 sec so far
Iteration 1378858: max diff=0.000000, 230.18 sec so far
Iteration 1408996: max diff=0.000000, 235.19 sec so far
Iteration 1437283: max diff=0.000000, 240.19 sec so far
Iteration 1467363: max diff=0.000000, 245.20 sec so far
Iteration 1497382: max diff=0.000000, 250.20 sec so far
Iteration 1527472: max diff=0.000000, 255.20 sec so far
Iteration 1557529: max diff=0.000000, 260.21 sec so far
Iteration 1587717: max diff=0.000000, 265.21 sec so far
Iteration 1617544: max diff=0.000000, 270.22 sec so far
Iteration 1647490: max diff=0.000000, 275.22 sec so far
Iteration 1677555: max diff=0.000000, 280.22 sec so far
Iteration 1707516: max diff=0.000000, 285.23 sec so far
Iteration 1737494: max diff=0.000000, 290.23 sec so far
Iteration 1767632: max diff=0.000000, 295.24 sec so far
Iteration 1797663: max diff=0.000000, 300.24 sec so far
Iteration 1827613: max diff=0.000000, 305.24 sec so far
Iteration 1857630: max diff=0.000000, 310.25 sec so far
Iteration 1887538: max diff=0.000000, 315.25 sec so far
Iteration 1917517: max diff=0.000000, 320.26 sec so far
Iteration 1947492: max diff=0.000000, 325.26 sec so far
Iteration 1977508: max diff=0.000000, 330.26 sec so far
Iteration 2007582: max diff=0.000000, 335.27 sec so far
Iteration 2037692: max diff=0.000000, 340.27 sec so far
Iteration 2067867: max diff=0.000000, 345.28 sec so far
Iteration 2097346: max diff=0.000000, 350.28 sec so far
Iteration 2124769: max diff=0.000000, 355.28 sec so far
Iteration 2152793: max diff=0.000000, 360.29 sec so far
Iteration 2181888: max diff=0.000000, 365.29 sec so far
Iteration 2210909: max diff=0.000000, 370.30 sec so far
Iteration 2239468: max diff=0.000000, 375.30 sec so far
Iteration 2267964: max diff=0.000000, 380.30 sec so far
Iteration 2295757: max diff=0.000000, 385.31 sec so far
Iteration 2323751: max diff=0.000000, 390.31 sec so far
Iteration 2353666: max diff=0.000000, 395.32 sec so far
Iteration 2383493: max diff=0.000000, 400.32 sec so far
Iteration 2413445: max diff=0.000000, 405.32 sec so far
Iteration 2443212: max diff=0.000000, 410.33 sec so far
Iteration 2473109: max diff=0.000000, 415.33 sec so far
Iteration 2502558: max diff=0.000000, 420.34 sec so far
Iteration 2532596: max diff=0.000000, 425.34 sec so far
Iteration 2562320: max diff=0.000000, 430.34 sec so far
Iteration 2591960: max diff=0.000000, 435.35 sec so far
Iteration 2621962: max diff=0.000000, 440.35 sec so far
Iteration 2652217: max diff=0.000000, 445.36 sec so far
Iteration 2681805: max diff=0.000000, 450.36 sec so far
Iteration 2711923: max diff=0.000000, 455.36 sec so far
Iteration 2742175: max diff=0.000000, 460.37 sec so far
Iteration 2772514: max diff=0.000000, 465.37 sec so far
Iteration 2802947: max diff=0.000000, 470.38 sec so far
Iteration 2833231: max diff=0.000000, 475.38 sec so far
Iteration 2863435: max diff=0.000000, 480.38 sec so far
Iteration 2893823: max diff=0.000000, 485.39 sec so far
Iteration 2924066: max diff=0.000000, 490.39 sec so far
Iteration 2954172: max diff=0.000000, 495.40 sec so far
Iteration 2984379: max diff=0.000000, 500.40 sec so far
Iteration 3014556: max diff=0.000000, 505.40 sec so far
Iteration 3044672: max diff=0.000000, 510.41 sec so far
Iteration 3074819: max diff=0.000000, 515.41 sec so far
Iteration 3105130: max diff=0.000000, 520.42 sec so far
Iteration 3135352: max diff=0.000000, 525.42 sec so far
Iteration 3165656: max diff=0.000000, 530.42 sec so far
Iteration 3195786: max diff=0.000000, 535.43 sec so far
Iteration 3225983: max diff=0.000000, 540.43 sec so far
Iteration 3256185: max diff=0.000000, 545.44 sec so far
Iteration 3286406: max diff=0.000000, 550.44 sec so far
Iteration 3316534: max diff=0.000000, 555.44 sec so far
Iteration 3346760: max diff=0.000000, 560.45 sec so far
Iteration 3376629: max diff=0.000000, 565.45 sec so far
Iteration 3406597: max diff=0.000000, 570.46 sec so far
Iteration 3436757: max diff=0.000000, 575.46 sec so far
Iteration 3466949: max diff=0.000000, 580.46 sec so far
Iteration 3497077: max diff=0.000000, 585.47 sec so far
Iteration 3527428: max diff=0.000000, 590.47 sec so far
Iteration 3557705: max diff=0.000000, 595.48 sec so far
Iteration 3587909: max diff=0.000000, 600.48 sec so far
Iteration 3618179: max diff=0.000000, 605.48 sec so far
Iteration 3648309: max diff=0.000000, 610.49 sec so far
Iteration 3678584: max diff=0.000000, 615.49 sec so far
Iteration 3708812: max diff=0.000000, 620.50 sec so far
Iteration 3739070: max diff=0.000000, 625.50 sec so far
Iteration 3769333: max diff=0.000000, 630.50 sec so far
Iteration 3799515: max diff=0.000000, 635.51 sec so far
Iteration 3829765: max diff=0.000000, 640.51 sec so far
Iteration 3860109: max diff=0.000000, 645.52 sec so far
Iteration 3890289: max diff=0.000000, 650.52 sec so far
Iteration 3920472: max diff=0.000000, 655.52 sec so far
Iteration 3950761: max diff=0.000000, 660.53 sec so far
Iteration 3980960: max diff=0.000000, 665.53 sec so far
Iteration 4011179: max diff=0.000000, 670.54 sec so far
Iteration 4041428: max diff=0.000000, 675.54 sec so far
Iteration 4071802: max diff=0.000000, 680.54 sec so far
Iteration 4102001: max diff=0.000000, 685.55 sec so far
Iteration 4132216: max diff=0.000000, 690.55 sec so far
Iteration 4162436: max diff=0.000000, 695.56 sec so far
Iteration 4192496: max diff=0.000000, 700.56 sec so far
Iteration 4222772: max diff=0.000000, 705.56 sec so far
Iteration 4253115: max diff=0.000000, 710.57 sec so far
Iteration 4283288: max diff=0.000000, 715.57 sec so far
Iteration 4313281: max diff=0.000000, 720.58 sec so far
Iteration 4343462: max diff=0.000000, 725.58 sec so far
Iteration 4373667: max diff=0.000000, 730.58 sec so far
Iteration 4403731: max diff=0.000000, 735.59 sec so far
Iteration 4433962: max diff=0.000000, 740.59 sec so far
Iteration 4464064: max diff=0.000000, 745.60 sec so far
Iteration 4494138: max diff=0.000000, 750.60 sec so far
Iteration 4524433: max diff=0.000000, 755.60 sec so far
Iteration 4554703: max diff=0.000000, 760.61 sec so far
Iteration 4584888: max diff=0.000000, 765.61 sec so far
Iteration 4615124: max diff=0.000000, 770.62 sec so far
Iteration 4645296: max diff=0.000000, 775.62 sec so far
Iteration 4675496: max diff=0.000000, 780.62 sec so far
Iteration 4705575: max diff=0.000000, 785.63 sec so far
Iteration 4735913: max diff=0.000000, 790.63 sec so far
Iteration 4766150: max diff=0.000000, 795.64 sec so far
Iteration 4796375: max diff=0.000000, 800.64 sec so far
Iteration 4826570: max diff=0.000000, 805.64 sec so far
Iteration 4856774: max diff=0.000000, 810.65 sec so far
Iteration 4886886: max diff=0.000000, 815.65 sec so far
Iteration 4917075: max diff=0.000000, 820.66 sec so far
Iteration 4947338: max diff=0.000000, 825.66 sec so far
Iteration 4977592: max diff=0.000000, 830.66 sec so far
Iteration 5007912: max diff=0.000000, 835.67 sec so far
Iteration 5038108: max diff=0.000000, 840.67 sec so far
Iteration 5068344: max diff=0.000000, 845.68 sec so far
Iteration 5098359: max diff=0.000000, 850.68 sec so far
Iteration 5128456: max diff=0.000000, 855.68 sec so far
Iteration 5158568: max diff=0.000000, 860.69 sec so far
Iteration 5188717: max diff=0.000000, 865.69 sec so far
Iteration 5218892: max diff=0.000000, 870.70 sec so far
Iteration 5249191: max diff=0.000000, 875.70 sec so far
Iteration 5279423: max diff=0.000000, 880.70 sec so far
Iteration 5309696: max diff=0.000000, 885.71 sec so far
Iteration 5339893: max diff=0.000000, 890.71 sec so far
Iteration 5370190: max diff=0.000000, 895.72 sec so far
Iteration 5400331: max diff=0.000000, 900.72 sec so far
Iteration 5430529: max diff=0.000000, 905.72 sec so far
Iteration 5460708: max diff=0.000000, 910.73 sec so far
Iteration 5490927: max diff=0.000000, 915.73 sec so far
Iteration 5521136: max diff=0.000000, 920.74 sec so far
Iteration 5551357: max diff=0.000000, 925.74 sec so far
Iteration 5581607: max diff=0.000000, 930.74 sec so far
Iteration 5611859: max diff=0.000000, 935.75 sec so far
Iteration 5641908: max diff=0.000000, 940.75 sec so far
Iteration 5671967: max diff=0.000000, 945.76 sec so far
Iteration 5702304: max diff=0.000000, 950.76 sec so far
Iteration 5732591: max diff=0.000000, 955.76 sec so far
Iteration 5762876: max diff=0.000000, 960.77 sec so far
Iteration 5793273: max diff=0.000000, 965.77 sec so far
Iteration 5823417: max diff=0.000000, 970.78 sec so far
Iteration 5853143: max diff=0.000000, 975.78 sec so far
Iteration 5883051: max diff=0.000000, 980.78 sec so far
Iteration 5913309: max diff=0.000000, 985.79 sec so far
Iteration 5943141: max diff=0.000000, 990.79 sec so far
Iteration 5973395: max diff=0.000000, 995.80 sec so far
Iteration 6003565: max diff=0.000000, 1000.80 sec so far
Iteration 6033811: max diff=0.000000, 1005.80 sec so far
Iteration 6064195: max diff=0.000000, 1010.81 sec so far
Iteration 6094461: max diff=0.000000, 1015.81 sec so far
Iteration 6124777: max diff=0.000000, 1020.82 sec so far
Iteration 6154996: max diff=0.000000, 1025.82 sec so far
Iteration 6185366: max diff=0.000000, 1030.82 sec so far
Iteration 6215672: max diff=0.000000, 1035.83 sec so far
Iteration 6245981: max diff=0.000000, 1040.83 sec so far
Iteration 6276170: max diff=0.000000, 1045.84 sec so far
Iteration 6306331: max diff=0.000000, 1050.84 sec so far
Iteration 6336431: max diff=0.000000, 1055.84 sec so far
Iteration 6366019: max diff=0.000000, 1060.85 sec so far
Iteration 6395664: max diff=0.000000, 1065.85 sec so far
Iteration 6425298: max diff=0.000000, 1070.86 sec so far
Iteration 6455007: max diff=0.000000, 1075.86 sec so far
Iteration 6484613: max diff=0.000000, 1080.86 sec so far
Iteration 6514227: max diff=0.000000, 1085.87 sec so far
Iteration 6543824: max diff=0.000000, 1090.87 sec so far
Iteration 6573490: max diff=0.000000, 1095.88 sec so far
Iteration 6603130: max diff=0.000000, 1100.88 sec so far
Iteration 6632714: max diff=0.000000, 1105.88 sec so far
Iteration 6662341: max diff=0.000000, 1110.89 sec so far
Iteration 6691931: max diff=0.000000, 1115.89 sec so far
Iteration 6721601: max diff=0.000000, 1120.90 sec so far
Iteration 6751246: max diff=0.000000, 1125.90 sec so far
Iteration 6780791: max diff=0.000000, 1130.90 sec so far
Iteration 6810430: max diff=0.000000, 1135.91 sec so far
Iteration 6839957: max diff=0.000000, 1140.91 sec so far
Iteration 6869616: max diff=0.000000, 1145.92 sec so far
Iteration 6899163: max diff=0.000000, 1150.92 sec so far
Iteration 6928756: max diff=0.000000, 1155.92 sec so far
Iteration 6958320: max diff=0.000000, 1160.93 sec so far
Iteration 6987961: max diff=0.000000, 1165.93 sec so far
Iteration 7017619: max diff=0.000000, 1170.94 sec so far
Iteration 7047387: max diff=0.000000, 1175.94 sec so far
Iteration 7076871: max diff=0.000000, 1180.94 sec so far
Iteration 7106513: max diff=0.000000, 1185.95 sec so far
Iteration 7136186: max diff=0.000000, 1190.95 sec so far
Iteration 7166021: max diff=0.000000, 1195.96 sec so far
Iteration 7195789: max diff=0.000000, 1200.96 sec so far
Iteration 7225501: max diff=0.000000, 1205.96 sec so far
Iteration 7255224: max diff=0.000000, 1210.97 sec so far
Iteration 7284896: max diff=0.000000, 1215.97 sec so far
Iteration 7314572: max diff=0.000000, 1220.98 sec so far
Iteration 7344228: max diff=0.000000, 1225.98 sec so far
Iteration 7373905: max diff=0.000000, 1230.98 sec so far
Iteration 7403605: max diff=0.000000, 1235.99 sec so far
Iteration 7433177: max diff=0.000000, 1240.99 sec so far
Iteration 7462843: max diff=0.000000, 1246.00 sec so far
Iteration 7492683: max diff=0.000000, 1251.00 sec so far
Iteration 7522239: max diff=0.000000, 1256.00 sec so far
Iteration 7551920: max diff=0.000000, 1261.01 sec so far
Iteration 7581568: max diff=0.000000, 1266.01 sec so far
Iteration 7611271: max diff=0.000000, 1271.02 sec so far
Iteration 7640862: max diff=0.000000, 1276.02 sec so far
Iteration 7670577: max diff=0.000000, 1281.02 sec so far
Iteration 7700261: max diff=0.000000, 1286.03 sec so far
Iteration 7730042: max diff=0.000000, 1291.03 sec so far
Iteration 7759734: max diff=0.000000, 1296.04 sec so far
Iteration 7789352: max diff=0.000000, 1301.04 sec so far
Iteration 7819094: max diff=0.000000, 1306.04 sec so far
Iteration 7848603: max diff=0.000000, 1311.05 sec so far
Iteration 7878105: max diff=0.000000, 1316.05 sec so far
Iteration 7907777: max diff=0.000000, 1321.06 sec so far
Iteration 7937453: max diff=0.000000, 1326.06 sec so far
Iteration 7967124: max diff=0.000000, 1331.06 sec so far
Iteration 7996746: max diff=0.000000, 1336.07 sec so far
Iteration 8026304: max diff=0.000000, 1341.07 sec so far
Iteration 8055909: max diff=0.000000, 1346.08 sec so far
Iteration 8085675: max diff=0.000000, 1351.08 sec so far
Iteration 8115326: max diff=0.000000, 1356.08 sec so far
Iteration 8144859: max diff=0.000000, 1361.09 sec so far
Iteration 8174460: max diff=0.000000, 1366.09 sec so far
Iteration 8204069: max diff=0.000000, 1371.10 sec so far
Iteration 8233753: max diff=0.000000, 1376.10 sec so far
Iteration 8263470: max diff=0.000000, 1381.10 sec so far
Iteration 8292988: max diff=0.000000, 1386.11 sec so far
Iteration 8322449: max diff=0.000000, 1391.11 sec so far
Iteration 8352050: max diff=0.000000, 1396.12 sec so far
Iteration 8381584: max diff=0.000000, 1401.12 sec so far
Iteration 8411116: max diff=0.000000, 1406.12 sec so far
Iteration 8440730: max diff=0.000000, 1411.13 sec so far
Iteration 8470304: max diff=0.000000, 1416.13 sec so far
Iteration 8499769: max diff=0.000000, 1421.14 sec so far
Iteration 8529251: max diff=0.000000, 1426.14 sec so far
Iteration 8558009: max diff=0.000000, 1431.14 sec so far
Iteration 8586569: max diff=0.000000, 1436.15 sec so far
Iteration 8616128: max diff=0.000000, 1441.15 sec so far
Iteration 8645821: max diff=0.000000, 1446.16 sec so far
Iteration 8675422: max diff=0.000000, 1451.16 sec so far
Iteration 8705070: max diff=0.000000, 1456.16 sec so far
Iteration 8734822: max diff=0.000000, 1461.17 sec so far
Iteration 8764474: max diff=0.000000, 1466.17 sec so far
Iteration 8794118: max diff=0.000000, 1471.18 sec so far
Iteration 8823741: max diff=0.000000, 1476.18 sec so far
Iteration 8853350: max diff=0.000000, 1481.18 sec so far
Iteration 8883126: max diff=0.000000, 1486.19 sec so far
Iteration 8912828: max diff=0.000000, 1491.19 sec so far
Iteration 8942467: max diff=0.000000, 1496.20 sec so far
Iteration 8972225: max diff=0.000000, 1501.20 sec so far
Iteration 9001904: max diff=0.000000, 1506.20 sec so far
Iteration 9031652: max diff=0.000000, 1511.21 sec so far
Iteration 9060923: max diff=0.000000, 1516.21 sec so far
Iteration 9090078: max diff=0.000000, 1521.22 sec so far
Iteration 9119240: max diff=0.000000, 1526.22 sec so far
Iteration 9148303: max diff=0.000000, 1531.22 sec so far
Iteration 9177924: max diff=0.000000, 1536.23 sec so far
Iteration 9207257: max diff=0.000000, 1541.23 sec so far
Iteration 9236932: max diff=0.000000, 1546.24 sec so far
Iteration 9266470: max diff=0.000000, 1551.24 sec so far
Iteration 9296075: max diff=0.000000, 1556.24 sec so far
Iteration 9325775: max diff=0.000000, 1561.25 sec so far
Iteration 9355444: max diff=0.000000, 1566.25 sec so far
Iteration 9385053: max diff=0.000000, 1571.26 sec so far
Iteration 9414666: max diff=0.000000, 1576.26 sec so far
Iteration 9444358: max diff=0.000000, 1581.26 sec so far
Iteration 9474053: max diff=0.000000, 1586.27 sec so far
Iteration 9503735: max diff=0.000000, 1591.27 sec so far
Iteration 9533326: max diff=0.000000, 1596.28 sec so far
Iteration 9563018: max diff=0.000000, 1601.28 sec so far
Iteration 9592699: max diff=0.000000, 1606.28 sec so far
Iteration 9622382: max diff=0.000000, 1611.29 sec so far
Iteration 9652079: max diff=0.000000, 1616.29 sec so far
Iteration 9681728: max diff=0.000000, 1621.30 sec so far
Iteration 9711307: max diff=0.000000, 1626.30 sec so far
Iteration 9740825: max diff=0.000000, 1631.30 sec so far
Iteration 9770334: max diff=0.000000, 1636.31 sec so far
Iteration 9799802: max diff=0.000000, 1641.31 sec so far
Iteration 9829488: max diff=0.000000, 1646.32 sec so far
Iteration 9859178: max diff=0.000000, 1651.32 sec so far
Iteration 9889097: max diff=0.000000, 1656.32 sec so far
Iteration 9919108: max diff=0.000000, 1661.33 sec so far
Iteration 9949169: max diff=0.000000, 1666.33 sec so far
Iteration 9979178: max diff=0.000000, 1671.34 sec so far
Iteration 10009445: max diff=0.000000, 1676.34 sec so far
Iteration 10039789: max diff=0.000000, 1681.34 sec so far
Iteration 10070013: max diff=0.000000, 1686.35 sec so far
Iteration 10100226: max diff=0.000000, 1691.35 sec so far
Iteration 10130341: max diff=0.000000, 1696.36 sec so far
Iteration 10160450: max diff=0.000000, 1701.36 sec so far
Iteration 10190628: max diff=0.000000, 1706.36 sec so far
Iteration 10220797: max diff=0.000000, 1711.37 sec so far
Iteration 10250987: max diff=0.000000, 1716.37 sec so far
Iteration 10281185: max diff=0.000000, 1721.38 sec so far
Iteration 10311474: max diff=0.000000, 1726.38 sec so far
Iteration 10341656: max diff=0.000000, 1731.38 sec so far
Iteration 10371700: max diff=0.000000, 1736.39 sec so far
Iteration 10401861: max diff=0.000000, 1741.39 sec so far
Iteration 10432010: max diff=0.000000, 1746.40 sec so far
Iteration 10462215: max diff=0.000000, 1751.40 sec so far
Iteration 10492472: max diff=0.000000, 1756.40 sec so far
Iteration 10522665: max diff=0.000000, 1761.41 sec so far
Iteration 10552691: max diff=0.000000, 1766.41 sec so far
Iteration 10582729: max diff=0.000000, 1771.42 sec so far
Iteration 10613028: max diff=0.000000, 1776.42 sec so far
Iteration 10643328: max diff=0.000000, 1781.42 sec so far
Iteration 10673376: max diff=0.000000, 1786.43 sec so far
Iteration 10703675: max diff=0.000000, 1791.43 sec so far
Iteration 10733865: max diff=0.000000, 1796.44 sec so far
Iteration 10764052: max diff=0.000000, 1801.44 sec so far
Iteration 10794287: max diff=0.000000, 1806.44 sec so far
Iteration 10824503: max diff=0.000000, 1811.45 sec so far
Iteration 10854770: max diff=0.000000, 1816.45 sec so far
Iteration 10884971: max diff=0.000000, 1821.46 sec so far
Iteration 10915165: max diff=0.000000, 1826.46 sec so far
Iteration 10945335: max diff=0.000000, 1831.46 sec so far
Iteration 10975601: max diff=0.000000, 1836.47 sec so far
Iteration 11005831: max diff=0.000000, 1841.47 sec so far
Iteration 11036143: max diff=0.000000, 1846.48 sec so far
Iteration 11066372: max diff=0.000000, 1851.48 sec so far
Iteration 11096603: max diff=0.000000, 1856.48 sec so far
Iteration 11126852: max diff=0.000000, 1861.49 sec so far
Iteration 11157031: max diff=0.000000, 1866.49 sec so far
Iteration 11187238: max diff=0.000000, 1871.50 sec so far
Iteration 11217426: max diff=0.000000, 1876.50 sec so far
Iteration 11247748: max diff=0.000000, 1881.50 sec so far
Iteration 11278029: max diff=0.000000, 1886.51 sec so far
Iteration 11308315: max diff=0.000000, 1891.51 sec so far
Iteration 11338573: max diff=0.000000, 1896.52 sec so far
Iteration 11368795: max diff=0.000000, 1901.52 sec so far
Iteration 11399057: max diff=0.000000, 1906.52 sec so far
Iteration 11429254: max diff=0.000000, 1911.53 sec so far
Iteration 11459528: max diff=0.000000, 1916.53 sec so far
Iteration 11489603: max diff=0.000000, 1921.54 sec so far
Iteration 11519919: max diff=0.000000, 1926.54 sec so far
Iteration 11550039: max diff=0.000000, 1931.54 sec so far
Iteration 11580243: max diff=0.000000, 1936.55 sec so far
Iteration 11610500: max diff=0.000000, 1941.55 sec so far
Iteration 11640665: max diff=0.000000, 1946.56 sec so far
Iteration 11670818: max diff=0.000000, 1951.56 sec so far
Iteration 11700958: max diff=0.000000, 1956.56 sec so far
Iteration 11731109: max diff=0.000000, 1961.57 sec so far
Iteration 11761225: max diff=0.000000, 1966.57 sec so far
Iteration 11791407: max diff=0.000000, 1971.58 sec so far
Iteration 11821567: max diff=0.000000, 1976.58 sec so far
Iteration 11851688: max diff=0.000000, 1981.58 sec so far
Iteration 11881760: max diff=0.000000, 1986.59 sec so far
Iteration 11911876: max diff=0.000000, 1991.59 sec so far
Iteration 11942073: max diff=0.000000, 1996.60 sec so far
Iteration 11972199: max diff=0.000000, 2001.60 sec so far
Iteration 12002283: max diff=0.000000, 2006.60 sec so far
Iteration 12032471: max diff=0.000000, 2011.61 sec so far
Iteration 12062611: max diff=0.000000, 2016.61 sec so far
Iteration 12092815: max diff=0.000000, 2021.62 sec so far
Iteration 12123003: max diff=0.000000, 2026.62 sec so far
Iteration 12153198: max diff=0.000000, 2031.62 sec so far
Iteration 12183343: max diff=0.000000, 2036.63 sec so far
Iteration 12213594: max diff=0.000000, 2041.63 sec so far
Iteration 12243858: max diff=0.000000, 2046.64 sec so far
Iteration 12274004: max diff=0.000000, 2051.64 sec so far
Iteration 12304357: max diff=0.000000, 2056.64 sec so far
Iteration 12334683: max diff=0.000000, 2061.65 sec so far
Iteration 12364931: max diff=0.000000, 2066.65 sec so far
Iteration 12395117: max diff=0.000000, 2071.66 sec so far
Iteration 12425352: max diff=0.000000, 2076.66 sec so far
Iteration 12455593: max diff=0.000000, 2081.66 sec so far
Iteration 12485933: max diff=0.000000, 2086.67 sec so far
Iteration 12516252: max diff=0.000000, 2091.67 sec so far
Iteration 12546536: max diff=0.000000, 2096.68 sec so far
Iteration 12576692: max diff=0.000000, 2101.68 sec so far
Iteration 12606969: max diff=0.000000, 2106.68 sec so far
Iteration 12637185: max diff=0.000000, 2111.69 sec so far
Iteration 12667384: max diff=0.000000, 2116.69 sec so far
Iteration 12697729: max diff=0.000000, 2121.70 sec so far
Iteration 12727755: max diff=0.000000, 2126.70 sec so far
Iteration 12758040: max diff=0.000000, 2131.70 sec so far
Iteration 12788279: max diff=0.000000, 2136.71 sec so far
Iteration 12818463: max diff=0.000000, 2141.71 sec so far
Iteration 12848592: max diff=0.000000, 2146.72 sec so far
Iteration 12878790: max diff=0.000000, 2151.72 sec so far
Iteration 12908919: max diff=0.000000, 2156.72 sec so far
Iteration 12939131: max diff=0.000000, 2161.73 sec so far
Iteration 12969332: max diff=0.000000, 2166.73 sec so far
Iteration 12999592: max diff=0.000000, 2171.74 sec so far
Iteration 13029851: max diff=0.000000, 2176.74 sec so far
Iteration 13059917: max diff=0.000000, 2181.74 sec so far
Iteration 13090056: max diff=0.000000, 2186.75 sec so far
Iteration 13120278: max diff=0.000000, 2191.75 sec so far
Iteration 13150687: max diff=0.000000, 2196.76 sec so far
Iteration 13180786: max diff=0.000000, 2201.76 sec so far
Iteration 13211028: max diff=0.000000, 2206.76 sec so far
Iteration 13241196: max diff=0.000000, 2211.77 sec so far
Iteration 13271401: max diff=0.000000, 2216.77 sec so far
Iteration 13301582: max diff=0.000000, 2221.78 sec so far
Iteration 13331821: max diff=0.000000, 2226.78 sec so far
Iteration 13361959: max diff=0.000000, 2231.78 sec so far
Iteration 13392133: max diff=0.000000, 2236.79 sec so far
Iteration 13422332: max diff=0.000000, 2241.79 sec so far
Iteration 13452603: max diff=0.000000, 2246.80 sec so far
Iteration 13481973: max diff=0.000000, 2251.80 sec so far
Iteration 13510655: max diff=0.000000, 2256.80 sec so far
Iteration 13539419: max diff=0.000000, 2261.81 sec so far
Iteration 13568039: max diff=0.000000, 2266.81 sec so far
Iteration 13596814: max diff=0.000000, 2271.82 sec so far
Iteration 13625432: max diff=0.000000, 2276.82 sec so far
Iteration 13654209: max diff=0.000000, 2281.82 sec so far
Iteration 13683014: max diff=0.000000, 2286.83 sec so far
Iteration 13711250: max diff=0.000000, 2291.83 sec so far
Iteration 13739947: max diff=0.000000, 2296.84 sec so far
Iteration 13768634: max diff=0.000000, 2301.84 sec so far
Iteration 13797307: max diff=0.000000, 2306.84 sec so far
Iteration 13825973: max diff=0.000000, 2311.85 sec so far
Iteration 13852560: max diff=0.000000, 2316.85 sec so far
Iteration 13881256: max diff=0.000000, 2321.86 sec so far
Iteration 13909991: max diff=0.000000, 2326.86 sec so far
Iteration 13938537: max diff=0.000000, 2331.86 sec so far
Iteration 13967566: max diff=0.000000, 2336.87 sec so far
Iteration 13996536: max diff=0.000000, 2341.87 sec so far
Iteration 14025387: max diff=0.000000, 2346.88 sec so far
Iteration 14054433: max diff=0.000000, 2351.88 sec so far
Iteration 14083465: max diff=0.000000, 2356.88 sec so far
Iteration 14112524: max diff=0.000000, 2361.89 sec so far
Iteration 14141631: max diff=0.000000, 2366.89 sec so far
Iteration 14169974: max diff=0.000000, 2371.90 sec so far
Iteration 14198832: max diff=0.000000, 2376.90 sec so far
Iteration 14227685: max diff=0.000000, 2381.90 sec so far
Iteration 14256660: max diff=0.000000, 2386.91 sec so far
Iteration 14285528: max diff=0.000000, 2391.91 sec so far
Iteration 14314550: max diff=0.000000, 2396.92 sec so far
Iteration 14343557: max diff=0.000000, 2401.92 sec so far
Iteration 14372484: max diff=0.000000, 2406.92 sec so far
Iteration 14401542: max diff=0.000000, 2411.93 sec so far
Iteration 14430610: max diff=0.000000, 2416.93 sec so far
Iteration 14459478: max diff=0.000000, 2421.94 sec so far
Iteration 14488559: max diff=0.000000, 2426.94 sec so far
Iteration 14517713: max diff=0.000000, 2431.94 sec so far
Iteration 14546646: max diff=0.000000, 2436.95 sec so far
Iteration 14575532: max diff=0.000000, 2441.95 sec so far
Iteration 14604622: max diff=0.000000, 2446.96 sec so far
Iteration 14633701: max diff=0.000000, 2451.96 sec so far
Iteration 14662557: max diff=0.000000, 2456.96 sec so far
Iteration 14691527: max diff=0.000000, 2461.97 sec so far
Iteration 14720519: max diff=0.000000, 2466.97 sec so far
Iteration 14749075: max diff=0.000000, 2471.98 sec so far
Iteration 14777752: max diff=0.000000, 2476.98 sec so far
Iteration 14806649: max diff=0.000000, 2481.98 sec so far
Iteration 14835391: max diff=0.000000, 2486.99 sec so far
Iteration 14863985: max diff=0.000000, 2491.99 sec so far
Iteration 14892791: max diff=0.000000, 2497.00 sec so far
Iteration 14921535: max diff=0.000000, 2502.00 sec so far
Iteration 14950232: max diff=0.000000, 2507.00 sec so far
Iteration 14978930: max diff=0.000000, 2512.01 sec so far
Iteration 15007696: max diff=0.000000, 2517.01 sec so far
Iteration 15036480: max diff=0.000000, 2522.02 sec so far
Iteration 15065438: max diff=0.000000, 2527.02 sec so far
Iteration 15094168: max diff=0.000000, 2532.02 sec so far
Iteration 15122806: max diff=0.000000, 2537.03 sec so far
Iteration 15151532: max diff=0.000000, 2542.03 sec so far
Iteration 15180207: max diff=0.000000, 2547.04 sec so far
Iteration 15208924: max diff=0.000000, 2552.04 sec so far
Iteration 15237668: max diff=0.000000, 2557.04 sec so far
Iteration 15266358: max diff=0.000000, 2562.05 sec so far
Iteration 15295098: max diff=0.000000, 2567.05 sec so far
Iteration 15323839: max diff=0.000000, 2572.06 sec so far
Iteration 15352851: max diff=0.000000, 2577.06 sec so far
Iteration 15381685: max diff=0.000000, 2582.06 sec so far
Iteration 15410402: max diff=0.000000, 2587.07 sec so far
Iteration 15439136: max diff=0.000000, 2592.07 sec so far
Iteration 15468000: max diff=0.000000, 2597.08 sec so far
Iteration 15496698: max diff=0.000000, 2602.08 sec so far
Iteration 15525567: max diff=0.000000, 2607.08 sec so far
Iteration 15554354: max diff=0.000000, 2612.09 sec so far
Iteration 15583201: max diff=0.000000, 2617.09 sec so far
Iteration 15611828: max diff=0.000000, 2622.10 sec so far
Iteration 15640776: max diff=0.000000, 2627.10 sec so far
Iteration 15669592: max diff=0.000000, 2632.10 sec so far
Iteration 15698369: max diff=0.000000, 2637.11 sec so far
Iteration 15727091: max diff=0.000000, 2642.11 sec so far
Iteration 15755766: max diff=0.000000, 2647.12 sec so far
Iteration 15784546: max diff=0.000000, 2652.12 sec so far
Iteration 15813463: max diff=0.000000, 2657.12 sec so far
Iteration 15842386: max diff=0.000000, 2662.13 sec so far
Iteration 15871146: max diff=0.000000, 2667.13 sec so far
Iteration 15900024: max diff=0.000000, 2672.14 sec so far
Iteration 15928677: max diff=0.000000, 2677.14 sec so far
Iteration 15957426: max diff=0.000000, 2682.14 sec so far
Iteration 15985957: max diff=0.000000, 2687.15 sec so far
Iteration 16014490: max diff=0.000000, 2692.15 sec so far
Iteration 16043194: max diff=0.000000, 2697.16 sec so far
Iteration 16071935: max diff=0.000000, 2702.16 sec so far
Iteration 16100765: max diff=0.000000, 2707.16 sec so far
Iteration 16129429: max diff=0.000000, 2712.17 sec so far
Iteration 16158546: max diff=0.000000, 2717.17 sec so far
Iteration 16187267: max diff=0.000000, 2722.18 sec so far
Iteration 16216156: max diff=0.000000, 2727.18 sec so far
Iteration 16244749: max diff=0.000000, 2732.18 sec so far
Iteration 16272401: max diff=0.000000, 2737.19 sec so far
Iteration 16301179: max diff=0.000000, 2742.19 sec so far
Iteration 16329832: max diff=0.000000, 2747.20 sec so far
Iteration 16358543: max diff=0.000000, 2752.20 sec so far
Iteration 16387443: max diff=0.000000, 2757.20 sec so far
Iteration 16416333: max diff=0.000000, 2762.21 sec so far
Iteration 16444975: max diff=0.000000, 2767.21 sec so far
Iteration 16473818: max diff=0.000000, 2772.22 sec so far
Iteration 16502596: max diff=0.000000, 2777.22 sec so far
Iteration 16531351: max diff=0.000000, 2782.22 sec so far
Iteration 16560082: max diff=0.000000, 2787.23 sec so far
Iteration 16588933: max diff=0.000000, 2792.23 sec so far
Iteration 16617860: max diff=0.000000, 2797.24 sec so far
Iteration 16646623: max diff=0.000000, 2802.24 sec so far
Iteration 16675499: max diff=0.000000, 2807.24 sec so far
Iteration 16704432: max diff=0.000000, 2812.25 sec so far
Iteration 16733290: max diff=0.000000, 2817.25 sec so far
Iteration 16762123: max diff=0.000000, 2822.26 sec so far
Iteration 16790781: max diff=0.000000, 2827.26 sec so far
Iteration 16819675: max diff=0.000000, 2832.26 sec so far
Iteration 16848523: max diff=0.000000, 2837.27 sec so far
Iteration 16877399: max diff=0.000000, 2842.27 sec so far
Iteration 16905881: max diff=0.000000, 2847.28 sec so far
Iteration 16935821: max diff=0.000000, 2852.28 sec so far
Iteration 16965652: max diff=0.000000, 2857.28 sec so far
Iteration 16995650: max diff=0.000000, 2862.29 sec so far
Iteration 17025541: max diff=0.000000, 2867.29 sec so far
Iteration 17055398: max diff=0.000000, 2872.30 sec so far
Iteration 17085362: max diff=0.000000, 2877.30 sec so far
Iteration 17115488: max diff=0.000000, 2882.30 sec so far
Iteration 17145397: max diff=0.000000, 2887.31 sec so far
Iteration 17175387: max diff=0.000000, 2892.31 sec so far
Iteration 17205265: max diff=0.000000, 2897.32 sec so far
Iteration 17234561: max diff=0.000000, 2902.32 sec so far
Iteration 17264538: max diff=0.000000, 2907.32 sec so far
Iteration 17293231: max diff=0.000000, 2912.33 sec so far
Iteration 17323196: max diff=0.000000, 2917.33 sec so far
Iteration 17353253: max diff=0.000000, 2922.34 sec so far
Iteration 17383101: max diff=0.000000, 2927.34 sec so far
Iteration 17413213: max diff=0.000000, 2932.34 sec so far
Iteration 17442914: max diff=0.000000, 2937.35 sec so far
Iteration 17472959: max diff=0.000000, 2942.35 sec so far
Iteration 17502899: max diff=0.000000, 2947.36 sec so far
Iteration 17532907: max diff=0.000000, 2952.36 sec so far
Iteration 17562711: max diff=0.000000, 2957.36 sec so far
Iteration 17592688: max diff=0.000000, 2962.37 sec so far
Iteration 17622632: max diff=0.000000, 2967.37 sec so far
Iteration 17652655: max diff=0.000000, 2972.38 sec so far
Iteration 17682663: max diff=0.000000, 2977.38 sec so far
Iteration 17712927: max diff=0.000000, 2982.38 sec so far
Iteration 17743089: max diff=0.000000, 2987.39 sec so far
Iteration 17773027: max diff=0.000000, 2992.39 sec so far
Iteration 17803023: max diff=0.000000, 2997.40 sec so far
Iteration 17833198: max diff=0.000000, 3002.40 sec so far
Iteration 17863021: max diff=0.000000, 3007.40 sec so far
Iteration 17893057: max diff=0.000000, 3012.41 sec so far
Iteration 17922114: max diff=0.000000, 3017.41 sec so far
Iteration 17952029: max diff=0.000000, 3022.42 sec so far
Iteration 17981642: max diff=0.000000, 3027.42 sec so far
Iteration 18010863: max diff=0.000000, 3032.42 sec so far
Iteration 18040540: max diff=0.000000, 3037.43 sec so far
Iteration 18070692: max diff=0.000000, 3042.43 sec so far
Iteration 18101046: max diff=0.000000, 3047.44 sec so far
Iteration 18131311: max diff=0.000000, 3052.44 sec so far
Iteration 18161087: max diff=0.000000, 3057.44 sec so far
Iteration 18191279: max diff=0.000000, 3062.45 sec so far
Iteration 18221306: max diff=0.000000, 3067.45 sec so far
Iteration 18251585: max diff=0.000000, 3072.46 sec so far
Iteration 18281811: max diff=0.000000, 3077.46 sec so far
Iteration 18312104: max diff=0.000000, 3082.46 sec so far
Iteration 18342363: max diff=0.000000, 3087.47 sec so far
Iteration 18372476: max diff=0.000000, 3092.47 sec so far
Iteration 18402856: max diff=0.000000, 3097.48 sec so far
Iteration 18433060: max diff=0.000000, 3102.48 sec so far
Iteration 18463264: max diff=0.000000, 3107.48 sec so far
Iteration 18493657: max diff=0.000000, 3112.49 sec so far
Iteration 18523982: max diff=0.000000, 3117.49 sec so far
Iteration 18554320: max diff=0.000000, 3122.50 sec so far
Iteration 18584464: max diff=0.000000, 3127.50 sec so far
Iteration 18614768: max diff=0.000000, 3132.50 sec so far
Iteration 18645096: max diff=0.000000, 3137.51 sec so far
Iteration 18675478: max diff=0.000000, 3142.51 sec so far
Iteration 18705789: max diff=0.000000, 3147.52 sec so far
Iteration 18736060: max diff=0.000000, 3152.52 sec so far
Iteration 18766315: max diff=0.000000, 3157.52 sec so far
Iteration 18796645: max diff=0.000000, 3162.53 sec so far
Iteration 18826964: max diff=0.000000, 3167.53 sec so far
Iteration 18857285: max diff=0.000000, 3172.54 sec so far
Iteration 18887570: max diff=0.000000, 3177.54 sec so far
Iteration 18917863: max diff=0.000000, 3182.54 sec so far
Iteration 18948106: max diff=0.000000, 3187.55 sec so far
Iteration 18978454: max diff=0.000000, 3192.55 sec so far
Iteration 19008696: max diff=0.000000, 3197.56 sec so far
Iteration 19038983: max diff=0.000000, 3202.56 sec so far
Iteration 19069232: max diff=0.000000, 3207.56 sec so far
Iteration 19099632: max diff=0.000000, 3212.57 sec so far
Iteration 19129811: max diff=0.000000, 3217.57 sec so far
Iteration 19160121: max diff=0.000000, 3222.58 sec so far
Iteration 19190378: max diff=0.000000, 3227.58 sec so far
Iteration 19220680: max diff=0.000000, 3232.58 sec so far
Iteration 19251078: max diff=0.000000, 3237.59 sec so far
Iteration 19281333: max diff=0.000000, 3242.59 sec so far
Iteration 19311642: max diff=0.000000, 3247.60 sec so far
Iteration 19341964: max diff=0.000000, 3252.60 sec so far
Iteration 19372310: max diff=0.000000, 3257.60 sec so far
Iteration 19402650: max diff=0.000000, 3262.61 sec so far
Iteration 19432801: max diff=0.000000, 3267.61 sec so far
Iteration 19463118: max diff=0.000000, 3272.62 sec so far
Iteration 19493296: max diff=0.000000, 3277.62 sec so far
Iteration 19523554: max diff=0.000000, 3282.62 sec so far
Iteration 19553817: max diff=0.000000, 3287.63 sec so far
Iteration 19584127: max diff=0.000000, 3292.63 sec so far
Iteration 19614394: max diff=0.000000, 3297.64 sec so far
Iteration 19644673: max diff=0.000000, 3302.64 sec so far
Iteration 19674913: max diff=0.000000, 3307.64 sec so far
Iteration 19705341: max diff=0.000000, 3312.65 sec so far
Iteration 19735561: max diff=0.000000, 3317.65 sec so far
Iteration 19765905: max diff=0.000000, 3322.66 sec so far
Iteration 19796262: max diff=0.000000, 3327.66 sec so far
Iteration 19826524: max diff=0.000000, 3332.66 sec so far
Iteration 19856766: max diff=0.000000, 3337.67 sec so far
Iteration 19887090: max diff=0.000000, 3342.67 sec so far
Iteration 19917353: max diff=0.000000, 3347.68 sec so far
Iteration 19947505: max diff=0.000000, 3352.68 sec so far
Iteration 19977842: max diff=0.000000, 3357.68 sec so far
Iteration 20007947: max diff=0.000000, 3362.69 sec so far
Iteration 20038352: max diff=0.000000, 3367.69 sec so far
Iteration 20068738: max diff=0.000000, 3372.70 sec so far
Iteration 20098454: max diff=0.000000, 3377.70 sec so far
Iteration 20128636: max diff=0.000000, 3382.70 sec so far
Iteration 20159036: max diff=0.000000, 3387.71 sec so far
Iteration 20189332: max diff=0.000000, 3392.71 sec so far
Iteration 20219351: max diff=0.000000, 3397.72 sec so far
Iteration 20249614: max diff=0.000000, 3402.72 sec so far
Iteration 20279680: max diff=0.000000, 3407.72 sec so far
Iteration 20309686: max diff=0.000000, 3412.73 sec so far
Iteration 20339815: max diff=0.000000, 3417.73 sec so far
Iteration 20369628: max diff=0.000000, 3422.74 sec so far
Iteration 20399990: max diff=0.000000, 3427.74 sec so far
Iteration 20430324: max diff=0.000000, 3432.74 sec so far
Iteration 20460704: max diff=0.000000, 3437.75 sec so far
Iteration 20491006: max diff=0.000000, 3442.75 sec so far
Iteration 20521267: max diff=0.000000, 3447.76 sec so far
Iteration 20551692: max diff=0.000000, 3452.76 sec so far
Iteration 20581979: max diff=0.000000, 3457.76 sec so far
Iteration 20612335: max diff=0.000000, 3462.77 sec so far
Iteration 20642610: max diff=0.000000, 3467.77 sec so far
Iteration 20672873: max diff=0.000000, 3472.78 sec so far
Iteration 20703134: max diff=0.000000, 3477.78 sec so far
Iteration 20733382: max diff=0.000000, 3482.78 sec so far
Iteration 20763610: max diff=0.000000, 3487.79 sec so far
Iteration 20793882: max diff=0.000000, 3492.79 sec so far
Iteration 20824109: max diff=0.000000, 3497.80 sec so far
Iteration 20854347: max diff=0.000000, 3502.80 sec so far
Iteration 20884637: max diff=0.000000, 3507.80 sec so far
Iteration 20914957: max diff=0.000000, 3512.81 sec so far
Iteration 20945210: max diff=0.000000, 3517.81 sec so far
Iteration 20975459: max diff=0.000000, 3522.82 sec so far
Iteration 21005815: max diff=0.000000, 3527.82 sec so far
Iteration 21035844: max diff=0.000000, 3532.82 sec so far
Iteration 21065834: max diff=0.000000, 3537.83 sec so far
Iteration 21095896: max diff=0.000000, 3542.83 sec so far
Iteration 21126259: max diff=0.000000, 3547.84 sec so far
Iteration 21156654: max diff=0.000000, 3552.84 sec so far
Iteration 21186934: max diff=0.000000, 3557.84 sec so far
Iteration 21217228: max diff=0.000000, 3562.85 sec so far
Iteration 21247601: max diff=0.000000, 3567.85 sec so far
Iteration 21277850: max diff=0.000000, 3572.86 sec so far
Iteration 21308035: max diff=0.000000, 3577.86 sec so far
Iteration 21338285: max diff=0.000000, 3582.86 sec so far
Iteration 21368533: max diff=0.000000, 3587.87 sec so far
Iteration 21398833: max diff=0.000000, 3592.87 sec so far
Iteration 21428907: max diff=0.000000, 3597.88 sec so far
Iteration 21458780: max diff=0.000000, 3602.88 sec so far
Iteration 21489052: max diff=0.000000, 3607.88 sec so far
Iteration 21519419: max diff=0.000000, 3612.89 sec so far
Iteration 21549610: max diff=0.000000, 3617.89 sec so far
Iteration 21579895: max diff=0.000000, 3622.90 sec so far
Iteration 21609360: max diff=0.000000, 3627.90 sec so far
Iteration 21639354: max diff=0.000000, 3632.90 sec so far
Iteration 21669414: max diff=0.000000, 3637.91 sec so far
Iteration 21699118: max diff=0.000000, 3642.91 sec so far
Iteration 21728343: max diff=0.000000, 3647.92 sec so far
Iteration 21758108: max diff=0.000000, 3652.92 sec so far
Iteration 21788280: max diff=0.000000, 3657.92 sec so far
Iteration 21818264: max diff=0.000000, 3662.93 sec so far
Iteration 21848296: max diff=0.000000, 3667.93 sec so far
Iteration 21878503: max diff=0.000000, 3672.94 sec so far
Iteration 21908760: max diff=0.000000, 3677.94 sec so far
Iteration 21938848: max diff=0.000000, 3682.94 sec so far
Iteration 21968858: max diff=0.000000, 3687.95 sec so far
Iteration 21996220: max diff=0.000000, 3692.95 sec so far
Iteration 22026434: max diff=0.000000, 3697.96 sec so far
Iteration 22056338: max diff=0.000000, 3702.96 sec so far
Iteration 22086187: max diff=0.000000, 3707.96 sec so far
Iteration 22116091: max diff=0.000000, 3712.97 sec so far
Iteration 22146207: max diff=0.000000, 3717.97 sec so far
Iteration 22176425: max diff=0.000000, 3722.98 sec so far
Iteration 22206376: max diff=0.000000, 3727.98 sec so far
Iteration 22236703: max diff=0.000000, 3732.98 sec so far
Iteration 22266973: max diff=0.000000, 3737.99 sec so far
Iteration 22297329: max diff=0.000000, 3742.99 sec so far
Iteration 22327569: max diff=0.000000, 3748.00 sec so far
Iteration 22357812: max diff=0.000000, 3753.00 sec so far
Iteration 22388041: max diff=0.000000, 3758.00 sec so far
Iteration 22418284: max diff=0.000000, 3763.01 sec so far
Iteration 22448666: max diff=0.000000, 3768.01 sec so far
Iteration 22478812: max diff=0.000000, 3773.02 sec so far
Iteration 22509166: max diff=0.000000, 3778.02 sec so far
Iteration 22539542: max diff=0.000000, 3783.02 sec so far
Iteration 22569854: max diff=0.000000, 3788.03 sec so far
Iteration 22600142: max diff=0.000000, 3793.03 sec so far
Iteration 22630379: max diff=0.000000, 3798.04 sec so far
Iteration 22660799: max diff=0.000000, 3803.04 sec so far
Iteration 22690979: max diff=0.000000, 3808.04 sec so far
Iteration 22721216: max diff=0.000000, 3813.05 sec so far
Iteration 22751547: max diff=0.000000, 3818.05 sec so far
Iteration 22781757: max diff=0.000000, 3823.06 sec so far
Iteration 22811994: max diff=0.000000, 3828.06 sec so far
Iteration 22842221: max diff=0.000000, 3833.06 sec so far
Iteration 22872536: max diff=0.000000, 3838.07 sec so far
Iteration 22902821: max diff=0.000000, 3843.07 sec so far
Iteration 22933191: max diff=0.000000, 3848.08 sec so far
Iteration 22963477: max diff=0.000000, 3853.08 sec so far
Iteration 22993736: max diff=0.000000, 3858.08 sec so far
Iteration 23024081: max diff=0.000000, 3863.09 sec so far
Iteration 23054344: max diff=0.000000, 3868.09 sec so far
Iteration 23084742: max diff=0.000000, 3873.10 sec so far
Iteration 23115110: max diff=0.000000, 3878.10 sec so far
Iteration 23145446: max diff=0.000000, 3883.10 sec so far
Iteration 23175764: max diff=0.000000, 3888.11 sec so far
Iteration 23206008: max diff=0.000000, 3893.11 sec so far
Iteration 23236292: max diff=0.000000, 3898.12 sec so far
Iteration 23266623: max diff=0.000000, 3903.12 sec so far
Iteration 23296905: max diff=0.000000, 3908.12 sec so far
Iteration 23327214: max diff=0.000000, 3913.13 sec so far
Iteration 23357589: max diff=0.000000, 3918.13 sec so far
Iteration 23387997: max diff=0.000000, 3923.14 sec so far
Iteration 23418317: max diff=0.000000, 3928.14 sec so far
Iteration 23448603: max diff=0.000000, 3933.14 sec so far
Iteration 23478992: max diff=0.000000, 3938.15 sec so far
Iteration 23509296: max diff=0.000000, 3943.15 sec so far
Iteration 23539552: max diff=0.000000, 3948.16 sec so far
Iteration 23570042: max diff=0.000000, 3953.16 sec so far
Iteration 23600353: max diff=0.000000, 3958.16 sec so far
Iteration 23630700: max diff=0.000000, 3963.17 sec so far
Iteration 23661041: max diff=0.000000, 3968.17 sec so far
Iteration 23691340: max diff=0.000000, 3973.18 sec so far
Iteration 23721625: max diff=0.000000, 3978.18 sec so far
Iteration 23751959: max diff=0.000000, 3983.18 sec so far
Iteration 23782259: max diff=0.000000, 3988.19 sec so far
Iteration 23812674: max diff=0.000000, 3993.19 sec so far
Iteration 23842945: max diff=0.000000, 3998.20 sec so far
Iteration 23873287: max diff=0.000000, 4003.20 sec so far
Iteration 23903525: max diff=0.000000, 4008.20 sec so far
Iteration 23933703: max diff=0.000000, 4013.21 sec so far
Iteration 23964062: max diff=0.000000, 4018.21 sec so far
Iteration 23994279: max diff=0.000000, 4023.22 sec so far
Iteration 24024582: max diff=0.000000, 4028.22 sec so far
Iteration 24054891: max diff=0.000000, 4033.22 sec so far
Iteration 24085205: max diff=0.000000, 4038.23 sec so far
Iteration 24115637: max diff=0.000000, 4043.23 sec so far
Iteration 24145771: max diff=0.000000, 4048.24 sec so far
Iteration 24175817: max diff=0.000000, 4053.24 sec so far
Iteration 24206013: max diff=0.000000, 4058.24 sec so far
Iteration 24235786: max diff=0.000000, 4063.25 sec so far
Iteration 24265432: max diff=0.000000, 4068.25 sec so far
Iteration 24295448: max diff=0.000000, 4073.26 sec so far
Iteration 24325586: max diff=0.000000, 4078.26 sec so far
Iteration 24355649: max diff=0.000000, 4083.26 sec so far
Iteration 24385651: max diff=0.000000, 4088.27 sec so far
Iteration 24415424: max diff=0.000000, 4093.27 sec so far
Iteration 24445335: max diff=0.000000, 4098.28 sec so far
Iteration 24475478: max diff=0.000000, 4103.28 sec so far
Iteration 24505912: max diff=0.000000, 4108.28 sec so far
Iteration 24535999: max diff=0.000000, 4113.29 sec so far
Iteration 24566235: max diff=0.000000, 4118.29 sec so far
Iteration 24596387: max diff=0.000000, 4123.30 sec so far
Iteration 24626417: max diff=0.000000, 4128.30 sec so far
Iteration 24656546: max diff=0.000000, 4133.30 sec so far
Iteration 24686600: max diff=0.000000, 4138.31 sec so far
Iteration 24716631: max diff=0.000000, 4143.31 sec so far
Iteration 24746505: max diff=0.000000, 4148.32 sec so far
Iteration 24776541: max diff=0.000000, 4153.32 sec so far
Iteration 24806712: max diff=0.000000, 4158.32 sec so far
Iteration 24836961: max diff=0.000000, 4163.33 sec so far
Iteration 24867224: max diff=0.000000, 4168.33 sec so far
Iteration 24897497: max diff=0.000000, 4173.34 sec so far
Iteration 24927806: max diff=0.000000, 4178.34 sec so far
Iteration 24958028: max diff=0.000000, 4183.34 sec so far
Iteration 24988286: max diff=0.000000, 4188.35 sec so far
Iteration 25018569: max diff=0.000000, 4193.35 sec so far
Iteration 25048824: max diff=0.000000, 4198.36 sec so far
Iteration 25079149: max diff=0.000000, 4203.36 sec so far
Iteration 25109512: max diff=0.000000, 4208.36 sec so far
Iteration 25139782: max diff=0.000000, 4213.37 sec so far
Iteration 25169975: max diff=0.000000, 4218.37 sec so far
Iteration 25200302: max diff=0.000000, 4223.38 sec so far
Iteration 25230612: max diff=0.000000, 4228.38 sec so far
Iteration 25260921: max diff=0.000000, 4233.38 sec so far
Iteration 25291245: max diff=0.000000, 4238.39 sec so far
Iteration 25321577: max diff=0.000000, 4243.39 sec so far
Iteration 25351833: max diff=0.000000, 4248.40 sec so far
Iteration 25382237: max diff=0.000000, 4253.40 sec so far
Iteration 25412644: max diff=0.000000, 4258.40 sec so far
Iteration 25442967: max diff=0.000000, 4263.41 sec so far
Iteration 25473229: max diff=0.000000, 4268.41 sec so far
Iteration 25503581: max diff=0.000000, 4273.42 sec so far
Iteration 25533787: max diff=0.000000, 4278.42 sec so far
Iteration 25563028: max diff=0.000000, 4283.42 sec so far
Iteration 25592147: max diff=0.000000, 4288.43 sec so far
Iteration 25621409: max diff=0.000000, 4293.43 sec so far
Iteration 25649532: max diff=0.000000, 4298.44 sec so far
