PRISM
=====

Version: 4.4
Date: Tue Jul 10 02:01:15 EDT 2018
Hostname: storm-eval
Memory limits: cudd=1g, java(heap)=910.5m
Command line: prism -hybrid -epsilon 1.25e-13 -maxiters 100000000 -power -absolute -const k=800 ../../CZK_project/Model/benchmark/devel/firstRejuvenation/firstRejuvenation_CTMC.pm -ss -exportss ../../CZK_project/Output/firstRejuvenation_1E-10_dynamic/hybrid/ph_800_1E-10

Parsing model file "../../CZK_project/Model/benchmark/devel/firstRejuvenation/firstRejuvenation_CTMC.pm"...

Type:        CTMC
Modules:     firstRejuvenation trigger 
Variables:   status avail maintenance i 

---------------------------------------------------------------------

Computing steady-state probabilities...

Building model...
Model constants: k=800

Computing reachable states...

Reachability (BFS): 1601 iterations in 0.04 seconds (average 0.000025, setup 0.00)

Time for model construction: 0.123 seconds.

Type:        CTMC
States:      4000 (1 initial)
Transitions: 5600

Rate matrix: 327 nodes (7 terminal), 5600 minterms, vars: 14r/14c

SCCs: 1, BSCCs: 1, non-BSCC states: 0
BSCC sizes: 1:4000

Initial states all in one BSCC (so no reachability probabilities computed)

Computing probabilities...
Engine: Hybrid

Building power method iteration matrix MTBDD... [nodes=386] [7.5 Kb]
Building hybrid MTBDD matrix... [levels=14, nodes=412] [19.3 KB]
Adding explicit sparse matrices... [levels=14, num=1, compact] [41.5 KB]
Allocating iteration vectors... [2 x 31.2 KB]
TOTAL: [123.3 KB]

Starting iterations...
Iteration 186132: max diff=0.000001, 5.00 sec so far
Iteration 373171: max diff=0.000000, 10.01 sec so far
Iteration 559330: max diff=0.000000, 15.01 sec so far
Iteration 742633: max diff=0.000000, 20.02 sec so far
Iteration 929910: max diff=0.000000, 25.02 sec so far
Iteration 1115099: max diff=0.000000, 30.02 sec so far
Iteration 1301858: max diff=0.000000, 35.03 sec so far
Iteration 1481603: max diff=0.000000, 40.03 sec so far
Iteration 1660884: max diff=0.000000, 45.04 sec so far
Iteration 1840490: max diff=0.000000, 50.04 sec so far
Iteration 2020003: max diff=0.000000, 55.04 sec so far
Iteration 2197792: max diff=0.000000, 60.05 sec so far
Iteration 2375283: max diff=0.000000, 65.05 sec so far
Iteration 2552974: max diff=0.000000, 70.06 sec so far
Iteration 2732401: max diff=0.000000, 75.06 sec so far
Iteration 2919021: max diff=0.000000, 80.06 sec so far
Iteration 3104540: max diff=0.000000, 85.07 sec so far
Iteration 3291435: max diff=0.000000, 90.07 sec so far
Iteration 3475517: max diff=0.000000, 95.08 sec so far
Iteration 3661408: max diff=0.000000, 100.08 sec so far
Iteration 3849549: max diff=0.000000, 105.08 sec so far
Iteration 4037621: max diff=0.000000, 110.09 sec so far
Iteration 4222230: max diff=0.000000, 115.09 sec so far
Iteration 4408605: max diff=0.000000, 120.10 sec so far
Iteration 4593665: max diff=0.000000, 125.10 sec so far
Iteration 4781079: max diff=0.000000, 130.10 sec so far
Iteration 4967157: max diff=0.000000, 135.11 sec so far
Iteration 5154302: max diff=0.000000, 140.11 sec so far
Iteration 5341515: max diff=0.000000, 145.12 sec so far
Iteration 5526920: max diff=0.000000, 150.12 sec so far
Iteration 5712740: max diff=0.000000, 155.12 sec so far
Iteration 5898883: max diff=0.000000, 160.13 sec so far
Iteration 6083462: max diff=0.000000, 165.13 sec so far
Iteration 6269570: max diff=0.000000, 170.14 sec so far
Iteration 6455603: max diff=0.000000, 175.14 sec so far
Iteration 6641608: max diff=0.000000, 180.14 sec so far
Iteration 6828543: max diff=0.000000, 185.15 sec so far
Iteration 7013906: max diff=0.000000, 190.15 sec so far
Iteration 7199968: max diff=0.000000, 195.16 sec so far
Iteration 7386019: max diff=0.000000, 200.16 sec so far
Iteration 7570962: max diff=0.000000, 205.16 sec so far
Iteration 7755619: max diff=0.000000, 210.17 sec so far
Iteration 7941860: max diff=0.000000, 215.17 sec so far
Iteration 8128943: max diff=0.000000, 220.18 sec so far
Iteration 8315932: max diff=0.000000, 225.18 sec so far
Iteration 8501493: max diff=0.000000, 230.18 sec so far
Iteration 8686048: max diff=0.000000, 235.19 sec so far
Iteration 8870494: max diff=0.000000, 240.19 sec so far
Iteration 9055505: max diff=0.000000, 245.20 sec so far
Iteration 9241277: max diff=0.000000, 250.20 sec so far
Iteration 9425854: max diff=0.000000, 255.20 sec so far
Iteration 9612261: max diff=0.000000, 260.21 sec so far
Iteration 9798166: max diff=0.000000, 265.21 sec so far
Iteration 9985235: max diff=0.000000, 270.22 sec so far
Iteration 10172101: max diff=0.000000, 275.22 sec so far
Iteration 10358095: max diff=0.000000, 280.22 sec so far
Iteration 10543470: max diff=0.000000, 285.23 sec so far
Iteration 10727688: max diff=0.000000, 290.23 sec so far
Iteration 10905795: max diff=0.000000, 295.24 sec so far
Iteration 11087295: max diff=0.000000, 300.24 sec so far
Iteration 11274107: max diff=0.000000, 305.24 sec so far
Iteration 11460406: max diff=0.000000, 310.25 sec so far
Iteration 11647378: max diff=0.000000, 315.25 sec so far
Iteration 11834461: max diff=0.000000, 320.26 sec so far
Iteration 12017126: max diff=0.000000, 325.26 sec so far
Iteration 12202730: max diff=0.000000, 330.26 sec so far
Iteration 12382754: max diff=0.000000, 335.27 sec so far
Iteration 12561985: max diff=0.000000, 340.27 sec so far
Iteration 12739938: max diff=0.000000, 345.28 sec so far
Iteration 12918960: max diff=0.000000, 350.28 sec so far
Iteration 13097210: max diff=0.000000, 355.28 sec so far
Iteration 13276133: max diff=0.000000, 360.29 sec so far
Iteration 13457634: max diff=0.000000, 365.29 sec so far
Iteration 13635241: max diff=0.000000, 370.30 sec so far
Iteration 13810710: max diff=0.000000, 375.30 sec so far
Iteration 13994271: max diff=0.000000, 380.30 sec so far
Iteration 14180401: max diff=0.000000, 385.31 sec so far
Iteration 14366432: max diff=0.000000, 390.31 sec so far
Iteration 14552553: max diff=0.000000, 395.32 sec so far
Iteration 14727467: max diff=0.000000, 400.32 sec so far
Iteration 14901776: max diff=0.000000, 405.32 sec so far
Iteration 15077478: max diff=0.000000, 410.33 sec so far
Iteration 15262474: max diff=0.000000, 415.33 sec so far
Iteration 15444785: max diff=0.000000, 420.34 sec so far
Iteration 15630704: max diff=0.000000, 425.34 sec so far
Iteration 15816980: max diff=0.000000, 430.34 sec so far
Iteration 16003270: max diff=0.000000, 435.35 sec so far
Iteration 16183613: max diff=0.000000, 440.35 sec so far
Iteration 16365590: max diff=0.000000, 445.36 sec so far
Iteration 16550613: max diff=0.000000, 450.36 sec so far
Iteration 16736669: max diff=0.000000, 455.36 sec so far
Iteration 16922763: max diff=0.000000, 460.37 sec so far
Iteration 17108911: max diff=0.000000, 465.37 sec so far
Iteration 17294581: max diff=0.000000, 470.38 sec so far
Iteration 17481044: max diff=0.000000, 475.38 sec so far
Iteration 17665704: max diff=0.000000, 480.38 sec so far
Iteration 17841023: max diff=0.000000, 485.39 sec so far
Iteration 18022084: max diff=0.000000, 490.39 sec so far
Iteration 18203205: max diff=0.000000, 495.40 sec so far
Iteration 18389389: max diff=0.000000, 500.40 sec so far
Iteration 18577416: max diff=0.000000, 505.40 sec so far
Iteration 18764078: max diff=0.000000, 510.41 sec so far
Iteration 18952327: max diff=0.000000, 515.41 sec so far
Iteration 19139739: max diff=0.000000, 520.42 sec so far
Iteration 19327258: max diff=0.000000, 525.42 sec so far
Iteration 19513662: max diff=0.000000, 530.42 sec so far
Iteration 19701013: max diff=0.000000, 535.43 sec so far
Iteration 19886577: max diff=0.000000, 540.43 sec so far
Iteration 20072496: max diff=0.000000, 545.44 sec so far
Iteration 20258586: max diff=0.000000, 550.44 sec so far
Iteration 20448209: max diff=0.000000, 555.44 sec so far
Iteration 20634039: max diff=0.000000, 560.45 sec so far
Iteration 20820268: max diff=0.000000, 565.45 sec so far
Iteration 21007135: max diff=0.000000, 570.46 sec so far
Iteration 21194418: max diff=0.000000, 575.46 sec so far
Iteration 21381768: max diff=0.000000, 580.46 sec so far
Iteration 21568619: max diff=0.000000, 585.47 sec so far
Iteration 21755664: max diff=0.000000, 590.47 sec so far
Iteration 21944096: max diff=0.000000, 595.48 sec so far
Iteration 22131722: max diff=0.000000, 600.48 sec so far
Iteration 22318135: max diff=0.000000, 605.48 sec so far
Iteration 22504934: max diff=0.000000, 610.49 sec so far
Iteration 22691417: max diff=0.000000, 615.49 sec so far
Iteration 22879262: max diff=0.000000, 620.50 sec so far
Iteration 23068010: max diff=0.000000, 625.50 sec so far
Iteration 23253931: max diff=0.000000, 630.50 sec so far
Iteration 23440893: max diff=0.000000, 635.51 sec so far
Iteration 23627951: max diff=0.000000, 640.51 sec so far
Iteration 23814706: max diff=0.000000, 645.52 sec so far
Iteration 24001971: max diff=0.000000, 650.52 sec so far
Iteration 24189849: max diff=0.000000, 655.52 sec so far
Iteration 24377071: max diff=0.000000, 660.53 sec so far
Iteration 24564392: max diff=0.000000, 665.53 sec so far
Iteration 24750826: max diff=0.000000, 670.54 sec so far
Iteration 24937791: max diff=0.000000, 675.54 sec so far
Iteration 25126685: max diff=0.000000, 680.54 sec so far
Iteration 25312954: max diff=0.000000, 685.55 sec so far
Iteration 25499757: max diff=0.000000, 690.55 sec so far
Iteration 25688393: max diff=0.000000, 695.56 sec so far
Iteration 25876073: max diff=0.000000, 700.56 sec so far
Iteration 26063035: max diff=0.000000, 705.56 sec so far
Iteration 26249661: max diff=0.000000, 710.57 sec so far
Iteration 26437206: max diff=0.000000, 715.57 sec so far
Iteration 26624674: max diff=0.000000, 720.58 sec so far
Iteration 26812844: max diff=0.000000, 725.58 sec so far
Iteration 27000676: max diff=0.000000, 730.58 sec so far
Iteration 27187827: max diff=0.000000, 735.59 sec so far
Iteration 27374800: max diff=0.000000, 740.59 sec so far
Iteration 27561344: max diff=0.000000, 745.60 sec so far
Iteration 27748464: max diff=0.000000, 750.60 sec so far
Iteration 27935317: max diff=0.000000, 755.60 sec so far
Iteration 28122546: max diff=0.000000, 760.61 sec so far
Iteration 28310045: max diff=0.000000, 765.61 sec so far
Iteration 28498553: max diff=0.000000, 770.62 sec so far
Iteration 28687017: max diff=0.000000, 775.62 sec so far
Iteration 28873546: max diff=0.000000, 780.62 sec so far
Iteration 29061300: max diff=0.000000, 785.63 sec so far
Iteration 29248210: max diff=0.000000, 790.63 sec so far
Iteration 29436737: max diff=0.000000, 795.64 sec so far
Iteration 29624067: max diff=0.000000, 800.64 sec so far
Iteration 29811340: max diff=0.000000, 805.64 sec so far
Iteration 29998881: max diff=0.000000, 810.65 sec so far
Iteration 30184750: max diff=0.000000, 815.65 sec so far
Iteration 30367418: max diff=0.000000, 820.66 sec so far
Iteration 30552820: max diff=0.000000, 825.66 sec so far
Iteration 30740906: max diff=0.000000, 830.66 sec so far
Iteration 30927769: max diff=0.000000, 835.67 sec so far
Iteration 31115232: max diff=0.000000, 840.67 sec so far
Iteration 31302266: max diff=0.000000, 845.68 sec so far
Iteration 31488707: max diff=0.000000, 850.68 sec so far
Iteration 31676150: max diff=0.000000, 855.68 sec so far
Iteration 31862535: max diff=0.000000, 860.69 sec so far
Iteration 32050565: max diff=0.000000, 865.69 sec so far
Iteration 32236820: max diff=0.000000, 870.70 sec so far
Iteration 32424816: max diff=0.000000, 875.70 sec so far
Iteration 32611772: max diff=0.000000, 880.70 sec so far
Iteration 32799648: max diff=0.000000, 885.71 sec so far
Iteration 32986922: max diff=0.000000, 890.71 sec so far
Iteration 33174807: max diff=0.000000, 895.72 sec so far
Iteration 33362639: max diff=0.000000, 900.72 sec so far
Iteration 33548911: max diff=0.000000, 905.72 sec so far
Iteration 33735595: max diff=0.000000, 910.73 sec so far
Iteration 33922234: max diff=0.000000, 915.73 sec so far
Iteration 34110568: max diff=0.000000, 920.74 sec so far
Iteration 34299280: max diff=0.000000, 925.74 sec so far
Iteration 34484727: max diff=0.000000, 930.74 sec so far
Iteration 34671231: max diff=0.000000, 935.75 sec so far
Iteration 34859046: max diff=0.000000, 940.75 sec so far
Iteration 35046401: max diff=0.000000, 945.76 sec so far
Iteration 35232804: max diff=0.000000, 950.76 sec so far
Iteration 35419831: max diff=0.000000, 955.76 sec so far
Iteration 35606683: max diff=0.000000, 960.77 sec so far
Iteration 35795195: max diff=0.000000, 965.77 sec so far
Iteration 35982183: max diff=0.000000, 970.78 sec so far
Iteration 36169918: max diff=0.000000, 975.78 sec so far
Iteration 36356546: max diff=0.000000, 980.78 sec so far
Iteration 36543876: max diff=0.000000, 985.79 sec so far
Iteration 36730867: max diff=0.000000, 990.79 sec so far
Iteration 36917392: max diff=0.000000, 995.80 sec so far
Iteration 37104213: max diff=0.000000, 1000.80 sec so far
Iteration 37292402: max diff=0.000000, 1005.80 sec so far
Iteration 37479941: max diff=0.000000, 1010.81 sec so far
Iteration 37668232: max diff=0.000000, 1015.81 sec so far
Iteration 37855997: max diff=0.000000, 1020.82 sec so far
Iteration 38043477: max diff=0.000000, 1025.82 sec so far
Iteration 38230449: max diff=0.000000, 1030.82 sec so far
Iteration 38417932: max diff=0.000000, 1035.83 sec so far
Iteration 38604307: max diff=0.000000, 1040.83 sec so far
Iteration 38792238: max diff=0.000000, 1045.84 sec so far
Iteration 38978966: max diff=0.000000, 1050.84 sec so far
Iteration 39165424: max diff=0.000000, 1055.84 sec so far
Iteration 39354238: max diff=0.000000, 1060.85 sec so far
Iteration 39542306: max diff=0.000000, 1065.85 sec so far
Iteration 39729710: max diff=0.000000, 1070.86 sec so far
Iteration 39916831: max diff=0.000000, 1075.86 sec so far
Iteration 40104285: max diff=0.000000, 1080.86 sec so far
Iteration 40287836: max diff=0.000000, 1085.87 sec so far
Iteration 40469199: max diff=0.000000, 1090.87 sec so far
Iteration 40650340: max diff=0.000000, 1095.88 sec so far
Iteration 40830458: max diff=0.000000, 1100.88 sec so far
Iteration 41013828: max diff=0.000000, 1105.88 sec so far
Iteration 41195043: max diff=0.000000, 1110.89 sec so far
Iteration 41374704: max diff=0.000000, 1115.89 sec so far
Iteration 41555025: max diff=0.000000, 1120.90 sec so far
Iteration 41736376: max diff=0.000000, 1125.90 sec so far
Iteration 41919453: max diff=0.000000, 1130.90 sec so far
Iteration 42101133: max diff=0.000000, 1135.91 sec so far
Iteration 42282080: max diff=0.000000, 1140.91 sec so far
Iteration 42463057: max diff=0.000000, 1145.92 sec so far
Iteration 42645145: max diff=0.000000, 1150.92 sec so far
Iteration 42824843: max diff=0.000000, 1155.92 sec so far
Iteration 43007064: max diff=0.000000, 1160.93 sec so far
Iteration 43188071: max diff=0.000000, 1165.93 sec so far
Iteration 43369482: max diff=0.000000, 1170.94 sec so far
Iteration 43549377: max diff=0.000000, 1175.94 sec so far
Iteration 43729973: max diff=0.000000, 1180.94 sec so far
Iteration 43912736: max diff=0.000000, 1185.95 sec so far
Iteration 44094072: max diff=0.000000, 1190.95 sec so far
Iteration 44275550: max diff=0.000000, 1195.96 sec so far
Iteration 44457368: max diff=0.000000, 1200.96 sec so far
Iteration 44638962: max diff=0.000000, 1205.96 sec so far
Iteration 44820999: max diff=0.000000, 1210.97 sec so far
Iteration 45002930: max diff=0.000000, 1215.97 sec so far
Iteration 45179791: max diff=0.000000, 1220.98 sec so far
Iteration 45360105: max diff=0.000000, 1225.98 sec so far
Iteration 45539156: max diff=0.000000, 1230.98 sec so far
Iteration 45719144: max diff=0.000000, 1235.99 sec so far
Iteration 45901863: max diff=0.000000, 1240.99 sec so far
Iteration 46083329: max diff=0.000000, 1246.00 sec so far
Iteration 46265080: max diff=0.000000, 1251.00 sec so far
Iteration 46444776: max diff=0.000000, 1256.00 sec so far
Iteration 46623832: max diff=0.000000, 1261.01 sec so far
Iteration 46803278: max diff=0.000000, 1266.01 sec so far
Iteration 46982862: max diff=0.000000, 1271.02 sec so far
Iteration 47165269: max diff=0.000000, 1276.02 sec so far
Iteration 47348084: max diff=0.000000, 1281.02 sec so far
Iteration 47530023: max diff=0.000000, 1286.03 sec so far
Iteration 47709534: max diff=0.000000, 1291.03 sec so far
Iteration 47892328: max diff=0.000000, 1296.04 sec so far
Iteration 48075020: max diff=0.000000, 1301.04 sec so far
Iteration 48257309: max diff=0.000000, 1306.04 sec so far
Iteration 48439630: max diff=0.000000, 1311.05 sec so far
Iteration 48623012: max diff=0.000000, 1316.05 sec so far
Iteration 48804340: max diff=0.000000, 1321.06 sec so far
Iteration 48987014: max diff=0.000000, 1326.06 sec so far
Iteration 49169749: max diff=0.000000, 1331.06 sec so far
Iteration 49353025: max diff=0.000000, 1336.07 sec so far
Iteration 49531818: max diff=0.000000, 1341.07 sec so far
Iteration 49713094: max diff=0.000000, 1346.08 sec so far
Iteration 49893688: max diff=0.000000, 1351.08 sec so far
Iteration 50072163: max diff=0.000000, 1356.08 sec so far
Iteration 50250996: max diff=0.000000, 1361.09 sec so far
Iteration 50430353: max diff=0.000000, 1366.09 sec so far
Iteration 50611109: max diff=0.000000, 1371.10 sec so far
Iteration 50789802: max diff=0.000000, 1376.10 sec so far
Iteration 50970128: max diff=0.000000, 1381.10 sec so far
Iteration 51151420: max diff=0.000000, 1386.11 sec so far
Iteration 51316839: max diff=0.000000, 1391.11 sec so far
Iteration 51497062: max diff=0.000000, 1396.12 sec so far
Iteration 51675852: max diff=0.000000, 1401.12 sec so far
Iteration 51856045: max diff=0.000000, 1406.12 sec so far
Iteration 52037204: max diff=0.000000, 1411.13 sec so far
Iteration 52218292: max diff=0.000000, 1416.13 sec so far
Iteration 52399438: max diff=0.000000, 1421.14 sec so far
Iteration 52578492: max diff=0.000000, 1426.14 sec so far
Iteration 52760025: max diff=0.000000, 1431.14 sec so far
Iteration 52941780: max diff=0.000000, 1436.15 sec so far
Iteration 53104157: max diff=0.000000, 1441.15 sec so far
Iteration 53277220: max diff=0.000000, 1446.16 sec so far
Iteration 53457441: max diff=0.000000, 1451.16 sec so far
Iteration 53639667: max diff=0.000000, 1456.16 sec so far
Iteration 53819259: max diff=0.000000, 1461.17 sec so far
Iteration 54001381: max diff=0.000000, 1466.17 sec so far
Iteration 54180223: max diff=0.000000, 1471.18 sec so far
Iteration 54352525: max diff=0.000000, 1476.18 sec so far
Iteration 54523355: max diff=0.000000, 1481.18 sec so far
Iteration 54704711: max diff=0.000000, 1486.19 sec so far
Iteration 54881329: max diff=0.000000, 1491.19 sec so far
Iteration 55061735: max diff=0.000000, 1496.20 sec so far
Iteration 55233745: max diff=0.000000, 1501.20 sec so far
Iteration 55414624: max diff=0.000000, 1506.20 sec so far
Iteration 55594499: max diff=0.000000, 1511.21 sec so far
Iteration 55775639: max diff=0.000000, 1516.21 sec so far
Iteration 55957241: max diff=0.000000, 1521.22 sec so far
Iteration 56137830: max diff=0.000000, 1526.22 sec so far
Iteration 56319459: max diff=0.000000, 1531.22 sec so far
Iteration 56498611: max diff=0.000000, 1536.23 sec so far
Iteration 56676013: max diff=0.000000, 1541.23 sec so far
Iteration 56841319: max diff=0.000000, 1546.24 sec so far
Iteration 57022983: max diff=0.000000, 1551.24 sec so far
Iteration 57204267: max diff=0.000000, 1556.24 sec so far
Iteration 57386236: max diff=0.000000, 1561.25 sec so far
Iteration 57567181: max diff=0.000000, 1566.25 sec so far
Iteration 57748394: max diff=0.000000, 1571.26 sec so far
Iteration 57918205: max diff=0.000000, 1576.26 sec so far
Iteration 58094560: max diff=0.000000, 1581.26 sec so far
Iteration 58255921: max diff=0.000000, 1586.27 sec so far
Iteration 58436139: max diff=0.000000, 1591.27 sec so far
Iteration 58615434: max diff=0.000000, 1596.28 sec so far
Iteration 58786074: max diff=0.000000, 1601.28 sec so far
Iteration 58949754: max diff=0.000000, 1606.28 sec so far
Iteration 59130761: max diff=0.000000, 1611.29 sec so far
Iteration 59311221: max diff=0.000000, 1616.29 sec so far
Iteration 59493398: max diff=0.000000, 1621.30 sec so far
Iteration 59675693: max diff=0.000000, 1626.30 sec so far
Iteration 59858544: max diff=0.000000, 1631.30 sec so far
Iteration 60040441: max diff=0.000000, 1636.31 sec so far
Iteration 60222484: max diff=0.000000, 1641.31 sec so far
Iteration 60404663: max diff=0.000000, 1646.32 sec so far
Iteration 60586479: max diff=0.000000, 1651.32 sec so far
Iteration 60769033: max diff=0.000000, 1656.32 sec so far
Iteration 60950660: max diff=0.000000, 1661.33 sec so far
Iteration 61132324: max diff=0.000000, 1666.33 sec so far
Iteration 61314249: max diff=0.000000, 1671.34 sec so far
Iteration 61500484: max diff=0.000000, 1676.34 sec so far
Iteration 61687287: max diff=0.000000, 1681.34 sec so far
Iteration 61874114: max diff=0.000000, 1686.35 sec so far
Iteration 62062111: max diff=0.000000, 1691.35 sec so far
Iteration 62248851: max diff=0.000000, 1696.36 sec so far
Iteration 62435955: max diff=0.000000, 1701.36 sec so far
Iteration 62626177: max diff=0.000000, 1706.36 sec so far
Iteration 62813905: max diff=0.000000, 1711.37 sec so far
Iteration 63000407: max diff=0.000000, 1716.37 sec so far
Iteration 63186744: max diff=0.000000, 1721.38 sec so far
Iteration 63373357: max diff=0.000000, 1726.38 sec so far
Iteration 63560587: max diff=0.000000, 1731.38 sec so far
Iteration 63748272: max diff=0.000000, 1736.39 sec so far
Iteration 63935002: max diff=0.000000, 1741.39 sec so far
Iteration 64120939: max diff=0.000000, 1746.40 sec so far
Iteration 64307974: max diff=0.000000, 1751.40 sec so far
Iteration 64495416: max diff=0.000000, 1756.40 sec so far
Iteration 64684717: max diff=0.000000, 1761.41 sec so far
Iteration 64871626: max diff=0.000000, 1766.41 sec so far
Iteration 65058571: max diff=0.000000, 1771.42 sec so far
Iteration 65246151: max diff=0.000000, 1776.42 sec so far
Iteration 65432928: max diff=0.000000, 1781.42 sec so far
Iteration 65619325: max diff=0.000000, 1786.43 sec so far
Iteration 65806028: max diff=0.000000, 1791.43 sec so far
Iteration 65993322: max diff=0.000000, 1796.44 sec so far
Iteration 66181036: max diff=0.000000, 1801.44 sec so far
Iteration 66369993: max diff=0.000000, 1806.44 sec so far
Iteration 66557881: max diff=0.000000, 1811.45 sec so far
Iteration 66744116: max diff=0.000000, 1816.45 sec so far
Iteration 66932092: max diff=0.000000, 1821.46 sec so far
Iteration 67119044: max diff=0.000000, 1826.46 sec so far
Iteration 67306033: max diff=0.000000, 1831.46 sec so far
Iteration 67493474: max diff=0.000000, 1836.47 sec so far
Iteration 67680699: max diff=0.000000, 1841.47 sec so far
Iteration 67868527: max diff=0.000000, 1846.48 sec so far
Iteration 68057355: max diff=0.000000, 1851.48 sec so far
Iteration 68243906: max diff=0.000000, 1856.48 sec so far
Iteration 68431395: max diff=0.000000, 1861.49 sec so far
Iteration 68619213: max diff=0.000000, 1866.49 sec so far
Iteration 68806133: max diff=0.000000, 1871.50 sec so far
Iteration 68994611: max diff=0.000000, 1876.50 sec so far
Iteration 69182881: max diff=0.000000, 1881.50 sec so far
Iteration 69370222: max diff=0.000000, 1886.51 sec so far
Iteration 69556852: max diff=0.000000, 1891.51 sec so far
Iteration 69743850: max diff=0.000000, 1896.52 sec so far
Iteration 69931346: max diff=0.000000, 1901.52 sec so far
Iteration 70117698: max diff=0.000000, 1906.52 sec so far
Iteration 70304673: max diff=0.000000, 1911.53 sec so far
Iteration 70491425: max diff=0.000000, 1916.53 sec so far
Iteration 70679249: max diff=0.000000, 1921.54 sec so far
Iteration 70867917: max diff=0.000000, 1926.54 sec so far
Iteration 71054461: max diff=0.000000, 1931.54 sec so far
Iteration 71242896: max diff=0.000000, 1936.55 sec so far
Iteration 71430846: max diff=0.000000, 1941.55 sec so far
Iteration 71618465: max diff=0.000000, 1946.56 sec so far
Iteration 71806291: max diff=0.000000, 1951.56 sec so far
Iteration 71994138: max diff=0.000000, 1956.56 sec so far
Iteration 72182330: max diff=0.000000, 1961.57 sec so far
Iteration 72370717: max diff=0.000000, 1966.57 sec so far
Iteration 72559695: max diff=0.000000, 1971.58 sec so far
Iteration 72748859: max diff=0.000000, 1976.58 sec so far
Iteration 72937047: max diff=0.000000, 1981.58 sec so far
Iteration 73124480: max diff=0.000000, 1986.59 sec so far
Iteration 73312214: max diff=0.000000, 1991.59 sec so far
Iteration 73498885: max diff=0.000000, 1996.60 sec so far
Iteration 73686430: max diff=0.000000, 2001.60 sec so far
Iteration 73875352: max diff=0.000000, 2006.60 sec so far
Iteration 74064905: max diff=0.000000, 2011.61 sec so far
Iteration 74254030: max diff=0.000000, 2016.61 sec so far
Iteration 74445272: max diff=0.000000, 2021.62 sec so far
Iteration 74634862: max diff=0.000000, 2026.62 sec so far
Iteration 74821632: max diff=0.000000, 2031.62 sec so far
Iteration 75008591: max diff=0.000000, 2036.63 sec so far
Iteration 75196904: max diff=0.000000, 2041.63 sec so far
Iteration 75383316: max diff=0.000000, 2046.64 sec so far
Iteration 75570108: max diff=0.000000, 2051.64 sec so far
Iteration 75757024: max diff=0.000000, 2056.64 sec so far
Iteration 75942825: max diff=0.000000, 2061.65 sec so far
Iteration 76130877: max diff=0.000000, 2066.65 sec so far
Iteration 76317563: max diff=0.000000, 2071.66 sec so far
Iteration 76505232: max diff=0.000000, 2076.66 sec so far
Iteration 76691937: max diff=0.000000, 2081.66 sec so far
Iteration 76878662: max diff=0.000000, 2086.67 sec so far
Iteration 77064448: max diff=0.000000, 2091.67 sec so far
Iteration 77251565: max diff=0.000000, 2096.68 sec so far
Iteration 77438731: max diff=0.000000, 2101.68 sec so far
Iteration 77625644: max diff=0.000000, 2106.68 sec so far
Iteration 77814335: max diff=0.000000, 2111.69 sec so far
Iteration 78002559: max diff=0.000000, 2116.69 sec so far
Iteration 78191985: max diff=0.000000, 2121.70 sec so far
Iteration 78381337: max diff=0.000000, 2126.70 sec so far
Iteration 78571929: max diff=0.000000, 2131.70 sec so far
Iteration 78760525: max diff=0.000000, 2136.71 sec so far
Iteration 78949841: max diff=0.000000, 2141.71 sec so far
Iteration 79135991: max diff=0.000000, 2146.72 sec so far
Iteration 79324319: max diff=0.000000, 2151.72 sec so far
Iteration 79511826: max diff=0.000000, 2156.72 sec so far
Iteration 79699217: max diff=0.000000, 2161.73 sec so far
Iteration 79887457: max diff=0.000000, 2166.73 sec so far
Iteration 80075776: max diff=0.000000, 2171.74 sec so far
Iteration 80263524: max diff=0.000000, 2176.74 sec so far
Iteration 80451444: max diff=0.000000, 2181.74 sec so far
Iteration 80638681: max diff=0.000000, 2186.75 sec so far
Iteration 80825748: max diff=0.000000, 2191.75 sec so far
Iteration 81014076: max diff=0.000000, 2196.76 sec so far
Iteration 81200698: max diff=0.000000, 2201.76 sec so far
Iteration 81387792: max diff=0.000000, 2206.76 sec so far
Iteration 81575635: max diff=0.000000, 2211.77 sec so far
Iteration 81764146: max diff=0.000000, 2216.77 sec so far
Iteration 81952161: max diff=0.000000, 2221.78 sec so far
Iteration 82140318: max diff=0.000000, 2226.78 sec so far
Iteration 82327592: max diff=0.000000, 2231.78 sec so far
Iteration 82516339: max diff=0.000000, 2236.79 sec so far
Iteration 82703916: max diff=0.000000, 2241.79 sec so far
Iteration 82892058: max diff=0.000000, 2246.80 sec so far
Iteration 83080168: max diff=0.000000, 2251.80 sec so far
Iteration 83266484: max diff=0.000000, 2256.80 sec so far
Iteration 83455420: max diff=0.000000, 2261.81 sec so far
Iteration 83641687: max diff=0.000000, 2266.81 sec so far
Iteration 83827068: max diff=0.000000, 2271.82 sec so far
Iteration 84012571: max diff=0.000000, 2276.82 sec so far
Iteration 84198451: max diff=0.000000, 2281.82 sec so far
Iteration 84384220: max diff=0.000000, 2286.83 sec so far
Iteration 84570002: max diff=0.000000, 2291.83 sec so far
Iteration 84757088: max diff=0.000000, 2296.84 sec so far
Iteration 84943757: max diff=0.000000, 2301.84 sec so far
Iteration 85129212: max diff=0.000000, 2306.84 sec so far
Iteration 85313830: max diff=0.000000, 2311.85 sec so far
Iteration 85500482: max diff=0.000000, 2316.85 sec so far
Iteration 85686501: max diff=0.000000, 2321.86 sec so far
Iteration 85872713: max diff=0.000000, 2326.86 sec so far
Iteration 86058458: max diff=0.000000, 2331.86 sec so far
Iteration 86243941: max diff=0.000000, 2336.87 sec so far
Iteration 86431335: max diff=0.000000, 2341.87 sec so far
Iteration 86617861: max diff=0.000000, 2346.88 sec so far
Iteration 86804029: max diff=0.000000, 2351.88 sec so far
Iteration 86990420: max diff=0.000000, 2356.88 sec so far
Iteration 87177096: max diff=0.000000, 2361.89 sec so far
Iteration 87362833: max diff=0.000000, 2366.89 sec so far
Iteration 87549651: max diff=0.000000, 2371.90 sec so far
Iteration 87734975: max diff=0.000000, 2376.90 sec so far
Iteration 87919881: max diff=0.000000, 2381.90 sec so far
Iteration 88105117: max diff=0.000000, 2386.91 sec so far
Iteration 88291948: max diff=0.000000, 2391.91 sec so far
Iteration 88477981: max diff=0.000000, 2396.92 sec so far
Iteration 88655337: max diff=0.000000, 2401.92 sec so far
Iteration 88840567: max diff=0.000000, 2406.92 sec so far
Iteration 89026388: max diff=0.000000, 2411.93 sec so far
Iteration 89212888: max diff=0.000000, 2416.93 sec so far
Iteration 89399493: max diff=0.000000, 2421.94 sec so far
Iteration 89586150: max diff=0.000000, 2426.94 sec so far
Iteration 89771176: max diff=0.000000, 2431.94 sec so far
Iteration 89952745: max diff=0.000000, 2436.95 sec so far
Iteration 90137537: max diff=0.000000, 2441.95 sec so far
Iteration 90322680: max diff=0.000000, 2446.96 sec so far
Iteration 90508953: max diff=0.000000, 2451.96 sec so far
Iteration 90695245: max diff=0.000000, 2456.96 sec so far
Iteration 90881261: max diff=0.000000, 2461.97 sec so far
Iteration 91068164: max diff=0.000000, 2466.97 sec so far
Iteration 91256259: max diff=0.000000, 2471.98 sec so far
Iteration 91442176: max diff=0.000000, 2476.98 sec so far
Iteration 91627448: max diff=0.000000, 2481.98 sec so far
Iteration 91812131: max diff=0.000000, 2486.99 sec so far
Iteration 91977548: max diff=0.000000, 2491.99 sec so far
Iteration 92140655: max diff=0.000000, 2497.00 sec so far
Iteration 92304802: max diff=0.000000, 2502.00 sec so far
Iteration 92486003: max diff=0.000000, 2507.00 sec so far
Iteration 92672072: max diff=0.000000, 2512.01 sec so far
Iteration 92858225: max diff=0.000000, 2517.01 sec so far
Iteration 93044229: max diff=0.000000, 2522.02 sec so far
Iteration 93230657: max diff=0.000000, 2527.02 sec so far
Iteration 93416056: max diff=0.000000, 2532.02 sec so far
Iteration 93600775: max diff=0.000000, 2537.03 sec so far
Iteration 93787262: max diff=0.000000, 2542.03 sec so far
Iteration 93972325: max diff=0.000000, 2547.04 sec so far
Iteration 94157897: max diff=0.000000, 2552.04 sec so far
Iteration 94345109: max diff=0.000000, 2557.04 sec so far
Iteration 94531144: max diff=0.000000, 2562.05 sec so far
Iteration 94715691: max diff=0.000000, 2567.05 sec so far
Iteration 94900459: max diff=0.000000, 2572.06 sec so far
Iteration 95087370: max diff=0.000000, 2577.06 sec so far
Iteration 95273118: max diff=0.000000, 2582.06 sec so far
Iteration 95457649: max diff=0.000000, 2587.07 sec so far
Iteration 95639540: max diff=0.000000, 2592.07 sec so far
Iteration 95823280: max diff=0.000000, 2597.08 sec so far
Iteration 96009469: max diff=0.000000, 2602.08 sec so far
Iteration 96195130: max diff=0.000000, 2607.08 sec so far
Iteration 96377832: max diff=0.000000, 2612.09 sec so far
Iteration 96553885: max diff=0.000000, 2617.09 sec so far
Iteration 96729643: max diff=0.000000, 2622.10 sec so far
Iteration 96905215: max diff=0.000000, 2627.10 sec so far
Iteration 97081146: max diff=0.000000, 2632.10 sec so far
Iteration 97256981: max diff=0.000000, 2637.11 sec so far
Iteration 97433939: max diff=0.000000, 2642.11 sec so far
Iteration 97610744: max diff=0.000000, 2647.12 sec so far
Iteration 97790615: max diff=0.000000, 2652.12 sec so far
Iteration 97975046: max diff=0.000000, 2657.12 sec so far
Iteration 98159815: max diff=0.000000, 2662.13 sec so far
Iteration 98338853: max diff=0.000000, 2667.13 sec so far
Iteration 98519447: max diff=0.000000, 2672.14 sec so far
Iteration 98704238: max diff=0.000000, 2677.14 sec so far
Iteration 98887374: max diff=0.000000, 2682.14 sec so far
Iteration 99066927: max diff=0.000000, 2687.15 sec so far
Iteration 99251953: max diff=0.000000, 2692.15 sec so far
Iteration 99430106: max diff=0.000000, 2697.16 sec so far
Iteration 99605699: max diff=0.000000, 2702.16 sec so far
Iteration 99780379: max diff=0.000000, 2707.16 sec so far
Iteration 99954552: max diff=0.000000, 2712.17 sec so far

Power method: 100000000 iterations in 2713.45 seconds (average 0.000027, setup 0.00)

Error: Iterative method did not converge within 100000000 iterations.
Consider using a different numerical method or increasing the maximum number of iterations.

