PRISM
=====

Version: 4.4
Date: Tue Jul 10 03:20:54 EDT 2018
Hostname: storm-eval
Memory limits: cudd=1g, java(heap)=910.5m
Command line: prism -hybrid -epsilon 1.11111e-13 -maxiters 100000000 -power -absolute -const k=900 ../../CZK_project/Model/benchmark/devel/firstRejuvenation/firstRejuvenation_CTMC.pm -ss -exportss ../../CZK_project/Output/firstRejuvenation_1E-10_dynamic/hybrid/ph_900_1E-10

Parsing model file "../../CZK_project/Model/benchmark/devel/firstRejuvenation/firstRejuvenation_CTMC.pm"...

Type:        CTMC
Modules:     firstRejuvenation trigger 
Variables:   status avail maintenance i 

---------------------------------------------------------------------

Computing steady-state probabilities...

Building model...
Model constants: k=900

Computing reachable states...

Reachability (BFS): 1801 iterations in 0.04 seconds (average 0.000024, setup 0.00)

Time for model construction: 0.128 seconds.

Type:        CTMC
States:      4500 (1 initial)
Transitions: 6300

Rate matrix: 369 nodes (7 terminal), 6300 minterms, vars: 14r/14c

SCCs: 1, BSCCs: 1, non-BSCC states: 0
BSCC sizes: 1:4500

Initial states all in one BSCC (so no reachability probabilities computed)

Computing probabilities...
Engine: Hybrid

Building power method iteration matrix MTBDD... [nodes=428] [8.4 Kb]
Building hybrid MTBDD matrix... [levels=14, nodes=478] [22.4 KB]
Adding explicit sparse matrices... [levels=14, num=1, compact] [46.7 KB]
Allocating iteration vectors... [2 x 35.2 KB]
TOTAL: [139.4 KB]

Starting iterations...
Iteration 164039: max diff=0.000001, 5.00 sec so far
Iteration 330855: max diff=0.000000, 10.01 sec so far
Iteration 496408: max diff=0.000000, 15.01 sec so far
Iteration 659214: max diff=0.000000, 20.02 sec so far
Iteration 824474: max diff=0.000000, 25.02 sec so far
Iteration 989130: max diff=0.000000, 30.02 sec so far
Iteration 1152055: max diff=0.000000, 35.03 sec so far
Iteration 1315833: max diff=0.000000, 40.03 sec so far
Iteration 1479944: max diff=0.000000, 45.04 sec so far
Iteration 1645279: max diff=0.000000, 50.04 sec so far
Iteration 1809970: max diff=0.000000, 55.04 sec so far
Iteration 1975355: max diff=0.000000, 60.05 sec so far
Iteration 2140212: max diff=0.000000, 65.05 sec so far
Iteration 2306797: max diff=0.000000, 70.06 sec so far
Iteration 2472000: max diff=0.000000, 75.06 sec so far
Iteration 2637094: max diff=0.000000, 80.06 sec so far
Iteration 2802387: max diff=0.000000, 85.07 sec so far
Iteration 2967361: max diff=0.000000, 90.07 sec so far
Iteration 3132232: max diff=0.000000, 95.08 sec so far
Iteration 3297946: max diff=0.000000, 100.08 sec so far
Iteration 3464912: max diff=0.000000, 105.08 sec so far
Iteration 3628745: max diff=0.000000, 110.09 sec so far
Iteration 3792691: max diff=0.000000, 115.09 sec so far
Iteration 3957321: max diff=0.000000, 120.10 sec so far
Iteration 4122479: max diff=0.000000, 125.10 sec so far
Iteration 4287805: max diff=0.000000, 130.10 sec so far
Iteration 4451858: max diff=0.000000, 135.11 sec so far
Iteration 4616469: max diff=0.000000, 140.11 sec so far
Iteration 4782170: max diff=0.000000, 145.12 sec so far
Iteration 4947942: max diff=0.000000, 150.12 sec so far
Iteration 5114137: max diff=0.000000, 155.12 sec so far
Iteration 5280266: max diff=0.000000, 160.13 sec so far
Iteration 5446743: max diff=0.000000, 165.13 sec so far
Iteration 5611492: max diff=0.000000, 170.14 sec so far
Iteration 5776329: max diff=0.000000, 175.14 sec so far
Iteration 5940421: max diff=0.000000, 180.14 sec so far
Iteration 6106163: max diff=0.000000, 185.15 sec so far
Iteration 6271333: max diff=0.000000, 190.15 sec so far
Iteration 6437434: max diff=0.000000, 195.16 sec so far
Iteration 6601908: max diff=0.000000, 200.16 sec so far
Iteration 6768325: max diff=0.000000, 205.16 sec so far
Iteration 6933328: max diff=0.000000, 210.17 sec so far
Iteration 7096705: max diff=0.000000, 215.17 sec so far
Iteration 7261172: max diff=0.000000, 220.18 sec so far
Iteration 7422342: max diff=0.000000, 225.18 sec so far
Iteration 7583347: max diff=0.000000, 230.18 sec so far
Iteration 7746852: max diff=0.000000, 235.19 sec so far
Iteration 7909658: max diff=0.000000, 240.19 sec so far
Iteration 8074649: max diff=0.000000, 245.20 sec so far
Iteration 8239020: max diff=0.000000, 250.20 sec so far
Iteration 8404058: max diff=0.000000, 255.20 sec so far
Iteration 8568863: max diff=0.000000, 260.21 sec so far
Iteration 8734565: max diff=0.000000, 265.21 sec so far
Iteration 8898970: max diff=0.000000, 270.22 sec so far
Iteration 9063504: max diff=0.000000, 275.22 sec so far
Iteration 9228930: max diff=0.000000, 280.22 sec so far
Iteration 9393467: max diff=0.000000, 285.23 sec so far
Iteration 9556093: max diff=0.000000, 290.23 sec so far
Iteration 9718343: max diff=0.000000, 295.24 sec so far
Iteration 9880009: max diff=0.000000, 300.24 sec so far
Iteration 10040003: max diff=0.000000, 305.24 sec so far
Iteration 10205251: max diff=0.000000, 310.25 sec so far
Iteration 10369754: max diff=0.000000, 315.25 sec so far
Iteration 10535627: max diff=0.000000, 320.26 sec so far
Iteration 10700975: max diff=0.000000, 325.26 sec so far
Iteration 10866687: max diff=0.000000, 330.26 sec so far
Iteration 11031824: max diff=0.000000, 335.27 sec so far
Iteration 11196753: max diff=0.000000, 340.27 sec so far
Iteration 11361828: max diff=0.000000, 345.28 sec so far
Iteration 11527143: max diff=0.000000, 350.28 sec so far
Iteration 11692376: max diff=0.000000, 355.28 sec so far
Iteration 11857193: max diff=0.000000, 360.29 sec so far
Iteration 12023862: max diff=0.000000, 365.29 sec so far
Iteration 12188892: max diff=0.000000, 370.30 sec so far
Iteration 12353592: max diff=0.000000, 375.30 sec so far
Iteration 12518867: max diff=0.000000, 380.30 sec so far
Iteration 12685548: max diff=0.000000, 385.31 sec so far
Iteration 12851060: max diff=0.000000, 390.31 sec so far
Iteration 13016372: max diff=0.000000, 395.32 sec so far
Iteration 13181173: max diff=0.000000, 400.32 sec so far
Iteration 13345806: max diff=0.000000, 405.32 sec so far
Iteration 13510998: max diff=0.000000, 410.33 sec so far
Iteration 13676976: max diff=0.000000, 415.33 sec so far
Iteration 13842638: max diff=0.000000, 420.34 sec so far
Iteration 14008337: max diff=0.000000, 425.34 sec so far
Iteration 14172751: max diff=0.000000, 430.34 sec so far
Iteration 14337619: max diff=0.000000, 435.35 sec so far
Iteration 14503162: max diff=0.000000, 440.35 sec so far
Iteration 14668507: max diff=0.000000, 445.36 sec so far
Iteration 14834411: max diff=0.000000, 450.36 sec so far
Iteration 15000010: max diff=0.000000, 455.36 sec so far
Iteration 15165507: max diff=0.000000, 460.37 sec so far
Iteration 15331858: max diff=0.000000, 465.37 sec so far
Iteration 15496754: max diff=0.000000, 470.38 sec so far
Iteration 15663364: max diff=0.000000, 475.38 sec so far
Iteration 15827691: max diff=0.000000, 480.38 sec so far
Iteration 15993845: max diff=0.000000, 485.39 sec so far
Iteration 16160136: max diff=0.000000, 490.39 sec so far
Iteration 16324337: max diff=0.000000, 495.40 sec so far
Iteration 16491211: max diff=0.000000, 500.40 sec so far
Iteration 16657346: max diff=0.000000, 505.40 sec so far
Iteration 16823239: max diff=0.000000, 510.41 sec so far
Iteration 16988947: max diff=0.000000, 515.41 sec so far
Iteration 17152962: max diff=0.000000, 520.42 sec so far
Iteration 17318043: max diff=0.000000, 525.42 sec so far
Iteration 17482884: max diff=0.000000, 530.42 sec so far
Iteration 17646856: max diff=0.000000, 535.43 sec so far
Iteration 17811764: max diff=0.000000, 540.43 sec so far
Iteration 17974941: max diff=0.000000, 545.44 sec so far
Iteration 18139372: max diff=0.000000, 550.44 sec so far
Iteration 18302941: max diff=0.000000, 555.44 sec so far
Iteration 18467695: max diff=0.000000, 560.45 sec so far
Iteration 18631792: max diff=0.000000, 565.45 sec so far
Iteration 18796937: max diff=0.000000, 570.46 sec so far
Iteration 18961740: max diff=0.000000, 575.46 sec so far
Iteration 19127282: max diff=0.000000, 580.46 sec so far
Iteration 19292523: max diff=0.000000, 585.47 sec so far
Iteration 19457016: max diff=0.000000, 590.47 sec so far
Iteration 19620538: max diff=0.000000, 595.48 sec so far
Iteration 19783086: max diff=0.000000, 600.48 sec so far
Iteration 19947057: max diff=0.000000, 605.48 sec so far
Iteration 20110754: max diff=0.000000, 610.49 sec so far
Iteration 20274037: max diff=0.000000, 615.49 sec so far
Iteration 20438189: max diff=0.000000, 620.50 sec so far
Iteration 20601269: max diff=0.000000, 625.50 sec so far
Iteration 20765323: max diff=0.000000, 630.50 sec so far
Iteration 20929778: max diff=0.000000, 635.51 sec so far
Iteration 21093828: max diff=0.000000, 640.51 sec so far
Iteration 21257541: max diff=0.000000, 645.52 sec so far
Iteration 21421097: max diff=0.000000, 650.52 sec so far
Iteration 21584014: max diff=0.000000, 655.52 sec so far
Iteration 21747305: max diff=0.000000, 660.53 sec so far
Iteration 21911061: max diff=0.000000, 665.53 sec so far
Iteration 22075196: max diff=0.000000, 670.54 sec so far
Iteration 22238341: max diff=0.000000, 675.54 sec so far
Iteration 22402484: max diff=0.000000, 680.54 sec so far
Iteration 22566392: max diff=0.000000, 685.55 sec so far
Iteration 22729812: max diff=0.000000, 690.55 sec so far
Iteration 22893953: max diff=0.000000, 695.56 sec so far
Iteration 23057647: max diff=0.000000, 700.56 sec so far
Iteration 23221971: max diff=0.000000, 705.56 sec so far
Iteration 23386567: max diff=0.000000, 710.57 sec so far
Iteration 23550917: max diff=0.000000, 715.57 sec so far
Iteration 23715252: max diff=0.000000, 720.58 sec so far
Iteration 23878816: max diff=0.000000, 725.58 sec so far
Iteration 24042783: max diff=0.000000, 730.58 sec so far
Iteration 24207081: max diff=0.000000, 735.59 sec so far
Iteration 24371004: max diff=0.000000, 740.59 sec so far
Iteration 24535359: max diff=0.000000, 745.60 sec so far
Iteration 24699170: max diff=0.000000, 750.60 sec so far
Iteration 24862242: max diff=0.000000, 755.60 sec so far
Iteration 25026700: max diff=0.000000, 760.61 sec so far
Iteration 25191243: max diff=0.000000, 765.61 sec so far
Iteration 25354768: max diff=0.000000, 770.62 sec so far
Iteration 25519163: max diff=0.000000, 775.62 sec so far
Iteration 25684149: max diff=0.000000, 780.62 sec so far
Iteration 25849074: max diff=0.000000, 785.63 sec so far
Iteration 26013077: max diff=0.000000, 790.63 sec so far
Iteration 26177695: max diff=0.000000, 795.64 sec so far
Iteration 26341899: max diff=0.000000, 800.64 sec so far
Iteration 26505890: max diff=0.000000, 805.64 sec so far
Iteration 26669545: max diff=0.000000, 810.65 sec so far
Iteration 26833768: max diff=0.000000, 815.65 sec so far
Iteration 26997364: max diff=0.000000, 820.66 sec so far
Iteration 27162139: max diff=0.000000, 825.66 sec so far
Iteration 27325960: max diff=0.000000, 830.66 sec so far
Iteration 27489657: max diff=0.000000, 835.67 sec so far
Iteration 27653248: max diff=0.000000, 840.67 sec so far
Iteration 27817049: max diff=0.000000, 845.68 sec so far
Iteration 27980196: max diff=0.000000, 850.68 sec so far
Iteration 28145338: max diff=0.000000, 855.68 sec so far
Iteration 28308682: max diff=0.000000, 860.69 sec so far
Iteration 28472581: max diff=0.000000, 865.69 sec so far
Iteration 28636541: max diff=0.000000, 870.70 sec so far
Iteration 28800065: max diff=0.000000, 875.70 sec so far
Iteration 28963664: max diff=0.000000, 880.70 sec so far
Iteration 29127110: max diff=0.000000, 885.71 sec so far
Iteration 29292070: max diff=0.000000, 890.71 sec so far
Iteration 29455874: max diff=0.000000, 895.72 sec so far
Iteration 29619406: max diff=0.000000, 900.72 sec so far
Iteration 29783282: max diff=0.000000, 905.72 sec so far
Iteration 29947956: max diff=0.000000, 910.73 sec so far
Iteration 30112322: max diff=0.000000, 915.73 sec so far
Iteration 30275860: max diff=0.000000, 920.74 sec so far
Iteration 30440578: max diff=0.000000, 925.74 sec so far
Iteration 30604709: max diff=0.000000, 930.74 sec so far
Iteration 30768583: max diff=0.000000, 935.75 sec so far
Iteration 30932407: max diff=0.000000, 940.75 sec so far
Iteration 31096143: max diff=0.000000, 945.76 sec so far
Iteration 31258907: max diff=0.000000, 950.76 sec so far
Iteration 31424285: max diff=0.000000, 955.76 sec so far
Iteration 31588000: max diff=0.000000, 960.77 sec so far
Iteration 31750742: max diff=0.000000, 965.77 sec so far
Iteration 31915002: max diff=0.000000, 970.78 sec so far
Iteration 32079900: max diff=0.000000, 975.78 sec so far
Iteration 32243231: max diff=0.000000, 980.78 sec so far
Iteration 32408040: max diff=0.000000, 985.79 sec so far
Iteration 32572087: max diff=0.000000, 990.79 sec so far
Iteration 32735480: max diff=0.000000, 995.80 sec so far
Iteration 32899515: max diff=0.000000, 1000.80 sec so far
Iteration 33064340: max diff=0.000000, 1005.80 sec so far
Iteration 33228654: max diff=0.000000, 1010.81 sec so far
Iteration 33393211: max diff=0.000000, 1015.81 sec so far
Iteration 33557623: max diff=0.000000, 1020.82 sec so far
Iteration 33721341: max diff=0.000000, 1025.82 sec so far
Iteration 33885139: max diff=0.000000, 1030.82 sec so far
Iteration 34049533: max diff=0.000000, 1035.83 sec so far
Iteration 34213249: max diff=0.000000, 1040.83 sec so far
Iteration 34377647: max diff=0.000000, 1045.84 sec so far
Iteration 34542366: max diff=0.000000, 1050.84 sec so far
Iteration 34705933: max diff=0.000000, 1055.84 sec so far
Iteration 34869525: max diff=0.000000, 1060.85 sec so far
Iteration 35034318: max diff=0.000000, 1065.85 sec so far
Iteration 35197799: max diff=0.000000, 1070.86 sec so far
Iteration 35362330: max diff=0.000000, 1075.86 sec so far
Iteration 35526462: max diff=0.000000, 1080.86 sec so far
Iteration 35690522: max diff=0.000000, 1085.87 sec so far
Iteration 35854818: max diff=0.000000, 1090.87 sec so far
Iteration 36019130: max diff=0.000000, 1095.88 sec so far
Iteration 36182959: max diff=0.000000, 1100.88 sec so far
Iteration 36346307: max diff=0.000000, 1105.88 sec so far
Iteration 36512180: max diff=0.000000, 1110.89 sec so far
Iteration 36678729: max diff=0.000000, 1115.89 sec so far
Iteration 36844800: max diff=0.000000, 1120.90 sec so far
Iteration 37010934: max diff=0.000000, 1125.90 sec so far
Iteration 37176924: max diff=0.000000, 1130.90 sec so far
Iteration 37343490: max diff=0.000000, 1135.91 sec so far
Iteration 37512520: max diff=0.000000, 1140.91 sec so far
Iteration 37679296: max diff=0.000000, 1145.92 sec so far
Iteration 37846133: max diff=0.000000, 1150.92 sec so far
Iteration 38012973: max diff=0.000000, 1155.92 sec so far
Iteration 38179632: max diff=0.000000, 1160.93 sec so far
Iteration 38346253: max diff=0.000000, 1165.93 sec so far
Iteration 38512561: max diff=0.000000, 1170.94 sec so far
Iteration 38679524: max diff=0.000000, 1175.94 sec so far
Iteration 38846275: max diff=0.000000, 1180.94 sec so far
Iteration 39013355: max diff=0.000000, 1185.95 sec so far
Iteration 39179795: max diff=0.000000, 1190.95 sec so far
Iteration 39346573: max diff=0.000000, 1195.96 sec so far
Iteration 39513470: max diff=0.000000, 1200.96 sec so far
Iteration 39681302: max diff=0.000000, 1205.96 sec so far
Iteration 39847191: max diff=0.000000, 1210.97 sec so far
Iteration 40014124: max diff=0.000000, 1215.97 sec so far
Iteration 40181681: max diff=0.000000, 1220.98 sec so far
Iteration 40348784: max diff=0.000000, 1225.98 sec so far
Iteration 40515313: max diff=0.000000, 1230.98 sec so far
Iteration 40680549: max diff=0.000000, 1235.99 sec so far
Iteration 40846877: max diff=0.000000, 1240.99 sec so far
Iteration 41012878: max diff=0.000000, 1246.00 sec so far
Iteration 41179298: max diff=0.000000, 1251.00 sec so far
Iteration 41345972: max diff=0.000000, 1256.00 sec so far
Iteration 41514057: max diff=0.000000, 1261.01 sec so far
Iteration 41680328: max diff=0.000000, 1266.01 sec so far
Iteration 41846179: max diff=0.000000, 1271.02 sec so far
Iteration 42013861: max diff=0.000000, 1276.02 sec so far
Iteration 42181063: max diff=0.000000, 1281.02 sec so far
Iteration 42349079: max diff=0.000000, 1286.03 sec so far
Iteration 42516730: max diff=0.000000, 1291.03 sec so far
Iteration 42683026: max diff=0.000000, 1296.04 sec so far
Iteration 42850858: max diff=0.000000, 1301.04 sec so far
Iteration 43017619: max diff=0.000000, 1306.04 sec so far
Iteration 43184633: max diff=0.000000, 1311.05 sec so far
Iteration 43352683: max diff=0.000000, 1316.05 sec so far
Iteration 43519137: max diff=0.000000, 1321.06 sec so far
Iteration 43686106: max diff=0.000000, 1326.06 sec so far
Iteration 43853642: max diff=0.000000, 1331.06 sec so far
Iteration 44021066: max diff=0.000000, 1336.07 sec so far
Iteration 44187887: max diff=0.000000, 1341.07 sec so far
Iteration 44355461: max diff=0.000000, 1346.08 sec so far
Iteration 44521263: max diff=0.000000, 1351.08 sec so far
Iteration 44687403: max diff=0.000000, 1356.08 sec so far
Iteration 44854851: max diff=0.000000, 1361.09 sec so far
Iteration 45022455: max diff=0.000000, 1366.09 sec so far
Iteration 45189093: max diff=0.000000, 1371.10 sec so far
Iteration 45356413: max diff=0.000000, 1376.10 sec so far
Iteration 45523222: max diff=0.000000, 1381.10 sec so far
Iteration 45691208: max diff=0.000000, 1386.11 sec so far
Iteration 45858002: max diff=0.000000, 1391.11 sec so far
Iteration 46025115: max diff=0.000000, 1396.12 sec so far
Iteration 46192248: max diff=0.000000, 1401.12 sec so far
Iteration 46359272: max diff=0.000000, 1406.12 sec so far
Iteration 46526755: max diff=0.000000, 1411.13 sec so far
Iteration 46694339: max diff=0.000000, 1416.13 sec so far
Iteration 46861191: max diff=0.000000, 1421.14 sec so far
Iteration 47028984: max diff=0.000000, 1426.14 sec so far
Iteration 47195815: max diff=0.000000, 1431.14 sec so far
Iteration 47363018: max diff=0.000000, 1436.15 sec so far
Iteration 47531547: max diff=0.000000, 1441.15 sec so far
Iteration 47699441: max diff=0.000000, 1446.16 sec so far
Iteration 47867808: max diff=0.000000, 1451.16 sec so far
Iteration 48036196: max diff=0.000000, 1456.16 sec so far
Iteration 48205120: max diff=0.000000, 1461.17 sec so far
Iteration 48364352: max diff=0.000000, 1466.17 sec so far
Iteration 48528131: max diff=0.000000, 1471.18 sec so far
Iteration 48693905: max diff=0.000000, 1476.18 sec so far
Iteration 48856499: max diff=0.000000, 1481.18 sec so far
Iteration 49022176: max diff=0.000000, 1486.19 sec so far
Iteration 49187929: max diff=0.000000, 1491.19 sec so far
Iteration 49354897: max diff=0.000000, 1496.20 sec so far
Iteration 49521794: max diff=0.000000, 1501.20 sec so far
Iteration 49688258: max diff=0.000000, 1506.20 sec so far
Iteration 49855292: max diff=0.000000, 1511.21 sec so far
Iteration 50022000: max diff=0.000000, 1516.21 sec so far
Iteration 50187843: max diff=0.000000, 1521.22 sec so far
Iteration 50352677: max diff=0.000000, 1526.22 sec so far
Iteration 50518099: max diff=0.000000, 1531.22 sec so far
Iteration 50682722: max diff=0.000000, 1536.23 sec so far
Iteration 50849091: max diff=0.000000, 1541.23 sec so far
Iteration 51015358: max diff=0.000000, 1546.24 sec so far
Iteration 51183351: max diff=0.000000, 1551.24 sec so far
Iteration 51351467: max diff=0.000000, 1556.24 sec so far
Iteration 51519991: max diff=0.000000, 1561.25 sec so far
Iteration 51689038: max diff=0.000000, 1566.25 sec so far
Iteration 51857546: max diff=0.000000, 1571.26 sec so far
Iteration 52023598: max diff=0.000000, 1576.26 sec so far
Iteration 52190207: max diff=0.000000, 1581.26 sec so far
Iteration 52356854: max diff=0.000000, 1586.27 sec so far
Iteration 52522339: max diff=0.000000, 1591.27 sec so far
Iteration 52689338: max diff=0.000000, 1596.28 sec so far
Iteration 52856096: max diff=0.000000, 1601.28 sec so far
Iteration 53023080: max diff=0.000000, 1606.28 sec so far
Iteration 53189296: max diff=0.000000, 1611.29 sec so far
Iteration 53355405: max diff=0.000000, 1616.29 sec so far
Iteration 53522021: max diff=0.000000, 1621.30 sec so far
Iteration 53688545: max diff=0.000000, 1626.30 sec so far
Iteration 53854631: max diff=0.000000, 1631.30 sec so far
Iteration 54022179: max diff=0.000000, 1636.31 sec so far
Iteration 54188131: max diff=0.000000, 1641.31 sec so far
Iteration 54355027: max diff=0.000000, 1646.32 sec so far
Iteration 54521447: max diff=0.000000, 1651.32 sec so far
Iteration 54688551: max diff=0.000000, 1656.32 sec so far
Iteration 54855617: max diff=0.000000, 1661.33 sec so far
Iteration 55021994: max diff=0.000000, 1666.33 sec so far
Iteration 55188410: max diff=0.000000, 1671.34 sec so far
Iteration 55355174: max diff=0.000000, 1676.34 sec so far
Iteration 55522671: max diff=0.000000, 1681.34 sec so far
Iteration 55690331: max diff=0.000000, 1686.35 sec so far
Iteration 55856270: max diff=0.000000, 1691.35 sec so far
Iteration 56022353: max diff=0.000000, 1696.36 sec so far
Iteration 56187781: max diff=0.000000, 1701.36 sec so far
Iteration 56350895: max diff=0.000000, 1706.36 sec so far
Iteration 56512324: max diff=0.000000, 1711.37 sec so far
Iteration 56674349: max diff=0.000000, 1716.37 sec so far
Iteration 56836652: max diff=0.000000, 1721.38 sec so far
Iteration 56998934: max diff=0.000000, 1726.38 sec so far
Iteration 57160350: max diff=0.000000, 1731.38 sec so far
Iteration 57321941: max diff=0.000000, 1736.39 sec so far
Iteration 57484174: max diff=0.000000, 1741.39 sec so far
Iteration 57646033: max diff=0.000000, 1746.40 sec so far
Iteration 57807495: max diff=0.000000, 1751.40 sec so far
Iteration 57969647: max diff=0.000000, 1756.40 sec so far
Iteration 58131700: max diff=0.000000, 1761.41 sec so far
Iteration 58293271: max diff=0.000000, 1766.41 sec so far
Iteration 58455588: max diff=0.000000, 1771.42 sec so far
Iteration 58618129: max diff=0.000000, 1776.42 sec so far
Iteration 58779146: max diff=0.000000, 1781.42 sec so far
Iteration 58941041: max diff=0.000000, 1786.43 sec so far
Iteration 59103437: max diff=0.000000, 1791.43 sec so far
Iteration 59265208: max diff=0.000000, 1796.44 sec so far
Iteration 59427921: max diff=0.000000, 1801.44 sec so far
Iteration 59590107: max diff=0.000000, 1806.44 sec so far
Iteration 59750840: max diff=0.000000, 1811.45 sec so far
Iteration 59911136: max diff=0.000000, 1816.45 sec so far
Iteration 60069514: max diff=0.000000, 1821.46 sec so far
Iteration 60224618: max diff=0.000000, 1826.46 sec so far
Iteration 60386518: max diff=0.000000, 1831.46 sec so far
Iteration 60548040: max diff=0.000000, 1836.47 sec so far
Iteration 60709633: max diff=0.000000, 1841.47 sec so far
Iteration 60871480: max diff=0.000000, 1846.48 sec so far
Iteration 61032825: max diff=0.000000, 1851.48 sec so far
Iteration 61194909: max diff=0.000000, 1856.48 sec so far
Iteration 61355595: max diff=0.000000, 1861.49 sec so far
Iteration 61517533: max diff=0.000000, 1866.49 sec so far
Iteration 61680332: max diff=0.000000, 1871.50 sec so far
Iteration 61842684: max diff=0.000000, 1876.50 sec so far
Iteration 62003919: max diff=0.000000, 1881.50 sec so far
Iteration 62165471: max diff=0.000000, 1886.51 sec so far
Iteration 62328016: max diff=0.000000, 1891.51 sec so far
Iteration 62489256: max diff=0.000000, 1896.52 sec so far
Iteration 62651127: max diff=0.000000, 1901.52 sec so far
Iteration 62813244: max diff=0.000000, 1906.52 sec so far
Iteration 62975023: max diff=0.000000, 1911.53 sec so far
Iteration 63136491: max diff=0.000000, 1916.53 sec so far
Iteration 63299006: max diff=0.000000, 1921.54 sec so far
Iteration 63460793: max diff=0.000000, 1926.54 sec so far
Iteration 63622169: max diff=0.000000, 1931.54 sec so far
Iteration 63784195: max diff=0.000000, 1936.55 sec so far
Iteration 63945453: max diff=0.000000, 1941.55 sec so far
Iteration 64107383: max diff=0.000000, 1946.56 sec so far
Iteration 64268820: max diff=0.000000, 1951.56 sec so far
Iteration 64431809: max diff=0.000000, 1956.56 sec so far
Iteration 64593917: max diff=0.000000, 1961.57 sec so far
Iteration 64756419: max diff=0.000000, 1966.57 sec so far
Iteration 64918814: max diff=0.000000, 1971.58 sec so far
Iteration 65080284: max diff=0.000000, 1976.58 sec so far
Iteration 65241873: max diff=0.000000, 1981.58 sec so far
Iteration 65403292: max diff=0.000000, 1986.59 sec so far
Iteration 65564982: max diff=0.000000, 1991.59 sec so far
Iteration 65725625: max diff=0.000000, 1996.60 sec so far
Iteration 65884496: max diff=0.000000, 2001.60 sec so far
Iteration 66044917: max diff=0.000000, 2006.60 sec so far
Iteration 66204906: max diff=0.000000, 2011.61 sec so far
Iteration 66367331: max diff=0.000000, 2016.61 sec so far
Iteration 66528510: max diff=0.000000, 2021.62 sec so far
Iteration 66690941: max diff=0.000000, 2026.62 sec so far
Iteration 66851907: max diff=0.000000, 2031.62 sec so far
Iteration 67014058: max diff=0.000000, 2036.63 sec so far
Iteration 67164975: max diff=0.000000, 2041.63 sec so far
Iteration 67300183: max diff=0.000000, 2046.64 sec so far
Iteration 67450173: max diff=0.000000, 2051.64 sec so far
Iteration 67611950: max diff=0.000000, 2056.64 sec so far
Iteration 67773986: max diff=0.000000, 2061.65 sec so far
Iteration 67936316: max diff=0.000000, 2066.65 sec so far
Iteration 68098074: max diff=0.000000, 2071.66 sec so far
Iteration 68258878: max diff=0.000000, 2076.66 sec so far
Iteration 68418545: max diff=0.000000, 2081.66 sec so far
Iteration 68579837: max diff=0.000000, 2086.67 sec so far
Iteration 68741048: max diff=0.000000, 2091.67 sec so far
Iteration 68901201: max diff=0.000000, 2096.68 sec so far
Iteration 69057794: max diff=0.000000, 2101.68 sec so far
Iteration 69220832: max diff=0.000000, 2106.68 sec so far
Iteration 69381245: max diff=0.000000, 2111.69 sec so far
Iteration 69540929: max diff=0.000000, 2116.69 sec so far
Iteration 69690283: max diff=0.000000, 2121.70 sec so far
Iteration 69852369: max diff=0.000000, 2126.70 sec so far
Iteration 70013917: max diff=0.000000, 2131.70 sec so far
Iteration 70175962: max diff=0.000000, 2136.71 sec so far
Iteration 70336755: max diff=0.000000, 2141.71 sec so far
Iteration 70497529: max diff=0.000000, 2146.72 sec so far
Iteration 70659108: max diff=0.000000, 2151.72 sec so far
Iteration 70817962: max diff=0.000000, 2156.72 sec so far
Iteration 70968836: max diff=0.000000, 2161.73 sec so far
Iteration 71131593: max diff=0.000000, 2166.73 sec so far
Iteration 71290370: max diff=0.000000, 2171.74 sec so far
Iteration 71449420: max diff=0.000000, 2176.74 sec so far
Iteration 71611610: max diff=0.000000, 2181.74 sec so far
Iteration 71758990: max diff=0.000000, 2186.75 sec so far
Iteration 71903302: max diff=0.000000, 2191.75 sec so far
Iteration 72055876: max diff=0.000000, 2196.76 sec so far
Iteration 72217386: max diff=0.000000, 2201.76 sec so far
Iteration 72378771: max diff=0.000000, 2206.76 sec so far
Iteration 72541376: max diff=0.000000, 2211.77 sec so far
Iteration 72703149: max diff=0.000000, 2216.77 sec so far
Iteration 72865458: max diff=0.000000, 2221.78 sec so far
Iteration 73027640: max diff=0.000000, 2226.78 sec so far
Iteration 73189059: max diff=0.000000, 2231.78 sec so far
Iteration 73347658: max diff=0.000000, 2236.79 sec so far
Iteration 73506626: max diff=0.000000, 2241.79 sec so far
Iteration 73666448: max diff=0.000000, 2246.80 sec so far
Iteration 73826136: max diff=0.000000, 2251.80 sec so far
Iteration 73985175: max diff=0.000000, 2256.80 sec so far
Iteration 74144465: max diff=0.000000, 2261.81 sec so far
Iteration 74305151: max diff=0.000000, 2266.81 sec so far
Iteration 74472217: max diff=0.000000, 2271.82 sec so far
Iteration 74635313: max diff=0.000000, 2276.82 sec so far
Iteration 74803322: max diff=0.000000, 2281.82 sec so far
Iteration 74971962: max diff=0.000000, 2286.83 sec so far
Iteration 75141144: max diff=0.000000, 2291.83 sec so far
Iteration 75306753: max diff=0.000000, 2296.84 sec so far
Iteration 75473971: max diff=0.000000, 2301.84 sec so far
Iteration 75642129: max diff=0.000000, 2306.84 sec so far
Iteration 75810734: max diff=0.000000, 2311.85 sec so far
Iteration 75978995: max diff=0.000000, 2316.85 sec so far
Iteration 76147356: max diff=0.000000, 2321.86 sec so far
Iteration 76316154: max diff=0.000000, 2326.86 sec so far
Iteration 76484421: max diff=0.000000, 2331.86 sec so far
Iteration 76652537: max diff=0.000000, 2336.87 sec so far
Iteration 76820469: max diff=0.000000, 2341.87 sec so far
Iteration 76990022: max diff=0.000000, 2346.88 sec so far
Iteration 77158902: max diff=0.000000, 2351.88 sec so far
Iteration 77328059: max diff=0.000000, 2356.88 sec so far
Iteration 77496216: max diff=0.000000, 2361.89 sec so far
Iteration 77663957: max diff=0.000000, 2366.89 sec so far
Iteration 77833098: max diff=0.000000, 2371.90 sec so far
Iteration 78002722: max diff=0.000000, 2376.90 sec so far
Iteration 78171706: max diff=0.000000, 2381.90 sec so far
Iteration 78339847: max diff=0.000000, 2386.91 sec so far
Iteration 78508504: max diff=0.000000, 2391.91 sec so far
Iteration 78677570: max diff=0.000000, 2396.92 sec so far
Iteration 78846240: max diff=0.000000, 2401.92 sec so far
Iteration 79016195: max diff=0.000000, 2406.92 sec so far
Iteration 79183739: max diff=0.000000, 2411.93 sec so far
Iteration 79351435: max diff=0.000000, 2416.93 sec so far
Iteration 79520012: max diff=0.000000, 2421.94 sec so far
Iteration 79688406: max diff=0.000000, 2426.94 sec so far
Iteration 79856103: max diff=0.000000, 2431.94 sec so far
Iteration 80024394: max diff=0.000000, 2436.95 sec so far
Iteration 80192645: max diff=0.000000, 2441.95 sec so far
Iteration 80361325: max diff=0.000000, 2446.96 sec so far
Iteration 80529886: max diff=0.000000, 2451.96 sec so far
Iteration 80697347: max diff=0.000000, 2456.96 sec so far
Iteration 80865457: max diff=0.000000, 2461.97 sec so far
Iteration 81034108: max diff=0.000000, 2466.97 sec so far
Iteration 81202619: max diff=0.000000, 2471.98 sec so far
Iteration 81372280: max diff=0.000000, 2476.98 sec so far
Iteration 81541314: max diff=0.000000, 2481.98 sec so far
Iteration 81710993: max diff=0.000000, 2486.99 sec so far
Iteration 81880479: max diff=0.000000, 2491.99 sec so far
Iteration 82049389: max diff=0.000000, 2497.00 sec so far
Iteration 82218670: max diff=0.000000, 2502.00 sec so far
Iteration 82387586: max diff=0.000000, 2507.00 sec so far
Iteration 82555719: max diff=0.000000, 2512.01 sec so far
Iteration 82725331: max diff=0.000000, 2517.01 sec so far
Iteration 82893497: max diff=0.000000, 2522.02 sec so far
Iteration 83063295: max diff=0.000000, 2527.02 sec so far
Iteration 83232210: max diff=0.000000, 2532.02 sec so far
Iteration 83401021: max diff=0.000000, 2537.03 sec so far
Iteration 83571441: max diff=0.000000, 2542.03 sec so far
Iteration 83741464: max diff=0.000000, 2547.04 sec so far
Iteration 83910427: max diff=0.000000, 2552.04 sec so far
Iteration 84079884: max diff=0.000000, 2557.04 sec so far
Iteration 84249006: max diff=0.000000, 2562.05 sec so far
Iteration 84418910: max diff=0.000000, 2567.05 sec so far
Iteration 84588554: max diff=0.000000, 2572.06 sec so far
Iteration 84757130: max diff=0.000000, 2577.06 sec so far
Iteration 84925088: max diff=0.000000, 2582.06 sec so far
Iteration 85093152: max diff=0.000000, 2587.07 sec so far
Iteration 85261737: max diff=0.000000, 2592.07 sec so far
Iteration 85431007: max diff=0.000000, 2597.08 sec so far
Iteration 85600170: max diff=0.000000, 2602.08 sec so far
Iteration 85768427: max diff=0.000000, 2607.08 sec so far
Iteration 85938050: max diff=0.000000, 2612.09 sec so far
Iteration 86107378: max diff=0.000000, 2617.09 sec so far
Iteration 86276355: max diff=0.000000, 2622.10 sec so far
Iteration 86445375: max diff=0.000000, 2627.10 sec so far
Iteration 86613917: max diff=0.000000, 2632.10 sec so far
Iteration 86781409: max diff=0.000000, 2637.11 sec so far
Iteration 86948908: max diff=0.000000, 2642.11 sec so far
Iteration 87117270: max diff=0.000000, 2647.12 sec so far
Iteration 87285460: max diff=0.000000, 2652.12 sec so far
Iteration 87455173: max diff=0.000000, 2657.12 sec so far
Iteration 87623683: max diff=0.000000, 2662.13 sec so far
Iteration 87792359: max diff=0.000000, 2667.13 sec so far
Iteration 87960109: max diff=0.000000, 2672.14 sec so far
Iteration 88128142: max diff=0.000000, 2677.14 sec so far
Iteration 88294799: max diff=0.000000, 2682.14 sec so far
Iteration 88462859: max diff=0.000000, 2687.15 sec so far
Iteration 88632494: max diff=0.000000, 2692.15 sec so far
Iteration 88800654: max diff=0.000000, 2697.16 sec so far
Iteration 88969378: max diff=0.000000, 2702.16 sec so far
Iteration 89138069: max diff=0.000000, 2707.16 sec so far
Iteration 89307538: max diff=0.000000, 2712.17 sec so far
Iteration 89477554: max diff=0.000000, 2717.17 sec so far
Iteration 89645850: max diff=0.000000, 2722.18 sec so far
Iteration 89815505: max diff=0.000000, 2727.18 sec so far
Iteration 89984186: max diff=0.000000, 2732.18 sec so far
Iteration 90153026: max diff=0.000000, 2737.19 sec so far
Iteration 90322188: max diff=0.000000, 2742.19 sec so far
Iteration 90492213: max diff=0.000000, 2747.20 sec so far
Iteration 90660046: max diff=0.000000, 2752.20 sec so far
Iteration 90829159: max diff=0.000000, 2757.20 sec so far
Iteration 90997361: max diff=0.000000, 2762.21 sec so far
Iteration 91166167: max diff=0.000000, 2767.21 sec so far
Iteration 91335095: max diff=0.000000, 2772.22 sec so far
Iteration 91503667: max diff=0.000000, 2777.22 sec so far
Iteration 91672064: max diff=0.000000, 2782.22 sec so far
Iteration 91840646: max diff=0.000000, 2787.23 sec so far
Iteration 92009536: max diff=0.000000, 2792.23 sec so far
Iteration 92178267: max diff=0.000000, 2797.24 sec so far
Iteration 92347850: max diff=0.000000, 2802.24 sec so far
Iteration 92516745: max diff=0.000000, 2807.24 sec so far
Iteration 92686206: max diff=0.000000, 2812.25 sec so far
Iteration 92855150: max diff=0.000000, 2817.25 sec so far
Iteration 93023541: max diff=0.000000, 2822.26 sec so far
Iteration 93192861: max diff=0.000000, 2827.26 sec so far
Iteration 93362209: max diff=0.000000, 2832.26 sec so far
Iteration 93530758: max diff=0.000000, 2837.27 sec so far
Iteration 93699527: max diff=0.000000, 2842.27 sec so far
Iteration 93869119: max diff=0.000000, 2847.28 sec so far
Iteration 94038283: max diff=0.000000, 2852.28 sec so far
Iteration 94207205: max diff=0.000000, 2857.28 sec so far
Iteration 94376211: max diff=0.000000, 2862.29 sec so far
Iteration 94544106: max diff=0.000000, 2867.29 sec so far
Iteration 94712134: max diff=0.000000, 2872.30 sec so far
Iteration 94880876: max diff=0.000000, 2877.30 sec so far
Iteration 95050116: max diff=0.000000, 2882.30 sec so far
Iteration 95218880: max diff=0.000000, 2887.31 sec so far
Iteration 95388209: max diff=0.000000, 2892.31 sec so far
Iteration 95556287: max diff=0.000000, 2897.32 sec so far
Iteration 95724588: max diff=0.000000, 2902.32 sec so far
Iteration 95892976: max diff=0.000000, 2907.32 sec so far
Iteration 96061763: max diff=0.000000, 2912.33 sec so far
Iteration 96230475: max diff=0.000000, 2917.33 sec so far
Iteration 96398605: max diff=0.000000, 2922.34 sec so far
Iteration 96566393: max diff=0.000000, 2927.34 sec so far
Iteration 96731240: max diff=0.000000, 2932.34 sec so far
Iteration 96895345: max diff=0.000000, 2937.35 sec so far
Iteration 97064167: max diff=0.000000, 2942.35 sec so far
Iteration 97232614: max diff=0.000000, 2947.36 sec so far
Iteration 97401278: max diff=0.000000, 2952.36 sec so far
Iteration 97569186: max diff=0.000000, 2957.36 sec so far
Iteration 97737774: max diff=0.000000, 2962.37 sec so far
Iteration 97907065: max diff=0.000000, 2967.37 sec so far
Iteration 98074615: max diff=0.000000, 2972.38 sec so far
Iteration 98241110: max diff=0.000000, 2977.38 sec so far
Iteration 98409185: max diff=0.000000, 2982.38 sec so far
Iteration 98577687: max diff=0.000000, 2987.39 sec so far
Iteration 98745372: max diff=0.000000, 2992.39 sec so far
Iteration 98913383: max diff=0.000000, 2997.40 sec so far
Iteration 99081582: max diff=0.000000, 3002.40 sec so far
Iteration 99250528: max diff=0.000000, 3007.40 sec so far
Iteration 99418767: max diff=0.000000, 3012.41 sec so far
Iteration 99587127: max diff=0.000000, 3017.41 sec so far
Iteration 99755884: max diff=0.000000, 3022.42 sec so far
Iteration 99923783: max diff=0.000000, 3027.42 sec so far

Power method: 100000000 iterations in 3029.68 seconds (average 0.000030, setup 0.00)

Error: Iterative method did not converge within 100000000 iterations.
Consider using a different numerical method or increasing the maximum number of iterations.

