PRISM
=====

Version: 4.4
Date: Mon Jul 09 08:50:31 EDT 2018
Hostname: storm-eval
Memory limits: cudd=1g, java(heap)=910.5m
Command line: prism -hybrid -epsilon 1E-6 -maxiters 100000000 -power -absolute -const k=500 ../../CZK_project/Model/benchmark/devel/firstRejuvenation/firstRejuvenation_CTMC.pm -ss -exportss ../../CZK_project/Output/firstRejuvenation_1E-6_constant/hybrid/ph_500_1E-6

Parsing model file "../../CZK_project/Model/benchmark/devel/firstRejuvenation/firstRejuvenation_CTMC.pm"...

Type:        CTMC
Modules:     firstRejuvenation trigger 
Variables:   status avail maintenance i 

---------------------------------------------------------------------

Computing steady-state probabilities...

Building model...
Model constants: k=500

Computing reachable states...

Reachability (BFS): 1001 iterations in 0.02 seconds (average 0.000020, setup 0.00)

Time for model construction: 0.061 seconds.

Type:        CTMC
States:      2500 (1 initial)
Transitions: 3500

Rate matrix: 332 nodes (7 terminal), 3500 minterms, vars: 13r/13c

SCCs: 1, BSCCs: 1, non-BSCC states: 0
BSCC sizes: 1:2500

Initial states all in one BSCC (so no reachability probabilities computed)

Computing probabilities...
Engine: Hybrid

Building power method iteration matrix MTBDD... [nodes=386] [7.5 Kb]
Building hybrid MTBDD matrix... [levels=13, nodes=442] [20.7 KB]
Adding explicit sparse matrices... [levels=13, num=1, compact] [26.0 KB]
Allocating iteration vectors... [2 x 19.5 KB]
TOTAL: [85.7 KB]

Starting iterations...

Power method: 119234 iterations in 1.99 seconds (average 0.000017, setup 0.00)

Printing steady-state probabilities in plain text format to file "../../CZK_project/Output/firstRejuvenation_1E-6_constant/hybrid/ph_500_1E-6"...

Time for steady-state probability computation: 2.09 seconds.

