PRISM
=====

Version: 4.4
Date: Mon Jul 09 08:44:26 EDT 2018
Hostname: storm-eval
Memory limits: cudd=1g, java(heap)=910.5m
Command line: prism -hybrid -epsilon 1E-6 -maxiters 100000000 -power -absolute -const k=60 ../../CZK_project/Model/benchmark/devel/firstRejuvenation/firstRejuvenation_CTMC.pm -ss -exportss ../../CZK_project/Output/firstRejuvenation_1E-6_constant/hybrid/ph_60_1E-6

Parsing model file "../../CZK_project/Model/benchmark/devel/firstRejuvenation/firstRejuvenation_CTMC.pm"...

Type:        CTMC
Modules:     firstRejuvenation trigger 
Variables:   status avail maintenance i 

---------------------------------------------------------------------

Computing steady-state probabilities...

Building model...
Model constants: k=60

Computing reachable states...

Reachability (BFS): 121 iterations in 0.00 seconds (average 0.000000, setup 0.00)

Time for model construction: 0.019 seconds.

Type:        CTMC
States:      300 (1 initial)
Transitions: 420

Rate matrix: 221 nodes (7 terminal), 420 minterms, vars: 10r/10c

SCCs: 1, BSCCs: 1, non-BSCC states: 0
BSCC sizes: 1:300

Initial states all in one BSCC (so no reachability probabilities computed)

Computing probabilities...
Engine: Hybrid

Building power method iteration matrix MTBDD... [nodes=260] [5.1 Kb]
Building hybrid MTBDD matrix... [levels=10, nodes=286] [13.4 KB]
Adding explicit sparse matrices... [levels=10, num=1, compact] [3.2 KB]
Allocating iteration vectors... [2 x 2.3 KB]
TOTAL: [21.3 KB]

Starting iterations...

Power method: 88013 iterations in 0.18 seconds (average 0.000002, setup 0.00)

Printing steady-state probabilities in plain text format to file "../../CZK_project/Output/firstRejuvenation_1E-6_constant/hybrid/ph_60_1E-6"...

Time for steady-state probability computation: 0.225 seconds.

