PRISM
=====

Version: 4.4
Date: Mon Jul 09 09:09:53 EDT 2018
Hostname: storm-eval
Memory limits: cudd=1g, java(heap)=910.5m
Command line: prism -hybrid -epsilon 1E-6 -maxiters 100000000 -power -absolute -const k=800 ../../CZK_project/Model/benchmark/devel/firstRejuvenation/firstRejuvenation_CTMC.pm -ss -exportss ../../CZK_project/Output/firstRejuvenation_1E-6_constant/hybrid/ph_800_1E-6

Parsing model file "../../CZK_project/Model/benchmark/devel/firstRejuvenation/firstRejuvenation_CTMC.pm"...

Type:        CTMC
Modules:     firstRejuvenation trigger 
Variables:   status avail maintenance i 

---------------------------------------------------------------------

Computing steady-state probabilities...

Building model...
Model constants: k=800

Computing reachable states...

Reachability (BFS): 1601 iterations in 0.03 seconds (average 0.000020, setup 0.00)

Time for model construction: 0.103 seconds.

Type:        CTMC
States:      4000 (1 initial)
Transitions: 5600

Rate matrix: 327 nodes (7 terminal), 5600 minterms, vars: 14r/14c

SCCs: 1, BSCCs: 1, non-BSCC states: 0
BSCC sizes: 1:4000

Initial states all in one BSCC (so no reachability probabilities computed)

Computing probabilities...
Engine: Hybrid

Building power method iteration matrix MTBDD... [nodes=386] [7.5 Kb]
Building hybrid MTBDD matrix... [levels=14, nodes=412] [19.3 KB]
Adding explicit sparse matrices... [levels=14, num=1, compact] [41.5 KB]
Allocating iteration vectors... [2 x 31.2 KB]
TOTAL: [123.3 KB]

Starting iterations...

Power method: 106938 iterations in 2.53 seconds (average 0.000024, setup 0.00)

Printing steady-state probabilities in plain text format to file "../../CZK_project/Output/firstRejuvenation_1E-6_constant/hybrid/ph_800_1E-6"...

Time for steady-state probability computation: 2.956 seconds.

