PRISM
=====

Version: 4.4
Date: Tue Jul 10 05:47:46 EDT 2018
Hostname: storm-eval
Memory limits: cudd=1g, java(heap)=910.5m
Command line: prism -hybrid -epsilon 1E-10 -maxiters 100000000 -power -absolute -const k=2000 ../../CZK_project/Model/benchmark/devel/firstRejuvenation/firstRejuvenation_CTMC.pm -ss -exportss ../../CZK_project/Output/firstRejuvenation_1E-10_constant/hybrid/ph_2000_1E-10

Parsing model file "../../CZK_project/Model/benchmark/devel/firstRejuvenation/firstRejuvenation_CTMC.pm"...

Type:        CTMC
Modules:     firstRejuvenation trigger 
Variables:   status avail maintenance i 

---------------------------------------------------------------------

Computing steady-state probabilities...

Building model...
Model constants: k=2000

Computing reachable states...

Reachability (BFS): 4001 iterations in 0.09 seconds (average 0.000023, setup 0.00)

Time for model construction: 0.331 seconds.

Type:        CTMC
States:      10000 (1 initial)
Transitions: 14000

Rate matrix: 378 nodes (7 terminal), 14000 minterms, vars: 15r/15c

SCCs: 1, BSCCs: 1, non-BSCC states: 0
BSCC sizes: 1:10000

Initial states all in one BSCC (so no reachability probabilities computed)

Computing probabilities...
Engine: Hybrid

Building power method iteration matrix MTBDD... [nodes=442] [8.6 Kb]
Building hybrid MTBDD matrix... [levels=15, nodes=498] [23.3 KB]
Adding explicit sparse matrices... [levels=15, num=1, compact] [103.6 KB]
Allocating iteration vectors... [2 x 78.1 KB]
TOTAL: [283.2 KB]

Starting iterations...
Iteration 74850: max diff=0.000001, 5.00 sec so far
Iteration 149913: max diff=0.000001, 10.01 sec so far
Iteration 225021: max diff=0.000000, 15.01 sec so far
Iteration 299975: max diff=0.000000, 20.02 sec so far
Iteration 373182: max diff=0.000000, 25.02 sec so far
Iteration 447424: max diff=0.000000, 30.02 sec so far
Iteration 522013: max diff=0.000000, 35.03 sec so far
Iteration 597447: max diff=0.000000, 40.03 sec so far
Iteration 673009: max diff=0.000000, 45.04 sec so far
Iteration 749271: max diff=0.000000, 50.04 sec so far
Iteration 825146: max diff=0.000000, 55.04 sec so far
Iteration 901018: max diff=0.000000, 60.05 sec so far
Iteration 977346: max diff=0.000000, 65.05 sec so far
Iteration 1052860: max diff=0.000000, 70.06 sec so far
Iteration 1128452: max diff=0.000000, 75.06 sec so far
Iteration 1204193: max diff=0.000000, 80.06 sec so far
Iteration 1279941: max diff=0.000000, 85.07 sec so far
Iteration 1355475: max diff=0.000000, 90.07 sec so far
Iteration 1431156: max diff=0.000000, 95.08 sec so far
Iteration 1506562: max diff=0.000000, 100.08 sec so far
Iteration 1582204: max diff=0.000000, 105.08 sec so far
Iteration 1657907: max diff=0.000000, 110.09 sec so far
Iteration 1733738: max diff=0.000000, 115.09 sec so far
Iteration 1809669: max diff=0.000000, 120.10 sec so far
Iteration 1885498: max diff=0.000000, 125.10 sec so far
Iteration 1961120: max diff=0.000000, 130.10 sec so far
Iteration 2036906: max diff=0.000000, 135.11 sec so far
Iteration 2112197: max diff=0.000000, 140.11 sec so far
Iteration 2187988: max diff=0.000000, 145.12 sec so far
Iteration 2263608: max diff=0.000000, 150.12 sec so far
Iteration 2339769: max diff=0.000000, 155.12 sec so far
Iteration 2415065: max diff=0.000000, 160.13 sec so far
Iteration 2490716: max diff=0.000000, 165.13 sec so far
Iteration 2566417: max diff=0.000000, 170.14 sec so far
Iteration 2642239: max diff=0.000000, 175.14 sec so far
Iteration 2718219: max diff=0.000000, 180.14 sec so far
Iteration 2793988: max diff=0.000000, 185.15 sec so far
Iteration 2869331: max diff=0.000000, 190.15 sec so far
Iteration 2944477: max diff=0.000000, 195.16 sec so far
Iteration 3019953: max diff=0.000000, 200.16 sec so far
Iteration 3095749: max diff=0.000000, 205.16 sec so far
Iteration 3171501: max diff=0.000000, 210.17 sec so far
Iteration 3247222: max diff=0.000000, 215.17 sec so far
Iteration 3323432: max diff=0.000000, 220.18 sec so far
Iteration 3398905: max diff=0.000000, 225.18 sec so far
Iteration 3474444: max diff=0.000000, 230.18 sec so far
Iteration 3548725: max diff=0.000000, 235.19 sec so far
Iteration 3624143: max diff=0.000000, 240.19 sec so far
Iteration 3699454: max diff=0.000000, 245.20 sec so far
Iteration 3775153: max diff=0.000000, 250.20 sec so far
Iteration 3851360: max diff=0.000000, 255.20 sec so far
Iteration 3926648: max diff=0.000000, 260.21 sec so far
Iteration 4001264: max diff=0.000000, 265.21 sec so far
Iteration 4076637: max diff=0.000000, 270.22 sec so far
Iteration 4150836: max diff=0.000000, 275.22 sec so far
Iteration 4226742: max diff=0.000000, 280.22 sec so far
Iteration 4302314: max diff=0.000000, 285.23 sec so far
Iteration 4377966: max diff=0.000000, 290.23 sec so far
Iteration 4453653: max diff=0.000000, 295.24 sec so far
Iteration 4529373: max diff=0.000000, 300.24 sec so far
Iteration 4605341: max diff=0.000000, 305.24 sec so far
Iteration 4681072: max diff=0.000000, 310.25 sec so far
Iteration 4756893: max diff=0.000000, 315.25 sec so far
Iteration 4832977: max diff=0.000000, 320.26 sec so far
Iteration 4908517: max diff=0.000000, 325.26 sec so far
Iteration 4984804: max diff=0.000000, 330.26 sec so far
Iteration 5060068: max diff=0.000000, 335.27 sec so far
Iteration 5135584: max diff=0.000000, 340.27 sec so far
Iteration 5211001: max diff=0.000000, 345.28 sec so far
Iteration 5284671: max diff=0.000000, 350.28 sec so far
Iteration 5360368: max diff=0.000000, 355.28 sec so far
Iteration 5435613: max diff=0.000000, 360.29 sec so far
Iteration 5510572: max diff=0.000000, 365.29 sec so far
Iteration 5586225: max diff=0.000000, 370.30 sec so far
Iteration 5661638: max diff=0.000000, 375.30 sec so far
Iteration 5736572: max diff=0.000000, 380.30 sec so far
Iteration 5811202: max diff=0.000000, 385.31 sec so far
Iteration 5885670: max diff=0.000000, 390.31 sec so far
Iteration 5960132: max diff=0.000000, 395.32 sec so far
Iteration 6033092: max diff=0.000000, 400.32 sec so far
Iteration 6106604: max diff=0.000000, 405.32 sec so far
Iteration 6180920: max diff=0.000000, 410.33 sec so far
Iteration 6256794: max diff=0.000000, 415.33 sec so far
Iteration 6331975: max diff=0.000000, 420.34 sec so far
Iteration 6407725: max diff=0.000000, 425.34 sec so far
Iteration 6484177: max diff=0.000000, 430.34 sec so far
Iteration 6559819: max diff=0.000000, 435.35 sec so far
Iteration 6634921: max diff=0.000000, 440.35 sec so far
Iteration 6710275: max diff=0.000000, 445.36 sec so far
Iteration 6784970: max diff=0.000000, 450.36 sec so far
Iteration 6860646: max diff=0.000000, 455.36 sec so far
Iteration 6936098: max diff=0.000000, 460.37 sec so far
Iteration 7012471: max diff=0.000000, 465.37 sec so far
Iteration 7087846: max diff=0.000000, 470.38 sec so far
Iteration 7163316: max diff=0.000000, 475.38 sec so far
Iteration 7239245: max diff=0.000000, 480.38 sec so far
Iteration 7314959: max diff=0.000000, 485.39 sec so far
Iteration 7390809: max diff=0.000000, 490.39 sec so far
Iteration 7466972: max diff=0.000000, 495.40 sec so far
Iteration 7542922: max diff=0.000000, 500.40 sec so far
Iteration 7618409: max diff=0.000000, 505.40 sec so far
Iteration 7694014: max diff=0.000000, 510.41 sec so far
Iteration 7770075: max diff=0.000000, 515.41 sec so far
Iteration 7845459: max diff=0.000000, 520.42 sec so far
Iteration 7921033: max diff=0.000000, 525.42 sec so far
Iteration 7996174: max diff=0.000000, 530.42 sec so far
Iteration 8070587: max diff=0.000000, 535.43 sec so far
Iteration 8146051: max diff=0.000000, 540.43 sec so far
Iteration 8221209: max diff=0.000000, 545.44 sec so far
Iteration 8296765: max diff=0.000000, 550.44 sec so far
Iteration 8372129: max diff=0.000000, 555.44 sec so far
Iteration 8447942: max diff=0.000000, 560.45 sec so far
Iteration 8523243: max diff=0.000000, 565.45 sec so far
Iteration 8597376: max diff=0.000000, 570.46 sec so far
Iteration 8672951: max diff=0.000000, 575.46 sec so far
Iteration 8748438: max diff=0.000000, 580.46 sec so far
Iteration 8824187: max diff=0.000000, 585.47 sec so far
Iteration 8899705: max diff=0.000000, 590.47 sec so far
Iteration 8975368: max diff=0.000000, 595.48 sec so far
Iteration 9051101: max diff=0.000000, 600.48 sec so far
Iteration 9127397: max diff=0.000000, 605.48 sec so far
Iteration 9202876: max diff=0.000000, 610.49 sec so far
Iteration 9278860: max diff=0.000000, 615.49 sec so far
Iteration 9354937: max diff=0.000000, 620.50 sec so far
Iteration 9430888: max diff=0.000000, 625.50 sec so far
Iteration 9506495: max diff=0.000000, 630.50 sec so far
Iteration 9582314: max diff=0.000000, 635.51 sec so far
Iteration 9657905: max diff=0.000000, 640.51 sec so far
Iteration 9733813: max diff=0.000000, 645.52 sec so far
Iteration 9809437: max diff=0.000000, 650.52 sec so far
Iteration 9884941: max diff=0.000000, 655.52 sec so far
Iteration 9961053: max diff=0.000000, 660.53 sec so far
Iteration 10036613: max diff=0.000000, 665.53 sec so far
Iteration 10112283: max diff=0.000000, 670.54 sec so far
Iteration 10187975: max diff=0.000000, 675.54 sec so far
Iteration 10263783: max diff=0.000000, 680.54 sec so far
Iteration 10339612: max diff=0.000000, 685.55 sec so far
Iteration 10415553: max diff=0.000000, 690.55 sec so far
Iteration 10491034: max diff=0.000000, 695.56 sec so far
Iteration 10566859: max diff=0.000000, 700.56 sec so far
Iteration 10642333: max diff=0.000000, 705.56 sec so far
Iteration 10718221: max diff=0.000000, 710.57 sec so far
Iteration 10794161: max diff=0.000000, 715.57 sec so far
Iteration 10869991: max diff=0.000000, 720.58 sec so far
Iteration 10945611: max diff=0.000000, 725.58 sec so far
Iteration 11021345: max diff=0.000000, 730.58 sec so far
Iteration 11096878: max diff=0.000000, 735.59 sec so far
Iteration 11172413: max diff=0.000000, 740.59 sec so far
Iteration 11247535: max diff=0.000000, 745.60 sec so far
Iteration 11323099: max diff=0.000000, 750.60 sec so far
Iteration 11398855: max diff=0.000000, 755.60 sec so far
Iteration 11474306: max diff=0.000000, 760.61 sec so far
Iteration 11549916: max diff=0.000000, 765.61 sec so far
Iteration 11625374: max diff=0.000000, 770.62 sec so far
Iteration 11701494: max diff=0.000000, 775.62 sec so far
Iteration 11776918: max diff=0.000000, 780.62 sec so far
Iteration 11852748: max diff=0.000000, 785.63 sec so far
Iteration 11928085: max diff=0.000000, 790.63 sec so far
Iteration 12003021: max diff=0.000000, 795.64 sec so far
Iteration 12078148: max diff=0.000000, 800.64 sec so far
Iteration 12153393: max diff=0.000000, 805.64 sec so far
Iteration 12227756: max diff=0.000000, 810.65 sec so far
Iteration 12303470: max diff=0.000000, 815.65 sec so far
Iteration 12378395: max diff=0.000000, 820.66 sec so far
Iteration 12453767: max diff=0.000000, 825.66 sec so far
Iteration 12527968: max diff=0.000000, 830.66 sec so far
Iteration 12602108: max diff=0.000000, 835.67 sec so far
Iteration 12676613: max diff=0.000000, 840.67 sec so far
Iteration 12748423: max diff=0.000000, 845.68 sec so far
Iteration 12823406: max diff=0.000000, 850.68 sec so far
Iteration 12898820: max diff=0.000000, 855.68 sec so far
Iteration 12973414: max diff=0.000000, 860.69 sec so far
Iteration 13045984: max diff=0.000000, 865.69 sec so far
Iteration 13117459: max diff=0.000000, 870.70 sec so far
Iteration 13190862: max diff=0.000000, 875.70 sec so far
Iteration 13264704: max diff=0.000000, 880.70 sec so far
Iteration 13337947: max diff=0.000000, 885.71 sec so far
Iteration 13410673: max diff=0.000000, 890.71 sec so far
Iteration 13484222: max diff=0.000000, 895.72 sec so far
Iteration 13557318: max diff=0.000000, 900.72 sec so far
Iteration 13631956: max diff=0.000000, 905.72 sec so far
Iteration 13706369: max diff=0.000000, 910.73 sec so far
Iteration 13780285: max diff=0.000000, 915.73 sec so far
Iteration 13855117: max diff=0.000000, 920.74 sec so far
Iteration 13929109: max diff=0.000000, 925.74 sec so far
Iteration 14003245: max diff=0.000000, 930.74 sec so far
Iteration 14076891: max diff=0.000000, 935.75 sec so far
Iteration 14151173: max diff=0.000000, 940.75 sec so far
Iteration 14225791: max diff=0.000000, 945.76 sec so far
Iteration 14300759: max diff=0.000000, 950.76 sec so far
Iteration 14375402: max diff=0.000000, 955.76 sec so far
Iteration 14450212: max diff=0.000000, 960.77 sec so far
Iteration 14523810: max diff=0.000000, 965.77 sec so far
Iteration 14598304: max diff=0.000000, 970.78 sec so far
Iteration 14672290: max diff=0.000000, 975.78 sec so far
Iteration 14746410: max diff=0.000000, 980.78 sec so far
Iteration 14821053: max diff=0.000000, 985.79 sec so far
Iteration 14895403: max diff=0.000000, 990.79 sec so far
Iteration 14969660: max diff=0.000000, 995.80 sec so far
Iteration 15044043: max diff=0.000000, 1000.80 sec so far
Iteration 15118307: max diff=0.000000, 1005.80 sec so far
Iteration 15192623: max diff=0.000000, 1010.81 sec so far
Iteration 15266709: max diff=0.000000, 1015.81 sec so far
Iteration 15340900: max diff=0.000000, 1020.82 sec so far
Iteration 15415327: max diff=0.000000, 1025.82 sec so far
Iteration 15489392: max diff=0.000000, 1030.82 sec so far
Iteration 15563937: max diff=0.000000, 1035.83 sec so far
Iteration 15637884: max diff=0.000000, 1040.83 sec so far
Iteration 15711732: max diff=0.000000, 1045.84 sec so far
Iteration 15786252: max diff=0.000000, 1050.84 sec so far
Iteration 15860694: max diff=0.000000, 1055.84 sec so far
Iteration 15934890: max diff=0.000000, 1060.85 sec so far
Iteration 16009162: max diff=0.000000, 1065.85 sec so far
Iteration 16083632: max diff=0.000000, 1070.86 sec so far
Iteration 16157544: max diff=0.000000, 1075.86 sec so far
Iteration 16232071: max diff=0.000000, 1080.86 sec so far
Iteration 16306349: max diff=0.000000, 1085.87 sec so far
Iteration 16380466: max diff=0.000000, 1090.87 sec so far
Iteration 16454736: max diff=0.000000, 1095.88 sec so far
Iteration 16528585: max diff=0.000000, 1100.88 sec so far
Iteration 16602698: max diff=0.000000, 1105.88 sec so far
Iteration 16676794: max diff=0.000000, 1110.89 sec so far
Iteration 16751138: max diff=0.000000, 1115.89 sec so far
Iteration 16825470: max diff=0.000000, 1120.90 sec so far
Iteration 16900217: max diff=0.000000, 1125.90 sec so far
Iteration 16974821: max diff=0.000000, 1130.90 sec so far
Iteration 17049320: max diff=0.000000, 1135.91 sec so far
Iteration 17123212: max diff=0.000000, 1140.91 sec so far
Iteration 17197511: max diff=0.000000, 1145.92 sec so far
Iteration 17271631: max diff=0.000000, 1150.92 sec so far
Iteration 17345502: max diff=0.000000, 1155.92 sec so far
Iteration 17419262: max diff=0.000000, 1160.93 sec so far
Iteration 17493325: max diff=0.000000, 1165.93 sec so far
Iteration 17567812: max diff=0.000000, 1170.94 sec so far
Iteration 17641717: max diff=0.000000, 1175.94 sec so far
Iteration 17716280: max diff=0.000000, 1180.94 sec so far
Iteration 17790649: max diff=0.000000, 1185.95 sec so far
Iteration 17865437: max diff=0.000000, 1190.95 sec so far
Iteration 17940481: max diff=0.000000, 1195.96 sec so far
Iteration 18016515: max diff=0.000000, 1200.96 sec so far
Iteration 18092147: max diff=0.000000, 1205.96 sec so far
Iteration 18168577: max diff=0.000000, 1210.97 sec so far
Iteration 18244617: max diff=0.000000, 1215.97 sec so far
Iteration 18320127: max diff=0.000000, 1220.98 sec so far
Iteration 18396251: max diff=0.000000, 1225.98 sec so far
Iteration 18472340: max diff=0.000000, 1230.98 sec so far
Iteration 18548495: max diff=0.000000, 1235.99 sec so far
Iteration 18624566: max diff=0.000000, 1240.99 sec so far
Iteration 18700740: max diff=0.000000, 1246.00 sec so far
Iteration 18776377: max diff=0.000000, 1251.00 sec so far
Iteration 18852584: max diff=0.000000, 1256.00 sec so far
Iteration 18927855: max diff=0.000000, 1261.01 sec so far
Iteration 19003889: max diff=0.000000, 1266.01 sec so far
Iteration 19078743: max diff=0.000000, 1271.02 sec so far
Iteration 19154002: max diff=0.000000, 1276.02 sec so far
Iteration 19228934: max diff=0.000000, 1281.02 sec so far
Iteration 19304300: max diff=0.000000, 1286.03 sec so far
Iteration 19379619: max diff=0.000000, 1291.03 sec so far
Iteration 19455200: max diff=0.000000, 1296.04 sec so far
Iteration 19530199: max diff=0.000000, 1301.04 sec so far
Iteration 19605927: max diff=0.000000, 1306.04 sec so far
Iteration 19681328: max diff=0.000000, 1311.05 sec so far
Iteration 19756961: max diff=0.000000, 1316.05 sec so far
Iteration 19832219: max diff=0.000000, 1321.06 sec so far
Iteration 19907494: max diff=0.000000, 1326.06 sec so far
Iteration 19982858: max diff=0.000000, 1331.06 sec so far
Iteration 20058427: max diff=0.000000, 1336.07 sec so far
Iteration 20133872: max diff=0.000000, 1341.07 sec so far
Iteration 20209242: max diff=0.000000, 1346.08 sec so far
Iteration 20285089: max diff=0.000000, 1351.08 sec so far
Iteration 20360740: max diff=0.000000, 1356.08 sec so far
Iteration 20435794: max diff=0.000000, 1361.09 sec so far
Iteration 20511132: max diff=0.000000, 1366.09 sec so far
Iteration 20586211: max diff=0.000000, 1371.10 sec so far
Iteration 20661763: max diff=0.000000, 1376.10 sec so far
Iteration 20737129: max diff=0.000000, 1381.10 sec so far
Iteration 20812293: max diff=0.000000, 1386.11 sec so far
Iteration 20888160: max diff=0.000000, 1391.11 sec so far
Iteration 20963597: max diff=0.000000, 1396.12 sec so far
Iteration 21039325: max diff=0.000000, 1401.12 sec so far
Iteration 21114746: max diff=0.000000, 1406.12 sec so far
Iteration 21190575: max diff=0.000000, 1411.13 sec so far
Iteration 21266201: max diff=0.000000, 1416.13 sec so far
Iteration 21341532: max diff=0.000000, 1421.14 sec so far
Iteration 21417175: max diff=0.000000, 1426.14 sec so far
Iteration 21493151: max diff=0.000000, 1431.14 sec so far
Iteration 21568031: max diff=0.000000, 1436.15 sec so far
Iteration 21643215: max diff=0.000000, 1441.15 sec so far
Iteration 21718879: max diff=0.000000, 1446.16 sec so far
Iteration 21794192: max diff=0.000000, 1451.16 sec so far
Iteration 21869954: max diff=0.000000, 1456.16 sec so far
Iteration 21945586: max diff=0.000000, 1461.17 sec so far
Iteration 22020550: max diff=0.000000, 1466.17 sec so far
Iteration 22095554: max diff=0.000000, 1471.18 sec so far
Iteration 22168969: max diff=0.000000, 1476.18 sec so far
Iteration 22244416: max diff=0.000000, 1481.18 sec so far
Iteration 22319147: max diff=0.000000, 1486.19 sec so far
Iteration 22395268: max diff=0.000000, 1491.19 sec so far
Iteration 22470941: max diff=0.000000, 1496.20 sec so far
Iteration 22546703: max diff=0.000000, 1501.20 sec so far
Iteration 22622798: max diff=0.000000, 1506.20 sec so far
Iteration 22698647: max diff=0.000000, 1511.21 sec so far
Iteration 22774262: max diff=0.000000, 1516.21 sec so far
Iteration 22849922: max diff=0.000000, 1521.22 sec so far
Iteration 22924931: max diff=0.000000, 1526.22 sec so far
Iteration 23000609: max diff=0.000000, 1531.22 sec so far
Iteration 23075587: max diff=0.000000, 1536.23 sec so far
Iteration 23150203: max diff=0.000000, 1541.23 sec so far
Iteration 23225872: max diff=0.000000, 1546.24 sec so far
Iteration 23301401: max diff=0.000000, 1551.24 sec so far
Iteration 23377071: max diff=0.000000, 1556.24 sec so far
Iteration 23452949: max diff=0.000000, 1561.25 sec so far
Iteration 23528869: max diff=0.000000, 1566.25 sec so far
Iteration 23604677: max diff=0.000000, 1571.26 sec so far
Iteration 23679953: max diff=0.000000, 1576.26 sec so far
Iteration 23755589: max diff=0.000000, 1581.26 sec so far
Iteration 23831361: max diff=0.000000, 1586.27 sec so far
Iteration 23907186: max diff=0.000000, 1591.27 sec so far
Iteration 23982615: max diff=0.000000, 1596.28 sec so far
Iteration 24058332: max diff=0.000000, 1601.28 sec so far
Iteration 24133587: max diff=0.000000, 1606.28 sec so far
Iteration 24209173: max diff=0.000000, 1611.29 sec so far
Iteration 24285002: max diff=0.000000, 1616.29 sec so far
Iteration 24360653: max diff=0.000000, 1621.30 sec so far
Iteration 24436305: max diff=0.000000, 1626.30 sec so far
Iteration 24511457: max diff=0.000000, 1631.30 sec so far
Iteration 24587100: max diff=0.000000, 1636.31 sec so far
Iteration 24661977: max diff=0.000000, 1641.31 sec so far
Iteration 24737684: max diff=0.000000, 1646.32 sec so far
Iteration 24813274: max diff=0.000000, 1651.32 sec so far
Iteration 24888563: max diff=0.000000, 1656.32 sec so far
Iteration 24962874: max diff=0.000000, 1661.33 sec so far
Iteration 25038028: max diff=0.000000, 1666.33 sec so far
Iteration 25113362: max diff=0.000000, 1671.34 sec so far
Iteration 25188892: max diff=0.000000, 1676.34 sec so far
Iteration 25264573: max diff=0.000000, 1681.34 sec so far
Iteration 25339998: max diff=0.000000, 1686.35 sec so far
Iteration 25415100: max diff=0.000000, 1691.35 sec so far
Iteration 25489963: max diff=0.000000, 1696.36 sec so far
Iteration 25563846: max diff=0.000000, 1701.36 sec so far
Iteration 25638436: max diff=0.000000, 1706.36 sec so far
Iteration 25713408: max diff=0.000000, 1711.37 sec so far
Iteration 25787190: max diff=0.000000, 1716.37 sec so far
Iteration 25863132: max diff=0.000000, 1721.38 sec so far
Iteration 25938246: max diff=0.000000, 1726.38 sec so far
Iteration 26010542: max diff=0.000000, 1731.38 sec so far
Iteration 26085289: max diff=0.000000, 1736.39 sec so far
Iteration 26161037: max diff=0.000000, 1741.39 sec so far
Iteration 26236416: max diff=0.000000, 1746.40 sec so far
Iteration 26311670: max diff=0.000000, 1751.40 sec so far
Iteration 26386948: max diff=0.000000, 1756.40 sec so far
Iteration 26461872: max diff=0.000000, 1761.41 sec so far
Iteration 26535630: max diff=0.000000, 1766.41 sec so far
Iteration 26611070: max diff=0.000000, 1771.42 sec so far
Iteration 26685231: max diff=0.000000, 1776.42 sec so far
Iteration 26759600: max diff=0.000000, 1781.42 sec so far
Iteration 26835313: max diff=0.000000, 1786.43 sec so far
Iteration 26910604: max diff=0.000000, 1791.43 sec so far
Iteration 26986086: max diff=0.000000, 1796.44 sec so far
Iteration 27061454: max diff=0.000000, 1801.44 sec so far
Iteration 27136821: max diff=0.000000, 1806.44 sec so far
Iteration 27212286: max diff=0.000000, 1811.45 sec so far
Iteration 27288024: max diff=0.000000, 1816.45 sec so far
Iteration 27363795: max diff=0.000000, 1821.46 sec so far
Iteration 27439100: max diff=0.000000, 1826.46 sec so far
Iteration 27514502: max diff=0.000000, 1831.46 sec so far
Iteration 27589874: max diff=0.000000, 1836.47 sec so far
Iteration 27665463: max diff=0.000000, 1841.47 sec so far
Iteration 27740666: max diff=0.000000, 1846.48 sec so far
Iteration 27816438: max diff=0.000000, 1851.48 sec so far
Iteration 27891508: max diff=0.000000, 1856.48 sec so far
Iteration 27966886: max diff=0.000000, 1861.49 sec so far
Iteration 28042599: max diff=0.000000, 1866.49 sec so far
Iteration 28118236: max diff=0.000000, 1871.50 sec so far
Iteration 28193662: max diff=0.000000, 1876.50 sec so far
Iteration 28268901: max diff=0.000000, 1881.50 sec so far
Iteration 28344024: max diff=0.000000, 1886.51 sec so far
Iteration 28419062: max diff=0.000000, 1891.51 sec so far
Iteration 28493301: max diff=0.000000, 1896.52 sec so far
Iteration 28566756: max diff=0.000000, 1901.52 sec so far
Iteration 28641988: max diff=0.000000, 1906.52 sec so far
Iteration 28716498: max diff=0.000000, 1911.53 sec so far
Iteration 28789007: max diff=0.000000, 1916.53 sec so far
Iteration 28864231: max diff=0.000000, 1921.54 sec so far
Iteration 28938382: max diff=0.000000, 1926.54 sec so far
Iteration 29013000: max diff=0.000000, 1931.54 sec so far
Iteration 29087750: max diff=0.000000, 1936.55 sec so far
Iteration 29161721: max diff=0.000000, 1941.55 sec so far
Iteration 29236897: max diff=0.000000, 1946.56 sec so far
Iteration 29311645: max diff=0.000000, 1951.56 sec so far
Iteration 29386029: max diff=0.000000, 1956.56 sec so far
Iteration 29460700: max diff=0.000000, 1961.57 sec so far
Iteration 29535286: max diff=0.000000, 1966.57 sec so far
Iteration 29610194: max diff=0.000000, 1971.58 sec so far
Iteration 29685159: max diff=0.000000, 1976.58 sec so far
Iteration 29760199: max diff=0.000000, 1981.58 sec so far
Iteration 29834711: max diff=0.000000, 1986.59 sec so far
Iteration 29909325: max diff=0.000000, 1991.59 sec so far
Iteration 29984550: max diff=0.000000, 1996.60 sec so far
Iteration 30059479: max diff=0.000000, 2001.60 sec so far
Iteration 30133827: max diff=0.000000, 2006.60 sec so far
Iteration 30208216: max diff=0.000000, 2011.61 sec so far
Iteration 30282648: max diff=0.000000, 2016.61 sec so far
Iteration 30357535: max diff=0.000000, 2021.62 sec so far
Iteration 30432908: max diff=0.000000, 2026.62 sec so far
Iteration 30508179: max diff=0.000000, 2031.62 sec so far
Iteration 30582982: max diff=0.000000, 2036.63 sec so far
Iteration 30657731: max diff=0.000000, 2041.63 sec so far
Iteration 30732531: max diff=0.000000, 2046.64 sec so far
Iteration 30807223: max diff=0.000000, 2051.64 sec so far
Iteration 30882298: max diff=0.000000, 2056.64 sec so far
Iteration 30956450: max diff=0.000000, 2061.65 sec so far
Iteration 31031761: max diff=0.000000, 2066.65 sec so far
Iteration 31106003: max diff=0.000000, 2071.66 sec so far
Iteration 31180311: max diff=0.000000, 2076.66 sec so far
Iteration 31254469: max diff=0.000000, 2081.66 sec so far
Iteration 31328692: max diff=0.000000, 2086.67 sec so far
Iteration 31403128: max diff=0.000000, 2091.67 sec so far
Iteration 31477265: max diff=0.000000, 2096.68 sec so far
Iteration 31552408: max diff=0.000000, 2101.68 sec so far
Iteration 31626554: max diff=0.000000, 2106.68 sec so far
Iteration 31699422: max diff=0.000000, 2111.69 sec so far
Iteration 31774244: max diff=0.000000, 2116.69 sec so far
Iteration 31848675: max diff=0.000000, 2121.70 sec so far
Iteration 31924393: max diff=0.000000, 2126.70 sec so far
Iteration 31999007: max diff=0.000000, 2131.70 sec so far
Iteration 32073615: max diff=0.000000, 2136.71 sec so far
Iteration 32147732: max diff=0.000000, 2141.71 sec so far
Iteration 32222690: max diff=0.000000, 2146.72 sec so far
Iteration 32297164: max diff=0.000000, 2151.72 sec so far
Iteration 32371108: max diff=0.000000, 2156.72 sec so far
Iteration 32446101: max diff=0.000000, 2161.73 sec so far
Iteration 32518751: max diff=0.000000, 2166.73 sec so far
Iteration 32593692: max diff=0.000000, 2171.74 sec so far
Iteration 32668484: max diff=0.000000, 2176.74 sec so far
Iteration 32743127: max diff=0.000000, 2181.74 sec so far
Iteration 32817077: max diff=0.000000, 2186.75 sec so far
Iteration 32891277: max diff=0.000000, 2191.75 sec so far
Iteration 32965429: max diff=0.000000, 2196.76 sec so far
Iteration 33040041: max diff=0.000000, 2201.76 sec so far
Iteration 33114305: max diff=0.000000, 2206.76 sec so far
Iteration 33188814: max diff=0.000000, 2211.77 sec so far
Iteration 33262816: max diff=0.000000, 2216.77 sec so far
Iteration 33338294: max diff=0.000000, 2221.78 sec so far
Iteration 33412625: max diff=0.000000, 2226.78 sec so far
Iteration 33485569: max diff=0.000000, 2231.78 sec so far
Iteration 33560141: max diff=0.000000, 2236.79 sec so far
Iteration 33634236: max diff=0.000000, 2241.79 sec so far
Iteration 33709150: max diff=0.000000, 2246.80 sec so far
Iteration 33783629: max diff=0.000000, 2251.80 sec so far
Iteration 33858271: max diff=0.000000, 2256.80 sec so far
Iteration 33933029: max diff=0.000000, 2261.81 sec so far
Iteration 34006807: max diff=0.000000, 2266.81 sec so far
Iteration 34080108: max diff=0.000000, 2271.82 sec so far
Iteration 34152582: max diff=0.000000, 2276.82 sec so far
Iteration 34225959: max diff=0.000000, 2281.82 sec so far
Iteration 34299783: max diff=0.000000, 2286.83 sec so far
Iteration 34374873: max diff=0.000000, 2291.83 sec so far
Iteration 34449113: max diff=0.000000, 2296.84 sec so far
Iteration 34523761: max diff=0.000000, 2301.84 sec so far
Iteration 34598154: max diff=0.000000, 2306.84 sec so far
Iteration 34672960: max diff=0.000000, 2311.85 sec so far
Iteration 34747181: max diff=0.000000, 2316.85 sec so far
Iteration 34821648: max diff=0.000000, 2321.86 sec so far
Iteration 34896748: max diff=0.000000, 2326.86 sec so far
Iteration 34972074: max diff=0.000000, 2331.86 sec so far
Iteration 35046521: max diff=0.000000, 2336.87 sec so far
Iteration 35120968: max diff=0.000000, 2341.87 sec so far
Iteration 35195619: max diff=0.000000, 2346.88 sec so far
Iteration 35270243: max diff=0.000000, 2351.88 sec so far
Iteration 35345335: max diff=0.000000, 2356.88 sec so far
Iteration 35420312: max diff=0.000000, 2361.89 sec so far
Iteration 35494974: max diff=0.000000, 2366.89 sec so far
Iteration 35569994: max diff=0.000000, 2371.90 sec so far
Iteration 35644082: max diff=0.000000, 2376.90 sec so far
Iteration 35718031: max diff=0.000000, 2381.90 sec so far
Iteration 35791891: max diff=0.000000, 2386.91 sec so far
Iteration 35866800: max diff=0.000000, 2391.91 sec so far
Iteration 35941337: max diff=0.000000, 2396.92 sec so far
Iteration 36015970: max diff=0.000000, 2401.92 sec so far
Iteration 36090535: max diff=0.000000, 2406.92 sec so far
Iteration 36165111: max diff=0.000000, 2411.93 sec so far
Iteration 36240107: max diff=0.000000, 2416.93 sec so far
Iteration 36313774: max diff=0.000000, 2421.94 sec so far
Iteration 36388313: max diff=0.000000, 2426.94 sec so far
Iteration 36463379: max diff=0.000000, 2431.94 sec so far
Iteration 36537953: max diff=0.000000, 2436.95 sec so far
Iteration 36611901: max diff=0.000000, 2441.95 sec so far
Iteration 36686273: max diff=0.000000, 2446.96 sec so far
Iteration 36760568: max diff=0.000000, 2451.96 sec so far
Iteration 36835230: max diff=0.000000, 2456.96 sec so far
Iteration 36905022: max diff=0.000000, 2461.97 sec so far
Iteration 36977459: max diff=0.000000, 2466.97 sec so far
Iteration 37050585: max diff=0.000000, 2471.98 sec so far
Iteration 37124722: max diff=0.000000, 2476.98 sec so far
Iteration 37199309: max diff=0.000000, 2481.98 sec so far
Iteration 37273937: max diff=0.000000, 2486.99 sec so far
Iteration 37348158: max diff=0.000000, 2491.99 sec so far
Iteration 37421978: max diff=0.000000, 2497.00 sec so far
Iteration 37495177: max diff=0.000000, 2502.00 sec so far
Iteration 37568803: max diff=0.000000, 2507.00 sec so far
Iteration 37641952: max diff=0.000000, 2512.01 sec so far
Iteration 37715398: max diff=0.000000, 2517.01 sec so far
Iteration 37788883: max diff=0.000000, 2522.02 sec so far
Iteration 37862001: max diff=0.000000, 2527.02 sec so far
Iteration 37935231: max diff=0.000000, 2532.02 sec so far
Iteration 38008986: max diff=0.000000, 2537.03 sec so far
Iteration 38083043: max diff=0.000000, 2542.03 sec so far
Iteration 38156630: max diff=0.000000, 2547.04 sec so far
Iteration 38230102: max diff=0.000000, 2552.04 sec so far
Iteration 38295557: max diff=0.000000, 2557.04 sec so far
Iteration 38361008: max diff=0.000000, 2562.05 sec so far
Iteration 38425907: max diff=0.000000, 2567.05 sec so far
Iteration 38491076: max diff=0.000000, 2572.06 sec so far
Iteration 38559702: max diff=0.000000, 2577.06 sec so far
Iteration 38633162: max diff=0.000000, 2582.06 sec so far
Iteration 38706979: max diff=0.000000, 2587.07 sec so far
Iteration 38780499: max diff=0.000000, 2592.07 sec so far
Iteration 38854235: max diff=0.000000, 2597.08 sec so far
Iteration 38927184: max diff=0.000000, 2602.08 sec so far
Iteration 39000325: max diff=0.000000, 2607.08 sec so far
Iteration 39074202: max diff=0.000000, 2612.09 sec so far
Iteration 39147300: max diff=0.000000, 2617.09 sec so far
Iteration 39221152: max diff=0.000000, 2622.10 sec so far
Iteration 39294626: max diff=0.000000, 2627.10 sec so far
Iteration 39363971: max diff=0.000000, 2632.10 sec so far
Iteration 39433166: max diff=0.000000, 2637.11 sec so far
Iteration 39504173: max diff=0.000000, 2642.11 sec so far
Iteration 39577145: max diff=0.000000, 2647.12 sec so far
Iteration 39650620: max diff=0.000000, 2652.12 sec so far
Iteration 39724398: max diff=0.000000, 2657.12 sec so far
Iteration 39795684: max diff=0.000000, 2662.13 sec so far
Iteration 39865213: max diff=0.000000, 2667.13 sec so far
Iteration 39934609: max diff=0.000000, 2672.14 sec so far
Iteration 40004454: max diff=0.000000, 2677.14 sec so far
Iteration 40074383: max diff=0.000000, 2682.14 sec so far
Iteration 40143507: max diff=0.000000, 2687.15 sec so far
Iteration 40213356: max diff=0.000000, 2692.15 sec so far
Iteration 40283713: max diff=0.000000, 2697.16 sec so far
Iteration 40356000: max diff=0.000000, 2702.16 sec so far
Iteration 40429490: max diff=0.000000, 2707.16 sec so far
Iteration 40503383: max diff=0.000000, 2712.17 sec so far
Iteration 40576926: max diff=0.000000, 2717.17 sec so far
Iteration 40650792: max diff=0.000000, 2722.18 sec so far
Iteration 40723994: max diff=0.000000, 2727.18 sec so far
Iteration 40797280: max diff=0.000000, 2732.18 sec so far
Iteration 40870608: max diff=0.000000, 2737.19 sec so far
Iteration 40944070: max diff=0.000000, 2742.19 sec so far
Iteration 41017423: max diff=0.000000, 2747.20 sec so far
Iteration 41090722: max diff=0.000000, 2752.20 sec so far
Iteration 41164213: max diff=0.000000, 2757.20 sec so far
Iteration 41237449: max diff=0.000000, 2762.21 sec so far
Iteration 41310991: max diff=0.000000, 2767.21 sec so far
Iteration 41381289: max diff=0.000000, 2772.22 sec so far
Iteration 41450834: max diff=0.000000, 2777.22 sec so far
Iteration 41522838: max diff=0.000000, 2782.22 sec so far
Iteration 41596413: max diff=0.000000, 2787.23 sec so far
Iteration 41669768: max diff=0.000000, 2792.23 sec so far
Iteration 41743794: max diff=0.000000, 2797.24 sec so far
Iteration 41817249: max diff=0.000000, 2802.24 sec so far
Iteration 41890762: max diff=0.000000, 2807.24 sec so far
Iteration 41964367: max diff=0.000000, 2812.25 sec so far
Iteration 42037889: max diff=0.000000, 2817.25 sec so far
Iteration 42111551: max diff=0.000000, 2822.26 sec so far
Iteration 42185184: max diff=0.000000, 2827.26 sec so far
Iteration 42258680: max diff=0.000000, 2832.26 sec so far
Iteration 42332530: max diff=0.000000, 2837.27 sec so far
Iteration 42406336: max diff=0.000000, 2842.27 sec so far
Iteration 42479798: max diff=0.000000, 2847.28 sec so far
Iteration 42553561: max diff=0.000000, 2852.28 sec so far
Iteration 42627058: max diff=0.000000, 2857.28 sec so far
Iteration 42700290: max diff=0.000000, 2862.29 sec so far
Iteration 42773399: max diff=0.000000, 2867.29 sec so far
Iteration 42846900: max diff=0.000000, 2872.30 sec so far
Iteration 42920176: max diff=0.000000, 2877.30 sec so far
Iteration 42993671: max diff=0.000000, 2882.30 sec so far
Iteration 43066926: max diff=0.000000, 2887.31 sec so far
Iteration 43140823: max diff=0.000000, 2892.31 sec so far
Iteration 43214362: max diff=0.000000, 2897.32 sec so far
Iteration 43287868: max diff=0.000000, 2902.32 sec so far
Iteration 43361170: max diff=0.000000, 2907.32 sec so far
Iteration 43434696: max diff=0.000000, 2912.33 sec so far
Iteration 43508029: max diff=0.000000, 2917.33 sec so far
Iteration 43581595: max diff=0.000000, 2922.34 sec so far
Iteration 43655032: max diff=0.000000, 2927.34 sec so far
Iteration 43728527: max diff=0.000000, 2932.34 sec so far
Iteration 43801858: max diff=0.000000, 2937.35 sec so far
Iteration 43875412: max diff=0.000000, 2942.35 sec so far
Iteration 43949085: max diff=0.000000, 2947.36 sec so far
Iteration 44022593: max diff=0.000000, 2952.36 sec so far
Iteration 44095850: max diff=0.000000, 2957.36 sec so far
Iteration 44169778: max diff=0.000000, 2962.37 sec so far
Iteration 44243501: max diff=0.000000, 2967.37 sec so far
Iteration 44316560: max diff=0.000000, 2972.38 sec so far
Iteration 44390318: max diff=0.000000, 2977.38 sec so far
Iteration 44464103: max diff=0.000000, 2982.38 sec so far
Iteration 44538205: max diff=0.000000, 2987.39 sec so far
Iteration 44611789: max diff=0.000000, 2992.39 sec so far
Iteration 44685552: max diff=0.000000, 2997.40 sec so far
Iteration 44759145: max diff=0.000000, 3002.40 sec so far
Iteration 44832717: max diff=0.000000, 3007.40 sec so far
Iteration 44906283: max diff=0.000000, 3012.41 sec so far
Iteration 44980101: max diff=0.000000, 3017.41 sec so far
Iteration 45054182: max diff=0.000000, 3022.42 sec so far
Iteration 45127713: max diff=0.000000, 3027.42 sec so far
Iteration 45201772: max diff=0.000000, 3032.42 sec so far
Iteration 45274735: max diff=0.000000, 3037.43 sec so far
Iteration 45348026: max diff=0.000000, 3042.43 sec so far
Iteration 45421375: max diff=0.000000, 3047.44 sec so far
Iteration 45494792: max diff=0.000000, 3052.44 sec so far
Iteration 45568364: max diff=0.000000, 3057.44 sec so far
Iteration 45641655: max diff=0.000000, 3062.45 sec so far
Iteration 45715165: max diff=0.000000, 3067.45 sec so far
Iteration 45789316: max diff=0.000000, 3072.46 sec so far
Iteration 45863008: max diff=0.000000, 3077.46 sec so far
Iteration 45936515: max diff=0.000000, 3082.46 sec so far
Iteration 46010638: max diff=0.000000, 3087.47 sec so far
Iteration 46084794: max diff=0.000000, 3092.47 sec so far
Iteration 46159167: max diff=0.000000, 3097.48 sec so far
Iteration 46233561: max diff=0.000000, 3102.48 sec so far
Iteration 46308038: max diff=0.000000, 3107.48 sec so far
Iteration 46382602: max diff=0.000000, 3112.49 sec so far
Iteration 46457231: max diff=0.000000, 3117.49 sec so far
Iteration 46532036: max diff=0.000000, 3122.50 sec so far
Iteration 46606822: max diff=0.000000, 3127.50 sec so far
Iteration 46680864: max diff=0.000000, 3132.50 sec so far
Iteration 46755447: max diff=0.000000, 3137.51 sec so far
Iteration 46829952: max diff=0.000000, 3142.51 sec so far
Iteration 46904559: max diff=0.000000, 3147.52 sec so far
Iteration 46979715: max diff=0.000000, 3152.52 sec so far
Iteration 47054509: max diff=0.000000, 3157.52 sec so far
Iteration 47129513: max diff=0.000000, 3162.53 sec so far
Iteration 47204422: max diff=0.000000, 3167.53 sec so far
Iteration 47279150: max diff=0.000000, 3172.54 sec so far
Iteration 47353447: max diff=0.000000, 3177.54 sec so far
Iteration 47428807: max diff=0.000000, 3182.54 sec so far
Iteration 47504228: max diff=0.000000, 3187.55 sec so far
Iteration 47579059: max diff=0.000000, 3192.55 sec so far
Iteration 47653946: max diff=0.000000, 3197.56 sec so far
Iteration 47728708: max diff=0.000000, 3202.56 sec so far
Iteration 47802586: max diff=0.000000, 3207.56 sec so far
Iteration 47877304: max diff=0.000000, 3212.57 sec so far
Iteration 47952335: max diff=0.000000, 3217.57 sec so far
Iteration 48027304: max diff=0.000000, 3222.58 sec so far
Iteration 48102193: max diff=0.000000, 3227.58 sec so far
Iteration 48177280: max diff=0.000000, 3232.58 sec so far
Iteration 48251949: max diff=0.000000, 3237.59 sec so far
Iteration 48326690: max diff=0.000000, 3242.59 sec so far
Iteration 48401252: max diff=0.000000, 3247.60 sec so far
Iteration 48476764: max diff=0.000000, 3252.60 sec so far
Iteration 48551448: max diff=0.000000, 3257.60 sec so far
Iteration 48626539: max diff=0.000000, 3262.61 sec so far
Iteration 48701035: max diff=0.000000, 3267.61 sec so far
Iteration 48776359: max diff=0.000000, 3272.62 sec so far
Iteration 48851615: max diff=0.000000, 3277.62 sec so far
Iteration 48926120: max diff=0.000000, 3282.62 sec so far
Iteration 49000952: max diff=0.000000, 3287.63 sec so far
Iteration 49076162: max diff=0.000000, 3292.63 sec so far
Iteration 49150754: max diff=0.000000, 3297.64 sec so far
Iteration 49225762: max diff=0.000000, 3302.64 sec so far
Iteration 49299402: max diff=0.000000, 3307.64 sec so far
Iteration 49371752: max diff=0.000000, 3312.65 sec so far
Iteration 49445564: max diff=0.000000, 3317.65 sec so far
Iteration 49519357: max diff=0.000000, 3322.66 sec so far
Iteration 49592682: max diff=0.000000, 3327.66 sec so far
Iteration 49666637: max diff=0.000000, 3332.66 sec so far
Iteration 49740319: max diff=0.000000, 3337.67 sec so far
Iteration 49814164: max diff=0.000000, 3342.67 sec so far
Iteration 49887878: max diff=0.000000, 3347.68 sec so far
Iteration 49961904: max diff=0.000000, 3352.68 sec so far
Iteration 50035949: max diff=0.000000, 3357.68 sec so far
Iteration 50109108: max diff=0.000000, 3362.69 sec so far
Iteration 50182646: max diff=0.000000, 3367.69 sec so far
Iteration 50256490: max diff=0.000000, 3372.70 sec so far
Iteration 50330183: max diff=0.000000, 3377.70 sec so far
Iteration 50403945: max diff=0.000000, 3382.70 sec so far
Iteration 50477509: max diff=0.000000, 3387.71 sec so far
Iteration 50551308: max diff=0.000000, 3392.71 sec so far
Iteration 50625167: max diff=0.000000, 3397.72 sec so far
Iteration 50697805: max diff=0.000000, 3402.72 sec so far
Iteration 50771588: max diff=0.000000, 3407.72 sec so far
Iteration 50845076: max diff=0.000000, 3412.73 sec so far
Iteration 50918707: max diff=0.000000, 3417.73 sec so far
Iteration 50992363: max diff=0.000000, 3422.74 sec so far
Iteration 51066119: max diff=0.000000, 3427.74 sec so far
Iteration 51140460: max diff=0.000000, 3432.74 sec so far
Iteration 51214325: max diff=0.000000, 3437.75 sec so far
Iteration 51288491: max diff=0.000000, 3442.75 sec so far
Iteration 51362455: max diff=0.000000, 3447.76 sec so far
Iteration 51436319: max diff=0.000000, 3452.76 sec so far
Iteration 51510617: max diff=0.000000, 3457.76 sec so far
Iteration 51584773: max diff=0.000000, 3462.77 sec so far
Iteration 51659088: max diff=0.000000, 3467.77 sec so far
Iteration 51733064: max diff=0.000000, 3472.78 sec so far
Iteration 51807084: max diff=0.000000, 3477.78 sec so far
Iteration 51881554: max diff=0.000000, 3482.78 sec so far
Iteration 51956625: max diff=0.000000, 3487.79 sec so far
Iteration 52031948: max diff=0.000000, 3492.79 sec so far
Iteration 52106774: max diff=0.000000, 3497.80 sec so far
Iteration 52181976: max diff=0.000000, 3502.80 sec so far
Iteration 52257274: max diff=0.000000, 3507.80 sec so far
Iteration 52329937: max diff=0.000000, 3512.81 sec so far
Iteration 52403628: max diff=0.000000, 3517.81 sec so far
Iteration 52477236: max diff=0.000000, 3522.82 sec so far
Iteration 52552265: max diff=0.000000, 3527.82 sec so far
Iteration 52626324: max diff=0.000000, 3532.82 sec so far
Iteration 52700306: max diff=0.000000, 3537.83 sec so far
Iteration 52774646: max diff=0.000000, 3542.83 sec so far
Iteration 52849115: max diff=0.000000, 3547.84 sec so far
Iteration 52923595: max diff=0.000000, 3552.84 sec so far
Iteration 52998298: max diff=0.000000, 3557.84 sec so far
Iteration 53072982: max diff=0.000000, 3562.85 sec so far
Iteration 53147286: max diff=0.000000, 3567.85 sec so far
Iteration 53222103: max diff=0.000000, 3572.86 sec so far
Iteration 53296842: max diff=0.000000, 3577.86 sec so far
Iteration 53371196: max diff=0.000000, 3582.86 sec so far
Iteration 53445829: max diff=0.000000, 3587.87 sec so far
Iteration 53520394: max diff=0.000000, 3592.87 sec so far
Iteration 53594901: max diff=0.000000, 3597.88 sec so far
Iteration 53669415: max diff=0.000000, 3602.88 sec so far
Iteration 53743782: max diff=0.000000, 3607.88 sec so far
Iteration 53818385: max diff=0.000000, 3612.89 sec so far
Iteration 53893284: max diff=0.000000, 3617.89 sec so far
Iteration 53968253: max diff=0.000000, 3622.90 sec so far
Iteration 54042890: max diff=0.000000, 3627.90 sec so far
Iteration 54117662: max diff=0.000000, 3632.90 sec so far
Iteration 54192447: max diff=0.000000, 3637.91 sec so far
Iteration 54267218: max diff=0.000000, 3642.91 sec so far
Iteration 54341908: max diff=0.000000, 3647.92 sec so far
Iteration 54416917: max diff=0.000000, 3652.92 sec so far
Iteration 54491432: max diff=0.000000, 3657.92 sec so far
Iteration 54565754: max diff=0.000000, 3662.93 sec so far
Iteration 54640383: max diff=0.000000, 3667.93 sec so far
Iteration 54715337: max diff=0.000000, 3672.94 sec so far
Iteration 54789881: max diff=0.000000, 3677.94 sec so far
Iteration 54865492: max diff=0.000000, 3682.94 sec so far
Iteration 54941087: max diff=0.000000, 3687.95 sec so far
Iteration 55015998: max diff=0.000000, 3692.95 sec so far
Iteration 55091294: max diff=0.000000, 3697.96 sec so far
Iteration 55166780: max diff=0.000000, 3702.96 sec so far
Iteration 55241792: max diff=0.000000, 3707.96 sec so far
Iteration 55317405: max diff=0.000000, 3712.97 sec so far
Iteration 55393127: max diff=0.000000, 3717.97 sec so far
Iteration 55468135: max diff=0.000000, 3722.98 sec so far
Iteration 55543391: max diff=0.000000, 3727.98 sec so far
Iteration 55618633: max diff=0.000000, 3732.98 sec so far
Iteration 55693998: max diff=0.000000, 3737.99 sec so far
Iteration 55769336: max diff=0.000000, 3742.99 sec so far
Iteration 55844814: max diff=0.000000, 3748.00 sec so far
Iteration 55920428: max diff=0.000000, 3753.00 sec so far
Iteration 55995588: max diff=0.000000, 3758.00 sec so far
Iteration 56070919: max diff=0.000000, 3763.01 sec so far
Iteration 56145851: max diff=0.000000, 3768.01 sec so far
Iteration 56221214: max diff=0.000000, 3773.02 sec so far
Iteration 56296389: max diff=0.000000, 3778.02 sec so far
Iteration 56371432: max diff=0.000000, 3783.02 sec so far
Iteration 56446272: max diff=0.000000, 3788.03 sec so far
Iteration 56522038: max diff=0.000000, 3793.03 sec so far
Iteration 56597606: max diff=0.000000, 3798.04 sec so far
Iteration 56672719: max diff=0.000000, 3803.04 sec so far
Iteration 56748725: max diff=0.000000, 3808.04 sec so far
Iteration 56824031: max diff=0.000000, 3813.05 sec so far
Iteration 56899236: max diff=0.000000, 3818.05 sec so far
Iteration 56974505: max diff=0.000000, 3823.06 sec so far
Iteration 57049829: max diff=0.000000, 3828.06 sec so far
Iteration 57125380: max diff=0.000000, 3833.06 sec so far
Iteration 57200908: max diff=0.000000, 3838.07 sec so far
Iteration 57276357: max diff=0.000000, 3843.07 sec so far
Iteration 57351872: max diff=0.000000, 3848.08 sec so far
Iteration 57427470: max diff=0.000000, 3853.08 sec so far
Iteration 57502720: max diff=0.000000, 3858.08 sec so far
Iteration 57578258: max diff=0.000000, 3863.09 sec so far
Iteration 57653589: max diff=0.000000, 3868.09 sec so far
Iteration 57729489: max diff=0.000000, 3873.10 sec so far
Iteration 57804736: max diff=0.000000, 3878.10 sec so far
Iteration 57880388: max diff=0.000000, 3883.10 sec so far
Iteration 57955571: max diff=0.000000, 3888.11 sec so far
Iteration 58031064: max diff=0.000000, 3893.11 sec so far
Iteration 58107150: max diff=0.000000, 3898.12 sec so far
Iteration 58182685: max diff=0.000000, 3903.12 sec so far
Iteration 58257411: max diff=0.000000, 3908.12 sec so far
Iteration 58332804: max diff=0.000000, 3913.13 sec so far
Iteration 58408493: max diff=0.000000, 3918.13 sec so far
Iteration 58483835: max diff=0.000000, 3923.14 sec so far
Iteration 58559243: max diff=0.000000, 3928.14 sec so far
Iteration 58634717: max diff=0.000000, 3933.14 sec so far
Iteration 58710268: max diff=0.000000, 3938.15 sec so far
Iteration 58784413: max diff=0.000000, 3943.15 sec so far
Iteration 58859716: max diff=0.000000, 3948.16 sec so far
Iteration 58935004: max diff=0.000000, 3953.16 sec so far
Iteration 59010460: max diff=0.000000, 3958.16 sec so far
Iteration 59085774: max diff=0.000000, 3963.17 sec so far
Iteration 59161299: max diff=0.000000, 3968.17 sec so far
Iteration 59236691: max diff=0.000000, 3973.18 sec so far
Iteration 59311659: max diff=0.000000, 3978.18 sec so far
Iteration 59387132: max diff=0.000000, 3983.18 sec so far
Iteration 59462179: max diff=0.000000, 3988.19 sec so far
Iteration 59537545: max diff=0.000000, 3993.19 sec so far
Iteration 59612765: max diff=0.000000, 3998.20 sec so far
Iteration 59687912: max diff=0.000000, 4003.20 sec so far
Iteration 59763144: max diff=0.000000, 4008.20 sec so far
Iteration 59838382: max diff=0.000000, 4013.21 sec so far
Iteration 59913519: max diff=0.000000, 4018.21 sec so far
Iteration 59988778: max diff=0.000000, 4023.22 sec so far
Iteration 60064232: max diff=0.000000, 4028.22 sec so far
Iteration 60139102: max diff=0.000000, 4033.22 sec so far
Iteration 60213906: max diff=0.000000, 4038.23 sec so far
Iteration 60288986: max diff=0.000000, 4043.23 sec so far
Iteration 60364471: max diff=0.000000, 4048.24 sec so far
Iteration 60439787: max diff=0.000000, 4053.24 sec so far
Iteration 60514980: max diff=0.000000, 4058.24 sec so far
Iteration 60590235: max diff=0.000000, 4063.25 sec so far
Iteration 60665022: max diff=0.000000, 4068.25 sec so far
Iteration 60739916: max diff=0.000000, 4073.26 sec so far
Iteration 60815086: max diff=0.000000, 4078.26 sec so far
Iteration 60890598: max diff=0.000000, 4083.26 sec so far
Iteration 60965673: max diff=0.000000, 4088.27 sec so far
Iteration 61040833: max diff=0.000000, 4093.27 sec so far
Iteration 61115637: max diff=0.000000, 4098.28 sec so far
Iteration 61191204: max diff=0.000000, 4103.28 sec so far
Iteration 61266615: max diff=0.000000, 4108.28 sec so far
Iteration 61341916: max diff=0.000000, 4113.29 sec so far
Iteration 61417031: max diff=0.000000, 4118.29 sec so far
Iteration 61492313: max diff=0.000000, 4123.30 sec so far
Iteration 61567543: max diff=0.000000, 4128.30 sec so far
Iteration 61642989: max diff=0.000000, 4133.30 sec so far
Iteration 61718450: max diff=0.000000, 4138.31 sec so far
Iteration 61793530: max diff=0.000000, 4143.31 sec so far
Iteration 61868980: max diff=0.000000, 4148.32 sec so far
Iteration 61944142: max diff=0.000000, 4153.32 sec so far
Iteration 62019876: max diff=0.000000, 4158.32 sec so far
Iteration 62095114: max diff=0.000000, 4163.33 sec so far
Iteration 62170924: max diff=0.000000, 4168.33 sec so far
Iteration 62246294: max diff=0.000000, 4173.34 sec so far
Iteration 62321736: max diff=0.000000, 4178.34 sec so far
Iteration 62397067: max diff=0.000000, 4183.34 sec so far
Iteration 62472183: max diff=0.000000, 4188.35 sec so far
Iteration 62547826: max diff=0.000000, 4193.35 sec so far
Iteration 62623261: max diff=0.000000, 4198.36 sec so far
Iteration 62698547: max diff=0.000000, 4203.36 sec so far
Iteration 62773991: max diff=0.000000, 4208.36 sec so far
Iteration 62849776: max diff=0.000000, 4213.37 sec so far
Iteration 62925155: max diff=0.000000, 4218.37 sec so far
Iteration 63000431: max diff=0.000000, 4223.38 sec so far
Iteration 63075670: max diff=0.000000, 4228.38 sec so far
Iteration 63151156: max diff=0.000000, 4233.38 sec so far
Iteration 63226453: max diff=0.000000, 4238.39 sec so far
Iteration 63301500: max diff=0.000000, 4243.39 sec so far
Iteration 63376945: max diff=0.000000, 4248.40 sec so far
Iteration 63452333: max diff=0.000000, 4253.40 sec so far
Iteration 63527583: max diff=0.000000, 4258.40 sec so far
Iteration 63602677: max diff=0.000000, 4263.41 sec so far
Iteration 63678089: max diff=0.000000, 4268.41 sec so far
Iteration 63753914: max diff=0.000000, 4273.42 sec so far
Iteration 63825988: max diff=0.000000, 4278.42 sec so far
Iteration 63897185: max diff=0.000000, 4283.42 sec so far
Iteration 63969168: max diff=0.000000, 4288.43 sec so far
Iteration 64040350: max diff=0.000000, 4293.43 sec so far
Iteration 64110419: max diff=0.000000, 4298.44 sec so far
Iteration 64181224: max diff=0.000000, 4303.44 sec so far
Iteration 64252674: max diff=0.000000, 4308.44 sec so far
Iteration 64324011: max diff=0.000000, 4313.45 sec so far
Iteration 64395427: max diff=0.000000, 4318.45 sec so far
Iteration 64466221: max diff=0.000000, 4323.46 sec so far
Iteration 64537489: max diff=0.000000, 4328.46 sec so far
Iteration 64608826: max diff=0.000000, 4333.46 sec so far
Iteration 64678776: max diff=0.000000, 4338.47 sec so far
Iteration 64748474: max diff=0.000000, 4343.47 sec so far
Iteration 64819288: max diff=0.000000, 4348.48 sec so far
Iteration 64890390: max diff=0.000000, 4353.48 sec so far
Iteration 64961449: max diff=0.000000, 4358.48 sec so far
Iteration 65032618: max diff=0.000000, 4363.49 sec so far
Iteration 65104319: max diff=0.000000, 4368.49 sec so far
Iteration 65176004: max diff=0.000000, 4373.50 sec so far
Iteration 65247780: max diff=0.000000, 4378.50 sec so far
Iteration 65318996: max diff=0.000000, 4383.50 sec so far
Iteration 65388018: max diff=0.000000, 4388.51 sec so far
Iteration 65459549: max diff=0.000000, 4393.51 sec so far
Iteration 65530951: max diff=0.000000, 4398.52 sec so far
Iteration 65601957: max diff=0.000000, 4403.52 sec so far
Iteration 65667695: max diff=0.000000, 4408.52 sec so far
Iteration 65738185: max diff=0.000000, 4413.53 sec so far
Iteration 65809597: max diff=0.000000, 4418.53 sec so far
Iteration 65880877: max diff=0.000000, 4423.54 sec so far
Iteration 65951570: max diff=0.000000, 4428.54 sec so far
Iteration 66020768: max diff=0.000000, 4433.54 sec so far
Iteration 66090671: max diff=0.000000, 4438.55 sec so far
Iteration 66160374: max diff=0.000000, 4443.55 sec so far
Iteration 66230268: max diff=0.000000, 4448.56 sec so far
Iteration 66301234: max diff=0.000000, 4453.56 sec so far
Iteration 66372670: max diff=0.000000, 4458.56 sec so far
Iteration 66443645: max diff=0.000000, 4463.57 sec so far
Iteration 66515554: max diff=0.000000, 4468.57 sec so far
Iteration 66586427: max diff=0.000000, 4473.58 sec so far
Iteration 66657798: max diff=0.000000, 4478.58 sec so far
Iteration 66728775: max diff=0.000000, 4483.58 sec so far
Iteration 66800352: max diff=0.000000, 4488.59 sec so far
Iteration 66871567: max diff=0.000000, 4493.59 sec so far
Iteration 66942979: max diff=0.000000, 4498.60 sec so far
Iteration 67014107: max diff=0.000000, 4503.60 sec so far
Iteration 67085481: max diff=0.000000, 4508.60 sec so far
Iteration 67157286: max diff=0.000000, 4513.61 sec so far
Iteration 67228586: max diff=0.000000, 4518.61 sec so far
Iteration 67299779: max diff=0.000000, 4523.62 sec so far
Iteration 67370974: max diff=0.000000, 4528.62 sec so far
Iteration 67442015: max diff=0.000000, 4533.62 sec so far
Iteration 67513261: max diff=0.000000, 4538.63 sec so far
Iteration 67584976: max diff=0.000000, 4543.63 sec so far
Iteration 67656534: max diff=0.000000, 4548.64 sec so far
Iteration 67728100: max diff=0.000000, 4553.64 sec so far
Iteration 67799490: max diff=0.000000, 4558.64 sec so far
Iteration 67871228: max diff=0.000000, 4563.65 sec so far
Iteration 67942542: max diff=0.000000, 4568.65 sec so far
Iteration 68013974: max diff=0.000000, 4573.66 sec so far
Iteration 68084987: max diff=0.000000, 4578.66 sec so far
Iteration 68156818: max diff=0.000000, 4583.66 sec so far
Iteration 68228647: max diff=0.000000, 4588.67 sec so far
Iteration 68299834: max diff=0.000000, 4593.67 sec so far
Iteration 68371202: max diff=0.000000, 4598.68 sec so far
Iteration 68442528: max diff=0.000000, 4603.68 sec so far
Iteration 68513750: max diff=0.000000, 4608.68 sec so far
Iteration 68585013: max diff=0.000000, 4613.69 sec so far
Iteration 68656204: max diff=0.000000, 4618.69 sec so far
Iteration 68727961: max diff=0.000000, 4623.70 sec so far
Iteration 68799317: max diff=0.000000, 4628.70 sec so far
Iteration 68870178: max diff=0.000000, 4633.70 sec so far
Iteration 68940859: max diff=0.000000, 4638.71 sec so far
Iteration 69012491: max diff=0.000000, 4643.71 sec so far
Iteration 69083454: max diff=0.000000, 4648.72 sec so far
Iteration 69154639: max diff=0.000000, 4653.72 sec so far
Iteration 69226445: max diff=0.000000, 4658.72 sec so far
Iteration 69297453: max diff=0.000000, 4663.73 sec so far
Iteration 69368422: max diff=0.000000, 4668.73 sec so far
Iteration 69440463: max diff=0.000000, 4673.74 sec so far
Iteration 69511895: max diff=0.000000, 4678.74 sec so far
Iteration 69583414: max diff=0.000000, 4683.74 sec so far
Iteration 69654282: max diff=0.000000, 4688.75 sec so far
Iteration 69725399: max diff=0.000000, 4693.75 sec so far
Iteration 69796340: max diff=0.000000, 4698.76 sec so far
Iteration 69867064: max diff=0.000000, 4703.76 sec so far
Iteration 69937769: max diff=0.000000, 4708.76 sec so far
Iteration 70009007: max diff=0.000000, 4713.77 sec so far
Iteration 70080550: max diff=0.000000, 4718.77 sec so far
Iteration 70151748: max diff=0.000000, 4723.78 sec so far
Iteration 70222969: max diff=0.000000, 4728.78 sec so far
Iteration 70293721: max diff=0.000000, 4733.78 sec so far
Iteration 70364898: max diff=0.000000, 4738.79 sec so far
Iteration 70436094: max diff=0.000000, 4743.79 sec so far
Iteration 70507546: max diff=0.000000, 4748.80 sec so far
Iteration 70578570: max diff=0.000000, 4753.80 sec so far
Iteration 70649571: max diff=0.000000, 4758.80 sec so far
Iteration 70720550: max diff=0.000000, 4763.81 sec so far
Iteration 70791569: max diff=0.000000, 4768.81 sec so far
Iteration 70863081: max diff=0.000000, 4773.82 sec so far
Iteration 70934362: max diff=0.000000, 4778.82 sec so far
Iteration 71005906: max diff=0.000000, 4783.82 sec so far
Iteration 71077226: max diff=0.000000, 4788.83 sec so far
Iteration 71148099: max diff=0.000000, 4793.83 sec so far
Iteration 71219573: max diff=0.000000, 4798.84 sec so far
Iteration 71290561: max diff=0.000000, 4803.84 sec so far
Iteration 71361828: max diff=0.000000, 4808.84 sec so far
Iteration 71433160: max diff=0.000000, 4813.85 sec so far
Iteration 71504719: max diff=0.000000, 4818.85 sec so far
Iteration 71576171: max diff=0.000000, 4823.86 sec so far
Iteration 71648234: max diff=0.000000, 4828.86 sec so far
Iteration 71719650: max diff=0.000000, 4833.86 sec so far
Iteration 71791211: max diff=0.000000, 4838.87 sec so far
Iteration 71862075: max diff=0.000000, 4843.87 sec so far
Iteration 71933854: max diff=0.000000, 4848.88 sec so far
Iteration 72005633: max diff=0.000000, 4853.88 sec so far
Iteration 72077792: max diff=0.000000, 4858.88 sec so far
Iteration 72149801: max diff=0.000000, 4863.89 sec so far
Iteration 72220902: max diff=0.000000, 4868.89 sec so far
Iteration 72294000: max diff=0.000000, 4873.90 sec so far
Iteration 72367808: max diff=0.000000, 4878.90 sec so far
Iteration 72442642: max diff=0.000000, 4883.90 sec so far
Iteration 72516455: max diff=0.000000, 4888.91 sec so far
Iteration 72591334: max diff=0.000000, 4893.91 sec so far
Iteration 72664314: max diff=0.000000, 4898.92 sec so far
Iteration 72739161: max diff=0.000000, 4903.92 sec so far
Iteration 72813486: max diff=0.000000, 4908.92 sec so far
Iteration 72887753: max diff=0.000000, 4913.93 sec so far
Iteration 72962174: max diff=0.000000, 4918.93 sec so far
Iteration 73036944: max diff=0.000000, 4923.94 sec so far
Iteration 73110756: max diff=0.000000, 4928.94 sec so far
Iteration 73185689: max diff=0.000000, 4933.94 sec so far
Iteration 73260064: max diff=0.000000, 4938.95 sec so far
Iteration 73332213: max diff=0.000000, 4943.95 sec so far
Iteration 73406899: max diff=0.000000, 4948.96 sec so far
Iteration 73481092: max diff=0.000000, 4953.96 sec so far
Iteration 73555383: max diff=0.000000, 4958.96 sec so far
Iteration 73630163: max diff=0.000000, 4963.97 sec so far
Iteration 73704716: max diff=0.000000, 4968.97 sec so far
Iteration 73778773: max diff=0.000000, 4973.98 sec so far
Iteration 73853396: max diff=0.000000, 4978.98 sec so far
Iteration 73927033: max diff=0.000000, 4983.98 sec so far
Iteration 74001326: max diff=0.000000, 4988.99 sec so far
Iteration 74075767: max diff=0.000000, 4993.99 sec so far
Iteration 74150201: max diff=0.000000, 4999.00 sec so far
Iteration 74223968: max diff=0.000000, 5004.00 sec so far
Iteration 74297934: max diff=0.000000, 5009.00 sec so far
Iteration 74371799: max diff=0.000000, 5014.01 sec so far
Iteration 74446225: max diff=0.000000, 5019.01 sec so far
Iteration 74517974: max diff=0.000000, 5024.02 sec so far
Iteration 74591553: max diff=0.000000, 5029.02 sec so far
Iteration 74665352: max diff=0.000000, 5034.02 sec so far
Iteration 74739270: max diff=0.000000, 5039.03 sec so far
Iteration 74813245: max diff=0.000000, 5044.03 sec so far
Iteration 74887573: max diff=0.000000, 5049.04 sec so far
Iteration 74961756: max diff=0.000000, 5054.04 sec so far
Iteration 75036765: max diff=0.000000, 5059.04 sec so far
Iteration 75110903: max diff=0.000000, 5064.05 sec so far
Iteration 75182256: max diff=0.000000, 5069.05 sec so far
Iteration 75255931: max diff=0.000000, 5074.06 sec so far
Iteration 75330962: max diff=0.000000, 5079.06 sec so far
Iteration 75402818: max diff=0.000000, 5084.06 sec so far
Iteration 75474271: max diff=0.000000, 5089.07 sec so far
Iteration 75546629: max diff=0.000000, 5094.07 sec so far
Iteration 75620045: max diff=0.000000, 5099.08 sec so far
Iteration 75694575: max diff=0.000000, 5104.08 sec so far
Iteration 75768220: max diff=0.000000, 5109.08 sec so far
Iteration 75841763: max diff=0.000000, 5114.09 sec so far
Iteration 75916121: max diff=0.000000, 5119.09 sec so far
Iteration 75991332: max diff=0.000000, 5124.10 sec so far
Iteration 76066081: max diff=0.000000, 5129.10 sec so far
Iteration 76139186: max diff=0.000000, 5134.10 sec so far
Iteration 76212818: max diff=0.000000, 5139.11 sec so far
Iteration 76287356: max diff=0.000000, 5144.11 sec so far
Iteration 76361139: max diff=0.000000, 5149.12 sec so far
Iteration 76435892: max diff=0.000000, 5154.12 sec so far
Iteration 76510857: max diff=0.000000, 5159.12 sec so far
Iteration 76585247: max diff=0.000000, 5164.13 sec so far
Iteration 76659568: max diff=0.000000, 5169.13 sec so far
Iteration 76734147: max diff=0.000000, 5174.14 sec so far
Iteration 76808002: max diff=0.000000, 5179.14 sec so far
Iteration 76881011: max diff=0.000000, 5184.14 sec so far
Iteration 76955455: max diff=0.000000, 5189.15 sec so far
Iteration 77029881: max diff=0.000000, 5194.15 sec so far
Iteration 77103483: max diff=0.000000, 5199.16 sec so far
Iteration 77177939: max diff=0.000000, 5204.16 sec so far
Iteration 77251885: max diff=0.000000, 5209.16 sec so far
Iteration 77327208: max diff=0.000000, 5214.17 sec so far
Iteration 77398478: max diff=0.000000, 5219.17 sec so far
Iteration 77472535: max diff=0.000000, 5224.18 sec so far
Iteration 77546589: max diff=0.000000, 5229.18 sec so far
Iteration 77620654: max diff=0.000000, 5234.18 sec so far
Iteration 77694613: max diff=0.000000, 5239.19 sec so far
Iteration 77768279: max diff=0.000000, 5244.19 sec so far
Iteration 77843047: max diff=0.000000, 5249.20 sec so far
Iteration 77917079: max diff=0.000000, 5254.20 sec so far
Iteration 77990536: max diff=0.000000, 5259.20 sec so far
Iteration 78064384: max diff=0.000000, 5264.21 sec so far
Iteration 78138568: max diff=0.000000, 5269.21 sec so far
Iteration 78212946: max diff=0.000000, 5274.22 sec so far
Iteration 78287216: max diff=0.000000, 5279.22 sec so far
Iteration 78361376: max diff=0.000000, 5284.22 sec so far
Iteration 78434281: max diff=0.000000, 5289.23 sec so far
Iteration 78508996: max diff=0.000000, 5294.23 sec so far
Iteration 78582607: max diff=0.000000, 5299.24 sec so far
Iteration 78657174: max diff=0.000000, 5304.24 sec so far
Iteration 78731078: max diff=0.000000, 5309.24 sec so far
Iteration 78805324: max diff=0.000000, 5314.25 sec so far
Iteration 78880117: max diff=0.000000, 5319.25 sec so far
Iteration 78955110: max diff=0.000000, 5324.26 sec so far
Iteration 79028824: max diff=0.000000, 5329.26 sec so far
Iteration 79103370: max diff=0.000000, 5334.26 sec so far
Iteration 79178099: max diff=0.000000, 5339.27 sec so far
Iteration 79252182: max diff=0.000000, 5344.27 sec so far
Iteration 79326502: max diff=0.000000, 5349.28 sec so far
Iteration 79401154: max diff=0.000000, 5354.28 sec so far
Iteration 79476124: max diff=0.000000, 5359.28 sec so far
Iteration 79550924: max diff=0.000000, 5364.29 sec so far
Iteration 79625788: max diff=0.000000, 5369.29 sec so far
Iteration 79700529: max diff=0.000000, 5374.30 sec so far
Iteration 79774250: max diff=0.000000, 5379.30 sec so far
Iteration 79848657: max diff=0.000000, 5384.30 sec so far
Iteration 79922276: max diff=0.000000, 5389.31 sec so far
Iteration 79997267: max diff=0.000000, 5394.31 sec so far
Iteration 80071215: max diff=0.000000, 5399.32 sec so far
Iteration 80145258: max diff=0.000000, 5404.32 sec so far
Iteration 80219428: max diff=0.000000, 5409.32 sec so far
Iteration 80293680: max diff=0.000000, 5414.33 sec so far
Iteration 80367809: max diff=0.000000, 5419.33 sec so far
Iteration 80442356: max diff=0.000000, 5424.34 sec so far
Iteration 80517077: max diff=0.000000, 5429.34 sec so far
Iteration 80591392: max diff=0.000000, 5434.34 sec so far
Iteration 80665859: max diff=0.000000, 5439.35 sec so far
Iteration 80740500: max diff=0.000000, 5444.35 sec so far
Iteration 80815883: max diff=0.000000, 5449.36 sec so far
Iteration 80890181: max diff=0.000000, 5454.36 sec so far
Iteration 80965436: max diff=0.000000, 5459.36 sec so far
Iteration 81038336: max diff=0.000000, 5464.37 sec so far
Iteration 81109596: max diff=0.000000, 5469.37 sec so far
Iteration 81181234: max diff=0.000000, 5474.38 sec so far
Iteration 81250924: max diff=0.000000, 5479.38 sec so far
Iteration 81321564: max diff=0.000000, 5484.38 sec so far
Iteration 81392493: max diff=0.000000, 5489.39 sec so far
Iteration 81464519: max diff=0.000000, 5494.39 sec so far
Iteration 81533481: max diff=0.000000, 5499.40 sec so far
Iteration 81604551: max diff=0.000000, 5504.40 sec so far
Iteration 81675718: max diff=0.000000, 5509.40 sec so far
Iteration 81745476: max diff=0.000000, 5514.41 sec so far
Iteration 81810973: max diff=0.000000, 5519.41 sec so far
Iteration 81881447: max diff=0.000000, 5524.42 sec so far
Iteration 81951501: max diff=0.000000, 5529.42 sec so far
Iteration 82021512: max diff=0.000000, 5534.42 sec so far
Iteration 82093164: max diff=0.000000, 5539.43 sec so far
Iteration 82159067: max diff=0.000000, 5544.43 sec so far
Iteration 82230144: max diff=0.000000, 5549.44 sec so far
Iteration 82300972: max diff=0.000000, 5554.44 sec so far
Iteration 82372645: max diff=0.000000, 5559.44 sec so far
Iteration 82444362: max diff=0.000000, 5564.45 sec so far
Iteration 82515712: max diff=0.000000, 5569.45 sec so far
Iteration 82587069: max diff=0.000000, 5574.46 sec so far
Iteration 82657607: max diff=0.000000, 5579.46 sec so far
Iteration 82728351: max diff=0.000000, 5584.46 sec so far
Iteration 82799709: max diff=0.000000, 5589.47 sec so far
Iteration 82868891: max diff=0.000000, 5594.47 sec so far
Iteration 82939201: max diff=0.000000, 5599.48 sec so far
Iteration 83010959: max diff=0.000000, 5604.48 sec so far
Iteration 83083053: max diff=0.000000, 5609.48 sec so far
Iteration 83154808: max diff=0.000000, 5614.49 sec so far
Iteration 83226373: max diff=0.000000, 5619.49 sec so far
Iteration 83298102: max diff=0.000000, 5624.50 sec so far
Iteration 83369110: max diff=0.000000, 5629.50 sec so far
Iteration 83440198: max diff=0.000000, 5634.50 sec so far
Iteration 83510300: max diff=0.000000, 5639.51 sec so far
Iteration 83580553: max diff=0.000000, 5644.51 sec so far
Iteration 83647703: max diff=0.000000, 5649.52 sec so far
Iteration 83718211: max diff=0.000000, 5654.52 sec so far
Iteration 83788355: max diff=0.000000, 5659.52 sec so far
Iteration 83858675: max diff=0.000000, 5664.53 sec so far
Iteration 83930188: max diff=0.000000, 5669.53 sec so far
Iteration 84001918: max diff=0.000000, 5674.54 sec so far
Iteration 84070920: max diff=0.000000, 5679.54 sec so far
Iteration 84142907: max diff=0.000000, 5684.54 sec so far
Iteration 84214974: max diff=0.000000, 5689.55 sec so far
Iteration 84286645: max diff=0.000000, 5694.55 sec so far
Iteration 84358196: max diff=0.000000, 5699.56 sec so far
Iteration 84430058: max diff=0.000000, 5704.56 sec so far
Iteration 84501996: max diff=0.000000, 5709.56 sec so far
Iteration 84573856: max diff=0.000000, 5714.57 sec so far
Iteration 84645947: max diff=0.000000, 5719.57 sec so far
Iteration 84717938: max diff=0.000000, 5724.58 sec so far
Iteration 84790072: max diff=0.000000, 5729.58 sec so far
Iteration 84862169: max diff=0.000000, 5734.58 sec so far
Iteration 84931175: max diff=0.000000, 5739.59 sec so far
Iteration 85002658: max diff=0.000000, 5744.59 sec so far
Iteration 85072139: max diff=0.000000, 5749.60 sec so far
Iteration 85141916: max diff=0.000000, 5754.60 sec so far
Iteration 85211763: max diff=0.000000, 5759.60 sec so far
Iteration 85280874: max diff=0.000000, 5764.61 sec so far
Iteration 85351231: max diff=0.000000, 5769.61 sec so far
Iteration 85421403: max diff=0.000000, 5774.62 sec so far
Iteration 85492855: max diff=0.000000, 5779.62 sec so far
Iteration 85562144: max diff=0.000000, 5784.62 sec so far
Iteration 85633636: max diff=0.000000, 5789.63 sec so far
Iteration 85704626: max diff=0.000000, 5794.63 sec so far
Iteration 85775368: max diff=0.000000, 5799.64 sec so far
Iteration 85846293: max diff=0.000000, 5804.64 sec so far
Iteration 85917448: max diff=0.000000, 5809.64 sec so far
Iteration 85988090: max diff=0.000000, 5814.65 sec so far
Iteration 86058426: max diff=0.000000, 5819.65 sec so far
Iteration 86129868: max diff=0.000000, 5824.66 sec so far
Iteration 86200980: max diff=0.000000, 5829.66 sec so far
Iteration 86269704: max diff=0.000000, 5834.66 sec so far
Iteration 86341120: max diff=0.000000, 5839.67 sec so far
Iteration 86408894: max diff=0.000000, 5844.67 sec so far
Iteration 86476646: max diff=0.000000, 5849.68 sec so far
Iteration 86548693: max diff=0.000000, 5854.68 sec so far
Iteration 86619923: max diff=0.000000, 5859.68 sec so far
Iteration 86691848: max diff=0.000000, 5864.69 sec so far
Iteration 86762926: max diff=0.000000, 5869.69 sec so far
Iteration 86831571: max diff=0.000000, 5874.70 sec so far
Iteration 86902896: max diff=0.000000, 5879.70 sec so far
Iteration 86974843: max diff=0.000000, 5884.70 sec so far
Iteration 87045981: max diff=0.000000, 5889.71 sec so far
Iteration 87116060: max diff=0.000000, 5894.71 sec so far
Iteration 87185813: max diff=0.000000, 5899.72 sec so far
Iteration 87252299: max diff=0.000000, 5904.72 sec so far
Iteration 87323225: max diff=0.000000, 5909.72 sec so far
Iteration 87394310: max diff=0.000000, 5914.73 sec so far
Iteration 87465530: max diff=0.000000, 5919.73 sec so far
Iteration 87536608: max diff=0.000000, 5924.74 sec so far
Iteration 87607561: max diff=0.000000, 5929.74 sec so far
Iteration 87678869: max diff=0.000000, 5934.74 sec so far
Iteration 87749898: max diff=0.000000, 5939.75 sec so far
Iteration 87821462: max diff=0.000000, 5944.75 sec so far
Iteration 87893047: max diff=0.000000, 5949.76 sec so far
Iteration 87964313: max diff=0.000000, 5954.76 sec so far
Iteration 88035921: max diff=0.000000, 5959.76 sec so far
Iteration 88107271: max diff=0.000000, 5964.77 sec so far
Iteration 88178542: max diff=0.000000, 5969.77 sec so far
Iteration 88250046: max diff=0.000000, 5974.78 sec so far
Iteration 88319169: max diff=0.000000, 5979.78 sec so far
Iteration 88391282: max diff=0.000000, 5984.78 sec so far
Iteration 88463504: max diff=0.000000, 5989.79 sec so far
Iteration 88535655: max diff=0.000000, 5994.79 sec so far
Iteration 88607370: max diff=0.000000, 5999.80 sec so far
Iteration 88679892: max diff=0.000000, 6004.80 sec so far
Iteration 88751998: max diff=0.000000, 6009.80 sec so far
Iteration 88823697: max diff=0.000000, 6014.81 sec so far
Iteration 88895656: max diff=0.000000, 6019.81 sec so far
Iteration 88967238: max diff=0.000000, 6024.82 sec so far
Iteration 89039248: max diff=0.000000, 6029.82 sec so far
Iteration 89111506: max diff=0.000000, 6034.82 sec so far
Iteration 89183140: max diff=0.000000, 6039.83 sec so far
Iteration 89254542: max diff=0.000000, 6044.83 sec so far
Iteration 89324452: max diff=0.000000, 6049.84 sec so far
Iteration 89393672: max diff=0.000000, 6054.84 sec so far
Iteration 89466970: max diff=0.000000, 6059.84 sec so far
Iteration 89541435: max diff=0.000000, 6064.85 sec so far
Iteration 89615854: max diff=0.000000, 6069.85 sec so far
Iteration 89691281: max diff=0.000000, 6074.86 sec so far
Iteration 89765874: max diff=0.000000, 6079.86 sec so far
Iteration 89840598: max diff=0.000000, 6084.86 sec so far
Iteration 89915317: max diff=0.000000, 6089.87 sec so far
Iteration 89989070: max diff=0.000000, 6094.87 sec so far
Iteration 90063705: max diff=0.000000, 6099.88 sec so far
Iteration 90137225: max diff=0.000000, 6104.88 sec so far
Iteration 90209871: max diff=0.000000, 6109.88 sec so far
Iteration 90282101: max diff=0.000000, 6114.89 sec so far
Iteration 90354414: max diff=0.000000, 6119.89 sec so far
Iteration 90426817: max diff=0.000000, 6124.90 sec so far
Iteration 90498922: max diff=0.000000, 6129.90 sec so far
Iteration 90571625: max diff=0.000000, 6134.90 sec so far
Iteration 90643752: max diff=0.000000, 6139.91 sec so far
Iteration 90716164: max diff=0.000000, 6144.91 sec so far
Iteration 90787855: max diff=0.000000, 6149.92 sec so far
Iteration 90860183: max diff=0.000000, 6154.92 sec so far
Iteration 90932433: max diff=0.000000, 6159.92 sec so far
Iteration 91005014: max diff=0.000000, 6164.93 sec so far
Iteration 91077444: max diff=0.000000, 6169.93 sec so far
Iteration 91150066: max diff=0.000000, 6174.94 sec so far
Iteration 91223871: max diff=0.000000, 6179.94 sec so far
Iteration 91298725: max diff=0.000000, 6184.94 sec so far
Iteration 91373221: max diff=0.000000, 6189.95 sec so far
Iteration 91447753: max diff=0.000000, 6194.95 sec so far
Iteration 91522635: max diff=0.000000, 6199.96 sec so far
Iteration 91597376: max diff=0.000000, 6204.96 sec so far
Iteration 91671878: max diff=0.000000, 6209.96 sec so far
Iteration 91747207: max diff=0.000000, 6214.97 sec so far
Iteration 91822268: max diff=0.000000, 6219.97 sec so far
Iteration 91895889: max diff=0.000000, 6224.98 sec so far
Iteration 91968872: max diff=0.000000, 6229.98 sec so far
Iteration 92042018: max diff=0.000000, 6234.98 sec so far
Iteration 92115237: max diff=0.000000, 6239.99 sec so far
Iteration 92186605: max diff=0.000000, 6244.99 sec so far
Iteration 92259379: max diff=0.000000, 6250.00 sec so far
Iteration 92331876: max diff=0.000000, 6255.00 sec so far
Iteration 92404513: max diff=0.000000, 6260.00 sec so far
Iteration 92476768: max diff=0.000000, 6265.01 sec so far
Iteration 92549406: max diff=0.000000, 6270.01 sec so far
Iteration 92621708: max diff=0.000000, 6275.02 sec so far
Iteration 92694173: max diff=0.000000, 6280.02 sec so far
Iteration 92766228: max diff=0.000000, 6285.02 sec so far
Iteration 92838723: max diff=0.000000, 6290.03 sec so far
Iteration 92910723: max diff=0.000000, 6295.03 sec so far
Iteration 92984298: max diff=0.000000, 6300.04 sec so far
Iteration 93059005: max diff=0.000000, 6305.04 sec so far
Iteration 93133582: max diff=0.000000, 6310.04 sec so far
Iteration 93208137: max diff=0.000000, 6315.05 sec so far
Iteration 93282571: max diff=0.000000, 6320.05 sec so far
Iteration 93357446: max diff=0.000000, 6325.06 sec so far
Iteration 93432025: max diff=0.000000, 6330.06 sec so far
Iteration 93506785: max diff=0.000000, 6335.06 sec so far
Iteration 93581783: max diff=0.000000, 6340.07 sec so far
Iteration 93655281: max diff=0.000000, 6345.07 sec so far
Iteration 93729079: max diff=0.000000, 6350.08 sec so far
Iteration 93802984: max diff=0.000000, 6355.08 sec so far
Iteration 93876999: max diff=0.000000, 6360.08 sec so far
Iteration 93951140: max diff=0.000000, 6365.09 sec so far
Iteration 94024673: max diff=0.000000, 6370.09 sec so far
Iteration 94098281: max diff=0.000000, 6375.10 sec so far
Iteration 94169979: max diff=0.000000, 6380.10 sec so far
Iteration 94243566: max diff=0.000000, 6385.10 sec so far
Iteration 94317381: max diff=0.000000, 6390.11 sec so far
Iteration 94390026: max diff=0.000000, 6395.11 sec so far
Iteration 94462959: max diff=0.000000, 6400.12 sec so far
Iteration 94536617: max diff=0.000000, 6405.12 sec so far
Iteration 94608785: max diff=0.000000, 6410.12 sec so far
Iteration 94681640: max diff=0.000000, 6415.13 sec so far
Iteration 94755545: max diff=0.000000, 6420.13 sec so far
Iteration 94829874: max diff=0.000000, 6425.14 sec so far
Iteration 94904505: max diff=0.000000, 6430.14 sec so far
Iteration 94979171: max diff=0.000000, 6435.14 sec so far
Iteration 95053482: max diff=0.000000, 6440.15 sec so far
Iteration 95127812: max diff=0.000000, 6445.15 sec so far
Iteration 95202976: max diff=0.000000, 6450.16 sec so far
Iteration 95277748: max diff=0.000000, 6455.16 sec so far
Iteration 95352031: max diff=0.000000, 6460.16 sec so far
Iteration 95425822: max diff=0.000000, 6465.17 sec so far
Iteration 95498871: max diff=0.000000, 6470.17 sec so far
Iteration 95572311: max diff=0.000000, 6475.18 sec so far
Iteration 95645434: max diff=0.000000, 6480.18 sec so far
Iteration 95717302: max diff=0.000000, 6485.18 sec so far
Iteration 95789235: max diff=0.000000, 6490.19 sec so far
Iteration 95860383: max diff=0.000000, 6495.19 sec so far
Iteration 95931903: max diff=0.000000, 6500.20 sec so far
Iteration 96005114: max diff=0.000000, 6505.20 sec so far
Iteration 96078795: max diff=0.000000, 6510.20 sec so far
Iteration 96152313: max diff=0.000000, 6515.21 sec so far
Iteration 96225704: max diff=0.000000, 6520.21 sec so far
Iteration 96298999: max diff=0.000000, 6525.22 sec so far
Iteration 96372141: max diff=0.000000, 6530.22 sec so far
Iteration 96446105: max diff=0.000000, 6535.22 sec so far
Iteration 96521019: max diff=0.000000, 6540.23 sec so far
Iteration 96595714: max diff=0.000000, 6545.23 sec so far
Iteration 96670361: max diff=0.000000, 6550.24 sec so far
Iteration 96745401: max diff=0.000000, 6555.24 sec so far
Iteration 96820704: max diff=0.000000, 6560.24 sec so far
Iteration 96895420: max diff=0.000000, 6565.25 sec so far
Iteration 96970038: max diff=0.000000, 6570.25 sec so far
Iteration 97044501: max diff=0.000000, 6575.26 sec so far
Iteration 97118701: max diff=0.000000, 6580.26 sec so far
Iteration 97192213: max diff=0.000000, 6585.26 sec so far
Iteration 97265834: max diff=0.000000, 6590.27 sec so far
Iteration 97338680: max diff=0.000000, 6595.27 sec so far
Iteration 97411395: max diff=0.000000, 6600.28 sec so far
Iteration 97483371: max diff=0.000000, 6605.28 sec so far
Iteration 97554833: max diff=0.000000, 6610.28 sec so far
Iteration 97626478: max diff=0.000000, 6615.29 sec so far
Iteration 97698981: max diff=0.000000, 6620.29 sec so far
Iteration 97771103: max diff=0.000000, 6625.30 sec so far
Iteration 97843527: max diff=0.000000, 6630.30 sec so far
Iteration 97916506: max diff=0.000000, 6635.30 sec so far
Iteration 97989231: max diff=0.000000, 6640.31 sec so far
Iteration 98062346: max diff=0.000000, 6645.31 sec so far
Iteration 98135644: max diff=0.000000, 6650.32 sec so far
Iteration 98210343: max diff=0.000000, 6655.32 sec so far
Iteration 98284770: max diff=0.000000, 6660.32 sec so far
Iteration 98359587: max diff=0.000000, 6665.33 sec so far
Iteration 98434551: max diff=0.000000, 6670.33 sec so far
Iteration 98508708: max diff=0.000000, 6675.34 sec so far
Iteration 98583211: max diff=0.000000, 6680.34 sec so far
Iteration 98657734: max diff=0.000000, 6685.34 sec so far
Iteration 98732120: max diff=0.000000, 6690.35 sec so far
Iteration 98806810: max diff=0.000000, 6695.35 sec so far
Iteration 98881308: max diff=0.000000, 6700.36 sec so far
Iteration 98955782: max diff=0.000000, 6705.36 sec so far
Iteration 99030628: max diff=0.000000, 6710.36 sec so far
Iteration 99104991: max diff=0.000000, 6715.37 sec so far
Iteration 99179576: max diff=0.000000, 6720.37 sec so far
Iteration 99254276: max diff=0.000000, 6725.38 sec so far
Iteration 99328396: max diff=0.000000, 6730.38 sec so far
Iteration 99402739: max diff=0.000000, 6735.38 sec so far
Iteration 99477501: max diff=0.000000, 6740.39 sec so far
Iteration 99552878: max diff=0.000000, 6745.39 sec so far
Iteration 99628198: max diff=0.000000, 6750.40 sec so far
Iteration 99703153: max diff=0.000000, 6755.40 sec so far
Iteration 99778669: max diff=0.000000, 6760.40 sec so far
Iteration 99854142: max diff=0.000000, 6765.41 sec so far
Iteration 99928679: max diff=0.000000, 6770.41 sec so far

Power method: 100000000 iterations in 6775.23 seconds (average 0.000068, setup 0.00)

Error: Iterative method did not converge within 100000000 iterations.
Consider using a different numerical method or increasing the maximum number of iterations.

