PRISM
=====

Version: 4.4
Date: Mon Jul 09 22:07:06 EDT 2018
Hostname: storm-eval
Memory limits: cudd=1g, java(heap)=910.5m
Command line: prism -hybrid -epsilon 1E-10 -maxiters 100000000 -power -absolute -const k=20 ../../CZK_project/Model/benchmark/devel/firstRejuvenation/firstRejuvenation_CTMC.pm -ss -exportss ../../CZK_project/Output/firstRejuvenation_1E-10_constant/hybrid/ph_20_1E-10

Parsing model file "../../CZK_project/Model/benchmark/devel/firstRejuvenation/firstRejuvenation_CTMC.pm"...

Type:        CTMC
Modules:     firstRejuvenation trigger 
Variables:   status avail maintenance i 

---------------------------------------------------------------------

Computing steady-state probabilities...

Building model...
Model constants: k=20

Computing reachable states...

Reachability (BFS): 41 iterations in 0.00 seconds (average 0.000098, setup 0.00)

Time for model construction: 0.012 seconds.

Type:        CTMC
States:      100 (1 initial)
Transitions: 140

Rate matrix: 184 nodes (7 terminal), 140 minterms, vars: 9r/9c

SCCs: 1, BSCCs: 1, non-BSCC states: 0
BSCC sizes: 1:100

Initial states all in one BSCC (so no reachability probabilities computed)

Computing probabilities...
Engine: Hybrid

Building power method iteration matrix MTBDD... [nodes=218] [4.3 Kb]
Building hybrid MTBDD matrix... [levels=9, nodes=226] [10.6 KB]
Adding explicit sparse matrices... [levels=9, num=1, compact] [1.1 KB]
Allocating iteration vectors... [2 x 0.8 KB]
TOTAL: [13.3 KB]

Starting iterations...

Power method: 429904 iterations in 0.36 seconds (average 0.000001, setup 0.00)

Printing steady-state probabilities in plain text format to file "../../CZK_project/Output/firstRejuvenation_1E-10_constant/hybrid/ph_20_1E-10"...

Time for steady-state probability computation: 0.455 seconds.

