PRISM
=====

Version: 4.4
Date: Mon Jul 09 22:10:37 EDT 2018
Hostname: storm-eval
Memory limits: cudd=1g, java(heap)=910.5m
Command line: prism -hybrid -epsilon 1E-10 -maxiters 100000000 -power -absolute -const k=200 ../../CZK_project/Model/benchmark/devel/firstRejuvenation/firstRejuvenation_CTMC.pm -ss -exportss ../../CZK_project/Output/firstRejuvenation_1E-10_constant/hybrid/ph_200_1E-10

Parsing model file "../../CZK_project/Model/benchmark/devel/firstRejuvenation/firstRejuvenation_CTMC.pm"...

Type:        CTMC
Modules:     firstRejuvenation trigger 
Variables:   status avail maintenance i 

---------------------------------------------------------------------

Computing steady-state probabilities...

Building model...
Model constants: k=200

Computing reachable states...

Reachability (BFS): 401 iterations in 0.01 seconds (average 0.000020, setup 0.00)

Time for model construction: 0.029 seconds.

Type:        CTMC
States:      1000 (1 initial)
Transitions: 1400

Rate matrix: 281 nodes (7 terminal), 1400 minterms, vars: 12r/12c

SCCs: 1, BSCCs: 1, non-BSCC states: 0
BSCC sizes: 1:1000

Initial states all in one BSCC (so no reachability probabilities computed)

Computing probabilities...
Engine: Hybrid

Building power method iteration matrix MTBDD... [nodes=330] [6.4 Kb]
Building hybrid MTBDD matrix... [levels=12, nodes=356] [16.7 KB]
Adding explicit sparse matrices... [levels=12, num=1, compact] [10.4 KB]
Allocating iteration vectors... [2 x 7.8 KB]
TOTAL: [42.8 KB]

Starting iterations...
Iteration 716956: max diff=0.000000, 5.00 sec so far
Iteration 1450997: max diff=0.000000, 10.01 sec so far
Iteration 2200829: max diff=0.000000, 15.01 sec so far
Iteration 2940992: max diff=0.000000, 20.02 sec so far
Iteration 3689333: max diff=0.000000, 25.02 sec so far
Iteration 4433335: max diff=0.000000, 30.02 sec so far
Iteration 5176528: max diff=0.000000, 35.03 sec so far
Iteration 5920437: max diff=0.000000, 40.03 sec so far
Iteration 6668264: max diff=0.000000, 45.04 sec so far
Iteration 7407807: max diff=0.000000, 50.04 sec so far
Iteration 8149913: max diff=0.000000, 55.04 sec so far
Iteration 8896686: max diff=0.000000, 60.05 sec so far
Iteration 9634483: max diff=0.000000, 65.05 sec so far
Iteration 10381944: max diff=0.000000, 70.06 sec so far
Iteration 11128756: max diff=0.000000, 75.06 sec so far
Iteration 11881674: max diff=0.000000, 80.06 sec so far
Iteration 12621446: max diff=0.000000, 85.07 sec so far
Iteration 13357925: max diff=0.000000, 90.07 sec so far
Iteration 14095235: max diff=0.000000, 95.08 sec so far
Iteration 14845110: max diff=0.000000, 100.08 sec so far

Power method: 15243664 iterations in 102.75 seconds (average 0.000007, setup 0.00)

Printing steady-state probabilities in plain text format to file "../../CZK_project/Output/firstRejuvenation_1E-10_constant/hybrid/ph_200_1E-10"...

Time for steady-state probability computation: 108.548 seconds.

