PRISM
=====

Version: 4.4
Date: Mon Jul 09 22:08:18 EDT 2018
Hostname: storm-eval
Memory limits: cudd=1g, java(heap)=910.5m
Command line: prism -hybrid -epsilon 1E-10 -maxiters 100000000 -power -absolute -const k=80 ../../CZK_project/Model/benchmark/devel/firstRejuvenation/firstRejuvenation_CTMC.pm -ss -exportss ../../CZK_project/Output/firstRejuvenation_1E-10_constant/hybrid/ph_80_1E-10

Parsing model file "../../CZK_project/Model/benchmark/devel/firstRejuvenation/firstRejuvenation_CTMC.pm"...

Type:        CTMC
Modules:     firstRejuvenation trigger 
Variables:   status avail maintenance i 

---------------------------------------------------------------------

Computing steady-state probabilities...

Building model...
Model constants: k=80

Computing reachable states...

Reachability (BFS): 161 iterations in 0.00 seconds (average 0.000025, setup 0.00)

Time for model construction: 0.016 seconds.

Type:        CTMC
States:      400 (1 initial)
Transitions: 560

Rate matrix: 230 nodes (7 terminal), 560 minterms, vars: 11r/11c

SCCs: 1, BSCCs: 1, non-BSCC states: 0
BSCC sizes: 1:400

Initial states all in one BSCC (so no reachability probabilities computed)

Computing probabilities...
Engine: Hybrid

Building power method iteration matrix MTBDD... [nodes=274] [5.4 Kb]
Building hybrid MTBDD matrix... [levels=11, nodes=282] [13.2 KB]
Adding explicit sparse matrices... [levels=11, num=1, compact] [4.2 KB]
Allocating iteration vectors... [2 x 3.1 KB]
TOTAL: [23.7 KB]

Starting iterations...
Iteration 1856095: max diff=0.000000, 5.00 sec so far
Iteration 3779550: max diff=0.000000, 10.01 sec so far

Power method: 4226898 iterations in 11.20 seconds (average 0.000003, setup 0.00)

Printing steady-state probabilities in plain text format to file "../../CZK_project/Output/firstRejuvenation_1E-10_constant/hybrid/ph_80_1E-10"...

Time for steady-state probability computation: 12.685 seconds.

