PRISM
=====

Version: 4.4.GSMP
Date: Wed May 30 14:42:06 CEST 2018
Hostname: thomas
Memory limits: cudd=1g, java(heap)=910.5m
Command line: prism -hybrid -epsilon 1E-6 -maxiters 100000000 -power -absolute -const 'k=1900,timeout=0.1,lambda=6.9314718100' ../../../../CZK_project/Model/queue_withptf_ctmc.sm -ss -exportss ../../../../CZK_project/Output/t=0.1_median/hybrid/ph_10_1900_1E-6

Parsing model file "../../../../CZK_project/Model/queue_withptf_ctmc.sm"...

Type:        CTMC
Modules:     main trigger 
Variables:   qSize i 

---------------------------------------------------------------------

Computing steady-state probabilities...

Building model...
Model constants: k=1900,timeout=0.1,lambda=6.93147181

Computing reachable states...

Reachability (BFS): 20900 iterations in 0.62 seconds (average 0.000030, setup 0.00)

Time for model construction: 1.008 seconds.

Type:        CTMC
States:      20900 (1 initial)
Transitions: 39900

Rate matrix: 168 nodes (3 terminal), 39900 minterms, vars: 15r/15c

SCCs: 1, BSCCs: 1, non-BSCC states: 0
BSCC sizes: 1:20900

Initial states all in one BSCC (so no reachability probabilities computed)

Computing probabilities...
Engine: Hybrid

Building power method iteration matrix MTBDD... [nodes=224] [4.4 Kb]
Building hybrid MTBDD matrix... [levels=15, nodes=261] [12.2 KB]
Adding explicit sparse matrices... [levels=15, num=1, compact] [257.9 KB]
Allocating iteration vectors... [2 x 163.3 KB]
TOTAL: [596.7 KB]

Starting iterations...

Power method: 7120 iterations in 1.72 seconds (average 0.000241, setup 0.00)

Printing steady-state probabilities in plain text format to file "../../../../CZK_project/Output/t=0.1_median/hybrid/ph_10_1900_1E-6"...

Time for steady-state probability computation: 2.554 seconds.

