PRISM
=====

Version: 4.4.GSMP
Date: Wed May 30 14:19:30 CEST 2018
Hostname: thomas
Memory limits: cudd=1g, java(heap)=910.5m
Command line: prism -hybrid -epsilon 1E-6 -maxiters 100000000 -power -absolute -const 'k=4700,timeout=0.1,lambda=6.9314718100' ../../../../CZK_project/Model/queue_withptf_ctmc.sm -ss -exportss ../../../../CZK_project/Output/t=0.1_median/hybrid/ph_10_4700_1E-6

Parsing model file "../../../../CZK_project/Model/queue_withptf_ctmc.sm"...

Type:        CTMC
Modules:     main trigger 
Variables:   qSize i 

---------------------------------------------------------------------

Computing steady-state probabilities...

Building model...
Model constants: k=4700,timeout=0.1,lambda=6.93147181

Computing reachable states...

Reachability (BFS): 51700 iterations in 1.63 seconds (average 0.000032, setup 0.00)

Time for model construction: 3.044 seconds.

Type:        CTMC
States:      51700 (1 initial)
Transitions: 98700

Rate matrix: 196 nodes (3 terminal), 98700 minterms, vars: 17r/17c

SCCs: 1, BSCCs: 1, non-BSCC states: 0
BSCC sizes: 1:51700

Initial states all in one BSCC (so no reachability probabilities computed)

Computing probabilities...
Engine: Hybrid

Building power method iteration matrix MTBDD... [nodes=262] [5.1 Kb]
Building hybrid MTBDD matrix... [levels=17, nodes=300] [14.1 KB]
Adding explicit sparse matrices... [levels=17, num=1, compact] [638.0 KB]
Allocating iteration vectors... [2 x 403.9 KB]
TOTAL: [1.4 MB]

Starting iterations...

Power method: 5150 iterations in 2.73 seconds (average 0.000528, setup 0.01)

Printing steady-state probabilities in plain text format to file "../../../../CZK_project/Output/t=0.1_median/hybrid/ph_10_4700_1E-6"...

Time for steady-state probability computation: 4.763 seconds.

