PRISM
=====

Version: 4.4.GSMP
Date: Wed May 30 14:42:38 CEST 2018
Hostname: thomas
Memory limits: cudd=1g, java(heap)=910.5m
Command line: prism -hybrid -epsilon 1E-6 -maxiters 100000000 -power -absolute -const 'k=2600,timeout=0.1,lambda=6.9314718100' ../../../../CZK_project/Model/queue_withptf_ctmc.sm -ss -exportss ../../../../CZK_project/Output/t=0.1_median/hybrid/ph_10_2600_1E-6

Parsing model file "../../../../CZK_project/Model/queue_withptf_ctmc.sm"...

Type:        CTMC
Modules:     main trigger 
Variables:   qSize i 

---------------------------------------------------------------------

Computing steady-state probabilities...

Building model...
Model constants: k=2600,timeout=0.1,lambda=6.93147181

Computing reachable states...

Reachability (BFS): 28600 iterations in 1.00 seconds (average 0.000035, setup 0.00)

Time for model construction: 1.743 seconds.

Type:        CTMC
States:      28600 (1 initial)
Transitions: 54600

Rate matrix: 176 nodes (3 terminal), 54600 minterms, vars: 16r/16c

SCCs: 1, BSCCs: 1, non-BSCC states: 0
BSCC sizes: 1:28600

Initial states all in one BSCC (so no reachability probabilities computed)

Computing probabilities...
Engine: Hybrid

Building power method iteration matrix MTBDD... [nodes=235] [4.6 Kb]
Building hybrid MTBDD matrix... [levels=16, nodes=263] [12.3 KB]
Adding explicit sparse matrices... [levels=16, num=1, compact] [353.0 KB]
Allocating iteration vectors... [2 x 223.4 KB]
TOTAL: [812.2 KB]

Starting iterations...

Power method: 5103 iterations in 1.66 seconds (average 0.000325, setup 0.00)

Printing steady-state probabilities in plain text format to file "../../../../CZK_project/Output/t=0.1_median/hybrid/ph_10_2600_1E-6"...

Time for steady-state probability computation: 2.882 seconds.

