PRISM
=====

Version: 4.4.GSMP
Date: Wed May 30 14:43:12 CEST 2018
Hostname: thomas
Memory limits: cudd=1g, java(heap)=910.5m
Command line: prism -hybrid -epsilon 1E-6 -maxiters 100000000 -power -absolute -const 'k=3200,timeout=0.1,lambda=6.9314718100' ../../../../CZK_project/Model/queue_withptf_ctmc.sm -ss -exportss ../../../../CZK_project/Output/t=0.1_median/hybrid/ph_10_3200_1E-6

Parsing model file "../../../../CZK_project/Model/queue_withptf_ctmc.sm"...

Type:        CTMC
Modules:     main trigger 
Variables:   qSize i 

---------------------------------------------------------------------

Computing steady-state probabilities...

Building model...
Model constants: k=3200,timeout=0.1,lambda=6.93147181

Computing reachable states...

Reachability (BFS): 35200 iterations in 1.24 seconds (average 0.000035, setup 0.00)

Time for model construction: 2.292 seconds.

Type:        CTMC
States:      35200 (1 initial)
Transitions: 67200

Rate matrix: 152 nodes (3 terminal), 67200 minterms, vars: 16r/16c

SCCs: 1, BSCCs: 1, non-BSCC states: 0
BSCC sizes: 1:35200

Initial states all in one BSCC (so no reachability probabilities computed)

Computing probabilities...
Engine: Hybrid

Building power method iteration matrix MTBDD... [nodes=203] [4.0 Kb]
Building hybrid MTBDD matrix... [levels=16, nodes=220] [10.3 KB]
Adding explicit sparse matrices... [levels=16, num=1, compact] [434.4 KB]
Allocating iteration vectors... [2 x 275.0 KB]
TOTAL: [994.7 KB]

Starting iterations...

Power method: 5250 iterations in 2.10 seconds (average 0.000399, setup 0.00)

Printing steady-state probabilities in plain text format to file "../../../../CZK_project/Output/t=0.1_median/hybrid/ph_10_3200_1E-6"...

Time for steady-state probability computation: 3.719 seconds.

