PRISM
=====

Version: 4.4.GSMP
Date: Wed May 30 14:41:11 CEST 2018
Hostname: thomas
Memory limits: cudd=1g, java(heap)=910.5m
Command line: prism -hybrid -epsilon 1E-6 -maxiters 100000000 -power -absolute -const 'k=55,timeout=0.1,lambda=6.9314718100' ../../../../CZK_project/Model/queue_withptf_ctmc.sm -ss -exportss ../../../../CZK_project/Output/t=0.1_median/hybrid/ph_10_55_1E-6

Parsing model file "../../../../CZK_project/Model/queue_withptf_ctmc.sm"...

Type:        CTMC
Modules:     main trigger 
Variables:   qSize i 

---------------------------------------------------------------------

Computing steady-state probabilities...

Building model...
Model constants: k=55,timeout=0.1,lambda=6.93147181

Computing reachable states...

Reachability (BFS): 605 iterations in 0.00 seconds (average 0.000007, setup 0.00)

Time for model construction: 0.023 seconds.

Type:        CTMC
States:      605 (1 initial)
Transitions: 1155

Rate matrix: 107 nodes (3 terminal), 1155 minterms, vars: 10r/10c

SCCs: 1, BSCCs: 1, non-BSCC states: 0
BSCC sizes: 1:605

Initial states all in one BSCC (so no reachability probabilities computed)

Computing probabilities...
Engine: Hybrid

Building power method iteration matrix MTBDD... [nodes=145] [2.8 Kb]
Building hybrid MTBDD matrix... [levels=10, nodes=170] [8.0 KB]
Adding explicit sparse matrices... [levels=10, num=1, compact] [7.5 KB]
Allocating iteration vectors... [2 x 4.7 KB]
TOTAL: [24.9 KB]

Starting iterations...

Power method: 2867 iterations in 0.02 seconds (average 0.000006, setup 0.00)

Printing steady-state probabilities in plain text format to file "../../../../CZK_project/Output/t=0.1_median/hybrid/ph_10_55_1E-6"...

Time for steady-state probability computation: 0.044 seconds.

