PRISM
=====

Version: 4.4.GSMP
Date: Wed May 30 14:16:18 CEST 2018
Hostname: thomas
Memory limits: cudd=1g, java(heap)=910.5m
Command line: prism -hybrid -epsilon 1E-6 -maxiters 100000000 -power -absolute -const 'k=100,timeout=0.1,lambda=6.9314718100' ../../../../CZK_project/Model/queue_withptf_ctmc.sm -ss -exportss ../../../../CZK_project/Output/t=0.1_median/hybrid/ph_10_100_1E-6

Parsing model file "../../../../CZK_project/Model/queue_withptf_ctmc.sm"...

Type:        CTMC
Modules:     main trigger 
Variables:   qSize i 

---------------------------------------------------------------------

Computing steady-state probabilities...

Building model...
Model constants: k=100,timeout=0.1,lambda=6.93147181

Computing reachable states...

Reachability (BFS): 1100 iterations in 0.01 seconds (average 0.000007, setup 0.00)

Time for model construction: 0.026 seconds.

Type:        CTMC
States:      1100 (1 initial)
Transitions: 2100

Rate matrix: 112 nodes (3 terminal), 2100 minterms, vars: 11r/11c

SCCs: 1, BSCCs: 1, non-BSCC states: 0
BSCC sizes: 1:1100

Initial states all in one BSCC (so no reachability probabilities computed)

Computing probabilities...
Engine: Hybrid

Building power method iteration matrix MTBDD... [nodes=148] [2.9 Kb]
Building hybrid MTBDD matrix... [levels=11, nodes=165] [7.7 KB]
Adding explicit sparse matrices... [levels=11, num=1, compact] [13.6 KB]
Allocating iteration vectors... [2 x 8.6 KB]
TOTAL: [38.5 KB]

Starting iterations...

Power method: 4465 iterations in 0.06 seconds (average 0.000013, setup 0.00)

Printing steady-state probabilities in plain text format to file "../../../../CZK_project/Output/t=0.1_median/hybrid/ph_10_100_1E-6"...

Time for steady-state probability computation: 0.083 seconds.

