PRISM
=====

Version: 4.4.GSMP
Date: Wed May 30 14:19:38 CEST 2018
Hostname: thomas
Memory limits: cudd=1g, java(heap)=910.5m
Command line: prism -hybrid -epsilon 1E-6 -maxiters 100000000 -power -absolute -const 'k=4800,timeout=0.1,lambda=6.9314718100' ../../../../CZK_project/Model/queue_withptf_ctmc.sm -ss -exportss ../../../../CZK_project/Output/t=0.1_median/hybrid/ph_10_4800_1E-6

Parsing model file "../../../../CZK_project/Model/queue_withptf_ctmc.sm"...

Type:        CTMC
Modules:     main trigger 
Variables:   qSize i 

---------------------------------------------------------------------

Computing steady-state probabilities...

Building model...
Model constants: k=4800,timeout=0.1,lambda=6.93147181

Computing reachable states...

Reachability (BFS): 52800 iterations in 1.62 seconds (average 0.000031, setup 0.00)

Time for model construction: 3.132 seconds.

Type:        CTMC
States:      52800 (1 initial)
Transitions: 100800

Rate matrix: 172 nodes (3 terminal), 100800 minterms, vars: 17r/17c

SCCs: 1, BSCCs: 1, non-BSCC states: 0
BSCC sizes: 1:52800

Initial states all in one BSCC (so no reachability probabilities computed)

Computing probabilities...
Engine: Hybrid

Building power method iteration matrix MTBDD... [nodes=230] [4.5 Kb]
Building hybrid MTBDD matrix... [levels=17, nodes=254] [11.9 KB]
Adding explicit sparse matrices... [levels=17, num=1, compact] [651.6 KB]
Allocating iteration vectors... [2 x 412.5 KB]
TOTAL: [1.5 MB]

Starting iterations...

Power method: 5124 iterations in 2.79 seconds (average 0.000543, setup 0.00)

Printing steady-state probabilities in plain text format to file "../../../../CZK_project/Output/t=0.1_median/hybrid/ph_10_4800_1E-6"...

Time for steady-state probability computation: 4.859 seconds.

