PRISM
=====

Version: 4.4.GSMP
Date: Wed May 30 14:40:59 CEST 2018
Hostname: thomas
Memory limits: cudd=1g, java(heap)=910.5m
Command line: prism -hybrid -epsilon 1E-6 -maxiters 100000000 -power -absolute -const 'k=10,timeout=0.1,lambda=6.9314718100' ../../../../CZK_project/Model/queue_withptf_ctmc.sm -ss -exportss ../../../../CZK_project/Output/t=0.1_median/hybrid/ph_10_10_1E-6

Parsing model file "../../../../CZK_project/Model/queue_withptf_ctmc.sm"...

Type:        CTMC
Modules:     main trigger 
Variables:   qSize i 

---------------------------------------------------------------------

Computing steady-state probabilities...

Building model...
Model constants: k=10,timeout=0.1,lambda=6.93147181

Computing reachable states...

Reachability (BFS): 110 iterations in 0.00 seconds (average 0.000000, setup 0.00)

Time for model construction: 0.016 seconds.

Type:        CTMC
States:      110 (1 initial)
Transitions: 210

Rate matrix: 76 nodes (3 terminal), 210 minterms, vars: 8r/8c

SCCs: 1, BSCCs: 1, non-BSCC states: 0
BSCC sizes: 1:110

Initial states all in one BSCC (so no reachability probabilities computed)

Computing probabilities...
Engine: Hybrid

Building power method iteration matrix MTBDD... [nodes=99] [1.9 Kb]
Building hybrid MTBDD matrix... [levels=8, nodes=109] [5.1 KB]
Adding explicit sparse matrices... [levels=8, num=1, compact] [1.4 KB]
Allocating iteration vectors... [2 x 0.9 KB]
TOTAL: [8.2 KB]

Starting iterations...

Power method: 735 iterations in 0.00 seconds (average 0.000000, setup 0.00)

Printing steady-state probabilities in plain text format to file "../../../../CZK_project/Output/t=0.1_median/hybrid/ph_10_10_1E-6"...

Time for steady-state probability computation: 0.011 seconds.

