PRISM
=====

Version: 4.4.GSMP
Date: Wed May 30 14:18:07 CEST 2018
Hostname: thomas
Memory limits: cudd=1g, java(heap)=910.5m
Command line: prism -hybrid -epsilon 1E-6 -maxiters 100000000 -power -absolute -const 'k=3500,timeout=0.1,lambda=6.9314718100' ../../../../CZK_project/Model/queue_withptf_ctmc.sm -ss -exportss ../../../../CZK_project/Output/t=0.1_median/hybrid/ph_10_3500_1E-6

Parsing model file "../../../../CZK_project/Model/queue_withptf_ctmc.sm"...

Type:        CTMC
Modules:     main trigger 
Variables:   qSize i 

---------------------------------------------------------------------

Computing steady-state probabilities...

Building model...
Model constants: k=3500,timeout=0.1,lambda=6.93147181

Computing reachable states...

Reachability (BFS): 38500 iterations in 1.06 seconds (average 0.000028, setup 0.00)

Time for model construction: 2.018 seconds.

Type:        CTMC
States:      38500 (1 initial)
Transitions: 73500

Rate matrix: 182 nodes (3 terminal), 73500 minterms, vars: 16r/16c

SCCs: 1, BSCCs: 1, non-BSCC states: 0
BSCC sizes: 1:38500

Initial states all in one BSCC (so no reachability probabilities computed)

Computing probabilities...
Engine: Hybrid

Building power method iteration matrix MTBDD... [nodes=243] [4.7 Kb]
Building hybrid MTBDD matrix... [levels=16, nodes=282] [13.2 KB]
Adding explicit sparse matrices... [levels=16, num=1, compact] [475.1 KB]
Allocating iteration vectors... [2 x 300.8 KB]
TOTAL: [1.1 MB]

Starting iterations...

Power method: 5277 iterations in 2.17 seconds (average 0.000410, setup 0.00)

Printing steady-state probabilities in plain text format to file "../../../../CZK_project/Output/t=0.1_median/hybrid/ph_10_3500_1E-6"...

Time for steady-state probability computation: 3.524 seconds.

