PRISM
=====

Version: 4.4.GSMP
Date: Wed May 30 14:19:22 CEST 2018
Hostname: thomas
Memory limits: cudd=1g, java(heap)=910.5m
Command line: prism -hybrid -epsilon 1E-6 -maxiters 100000000 -power -absolute -const 'k=4600,timeout=0.1,lambda=6.9314718100' ../../../../CZK_project/Model/queue_withptf_ctmc.sm -ss -exportss ../../../../CZK_project/Output/t=0.1_median/hybrid/ph_10_4600_1E-6

Parsing model file "../../../../CZK_project/Model/queue_withptf_ctmc.sm"...

Type:        CTMC
Modules:     main trigger 
Variables:   qSize i 

---------------------------------------------------------------------

Computing steady-state probabilities...

Building model...
Model constants: k=4600,timeout=0.1,lambda=6.93147181

Computing reachable states...

Reachability (BFS): 50600 iterations in 1.58 seconds (average 0.000031, setup 0.00)

Time for model construction: 2.946 seconds.

Type:        CTMC
States:      50600 (1 initial)
Transitions: 96600

Rate matrix: 190 nodes (3 terminal), 96600 minterms, vars: 17r/17c

SCCs: 1, BSCCs: 1, non-BSCC states: 0
BSCC sizes: 1:50600

Initial states all in one BSCC (so no reachability probabilities computed)

Computing probabilities...
Engine: Hybrid

Building power method iteration matrix MTBDD... [nodes=254] [5.0 Kb]
Building hybrid MTBDD matrix... [levels=17, nodes=293] [13.7 KB]
Adding explicit sparse matrices... [levels=17, num=1, compact] [624.4 KB]
Allocating iteration vectors... [2 x 395.3 KB]
TOTAL: [1.4 MB]

Starting iterations...

Power method: 5175 iterations in 2.68 seconds (average 0.000516, setup 0.01)

Printing steady-state probabilities in plain text format to file "../../../../CZK_project/Output/t=0.1_median/hybrid/ph_10_4600_1E-6"...

Time for steady-state probability computation: 4.662 seconds.

