PRISM
=====

Version: 4.4.GSMP
Date: Wed May 30 14:41:24 CEST 2018
Hostname: thomas
Memory limits: cudd=1g, java(heap)=910.5m
Command line: prism -hybrid -epsilon 1E-6 -maxiters 100000000 -power -absolute -const 'k=200,timeout=0.1,lambda=6.9314718100' ../../../../CZK_project/Model/queue_withptf_ctmc.sm -ss -exportss ../../../../CZK_project/Output/t=0.1_median/hybrid/ph_10_200_1E-6

Parsing model file "../../../../CZK_project/Model/queue_withptf_ctmc.sm"...

Type:        CTMC
Modules:     main trigger 
Variables:   qSize i 

---------------------------------------------------------------------

Computing steady-state probabilities...

Building model...
Model constants: k=200,timeout=0.1,lambda=6.93147181

Computing reachable states...

Reachability (BFS): 2200 iterations in 0.04 seconds (average 0.000016, setup 0.00)

Time for model construction: 0.056 seconds.

Type:        CTMC
States:      2200 (1 initial)
Transitions: 4200

Rate matrix: 120 nodes (3 terminal), 4200 minterms, vars: 12r/12c

SCCs: 1, BSCCs: 1, non-BSCC states: 0
BSCC sizes: 1:2200

Initial states all in one BSCC (so no reachability probabilities computed)

Computing probabilities...
Engine: Hybrid

Building power method iteration matrix MTBDD... [nodes=159] [3.1 Kb]
Building hybrid MTBDD matrix... [levels=12, nodes=176] [8.2 KB]
Adding explicit sparse matrices... [levels=12, num=1, compact] [27.2 KB]
Allocating iteration vectors... [2 x 17.2 KB]
TOTAL: [69.8 KB]

Starting iterations...

Power method: 7089 iterations in 0.17 seconds (average 0.000024, setup 0.00)

Printing steady-state probabilities in plain text format to file "../../../../CZK_project/Output/t=0.1_median/hybrid/ph_10_200_1E-6"...

Time for steady-state probability computation: 0.251 seconds.

