PRISM
=====

Version: 4.4.GSMP
Date: Wed May 30 14:42:43 CEST 2018
Hostname: thomas
Memory limits: cudd=1g, java(heap)=910.5m
Command line: prism -hybrid -epsilon 1E-6 -maxiters 100000000 -power -absolute -const 'k=2700,timeout=0.1,lambda=6.9314718100' ../../../../CZK_project/Model/queue_withptf_ctmc.sm -ss -exportss ../../../../CZK_project/Output/t=0.1_median/hybrid/ph_10_2700_1E-6

Parsing model file "../../../../CZK_project/Model/queue_withptf_ctmc.sm"...

Type:        CTMC
Modules:     main trigger 
Variables:   qSize i 

---------------------------------------------------------------------

Computing steady-state probabilities...

Building model...
Model constants: k=2700,timeout=0.1,lambda=6.93147181

Computing reachable states...

Reachability (BFS): 29700 iterations in 1.04 seconds (average 0.000035, setup 0.00)

Time for model construction: 1.813 seconds.

Type:        CTMC
States:      29700 (1 initial)
Transitions: 56700

Rate matrix: 182 nodes (3 terminal), 56700 minterms, vars: 16r/16c

SCCs: 1, BSCCs: 1, non-BSCC states: 0
BSCC sizes: 1:29700

Initial states all in one BSCC (so no reachability probabilities computed)

Computing probabilities...
Engine: Hybrid

Building power method iteration matrix MTBDD... [nodes=243] [4.7 Kb]
Building hybrid MTBDD matrix... [levels=16, nodes=276] [12.9 KB]
Adding explicit sparse matrices... [levels=16, num=1, compact] [366.5 KB]
Allocating iteration vectors... [2 x 232.0 KB]
TOTAL: [843.5 KB]

Starting iterations...

Power method: 5134 iterations in 1.72 seconds (average 0.000335, setup 0.00)

Printing steady-state probabilities in plain text format to file "../../../../CZK_project/Output/t=0.1_median/hybrid/ph_10_2700_1E-6"...

Time for steady-state probability computation: 3.037 seconds.

