PRISM
=====

Version: 4.4.GSMP
Date: Wed May 30 14:41:26 CEST 2018
Hostname: thomas
Memory limits: cudd=1g, java(heap)=910.5m
Command line: prism -hybrid -epsilon 1E-6 -maxiters 100000000 -power -absolute -const 'k=400,timeout=0.1,lambda=6.9314718100' ../../../../CZK_project/Model/queue_withptf_ctmc.sm -ss -exportss ../../../../CZK_project/Output/t=0.1_median/hybrid/ph_10_400_1E-6

Parsing model file "../../../../CZK_project/Model/queue_withptf_ctmc.sm"...

Type:        CTMC
Modules:     main trigger 
Variables:   qSize i 

---------------------------------------------------------------------

Computing steady-state probabilities...

Building model...
Model constants: k=400,timeout=0.1,lambda=6.93147181

Computing reachable states...

Reachability (BFS): 4400 iterations in 0.08 seconds (average 0.000019, setup 0.00)

Time for model construction: 0.124 seconds.

Type:        CTMC
States:      4400 (1 initial)
Transitions: 8400

Rate matrix: 128 nodes (3 terminal), 8400 minterms, vars: 13r/13c

SCCs: 1, BSCCs: 1, non-BSCC states: 0
BSCC sizes: 1:4400

Initial states all in one BSCC (so no reachability probabilities computed)

Computing probabilities...
Engine: Hybrid

Building power method iteration matrix MTBDD... [nodes=170] [3.3 Kb]
Building hybrid MTBDD matrix... [levels=13, nodes=187] [8.8 KB]
Adding explicit sparse matrices... [levels=13, num=1, compact] [54.3 KB]
Allocating iteration vectors... [2 x 34.4 KB]
TOTAL: [131.8 KB]

Starting iterations...

Power method: 10871 iterations in 0.51 seconds (average 0.000047, setup 0.00)

Printing steady-state probabilities in plain text format to file "../../../../CZK_project/Output/t=0.1_median/hybrid/ph_10_400_1E-6"...

Time for steady-state probability computation: 0.656 seconds.

