PRISM
=====

Version: 4.4.GSMP
Date: Wed May 30 14:18:13 CEST 2018
Hostname: thomas
Memory limits: cudd=1g, java(heap)=910.5m
Command line: prism -hybrid -epsilon 1E-6 -maxiters 100000000 -power -absolute -const 'k=3600,timeout=0.1,lambda=6.9314718100' ../../../../CZK_project/Model/queue_withptf_ctmc.sm -ss -exportss ../../../../CZK_project/Output/t=0.1_median/hybrid/ph_10_3600_1E-6

Parsing model file "../../../../CZK_project/Model/queue_withptf_ctmc.sm"...

Type:        CTMC
Modules:     main trigger 
Variables:   qSize i 

---------------------------------------------------------------------

Computing steady-state probabilities...

Building model...
Model constants: k=3600,timeout=0.1,lambda=6.93147181

Computing reachable states...

Reachability (BFS): 39600 iterations in 1.09 seconds (average 0.000027, setup 0.00)

Time for model construction: 1.955 seconds.

Type:        CTMC
States:      39600 (1 initial)
Transitions: 75600

Rate matrix: 170 nodes (3 terminal), 75600 minterms, vars: 16r/16c

SCCs: 1, BSCCs: 1, non-BSCC states: 0
BSCC sizes: 1:39600

Initial states all in one BSCC (so no reachability probabilities computed)

Computing probabilities...
Engine: Hybrid

Building power method iteration matrix MTBDD... [nodes=227] [4.4 Kb]
Building hybrid MTBDD matrix... [levels=16, nodes=253] [11.9 KB]
Adding explicit sparse matrices... [levels=16, num=1, compact] [488.7 KB]
Allocating iteration vectors... [2 x 309.4 KB]
TOTAL: [1.1 MB]

Starting iterations...

Power method: 5280 iterations in 2.23 seconds (average 0.000421, setup 0.00)

Printing steady-state probabilities in plain text format to file "../../../../CZK_project/Output/t=0.1_median/hybrid/ph_10_3600_1E-6"...

Time for steady-state probability computation: 3.644 seconds.

