PRISM
=====

Version: 4.4.GSMP
Date: Thu May 24 11:18:20 CEST 2018
Hostname: thomas
Memory limits: cudd=1g, java(heap)=910.5m
Command line: prism -hybrid -epsilon 1E-5 -maxiters 100000000 -power -absolute -const 'k=4000,timeout=0.1,lambda=6.9314718100' ../../../../CZK_project/Model/queue_withptf_ctmc.sm -ss -exportss ../../../../CZK_project/Output/t=0.1_median/hybrid/ph_10_4000_1E-5

Parsing model file "../../../../CZK_project/Model/queue_withptf_ctmc.sm"...

Type:        CTMC
Modules:     main trigger 
Variables:   qSize i 

---------------------------------------------------------------------

Computing steady-state probabilities...

Building model...
Model constants: k=4000,timeout=0.1,lambda=6.93147181

Computing reachable states...

Reachability (BFS): 40001 iterations in 1.02 seconds (average 0.000025, setup 0.00)

Time for model construction: 1.922 seconds.

Type:        CTMC
States:      40001 (1 initial)
Transitions: 76001

Rate matrix: 185 nodes (3 terminal), 76001 minterms, vars: 16r/16c

SCCs: 1, BSCCs: 1, non-BSCC states: 0
BSCC sizes: 1:40001

Initial states all in one BSCC (so no reachability probabilities computed)

Computing probabilities...
Engine: Hybrid

Building power method iteration matrix MTBDD... [nodes=267] [5.2 Kb]
Building hybrid MTBDD matrix... [levels=16, nodes=320] [15.0 KB]
Adding explicit sparse matrices... [levels=16, num=1, compact] [492.2 KB]
Allocating iteration vectors... [2 x 312.5 KB]
TOTAL: [1.1 MB]

Starting iterations...

Power method: 2322 iterations in 0.89 seconds (average 0.000382, setup 0.00)

Printing steady-state probabilities in plain text format to file "../../../../CZK_project/Output/t=0.1_median/hybrid/ph_10_4000_1E-5"...

Time for steady-state probability computation: 2.219 seconds.

