PRISM
=====

Version: 4.4.GSMP
Date: Wed May 30 14:16:11 CEST 2018
Hostname: thomas
Memory limits: cudd=1g, java(heap)=910.5m
Command line: prism -hybrid -epsilon 1E-6 -maxiters 100000000 -power -absolute -const 'k=70,timeout=0.1,lambda=6.9314718100' ../../../../CZK_project/Model/queue_withptf_ctmc.sm -ss -exportss ../../../../CZK_project/Output/t=0.1_median/hybrid/ph_10_70_1E-6

Parsing model file "../../../../CZK_project/Model/queue_withptf_ctmc.sm"...

Type:        CTMC
Modules:     main trigger 
Variables:   qSize i 

---------------------------------------------------------------------

Computing steady-state probabilities...

Building model...
Model constants: k=70,timeout=0.1,lambda=6.93147181

Computing reachable states...

Reachability (BFS): 770 iterations in 0.01 seconds (average 0.000010, setup 0.00)

Time for model construction: 0.021 seconds.

Type:        CTMC
States:      770 (1 initial)
Transitions: 1470

Rate matrix: 118 nodes (3 terminal), 1470 minterms, vars: 11r/11c

SCCs: 1, BSCCs: 1, non-BSCC states: 0
BSCC sizes: 1:770

Initial states all in one BSCC (so no reachability probabilities computed)

Computing probabilities...
Engine: Hybrid

Building power method iteration matrix MTBDD... [nodes=156] [3.0 Kb]
Building hybrid MTBDD matrix... [levels=11, nodes=175] [8.2 KB]
Adding explicit sparse matrices... [levels=11, num=1, compact] [9.5 KB]
Allocating iteration vectors... [2 x 6.0 KB]
TOTAL: [29.8 KB]

Starting iterations...

Power method: 3426 iterations in 0.03 seconds (average 0.000008, setup 0.00)

Printing steady-state probabilities in plain text format to file "../../../../CZK_project/Output/t=0.1_median/hybrid/ph_10_70_1E-6"...

Time for steady-state probability computation: 0.054 seconds.

