PRISM
=====

Version: 4.4.GSMP
Date: Thu May 24 11:18:05 CEST 2018
Hostname: thomas
Memory limits: cudd=1g, java(heap)=910.5m
Command line: prism -hybrid -epsilon 1E-5 -maxiters 100000000 -power -absolute -const 'k=225,timeout=0.1,lambda=6.9314718100' ../../../../CZK_project/Model/queue_withptf_ctmc.sm -ss -exportss ../../../../CZK_project/Output/t=0.1_median/hybrid/ph_10_225_1E-5

Parsing model file "../../../../CZK_project/Model/queue_withptf_ctmc.sm"...

Type:        CTMC
Modules:     main trigger 
Variables:   qSize i 

---------------------------------------------------------------------

Computing steady-state probabilities...

Building model...
Model constants: k=225,timeout=0.1,lambda=6.93147181

Computing reachable states...

Reachability (BFS): 2251 iterations in 0.03 seconds (average 0.000012, setup 0.00)

Time for model construction: 0.044 seconds.

Type:        CTMC
States:      2251 (1 initial)
Transitions: 4276

Rate matrix: 131 nodes (3 terminal), 4276 minterms, vars: 12r/12c

SCCs: 1, BSCCs: 1, non-BSCC states: 0
BSCC sizes: 1:2251

Initial states all in one BSCC (so no reachability probabilities computed)

Computing probabilities...
Engine: Hybrid

Building power method iteration matrix MTBDD... [nodes=206] [4.0 Kb]
Building hybrid MTBDD matrix... [levels=12, nodes=255] [12.0 KB]
Adding explicit sparse matrices... [levels=12, num=1, compact] [27.7 KB]
Allocating iteration vectors... [2 x 17.6 KB]
TOTAL: [74.9 KB]

Starting iterations...

Power method: 5938 iterations in 0.12 seconds (average 0.000020, setup 0.00)

Printing steady-state probabilities in plain text format to file "../../../../CZK_project/Output/t=0.1_median/hybrid/ph_10_225_1E-5"...

Time for steady-state probability computation: 0.187 seconds.

