PRISM
=====

Version: 4.4.GSMP
Date: Wed May 30 14:17:07 CEST 2018
Hostname: thomas
Memory limits: cudd=1g, java(heap)=910.5m
Command line: prism -hybrid -epsilon 1E-6 -maxiters 100000000 -power -absolute -const 'k=2200,timeout=0.1,lambda=6.9314718100' ../../../../CZK_project/Model/queue_withptf_ctmc.sm -ss -exportss ../../../../CZK_project/Output/t=0.1_median/hybrid/ph_10_2200_1E-6

Parsing model file "../../../../CZK_project/Model/queue_withptf_ctmc.sm"...

Type:        CTMC
Modules:     main trigger 
Variables:   qSize i 

---------------------------------------------------------------------

Computing steady-state probabilities...

Building model...
Model constants: k=2200,timeout=0.1,lambda=6.93147181

Computing reachable states...

Reachability (BFS): 24200 iterations in 0.72 seconds (average 0.000030, setup 0.00)

Time for model construction: 1.145 seconds.

Type:        CTMC
States:      24200 (1 initial)
Transitions: 46200

Rate matrix: 176 nodes (3 terminal), 46200 minterms, vars: 16r/16c

SCCs: 1, BSCCs: 1, non-BSCC states: 0
BSCC sizes: 1:24200

Initial states all in one BSCC (so no reachability probabilities computed)

Computing probabilities...
Engine: Hybrid

Building power method iteration matrix MTBDD... [nodes=235] [4.6 Kb]
Building hybrid MTBDD matrix... [levels=16, nodes=263] [12.3 KB]
Adding explicit sparse matrices... [levels=16, num=1, compact] [298.7 KB]
Allocating iteration vectors... [2 x 189.1 KB]
TOTAL: [689.1 KB]

Starting iterations...

Power method: 6003 iterations in 1.60 seconds (average 0.000266, setup 0.00)

Printing steady-state probabilities in plain text format to file "../../../../CZK_project/Output/t=0.1_median/hybrid/ph_10_2200_1E-6"...

Time for steady-state probability computation: 2.499 seconds.

