PRISM
=====

Version: 4.4.GSMP
Date: Wed May 30 14:17:03 CEST 2018
Hostname: thomas
Memory limits: cudd=1g, java(heap)=910.5m
Command line: prism -hybrid -epsilon 1E-6 -maxiters 100000000 -power -absolute -const 'k=2100,timeout=0.1,lambda=6.9314718100' ../../../../CZK_project/Model/queue_withptf_ctmc.sm -ss -exportss ../../../../CZK_project/Output/t=0.1_median/hybrid/ph_10_2100_1E-6

Parsing model file "../../../../CZK_project/Model/queue_withptf_ctmc.sm"...

Type:        CTMC
Modules:     main trigger 
Variables:   qSize i 

---------------------------------------------------------------------

Computing steady-state probabilities...

Building model...
Model constants: k=2100,timeout=0.1,lambda=6.93147181

Computing reachable states...

Reachability (BFS): 23100 iterations in 0.60 seconds (average 0.000026, setup 0.00)

Time for model construction: 0.942 seconds.

Type:        CTMC
States:      23100 (1 initial)
Transitions: 44100

Rate matrix: 182 nodes (3 terminal), 44100 minterms, vars: 16r/16c

SCCs: 1, BSCCs: 1, non-BSCC states: 0
BSCC sizes: 1:23100

Initial states all in one BSCC (so no reachability probabilities computed)

Computing probabilities...
Engine: Hybrid

Building power method iteration matrix MTBDD... [nodes=243] [4.7 Kb]
Building hybrid MTBDD matrix... [levels=16, nodes=273] [12.8 KB]
Adding explicit sparse matrices... [levels=16, num=1, compact] [285.1 KB]
Allocating iteration vectors... [2 x 180.5 KB]
TOTAL: [658.8 KB]

Starting iterations...

Power method: 5899 iterations in 1.42 seconds (average 0.000239, setup 0.00)

Printing steady-state probabilities in plain text format to file "../../../../CZK_project/Output/t=0.1_median/hybrid/ph_10_2100_1E-6"...

Time for steady-state probability computation: 2.172 seconds.

