PRISM
=====

Version: 4.4.GSMP
Date: Wed May 30 14:16:26 CEST 2018
Hostname: thomas
Memory limits: cudd=1g, java(heap)=910.5m
Command line: prism -hybrid -epsilon 1E-6 -maxiters 100000000 -power -absolute -const 'k=700,timeout=0.1,lambda=6.9314718100' ../../../../CZK_project/Model/queue_withptf_ctmc.sm -ss -exportss ../../../../CZK_project/Output/t=0.1_median/hybrid/ph_10_700_1E-6

Parsing model file "../../../../CZK_project/Model/queue_withptf_ctmc.sm"...

Type:        CTMC
Modules:     main trigger 
Variables:   qSize i 

---------------------------------------------------------------------

Computing steady-state probabilities...

Building model...
Model constants: k=700,timeout=0.1,lambda=6.93147181

Computing reachable states...

Reachability (BFS): 7700 iterations in 0.13 seconds (average 0.000017, setup 0.00)

Time for model construction: 0.193 seconds.

Type:        CTMC
States:      7700 (1 initial)
Transitions: 14700

Rate matrix: 154 nodes (3 terminal), 14700 minterms, vars: 14r/14c

SCCs: 1, BSCCs: 1, non-BSCC states: 0
BSCC sizes: 1:7700

Initial states all in one BSCC (so no reachability probabilities computed)

Computing probabilities...
Engine: Hybrid

Building power method iteration matrix MTBDD... [nodes=205] [4.0 Kb]
Building hybrid MTBDD matrix... [levels=14, nodes=237] [11.1 KB]
Adding explicit sparse matrices... [levels=14, num=1, compact] [95.1 KB]
Allocating iteration vectors... [2 x 60.2 KB]
TOTAL: [226.5 KB]

Starting iterations...

Power method: 13401 iterations in 1.02 seconds (average 0.000076, setup 0.00)

Printing steady-state probabilities in plain text format to file "../../../../CZK_project/Output/t=0.1_median/hybrid/ph_10_700_1E-6"...

Time for steady-state probability computation: 1.251 seconds.

