PRISM
=====

Version: 4.4.GSMP
Date: Wed May 30 14:43:25 CEST 2018
Hostname: thomas
Memory limits: cudd=1g, java(heap)=910.5m
Command line: prism -hybrid -epsilon 1E-6 -maxiters 100000000 -power -absolute -const 'k=3400,timeout=0.1,lambda=6.9314718100' ../../../../CZK_project/Model/queue_withptf_ctmc.sm -ss -exportss ../../../../CZK_project/Output/t=0.1_median/hybrid/ph_10_3400_1E-6

Parsing model file "../../../../CZK_project/Model/queue_withptf_ctmc.sm"...

Type:        CTMC
Modules:     main trigger 
Variables:   qSize i 

---------------------------------------------------------------------

Computing steady-state probabilities...

Building model...
Model constants: k=3400,timeout=0.1,lambda=6.93147181

Computing reachable states...

Reachability (BFS): 37400 iterations in 1.33 seconds (average 0.000036, setup 0.00)

Time for model construction: 2.463 seconds.

Type:        CTMC
States:      37400 (1 initial)
Transitions: 71400

Rate matrix: 176 nodes (3 terminal), 71400 minterms, vars: 16r/16c

SCCs: 1, BSCCs: 1, non-BSCC states: 0
BSCC sizes: 1:37400

Initial states all in one BSCC (so no reachability probabilities computed)

Computing probabilities...
Engine: Hybrid

Building power method iteration matrix MTBDD... [nodes=235] [4.6 Kb]
Building hybrid MTBDD matrix... [levels=16, nodes=266] [12.5 KB]
Adding explicit sparse matrices... [levels=16, num=1, compact] [461.6 KB]
Allocating iteration vectors... [2 x 292.2 KB]
TOTAL: [1.0 MB]

Starting iterations...

Power method: 5272 iterations in 2.25 seconds (average 0.000426, setup 0.00)

Printing steady-state probabilities in plain text format to file "../../../../CZK_project/Output/t=0.1_median/hybrid/ph_10_3400_1E-6"...

Time for steady-state probability computation: 3.914 seconds.

