PRISM
=====

Version: 4.4.GSMP
Date: Wed May 30 14:41:43 CEST 2018
Hostname: thomas
Memory limits: cudd=1g, java(heap)=910.5m
Command line: prism -hybrid -epsilon 1E-6 -maxiters 100000000 -power -absolute -const 'k=1200,timeout=0.1,lambda=6.9314718100' ../../../../CZK_project/Model/queue_withptf_ctmc.sm -ss -exportss ../../../../CZK_project/Output/t=0.1_median/hybrid/ph_10_1200_1E-6

Parsing model file "../../../../CZK_project/Model/queue_withptf_ctmc.sm"...

Type:        CTMC
Modules:     main trigger 
Variables:   qSize i 

---------------------------------------------------------------------

Computing steady-state probabilities...

Building model...
Model constants: k=1200,timeout=0.1,lambda=6.93147181

Computing reachable states...

Reachability (BFS): 13200 iterations in 0.34 seconds (average 0.000026, setup 0.00)

Time for model construction: 0.526 seconds.

Type:        CTMC
States:      13200 (1 initial)
Transitions: 25200

Rate matrix: 156 nodes (3 terminal), 25200 minterms, vars: 15r/15c

SCCs: 1, BSCCs: 1, non-BSCC states: 0
BSCC sizes: 1:13200

Initial states all in one BSCC (so no reachability probabilities computed)

Computing probabilities...
Engine: Hybrid

Building power method iteration matrix MTBDD... [nodes=208] [4.1 Kb]
Building hybrid MTBDD matrix... [levels=15, nodes=232] [10.9 KB]
Adding explicit sparse matrices... [levels=15, num=1, compact] [162.9 KB]
Allocating iteration vectors... [2 x 103.1 KB]
TOTAL: [380.0 KB]

Starting iterations...

Power method: 9685 iterations in 1.35 seconds (average 0.000139, setup 0.00)

Printing steady-state probabilities in plain text format to file "../../../../CZK_project/Output/t=0.1_median/hybrid/ph_10_1200_1E-6"...

Time for steady-state probability computation: 1.846 seconds.

