PRISM
=====

Version: 4.4
Date: Thu Jun 14 08:49:15 EDT 2018
Hostname: storm-eval
Memory limits: cudd=1g, java(heap)=910.5m
Command line: prism -hybrid -epsilon 1E-10 -maxiters 100000000 -power -absolute -const 'k=35000,timeout=0.1,lambda=6.93147180559945309400' ../../CZK_project/Model/queue_withptf_ctmc.sm -ss -exportss ../../CZK_project/Output/t=0.1_median_constant/hybrid/ph_10_35000_1E-10

Parsing model file "../../CZK_project/Model/queue_withptf_ctmc.sm"...

Type:        CTMC
Modules:     main trigger 
Variables:   qSize i 

---------------------------------------------------------------------

Computing steady-state probabilities...

Building model...
Model constants: k=35000,timeout=0.1,lambda=6.9314718056

Computing reachable states...

Reachability (BFS): 385000 iterations in 15.23 seconds (average 0.000040, setup 0.00)

Time for model construction: 84.767 seconds.

Type:        CTMC
States:      385000 (1 initial)
Transitions: 735000

Rate matrix: 232 nodes (3 terminal), 735000 minterms, vars: 20r/20c

SCCs: 1, BSCCs: 1, non-BSCC states: 0
BSCC sizes: 1:385000

Initial states all in one BSCC (so no reachability probabilities computed)

Computing probabilities...
Engine: Hybrid

Building power method iteration matrix MTBDD... [nodes=311] [6.1 Kb]
Building hybrid MTBDD matrix... [levels=20, nodes=353] [16.5 KB]
Adding explicit sparse matrices... [levels=15, num=8, compact] [820.3 KB]
Allocating iteration vectors... [2 x 2.9 MB]
TOTAL: [6.7 MB]

Starting iterations...
Iteration 1381: max diff=0.000000, 5.00 sec so far
Iteration 2753: max diff=0.000000, 10.01 sec so far
Iteration 4147: max diff=0.000000, 15.01 sec so far
Iteration 5499: max diff=0.000000, 20.02 sec so far
Iteration 6892: max diff=0.000000, 25.02 sec so far
Iteration 8286: max diff=0.000000, 30.02 sec so far
Iteration 9656: max diff=0.000000, 35.03 sec so far
Iteration 11054: max diff=0.000000, 40.03 sec so far
Iteration 12444: max diff=0.000000, 45.04 sec so far
Iteration 13835: max diff=0.000000, 50.04 sec so far
Iteration 15229: max diff=0.000000, 55.04 sec so far
Iteration 16623: max diff=0.000000, 60.05 sec so far
Iteration 18010: max diff=0.000000, 65.05 sec so far
Iteration 19399: max diff=0.000000, 70.06 sec so far
Iteration 20792: max diff=0.000000, 75.06 sec so far
Iteration 22190: max diff=0.000000, 80.06 sec so far
Iteration 23590: max diff=0.000000, 85.07 sec so far
Iteration 24988: max diff=0.000000, 90.07 sec so far
Iteration 26382: max diff=0.000000, 95.08 sec so far
Iteration 27782: max diff=0.000000, 100.08 sec so far
Iteration 29177: max diff=0.000000, 105.08 sec so far
Iteration 30572: max diff=0.000000, 110.09 sec so far
Iteration 31975: max diff=0.000000, 115.09 sec so far
Iteration 33368: max diff=0.000000, 120.10 sec so far
Iteration 34760: max diff=0.000000, 125.10 sec so far
Iteration 36149: max diff=0.000000, 130.10 sec so far
Iteration 37520: max diff=0.000000, 135.11 sec so far
Iteration 38917: max diff=0.000000, 140.11 sec so far
Iteration 40289: max diff=0.000000, 145.12 sec so far
Iteration 41662: max diff=0.000000, 150.12 sec so far
Iteration 42890: max diff=0.000000, 155.12 sec so far
Iteration 44260: max diff=0.000000, 160.13 sec so far
Iteration 45626: max diff=0.000000, 165.13 sec so far
Iteration 46990: max diff=0.000000, 170.14 sec so far
Iteration 48377: max diff=0.000000, 175.14 sec so far
Iteration 49750: max diff=0.000000, 180.14 sec so far
Iteration 51043: max diff=0.000000, 185.15 sec so far
Iteration 52261: max diff=0.000000, 190.15 sec so far
Iteration 53586: max diff=0.000000, 195.16 sec so far
Iteration 54928: max diff=0.000000, 200.16 sec so far
Iteration 56223: max diff=0.000000, 205.16 sec so far
Iteration 57533: max diff=0.000000, 210.17 sec so far
Iteration 58806: max diff=0.000000, 215.17 sec so far
Iteration 60128: max diff=0.000000, 220.18 sec so far
Iteration 61448: max diff=0.000000, 225.18 sec so far
Iteration 62712: max diff=0.000000, 230.18 sec so far
Iteration 64035: max diff=0.000000, 235.19 sec so far
Iteration 65348: max diff=0.000000, 240.19 sec so far
Iteration 66719: max diff=0.000000, 245.20 sec so far
Iteration 68059: max diff=0.000000, 250.20 sec so far
Iteration 69434: max diff=0.000000, 255.20 sec so far
Iteration 70827: max diff=0.000000, 260.21 sec so far
Iteration 72197: max diff=0.000000, 265.21 sec so far
Iteration 73560: max diff=0.000000, 270.22 sec so far
Iteration 74943: max diff=0.000000, 275.22 sec so far
Iteration 76337: max diff=0.000000, 280.22 sec so far
Iteration 77713: max diff=0.000000, 285.23 sec so far
Iteration 79014: max diff=0.000000, 290.23 sec so far
Iteration 80353: max diff=0.000000, 295.24 sec so far
Iteration 81691: max diff=0.000000, 300.24 sec so far
Iteration 82995: max diff=0.000000, 305.24 sec so far
Iteration 84320: max diff=0.000000, 310.25 sec so far
Iteration 85676: max diff=0.000000, 315.25 sec so far
Iteration 87041: max diff=0.000000, 320.26 sec so far
Iteration 88435: max diff=0.000000, 325.26 sec so far
Iteration 89819: max diff=0.000000, 330.26 sec so far
Iteration 91192: max diff=0.000000, 335.27 sec so far
Iteration 92577: max diff=0.000000, 340.27 sec so far
Iteration 93973: max diff=0.000000, 345.28 sec so far
Iteration 95368: max diff=0.000000, 350.28 sec so far
Iteration 96765: max diff=0.000000, 355.28 sec so far
Iteration 98157: max diff=0.000000, 360.29 sec so far
Iteration 99555: max diff=0.000000, 365.29 sec so far
Iteration 100943: max diff=0.000000, 370.30 sec so far
Iteration 102339: max diff=0.000000, 375.30 sec so far
Iteration 103724: max diff=0.000000, 380.30 sec so far
Iteration 105122: max diff=0.000000, 385.31 sec so far
Iteration 106519: max diff=0.000000, 390.31 sec so far
Iteration 107912: max diff=0.000000, 395.32 sec so far
Iteration 109301: max diff=0.000000, 400.32 sec so far
Iteration 110687: max diff=0.000000, 405.32 sec so far
Iteration 112077: max diff=0.000000, 410.33 sec so far
Iteration 113467: max diff=0.000000, 415.33 sec so far
Iteration 114865: max diff=0.000000, 420.34 sec so far
Iteration 116247: max diff=0.000000, 425.34 sec so far
Iteration 117606: max diff=0.000000, 430.35 sec so far
Iteration 119005: max diff=0.000000, 435.35 sec so far
Iteration 120397: max diff=0.000000, 440.36 sec so far
Iteration 121792: max diff=0.000000, 445.36 sec so far
Iteration 123191: max diff=0.000000, 450.36 sec so far
Iteration 124594: max diff=0.000000, 455.37 sec so far
Iteration 125992: max diff=0.000000, 460.37 sec so far
Iteration 127393: max diff=0.000000, 465.38 sec so far
Iteration 128797: max diff=0.000000, 470.38 sec so far
Iteration 130194: max diff=0.000000, 475.38 sec so far
Iteration 131593: max diff=0.000000, 480.39 sec so far
Iteration 133000: max diff=0.000000, 485.39 sec so far
Iteration 134395: max diff=0.000000, 490.40 sec so far
Iteration 135791: max diff=0.000000, 495.40 sec so far
Iteration 137145: max diff=0.000000, 500.40 sec so far
Iteration 138539: max diff=0.000000, 505.41 sec so far
Iteration 139937: max diff=0.000000, 510.41 sec so far
Iteration 141336: max diff=0.000000, 515.42 sec so far
Iteration 142737: max diff=0.000000, 520.42 sec so far
Iteration 144131: max diff=0.000000, 525.42 sec so far
Iteration 145528: max diff=0.000000, 530.43 sec so far
Iteration 146916: max diff=0.000000, 535.43 sec so far
Iteration 148308: max diff=0.000000, 540.44 sec so far
Iteration 149687: max diff=0.000000, 545.44 sec so far
Iteration 151082: max diff=0.000000, 550.44 sec so far
Iteration 152480: max diff=0.000000, 555.45 sec so far
Iteration 153871: max diff=0.000000, 560.45 sec so far
Iteration 155265: max diff=0.000000, 565.46 sec so far
Iteration 156642: max diff=0.000000, 570.46 sec so far
Iteration 158038: max diff=0.000000, 575.46 sec so far
Iteration 159433: max diff=0.000000, 580.47 sec so far
Iteration 160835: max diff=0.000000, 585.47 sec so far
Iteration 162230: max diff=0.000000, 590.48 sec so far
Iteration 163624: max diff=0.000000, 595.48 sec so far
Iteration 165015: max diff=0.000000, 600.48 sec so far
Iteration 166410: max diff=0.000000, 605.49 sec so far
Iteration 167802: max diff=0.000000, 610.49 sec so far
Iteration 169168: max diff=0.000000, 615.50 sec so far
Iteration 170561: max diff=0.000000, 620.50 sec so far
Iteration 171954: max diff=0.000000, 625.50 sec so far
Iteration 173329: max diff=0.000000, 630.51 sec so far
Iteration 174717: max diff=0.000000, 635.51 sec so far
Iteration 176108: max diff=0.000000, 640.52 sec so far
Iteration 177502: max diff=0.000000, 645.52 sec so far
Iteration 178892: max diff=0.000000, 650.52 sec so far
Iteration 180289: max diff=0.000000, 655.53 sec so far
Iteration 181678: max diff=0.000000, 660.53 sec so far
Iteration 183073: max diff=0.000000, 665.54 sec so far
Iteration 184462: max diff=0.000000, 670.54 sec so far
Iteration 185851: max diff=0.000000, 675.54 sec so far
Iteration 187248: max diff=0.000000, 680.55 sec so far
Iteration 188647: max diff=0.000000, 685.55 sec so far
Iteration 190044: max diff=0.000000, 690.56 sec so far
Iteration 191439: max diff=0.000000, 695.56 sec so far
Iteration 192838: max diff=0.000000, 700.56 sec so far
Iteration 194231: max diff=0.000000, 705.57 sec so far
Iteration 195628: max diff=0.000000, 710.57 sec so far
Iteration 197035: max diff=0.000000, 715.58 sec so far
Iteration 198429: max diff=0.000000, 720.58 sec so far
Iteration 199820: max diff=0.000000, 725.58 sec so far
Iteration 201196: max diff=0.000000, 730.59 sec so far
Iteration 202561: max diff=0.000000, 735.59 sec so far
Iteration 203963: max diff=0.000000, 740.60 sec so far
Iteration 205359: max diff=0.000000, 745.60 sec so far
Iteration 206750: max diff=0.000000, 750.60 sec so far
Iteration 208029: max diff=0.000000, 755.61 sec so far
Iteration 209118: max diff=0.000000, 760.61 sec so far
Iteration 210201: max diff=0.000000, 765.62 sec so far
Iteration 211290: max diff=0.000000, 770.62 sec so far
Iteration 212372: max diff=0.000000, 775.63 sec so far
Iteration 213456: max diff=0.000000, 780.63 sec so far
Iteration 214519: max diff=0.000000, 785.64 sec so far
Iteration 215587: max diff=0.000000, 790.64 sec so far
Iteration 216663: max diff=0.000000, 795.65 sec so far
Iteration 217735: max diff=0.000000, 800.65 sec so far
Iteration 218809: max diff=0.000000, 805.66 sec so far
Iteration 219888: max diff=0.000000, 810.66 sec so far
Iteration 220959: max diff=0.000000, 815.66 sec so far
Iteration 222041: max diff=0.000000, 820.67 sec so far
Iteration 223126: max diff=0.000000, 825.67 sec so far
Iteration 224207: max diff=0.000000, 830.68 sec so far
Iteration 225285: max diff=0.000000, 835.68 sec so far
Iteration 226360: max diff=0.000000, 840.68 sec so far
Iteration 227440: max diff=0.000000, 845.69 sec so far
Iteration 228499: max diff=0.000000, 850.70 sec so far
Iteration 229570: max diff=0.000000, 855.70 sec so far
Iteration 230645: max diff=0.000000, 860.71 sec so far
Iteration 231706: max diff=0.000000, 865.71 sec so far
Iteration 232773: max diff=0.000000, 870.72 sec so far
Iteration 233852: max diff=0.000000, 875.73 sec so far
Iteration 234921: max diff=0.000000, 880.74 sec so far
Iteration 235990: max diff=0.000000, 885.74 sec so far
Iteration 237067: max diff=0.000000, 890.74 sec so far
Iteration 238130: max diff=0.000000, 895.75 sec so far
Iteration 239189: max diff=0.000000, 900.76 sec so far
Iteration 240258: max diff=0.000000, 905.76 sec so far
Iteration 241302: max diff=0.000000, 910.76 sec so far
Iteration 242337: max diff=0.000000, 915.77 sec so far
Iteration 243378: max diff=0.000000, 920.77 sec so far
Iteration 244418: max diff=0.000000, 925.78 sec so far
Iteration 245468: max diff=0.000000, 930.78 sec so far
Iteration 246507: max diff=0.000000, 935.78 sec so far
Iteration 247576: max diff=0.000000, 940.79 sec so far
Iteration 248661: max diff=0.000000, 945.79 sec so far
Iteration 249702: max diff=0.000000, 950.80 sec so far
Iteration 250781: max diff=0.000000, 955.80 sec so far
Iteration 251853: max diff=0.000000, 960.81 sec so far
Iteration 252926: max diff=0.000000, 965.82 sec so far
Iteration 254001: max diff=0.000000, 970.82 sec so far
Iteration 255020: max diff=0.000000, 975.82 sec so far
Iteration 256088: max diff=0.000000, 980.83 sec so far
Iteration 257181: max diff=0.000000, 985.83 sec so far
Iteration 258250: max diff=0.000000, 990.84 sec so far
Iteration 259326: max diff=0.000000, 995.84 sec so far
Iteration 260410: max diff=0.000000, 1000.84 sec so far
Iteration 261493: max diff=0.000000, 1005.85 sec so far
Iteration 262566: max diff=0.000000, 1010.85 sec so far
Iteration 263647: max diff=0.000000, 1015.86 sec so far
Iteration 264739: max diff=0.000000, 1020.86 sec so far
Iteration 265821: max diff=0.000000, 1025.86 sec so far
Iteration 266863: max diff=0.000000, 1030.87 sec so far
Iteration 267922: max diff=0.000000, 1035.87 sec so far
Iteration 268961: max diff=0.000000, 1040.88 sec so far
Iteration 270045: max diff=0.000000, 1045.88 sec so far
Iteration 271110: max diff=0.000000, 1050.88 sec so far
Iteration 272119: max diff=0.000000, 1055.89 sec so far
Iteration 273198: max diff=0.000000, 1060.90 sec so far
Iteration 274282: max diff=0.000000, 1065.90 sec so far
Iteration 275376: max diff=0.000000, 1070.90 sec so far
Iteration 276455: max diff=0.000000, 1075.91 sec so far
Iteration 277527: max diff=0.000000, 1080.91 sec so far
Iteration 278615: max diff=0.000000, 1085.92 sec so far
Iteration 279679: max diff=0.000000, 1090.92 sec so far
Iteration 280753: max diff=0.000000, 1095.92 sec so far
Iteration 281849: max diff=0.000000, 1100.93 sec so far
Iteration 282932: max diff=0.000000, 1105.93 sec so far
Iteration 284012: max diff=0.000000, 1110.94 sec so far
Iteration 285108: max diff=0.000000, 1115.94 sec so far
Iteration 286188: max diff=0.000000, 1120.95 sec so far
Iteration 287233: max diff=0.000000, 1125.96 sec so far
Iteration 288281: max diff=0.000000, 1130.96 sec so far
Iteration 289337: max diff=0.000000, 1135.97 sec so far
Iteration 290410: max diff=0.000000, 1140.97 sec so far
Iteration 291476: max diff=0.000000, 1145.98 sec so far
Iteration 292538: max diff=0.000000, 1150.98 sec so far
Iteration 293620: max diff=0.000000, 1155.99 sec so far
Iteration 294703: max diff=0.000000, 1160.99 sec so far
Iteration 295791: max diff=0.000000, 1166.00 sec so far
Iteration 296882: max diff=0.000000, 1171.01 sec so far
Iteration 297969: max diff=0.000000, 1176.01 sec so far
Iteration 299060: max diff=0.000000, 1181.02 sec so far
Iteration 300156: max diff=0.000000, 1186.02 sec so far
Iteration 301242: max diff=0.000000, 1191.03 sec so far
Iteration 302326: max diff=0.000000, 1196.03 sec so far
Iteration 303401: max diff=0.000000, 1201.04 sec so far
Iteration 304468: max diff=0.000000, 1206.04 sec so far
Iteration 305530: max diff=0.000000, 1211.04 sec so far
Iteration 306595: max diff=0.000000, 1216.05 sec so far
Iteration 307677: max diff=0.000000, 1221.06 sec so far
Iteration 308745: max diff=0.000000, 1226.06 sec so far
Iteration 309827: max diff=0.000000, 1231.06 sec so far
Iteration 310887: max diff=0.000000, 1236.07 sec so far
Iteration 311953: max diff=0.000000, 1241.07 sec so far
Iteration 313029: max diff=0.000000, 1246.08 sec so far
Iteration 314089: max diff=0.000000, 1251.08 sec so far
Iteration 315115: max diff=0.000000, 1256.08 sec so far
Iteration 316175: max diff=0.000000, 1261.09 sec so far
Iteration 317246: max diff=0.000000, 1266.09 sec so far
Iteration 318303: max diff=0.000000, 1271.10 sec so far
Iteration 319382: max diff=0.000000, 1276.10 sec so far
Iteration 320459: max diff=0.000000, 1281.11 sec so far
Iteration 321517: max diff=0.000000, 1286.11 sec so far
Iteration 322585: max diff=0.000000, 1291.12 sec so far
Iteration 323666: max diff=0.000000, 1296.12 sec so far
Iteration 324755: max diff=0.000000, 1301.13 sec so far
Iteration 325843: max diff=0.000000, 1306.13 sec so far
Iteration 326931: max diff=0.000000, 1311.14 sec so far
Iteration 328026: max diff=0.000000, 1316.14 sec so far
Iteration 329101: max diff=0.000000, 1321.14 sec so far
Iteration 330183: max diff=0.000000, 1326.15 sec so far
Iteration 331246: max diff=0.000000, 1331.15 sec so far
Iteration 332317: max diff=0.000000, 1336.16 sec so far
Iteration 333387: max diff=0.000000, 1341.16 sec so far
Iteration 334464: max diff=0.000000, 1346.16 sec so far
Iteration 335538: max diff=0.000000, 1351.17 sec so far
Iteration 336919: max diff=0.000000, 1356.17 sec so far
Iteration 338296: max diff=0.000000, 1361.18 sec so far
Iteration 339680: max diff=0.000000, 1366.18 sec so far
Iteration 341070: max diff=0.000000, 1371.18 sec so far
Iteration 342464: max diff=0.000000, 1376.19 sec so far
Iteration 343857: max diff=0.000000, 1381.19 sec so far
Iteration 345241: max diff=0.000000, 1386.20 sec so far
Iteration 346630: max diff=0.000000, 1391.20 sec so far
Iteration 348022: max diff=0.000000, 1396.20 sec so far
Iteration 349411: max diff=0.000000, 1401.21 sec so far
Iteration 350801: max diff=0.000000, 1406.21 sec so far
Iteration 352194: max diff=0.000000, 1411.22 sec so far
Iteration 353590: max diff=0.000000, 1416.22 sec so far
Iteration 354984: max diff=0.000000, 1421.22 sec so far
Iteration 356374: max diff=0.000000, 1426.23 sec so far
Iteration 357764: max diff=0.000000, 1431.23 sec so far
Iteration 359158: max diff=0.000000, 1436.24 sec so far
Iteration 360549: max diff=0.000000, 1441.24 sec so far
Iteration 361938: max diff=0.000000, 1446.24 sec so far
Iteration 363327: max diff=0.000000, 1451.25 sec so far
Iteration 364721: max diff=0.000000, 1456.25 sec so far
Iteration 366112: max diff=0.000000, 1461.26 sec so far
Iteration 367493: max diff=0.000000, 1466.26 sec so far
Iteration 368877: max diff=0.000000, 1471.26 sec so far
Iteration 370260: max diff=0.000000, 1476.27 sec so far
Iteration 371649: max diff=0.000000, 1481.27 sec so far
Iteration 373033: max diff=0.000000, 1486.28 sec so far
Iteration 374418: max diff=0.000000, 1491.28 sec so far
Iteration 375800: max diff=0.000000, 1496.28 sec so far
Iteration 377190: max diff=0.000000, 1501.29 sec so far
Iteration 378581: max diff=0.000000, 1506.29 sec so far
Iteration 379971: max diff=0.000000, 1511.30 sec so far
Iteration 381359: max diff=0.000000, 1516.30 sec so far
Iteration 382750: max diff=0.000000, 1521.30 sec so far
Iteration 384141: max diff=0.000000, 1526.31 sec so far
Iteration 385531: max diff=0.000000, 1531.31 sec so far
Iteration 386922: max diff=0.000000, 1536.32 sec so far
Iteration 388316: max diff=0.000000, 1541.32 sec so far
Iteration 389697: max diff=0.000000, 1546.32 sec so far
Iteration 391084: max diff=0.000000, 1551.33 sec so far
Iteration 392472: max diff=0.000000, 1556.33 sec so far
Iteration 393853: max diff=0.000000, 1561.34 sec so far
Iteration 395226: max diff=0.000000, 1566.34 sec so far
Iteration 396594: max diff=0.000000, 1571.34 sec so far
Iteration 397988: max diff=0.000000, 1576.35 sec so far
Iteration 399379: max diff=0.000000, 1581.35 sec so far
Iteration 400775: max diff=0.000000, 1586.36 sec so far
Iteration 402159: max diff=0.000000, 1591.36 sec so far
Iteration 403546: max diff=0.000000, 1596.36 sec so far
Iteration 404930: max diff=0.000000, 1601.37 sec so far
Iteration 406310: max diff=0.000000, 1606.37 sec so far
Iteration 407699: max diff=0.000000, 1611.38 sec so far
Iteration 409081: max diff=0.000000, 1616.38 sec so far
Iteration 410476: max diff=0.000000, 1621.38 sec so far
Iteration 411868: max diff=0.000000, 1626.39 sec so far
Iteration 413253: max diff=0.000000, 1631.39 sec so far
Iteration 414643: max diff=0.000000, 1636.40 sec so far
Iteration 416033: max diff=0.000000, 1641.40 sec so far
Iteration 417428: max diff=0.000000, 1646.40 sec so far
Iteration 418820: max diff=0.000000, 1651.41 sec so far
Iteration 420209: max diff=0.000000, 1656.41 sec so far
Iteration 421588: max diff=0.000000, 1661.42 sec so far
Iteration 422976: max diff=0.000000, 1666.42 sec so far
Iteration 424338: max diff=0.000000, 1671.42 sec so far
Iteration 425726: max diff=0.000000, 1676.43 sec so far
Iteration 427115: max diff=0.000000, 1681.43 sec so far
Iteration 428495: max diff=0.000000, 1686.44 sec so far
Iteration 429868: max diff=0.000000, 1691.44 sec so far
Iteration 431256: max diff=0.000000, 1696.44 sec so far
Iteration 432645: max diff=0.000000, 1701.45 sec so far
Iteration 434036: max diff=0.000000, 1706.45 sec so far
Iteration 435419: max diff=0.000000, 1711.46 sec so far
Iteration 436798: max diff=0.000000, 1716.46 sec so far
Iteration 438181: max diff=0.000000, 1721.46 sec so far
Iteration 439544: max diff=0.000000, 1726.47 sec so far
Iteration 440930: max diff=0.000000, 1731.47 sec so far
Iteration 442318: max diff=0.000000, 1736.48 sec so far
Iteration 443713: max diff=0.000000, 1741.48 sec so far
Iteration 445103: max diff=0.000000, 1746.48 sec so far
Iteration 446485: max diff=0.000000, 1751.49 sec so far
Iteration 447874: max diff=0.000000, 1756.49 sec so far
Iteration 449246: max diff=0.000000, 1761.50 sec so far
Iteration 450633: max diff=0.000000, 1766.50 sec so far
Iteration 452028: max diff=0.000000, 1771.50 sec so far
Iteration 453402: max diff=0.000000, 1776.51 sec so far
Iteration 454793: max diff=0.000000, 1781.51 sec so far
Iteration 456180: max diff=0.000000, 1786.52 sec so far
Iteration 457571: max diff=0.000000, 1791.52 sec so far
Iteration 458961: max diff=0.000000, 1796.52 sec so far
Iteration 460351: max diff=0.000000, 1801.53 sec so far
Iteration 461739: max diff=0.000000, 1806.53 sec so far
Iteration 463119: max diff=0.000000, 1811.54 sec so far
Iteration 464500: max diff=0.000000, 1816.54 sec so far
Iteration 465885: max diff=0.000000, 1821.54 sec so far
Iteration 467266: max diff=0.000000, 1826.55 sec so far
Iteration 468641: max diff=0.000000, 1831.55 sec so far
Iteration 470016: max diff=0.000000, 1836.56 sec so far
Iteration 471404: max diff=0.000000, 1841.56 sec so far
Iteration 472796: max diff=0.000000, 1846.56 sec so far
Iteration 474185: max diff=0.000000, 1851.57 sec so far
Iteration 475574: max diff=0.000000, 1856.57 sec so far
Iteration 476959: max diff=0.000000, 1861.58 sec so far
Iteration 478349: max diff=0.000000, 1866.58 sec so far
Iteration 479729: max diff=0.000000, 1871.58 sec so far
Iteration 481098: max diff=0.000000, 1876.59 sec so far
Iteration 482483: max diff=0.000000, 1881.59 sec so far
Iteration 483875: max diff=0.000000, 1886.60 sec so far
Iteration 485257: max diff=0.000000, 1891.60 sec so far
Iteration 486649: max diff=0.000000, 1896.60 sec so far
Iteration 488036: max diff=0.000000, 1901.61 sec so far
Iteration 489422: max diff=0.000000, 1906.61 sec so far
Iteration 490798: max diff=0.000000, 1911.62 sec so far
Iteration 492181: max diff=0.000000, 1916.62 sec so far
Iteration 493561: max diff=0.000000, 1921.62 sec so far
Iteration 494943: max diff=0.000000, 1926.63 sec so far
Iteration 496295: max diff=0.000000, 1931.63 sec so far
Iteration 497682: max diff=0.000000, 1936.64 sec so far
Iteration 499071: max diff=0.000000, 1941.64 sec so far
Iteration 500462: max diff=0.000000, 1946.64 sec so far
Iteration 501730: max diff=0.000000, 1951.65 sec so far
Iteration 502842: max diff=0.000000, 1956.65 sec so far
Iteration 503927: max diff=0.000000, 1961.66 sec so far
Iteration 504984: max diff=0.000000, 1966.66 sec so far
Iteration 506086: max diff=0.000000, 1971.67 sec so far
Iteration 507145: max diff=0.000000, 1976.67 sec so far
Iteration 508210: max diff=0.000000, 1981.68 sec so far
Iteration 509298: max diff=0.000000, 1986.68 sec so far
Iteration 510382: max diff=0.000000, 1991.69 sec so far
Iteration 511457: max diff=0.000000, 1996.70 sec so far
Iteration 512529: max diff=0.000000, 2001.70 sec so far
Iteration 513603: max diff=0.000000, 2006.71 sec so far
Iteration 514700: max diff=0.000000, 2011.72 sec so far
Iteration 515778: max diff=0.000000, 2016.72 sec so far
Iteration 516870: max diff=0.000000, 2021.73 sec so far
Iteration 517950: max diff=0.000000, 2026.74 sec so far
Iteration 519019: max diff=0.000000, 2031.74 sec so far
Iteration 520114: max diff=0.000000, 2036.75 sec so far
Iteration 521205: max diff=0.000000, 2041.76 sec so far
Iteration 522274: max diff=0.000000, 2046.76 sec so far
Iteration 523345: max diff=0.000000, 2051.77 sec so far
Iteration 524428: max diff=0.000000, 2056.77 sec so far
Iteration 525508: max diff=0.000000, 2061.78 sec so far
Iteration 526581: max diff=0.000000, 2066.78 sec so far
Iteration 527654: max diff=0.000000, 2071.79 sec so far
Iteration 528733: max diff=0.000000, 2076.79 sec so far
Iteration 529768: max diff=0.000000, 2081.80 sec so far
Iteration 530850: max diff=0.000000, 2086.80 sec so far
Iteration 531923: max diff=0.000000, 2091.80 sec so far
Iteration 533000: max diff=0.000000, 2096.81 sec so far
Iteration 534094: max diff=0.000000, 2101.81 sec so far
Iteration 535175: max diff=0.000000, 2106.82 sec so far
Iteration 536219: max diff=0.000000, 2111.83 sec so far
Iteration 537293: max diff=0.000000, 2116.83 sec so far
Iteration 538368: max diff=0.000000, 2121.84 sec so far
Iteration 539427: max diff=0.000000, 2126.84 sec so far
Iteration 540470: max diff=0.000000, 2131.85 sec so far
Iteration 541519: max diff=0.000000, 2136.86 sec so far
Iteration 542569: max diff=0.000000, 2141.87 sec so far
Iteration 543642: max diff=0.000000, 2146.87 sec so far
Iteration 544702: max diff=0.000000, 2151.88 sec so far
Iteration 545769: max diff=0.000000, 2156.88 sec so far
Iteration 546828: max diff=0.000000, 2161.89 sec so far
Iteration 547888: max diff=0.000000, 2166.89 sec so far
Iteration 548915: max diff=0.000000, 2171.90 sec so far
Iteration 549971: max diff=0.000000, 2176.90 sec so far
Iteration 551029: max diff=0.000000, 2181.90 sec so far
Iteration 552091: max diff=0.000000, 2186.91 sec so far
Iteration 553149: max diff=0.000000, 2191.91 sec so far
Iteration 554197: max diff=0.000000, 2196.92 sec so far
Iteration 555260: max diff=0.000000, 2201.92 sec so far
Iteration 556337: max diff=0.000000, 2206.92 sec so far
Iteration 557387: max diff=0.000000, 2211.93 sec so far
Iteration 558369: max diff=0.000000, 2216.93 sec so far
Iteration 559413: max diff=0.000000, 2221.94 sec so far
Iteration 560481: max diff=0.000000, 2226.94 sec so far
Iteration 561525: max diff=0.000000, 2231.94 sec so far
Iteration 562578: max diff=0.000000, 2236.95 sec so far
Iteration 563631: max diff=0.000000, 2241.95 sec so far
Iteration 564679: max diff=0.000000, 2246.96 sec so far
Iteration 565725: max diff=0.000000, 2251.96 sec so far
Iteration 566796: max diff=0.000000, 2256.96 sec so far
Iteration 567860: max diff=0.000000, 2261.97 sec so far
Iteration 568912: max diff=0.000000, 2266.97 sec so far
Iteration 569968: max diff=0.000000, 2271.98 sec so far
Iteration 571018: max diff=0.000000, 2276.98 sec so far
Iteration 572074: max diff=0.000000, 2281.99 sec so far
Iteration 573125: max diff=0.000000, 2286.99 sec so far
Iteration 574172: max diff=0.000000, 2292.00 sec so far
Iteration 575224: max diff=0.000000, 2297.00 sec so far
Iteration 576284: max diff=0.000000, 2302.00 sec so far
Iteration 577335: max diff=0.000000, 2307.01 sec so far
Iteration 578399: max diff=0.000000, 2312.01 sec so far
Iteration 579463: max diff=0.000000, 2317.02 sec so far
Iteration 580525: max diff=0.000000, 2322.02 sec so far
Iteration 581573: max diff=0.000000, 2327.02 sec so far
Iteration 582626: max diff=0.000000, 2332.03 sec so far
Iteration 583686: max diff=0.000000, 2337.03 sec so far
Iteration 584758: max diff=0.000000, 2342.04 sec so far
Iteration 585817: max diff=0.000000, 2347.04 sec so far
Iteration 586869: max diff=0.000000, 2352.04 sec so far
Iteration 587919: max diff=0.000000, 2357.05 sec so far
Iteration 588976: max diff=0.000000, 2362.05 sec so far
Iteration 590013: max diff=0.000000, 2367.06 sec so far
Iteration 591062: max diff=0.000000, 2372.06 sec so far
Iteration 592117: max diff=0.000000, 2377.06 sec so far
Iteration 593171: max diff=0.000000, 2382.07 sec so far
Iteration 594216: max diff=0.000000, 2387.07 sec so far
Iteration 595253: max diff=0.000000, 2392.08 sec so far
Iteration 596299: max diff=0.000000, 2397.09 sec so far
Iteration 597348: max diff=0.000000, 2402.09 sec so far
Iteration 598391: max diff=0.000000, 2407.10 sec so far
Iteration 599439: max diff=0.000000, 2412.10 sec so far
Iteration 600488: max diff=0.000000, 2417.11 sec so far
Iteration 601535: max diff=0.000000, 2422.11 sec so far
Iteration 602584: max diff=0.000000, 2427.12 sec so far
Iteration 603635: max diff=0.000000, 2432.12 sec so far
Iteration 604677: max diff=0.000000, 2437.13 sec so far
Iteration 605728: max diff=0.000000, 2442.13 sec so far
Iteration 606766: max diff=0.000000, 2447.14 sec so far
Iteration 607813: max diff=0.000000, 2452.14 sec so far
Iteration 608867: max diff=0.000000, 2457.14 sec so far
Iteration 609923: max diff=0.000000, 2462.15 sec so far
Iteration 610964: max diff=0.000000, 2467.16 sec so far
Iteration 612012: max diff=0.000000, 2472.16 sec so far
Iteration 613058: max diff=0.000000, 2477.17 sec so far
Iteration 614124: max diff=0.000000, 2482.18 sec so far
Iteration 615179: max diff=0.000000, 2487.18 sec so far
Iteration 616238: max diff=0.000000, 2492.18 sec so far
Iteration 617326: max diff=0.000000, 2497.19 sec so far
Iteration 618415: max diff=0.000000, 2502.20 sec so far
Iteration 619505: max diff=0.000000, 2507.21 sec so far
Iteration 620585: max diff=0.000000, 2512.21 sec so far
Iteration 621662: max diff=0.000000, 2517.22 sec so far
Iteration 622753: max diff=0.000000, 2522.22 sec so far
Iteration 623803: max diff=0.000000, 2527.22 sec so far
Iteration 624847: max diff=0.000000, 2532.23 sec so far
Iteration 625910: max diff=0.000000, 2537.24 sec so far
Iteration 626963: max diff=0.000000, 2542.24 sec so far
Iteration 628021: max diff=0.000000, 2547.24 sec so far
Iteration 629089: max diff=0.000000, 2552.25 sec so far
Iteration 630131: max diff=0.000000, 2557.25 sec so far
Iteration 631158: max diff=0.000000, 2562.26 sec so far
Iteration 632203: max diff=0.000000, 2567.26 sec so far
Iteration 633269: max diff=0.000000, 2572.26 sec so far
Iteration 634333: max diff=0.000000, 2577.27 sec so far
Iteration 635411: max diff=0.000000, 2582.27 sec so far
Iteration 636461: max diff=0.000000, 2587.28 sec so far
Iteration 637508: max diff=0.000000, 2592.28 sec so far
Iteration 638570: max diff=0.000000, 2597.28 sec so far
Iteration 639624: max diff=0.000000, 2602.29 sec so far
Iteration 640680: max diff=0.000000, 2607.29 sec so far
Iteration 641765: max diff=0.000000, 2612.30 sec so far
Iteration 642868: max diff=0.000000, 2617.30 sec so far
Iteration 643957: max diff=0.000000, 2622.30 sec so far
Iteration 645057: max diff=0.000000, 2627.31 sec so far
Iteration 646156: max diff=0.000000, 2632.31 sec so far
Iteration 647230: max diff=0.000000, 2637.32 sec so far
Iteration 648301: max diff=0.000000, 2642.32 sec so far
Iteration 649389: max diff=0.000000, 2647.33 sec so far
Iteration 650463: max diff=0.000000, 2652.33 sec so far
Iteration 651536: max diff=0.000000, 2657.34 sec so far
Iteration 652636: max diff=0.000000, 2662.34 sec so far
Iteration 653723: max diff=0.000000, 2667.34 sec so far
Iteration 654798: max diff=0.000000, 2672.35 sec so far
Iteration 655871: max diff=0.000000, 2677.35 sec so far
Iteration 656951: max diff=0.000000, 2682.36 sec so far
Iteration 658026: max diff=0.000000, 2687.36 sec so far
Iteration 659101: max diff=0.000000, 2692.37 sec so far
Iteration 660188: max diff=0.000000, 2697.37 sec so far
Iteration 661276: max diff=0.000000, 2702.38 sec so far
Iteration 662347: max diff=0.000000, 2707.38 sec so far
Iteration 663407: max diff=0.000000, 2712.38 sec so far
Iteration 664462: max diff=0.000000, 2717.39 sec so far
Iteration 665636: max diff=0.000000, 2722.39 sec so far
Iteration 666987: max diff=0.000000, 2727.40 sec so far
Iteration 668365: max diff=0.000000, 2732.40 sec so far
Iteration 669717: max diff=0.000000, 2737.40 sec so far
Iteration 671111: max diff=0.000000, 2742.41 sec so far
Iteration 672504: max diff=0.000000, 2747.41 sec so far
Iteration 673897: max diff=0.000000, 2752.42 sec so far
Iteration 675296: max diff=0.000000, 2757.42 sec so far
Iteration 676692: max diff=0.000000, 2762.42 sec so far
Iteration 678079: max diff=0.000000, 2767.43 sec so far
Iteration 679471: max diff=0.000000, 2772.43 sec so far
Iteration 680866: max diff=0.000000, 2777.44 sec so far
Iteration 682261: max diff=0.000000, 2782.44 sec so far
Iteration 683660: max diff=0.000000, 2787.44 sec so far
Iteration 685062: max diff=0.000000, 2792.45 sec so far
Iteration 686461: max diff=0.000000, 2797.45 sec so far
Iteration 687860: max diff=0.000000, 2802.46 sec so far
Iteration 689260: max diff=0.000000, 2807.46 sec so far
Iteration 690659: max diff=0.000000, 2812.46 sec so far
Iteration 692055: max diff=0.000000, 2817.47 sec so far
Iteration 693454: max diff=0.000000, 2822.47 sec so far
Iteration 694854: max diff=0.000000, 2827.48 sec so far
Iteration 696250: max diff=0.000000, 2832.48 sec so far
Iteration 697650: max diff=0.000000, 2837.48 sec so far
Iteration 699048: max diff=0.000000, 2842.49 sec so far
Iteration 700444: max diff=0.000000, 2847.49 sec so far
Iteration 701844: max diff=0.000000, 2852.50 sec so far
Iteration 703242: max diff=0.000000, 2857.50 sec so far
Iteration 704639: max diff=0.000000, 2862.50 sec so far
Iteration 706037: max diff=0.000000, 2867.51 sec so far
Iteration 707437: max diff=0.000000, 2872.51 sec so far
Iteration 708834: max diff=0.000000, 2877.52 sec so far
Iteration 710227: max diff=0.000000, 2882.52 sec so far
Iteration 711627: max diff=0.000000, 2887.52 sec so far
Iteration 713021: max diff=0.000000, 2892.53 sec so far
Iteration 714418: max diff=0.000000, 2897.53 sec so far
Iteration 715813: max diff=0.000000, 2902.54 sec so far
Iteration 717186: max diff=0.000000, 2907.54 sec so far
Iteration 718559: max diff=0.000000, 2912.54 sec so far
Iteration 719922: max diff=0.000000, 2917.55 sec so far
Iteration 721313: max diff=0.000000, 2922.55 sec so far
Iteration 722711: max diff=0.000000, 2927.56 sec so far
Iteration 724106: max diff=0.000000, 2932.56 sec so far
Iteration 725473: max diff=0.000000, 2937.56 sec so far
Iteration 726837: max diff=0.000000, 2942.57 sec so far
Iteration 728214: max diff=0.000000, 2947.57 sec so far
Iteration 729596: max diff=0.000000, 2952.58 sec so far
Iteration 730964: max diff=0.000000, 2957.58 sec so far
Iteration 732338: max diff=0.000000, 2962.58 sec so far
Iteration 733731: max diff=0.000000, 2967.59 sec so far
Iteration 735110: max diff=0.000000, 2972.59 sec so far
Iteration 736474: max diff=0.000000, 2977.60 sec so far
Iteration 737836: max diff=0.000000, 2982.60 sec so far
Iteration 739213: max diff=0.000000, 2987.60 sec so far
Iteration 740612: max diff=0.000000, 2992.61 sec so far
Iteration 741954: max diff=0.000000, 2997.61 sec so far
Iteration 743277: max diff=0.000000, 3002.62 sec so far
Iteration 744651: max diff=0.000000, 3007.62 sec so far
Iteration 746014: max diff=0.000000, 3012.62 sec so far
Iteration 747398: max diff=0.000000, 3017.63 sec so far
Iteration 748767: max diff=0.000000, 3022.63 sec so far
Iteration 750139: max diff=0.000000, 3027.64 sec so far
Iteration 751441: max diff=0.000000, 3032.64 sec so far
Iteration 752811: max diff=0.000000, 3037.64 sec so far
Iteration 754191: max diff=0.000000, 3042.65 sec so far
Iteration 755580: max diff=0.000000, 3047.65 sec so far
Iteration 756970: max diff=0.000000, 3052.66 sec so far
Iteration 758360: max diff=0.000000, 3057.66 sec so far
Iteration 759749: max diff=0.000000, 3062.66 sec so far
Iteration 761141: max diff=0.000000, 3067.67 sec so far
Iteration 762529: max diff=0.000000, 3072.67 sec so far
Iteration 763924: max diff=0.000000, 3077.68 sec so far
Iteration 765317: max diff=0.000000, 3082.68 sec so far
Iteration 766708: max diff=0.000000, 3087.68 sec so far
Iteration 768095: max diff=0.000000, 3092.69 sec so far
Iteration 769485: max diff=0.000000, 3097.69 sec so far
Iteration 770877: max diff=0.000000, 3102.70 sec so far
Iteration 772264: max diff=0.000000, 3107.70 sec so far
Iteration 773653: max diff=0.000000, 3112.70 sec so far
Iteration 775046: max diff=0.000000, 3117.71 sec so far
Iteration 776444: max diff=0.000000, 3122.71 sec so far
Iteration 777838: max diff=0.000000, 3127.72 sec so far
Iteration 779230: max diff=0.000000, 3132.72 sec so far
Iteration 780624: max diff=0.000000, 3137.72 sec so far
Iteration 782016: max diff=0.000000, 3142.73 sec so far
Iteration 783415: max diff=0.000000, 3147.73 sec so far
Iteration 784811: max diff=0.000000, 3152.74 sec so far
Iteration 786204: max diff=0.000000, 3157.74 sec so far
Iteration 787593: max diff=0.000000, 3162.74 sec so far
Iteration 788986: max diff=0.000000, 3167.75 sec so far
Iteration 790377: max diff=0.000000, 3172.75 sec so far
Iteration 791771: max diff=0.000000, 3177.76 sec so far
Iteration 793166: max diff=0.000000, 3182.76 sec so far
Iteration 794555: max diff=0.000000, 3187.76 sec so far
Iteration 795947: max diff=0.000000, 3192.77 sec so far
Iteration 797337: max diff=0.000000, 3197.77 sec so far
Iteration 798726: max diff=0.000000, 3202.78 sec so far
Iteration 800119: max diff=0.000000, 3207.78 sec so far
Iteration 801509: max diff=0.000000, 3212.78 sec so far
Iteration 802897: max diff=0.000000, 3217.79 sec so far
Iteration 804285: max diff=0.000000, 3222.79 sec so far
Iteration 805677: max diff=0.000000, 3227.80 sec so far
Iteration 807069: max diff=0.000000, 3232.80 sec so far
Iteration 808462: max diff=0.000000, 3237.80 sec so far
Iteration 809855: max diff=0.000000, 3242.81 sec so far
Iteration 811246: max diff=0.000000, 3247.81 sec so far
Iteration 812634: max diff=0.000000, 3252.82 sec so far
Iteration 814026: max diff=0.000000, 3257.82 sec so far
Iteration 815394: max diff=0.000000, 3262.82 sec so far
Iteration 816747: max diff=0.000000, 3267.83 sec so far
Iteration 818115: max diff=0.000000, 3272.83 sec so far
Iteration 819488: max diff=0.000000, 3277.84 sec so far
Iteration 820875: max diff=0.000000, 3282.84 sec so far
Iteration 822264: max diff=0.000000, 3287.84 sec so far
Iteration 823658: max diff=0.000000, 3292.85 sec so far
Iteration 825046: max diff=0.000000, 3297.85 sec so far
Iteration 826435: max diff=0.000000, 3302.86 sec so far
Iteration 827827: max diff=0.000000, 3307.86 sec so far
Iteration 829220: max diff=0.000000, 3312.86 sec so far
Iteration 830606: max diff=0.000000, 3317.87 sec so far
Iteration 832000: max diff=0.000000, 3322.87 sec so far
Iteration 833391: max diff=0.000000, 3327.88 sec so far
Iteration 834784: max diff=0.000000, 3332.88 sec so far
Iteration 836175: max diff=0.000000, 3337.88 sec so far
Iteration 837465: max diff=0.000000, 3342.89 sec so far
Iteration 838697: max diff=0.000000, 3347.89 sec so far
Iteration 839923: max diff=0.000000, 3352.90 sec so far
Iteration 841150: max diff=0.000000, 3357.90 sec so far
Iteration 842377: max diff=0.000000, 3362.90 sec so far
Iteration 843618: max diff=0.000000, 3367.91 sec so far
Iteration 844850: max diff=0.000000, 3372.92 sec so far
Iteration 846043: max diff=0.000000, 3377.92 sec so far
Iteration 847157: max diff=0.000000, 3382.92 sec so far
Iteration 848384: max diff=0.000000, 3387.93 sec so far
Iteration 849624: max diff=0.000000, 3392.93 sec so far
Iteration 850878: max diff=0.000000, 3397.94 sec so far
Iteration 852115: max diff=0.000000, 3402.94 sec so far
Iteration 853361: max diff=0.000000, 3407.94 sec so far
Iteration 854597: max diff=0.000000, 3412.95 sec so far
Iteration 855849: max diff=0.000000, 3417.95 sec so far
Iteration 857084: max diff=0.000000, 3422.96 sec so far
Iteration 858310: max diff=0.000000, 3427.96 sec so far
Iteration 859551: max diff=0.000000, 3432.96 sec so far
Iteration 860765: max diff=0.000000, 3437.97 sec so far
Iteration 861973: max diff=0.000000, 3442.97 sec so far
Iteration 863195: max diff=0.000000, 3447.98 sec so far
Iteration 864418: max diff=0.000000, 3452.98 sec so far
Iteration 865602: max diff=0.000000, 3457.98 sec so far
Iteration 866815: max diff=0.000000, 3462.99 sec so far
Iteration 868015: max diff=0.000000, 3467.99 sec so far
Iteration 869225: max diff=0.000000, 3473.00 sec so far
Iteration 870432: max diff=0.000000, 3478.00 sec so far
Iteration 871638: max diff=0.000000, 3483.01 sec so far
Iteration 872842: max diff=0.000000, 3488.02 sec so far
Iteration 874045: max diff=0.000000, 3493.02 sec so far
Iteration 875265: max diff=0.000000, 3498.02 sec so far
Iteration 876482: max diff=0.000000, 3503.03 sec so far
Iteration 877683: max diff=0.000000, 3508.03 sec so far
Iteration 878884: max diff=0.000000, 3513.04 sec so far
Iteration 880093: max diff=0.000000, 3518.04 sec so far
Iteration 881288: max diff=0.000000, 3523.04 sec so far
Iteration 882491: max diff=0.000000, 3528.05 sec so far
Iteration 883729: max diff=0.000000, 3533.05 sec so far
Iteration 884957: max diff=0.000000, 3538.06 sec so far
Iteration 886193: max diff=0.000000, 3543.06 sec so far
Iteration 887384: max diff=0.000000, 3548.06 sec so far
Iteration 888583: max diff=0.000000, 3553.07 sec so far
Iteration 889772: max diff=0.000000, 3558.07 sec so far
Iteration 891011: max diff=0.000000, 3563.08 sec so far
Iteration 892243: max diff=0.000000, 3568.08 sec so far
Iteration 893472: max diff=0.000000, 3573.09 sec so far
Iteration 894669: max diff=0.000000, 3578.09 sec so far
Iteration 895906: max diff=0.000000, 3583.10 sec so far
Iteration 897126: max diff=0.000000, 3588.10 sec so far
Iteration 898355: max diff=0.000000, 3593.11 sec so far
Iteration 899589: max diff=0.000000, 3598.11 sec so far
Iteration 900815: max diff=0.000000, 3603.12 sec so far
Iteration 902038: max diff=0.000000, 3608.12 sec so far
Iteration 903256: max diff=0.000000, 3613.13 sec so far
Iteration 904463: max diff=0.000000, 3618.13 sec so far
Iteration 905667: max diff=0.000000, 3623.14 sec so far
Iteration 906887: max diff=0.000000, 3628.14 sec so far
Iteration 908085: max diff=0.000000, 3633.14 sec so far
Iteration 909321: max diff=0.000000, 3638.15 sec so far
Iteration 910566: max diff=0.000000, 3643.15 sec so far
Iteration 911803: max diff=0.000000, 3648.16 sec so far
Iteration 913045: max diff=0.000000, 3653.16 sec so far
Iteration 914289: max diff=0.000000, 3658.16 sec so far
Iteration 915536: max diff=0.000000, 3663.17 sec so far
Iteration 916782: max diff=0.000000, 3668.17 sec so far
Iteration 918023: max diff=0.000000, 3673.18 sec so far
Iteration 919256: max diff=0.000000, 3678.18 sec so far
Iteration 920496: max diff=0.000000, 3683.18 sec so far
Iteration 921716: max diff=0.000000, 3688.19 sec so far
Iteration 922937: max diff=0.000000, 3693.19 sec so far
Iteration 924150: max diff=0.000000, 3698.20 sec so far
Iteration 925357: max diff=0.000000, 3703.21 sec so far
Iteration 926569: max diff=0.000000, 3708.21 sec so far
Iteration 927786: max diff=0.000000, 3713.22 sec so far
Iteration 928992: max diff=0.000000, 3718.22 sec so far
Iteration 930202: max diff=0.000000, 3723.22 sec so far
Iteration 931405: max diff=0.000000, 3728.23 sec so far
Iteration 932602: max diff=0.000000, 3733.24 sec so far
Iteration 933821: max diff=0.000000, 3738.24 sec so far
Iteration 935052: max diff=0.000000, 3743.24 sec so far
Iteration 936287: max diff=0.000000, 3748.25 sec so far
Iteration 937524: max diff=0.000000, 3753.25 sec so far
Iteration 938776: max diff=0.000000, 3758.26 sec so far
Iteration 940014: max diff=0.000000, 3763.26 sec so far
Iteration 941237: max diff=0.000000, 3768.26 sec so far
Iteration 942436: max diff=0.000000, 3773.27 sec so far
Iteration 943635: max diff=0.000000, 3778.27 sec so far
Iteration 944833: max diff=0.000000, 3783.28 sec so far
Iteration 946060: max diff=0.000000, 3788.28 sec so far
Iteration 947296: max diff=0.000000, 3793.28 sec so far
Iteration 948527: max diff=0.000000, 3798.29 sec so far
Iteration 949763: max diff=0.000000, 3803.29 sec so far
Iteration 951010: max diff=0.000000, 3808.30 sec so far
Iteration 952251: max diff=0.000000, 3813.30 sec so far
Iteration 953484: max diff=0.000000, 3818.30 sec so far
Iteration 954724: max diff=0.000000, 3823.31 sec so far
Iteration 955958: max diff=0.000000, 3828.31 sec so far
Iteration 957181: max diff=0.000000, 3833.32 sec so far
Iteration 958411: max diff=0.000000, 3838.32 sec so far
Iteration 959641: max diff=0.000000, 3843.32 sec so far
Iteration 960864: max diff=0.000000, 3848.33 sec so far
Iteration 962063: max diff=0.000000, 3853.33 sec so far
Iteration 963291: max diff=0.000000, 3858.34 sec so far
Iteration 964536: max diff=0.000000, 3863.34 sec so far
Iteration 965754: max diff=0.000000, 3868.34 sec so far
Iteration 966960: max diff=0.000000, 3873.35 sec so far
Iteration 968170: max diff=0.000000, 3878.35 sec so far
Iteration 969373: max diff=0.000000, 3883.36 sec so far
Iteration 970596: max diff=0.000000, 3888.36 sec so far
Iteration 971824: max diff=0.000000, 3893.37 sec so far
Iteration 973040: max diff=0.000000, 3898.37 sec so far
Iteration 974273: max diff=0.000000, 3903.38 sec so far
Iteration 975497: max diff=0.000000, 3908.38 sec so far
Iteration 976720: max diff=0.000000, 3913.39 sec so far
Iteration 977934: max diff=0.000000, 3918.39 sec so far
Iteration 979181: max diff=0.000000, 3923.40 sec so far
Iteration 980543: max diff=0.000000, 3928.40 sec so far
Iteration 981932: max diff=0.000000, 3933.40 sec so far
Iteration 983317: max diff=0.000000, 3938.41 sec so far
Iteration 984709: max diff=0.000000, 3943.41 sec so far
Iteration 986094: max diff=0.000000, 3948.42 sec so far
Iteration 987490: max diff=0.000000, 3953.42 sec so far
Iteration 988884: max diff=0.000000, 3958.42 sec so far
Iteration 990276: max diff=0.000000, 3963.43 sec so far
Iteration 991674: max diff=0.000000, 3968.43 sec so far
Iteration 993072: max diff=0.000000, 3973.44 sec so far
Iteration 994465: max diff=0.000000, 3978.44 sec so far
Iteration 995862: max diff=0.000000, 3983.44 sec so far
Iteration 997259: max diff=0.000000, 3988.45 sec so far
Iteration 998659: max diff=0.000000, 3993.45 sec so far
Iteration 1000049: max diff=0.000000, 3998.46 sec so far
Iteration 1001447: max diff=0.000000, 4003.46 sec so far
Iteration 1002846: max diff=0.000000, 4008.46 sec so far
Iteration 1004242: max diff=0.000000, 4013.47 sec so far
Iteration 1005638: max diff=0.000000, 4018.47 sec so far
Iteration 1007035: max diff=0.000000, 4023.48 sec so far
Iteration 1008433: max diff=0.000000, 4028.48 sec so far
Iteration 1009833: max diff=0.000000, 4033.48 sec so far
Iteration 1011228: max diff=0.000000, 4038.49 sec so far
Iteration 1012626: max diff=0.000000, 4043.49 sec so far
Iteration 1013967: max diff=0.000000, 4048.50 sec so far
Iteration 1015253: max diff=0.000000, 4053.50 sec so far
Iteration 1016604: max diff=0.000000, 4058.50 sec so far
Iteration 1017998: max diff=0.000000, 4063.51 sec so far
Iteration 1019392: max diff=0.000000, 4068.51 sec so far
Iteration 1020788: max diff=0.000000, 4073.52 sec so far
Iteration 1022091: max diff=0.000000, 4078.52 sec so far
Iteration 1023372: max diff=0.000000, 4083.52 sec so far
Iteration 1024599: max diff=0.000000, 4088.53 sec so far
Iteration 1025911: max diff=0.000000, 4093.53 sec so far
Iteration 1027305: max diff=0.000000, 4098.54 sec so far
Iteration 1028703: max diff=0.000000, 4103.54 sec so far
Iteration 1030098: max diff=0.000000, 4108.54 sec so far
Iteration 1031478: max diff=0.000000, 4113.55 sec so far
Iteration 1032857: max diff=0.000000, 4118.55 sec so far
Iteration 1034248: max diff=0.000000, 4123.56 sec so far
Iteration 1035652: max diff=0.000000, 4128.56 sec so far
Iteration 1037046: max diff=0.000000, 4133.56 sec so far
Iteration 1038425: max diff=0.000000, 4138.57 sec so far
Iteration 1039766: max diff=0.000000, 4143.57 sec so far
Iteration 1041155: max diff=0.000000, 4148.58 sec so far
Iteration 1042558: max diff=0.000000, 4153.58 sec so far
Iteration 1043958: max diff=0.000000, 4158.58 sec so far
Iteration 1045363: max diff=0.000000, 4163.59 sec so far
Iteration 1046764: max diff=0.000000, 4168.59 sec so far
Iteration 1048163: max diff=0.000000, 4173.60 sec so far
Iteration 1049567: max diff=0.000000, 4178.60 sec so far
Iteration 1050966: max diff=0.000000, 4183.60 sec so far
Iteration 1052363: max diff=0.000000, 4188.61 sec so far
Iteration 1053762: max diff=0.000000, 4193.61 sec so far
Iteration 1055158: max diff=0.000000, 4198.62 sec so far
Iteration 1056557: max diff=0.000000, 4203.62 sec so far
Iteration 1057957: max diff=0.000000, 4208.62 sec so far
Iteration 1059353: max diff=0.000000, 4213.63 sec so far
Iteration 1060749: max diff=0.000000, 4218.63 sec so far
Iteration 1062144: max diff=0.000000, 4223.64 sec so far
Iteration 1063541: max diff=0.000000, 4228.64 sec so far
Iteration 1064936: max diff=0.000000, 4233.64 sec so far
Iteration 1066325: max diff=0.000000, 4238.65 sec so far
Iteration 1067729: max diff=0.000000, 4243.65 sec so far
Iteration 1069116: max diff=0.000000, 4248.66 sec so far
Iteration 1070505: max diff=0.000000, 4253.66 sec so far
Iteration 1071832: max diff=0.000000, 4258.66 sec so far
Iteration 1073230: max diff=0.000000, 4263.67 sec so far
Iteration 1074628: max diff=0.000000, 4268.67 sec so far
Iteration 1076031: max diff=0.000000, 4273.68 sec so far
Iteration 1077434: max diff=0.000000, 4278.68 sec so far
Iteration 1078838: max diff=0.000000, 4283.68 sec so far
Iteration 1080243: max diff=0.000000, 4288.69 sec so far
Iteration 1081648: max diff=0.000000, 4293.69 sec so far
Iteration 1083051: max diff=0.000000, 4298.70 sec so far
Iteration 1084450: max diff=0.000000, 4303.70 sec so far
Iteration 1085854: max diff=0.000000, 4308.70 sec so far
Iteration 1087257: max diff=0.000000, 4313.71 sec so far
Iteration 1088661: max diff=0.000000, 4318.71 sec so far
Iteration 1090066: max diff=0.000000, 4323.72 sec so far
Iteration 1091468: max diff=0.000000, 4328.72 sec so far
Iteration 1092871: max diff=0.000000, 4333.72 sec so far
Iteration 1094275: max diff=0.000000, 4338.73 sec so far
Iteration 1095681: max diff=0.000000, 4343.73 sec so far
Iteration 1097079: max diff=0.000000, 4348.74 sec so far
Iteration 1098475: max diff=0.000000, 4353.74 sec so far
Iteration 1099870: max diff=0.000000, 4358.74 sec so far
Iteration 1101264: max diff=0.000000, 4363.75 sec so far
Iteration 1102663: max diff=0.000000, 4368.75 sec so far
Iteration 1104062: max diff=0.000000, 4373.76 sec so far
Iteration 1105459: max diff=0.000000, 4378.76 sec so far
Iteration 1106852: max diff=0.000000, 4383.76 sec so far
Iteration 1108248: max diff=0.000000, 4388.77 sec so far
Iteration 1109642: max diff=0.000000, 4393.77 sec so far
Iteration 1111035: max diff=0.000000, 4398.78 sec so far
Iteration 1112431: max diff=0.000000, 4403.78 sec so far
Iteration 1113825: max diff=0.000000, 4408.78 sec so far
Iteration 1115225: max diff=0.000000, 4413.79 sec so far
Iteration 1116622: max diff=0.000000, 4418.79 sec so far
Iteration 1118016: max diff=0.000000, 4423.80 sec so far
Iteration 1119410: max diff=0.000000, 4428.80 sec so far
Iteration 1120802: max diff=0.000000, 4433.80 sec so far
Iteration 1122199: max diff=0.000000, 4438.81 sec so far
Iteration 1123595: max diff=0.000000, 4443.81 sec so far
Iteration 1124988: max diff=0.000000, 4448.82 sec so far
Iteration 1126381: max diff=0.000000, 4453.82 sec so far
Iteration 1127776: max diff=0.000000, 4458.82 sec so far
Iteration 1129178: max diff=0.000000, 4463.83 sec so far
Iteration 1130577: max diff=0.000000, 4468.83 sec so far
Iteration 1131977: max diff=0.000000, 4473.84 sec so far
Iteration 1133379: max diff=0.000000, 4478.84 sec so far
Iteration 1134781: max diff=0.000000, 4483.84 sec so far
Iteration 1136180: max diff=0.000000, 4488.85 sec so far
Iteration 1137578: max diff=0.000000, 4493.85 sec so far
Iteration 1138976: max diff=0.000000, 4498.86 sec so far
Iteration 1140372: max diff=0.000000, 4503.86 sec so far
Iteration 1141767: max diff=0.000000, 4508.86 sec so far
Iteration 1143165: max diff=0.000000, 4513.87 sec so far
Iteration 1144563: max diff=0.000000, 4518.87 sec so far
Iteration 1145956: max diff=0.000000, 4523.88 sec so far
Iteration 1147349: max diff=0.000000, 4528.88 sec so far
Iteration 1148747: max diff=0.000000, 4533.88 sec so far
Iteration 1150148: max diff=0.000000, 4538.89 sec so far
Iteration 1151546: max diff=0.000000, 4543.89 sec so far
Iteration 1152945: max diff=0.000000, 4548.90 sec so far
Iteration 1154345: max diff=0.000000, 4553.90 sec so far
Iteration 1155735: max diff=0.000000, 4558.90 sec so far
Iteration 1157120: max diff=0.000000, 4563.91 sec so far
Iteration 1158510: max diff=0.000000, 4568.91 sec so far
Iteration 1159909: max diff=0.000000, 4573.92 sec so far
Iteration 1161310: max diff=0.000000, 4578.92 sec so far
Iteration 1162711: max diff=0.000000, 4583.92 sec so far
Iteration 1164112: max diff=0.000000, 4588.93 sec so far
Iteration 1165511: max diff=0.000000, 4593.93 sec so far
Iteration 1166918: max diff=0.000000, 4598.94 sec so far
Iteration 1168318: max diff=0.000000, 4603.94 sec so far
Iteration 1169716: max diff=0.000000, 4608.94 sec so far
Iteration 1171117: max diff=0.000000, 4613.95 sec so far
Iteration 1172518: max diff=0.000000, 4618.96 sec so far
Iteration 1173919: max diff=0.000000, 4623.96 sec so far
Iteration 1175318: max diff=0.000000, 4628.96 sec so far
Iteration 1176722: max diff=0.000000, 4633.97 sec so far
Iteration 1178124: max diff=0.000000, 4638.97 sec so far
Iteration 1179523: max diff=0.000000, 4643.98 sec so far
Iteration 1180925: max diff=0.000000, 4648.98 sec so far
Iteration 1182324: max diff=0.000000, 4653.98 sec so far
Iteration 1183724: max diff=0.000000, 4658.99 sec so far
Iteration 1185125: max diff=0.000000, 4663.99 sec so far
Iteration 1186530: max diff=0.000000, 4669.00 sec so far
Iteration 1187931: max diff=0.000000, 4674.00 sec so far
Iteration 1189332: max diff=0.000000, 4679.00 sec so far
Iteration 1190732: max diff=0.000000, 4684.01 sec so far
Iteration 1192131: max diff=0.000000, 4689.01 sec so far
Iteration 1193531: max diff=0.000000, 4694.02 sec so far
Iteration 1194934: max diff=0.000000, 4699.02 sec so far
Iteration 1196337: max diff=0.000000, 4704.02 sec so far
Iteration 1197742: max diff=0.000000, 4709.03 sec so far
Iteration 1199143: max diff=0.000000, 4714.03 sec so far
Iteration 1200538: max diff=0.000000, 4719.04 sec so far
Iteration 1201937: max diff=0.000000, 4724.04 sec so far
Iteration 1203335: max diff=0.000000, 4729.04 sec so far
Iteration 1204736: max diff=0.000000, 4734.05 sec so far
Iteration 1206134: max diff=0.000000, 4739.05 sec so far
Iteration 1207532: max diff=0.000000, 4744.06 sec so far
Iteration 1208939: max diff=0.000000, 4749.06 sec so far
Iteration 1210336: max diff=0.000000, 4754.06 sec so far
Iteration 1211734: max diff=0.000000, 4759.07 sec so far
Iteration 1213130: max diff=0.000000, 4764.07 sec so far
Iteration 1214526: max diff=0.000000, 4769.08 sec so far
Iteration 1215923: max diff=0.000000, 4774.08 sec so far
Iteration 1217323: max diff=0.000000, 4779.08 sec so far
Iteration 1218721: max diff=0.000000, 4784.09 sec so far
Iteration 1220120: max diff=0.000000, 4789.09 sec so far
Iteration 1221518: max diff=0.000000, 4794.10 sec so far
Iteration 1222912: max diff=0.000000, 4799.10 sec so far
Iteration 1224308: max diff=0.000000, 4804.10 sec so far
Iteration 1225707: max diff=0.000000, 4809.11 sec so far
Iteration 1227104: max diff=0.000000, 4814.11 sec so far
Iteration 1228499: max diff=0.000000, 4819.12 sec so far
Iteration 1229896: max diff=0.000000, 4824.12 sec so far
Iteration 1231295: max diff=0.000000, 4829.12 sec so far
Iteration 1232691: max diff=0.000000, 4834.13 sec so far
Iteration 1234086: max diff=0.000000, 4839.13 sec so far
Iteration 1235482: max diff=0.000000, 4844.14 sec so far
Iteration 1236879: max diff=0.000000, 4849.14 sec so far
Iteration 1238282: max diff=0.000000, 4854.14 sec so far
Iteration 1239683: max diff=0.000000, 4859.15 sec so far
Iteration 1241043: max diff=0.000000, 4864.16 sec so far
Iteration 1242315: max diff=0.000000, 4869.16 sec so far
Iteration 1243575: max diff=0.000000, 4874.16 sec so far
Iteration 1244835: max diff=0.000000, 4879.17 sec so far
Iteration 1246097: max diff=0.000000, 4884.17 sec so far
Iteration 1247366: max diff=0.000000, 4889.18 sec so far
Iteration 1248634: max diff=0.000000, 4894.18 sec so far
Iteration 1249905: max diff=0.000000, 4899.18 sec so far
Iteration 1251166: max diff=0.000000, 4904.19 sec so far
Iteration 1252431: max diff=0.000000, 4909.19 sec so far
Iteration 1253699: max diff=0.000000, 4914.20 sec so far
Iteration 1254962: max diff=0.000000, 4919.20 sec so far
Iteration 1256230: max diff=0.000000, 4924.20 sec so far
Iteration 1257494: max diff=0.000000, 4929.21 sec so far
Iteration 1258753: max diff=0.000000, 4934.21 sec so far
Iteration 1260026: max diff=0.000000, 4939.22 sec so far
Iteration 1261293: max diff=0.000000, 4944.22 sec so far
Iteration 1262558: max diff=0.000000, 4949.22 sec so far
Iteration 1263826: max diff=0.000000, 4954.23 sec so far
Iteration 1265092: max diff=0.000000, 4959.23 sec so far
Iteration 1266360: max diff=0.000000, 4964.24 sec so far
Iteration 1267625: max diff=0.000000, 4969.24 sec so far
Iteration 1268888: max diff=0.000000, 4974.24 sec so far
Iteration 1270151: max diff=0.000000, 4979.25 sec so far
Iteration 1271412: max diff=0.000000, 4984.25 sec so far
Iteration 1272676: max diff=0.000000, 4989.26 sec so far
Iteration 1273938: max diff=0.000000, 4994.26 sec so far
Iteration 1275204: max diff=0.000000, 4999.26 sec so far
Iteration 1276468: max diff=0.000000, 5004.27 sec so far
Iteration 1277727: max diff=0.000000, 5009.27 sec so far
Iteration 1278985: max diff=0.000000, 5014.28 sec so far
Iteration 1280254: max diff=0.000000, 5019.28 sec so far
Iteration 1281519: max diff=0.000000, 5024.28 sec so far
Iteration 1282774: max diff=0.000000, 5029.29 sec so far
Iteration 1284032: max diff=0.000000, 5034.29 sec so far
Iteration 1285289: max diff=0.000000, 5039.30 sec so far
Iteration 1286548: max diff=0.000000, 5044.30 sec so far
Iteration 1287802: max diff=0.000000, 5049.30 sec so far
Iteration 1289060: max diff=0.000000, 5054.31 sec so far
Iteration 1290320: max diff=0.000000, 5059.31 sec so far
Iteration 1291574: max diff=0.000000, 5064.32 sec so far
Iteration 1292805: max diff=0.000000, 5069.32 sec so far
Iteration 1293866: max diff=0.000000, 5074.32 sec so far
Iteration 1295084: max diff=0.000000, 5079.33 sec so far
Iteration 1296329: max diff=0.000000, 5084.33 sec so far
Iteration 1297569: max diff=0.000000, 5089.34 sec so far
Iteration 1298810: max diff=0.000000, 5094.34 sec so far
Iteration 1300053: max diff=0.000000, 5099.34 sec so far
Iteration 1301292: max diff=0.000000, 5104.35 sec so far
Iteration 1302520: max diff=0.000000, 5109.35 sec so far
Iteration 1303762: max diff=0.000000, 5114.36 sec so far
Iteration 1305004: max diff=0.000000, 5119.36 sec so far
Iteration 1306245: max diff=0.000000, 5124.36 sec so far
Iteration 1307477: max diff=0.000000, 5129.37 sec so far
Iteration 1308717: max diff=0.000000, 5134.37 sec so far
Iteration 1309958: max diff=0.000000, 5139.38 sec so far
Iteration 1311211: max diff=0.000000, 5144.38 sec so far
Iteration 1312474: max diff=0.000000, 5149.39 sec so far
Iteration 1313733: max diff=0.000000, 5154.39 sec so far
Iteration 1314991: max diff=0.000000, 5159.40 sec so far
Iteration 1316262: max diff=0.000000, 5164.40 sec so far
Iteration 1317523: max diff=0.000000, 5169.40 sec so far
Iteration 1318791: max diff=0.000000, 5174.41 sec so far
Iteration 1320066: max diff=0.000000, 5179.41 sec so far
Iteration 1321332: max diff=0.000000, 5184.42 sec so far
Iteration 1322591: max diff=0.000000, 5189.42 sec so far
Iteration 1323720: max diff=0.000000, 5194.42 sec so far
Iteration 1324781: max diff=0.000000, 5199.43 sec so far
Iteration 1325830: max diff=0.000000, 5204.43 sec so far
Iteration 1327050: max diff=0.000000, 5209.44 sec so far
Iteration 1328294: max diff=0.000000, 5214.44 sec so far
Iteration 1329540: max diff=0.000000, 5219.44 sec so far
Iteration 1330777: max diff=0.000000, 5224.45 sec so far
Iteration 1332015: max diff=0.000000, 5229.45 sec so far
Iteration 1333244: max diff=0.000000, 5234.46 sec so far
Iteration 1334453: max diff=0.000000, 5239.46 sec so far
Iteration 1335663: max diff=0.000000, 5244.46 sec so far
Iteration 1336894: max diff=0.000000, 5249.47 sec so far
Iteration 1338155: max diff=0.000000, 5254.48 sec so far
Iteration 1339401: max diff=0.000000, 5259.48 sec so far
Iteration 1340660: max diff=0.000000, 5264.48 sec so far
Iteration 1341909: max diff=0.000000, 5269.49 sec so far
Iteration 1343163: max diff=0.000000, 5274.49 sec so far
Iteration 1344409: max diff=0.000000, 5279.50 sec so far
Iteration 1345660: max diff=0.000000, 5284.50 sec so far
Iteration 1346904: max diff=0.000000, 5289.51 sec so far
Iteration 1348147: max diff=0.000000, 5294.51 sec so far
Iteration 1349386: max diff=0.000000, 5299.52 sec so far
Iteration 1350619: max diff=0.000000, 5304.52 sec so far
Iteration 1351859: max diff=0.000000, 5309.52 sec so far
Iteration 1353097: max diff=0.000000, 5314.53 sec so far
Iteration 1354338: max diff=0.000000, 5319.53 sec so far
Iteration 1355585: max diff=0.000000, 5324.54 sec so far
Iteration 1356816: max diff=0.000000, 5329.54 sec so far
Iteration 1358059: max diff=0.000000, 5334.54 sec so far
Iteration 1359301: max diff=0.000000, 5339.55 sec so far
Iteration 1360525: max diff=0.000000, 5344.55 sec so far
Iteration 1361733: max diff=0.000000, 5349.56 sec so far
Iteration 1362944: max diff=0.000000, 5354.56 sec so far
Iteration 1364186: max diff=0.000000, 5359.56 sec so far
Iteration 1365434: max diff=0.000000, 5364.57 sec so far
Iteration 1366671: max diff=0.000000, 5369.58 sec so far
Iteration 1367911: max diff=0.000000, 5374.58 sec so far
Iteration 1369156: max diff=0.000000, 5379.59 sec so far
Iteration 1370395: max diff=0.000000, 5384.60 sec so far
Iteration 1371632: max diff=0.000000, 5389.60 sec so far
Iteration 1372872: max diff=0.000000, 5394.60 sec so far
Iteration 1374112: max diff=0.000000, 5399.61 sec so far
Iteration 1375358: max diff=0.000000, 5404.61 sec so far
Iteration 1376603: max diff=0.000000, 5409.62 sec so far
Iteration 1377846: max diff=0.000000, 5414.62 sec so far
Iteration 1379085: max diff=0.000000, 5419.62 sec so far
Iteration 1380324: max diff=0.000000, 5424.63 sec so far
Iteration 1381564: max diff=0.000000, 5429.63 sec so far
Iteration 1382807: max diff=0.000000, 5434.64 sec so far
Iteration 1384058: max diff=0.000000, 5439.64 sec so far
Iteration 1385302: max diff=0.000000, 5444.64 sec so far
Iteration 1386547: max diff=0.000000, 5449.65 sec so far
Iteration 1387804: max diff=0.000000, 5454.66 sec so far
Iteration 1389016: max diff=0.000000, 5459.66 sec so far
Iteration 1390302: max diff=0.000000, 5464.66 sec so far
Iteration 1391576: max diff=0.000000, 5469.67 sec so far
Iteration 1392901: max diff=0.000000, 5474.67 sec so far
Iteration 1394247: max diff=0.000000, 5479.68 sec so far
Iteration 1395544: max diff=0.000000, 5484.68 sec so far
Iteration 1396861: max diff=0.000000, 5489.68 sec so far
Iteration 1398144: max diff=0.000000, 5494.69 sec so far
Iteration 1399388: max diff=0.000000, 5499.69 sec so far
Iteration 1400726: max diff=0.000000, 5504.70 sec so far
Iteration 1402071: max diff=0.000000, 5509.70 sec so far
Iteration 1403350: max diff=0.000000, 5514.70 sec so far
Iteration 1404644: max diff=0.000000, 5519.71 sec so far
Iteration 1405960: max diff=0.000000, 5524.71 sec so far
Iteration 1407210: max diff=0.000000, 5529.72 sec so far
Iteration 1408524: max diff=0.000000, 5534.72 sec so far
Iteration 1409738: max diff=0.000000, 5539.72 sec so far
Iteration 1411042: max diff=0.000000, 5544.73 sec so far
Iteration 1412348: max diff=0.000000, 5549.74 sec so far
Iteration 1413660: max diff=0.000000, 5554.74 sec so far
Iteration 1414940: max diff=0.000000, 5559.74 sec so far
Iteration 1416282: max diff=0.000000, 5564.75 sec so far
Iteration 1417552: max diff=0.000000, 5569.75 sec so far
Iteration 1418784: max diff=0.000000, 5574.76 sec so far
Iteration 1420101: max diff=0.000000, 5579.76 sec so far
Iteration 1421440: max diff=0.000000, 5584.77 sec so far
Iteration 1422728: max diff=0.000000, 5589.77 sec so far
Iteration 1424002: max diff=0.000000, 5594.78 sec so far
Iteration 1425368: max diff=0.000000, 5599.78 sec so far
Iteration 1426606: max diff=0.000000, 5604.78 sec so far
Iteration 1427949: max diff=0.000000, 5609.79 sec so far
Iteration 1429220: max diff=0.000000, 5614.79 sec so far
Iteration 1430518: max diff=0.000000, 5619.80 sec so far
Iteration 1431819: max diff=0.000000, 5624.80 sec so far
Iteration 1433139: max diff=0.000000, 5629.80 sec so far
Iteration 1434428: max diff=0.000000, 5634.81 sec so far
Iteration 1435660: max diff=0.000000, 5639.81 sec so far
Iteration 1436963: max diff=0.000000, 5644.82 sec so far
Iteration 1438238: max diff=0.000000, 5649.82 sec so far
Iteration 1439600: max diff=0.000000, 5654.82 sec so far
Iteration 1440917: max diff=0.000000, 5659.83 sec so far
Iteration 1442179: max diff=0.000000, 5664.83 sec so far
Iteration 1443494: max diff=0.000000, 5669.84 sec so far
Iteration 1444824: max diff=0.000000, 5674.84 sec so far
Iteration 1446113: max diff=0.000000, 5679.84 sec so far
Iteration 1447363: max diff=0.000000, 5684.85 sec so far
Iteration 1448663: max diff=0.000000, 5689.85 sec so far
Iteration 1450025: max diff=0.000000, 5694.86 sec so far
Iteration 1451336: max diff=0.000000, 5699.86 sec so far
Iteration 1452622: max diff=0.000000, 5704.86 sec so far
Iteration 1453954: max diff=0.000000, 5709.87 sec so far
Iteration 1455270: max diff=0.000000, 5714.87 sec so far
Iteration 1456599: max diff=0.000000, 5719.88 sec so far
Iteration 1457870: max diff=0.000000, 5724.88 sec so far
Iteration 1459118: max diff=0.000000, 5729.88 sec so far
Iteration 1460469: max diff=0.000000, 5734.89 sec so far
Iteration 1461821: max diff=0.000000, 5739.89 sec so far
Iteration 1463124: max diff=0.000000, 5744.90 sec so far
Iteration 1464415: max diff=0.000000, 5749.90 sec so far
Iteration 1465768: max diff=0.000000, 5754.90 sec so far
Iteration 1467060: max diff=0.000000, 5759.91 sec so far
Iteration 1468386: max diff=0.000000, 5764.91 sec so far
Iteration 1469706: max diff=0.000000, 5769.92 sec so far
Iteration 1471050: max diff=0.000000, 5774.92 sec so far
Iteration 1472285: max diff=0.000000, 5779.92 sec so far
Iteration 1473568: max diff=0.000000, 5784.93 sec so far
Iteration 1474891: max diff=0.000000, 5789.93 sec so far
Iteration 1476187: max diff=0.000000, 5794.94 sec so far
Iteration 1477508: max diff=0.000000, 5799.94 sec so far
Iteration 1478835: max diff=0.000000, 5804.94 sec so far
Iteration 1480147: max diff=0.000000, 5809.95 sec so far
Iteration 1481423: max diff=0.000000, 5814.95 sec so far
Iteration 1482672: max diff=0.000000, 5819.96 sec so far
Iteration 1483916: max diff=0.000000, 5824.96 sec so far
Iteration 1485267: max diff=0.000000, 5829.96 sec so far
Iteration 1486562: max diff=0.000000, 5834.97 sec so far
Iteration 1487895: max diff=0.000000, 5839.97 sec so far
Iteration 1489198: max diff=0.000000, 5844.98 sec so far
Iteration 1490517: max diff=0.000000, 5849.98 sec so far
Iteration 1491853: max diff=0.000000, 5854.98 sec so far
Iteration 1493191: max diff=0.000000, 5859.99 sec so far
Iteration 1494513: max diff=0.000000, 5865.00 sec so far
Iteration 1495764: max diff=0.000000, 5870.00 sec so far
Iteration 1497067: max diff=0.000000, 5875.00 sec so far
Iteration 1498372: max diff=0.000000, 5880.01 sec so far
Iteration 1499621: max diff=0.000000, 5885.01 sec so far
Iteration 1500933: max diff=0.000000, 5890.02 sec so far
Iteration 1502276: max diff=0.000000, 5895.02 sec so far
Iteration 1503547: max diff=0.000000, 5900.02 sec so far
Iteration 1504851: max diff=0.000000, 5905.03 sec so far
Iteration 1506110: max diff=0.000000, 5910.03 sec so far
Iteration 1507409: max diff=0.000000, 5915.04 sec so far
Iteration 1508682: max diff=0.000000, 5920.04 sec so far
Iteration 1510032: max diff=0.000000, 5925.04 sec so far
Iteration 1511349: max diff=0.000000, 5930.05 sec so far
Iteration 1512657: max diff=0.000000, 5935.05 sec so far
Iteration 1513969: max diff=0.000000, 5940.06 sec so far
Iteration 1515198: max diff=0.000000, 5945.06 sec so far
Iteration 1516536: max diff=0.000000, 5950.06 sec so far
Iteration 1517838: max diff=0.000000, 5955.07 sec so far
Iteration 1519138: max diff=0.000000, 5960.07 sec so far
Iteration 1520450: max diff=0.000000, 5965.08 sec so far
Iteration 1521717: max diff=0.000000, 5970.08 sec so far
Iteration 1523053: max diff=0.000000, 5975.09 sec so far
Iteration 1524389: max diff=0.000000, 5980.09 sec so far
Iteration 1525661: max diff=0.000000, 5985.10 sec so far
Iteration 1526995: max diff=0.000000, 5990.10 sec so far
Iteration 1528344: max diff=0.000000, 5995.10 sec so far
Iteration 1529627: max diff=0.000000, 6000.11 sec so far
Iteration 1530955: max diff=0.000000, 6005.11 sec so far
Iteration 1532287: max diff=0.000000, 6010.12 sec so far
Iteration 1533552: max diff=0.000000, 6015.12 sec so far
Iteration 1534785: max diff=0.000000, 6020.13 sec so far
Iteration 1536126: max diff=0.000000, 6025.13 sec so far
Iteration 1537464: max diff=0.000000, 6030.14 sec so far
Iteration 1538791: max diff=0.000000, 6035.14 sec so far
Iteration 1540092: max diff=0.000000, 6040.14 sec so far
Iteration 1541370: max diff=0.000000, 6045.15 sec so far
Iteration 1542638: max diff=0.000000, 6050.15 sec so far
Iteration 1543883: max diff=0.000000, 6055.16 sec so far
Iteration 1545242: max diff=0.000000, 6060.16 sec so far
Iteration 1546587: max diff=0.000000, 6065.16 sec so far
Iteration 1547950: max diff=0.000000, 6070.17 sec so far
Iteration 1549318: max diff=0.000000, 6075.17 sec so far
Iteration 1550685: max diff=0.000000, 6080.18 sec so far
Iteration 1552055: max diff=0.000000, 6085.18 sec so far
Iteration 1553430: max diff=0.000000, 6090.18 sec so far
Iteration 1554803: max diff=0.000000, 6095.19 sec so far
Iteration 1556169: max diff=0.000000, 6100.19 sec so far
Iteration 1557545: max diff=0.000000, 6105.20 sec so far
Iteration 1558920: max diff=0.000000, 6110.20 sec so far
Iteration 1560297: max diff=0.000000, 6115.20 sec so far
Iteration 1561666: max diff=0.000000, 6120.21 sec so far
Iteration 1563040: max diff=0.000000, 6125.21 sec so far
Iteration 1564417: max diff=0.000000, 6130.22 sec so far
Iteration 1565787: max diff=0.000000, 6135.22 sec so far
Iteration 1567159: max diff=0.000000, 6140.22 sec so far
Iteration 1568527: max diff=0.000000, 6145.23 sec so far
Iteration 1569904: max diff=0.000000, 6150.23 sec so far
Iteration 1571282: max diff=0.000000, 6155.24 sec so far
Iteration 1572657: max diff=0.000000, 6160.24 sec so far
Iteration 1574031: max diff=0.000000, 6165.24 sec so far
Iteration 1575405: max diff=0.000000, 6170.25 sec so far
Iteration 1576778: max diff=0.000000, 6175.25 sec so far
Iteration 1578153: max diff=0.000000, 6180.26 sec so far
Iteration 1579525: max diff=0.000000, 6185.26 sec so far
Iteration 1580891: max diff=0.000000, 6190.26 sec so far
Iteration 1582262: max diff=0.000000, 6195.27 sec so far
Iteration 1583639: max diff=0.000000, 6200.27 sec so far
Iteration 1585012: max diff=0.000000, 6205.28 sec so far
Iteration 1586388: max diff=0.000000, 6210.28 sec so far
Iteration 1587761: max diff=0.000000, 6215.28 sec so far
Iteration 1589135: max diff=0.000000, 6220.29 sec so far
Iteration 1590509: max diff=0.000000, 6225.29 sec so far
Iteration 1591888: max diff=0.000000, 6230.30 sec so far
Iteration 1593259: max diff=0.000000, 6235.30 sec so far
Iteration 1594631: max diff=0.000000, 6240.30 sec so far
Iteration 1596002: max diff=0.000000, 6245.31 sec so far
Iteration 1597375: max diff=0.000000, 6250.31 sec so far
Iteration 1598747: max diff=0.000000, 6255.32 sec so far
Iteration 1600121: max diff=0.000000, 6260.32 sec so far
Iteration 1601499: max diff=0.000000, 6265.32 sec so far
Iteration 1602872: max diff=0.000000, 6270.33 sec so far
Iteration 1604244: max diff=0.000000, 6275.33 sec so far
Iteration 1605615: max diff=0.000000, 6280.34 sec so far
Iteration 1606987: max diff=0.000000, 6285.34 sec so far
Iteration 1608361: max diff=0.000000, 6290.34 sec so far
Iteration 1609736: max diff=0.000000, 6295.35 sec so far
Iteration 1611109: max diff=0.000000, 6300.35 sec so far
Iteration 1612485: max diff=0.000000, 6305.36 sec so far
Iteration 1613855: max diff=0.000000, 6310.36 sec so far
Iteration 1615229: max diff=0.000000, 6315.36 sec so far
Iteration 1616598: max diff=0.000000, 6320.37 sec so far
Iteration 1617972: max diff=0.000000, 6325.37 sec so far
Iteration 1619360: max diff=0.000000, 6330.38 sec so far
Iteration 1620732: max diff=0.000000, 6335.38 sec so far
Iteration 1622106: max diff=0.000000, 6340.38 sec so far
Iteration 1623480: max diff=0.000000, 6345.39 sec so far
Iteration 1624847: max diff=0.000000, 6350.39 sec so far
Iteration 1626220: max diff=0.000000, 6355.40 sec so far
Iteration 1627594: max diff=0.000000, 6360.40 sec so far
Iteration 1628966: max diff=0.000000, 6365.40 sec so far
Iteration 1630343: max diff=0.000000, 6370.41 sec so far
Iteration 1631721: max diff=0.000000, 6375.41 sec so far
Iteration 1633091: max diff=0.000000, 6380.42 sec so far
Iteration 1634462: max diff=0.000000, 6385.42 sec so far
Iteration 1635839: max diff=0.000000, 6390.42 sec so far
Iteration 1637216: max diff=0.000000, 6395.43 sec so far
Iteration 1638588: max diff=0.000000, 6400.43 sec so far
Iteration 1639962: max diff=0.000000, 6405.44 sec so far
Iteration 1641338: max diff=0.000000, 6410.44 sec so far
Iteration 1642710: max diff=0.000000, 6415.44 sec so far
Iteration 1644089: max diff=0.000000, 6420.45 sec so far
Iteration 1645460: max diff=0.000000, 6425.45 sec so far
Iteration 1646832: max diff=0.000000, 6430.46 sec so far
Iteration 1648209: max diff=0.000000, 6435.46 sec so far
Iteration 1649590: max diff=0.000000, 6440.46 sec so far
Iteration 1650963: max diff=0.000000, 6445.47 sec so far
Iteration 1652338: max diff=0.000000, 6450.47 sec so far
Iteration 1653713: max diff=0.000000, 6455.48 sec so far
Iteration 1655092: max diff=0.000000, 6460.48 sec so far
Iteration 1656469: max diff=0.000000, 6465.48 sec so far
Iteration 1657845: max diff=0.000000, 6470.49 sec so far
Iteration 1659223: max diff=0.000000, 6475.49 sec so far
Iteration 1660605: max diff=0.000000, 6480.50 sec so far
Iteration 1661985: max diff=0.000000, 6485.50 sec so far
Iteration 1663364: max diff=0.000000, 6490.50 sec so far
Iteration 1664746: max diff=0.000000, 6495.51 sec so far
Iteration 1666127: max diff=0.000000, 6500.51 sec so far
Iteration 1667508: max diff=0.000000, 6505.52 sec so far
Iteration 1668885: max diff=0.000000, 6510.52 sec so far
Iteration 1670264: max diff=0.000000, 6515.52 sec so far
Iteration 1671644: max diff=0.000000, 6520.53 sec so far
Iteration 1673019: max diff=0.000000, 6525.53 sec so far
Iteration 1674399: max diff=0.000000, 6530.54 sec so far
Iteration 1675781: max diff=0.000000, 6535.54 sec so far
Iteration 1677162: max diff=0.000000, 6540.54 sec so far
Iteration 1678539: max diff=0.000000, 6545.55 sec so far
Iteration 1679916: max diff=0.000000, 6550.55 sec so far
Iteration 1681309: max diff=0.000000, 6555.56 sec so far
Iteration 1682699: max diff=0.000000, 6560.56 sec so far
Iteration 1684090: max diff=0.000000, 6565.56 sec so far
Iteration 1685484: max diff=0.000000, 6570.57 sec so far
Iteration 1686880: max diff=0.000000, 6575.57 sec so far
Iteration 1688271: max diff=0.000000, 6580.58 sec so far
Iteration 1689642: max diff=0.000000, 6585.58 sec so far
Iteration 1690979: max diff=0.000000, 6590.58 sec so far
Iteration 1692328: max diff=0.000000, 6595.59 sec so far
Iteration 1693699: max diff=0.000000, 6600.59 sec so far
Iteration 1695069: max diff=0.000000, 6605.60 sec so far
Iteration 1696431: max diff=0.000000, 6610.60 sec so far
Iteration 1697804: max diff=0.000000, 6615.60 sec so far
Iteration 1699173: max diff=0.000000, 6620.61 sec so far
Iteration 1700544: max diff=0.000000, 6625.61 sec so far
Iteration 1701918: max diff=0.000000, 6630.62 sec so far
Iteration 1703288: max diff=0.000000, 6635.62 sec so far
Iteration 1704664: max diff=0.000000, 6640.62 sec so far
Iteration 1706034: max diff=0.000000, 6645.63 sec so far
Iteration 1707410: max diff=0.000000, 6650.63 sec so far
Iteration 1708783: max diff=0.000000, 6655.64 sec so far
Iteration 1710156: max diff=0.000000, 6660.64 sec so far
Iteration 1711530: max diff=0.000000, 6665.64 sec so far
Iteration 1712907: max diff=0.000000, 6670.65 sec so far
Iteration 1714286: max diff=0.000000, 6675.65 sec so far
Iteration 1715671: max diff=0.000000, 6680.66 sec so far
Iteration 1717053: max diff=0.000000, 6685.66 sec so far
Iteration 1718425: max diff=0.000000, 6690.66 sec so far
Iteration 1719808: max diff=0.000000, 6695.67 sec so far
Iteration 1721178: max diff=0.000000, 6700.67 sec so far
Iteration 1722547: max diff=0.000000, 6705.68 sec so far
Iteration 1723940: max diff=0.000000, 6710.68 sec so far
Iteration 1725333: max diff=0.000000, 6715.68 sec so far
Iteration 1726726: max diff=0.000000, 6720.69 sec so far

Power method: 1726903 iterations in 6721.33 seconds (average 0.003892, setup 0.01)

Printing steady-state probabilities in plain text format to file "../../CZK_project/Output/t=0.1_median_constant/hybrid/ph_10_35000_1E-10"...

Time for steady-state probability computation: 6758.858 seconds.

