PRISM
=====

Version: 4.4
Date: Thu Jun 14 04:59:49 EDT 2018
Hostname: storm-eval
Memory limits: cudd=1g, java(heap)=910.5m
Command line: prism -hybrid -epsilon 1E-10 -maxiters 100000000 -power -absolute -const 'k=8,timeout=0.1,lambda=6.93147180559945309400' ../../CZK_project/Model/queue_withptf_ctmc.sm -ss -exportss ../../CZK_project/Output/t=0.1_median_constant/hybrid/ph_10_8_1E-10

Parsing model file "../../CZK_project/Model/queue_withptf_ctmc.sm"...

Type:        CTMC
Modules:     main trigger 
Variables:   qSize i 

---------------------------------------------------------------------

Computing steady-state probabilities...

Building model...
Model constants: k=8,timeout=0.1,lambda=6.9314718056

Computing reachable states...

Reachability (BFS): 88 iterations in 0.00 seconds (average 0.000000, setup 0.00)

Time for model construction: 0.027 seconds.

Type:        CTMC
States:      88 (1 initial)
Transitions: 168

Rate matrix: 66 nodes (3 terminal), 168 minterms, vars: 8r/8c

SCCs: 1, BSCCs: 1, non-BSCC states: 0
BSCC sizes: 1:88

Initial states all in one BSCC (so no reachability probabilities computed)

Computing probabilities...
Engine: Hybrid

Building power method iteration matrix MTBDD... [nodes=84] [1.6 Kb]
Building hybrid MTBDD matrix... [levels=8, nodes=91] [4.3 KB]
Adding explicit sparse matrices... [levels=8, num=1, compact] [1.1 KB]
Allocating iteration vectors... [2 x 0.7 KB]
TOTAL: [6.8 KB]

Starting iterations...

Power method: 1398 iterations in 0.00 seconds (average 0.000000, setup 0.00)

Printing steady-state probabilities in plain text format to file "../../CZK_project/Output/t=0.1_median_constant/hybrid/ph_10_8_1E-10"...

Time for steady-state probability computation: 0.009 seconds.

