PRISM
=====

Version: 4.4
Date: Thu Jun 14 05:02:36 EDT 2018
Hostname: storm-eval
Memory limits: cudd=1g, java(heap)=910.5m
Command line: prism -hybrid -epsilon 1E-10 -maxiters 100000000 -power -absolute -const 'k=4000,timeout=0.1,lambda=6.93147180559945309400' ../../CZK_project/Model/queue_withptf_ctmc.sm -ss -exportss ../../CZK_project/Output/t=0.1_median_constant/hybrid/ph_10_4000_1E-10

Parsing model file "../../CZK_project/Model/queue_withptf_ctmc.sm"...

Type:        CTMC
Modules:     main trigger 
Variables:   qSize i 

---------------------------------------------------------------------

Computing steady-state probabilities...

Building model...
Model constants: k=4000,timeout=0.1,lambda=6.9314718056

Computing reachable states...

Reachability (BFS): 44000 iterations in 0.89 seconds (average 0.000020, setup 0.00)

Time for model construction: 1.561 seconds.

Type:        CTMC
States:      44000 (1 initial)
Transitions: 84000

Rate matrix: 164 nodes (3 terminal), 84000 minterms, vars: 16r/16c

SCCs: 1, BSCCs: 1, non-BSCC states: 0
BSCC sizes: 1:44000

Initial states all in one BSCC (so no reachability probabilities computed)

Computing probabilities...
Engine: Hybrid

Building power method iteration matrix MTBDD... [nodes=219] [4.3 Kb]
Building hybrid MTBDD matrix... [levels=16, nodes=249] [11.7 KB]
Adding explicit sparse matrices... [levels=16, num=1, compact] [543.0 KB]
Allocating iteration vectors... [2 x 343.8 KB]
TOTAL: [1.2 MB]

Starting iterations...
Iteration 13695: max diff=0.000000, 5.00 sec so far
Iteration 27335: max diff=0.000000, 10.01 sec so far
Iteration 40997: max diff=0.000000, 15.01 sec so far
Iteration 54623: max diff=0.000000, 20.02 sec so far
Iteration 68315: max diff=0.000000, 25.02 sec so far
Iteration 81985: max diff=0.000000, 30.02 sec so far
Iteration 95610: max diff=0.000000, 35.03 sec so far
Iteration 109101: max diff=0.000000, 40.03 sec so far
Iteration 122453: max diff=0.000000, 45.04 sec so far
Iteration 136063: max diff=0.000000, 50.04 sec so far
Iteration 149778: max diff=0.000000, 55.04 sec so far
Iteration 163368: max diff=0.000000, 60.05 sec so far
Iteration 177021: max diff=0.000000, 65.05 sec so far
Iteration 190597: max diff=0.000000, 70.06 sec so far
Iteration 204196: max diff=0.000000, 75.06 sec so far
Iteration 217809: max diff=0.000000, 80.06 sec so far
Iteration 231395: max diff=0.000000, 85.07 sec so far
Iteration 244794: max diff=0.000000, 90.07 sec so far
Iteration 258420: max diff=0.000000, 95.08 sec so far
Iteration 272027: max diff=0.000000, 100.08 sec so far
Iteration 285635: max diff=0.000000, 105.08 sec so far
Iteration 299255: max diff=0.000000, 110.09 sec so far

Power method: 310795 iterations in 114.33 seconds (average 0.000368, setup 0.01)

Printing steady-state probabilities in plain text format to file "../../CZK_project/Output/t=0.1_median_constant/hybrid/ph_10_4000_1E-10"...

Time for steady-state probability computation: 116.072 seconds.

