PRISM
=====

Version: 4.4.GSMP
Date: Thu May 31 16:42:12 CEST 2018
Hostname: thomas
Memory limits: cudd=1g, java(heap)=910.5m
Command line: prism -explicit -epsilon 3.57143e-09 -maxiters 100000000 -power -absolute -const 'k=2800,timeout=0.1,lambda=6.93147180559945309400' ../../../../CZK_project/Model/queue_withptf_gsmp.sm -ss -exportss ../../../../CZK_project/Output/t=0.1_median_dynamic/explicit/ph_10_2800_1E-5

Parsing model file "../../../../CZK_project/Model/queue_withptf_gsmp.sm"...

Type:        GSMP
Modules:     main trigger 
Variables:   qSize i 

---------------------------------------------------------------------

Computing steady-state probabilities...

Building model...
Model constants: k=2800,timeout=0.1,lambda=6.9314718056

Computing reachable states... 30800 states
Reachable states exploration and model construction done in 0.408 secs.
Sorting reachable states list...

Time for model construction: 0.488 seconds.

Type:        GSMP
States:      30800 (1 initial)
Transitions: 58800
The model was recognized to be an ACTMC, so ACTMC method will be used!
