PRISM
=====

Version: 4.4
Date: Thu Jul 12 00:57:14 EDT 2018
Hostname: storm-eval
Memory limits: cudd=1g, java(heap)=910.5m
Command line: prism -hybrid -epsilon 1e-13 -maxiters 100000000 -power -absolute -const k=1000 ../../CZK_project/Model/benchmark/devel/firstRejuvenation/firstRejuvenation_CTMC.pm -ss -exportss ../../CZK_project/Output/firstRejuvenation_1E-10_dynamic/hybrid/ph_1000_1E-10

Parsing model file "../../CZK_project/Model/benchmark/devel/firstRejuvenation/firstRejuvenation_CTMC.pm"...

Type:        CTMC
Modules:     firstRejuvenation trigger 
Variables:   status avail maintenance i 

---------------------------------------------------------------------

Computing steady-state probabilities...

Building model...
Model constants: k=1000

Computing reachable states...

Reachability (BFS): 2001 iterations in 0.05 seconds (average 0.000024, setup 0.00)

Time for model construction: 0.138 seconds.

Type:        CTMC
States:      5000 (1 initial)
Transitions: 7000

Rate matrix: 337 nodes (7 terminal), 7000 minterms, vars: 14r/14c

SCCs: 1, BSCCs: 1, non-BSCC states: 0
BSCC sizes: 1:5000

Initial states all in one BSCC (so no reachability probabilities computed)

Computing probabilities...
Engine: Hybrid

Building power method iteration matrix MTBDD... [nodes=396] [7.7 Kb]
Building hybrid MTBDD matrix... [levels=14, nodes=456] [21.4 KB]
Adding explicit sparse matrices... [levels=14, num=1, compact] [66.5 KB]
Allocating iteration vectors... [2 x 39.1 KB]
TOTAL: [166.0 KB]

Starting iterations...
Iteration 151721: max diff=0.000001, 5.00 sec so far
Iteration 302403: max diff=0.000000, 10.01 sec so far
Iteration 452971: max diff=0.000000, 15.01 sec so far
Iteration 603754: max diff=0.000000, 20.02 sec so far
Iteration 754270: max diff=0.000000, 25.02 sec so far
Iteration 904845: max diff=0.000000, 30.02 sec so far
Iteration 1054720: max diff=0.000000, 35.03 sec so far
Iteration 1204635: max diff=0.000000, 40.03 sec so far
Iteration 1354158: max diff=0.000000, 45.04 sec so far
Iteration 1504867: max diff=0.000000, 50.04 sec so far
Iteration 1655008: max diff=0.000000, 55.04 sec so far
Iteration 1806501: max diff=0.000000, 60.05 sec so far
Iteration 1953379: max diff=0.000000, 65.05 sec so far
Iteration 2104609: max diff=0.000000, 70.06 sec so far
Iteration 2254980: max diff=0.000000, 75.06 sec so far
Iteration 2404906: max diff=0.000000, 80.06 sec so far
Iteration 2555437: max diff=0.000000, 85.07 sec so far
Iteration 2707438: max diff=0.000000, 90.07 sec so far
Iteration 2857753: max diff=0.000000, 95.08 sec so far
Iteration 3008350: max diff=0.000000, 100.08 sec so far
Iteration 3159146: max diff=0.000000, 105.08 sec so far
Iteration 3309621: max diff=0.000000, 110.09 sec so far
Iteration 3460608: max diff=0.000000, 115.09 sec so far
Iteration 3611594: max diff=0.000000, 120.10 sec so far
Iteration 3762572: max diff=0.000000, 125.10 sec so far
Iteration 3913246: max diff=0.000000, 130.10 sec so far
Iteration 4063862: max diff=0.000000, 135.11 sec so far
Iteration 4215128: max diff=0.000000, 140.11 sec so far
Iteration 4365938: max diff=0.000000, 145.12 sec so far
Iteration 4516370: max diff=0.000000, 150.12 sec so far
Iteration 4666673: max diff=0.000000, 155.12 sec so far
Iteration 4817050: max diff=0.000000, 160.13 sec so far
Iteration 4967174: max diff=0.000000, 165.13 sec so far
Iteration 5119139: max diff=0.000000, 170.14 sec so far
Iteration 5270289: max diff=0.000000, 175.14 sec so far
Iteration 5422119: max diff=0.000000, 180.14 sec so far
Iteration 5572586: max diff=0.000000, 185.15 sec so far
Iteration 5724401: max diff=0.000000, 190.15 sec so far
Iteration 5876381: max diff=0.000000, 195.16 sec so far
Iteration 6028186: max diff=0.000000, 200.16 sec so far
Iteration 6178591: max diff=0.000000, 205.16 sec so far
Iteration 6325111: max diff=0.000000, 210.17 sec so far
Iteration 6475947: max diff=0.000000, 215.17 sec so far
Iteration 6628050: max diff=0.000000, 220.18 sec so far
Iteration 6779042: max diff=0.000000, 225.18 sec so far
Iteration 6929763: max diff=0.000000, 230.18 sec so far
Iteration 7080105: max diff=0.000000, 235.19 sec so far
Iteration 7230509: max diff=0.000000, 240.19 sec so far
Iteration 7381902: max diff=0.000000, 245.20 sec so far
Iteration 7533821: max diff=0.000000, 250.20 sec so far
Iteration 7684539: max diff=0.000000, 255.20 sec so far
Iteration 7835700: max diff=0.000000, 260.21 sec so far
Iteration 7986316: max diff=0.000000, 265.21 sec so far
Iteration 8135676: max diff=0.000000, 270.22 sec so far
Iteration 8285591: max diff=0.000000, 275.22 sec so far
Iteration 8435098: max diff=0.000000, 280.22 sec so far
Iteration 8585575: max diff=0.000000, 285.23 sec so far
Iteration 8735838: max diff=0.000000, 290.23 sec so far
Iteration 8886917: max diff=0.000000, 295.24 sec so far
Iteration 9036162: max diff=0.000000, 300.24 sec so far
Iteration 9186283: max diff=0.000000, 305.24 sec so far
Iteration 9334072: max diff=0.000000, 310.25 sec so far
Iteration 9485762: max diff=0.000000, 315.25 sec so far
Iteration 9637188: max diff=0.000000, 320.26 sec so far
Iteration 9787573: max diff=0.000000, 325.26 sec so far
Iteration 9939124: max diff=0.000000, 330.26 sec so far
Iteration 10091097: max diff=0.000000, 335.27 sec so far
Iteration 10241635: max diff=0.000000, 340.27 sec so far
Iteration 10392317: max diff=0.000000, 345.28 sec so far
Iteration 10543773: max diff=0.000000, 350.28 sec so far
Iteration 10694785: max diff=0.000000, 355.28 sec so far
Iteration 10846423: max diff=0.000000, 360.29 sec so far
Iteration 10996516: max diff=0.000000, 365.29 sec so far
Iteration 11147994: max diff=0.000000, 370.30 sec so far
Iteration 11298962: max diff=0.000000, 375.30 sec so far
Iteration 11449420: max diff=0.000000, 380.30 sec so far
Iteration 11600452: max diff=0.000000, 385.31 sec so far
Iteration 11751066: max diff=0.000000, 390.31 sec so far
Iteration 11901939: max diff=0.000000, 395.32 sec so far
Iteration 12051501: max diff=0.000000, 400.32 sec so far
Iteration 12202536: max diff=0.000000, 405.32 sec so far
Iteration 12352420: max diff=0.000000, 410.33 sec so far
Iteration 12505433: max diff=0.000000, 415.33 sec so far
Iteration 12655120: max diff=0.000000, 420.34 sec so far
Iteration 12806712: max diff=0.000000, 425.34 sec so far
Iteration 12958401: max diff=0.000000, 430.34 sec so far
Iteration 13108897: max diff=0.000000, 435.35 sec so far
Iteration 13259973: max diff=0.000000, 440.35 sec so far
Iteration 13410533: max diff=0.000000, 445.36 sec so far
Iteration 13561029: max diff=0.000000, 450.36 sec so far
Iteration 13711701: max diff=0.000000, 455.36 sec so far
Iteration 13862291: max diff=0.000000, 460.37 sec so far
Iteration 14012630: max diff=0.000000, 465.37 sec so far
Iteration 14161750: max diff=0.000000, 470.38 sec so far
Iteration 14313052: max diff=0.000000, 475.38 sec so far
Iteration 14463528: max diff=0.000000, 480.38 sec so far
Iteration 14614198: max diff=0.000000, 485.39 sec so far
Iteration 14764486: max diff=0.000000, 490.39 sec so far
Iteration 14910755: max diff=0.000000, 495.40 sec so far
Iteration 15061549: max diff=0.000000, 500.40 sec so far
Iteration 15212496: max diff=0.000000, 505.40 sec so far
Iteration 15363933: max diff=0.000000, 510.41 sec so far
Iteration 15514715: max diff=0.000000, 515.41 sec so far
Iteration 15665153: max diff=0.000000, 520.42 sec so far
Iteration 15815514: max diff=0.000000, 525.42 sec so far
Iteration 15967037: max diff=0.000000, 530.42 sec so far
Iteration 16116418: max diff=0.000000, 535.43 sec so far
Iteration 16266647: max diff=0.000000, 540.43 sec so far
Iteration 16416893: max diff=0.000000, 545.44 sec so far
Iteration 16567203: max diff=0.000000, 550.44 sec so far
Iteration 16717456: max diff=0.000000, 555.44 sec so far
Iteration 16867517: max diff=0.000000, 560.45 sec so far
Iteration 17017712: max diff=0.000000, 565.45 sec so far
Iteration 17168112: max diff=0.000000, 570.46 sec so far
Iteration 17317558: max diff=0.000000, 575.46 sec so far
Iteration 17467236: max diff=0.000000, 580.46 sec so far
Iteration 17617213: max diff=0.000000, 585.47 sec so far
Iteration 17767863: max diff=0.000000, 590.47 sec so far
Iteration 17918853: max diff=0.000000, 595.48 sec so far
Iteration 18069153: max diff=0.000000, 600.48 sec so far
Iteration 18220603: max diff=0.000000, 605.48 sec so far
Iteration 18370884: max diff=0.000000, 610.49 sec so far
Iteration 18522032: max diff=0.000000, 615.49 sec so far
Iteration 18672653: max diff=0.000000, 620.50 sec so far
Iteration 18824816: max diff=0.000000, 625.50 sec so far
Iteration 18975813: max diff=0.000000, 630.50 sec so far
Iteration 19126143: max diff=0.000000, 635.51 sec so far
Iteration 19276628: max diff=0.000000, 640.51 sec so far
Iteration 19427578: max diff=0.000000, 645.52 sec so far
Iteration 19577879: max diff=0.000000, 650.52 sec so far
Iteration 19729704: max diff=0.000000, 655.52 sec so far
Iteration 19881845: max diff=0.000000, 660.53 sec so far
Iteration 20032758: max diff=0.000000, 665.53 sec so far
Iteration 20183982: max diff=0.000000, 670.54 sec so far
Iteration 20335309: max diff=0.000000, 675.54 sec so far
Iteration 20487947: max diff=0.000000, 680.54 sec so far
Iteration 20636614: max diff=0.000000, 685.55 sec so far
Iteration 20788200: max diff=0.000000, 690.55 sec so far
Iteration 20938691: max diff=0.000000, 695.56 sec so far
Iteration 21089929: max diff=0.000000, 700.56 sec so far
Iteration 21240633: max diff=0.000000, 705.56 sec so far
Iteration 21390296: max diff=0.000000, 710.57 sec so far
Iteration 21540836: max diff=0.000000, 715.57 sec so far
Iteration 21690682: max diff=0.000000, 720.58 sec so far
Iteration 21842633: max diff=0.000000, 725.58 sec so far
Iteration 21991093: max diff=0.000000, 730.58 sec so far
Iteration 22140293: max diff=0.000000, 735.59 sec so far
Iteration 22290255: max diff=0.000000, 740.59 sec so far
Iteration 22440749: max diff=0.000000, 745.60 sec so far
Iteration 22588686: max diff=0.000000, 750.60 sec so far
Iteration 22733950: max diff=0.000000, 755.60 sec so far
Iteration 22884333: max diff=0.000000, 760.61 sec so far
Iteration 23031796: max diff=0.000000, 765.61 sec so far
Iteration 23183158: max diff=0.000000, 770.62 sec so far
Iteration 23334459: max diff=0.000000, 775.62 sec so far
Iteration 23486273: max diff=0.000000, 780.62 sec so far
Iteration 23637420: max diff=0.000000, 785.63 sec so far
Iteration 23788735: max diff=0.000000, 790.63 sec so far
Iteration 23939311: max diff=0.000000, 795.64 sec so far
Iteration 24090006: max diff=0.000000, 800.64 sec so far
Iteration 24240273: max diff=0.000000, 805.64 sec so far
Iteration 24391190: max diff=0.000000, 810.65 sec so far
Iteration 24541687: max diff=0.000000, 815.65 sec so far
Iteration 24693626: max diff=0.000000, 820.66 sec so far
Iteration 24843494: max diff=0.000000, 825.66 sec so far
Iteration 24994908: max diff=0.000000, 830.66 sec so far
Iteration 25146361: max diff=0.000000, 835.67 sec so far
Iteration 25297637: max diff=0.000000, 840.67 sec so far
Iteration 25448428: max diff=0.000000, 845.68 sec so far
Iteration 25599153: max diff=0.000000, 850.68 sec so far
Iteration 25749796: max diff=0.000000, 855.68 sec so far
Iteration 25899954: max diff=0.000000, 860.69 sec so far
Iteration 26051193: max diff=0.000000, 865.69 sec so far
Iteration 26202332: max diff=0.000000, 870.70 sec so far
Iteration 26352895: max diff=0.000000, 875.70 sec so far
Iteration 26503704: max diff=0.000000, 880.70 sec so far
Iteration 26654771: max diff=0.000000, 885.71 sec so far
Iteration 26805920: max diff=0.000000, 890.71 sec so far
Iteration 26956724: max diff=0.000000, 895.72 sec so far
Iteration 27107379: max diff=0.000000, 900.72 sec so far
Iteration 27258988: max diff=0.000000, 905.72 sec so far
Iteration 27409453: max diff=0.000000, 910.73 sec so far
Iteration 27560136: max diff=0.000000, 915.73 sec so far
Iteration 27710962: max diff=0.000000, 920.74 sec so far
Iteration 27861587: max diff=0.000000, 925.74 sec so far
Iteration 28012016: max diff=0.000000, 930.74 sec so far
Iteration 28162589: max diff=0.000000, 935.75 sec so far
Iteration 28312836: max diff=0.000000, 940.75 sec so far
Iteration 28463918: max diff=0.000000, 945.76 sec so far
Iteration 28615420: max diff=0.000000, 950.76 sec so far
Iteration 28766232: max diff=0.000000, 955.76 sec so far
Iteration 28917595: max diff=0.000000, 960.77 sec so far
Iteration 29068253: max diff=0.000000, 965.77 sec so far
Iteration 29220035: max diff=0.000000, 970.78 sec so far
Iteration 29370967: max diff=0.000000, 975.78 sec so far
Iteration 29521182: max diff=0.000000, 980.78 sec so far
Iteration 29672518: max diff=0.000000, 985.79 sec so far
Iteration 29822561: max diff=0.000000, 990.79 sec so far
Iteration 29972772: max diff=0.000000, 995.80 sec so far
Iteration 30122461: max diff=0.000000, 1000.80 sec so far
Iteration 30272790: max diff=0.000000, 1005.80 sec so far
Iteration 30424383: max diff=0.000000, 1010.81 sec so far
Iteration 30575781: max diff=0.000000, 1015.81 sec so far
Iteration 30724269: max diff=0.000000, 1020.82 sec so far
Iteration 30875573: max diff=0.000000, 1025.82 sec so far
Iteration 31026192: max diff=0.000000, 1030.82 sec so far
Iteration 31174228: max diff=0.000000, 1035.83 sec so far
Iteration 31322978: max diff=0.000000, 1040.83 sec so far
Iteration 31469561: max diff=0.000000, 1045.84 sec so far
Iteration 31618980: max diff=0.000000, 1050.84 sec so far
Iteration 31768959: max diff=0.000000, 1055.84 sec so far
Iteration 31918018: max diff=0.000000, 1060.85 sec so far
Iteration 32068886: max diff=0.000000, 1065.85 sec so far
Iteration 32218806: max diff=0.000000, 1070.86 sec so far
Iteration 32368691: max diff=0.000000, 1075.86 sec so far
Iteration 32518302: max diff=0.000000, 1080.86 sec so far
Iteration 32665888: max diff=0.000000, 1085.87 sec so far
Iteration 32813889: max diff=0.000000, 1090.87 sec so far
Iteration 32963680: max diff=0.000000, 1095.88 sec so far
Iteration 33113239: max diff=0.000000, 1100.88 sec so far
Iteration 33263352: max diff=0.000000, 1105.88 sec so far
Iteration 33413564: max diff=0.000000, 1110.89 sec so far
Iteration 33562924: max diff=0.000000, 1115.89 sec so far
Iteration 33713414: max diff=0.000000, 1120.90 sec so far
Iteration 33862240: max diff=0.000000, 1125.90 sec so far
Iteration 34013006: max diff=0.000000, 1130.90 sec so far
Iteration 34163562: max diff=0.000000, 1135.91 sec so far
Iteration 34312463: max diff=0.000000, 1140.91 sec so far
Iteration 34464226: max diff=0.000000, 1145.92 sec so far
Iteration 34615170: max diff=0.000000, 1150.92 sec so far
Iteration 34765780: max diff=0.000000, 1155.92 sec so far
Iteration 34916263: max diff=0.000000, 1160.93 sec so far
Iteration 35066820: max diff=0.000000, 1165.93 sec so far
Iteration 35216705: max diff=0.000000, 1170.94 sec so far
Iteration 35368895: max diff=0.000000, 1175.94 sec so far
Iteration 35519270: max diff=0.000000, 1180.94 sec so far
Iteration 35669720: max diff=0.000000, 1185.95 sec so far
Iteration 35819634: max diff=0.000000, 1190.95 sec so far
Iteration 35967633: max diff=0.000000, 1195.96 sec so far
Iteration 36117881: max diff=0.000000, 1200.96 sec so far
Iteration 36267688: max diff=0.000000, 1205.96 sec so far
Iteration 36418431: max diff=0.000000, 1210.97 sec so far
Iteration 36569015: max diff=0.000000, 1215.97 sec so far
Iteration 36720375: max diff=0.000000, 1220.98 sec so far
Iteration 36870482: max diff=0.000000, 1225.98 sec so far
Iteration 37021277: max diff=0.000000, 1230.98 sec so far
Iteration 37171711: max diff=0.000000, 1235.99 sec so far
Iteration 37322859: max diff=0.000000, 1240.99 sec so far
Iteration 37470833: max diff=0.000000, 1246.00 sec so far
Iteration 37621590: max diff=0.000000, 1251.00 sec so far
Iteration 37771324: max diff=0.000000, 1256.00 sec so far
Iteration 37924327: max diff=0.000000, 1261.01 sec so far
Iteration 38074983: max diff=0.000000, 1266.01 sec so far
Iteration 38225127: max diff=0.000000, 1271.02 sec so far
Iteration 38375429: max diff=0.000000, 1276.02 sec so far
Iteration 38525151: max diff=0.000000, 1281.02 sec so far
Iteration 38675700: max diff=0.000000, 1286.03 sec so far
Iteration 38826188: max diff=0.000000, 1291.03 sec so far
Iteration 38977224: max diff=0.000000, 1296.04 sec so far
Iteration 39128124: max diff=0.000000, 1301.04 sec so far
Iteration 39279395: max diff=0.000000, 1306.04 sec so far
Iteration 39430264: max diff=0.000000, 1311.05 sec so far
Iteration 39581668: max diff=0.000000, 1316.05 sec so far
Iteration 39732446: max diff=0.000000, 1321.06 sec so far
Iteration 39883820: max diff=0.000000, 1326.06 sec so far
Iteration 40034382: max diff=0.000000, 1331.06 sec so far
Iteration 40185205: max diff=0.000000, 1336.07 sec so far
Iteration 40336522: max diff=0.000000, 1341.07 sec so far
Iteration 40487284: max diff=0.000000, 1346.08 sec so far
Iteration 40637700: max diff=0.000000, 1351.08 sec so far
Iteration 40788260: max diff=0.000000, 1356.08 sec so far
Iteration 40940126: max diff=0.000000, 1361.09 sec so far
Iteration 41091532: max diff=0.000000, 1366.09 sec so far
Iteration 41242664: max diff=0.000000, 1371.10 sec so far
Iteration 41390285: max diff=0.000000, 1376.10 sec so far
Iteration 41541543: max diff=0.000000, 1381.10 sec so far
Iteration 41691791: max diff=0.000000, 1386.11 sec so far
Iteration 41842342: max diff=0.000000, 1391.11 sec so far
Iteration 41992148: max diff=0.000000, 1396.12 sec so far
Iteration 42142384: max diff=0.000000, 1401.12 sec so far
Iteration 42293257: max diff=0.000000, 1406.12 sec so far
Iteration 42444007: max diff=0.000000, 1411.13 sec so far
Iteration 42595128: max diff=0.000000, 1416.13 sec so far
Iteration 42747000: max diff=0.000000, 1421.14 sec so far
Iteration 42898694: max diff=0.000000, 1426.14 sec so far
Iteration 43048505: max diff=0.000000, 1431.14 sec so far
Iteration 43197796: max diff=0.000000, 1436.15 sec so far
Iteration 43344888: max diff=0.000000, 1441.15 sec so far
Iteration 43493881: max diff=0.000000, 1446.16 sec so far
Iteration 43644960: max diff=0.000000, 1451.16 sec so far
Iteration 43796971: max diff=0.000000, 1456.16 sec so far
Iteration 43948161: max diff=0.000000, 1461.17 sec so far
Iteration 44099431: max diff=0.000000, 1466.17 sec so far
Iteration 44250889: max diff=0.000000, 1471.18 sec so far
Iteration 44401957: max diff=0.000000, 1476.18 sec so far
Iteration 44554197: max diff=0.000000, 1481.18 sec so far
Iteration 44705548: max diff=0.000000, 1486.19 sec so far
Iteration 44856392: max diff=0.000000, 1491.19 sec so far
Iteration 45006979: max diff=0.000000, 1496.20 sec so far
Iteration 45157249: max diff=0.000000, 1501.20 sec so far
Iteration 45307998: max diff=0.000000, 1506.20 sec so far
Iteration 45459398: max diff=0.000000, 1511.21 sec so far
Iteration 45609932: max diff=0.000000, 1516.21 sec so far
Iteration 45761822: max diff=0.000000, 1521.22 sec so far
Iteration 45912295: max diff=0.000000, 1526.22 sec so far
Iteration 46063143: max diff=0.000000, 1531.22 sec so far
Iteration 46213431: max diff=0.000000, 1536.23 sec so far
Iteration 46365144: max diff=0.000000, 1541.23 sec so far
Iteration 46515918: max diff=0.000000, 1546.24 sec so far
Iteration 46665102: max diff=0.000000, 1551.24 sec so far
Iteration 46816182: max diff=0.000000, 1556.24 sec so far
Iteration 46967194: max diff=0.000000, 1561.25 sec so far
Iteration 47118374: max diff=0.000000, 1566.25 sec so far
Iteration 47269055: max diff=0.000000, 1571.26 sec so far
Iteration 47421088: max diff=0.000000, 1576.26 sec so far
Iteration 47572148: max diff=0.000000, 1581.26 sec so far
Iteration 47723142: max diff=0.000000, 1586.27 sec so far
Iteration 47873867: max diff=0.000000, 1591.27 sec so far
Iteration 48025753: max diff=0.000000, 1596.28 sec so far
Iteration 48177949: max diff=0.000000, 1601.28 sec so far
Iteration 48328289: max diff=0.000000, 1606.28 sec so far
Iteration 48479734: max diff=0.000000, 1611.29 sec so far
Iteration 48630954: max diff=0.000000, 1616.29 sec so far
Iteration 48783721: max diff=0.000000, 1621.30 sec so far
Iteration 48935172: max diff=0.000000, 1626.30 sec so far
Iteration 49085897: max diff=0.000000, 1631.30 sec so far
Iteration 49236616: max diff=0.000000, 1636.31 sec so far
Iteration 49388220: max diff=0.000000, 1641.31 sec so far
Iteration 49539353: max diff=0.000000, 1646.32 sec so far
Iteration 49690034: max diff=0.000000, 1651.32 sec so far
Iteration 49840823: max diff=0.000000, 1656.32 sec so far
Iteration 49991212: max diff=0.000000, 1661.33 sec so far
Iteration 50141727: max diff=0.000000, 1666.33 sec so far
Iteration 50293263: max diff=0.000000, 1671.34 sec so far
Iteration 50445493: max diff=0.000000, 1676.34 sec so far
Iteration 50596474: max diff=0.000000, 1681.34 sec so far
Iteration 50747539: max diff=0.000000, 1686.35 sec so far
Iteration 50897984: max diff=0.000000, 1691.35 sec so far
Iteration 51049195: max diff=0.000000, 1696.36 sec so far
Iteration 51200289: max diff=0.000000, 1701.36 sec so far
Iteration 51351227: max diff=0.000000, 1706.36 sec so far
Iteration 51503052: max diff=0.000000, 1711.37 sec so far
Iteration 51653720: max diff=0.000000, 1716.37 sec so far
Iteration 51803837: max diff=0.000000, 1721.38 sec so far
Iteration 51954078: max diff=0.000000, 1726.38 sec so far
Iteration 52104149: max diff=0.000000, 1731.38 sec so far
Iteration 52256083: max diff=0.000000, 1736.39 sec so far
Iteration 52407107: max diff=0.000000, 1741.39 sec so far
Iteration 52557503: max diff=0.000000, 1746.40 sec so far
Iteration 52707302: max diff=0.000000, 1751.40 sec so far
Iteration 52859942: max diff=0.000000, 1756.40 sec so far
Iteration 53010129: max diff=0.000000, 1761.41 sec so far
Iteration 53161499: max diff=0.000000, 1766.41 sec so far
Iteration 53313350: max diff=0.000000, 1771.42 sec so far
Iteration 53462808: max diff=0.000000, 1776.42 sec so far
Iteration 53610241: max diff=0.000000, 1781.42 sec so far
Iteration 53762786: max diff=0.000000, 1786.43 sec so far
Iteration 53914160: max diff=0.000000, 1791.43 sec so far
Iteration 54064579: max diff=0.000000, 1796.44 sec so far
Iteration 54213338: max diff=0.000000, 1801.44 sec so far
Iteration 54364896: max diff=0.000000, 1806.44 sec so far
Iteration 54515408: max diff=0.000000, 1811.45 sec so far
Iteration 54665254: max diff=0.000000, 1816.45 sec so far
Iteration 54814645: max diff=0.000000, 1821.46 sec so far
Iteration 54965179: max diff=0.000000, 1826.46 sec so far
Iteration 55114943: max diff=0.000000, 1831.46 sec so far
Iteration 55265262: max diff=0.000000, 1836.47 sec so far
Iteration 55416033: max diff=0.000000, 1841.47 sec so far
Iteration 55567388: max diff=0.000000, 1846.48 sec so far
Iteration 55717579: max diff=0.000000, 1851.48 sec so far
Iteration 55869118: max diff=0.000000, 1856.48 sec so far
Iteration 56020877: max diff=0.000000, 1861.49 sec so far
Iteration 56171667: max diff=0.000000, 1866.49 sec so far
Iteration 56322580: max diff=0.000000, 1871.50 sec so far
Iteration 56473628: max diff=0.000000, 1876.50 sec so far
Iteration 56624491: max diff=0.000000, 1881.50 sec so far
Iteration 56775100: max diff=0.000000, 1886.51 sec so far
Iteration 56925932: max diff=0.000000, 1891.51 sec so far
Iteration 57075992: max diff=0.000000, 1896.52 sec so far
Iteration 57227402: max diff=0.000000, 1901.52 sec so far
Iteration 57378092: max diff=0.000000, 1906.52 sec so far
Iteration 57528937: max diff=0.000000, 1911.53 sec so far
Iteration 57680488: max diff=0.000000, 1916.53 sec so far
Iteration 57829153: max diff=0.000000, 1921.54 sec so far
Iteration 57980373: max diff=0.000000, 1926.54 sec so far
Iteration 58129328: max diff=0.000000, 1931.54 sec so far
Iteration 58280846: max diff=0.000000, 1936.55 sec so far
Iteration 58430951: max diff=0.000000, 1941.55 sec so far
Iteration 58581307: max diff=0.000000, 1946.56 sec so far
Iteration 58727159: max diff=0.000000, 1951.56 sec so far
Iteration 58875401: max diff=0.000000, 1956.56 sec so far
Iteration 59022153: max diff=0.000000, 1961.57 sec so far
Iteration 59172023: max diff=0.000000, 1966.57 sec so far
Iteration 59320389: max diff=0.000000, 1971.58 sec so far
Iteration 59467430: max diff=0.000000, 1976.58 sec so far
Iteration 59619086: max diff=0.000000, 1981.58 sec so far
Iteration 59768697: max diff=0.000000, 1986.59 sec so far
Iteration 59919475: max diff=0.000000, 1991.59 sec so far
Iteration 60069224: max diff=0.000000, 1996.60 sec so far
Iteration 60219477: max diff=0.000000, 2001.60 sec so far
Iteration 60368919: max diff=0.000000, 2006.60 sec so far
Iteration 60518565: max diff=0.000000, 2011.61 sec so far
Iteration 60667559: max diff=0.000000, 2016.61 sec so far
Iteration 60817929: max diff=0.000000, 2021.62 sec so far
Iteration 60968553: max diff=0.000000, 2026.62 sec so far
Iteration 61118585: max diff=0.000000, 2031.62 sec so far
Iteration 61269328: max diff=0.000000, 2036.63 sec so far
Iteration 61419048: max diff=0.000000, 2041.63 sec so far
Iteration 61568261: max diff=0.000000, 2046.64 sec so far
Iteration 61718303: max diff=0.000000, 2051.64 sec so far
Iteration 61868338: max diff=0.000000, 2056.64 sec so far
Iteration 62018088: max diff=0.000000, 2061.65 sec so far
Iteration 62168322: max diff=0.000000, 2066.65 sec so far
Iteration 62317777: max diff=0.000000, 2071.66 sec so far
Iteration 62468507: max diff=0.000000, 2076.66 sec so far
Iteration 62618847: max diff=0.000000, 2081.66 sec so far
Iteration 62767493: max diff=0.000000, 2086.67 sec so far
Iteration 62917662: max diff=0.000000, 2091.67 sec so far
Iteration 63068061: max diff=0.000000, 2096.68 sec so far
Iteration 63218176: max diff=0.000000, 2101.68 sec so far
Iteration 63368921: max diff=0.000000, 2106.68 sec so far
Iteration 63518770: max diff=0.000000, 2111.69 sec so far
Iteration 63670285: max diff=0.000000, 2116.69 sec so far
Iteration 63819946: max diff=0.000000, 2121.70 sec so far
Iteration 63970454: max diff=0.000000, 2126.70 sec so far
Iteration 64119386: max diff=0.000000, 2131.70 sec so far
Iteration 64271895: max diff=0.000000, 2136.71 sec so far
Iteration 64422820: max diff=0.000000, 2141.71 sec so far
Iteration 64573600: max diff=0.000000, 2146.72 sec so far
Iteration 64724385: max diff=0.000000, 2151.72 sec so far
Iteration 64875796: max diff=0.000000, 2156.72 sec so far
Iteration 65026573: max diff=0.000000, 2161.73 sec so far
Iteration 65177655: max diff=0.000000, 2166.73 sec so far
Iteration 65328267: max diff=0.000000, 2171.74 sec so far
Iteration 65479121: max diff=0.000000, 2176.74 sec so far
Iteration 65627090: max diff=0.000000, 2181.74 sec so far
Iteration 65775466: max diff=0.000000, 2186.75 sec so far
Iteration 65926818: max diff=0.000000, 2191.75 sec so far
Iteration 66078051: max diff=0.000000, 2196.76 sec so far
Iteration 66227830: max diff=0.000000, 2201.76 sec so far
Iteration 66377303: max diff=0.000000, 2206.76 sec so far
Iteration 66528466: max diff=0.000000, 2211.77 sec so far
Iteration 66679810: max diff=0.000000, 2216.77 sec so far
Iteration 66830615: max diff=0.000000, 2221.78 sec so far
Iteration 66981742: max diff=0.000000, 2226.78 sec so far
Iteration 67133357: max diff=0.000000, 2231.78 sec so far
Iteration 67283015: max diff=0.000000, 2236.79 sec so far
Iteration 67433520: max diff=0.000000, 2241.79 sec so far
Iteration 67584147: max diff=0.000000, 2246.80 sec so far
Iteration 67735358: max diff=0.000000, 2251.80 sec so far
Iteration 67887233: max diff=0.000000, 2256.80 sec so far
Iteration 68038531: max diff=0.000000, 2261.81 sec so far
Iteration 68189496: max diff=0.000000, 2266.81 sec so far
Iteration 68340150: max diff=0.000000, 2271.82 sec so far
Iteration 68491586: max diff=0.000000, 2276.82 sec so far
Iteration 68640099: max diff=0.000000, 2281.82 sec so far
Iteration 68792851: max diff=0.000000, 2286.83 sec so far
Iteration 68943537: max diff=0.000000, 2291.83 sec so far
Iteration 69093556: max diff=0.000000, 2296.84 sec so far
Iteration 69244784: max diff=0.000000, 2301.84 sec so far
Iteration 69395380: max diff=0.000000, 2306.84 sec so far
Iteration 69545729: max diff=0.000000, 2311.85 sec so far
Iteration 69696259: max diff=0.000000, 2316.85 sec so far
Iteration 69847090: max diff=0.000000, 2321.86 sec so far
Iteration 69998187: max diff=0.000000, 2326.86 sec so far
Iteration 70147434: max diff=0.000000, 2331.86 sec so far
Iteration 70298350: max diff=0.000000, 2336.87 sec so far
Iteration 70448362: max diff=0.000000, 2341.87 sec so far
Iteration 70598849: max diff=0.000000, 2346.88 sec so far
Iteration 70749651: max diff=0.000000, 2351.88 sec so far
Iteration 70900814: max diff=0.000000, 2356.88 sec so far
Iteration 71052255: max diff=0.000000, 2361.89 sec so far
Iteration 71203405: max diff=0.000000, 2366.89 sec so far
Iteration 71353867: max diff=0.000000, 2371.90 sec so far
Iteration 71505124: max diff=0.000000, 2376.90 sec so far
Iteration 71655126: max diff=0.000000, 2381.90 sec so far
Iteration 71806345: max diff=0.000000, 2386.91 sec so far
Iteration 71957404: max diff=0.000000, 2391.91 sec so far
Iteration 72107484: max diff=0.000000, 2396.92 sec so far
Iteration 72258435: max diff=0.000000, 2401.92 sec so far
Iteration 72407707: max diff=0.000000, 2406.92 sec so far
Iteration 72557933: max diff=0.000000, 2411.93 sec so far
Iteration 72707678: max diff=0.000000, 2416.93 sec so far
Iteration 72858214: max diff=0.000000, 2421.94 sec so far
Iteration 73009128: max diff=0.000000, 2426.94 sec so far
Iteration 73160599: max diff=0.000000, 2431.94 sec so far
Iteration 73311291: max diff=0.000000, 2436.95 sec so far
Iteration 73462480: max diff=0.000000, 2441.95 sec so far
Iteration 73612373: max diff=0.000000, 2446.96 sec so far
Iteration 73763564: max diff=0.000000, 2451.96 sec so far
Iteration 73914748: max diff=0.000000, 2456.96 sec so far
Iteration 74064918: max diff=0.000000, 2461.97 sec so far
Iteration 74215698: max diff=0.000000, 2466.97 sec so far
Iteration 74367004: max diff=0.000000, 2471.98 sec so far
Iteration 74518066: max diff=0.000000, 2476.98 sec so far
Iteration 74669095: max diff=0.000000, 2481.98 sec so far
Iteration 74820299: max diff=0.000000, 2486.99 sec so far
Iteration 74972131: max diff=0.000000, 2491.99 sec so far
Iteration 75122757: max diff=0.000000, 2497.00 sec so far
Iteration 75273129: max diff=0.000000, 2502.00 sec so far
Iteration 75421032: max diff=0.000000, 2507.00 sec so far
Iteration 75572681: max diff=0.000000, 2512.01 sec so far
Iteration 75722796: max diff=0.000000, 2517.01 sec so far
Iteration 75872822: max diff=0.000000, 2522.02 sec so far
Iteration 76023180: max diff=0.000000, 2527.02 sec so far
Iteration 76174360: max diff=0.000000, 2532.02 sec so far
Iteration 76324506: max diff=0.000000, 2537.03 sec so far
Iteration 76474835: max diff=0.000000, 2542.03 sec so far
Iteration 76625249: max diff=0.000000, 2547.04 sec so far
Iteration 76775731: max diff=0.000000, 2552.04 sec so far
Iteration 76926054: max diff=0.000000, 2557.04 sec so far
Iteration 77077305: max diff=0.000000, 2562.05 sec so far
Iteration 77228932: max diff=0.000000, 2567.05 sec so far
Iteration 77380581: max diff=0.000000, 2572.06 sec so far
Iteration 77530221: max diff=0.000000, 2577.06 sec so far
Iteration 77681467: max diff=0.000000, 2582.06 sec so far
Iteration 77831508: max diff=0.000000, 2587.07 sec so far
Iteration 77982774: max diff=0.000000, 2592.07 sec so far
Iteration 78132954: max diff=0.000000, 2597.08 sec so far
Iteration 78284262: max diff=0.000000, 2602.08 sec so far
Iteration 78435029: max diff=0.000000, 2607.08 sec so far
Iteration 78585609: max diff=0.000000, 2612.09 sec so far
Iteration 78736617: max diff=0.000000, 2617.09 sec so far
Iteration 78887055: max diff=0.000000, 2622.10 sec so far
Iteration 79038411: max diff=0.000000, 2627.10 sec so far
Iteration 79189897: max diff=0.000000, 2632.10 sec so far
Iteration 79341746: max diff=0.000000, 2637.11 sec so far
Iteration 79492550: max diff=0.000000, 2642.11 sec so far
Iteration 79642875: max diff=0.000000, 2647.12 sec so far
Iteration 79793033: max diff=0.000000, 2652.12 sec so far
Iteration 79943222: max diff=0.000000, 2657.12 sec so far
Iteration 80094262: max diff=0.000000, 2662.13 sec so far
Iteration 80244510: max diff=0.000000, 2667.13 sec so far
Iteration 80394977: max diff=0.000000, 2672.14 sec so far
Iteration 80545694: max diff=0.000000, 2677.14 sec so far
Iteration 80696372: max diff=0.000000, 2682.14 sec so far
Iteration 80848795: max diff=0.000000, 2687.15 sec so far
Iteration 80999019: max diff=0.000000, 2692.15 sec so far
Iteration 81149769: max diff=0.000000, 2697.16 sec so far
Iteration 81300641: max diff=0.000000, 2702.16 sec so far
Iteration 81451553: max diff=0.000000, 2707.16 sec so far
Iteration 81602262: max diff=0.000000, 2712.17 sec so far
Iteration 81754042: max diff=0.000000, 2717.17 sec so far
Iteration 81903896: max diff=0.000000, 2722.18 sec so far
Iteration 82055621: max diff=0.000000, 2727.18 sec so far
Iteration 82206476: max diff=0.000000, 2732.18 sec so far
Iteration 82357237: max diff=0.000000, 2737.19 sec so far
Iteration 82507536: max diff=0.000000, 2742.19 sec so far
Iteration 82658821: max diff=0.000000, 2747.20 sec so far
Iteration 82809043: max diff=0.000000, 2752.20 sec so far
Iteration 82960061: max diff=0.000000, 2757.20 sec so far
Iteration 83109971: max diff=0.000000, 2762.21 sec so far
Iteration 83260260: max diff=0.000000, 2767.21 sec so far
Iteration 83410888: max diff=0.000000, 2772.22 sec so far
Iteration 83561847: max diff=0.000000, 2777.22 sec so far
Iteration 83712083: max diff=0.000000, 2782.22 sec so far
Iteration 83863674: max diff=0.000000, 2787.23 sec so far
Iteration 84014819: max diff=0.000000, 2792.23 sec so far
Iteration 84166623: max diff=0.000000, 2797.24 sec so far
Iteration 84318131: max diff=0.000000, 2802.24 sec so far
Iteration 84468051: max diff=0.000000, 2807.24 sec so far
Iteration 84619845: max diff=0.000000, 2812.25 sec so far
Iteration 84771699: max diff=0.000000, 2817.25 sec so far
Iteration 84922318: max diff=0.000000, 2822.26 sec so far
Iteration 85072932: max diff=0.000000, 2827.26 sec so far
Iteration 85224207: max diff=0.000000, 2832.26 sec so far
Iteration 85375955: max diff=0.000000, 2837.27 sec so far
Iteration 85527026: max diff=0.000000, 2842.27 sec so far
Iteration 85677551: max diff=0.000000, 2847.28 sec so far
Iteration 85828528: max diff=0.000000, 2852.28 sec so far
Iteration 85979560: max diff=0.000000, 2857.28 sec so far
Iteration 86130425: max diff=0.000000, 2862.29 sec so far
Iteration 86281691: max diff=0.000000, 2867.29 sec so far
Iteration 86431912: max diff=0.000000, 2872.30 sec so far
Iteration 86582216: max diff=0.000000, 2877.30 sec so far
Iteration 86734214: max diff=0.000000, 2882.30 sec so far
Iteration 86884086: max diff=0.000000, 2887.31 sec so far
Iteration 87035222: max diff=0.000000, 2892.31 sec so far
Iteration 87187130: max diff=0.000000, 2897.32 sec so far
Iteration 87337326: max diff=0.000000, 2902.32 sec so far
Iteration 87488014: max diff=0.000000, 2907.32 sec so far
Iteration 87638652: max diff=0.000000, 2912.33 sec so far
Iteration 87790590: max diff=0.000000, 2917.33 sec so far
Iteration 87940712: max diff=0.000000, 2922.34 sec so far
Iteration 88091373: max diff=0.000000, 2927.34 sec so far
Iteration 88240944: max diff=0.000000, 2932.34 sec so far
Iteration 88392217: max diff=0.000000, 2937.35 sec so far
Iteration 88542264: max diff=0.000000, 2942.35 sec so far
Iteration 88693476: max diff=0.000000, 2947.36 sec so far
Iteration 88843747: max diff=0.000000, 2952.36 sec so far
Iteration 88994146: max diff=0.000000, 2957.36 sec so far
Iteration 89144605: max diff=0.000000, 2962.37 sec so far
Iteration 89295731: max diff=0.000000, 2967.37 sec so far
Iteration 89445501: max diff=0.000000, 2972.38 sec so far
Iteration 89595896: max diff=0.000000, 2977.38 sec so far
Iteration 89745812: max diff=0.000000, 2982.38 sec so far
Iteration 89896041: max diff=0.000000, 2987.39 sec so far
Iteration 90046175: max diff=0.000000, 2992.39 sec so far
Iteration 90196844: max diff=0.000000, 2997.40 sec so far
Iteration 90347984: max diff=0.000000, 3002.40 sec so far
Iteration 90497423: max diff=0.000000, 3007.40 sec so far
Iteration 90648399: max diff=0.000000, 3012.41 sec so far
Iteration 90798279: max diff=0.000000, 3017.41 sec so far
Iteration 90948677: max diff=0.000000, 3022.42 sec so far
Iteration 91098537: max diff=0.000000, 3027.42 sec so far
Iteration 91249621: max diff=0.000000, 3032.42 sec so far
Iteration 91399710: max diff=0.000000, 3037.43 sec so far
Iteration 91549006: max diff=0.000000, 3042.43 sec so far
Iteration 91699228: max diff=0.000000, 3047.44 sec so far
Iteration 91848533: max diff=0.000000, 3052.44 sec so far
Iteration 91998782: max diff=0.000000, 3057.44 sec so far
Iteration 92149419: max diff=0.000000, 3062.45 sec so far
Iteration 92299611: max diff=0.000000, 3067.45 sec so far
Iteration 92452026: max diff=0.000000, 3072.46 sec so far
Iteration 92602768: max diff=0.000000, 3077.46 sec so far
Iteration 92753220: max diff=0.000000, 3082.46 sec so far
Iteration 92901739: max diff=0.000000, 3087.47 sec so far
Iteration 93049309: max diff=0.000000, 3092.47 sec so far
Iteration 93199459: max diff=0.000000, 3097.48 sec so far
Iteration 93349262: max diff=0.000000, 3102.48 sec so far
Iteration 93500068: max diff=0.000000, 3107.48 sec so far
Iteration 93650458: max diff=0.000000, 3112.49 sec so far
Iteration 93801518: max diff=0.000000, 3117.49 sec so far
Iteration 93952740: max diff=0.000000, 3122.50 sec so far
Iteration 94103998: max diff=0.000000, 3127.50 sec so far
Iteration 94254477: max diff=0.000000, 3132.50 sec so far
Iteration 94404485: max diff=0.000000, 3137.51 sec so far
Iteration 94555130: max diff=0.000000, 3142.51 sec so far
Iteration 94706041: max diff=0.000000, 3147.52 sec so far
Iteration 94852907: max diff=0.000000, 3152.52 sec so far
Iteration 95003742: max diff=0.000000, 3157.52 sec so far
Iteration 95154038: max diff=0.000000, 3162.53 sec so far
Iteration 95304314: max diff=0.000000, 3167.53 sec so far
Iteration 95455033: max diff=0.000000, 3172.54 sec so far
Iteration 95605143: max diff=0.000000, 3177.54 sec so far
Iteration 95753578: max diff=0.000000, 3182.54 sec so far
Iteration 95904192: max diff=0.000000, 3187.55 sec so far
Iteration 96055280: max diff=0.000000, 3192.55 sec so far
Iteration 96205418: max diff=0.000000, 3197.56 sec so far
Iteration 96354971: max diff=0.000000, 3202.56 sec so far
Iteration 96504682: max diff=0.000000, 3207.56 sec so far
Iteration 96655367: max diff=0.000000, 3212.57 sec so far
Iteration 96804844: max diff=0.000000, 3217.57 sec so far
Iteration 96952533: max diff=0.000000, 3222.58 sec so far
Iteration 97103305: max diff=0.000000, 3227.58 sec so far
Iteration 97253986: max diff=0.000000, 3232.58 sec so far
Iteration 97404011: max diff=0.000000, 3237.59 sec so far
Iteration 97554999: max diff=0.000000, 3242.59 sec so far
Iteration 97705217: max diff=0.000000, 3247.60 sec so far
Iteration 97856364: max diff=0.000000, 3252.60 sec so far
Iteration 98006830: max diff=0.000000, 3257.60 sec so far
Iteration 98156991: max diff=0.000000, 3262.61 sec so far
Iteration 98308042: max diff=0.000000, 3267.61 sec so far
Iteration 98457841: max diff=0.000000, 3272.62 sec so far
Iteration 98608304: max diff=0.000000, 3277.62 sec so far
Iteration 98758839: max diff=0.000000, 3282.62 sec so far
Iteration 98910493: max diff=0.000000, 3287.63 sec so far
Iteration 99060294: max diff=0.000000, 3292.63 sec so far
Iteration 99211595: max diff=0.000000, 3297.64 sec so far
Iteration 99361928: max diff=0.000000, 3302.64 sec so far
Iteration 99512780: max diff=0.000000, 3307.64 sec so far
Iteration 99663999: max diff=0.000000, 3312.65 sec so far
Iteration 99815076: max diff=0.000000, 3317.65 sec so far
Iteration 99966210: max diff=0.000000, 3322.66 sec so far

Power method: 100000000 iterations in 3323.76 seconds (average 0.000033, setup 0.00)

Error: Iterative method did not converge within 100000000 iterations.
Consider using a different numerical method or increasing the maximum number of iterations.

