PRISM
=====

Version: 4.4.GSMP
Date: Thu May 24 11:17:00 CEST 2018
Hostname: thomas
Memory limits: cudd=1g, java(heap)=910.5m
Command line: prism -hybrid -epsilon 1E-5 -maxiters 100000000 -power -absolute -const 'k=5000,timeout=1,lambda=.6931471810' ../../../../CZK_project/Model/queue_withptf_ctmc.sm -ss -exportss ../../../../CZK_project/Output/t=1_median/hybrid/ph_10_5000_1E-5

Parsing model file "../../../../CZK_project/Model/queue_withptf_ctmc.sm"...

Type:        CTMC
Modules:     main trigger 
Variables:   qSize i 

---------------------------------------------------------------------

Computing steady-state probabilities...

Building model...
Model constants: k=5000,timeout=1,lambda=0.693147181

Computing reachable states...

Reachability (BFS): 50001 iterations in 1.47 seconds (average 0.000029, setup 0.00)

Time for model construction: 2.82 seconds.

Type:        CTMC
States:      50001 (1 initial)
Transitions: 95001

Rate matrix: 213 nodes (3 terminal), 95001 minterms, vars: 17r/17c

SCCs: 1, BSCCs: 1, non-BSCC states: 0
BSCC sizes: 1:50001

Initial states all in one BSCC (so no reachability probabilities computed)

Computing probabilities...
Engine: Hybrid

Building power method iteration matrix MTBDD... [nodes=306] [6.0 Kb]
Building hybrid MTBDD matrix... [levels=17, nodes=364] [17.1 KB]
Adding explicit sparse matrices... [levels=17, num=1, compact] [615.3 KB]
Allocating iteration vectors... [2 x 390.6 KB]
TOTAL: [1.4 MB]

Starting iterations...

Power method: 2265 iterations in 1.08 seconds (average 0.000473, setup 0.01)

Printing steady-state probabilities in plain text format to file "../../../../CZK_project/Output/t=1_median/hybrid/ph_10_5000_1E-5"...

Time for steady-state probability computation: 2.934 seconds.

