PRISM
=====

Version: 4.4.GSMP
Date: Thu May 24 11:16:30 CEST 2018
Hostname: thomas
Memory limits: cudd=1g, java(heap)=910.5m
Command line: prism -hybrid -epsilon 1E-5 -maxiters 100000000 -power -absolute -const 'k=50,timeout=1,lambda=.6931471810' ../../../../CZK_project/Model/queue_withptf_ctmc.sm -ss -exportss ../../../../CZK_project/Output/t=1_median/hybrid/ph_10_50_1E-5

Parsing model file "../../../../CZK_project/Model/queue_withptf_ctmc.sm"...

Type:        CTMC
Modules:     main trigger 
Variables:   qSize i 

---------------------------------------------------------------------

Computing steady-state probabilities...

Building model...
Model constants: k=50,timeout=1,lambda=0.693147181

Computing reachable states...

Reachability (BFS): 501 iterations in 0.00 seconds (average 0.000008, setup 0.00)

Time for model construction: 0.016 seconds.

Type:        CTMC
States:      501 (1 initial)
Transitions: 951

Rate matrix: 113 nodes (3 terminal), 951 minterms, vars: 10r/10c

SCCs: 1, BSCCs: 1, non-BSCC states: 0
BSCC sizes: 1:501

Initial states all in one BSCC (so no reachability probabilities computed)

Computing probabilities...
Engine: Hybrid

Building power method iteration matrix MTBDD... [nodes=161] [3.1 Kb]
Building hybrid MTBDD matrix... [levels=10, nodes=189] [8.9 KB]
Adding explicit sparse matrices... [levels=10, num=1, compact] [6.2 KB]
Allocating iteration vectors... [2 x 3.9 KB]
TOTAL: [22.9 KB]

Starting iterations...

Power method: 2008 iterations in 0.01 seconds (average 0.000006, setup 0.00)

Printing steady-state probabilities in plain text format to file "../../../../CZK_project/Output/t=1_median/hybrid/ph_10_50_1E-5"...

Time for steady-state probability computation: 0.029 seconds.

