PRISM
=====

Version: 4.4.GSMP
Date: Thu May 24 11:16:49 CEST 2018
Hostname: thomas
Memory limits: cudd=1g, java(heap)=910.5m
Command line: prism -hybrid -epsilon 1E-5 -maxiters 100000000 -power -absolute -const 'k=2000,timeout=1,lambda=.6931471810' ../../../../CZK_project/Model/queue_withptf_ctmc.sm -ss -exportss ../../../../CZK_project/Output/t=1_median/hybrid/ph_10_2000_1E-5

Parsing model file "../../../../CZK_project/Model/queue_withptf_ctmc.sm"...

Type:        CTMC
Modules:     main trigger 
Variables:   qSize i 

---------------------------------------------------------------------

Computing steady-state probabilities...

Building model...
Model constants: k=2000,timeout=1,lambda=0.693147181

Computing reachable states...

Reachability (BFS): 20001 iterations in 0.40 seconds (average 0.000020, setup 0.00)

Time for model construction: 0.648 seconds.

Type:        CTMC
States:      20001 (1 initial)
Transitions: 38001

Rate matrix: 175 nodes (3 terminal), 38001 minterms, vars: 15r/15c

SCCs: 1, BSCCs: 1, non-BSCC states: 0
BSCC sizes: 1:20001

Initial states all in one BSCC (so no reachability probabilities computed)

Computing probabilities...
Engine: Hybrid

Building power method iteration matrix MTBDD... [nodes=252] [4.9 Kb]
Building hybrid MTBDD matrix... [levels=15, nodes=303] [14.2 KB]
Adding explicit sparse matrices... [levels=15, num=1, compact] [246.1 KB]
Allocating iteration vectors... [2 x 156.3 KB]
TOTAL: [572.9 KB]

Starting iterations...

Power method: 1817 iterations in 0.33 seconds (average 0.000178, setup 0.00)

Printing steady-state probabilities in plain text format to file "../../../../CZK_project/Output/t=1_median/hybrid/ph_10_2000_1E-5"...

Time for steady-state probability computation: 0.905 seconds.

