PRISM
=====

Version: 4.4.GSMP
Date: Fri May 25 15:00:44 CEST 2018
Hostname: thomas
Memory limits: cudd=1g, java(heap)=910.5m
Command line: prism -hybrid -epsilon 1E-5 -maxiters 100000000 -power -absolute -const 'k=3600,timeout=0.05,lambda=13.8629436200' ../../../../CZK_project/Model/queue_withptf_ctmc.sm -ss -exportss ../../../../CZK_project/Output/t=0.05_median/hybrid/ph_10_3600_1E-5

Parsing model file "../../../../CZK_project/Model/queue_withptf_ctmc.sm"...

Type:        CTMC
Modules:     main trigger 
Variables:   qSize i 

---------------------------------------------------------------------

Computing steady-state probabilities...

Building model...
Model constants: k=3600,timeout=0.05,lambda=13.86294362

Computing reachable states...

Reachability (BFS): 36001 iterations in 0.91 seconds (average 0.000025, setup 0.00)

Time for model construction: 1.673 seconds.

Type:        CTMC
States:      36001 (1 initial)
Transitions: 68401

Rate matrix: 191 nodes (3 terminal), 68401 minterms, vars: 16r/16c

SCCs: 1, BSCCs: 1, non-BSCC states: 0
BSCC sizes: 1:36001

Initial states all in one BSCC (so no reachability probabilities computed)

Computing probabilities...
Engine: Hybrid

Building power method iteration matrix MTBDD... [nodes=275] [5.4 Kb]
Building hybrid MTBDD matrix... [levels=16, nodes=324] [15.2 KB]
Adding explicit sparse matrices... [levels=16, num=1, compact] [443.0 KB]
Allocating iteration vectors... [2 x 281.3 KB]
TOTAL: [1020.7 KB]

Starting iterations...

Power method: 2293 iterations in 0.89 seconds (average 0.000387, setup 0.00)

Printing steady-state probabilities in plain text format to file "../../../../CZK_project/Output/t=0.05_median/hybrid/ph_10_3600_1E-5"...

Time for steady-state probability computation: 2.058 seconds.

