PRISM
=====

Version: 4.4.GSMP
Date: Fri May 25 15:01:12 CEST 2018
Hostname: thomas
Memory limits: cudd=1g, java(heap)=910.5m
Command line: prism -hybrid -epsilon 1E-5 -maxiters 100000000 -power -absolute -const 'k=4200,timeout=0.05,lambda=13.8629436200' ../../../../CZK_project/Model/queue_withptf_ctmc.sm -ss -exportss ../../../../CZK_project/Output/t=0.05_median/hybrid/ph_10_4200_1E-5

Parsing model file "../../../../CZK_project/Model/queue_withptf_ctmc.sm"...

Type:        CTMC
Modules:     main trigger 
Variables:   qSize i 

---------------------------------------------------------------------

Computing steady-state probabilities...

Building model...
Model constants: k=4200,timeout=0.05,lambda=13.86294362

Computing reachable states...

Reachability (BFS): 42001 iterations in 1.22 seconds (average 0.000029, setup 0.00)

Time for model construction: 2.253 seconds.

Type:        CTMC
States:      42001 (1 initial)
Transitions: 79801

Rate matrix: 213 nodes (3 terminal), 79801 minterms, vars: 17r/17c

SCCs: 1, BSCCs: 1, non-BSCC states: 0
BSCC sizes: 1:42001

Initial states all in one BSCC (so no reachability probabilities computed)

Computing probabilities...
Engine: Hybrid

Building power method iteration matrix MTBDD... [nodes=306] [6.0 Kb]
Building hybrid MTBDD matrix... [levels=17, nodes=361] [16.9 KB]
Adding explicit sparse matrices... [levels=17, num=1, compact] [516.8 KB]
Allocating iteration vectors... [2 x 328.1 KB]
TOTAL: [1.2 MB]

Starting iterations...

Power method: 2325 iterations in 0.97 seconds (average 0.000415, setup 0.00)

Printing steady-state probabilities in plain text format to file "../../../../CZK_project/Output/t=0.05_median/hybrid/ph_10_4200_1E-5"...

Time for steady-state probability computation: 2.521 seconds.

