PRISM
=====

Version: 4.4.GSMP
Date: Fri May 25 15:00:18 CEST 2018
Hostname: thomas
Memory limits: cudd=1g, java(heap)=910.5m
Command line: prism -hybrid -epsilon 1E-5 -maxiters 100000000 -power -absolute -const 'k=2900,timeout=0.05,lambda=13.8629436200' ../../../../CZK_project/Model/queue_withptf_ctmc.sm -ss -exportss ../../../../CZK_project/Output/t=0.05_median/hybrid/ph_10_2900_1E-5

Parsing model file "../../../../CZK_project/Model/queue_withptf_ctmc.sm"...

Type:        CTMC
Modules:     main trigger 
Variables:   qSize i 

---------------------------------------------------------------------

Computing steady-state probabilities...

Building model...
Model constants: k=2900,timeout=0.05,lambda=13.86294362

Computing reachable states...

Reachability (BFS): 29001 iterations in 0.73 seconds (average 0.000025, setup 0.00)

Time for model construction: 1.246 seconds.

Type:        CTMC
States:      29001 (1 initial)
Transitions: 55101

Rate matrix: 203 nodes (3 terminal), 55101 minterms, vars: 16r/16c

SCCs: 1, BSCCs: 1, non-BSCC states: 0
BSCC sizes: 1:29001

Initial states all in one BSCC (so no reachability probabilities computed)

Computing probabilities...
Engine: Hybrid

Building power method iteration matrix MTBDD... [nodes=291] [5.7 Kb]
Building hybrid MTBDD matrix... [levels=16, nodes=350] [16.4 KB]
Adding explicit sparse matrices... [levels=16, num=1, compact] [356.9 KB]
Allocating iteration vectors... [2 x 226.6 KB]
TOTAL: [826.4 KB]

Starting iterations...

Power method: 2162 iterations in 0.60 seconds (average 0.000278, setup 0.00)

Printing steady-state probabilities in plain text format to file "../../../../CZK_project/Output/t=0.05_median/hybrid/ph_10_2900_1E-5"...

Time for steady-state probability computation: 1.547 seconds.

