PRISM
=====

Version: 4.4.GSMP
Date: Fri May 25 14:59:36 CEST 2018
Hostname: thomas
Memory limits: cudd=1g, java(heap)=910.5m
Command line: prism -hybrid -epsilon 1E-5 -maxiters 100000000 -power -absolute -const 'k=900,timeout=0.05,lambda=13.8629436200' ../../../../CZK_project/Model/queue_withptf_ctmc.sm -ss -exportss ../../../../CZK_project/Output/t=0.05_median/hybrid/ph_10_900_1E-5

Parsing model file "../../../../CZK_project/Model/queue_withptf_ctmc.sm"...

Type:        CTMC
Modules:     main trigger 
Variables:   qSize i 

---------------------------------------------------------------------

Computing steady-state probabilities...

Building model...
Model constants: k=900,timeout=0.05,lambda=13.86294362

Computing reachable states...

Reachability (BFS): 9001 iterations in 0.16 seconds (average 0.000017, setup 0.00)

Time for model construction: 0.228 seconds.

Type:        CTMC
States:      9001 (1 initial)
Transitions: 17101

Rate matrix: 171 nodes (3 terminal), 17101 minterms, vars: 14r/14c

SCCs: 1, BSCCs: 1, non-BSCC states: 0
BSCC sizes: 1:9001

Initial states all in one BSCC (so no reachability probabilities computed)

Computing probabilities...
Engine: Hybrid

Building power method iteration matrix MTBDD... [nodes=245] [4.8 Kb]
Building hybrid MTBDD matrix... [levels=14, nodes=290] [13.6 KB]
Adding explicit sparse matrices... [levels=14, num=1, compact] [110.8 KB]
Allocating iteration vectors... [2 x 70.3 KB]
TOTAL: [265.0 KB]

Starting iterations...

Power method: 11829 iterations in 0.98 seconds (average 0.000082, setup 0.00)

Printing steady-state probabilities in plain text format to file "../../../../CZK_project/Output/t=0.05_median/hybrid/ph_10_900_1E-5"...

Time for steady-state probability computation: 1.208 seconds.

