PRISM
=====

Version: 4.4.GSMP
Date: Fri May 25 15:01:18 CEST 2018
Hostname: thomas
Memory limits: cudd=1g, java(heap)=910.5m
Command line: prism -hybrid -epsilon 1E-5 -maxiters 100000000 -power -absolute -const 'k=4300,timeout=0.05,lambda=13.8629436200' ../../../../CZK_project/Model/queue_withptf_ctmc.sm -ss -exportss ../../../../CZK_project/Output/t=0.05_median/hybrid/ph_10_4300_1E-5

Parsing model file "../../../../CZK_project/Model/queue_withptf_ctmc.sm"...

Type:        CTMC
Modules:     main trigger 
Variables:   qSize i 

---------------------------------------------------------------------

Computing steady-state probabilities...

Building model...
Model constants: k=4300,timeout=0.05,lambda=13.86294362

Computing reachable states...

Reachability (BFS): 43001 iterations in 1.31 seconds (average 0.000031, setup 0.00)

Time for model construction: 2.494 seconds.

Type:        CTMC
States:      43001 (1 initial)
Transitions: 81701

Rate matrix: 219 nodes (3 terminal), 81701 minterms, vars: 17r/17c

SCCs: 1, BSCCs: 1, non-BSCC states: 0
BSCC sizes: 1:43001

Initial states all in one BSCC (so no reachability probabilities computed)

Computing probabilities...
Engine: Hybrid

Building power method iteration matrix MTBDD... [nodes=314] [6.1 Kb]
Building hybrid MTBDD matrix... [levels=17, nodes=374] [17.5 KB]
Adding explicit sparse matrices... [levels=17, num=1, compact] [529.1 KB]
Allocating iteration vectors... [2 x 335.9 KB]
TOTAL: [1.2 MB]

Starting iterations...

Power method: 2324 iterations in 1.01 seconds (average 0.000432, setup 0.01)

Printing steady-state probabilities in plain text format to file "../../../../CZK_project/Output/t=0.05_median/hybrid/ph_10_4300_1E-5"...

Time for steady-state probability computation: 2.669 seconds.

