PRISM
=====

Version: 4.4.GSMP
Date: Fri May 25 15:01:07 CEST 2018
Hostname: thomas
Memory limits: cudd=1g, java(heap)=910.5m
Command line: prism -hybrid -epsilon 1E-5 -maxiters 100000000 -power -absolute -const 'k=4100,timeout=0.05,lambda=13.8629436200' ../../../../CZK_project/Model/queue_withptf_ctmc.sm -ss -exportss ../../../../CZK_project/Output/t=0.05_median/hybrid/ph_10_4100_1E-5

Parsing model file "../../../../CZK_project/Model/queue_withptf_ctmc.sm"...

Type:        CTMC
Modules:     main trigger 
Variables:   qSize i 

---------------------------------------------------------------------

Computing steady-state probabilities...

Building model...
Model constants: k=4100,timeout=0.05,lambda=13.86294362

Computing reachable states...

Reachability (BFS): 41001 iterations in 1.34 seconds (average 0.000033, setup 0.00)

Time for model construction: 2.631 seconds.

Type:        CTMC
States:      41001 (1 initial)
Transitions: 77901

Rate matrix: 219 nodes (3 terminal), 77901 minterms, vars: 17r/17c

SCCs: 1, BSCCs: 1, non-BSCC states: 0
BSCC sizes: 1:41001

Initial states all in one BSCC (so no reachability probabilities computed)

Computing probabilities...
Engine: Hybrid

Building power method iteration matrix MTBDD... [nodes=314] [6.1 Kb]
Building hybrid MTBDD matrix... [levels=17, nodes=365] [17.1 KB]
Adding explicit sparse matrices... [levels=17, num=1, compact] [504.5 KB]
Allocating iteration vectors... [2 x 320.3 KB]
TOTAL: [1.1 MB]

Starting iterations...

Power method: 2324 iterations in 0.97 seconds (average 0.000413, setup 0.01)

Printing steady-state probabilities in plain text format to file "../../../../CZK_project/Output/t=0.05_median/hybrid/ph_10_4100_1E-5"...

Time for steady-state probability computation: 2.485 seconds.

