PRISM
=====

Version: 4.4.GSMP
Date: Fri May 25 14:59:49 CEST 2018
Hostname: thomas
Memory limits: cudd=1g, java(heap)=910.5m
Command line: prism -hybrid -epsilon 1E-5 -maxiters 100000000 -power -absolute -const 'k=1700,timeout=0.05,lambda=13.8629436200' ../../../../CZK_project/Model/queue_withptf_ctmc.sm -ss -exportss ../../../../CZK_project/Output/t=0.05_median/hybrid/ph_10_1700_1E-5

Parsing model file "../../../../CZK_project/Model/queue_withptf_ctmc.sm"...

Type:        CTMC
Modules:     main trigger 
Variables:   qSize i 

---------------------------------------------------------------------

Computing steady-state probabilities...

Building model...
Model constants: k=1700,timeout=0.05,lambda=13.86294362

Computing reachable states...

Reachability (BFS): 17001 iterations in 0.34 seconds (average 0.000020, setup 0.00)

Time for model construction: 0.533 seconds.

Type:        CTMC
States:      17001 (1 initial)
Transitions: 32301

Rate matrix: 187 nodes (3 terminal), 32301 minterms, vars: 15r/15c

SCCs: 1, BSCCs: 1, non-BSCC states: 0
BSCC sizes: 1:17001

Initial states all in one BSCC (so no reachability probabilities computed)

Computing probabilities...
Engine: Hybrid

Building power method iteration matrix MTBDD... [nodes=268] [5.2 Kb]
Building hybrid MTBDD matrix... [levels=15, nodes=320] [15.0 KB]
Adding explicit sparse matrices... [levels=15, num=1, compact] [209.2 KB]
Allocating iteration vectors... [2 x 132.8 KB]
TOTAL: [489.9 KB]

Starting iterations...

Power method: 1650 iterations in 0.28 seconds (average 0.000170, setup 0.00)

Printing steady-state probabilities in plain text format to file "../../../../CZK_project/Output/t=0.05_median/hybrid/ph_10_1700_1E-5"...

Time for steady-state probability computation: 0.761 seconds.

