PRISM
=====

Version: 4.4.GSMP
Date: Fri May 25 14:59:10 CEST 2018
Hostname: thomas
Memory limits: cudd=1g, java(heap)=910.5m
Command line: prism -hybrid -epsilon 1E-5 -maxiters 100000000 -power -absolute -const 'k=35,timeout=0.05,lambda=13.8629436200' ../../../../CZK_project/Model/queue_withptf_ctmc.sm -ss -exportss ../../../../CZK_project/Output/t=0.05_median/hybrid/ph_10_35_1E-5

Parsing model file "../../../../CZK_project/Model/queue_withptf_ctmc.sm"...

Type:        CTMC
Modules:     main trigger 
Variables:   qSize i 

---------------------------------------------------------------------

Computing steady-state probabilities...

Building model...
Model constants: k=35,timeout=0.05,lambda=13.86294362

Computing reachable states...

Reachability (BFS): 351 iterations in 0.00 seconds (average 0.000011, setup 0.00)

Time for model construction: 0.015 seconds.

Type:        CTMC
States:      351 (1 initial)
Transitions: 666

Rate matrix: 115 nodes (3 terminal), 666 minterms, vars: 10r/10c

SCCs: 1, BSCCs: 1, non-BSCC states: 0
BSCC sizes: 1:351

Initial states all in one BSCC (so no reachability probabilities computed)

Computing probabilities...
Engine: Hybrid

Building power method iteration matrix MTBDD... [nodes=168] [3.3 Kb]
Building hybrid MTBDD matrix... [levels=10, nodes=198] [9.3 KB]
Adding explicit sparse matrices... [levels=10, num=1, compact] [4.4 KB]
Allocating iteration vectors... [2 x 2.7 KB]
TOTAL: [19.1 KB]

Starting iterations...

Power method: 1526 iterations in 0.00 seconds (average 0.000003, setup 0.00)

Printing steady-state probabilities in plain text format to file "../../../../CZK_project/Output/t=0.05_median/hybrid/ph_10_35_1E-5"...

Time for steady-state probability computation: 0.02 seconds.

