PRISM
=====

Version: 4.4.GSMP
Date: Fri May 25 14:59:12 CEST 2018
Hostname: thomas
Memory limits: cudd=1g, java(heap)=910.5m
Command line: prism -hybrid -epsilon 1E-5 -maxiters 100000000 -power -absolute -const 'k=45,timeout=0.05,lambda=13.8629436200' ../../../../CZK_project/Model/queue_withptf_ctmc.sm -ss -exportss ../../../../CZK_project/Output/t=0.05_median/hybrid/ph_10_45_1E-5

Parsing model file "../../../../CZK_project/Model/queue_withptf_ctmc.sm"...

Type:        CTMC
Modules:     main trigger 
Variables:   qSize i 

---------------------------------------------------------------------

Computing steady-state probabilities...

Building model...
Model constants: k=45,timeout=0.05,lambda=13.86294362

Computing reachable states...

Reachability (BFS): 451 iterations in 0.00 seconds (average 0.000009, setup 0.00)

Time for model construction: 0.016 seconds.

Type:        CTMC
States:      451 (1 initial)
Transitions: 856

Rate matrix: 111 nodes (3 terminal), 856 minterms, vars: 10r/10c

SCCs: 1, BSCCs: 1, non-BSCC states: 0
BSCC sizes: 1:451

Initial states all in one BSCC (so no reachability probabilities computed)

Computing probabilities...
Engine: Hybrid

Building power method iteration matrix MTBDD... [nodes=166] [3.2 Kb]
Building hybrid MTBDD matrix... [levels=10, nodes=201] [9.4 KB]
Adding explicit sparse matrices... [levels=10, num=1, compact] [5.6 KB]
Allocating iteration vectors... [2 x 3.5 KB]
TOTAL: [22.1 KB]

Starting iterations...

Power method: 1857 iterations in 0.01 seconds (average 0.000004, setup 0.00)

Printing steady-state probabilities in plain text format to file "../../../../CZK_project/Output/t=0.05_median/hybrid/ph_10_45_1E-5"...

Time for steady-state probability computation: 0.026 seconds.

