PRISM
=====

Version: 4.4.GSMP
Date: Fri May 25 15:00:01 CEST 2018
Hostname: thomas
Memory limits: cudd=1g, java(heap)=910.5m
Command line: prism -hybrid -epsilon 1E-5 -maxiters 100000000 -power -absolute -const 'k=2300,timeout=0.05,lambda=13.8629436200' ../../../../CZK_project/Model/queue_withptf_ctmc.sm -ss -exportss ../../../../CZK_project/Output/t=0.05_median/hybrid/ph_10_2300_1E-5

Parsing model file "../../../../CZK_project/Model/queue_withptf_ctmc.sm"...

Type:        CTMC
Modules:     main trigger 
Variables:   qSize i 

---------------------------------------------------------------------

Computing steady-state probabilities...

Building model...
Model constants: k=2300,timeout=0.05,lambda=13.86294362

Computing reachable states...

Reachability (BFS): 23001 iterations in 0.59 seconds (average 0.000026, setup 0.00)

Time for model construction: 0.94 seconds.

Type:        CTMC
States:      23001 (1 initial)
Transitions: 43701

Rate matrix: 203 nodes (3 terminal), 43701 minterms, vars: 16r/16c

SCCs: 1, BSCCs: 1, non-BSCC states: 0
BSCC sizes: 1:23001

Initial states all in one BSCC (so no reachability probabilities computed)

Computing probabilities...
Engine: Hybrid

Building power method iteration matrix MTBDD... [nodes=291] [5.7 Kb]
Building hybrid MTBDD matrix... [levels=16, nodes=353] [16.5 KB]
Adding explicit sparse matrices... [levels=16, num=1, compact] [283.1 KB]
Allocating iteration vectors... [2 x 179.7 KB]
TOTAL: [659.0 KB]

Starting iterations...

Power method: 1957 iterations in 0.44 seconds (average 0.000223, setup 0.00)

Printing steady-state probabilities in plain text format to file "../../../../CZK_project/Output/t=0.05_median/hybrid/ph_10_2300_1E-5"...

Time for steady-state probability computation: 1.183 seconds.

