PRISM
=====

Version: 4.4.GSMP
Date: Fri May 25 14:59:04 CEST 2018
Hostname: thomas
Memory limits: cudd=1g, java(heap)=910.5m
Command line: prism -hybrid -epsilon 1E-5 -maxiters 100000000 -power -absolute -const 'k=10,timeout=0.05,lambda=13.8629436200' ../../../../CZK_project/Model/queue_withptf_ctmc.sm -ss -exportss ../../../../CZK_project/Output/t=0.05_median/hybrid/ph_10_10_1E-5

Parsing model file "../../../../CZK_project/Model/queue_withptf_ctmc.sm"...

Type:        CTMC
Modules:     main trigger 
Variables:   qSize i 

---------------------------------------------------------------------

Computing steady-state probabilities...

Building model...
Model constants: k=10,timeout=0.05,lambda=13.86294362

Computing reachable states...

Reachability (BFS): 101 iterations in 0.00 seconds (average 0.000000, setup 0.00)

Time for model construction: 0.012 seconds.

Type:        CTMC
States:      101 (1 initial)
Transitions: 191

Rate matrix: 81 nodes (3 terminal), 191 minterms, vars: 8r/8c

SCCs: 1, BSCCs: 1, non-BSCC states: 0
BSCC sizes: 1:101

Initial states all in one BSCC (so no reachability probabilities computed)

Computing probabilities...
Engine: Hybrid

Building power method iteration matrix MTBDD... [nodes=115] [2.2 Kb]
Building hybrid MTBDD matrix... [levels=8, nodes=132] [6.2 KB]
Adding explicit sparse matrices... [levels=8, num=1, compact] [1.3 KB]
Allocating iteration vectors... [2 x 0.8 KB]
TOTAL: [9.0 KB]

Starting iterations...

Power method: 617 iterations in 0.00 seconds (average 0.000006, setup 0.00)

Printing steady-state probabilities in plain text format to file "../../../../CZK_project/Output/t=0.05_median/hybrid/ph_10_10_1E-5"...

Time for steady-state probability computation: 0.009 seconds.

