PRISM
=====

Version: 4.4.GSMP
Date: Fri May 25 14:59:23 CEST 2018
Hostname: thomas
Memory limits: cudd=1g, java(heap)=910.5m
Command line: prism -hybrid -epsilon 1E-5 -maxiters 100000000 -power -absolute -const 'k=90,timeout=0.05,lambda=13.8629436200' ../../../../CZK_project/Model/queue_withptf_ctmc.sm -ss -exportss ../../../../CZK_project/Output/t=0.05_median/hybrid/ph_10_90_1E-5

Parsing model file "../../../../CZK_project/Model/queue_withptf_ctmc.sm"...

Type:        CTMC
Modules:     main trigger 
Variables:   qSize i 

---------------------------------------------------------------------

Computing steady-state probabilities...

Building model...
Model constants: k=90,timeout=0.05,lambda=13.86294362

Computing reachable states...

Reachability (BFS): 901 iterations in 0.01 seconds (average 0.000013, setup 0.00)

Time for model construction: 0.022 seconds.

Type:        CTMC
States:      901 (1 initial)
Transitions: 1711

Rate matrix: 129 nodes (3 terminal), 1711 minterms, vars: 11r/11c

SCCs: 1, BSCCs: 1, non-BSCC states: 0
BSCC sizes: 1:901

Initial states all in one BSCC (so no reachability probabilities computed)

Computing probabilities...
Engine: Hybrid

Building power method iteration matrix MTBDD... [nodes=184] [3.6 Kb]
Building hybrid MTBDD matrix... [levels=11, nodes=219] [10.3 KB]
Adding explicit sparse matrices... [levels=11, num=1, compact] [11.1 KB]
Allocating iteration vectors... [2 x 7.0 KB]
TOTAL: [35.5 KB]

Starting iterations...

Power method: 3036 iterations in 0.03 seconds (average 0.000009, setup 0.00)

Printing steady-state probabilities in plain text format to file "../../../../CZK_project/Output/t=0.05_median/hybrid/ph_10_90_1E-5"...

Time for steady-state probability computation: 0.055 seconds.

