PRISM
=====

Version: 4.4.GSMP
Date: Fri May 25 14:59:16 CEST 2018
Hostname: thomas
Memory limits: cudd=1g, java(heap)=910.5m
Command line: prism -hybrid -epsilon 1E-5 -maxiters 100000000 -power -absolute -const 'k=60,timeout=0.05,lambda=13.8629436200' ../../../../CZK_project/Model/queue_withptf_ctmc.sm -ss -exportss ../../../../CZK_project/Output/t=0.05_median/hybrid/ph_10_60_1E-5

Parsing model file "../../../../CZK_project/Model/queue_withptf_ctmc.sm"...

Type:        CTMC
Modules:     main trigger 
Variables:   qSize i 

---------------------------------------------------------------------

Computing steady-state probabilities...

Building model...
Model constants: k=60,timeout=0.05,lambda=13.86294362

Computing reachable states...

Reachability (BFS): 601 iterations in 0.00 seconds (average 0.000007, setup 0.00)

Time for model construction: 0.018 seconds.

Type:        CTMC
States:      601 (1 initial)
Transitions: 1141

Rate matrix: 107 nodes (3 terminal), 1141 minterms, vars: 10r/10c

SCCs: 1, BSCCs: 1, non-BSCC states: 0
BSCC sizes: 1:601

Initial states all in one BSCC (so no reachability probabilities computed)

Computing probabilities...
Engine: Hybrid

Building power method iteration matrix MTBDD... [nodes=153] [3.0 Kb]
Building hybrid MTBDD matrix... [levels=10, nodes=182] [8.5 KB]
Adding explicit sparse matrices... [levels=10, num=1, compact] [7.4 KB]
Allocating iteration vectors... [2 x 4.7 KB]
TOTAL: [25.4 KB]

Starting iterations...

Power method: 2280 iterations in 0.01 seconds (average 0.000004, setup 0.00)

Printing steady-state probabilities in plain text format to file "../../../../CZK_project/Output/t=0.05_median/hybrid/ph_10_60_1E-5"...

Time for steady-state probability computation: 0.033 seconds.

