PRISM
=====

Version: 4.4
Date: Wed Jun 20 05:19:04 EDT 2018
Hostname: storm-eval
Memory limits: cudd=1g, java(heap)=910.5m
Command line: prism -hybrid -maxiters 100000000 -power -absolute -const 'k=50000,timeout=0.1,lambda=6.93147180559945309400' ../../CZK_project/Model/queue_withptf_ctmc.sm -ss -exportss ../../CZK_project/Output/t=0.1_median_standard/hybrid/ph_10_50000_standard

Parsing model file "../../CZK_project/Model/queue_withptf_ctmc.sm"...

Type:        CTMC
Modules:     main trigger 
Variables:   qSize i 

---------------------------------------------------------------------

Computing steady-state probabilities...

Building model...
Model constants: k=50000,timeout=0.1,lambda=6.9314718056

Computing reachable states...

Reachability (BFS): 550000 iterations in 29.40 seconds (average 0.000053, setup 0.00)

Time for model construction: 417.243 seconds.

Type:        CTMC
States:      550000 (1 initial)
Transitions: 1050000

Rate matrix: 226 nodes (3 terminal), 1050000 minterms, vars: 20r/20c

SCCs: 1, BSCCs: 1, non-BSCC states: 0
BSCC sizes: 1:550000

Initial states all in one BSCC (so no reachability probabilities computed)

Computing probabilities...
Engine: Hybrid

Building power method iteration matrix MTBDD... [nodes=303] [5.9 Kb]
Building hybrid MTBDD matrix... [levels=20, nodes=343] [16.1 KB]
Adding explicit sparse matrices... [levels=14, num=9, compact] [419.9 KB]
Allocating iteration vectors... [2 x 4.2 MB]
TOTAL: [8.8 MB]

Starting iterations...

Power method: 60 iterations in 0.41 seconds (average 0.006867, setup 0.00)

Printing steady-state probabilities in plain text format to file "../../CZK_project/Output/t=0.1_median_standard/hybrid/ph_10_50000_standard"...

Time for steady-state probability computation: 53.679 seconds.

