PRISM
=====

Version: 4.4
Date: Wed Jun 20 05:09:11 EDT 2018
Hostname: storm-eval
Memory limits: cudd=1g, java(heap)=910.5m
Command line: prism -hybrid -maxiters 100000000 -power -absolute -const 'k=40000,timeout=0.1,lambda=6.93147180559945309400' ../../CZK_project/Model/queue_withptf_ctmc.sm -ss -exportss ../../CZK_project/Output/t=0.1_median_standard/hybrid/ph_10_40000_standard

Parsing model file "../../CZK_project/Model/queue_withptf_ctmc.sm"...

Type:        CTMC
Modules:     main trigger 
Variables:   qSize i 

---------------------------------------------------------------------

Computing steady-state probabilities...

Building model...
Model constants: k=40000,timeout=0.1,lambda=6.9314718056

Computing reachable states...

Reachability (BFS): 440000 iterations in 22.46 seconds (average 0.000051, setup 0.00)

Time for model construction: 223.95 seconds.

Type:        CTMC
States:      440000 (1 initial)
Transitions: 840000

Rate matrix: 214 nodes (3 terminal), 840000 minterms, vars: 20r/20c

SCCs: 1, BSCCs: 1, non-BSCC states: 0
BSCC sizes: 1:440000

Initial states all in one BSCC (so no reachability probabilities computed)

Computing probabilities...
Engine: Hybrid

Building power method iteration matrix MTBDD... [nodes=287] [5.6 Kb]
Building hybrid MTBDD matrix... [levels=20, nodes=320] [15.0 KB]
Adding explicit sparse matrices... [levels=15, num=8, compact] [937.5 KB]
Allocating iteration vectors... [2 x 3.4 MB]
TOTAL: [7.6 MB]

Starting iterations...

Power method: 82 iterations in 0.45 seconds (average 0.005415, setup 0.01)

Printing steady-state probabilities in plain text format to file "../../CZK_project/Output/t=0.1_median_standard/hybrid/ph_10_40000_standard"...

Time for steady-state probability computation: 37.244 seconds.

