PRISM
=====

Version: 4.4
Date: Wed Jun 20 04:57:13 EDT 2018
Hostname: storm-eval
Memory limits: cudd=1g, java(heap)=910.5m
Command line: prism -hybrid -maxiters 100000000 -power -absolute -const 'k=3000,timeout=0.1,lambda=6.93147180559945309400' ../../CZK_project/Model/queue_withptf_ctmc.sm -ss -exportss ../../CZK_project/Output/t=0.1_median_standard/hybrid/ph_10_3000_standard

Parsing model file "../../CZK_project/Model/queue_withptf_ctmc.sm"...

Type:        CTMC
Modules:     main trigger 
Variables:   qSize i 

---------------------------------------------------------------------

Computing steady-state probabilities...

Building model...
Model constants: k=3000,timeout=0.1,lambda=6.9314718056

Computing reachable states...

Reachability (BFS): 33000 iterations in 1.08 seconds (average 0.000033, setup 0.00)

Time for model construction: 3.101 seconds.

Type:        CTMC
States:      33000 (1 initial)
Transitions: 63000

Rate matrix: 176 nodes (3 terminal), 63000 minterms, vars: 16r/16c

SCCs: 1, BSCCs: 1, non-BSCC states: 0
BSCC sizes: 1:33000

Initial states all in one BSCC (so no reachability probabilities computed)

Computing probabilities...
Engine: Hybrid

Building power method iteration matrix MTBDD... [nodes=235] [4.6 Kb]
Building hybrid MTBDD matrix... [levels=16, nodes=272] [12.8 KB]
Adding explicit sparse matrices... [levels=16, num=1, compact] [407.3 KB]
Allocating iteration vectors... [2 x 257.8 KB]
TOTAL: [935.6 KB]

Starting iterations...

Power method: 5215 iterations in 1.48 seconds (average 0.000283, setup 0.00)

Printing steady-state probabilities in plain text format to file "../../CZK_project/Output/t=0.1_median_standard/hybrid/ph_10_3000_standard"...

Time for steady-state probability computation: 4.212 seconds.

