PRISM
=====

Version: 4.4.GSMP
Date: Wed May 30 14:40:43 CEST 2018
Hostname: thomas
Memory limits: cudd=1g, java(heap)=910.5m
Command line: prism -explicit -epsilon 1E-6 -maxiters 100000000 -power -absolute -const 'k=4400,timeout=0.1,lambda=6.9314718100' ../../../../CZK_project/Model/queue_withptf_gsmp.sm -ss -exportss ../../../../CZK_project/Output/t=0.1_median/explicit/ph_10_4400_1E-6

Parsing model file "../../../../CZK_project/Model/queue_withptf_gsmp.sm"...

Type:        GSMP
Modules:     main trigger 
Variables:   qSize i 

---------------------------------------------------------------------

Computing steady-state probabilities...

Building model...
Model constants: k=4400,timeout=0.1,lambda=6.93147181

Computing reachable states... 48400 states
Reachable states exploration and model construction done in 0.681 secs.
Sorting reachable states list...

Time for model construction: 0.804 seconds.

Type:        GSMP
States:      48400 (1 initial)
Transitions: 92400
The model was recognized to be an ACTMC, so ACTMC method will be used!
