PRISM
=====

Version: 4.4.GSMP
Date: Thu May 24 11:17:38 CEST 2018
Hostname: thomas
Memory limits: cudd=1g, java(heap)=910.5m
Command line: prism -explicit -epsilon 1E-5 -maxiters 100000000 -power -absolute -const 'k=2000,timeout=0.1,lambda=6.9314718100' ../../../../CZK_project/Model/queue_withptf_gsmp.sm -ss -exportss ../../../../CZK_project/Output/t=0.1_median/explicit/ph_10_2000_1E-5

Parsing model file "../../../../CZK_project/Model/queue_withptf_gsmp.sm"...

Type:        GSMP
Modules:     main trigger 
Variables:   qSize i 

---------------------------------------------------------------------

Computing steady-state probabilities...

Building model...
Model constants: k=2000,timeout=0.1,lambda=6.93147181

Computing reachable states... 20001 states
Reachable states exploration and model construction done in 0.306 secs.
Sorting reachable states list...

Time for model construction: 0.382 seconds.

Type:        GSMP
States:      20001 (1 initial)
Transitions: 38001
The model was recognized to be an ACTMC, so ACTMC method will be used!
