PRISM
=====

Version: 4.4.GSMP
Date: Thu May 24 11:17:30 CEST 2018
Hostname: thomas
Memory limits: cudd=1g, java(heap)=910.5m
Command line: prism -explicit -epsilon 1E-5 -maxiters 100000000 -power -absolute -const 'k=500,timeout=0.1,lambda=6.9314718100' ../../../../CZK_project/Model/queue_withptf_gsmp.sm -ss -exportss ../../../../CZK_project/Output/t=0.1_median/explicit/ph_10_500_1E-5

Parsing model file "../../../../CZK_project/Model/queue_withptf_gsmp.sm"...

Type:        GSMP
Modules:     main trigger 
Variables:   qSize i 

---------------------------------------------------------------------

Computing steady-state probabilities...

Building model...
Model constants: k=500,timeout=0.1,lambda=6.93147181

Computing reachable states... 5001 states
Reachable states exploration and model construction done in 0.125 secs.
Sorting reachable states list...

Time for model construction: 0.15 seconds.

Type:        GSMP
States:      5001 (1 initial)
Transitions: 9501
The model was recognized to be an ACTMC, so ACTMC method will be used!

Computing probability of reaching BSCC 1

Starting probabilistic reachability...
Calculating predecessor relation for discrete-time Markov chain...  done (0.003 seconds)
Starting Prob0...
Prob0 took 0.005 seconds.
Starting Prob1...
Prob1 took 0.002 seconds.
target=5001, yes=5001, no=0, maybe=0
Starting value iteration (with Power method)...
Value iteration (with Power method) took 1 iterations, 0 multiplications and 0.001 seconds.
Probabilistic reachability took 0.014 seconds.

Probability of reaching BSCC 1: 1.0

Computing steady-state probabilities for BSCC 1
Starting value iteration...
Value iteration took 9513 iterations and 1.772 seconds.

Reducing ACTMC to equivalent DTMC took 0.026 seconds.
Computing steady-state probabilities for the equivalent DTMC took 1.8 seconds.

Printing steady-state probabilities in plain text format to file "../../../../CZK_project/Output/t=0.1_median/explicit/ph_10_500_1E-5"...

Time for steady-state probability computation: 1.848 seconds.

