PRISM
=====

Version: 4.4.GSMP
Date: Wed May 30 15:38:54 CEST 2018
Hostname: thomas
Memory limits: cudd=1g, java(heap)=910.5m
Command line: prism -hybrid -epsilon 1E-9 -maxiters 10000000 -power -absolute -const 'k=1000,timeout=0.1,lambda=6.9314718100' ../../../../CZK_project/Model/queue_withptf_ctmc.sm -ss -exportss ../../../../CZK_project/Output/t=0.1_epsilon/hybrid/ph_10_1000_1E-9

Parsing model file "../../../../CZK_project/Model/queue_withptf_ctmc.sm"...

Type:        CTMC
Modules:     main trigger 
Variables:   qSize i 

---------------------------------------------------------------------

Computing steady-state probabilities...

Building model...
Model constants: k=1000,timeout=0.1,lambda=6.93147181

Computing reachable states...

Reachability (BFS): 11000 iterations in 0.23 seconds (average 0.000021, setup 0.00)

Time for model construction: 0.333 seconds.

Type:        CTMC
States:      11000 (1 initial)
Transitions: 21000

Rate matrix: 148 nodes (3 terminal), 21000 minterms, vars: 14r/14c

SCCs: 1, BSCCs: 1, non-BSCC states: 0
BSCC sizes: 1:11000

Initial states all in one BSCC (so no reachability probabilities computed)

Computing probabilities...
Engine: Hybrid

Building power method iteration matrix MTBDD... [nodes=197] [3.8 Kb]
Building hybrid MTBDD matrix... [levels=14, nodes=227] [10.6 KB]
Adding explicit sparse matrices... [levels=14, num=1, compact] [135.8 KB]
Allocating iteration vectors... [2 x 85.9 KB]
TOTAL: [318.3 KB]

Starting iterations...
Iteration 45941: max diff=0.000000, 5.00 sec so far

Power method: 75696 iterations in 8.26 seconds (average 0.000109, setup 0.00)

Printing steady-state probabilities in plain text format to file "../../../../CZK_project/Output/t=0.1_epsilon/hybrid/ph_10_1000_1E-9"...

Time for steady-state probability computation: 8.742 seconds.

