PRISM
=====

Version: 4.4
Date: Tue Jun 19 11:04:14 EDT 2018
Hostname: storm-eval
Memory limits: cudd=1g, java(heap)=910.5m
Command line: prism -hybrid -maxiters 100000000 -power -absolute -const 'k=10000,timeout=0.1,lambda=6.93147180559945309400' ../../CZK_project/Model/queue_withptf_ctmc.sm -ss -exportss ../../CZK_project/Output/t=0.1_median_standart/hybrid/ph_10_10000_standart

Parsing model file "../../CZK_project/Model/queue_withptf_ctmc.sm"...

Type:        CTMC
Modules:     main trigger 
Variables:   qSize i 

---------------------------------------------------------------------

Computing steady-state probabilities...

Building model...
Model constants: k=10000,timeout=0.1,lambda=6.9314718056

Computing reachable states...

Reachability (BFS): 110000 iterations in 4.00 seconds (average 0.000036, setup 0.00)

Time for model construction: 10.818 seconds.

Type:        CTMC
States:      110000 (1 initial)
Transitions: 210000

Rate matrix: 198 nodes (3 terminal), 210000 minterms, vars: 18r/18c

SCCs: 1, BSCCs: 1, non-BSCC states: 0
BSCC sizes: 1:110000

Initial states all in one BSCC (so no reachability probabilities computed)

Computing probabilities...
Engine: Hybrid

Building power method iteration matrix MTBDD... [nodes=265] [5.2 Kb]
Building hybrid MTBDD matrix... [levels=18, nodes=298] [14.0 KB]
Adding explicit sparse matrices... [levels=15, num=7, compact] [664.1 KB]
Allocating iteration vectors... [2 x 859.4 KB]
TOTAL: [2.3 MB]

Starting iterations...

Power method: 1284 iterations in 1.44 seconds (average 0.001121, setup 0.00)

Printing steady-state probabilities in plain text format to file "../../CZK_project/Output/t=0.1_median_standart/hybrid/ph_10_10000_standart"...

Time for steady-state probability computation: 6.159 seconds.

