PRISM
=====

Version: 4.4
Date: Tue Jun 19 11:02:57 EDT 2018
Hostname: storm-eval
Memory limits: cudd=1g, java(heap)=910.5m
Command line: prism -hybrid -maxiters 100000000 -power -absolute -const 'k=9,timeout=0.1,lambda=6.93147180559945309400' ../../CZK_project/Model/queue_withptf_ctmc.sm -ss -exportss ../../CZK_project/Output/t=0.1_median_standart/hybrid/ph_10_9_standart

Parsing model file "../../CZK_project/Model/queue_withptf_ctmc.sm"...

Type:        CTMC
Modules:     main trigger 
Variables:   qSize i 

---------------------------------------------------------------------

Computing steady-state probabilities...

Building model...
Model constants: k=9,timeout=0.1,lambda=6.9314718056

Computing reachable states...

Reachability (BFS): 99 iterations in 0.00 seconds (average 0.000000, setup 0.00)

Time for model construction: 0.021 seconds.

Type:        CTMC
States:      99 (1 initial)
Transitions: 189

Rate matrix: 74 nodes (3 terminal), 189 minterms, vars: 8r/8c

SCCs: 1, BSCCs: 1, non-BSCC states: 0
BSCC sizes: 1:99

Initial states all in one BSCC (so no reachability probabilities computed)

Computing probabilities...
Engine: Hybrid

Building power method iteration matrix MTBDD... [nodes=107] [2.1 Kb]
Building hybrid MTBDD matrix... [levels=8, nodes=119] [5.6 KB]
Adding explicit sparse matrices... [levels=8, num=1, compact] [1.3 KB]
Allocating iteration vectors... [2 x 0.8 KB]
TOTAL: [8.4 KB]

Starting iterations...

Power method: 677 iterations in 0.00 seconds (average 0.000000, setup 0.00)

Printing steady-state probabilities in plain text format to file "../../CZK_project/Output/t=0.1_median_standart/hybrid/ph_10_9_standart"...

Time for steady-state probability computation: 0.011 seconds.

