PRISM
=====

Version: 4.4
Date: Tue Jun 19 11:04:32 EDT 2018
Hostname: storm-eval
Memory limits: cudd=1g, java(heap)=910.5m
Command line: prism -hybrid -maxiters 100000000 -power -absolute -const 'k=15000,timeout=0.1,lambda=6.93147180559945309400' ../../CZK_project/Model/queue_withptf_ctmc.sm -ss -exportss ../../CZK_project/Output/t=0.1_median_standart/hybrid/ph_10_15000_standart

Parsing model file "../../CZK_project/Model/queue_withptf_ctmc.sm"...

Type:        CTMC
Modules:     main trigger 
Variables:   qSize i 

---------------------------------------------------------------------

Computing steady-state probabilities...

Building model...
Model constants: k=15000,timeout=0.1,lambda=6.9314718056

Computing reachable states...

Reachability (BFS): 165000 iterations in 6.23 seconds (average 0.000038, setup 0.00)

Time for model construction: 21.959 seconds.

Type:        CTMC
States:      165000 (1 initial)
Transitions: 315000

Rate matrix: 204 nodes (3 terminal), 315000 minterms, vars: 18r/18c

SCCs: 1, BSCCs: 1, non-BSCC states: 0
BSCC sizes: 1:165000

Initial states all in one BSCC (so no reachability probabilities computed)

Computing probabilities...
Engine: Hybrid

Building power method iteration matrix MTBDD... [nodes=273] [5.3 Kb]
Building hybrid MTBDD matrix... [levels=18, nodes=314] [14.7 KB]
Adding explicit sparse matrices... [levels=15, num=7, compact] [996.1 KB]
Allocating iteration vectors... [2 x 1.3 MB]
TOTAL: [3.5 MB]

Starting iterations...

Power method: 577 iterations in 0.91 seconds (average 0.001560, setup 0.01)

Printing steady-state probabilities in plain text format to file "../../CZK_project/Output/t=0.1_median_standart/hybrid/ph_10_15000_standart"...

Time for steady-state probability computation: 7.615 seconds.

