PRISM
=====

Version: 4.4
Date: Thu Jul 12 03:45:46 EDT 2018
Hostname: storm-eval
Memory limits: cudd=1g, java(heap)=910.5m
Command line: prism -hybrid -epsilon 5e-14 -maxiters 100000000 -power -absolute -const k=2000 ../../CZK_project/Model/benchmark/devel/firstRejuvenation/firstRejuvenation_CTMC.pm -ss -exportss ../../CZK_project/Output/firstRejuvenation_1E-10_dynamic/hybrid/ph_2000_1E-10

Parsing model file "../../CZK_project/Model/benchmark/devel/firstRejuvenation/firstRejuvenation_CTMC.pm"...

Type:        CTMC
Modules:     firstRejuvenation trigger 
Variables:   status avail maintenance i 

---------------------------------------------------------------------

Computing steady-state probabilities...

Building model...
Model constants: k=2000

Computing reachable states...

Reachability (BFS): 4001 iterations in 0.12 seconds (average 0.000029, setup 0.00)

Time for model construction: 0.361 seconds.

Type:        CTMC
States:      10000 (1 initial)
Transitions: 14000

Rate matrix: 358 nodes (7 terminal), 14000 minterms, vars: 15r/15c

SCCs: 1, BSCCs: 1, non-BSCC states: 0
BSCC sizes: 1:10000

Initial states all in one BSCC (so no reachability probabilities computed)

Computing probabilities...
Engine: Hybrid

Building power method iteration matrix MTBDD... [nodes=422] [8.2 Kb]
Building hybrid MTBDD matrix... [levels=15, nodes=483] [22.6 KB]
Adding explicit sparse matrices... [levels=15, num=1, compact] [132.9 KB]
Allocating iteration vectors... [2 x 78.1 KB]
TOTAL: [311.8 KB]

Starting iterations...
Iteration 75590: max diff=0.000001, 5.00 sec so far
Iteration 150354: max diff=0.000001, 10.01 sec so far
Iteration 225481: max diff=0.000000, 15.01 sec so far
Iteration 300570: max diff=0.000000, 20.02 sec so far
Iteration 375780: max diff=0.000000, 25.02 sec so far
Iteration 451305: max diff=0.000000, 30.02 sec so far
Iteration 526493: max diff=0.000000, 35.03 sec so far
Iteration 601397: max diff=0.000000, 40.03 sec so far
Iteration 676733: max diff=0.000000, 45.04 sec so far
Iteration 751284: max diff=0.000000, 50.04 sec so far
Iteration 826998: max diff=0.000000, 55.04 sec so far
Iteration 902241: max diff=0.000000, 60.05 sec so far
Iteration 977221: max diff=0.000000, 65.05 sec so far
Iteration 1052575: max diff=0.000000, 70.06 sec so far
Iteration 1127400: max diff=0.000000, 75.06 sec so far
Iteration 1202547: max diff=0.000000, 80.06 sec so far
Iteration 1277670: max diff=0.000000, 85.07 sec so far
Iteration 1353422: max diff=0.000000, 90.07 sec so far
Iteration 1428097: max diff=0.000000, 95.08 sec so far
Iteration 1502528: max diff=0.000000, 100.08 sec so far
Iteration 1577336: max diff=0.000000, 105.08 sec so far
Iteration 1651471: max diff=0.000000, 110.09 sec so far
Iteration 1725552: max diff=0.000000, 115.09 sec so far
Iteration 1800408: max diff=0.000000, 120.10 sec so far
Iteration 1875440: max diff=0.000000, 125.10 sec so far
Iteration 1950428: max diff=0.000000, 130.10 sec so far
Iteration 2025418: max diff=0.000000, 135.11 sec so far
Iteration 2101119: max diff=0.000000, 140.11 sec so far
Iteration 2176287: max diff=0.000000, 145.12 sec so far
Iteration 2251571: max diff=0.000000, 150.12 sec so far
Iteration 2326871: max diff=0.000000, 155.12 sec so far
Iteration 2402419: max diff=0.000000, 160.13 sec so far
Iteration 2477377: max diff=0.000000, 165.13 sec so far
Iteration 2552637: max diff=0.000000, 170.14 sec so far
Iteration 2627994: max diff=0.000000, 175.14 sec so far
Iteration 2702984: max diff=0.000000, 180.14 sec so far
Iteration 2778323: max diff=0.000000, 185.15 sec so far
Iteration 2853488: max diff=0.000000, 190.15 sec so far
Iteration 2928769: max diff=0.000000, 195.16 sec so far
Iteration 3003042: max diff=0.000000, 200.16 sec so far
Iteration 3077736: max diff=0.000000, 205.16 sec so far
Iteration 3152546: max diff=0.000000, 210.17 sec so far
Iteration 3227260: max diff=0.000000, 215.17 sec so far
Iteration 3301895: max diff=0.000000, 220.18 sec so far
Iteration 3376875: max diff=0.000000, 225.18 sec so far
Iteration 3452333: max diff=0.000000, 230.18 sec so far
Iteration 3527203: max diff=0.000000, 235.19 sec so far
Iteration 3601842: max diff=0.000000, 240.19 sec so far
Iteration 3675903: max diff=0.000000, 245.20 sec so far
Iteration 3750074: max diff=0.000000, 250.20 sec so far
Iteration 3824853: max diff=0.000000, 255.20 sec so far
Iteration 3900042: max diff=0.000000, 260.21 sec so far
Iteration 3973897: max diff=0.000000, 265.21 sec so far
Iteration 4049208: max diff=0.000000, 270.22 sec so far
Iteration 4124821: max diff=0.000000, 275.22 sec so far
Iteration 4199369: max diff=0.000000, 280.22 sec so far
Iteration 4274204: max diff=0.000000, 285.23 sec so far
Iteration 4349022: max diff=0.000000, 290.23 sec so far
Iteration 4423777: max diff=0.000000, 295.24 sec so far
Iteration 4498875: max diff=0.000000, 300.24 sec so far
Iteration 4573285: max diff=0.000000, 305.24 sec so far
Iteration 4648115: max diff=0.000000, 310.25 sec so far
Iteration 4722853: max diff=0.000000, 315.25 sec so far
Iteration 4797401: max diff=0.000000, 320.26 sec so far
Iteration 4872333: max diff=0.000000, 325.26 sec so far
Iteration 4946383: max diff=0.000000, 330.26 sec so far
Iteration 5021310: max diff=0.000000, 335.27 sec so far
Iteration 5096530: max diff=0.000000, 340.27 sec so far
Iteration 5171617: max diff=0.000000, 345.28 sec so far
Iteration 5246578: max diff=0.000000, 350.28 sec so far
Iteration 5322028: max diff=0.000000, 355.28 sec so far
Iteration 5396677: max diff=0.000000, 360.29 sec so far
Iteration 5471586: max diff=0.000000, 365.29 sec so far
Iteration 5546752: max diff=0.000000, 370.30 sec so far
Iteration 5621926: max diff=0.000000, 375.30 sec so far
Iteration 5696937: max diff=0.000000, 380.30 sec so far
Iteration 5771483: max diff=0.000000, 385.31 sec so far
Iteration 5846294: max diff=0.000000, 390.31 sec so far
Iteration 5921186: max diff=0.000000, 395.32 sec so far
Iteration 5996239: max diff=0.000000, 400.32 sec so far
Iteration 6071346: max diff=0.000000, 405.32 sec so far
Iteration 6146579: max diff=0.000000, 410.33 sec so far
Iteration 6221985: max diff=0.000000, 415.33 sec so far
Iteration 6297172: max diff=0.000000, 420.34 sec so far
Iteration 6372490: max diff=0.000000, 425.34 sec so far
Iteration 6447935: max diff=0.000000, 430.34 sec so far
Iteration 6523549: max diff=0.000000, 435.35 sec so far
Iteration 6598999: max diff=0.000000, 440.35 sec so far
Iteration 6674049: max diff=0.000000, 445.36 sec so far
Iteration 6749011: max diff=0.000000, 450.36 sec so far
Iteration 6824425: max diff=0.000000, 455.36 sec so far
Iteration 6899792: max diff=0.000000, 460.37 sec so far
Iteration 6974898: max diff=0.000000, 465.37 sec so far
Iteration 7048574: max diff=0.000000, 470.38 sec so far
Iteration 7122391: max diff=0.000000, 475.38 sec so far
Iteration 7197383: max diff=0.000000, 480.38 sec so far
Iteration 7272602: max diff=0.000000, 485.39 sec so far
Iteration 7347429: max diff=0.000000, 490.39 sec so far
Iteration 7422666: max diff=0.000000, 495.40 sec so far
Iteration 7497682: max diff=0.000000, 500.40 sec so far
Iteration 7572622: max diff=0.000000, 505.40 sec so far
Iteration 7647829: max diff=0.000000, 510.41 sec so far
Iteration 7723040: max diff=0.000000, 515.41 sec so far
Iteration 7798457: max diff=0.000000, 520.42 sec so far
Iteration 7873947: max diff=0.000000, 525.42 sec so far
Iteration 7949042: max diff=0.000000, 530.42 sec so far
Iteration 8024330: max diff=0.000000, 535.43 sec so far
Iteration 8099637: max diff=0.000000, 540.43 sec so far
Iteration 8174826: max diff=0.000000, 545.44 sec so far
Iteration 8250400: max diff=0.000000, 550.44 sec so far
Iteration 8325747: max diff=0.000000, 555.44 sec so far
Iteration 8401459: max diff=0.000000, 560.45 sec so far
Iteration 8476488: max diff=0.000000, 565.45 sec so far
Iteration 8551690: max diff=0.000000, 570.46 sec so far
Iteration 8627128: max diff=0.000000, 575.46 sec so far
Iteration 8701971: max diff=0.000000, 580.46 sec so far
Iteration 8777067: max diff=0.000000, 585.47 sec so far
Iteration 8851975: max diff=0.000000, 590.47 sec so far
Iteration 8927037: max diff=0.000000, 595.48 sec so far
Iteration 9002660: max diff=0.000000, 600.48 sec so far
Iteration 9077664: max diff=0.000000, 605.48 sec so far
Iteration 9152836: max diff=0.000000, 610.49 sec so far
Iteration 9227747: max diff=0.000000, 615.49 sec so far
Iteration 9303154: max diff=0.000000, 620.50 sec so far
Iteration 9378389: max diff=0.000000, 625.50 sec so far
Iteration 9453839: max diff=0.000000, 630.50 sec so far
Iteration 9529461: max diff=0.000000, 635.51 sec so far
Iteration 9604856: max diff=0.000000, 640.51 sec so far
Iteration 9678014: max diff=0.000000, 645.52 sec so far
Iteration 9752343: max diff=0.000000, 650.52 sec so far
Iteration 9827270: max diff=0.000000, 655.52 sec so far
Iteration 9901956: max diff=0.000000, 660.53 sec so far
Iteration 9976416: max diff=0.000000, 665.53 sec so far
Iteration 10051139: max diff=0.000000, 670.54 sec so far
Iteration 10125337: max diff=0.000000, 675.54 sec so far
Iteration 10199080: max diff=0.000000, 680.54 sec so far
Iteration 10274180: max diff=0.000000, 685.55 sec so far
Iteration 10349304: max diff=0.000000, 690.55 sec so far
Iteration 10424417: max diff=0.000000, 695.56 sec so far
Iteration 10499699: max diff=0.000000, 700.56 sec so far
Iteration 10574702: max diff=0.000000, 705.56 sec so far
Iteration 10649952: max diff=0.000000, 710.57 sec so far
Iteration 10725194: max diff=0.000000, 715.57 sec so far
Iteration 10800212: max diff=0.000000, 720.58 sec so far
Iteration 10875645: max diff=0.000000, 725.58 sec so far
Iteration 10950887: max diff=0.000000, 730.58 sec so far
Iteration 11026176: max diff=0.000000, 735.59 sec so far
Iteration 11101591: max diff=0.000000, 740.59 sec so far
Iteration 11176537: max diff=0.000000, 745.60 sec so far
Iteration 11251772: max diff=0.000000, 750.60 sec so far
Iteration 11327025: max diff=0.000000, 755.60 sec so far
Iteration 11401905: max diff=0.000000, 760.61 sec so far
Iteration 11477166: max diff=0.000000, 765.61 sec so far
Iteration 11553024: max diff=0.000000, 770.62 sec so far
Iteration 11628536: max diff=0.000000, 775.62 sec so far
Iteration 11703653: max diff=0.000000, 780.62 sec so far
Iteration 11779144: max diff=0.000000, 785.63 sec so far
Iteration 11853889: max diff=0.000000, 790.63 sec so far
Iteration 11929376: max diff=0.000000, 795.64 sec so far
Iteration 12005155: max diff=0.000000, 800.64 sec so far
Iteration 12080798: max diff=0.000000, 805.64 sec so far
Iteration 12156165: max diff=0.000000, 810.65 sec so far
Iteration 12231118: max diff=0.000000, 815.65 sec so far
Iteration 12306353: max diff=0.000000, 820.66 sec so far
Iteration 12381662: max diff=0.000000, 825.66 sec so far
Iteration 12456711: max diff=0.000000, 830.66 sec so far
Iteration 12531769: max diff=0.000000, 835.67 sec so far
Iteration 12606791: max diff=0.000000, 840.67 sec so far
Iteration 12682864: max diff=0.000000, 845.68 sec so far
Iteration 12758296: max diff=0.000000, 850.68 sec so far
Iteration 12833354: max diff=0.000000, 855.68 sec so far
Iteration 12907471: max diff=0.000000, 860.69 sec so far
Iteration 12982585: max diff=0.000000, 865.69 sec so far
Iteration 13057093: max diff=0.000000, 870.70 sec so far
Iteration 13131901: max diff=0.000000, 875.70 sec so far
Iteration 13206823: max diff=0.000000, 880.70 sec so far
Iteration 13280665: max diff=0.000000, 885.71 sec so far
Iteration 13354051: max diff=0.000000, 890.71 sec so far
Iteration 13427926: max diff=0.000000, 895.72 sec so far
Iteration 13502929: max diff=0.000000, 900.72 sec so far
Iteration 13578052: max diff=0.000000, 905.72 sec so far
Iteration 13653069: max diff=0.000000, 910.73 sec so far
Iteration 13726349: max diff=0.000000, 915.73 sec so far
Iteration 13800878: max diff=0.000000, 920.74 sec so far
Iteration 13875591: max diff=0.000000, 925.74 sec so far
Iteration 13950635: max diff=0.000000, 930.74 sec so far
Iteration 14024928: max diff=0.000000, 935.75 sec so far
Iteration 14098936: max diff=0.000000, 940.75 sec so far
Iteration 14174314: max diff=0.000000, 945.76 sec so far
Iteration 14248523: max diff=0.000000, 950.76 sec so far
Iteration 14323761: max diff=0.000000, 955.76 sec so far
Iteration 14398995: max diff=0.000000, 960.77 sec so far
Iteration 14474405: max diff=0.000000, 965.77 sec so far
Iteration 14548292: max diff=0.000000, 970.78 sec so far
Iteration 14623585: max diff=0.000000, 975.78 sec so far
Iteration 14698726: max diff=0.000000, 980.78 sec so far
Iteration 14774019: max diff=0.000000, 985.79 sec so far
Iteration 14848782: max diff=0.000000, 990.79 sec so far
Iteration 14924458: max diff=0.000000, 995.80 sec so far
Iteration 14998446: max diff=0.000000, 1000.80 sec so far
Iteration 15072033: max diff=0.000000, 1005.80 sec so far
Iteration 15146680: max diff=0.000000, 1010.81 sec so far
Iteration 15222132: max diff=0.000000, 1015.81 sec so far
Iteration 15295749: max diff=0.000000, 1020.82 sec so far
Iteration 15370621: max diff=0.000000, 1025.82 sec so far
Iteration 15445759: max diff=0.000000, 1030.82 sec so far
Iteration 15520794: max diff=0.000000, 1035.83 sec so far
Iteration 15596249: max diff=0.000000, 1040.83 sec so far
Iteration 15671942: max diff=0.000000, 1045.84 sec so far
Iteration 15747180: max diff=0.000000, 1050.84 sec so far
Iteration 15821382: max diff=0.000000, 1055.84 sec so far
Iteration 15895837: max diff=0.000000, 1060.85 sec so far
Iteration 15970104: max diff=0.000000, 1065.85 sec so far
Iteration 16043800: max diff=0.000000, 1070.86 sec so far
Iteration 16119172: max diff=0.000000, 1075.86 sec so far
Iteration 16192447: max diff=0.000000, 1080.86 sec so far
Iteration 16267518: max diff=0.000000, 1085.87 sec so far
Iteration 16342901: max diff=0.000000, 1090.87 sec so far
Iteration 16416973: max diff=0.000000, 1095.88 sec so far
Iteration 16490641: max diff=0.000000, 1100.88 sec so far
Iteration 16564384: max diff=0.000000, 1105.88 sec so far
Iteration 16637033: max diff=0.000000, 1110.89 sec so far
Iteration 16711091: max diff=0.000000, 1115.89 sec so far
Iteration 16786456: max diff=0.000000, 1120.90 sec so far
Iteration 16862356: max diff=0.000000, 1125.90 sec so far
Iteration 16937610: max diff=0.000000, 1130.90 sec so far
Iteration 17012862: max diff=0.000000, 1135.91 sec so far
Iteration 17087316: max diff=0.000000, 1140.91 sec so far
Iteration 17162399: max diff=0.000000, 1145.92 sec so far
Iteration 17235714: max diff=0.000000, 1150.92 sec so far
Iteration 17309721: max diff=0.000000, 1155.92 sec so far
Iteration 17383368: max diff=0.000000, 1160.93 sec so far
Iteration 17458452: max diff=0.000000, 1165.93 sec so far
Iteration 17532096: max diff=0.000000, 1170.94 sec so far
Iteration 17605759: max diff=0.000000, 1175.94 sec so far
Iteration 17678957: max diff=0.000000, 1180.94 sec so far
Iteration 17753845: max diff=0.000000, 1185.95 sec so far
Iteration 17828521: max diff=0.000000, 1190.95 sec so far
Iteration 17903045: max diff=0.000000, 1195.96 sec so far
Iteration 17977623: max diff=0.000000, 1200.96 sec so far
Iteration 18052743: max diff=0.000000, 1205.96 sec so far
Iteration 18127741: max diff=0.000000, 1210.97 sec so far
Iteration 18202504: max diff=0.000000, 1215.97 sec so far
Iteration 18277258: max diff=0.000000, 1220.98 sec so far
Iteration 18351947: max diff=0.000000, 1225.98 sec so far
Iteration 18426608: max diff=0.000000, 1230.98 sec so far
Iteration 18501749: max diff=0.000000, 1235.99 sec so far
Iteration 18576292: max diff=0.000000, 1240.99 sec so far
Iteration 18650858: max diff=0.000000, 1246.00 sec so far
Iteration 18725830: max diff=0.000000, 1251.00 sec so far
Iteration 18800603: max diff=0.000000, 1256.00 sec so far
Iteration 18875581: max diff=0.000000, 1261.01 sec so far
Iteration 18950080: max diff=0.000000, 1266.01 sec so far
Iteration 19024434: max diff=0.000000, 1271.02 sec so far
Iteration 19099314: max diff=0.000000, 1276.02 sec so far
Iteration 19173976: max diff=0.000000, 1281.02 sec so far
Iteration 19248515: max diff=0.000000, 1286.03 sec so far
Iteration 19323201: max diff=0.000000, 1291.03 sec so far
Iteration 19397961: max diff=0.000000, 1296.04 sec so far
Iteration 19472965: max diff=0.000000, 1301.04 sec so far
Iteration 19547377: max diff=0.000000, 1306.04 sec so far
Iteration 19622330: max diff=0.000000, 1311.05 sec so far
Iteration 19697294: max diff=0.000000, 1316.05 sec so far
Iteration 19772416: max diff=0.000000, 1321.06 sec so far
Iteration 19847218: max diff=0.000000, 1326.06 sec so far
Iteration 19922219: max diff=0.000000, 1331.06 sec so far
Iteration 19997196: max diff=0.000000, 1336.07 sec so far
Iteration 20072112: max diff=0.000000, 1341.07 sec so far
Iteration 20146664: max diff=0.000000, 1346.08 sec so far
Iteration 20221534: max diff=0.000000, 1351.08 sec so far
Iteration 20296313: max diff=0.000000, 1356.08 sec so far
Iteration 20371168: max diff=0.000000, 1361.09 sec so far
Iteration 20445834: max diff=0.000000, 1366.09 sec so far
Iteration 20520430: max diff=0.000000, 1371.10 sec so far
Iteration 20595250: max diff=0.000000, 1376.10 sec so far
Iteration 20670181: max diff=0.000000, 1381.10 sec so far
Iteration 20745805: max diff=0.000000, 1386.11 sec so far
Iteration 20820515: max diff=0.000000, 1391.11 sec so far
Iteration 20895883: max diff=0.000000, 1396.12 sec so far
Iteration 20970717: max diff=0.000000, 1401.12 sec so far
Iteration 21045606: max diff=0.000000, 1406.12 sec so far
Iteration 21120503: max diff=0.000000, 1411.13 sec so far
Iteration 21195216: max diff=0.000000, 1416.13 sec so far
Iteration 21270413: max diff=0.000000, 1421.14 sec so far
Iteration 21345142: max diff=0.000000, 1426.14 sec so far
Iteration 21420419: max diff=0.000000, 1431.14 sec so far
Iteration 21495911: max diff=0.000000, 1436.15 sec so far
Iteration 21570936: max diff=0.000000, 1441.15 sec so far
Iteration 21645712: max diff=0.000000, 1446.16 sec so far
Iteration 21720769: max diff=0.000000, 1451.16 sec so far
Iteration 21795664: max diff=0.000000, 1456.16 sec so far
Iteration 21870340: max diff=0.000000, 1461.17 sec so far
Iteration 21945704: max diff=0.000000, 1466.17 sec so far
Iteration 22020454: max diff=0.000000, 1471.18 sec so far
Iteration 22095270: max diff=0.000000, 1476.18 sec so far
Iteration 22170162: max diff=0.000000, 1481.18 sec so far
Iteration 22245001: max diff=0.000000, 1486.19 sec so far
Iteration 22319838: max diff=0.000000, 1491.19 sec so far
Iteration 22395138: max diff=0.000000, 1496.20 sec so far
Iteration 22470358: max diff=0.000000, 1501.20 sec so far
Iteration 22545402: max diff=0.000000, 1506.20 sec so far
Iteration 22620062: max diff=0.000000, 1511.21 sec so far
Iteration 22694911: max diff=0.000000, 1516.21 sec so far
Iteration 22769898: max diff=0.000000, 1521.22 sec so far
Iteration 22844554: max diff=0.000000, 1526.22 sec so far
Iteration 22919555: max diff=0.000000, 1531.22 sec so far
Iteration 22994419: max diff=0.000000, 1536.23 sec so far
Iteration 23069566: max diff=0.000000, 1541.23 sec so far
Iteration 23144420: max diff=0.000000, 1546.24 sec so far
Iteration 23218998: max diff=0.000000, 1551.24 sec so far
Iteration 23293693: max diff=0.000000, 1556.24 sec so far
Iteration 23368800: max diff=0.000000, 1561.25 sec so far
Iteration 23443447: max diff=0.000000, 1566.25 sec so far
Iteration 23518389: max diff=0.000000, 1571.26 sec so far
Iteration 23593337: max diff=0.000000, 1576.26 sec so far
Iteration 23667384: max diff=0.000000, 1581.26 sec so far
Iteration 23742417: max diff=0.000000, 1586.27 sec so far
Iteration 23817650: max diff=0.000000, 1591.27 sec so far
Iteration 23892425: max diff=0.000000, 1596.28 sec so far
Iteration 23967385: max diff=0.000000, 1601.28 sec so far
Iteration 24042345: max diff=0.000000, 1606.28 sec so far
Iteration 24117451: max diff=0.000000, 1611.29 sec so far
Iteration 24192414: max diff=0.000000, 1616.29 sec so far
Iteration 24267190: max diff=0.000000, 1621.30 sec so far
Iteration 24342245: max diff=0.000000, 1626.30 sec so far
Iteration 24416964: max diff=0.000000, 1631.30 sec so far
Iteration 24492088: max diff=0.000000, 1636.31 sec so far
Iteration 24567441: max diff=0.000000, 1641.31 sec so far
Iteration 24642652: max diff=0.000000, 1646.32 sec so far
Iteration 24717603: max diff=0.000000, 1651.32 sec so far
Iteration 24792571: max diff=0.000000, 1656.32 sec so far
Iteration 24867708: max diff=0.000000, 1661.33 sec so far
Iteration 24943068: max diff=0.000000, 1666.33 sec so far
Iteration 25018509: max diff=0.000000, 1671.34 sec so far
Iteration 25093506: max diff=0.000000, 1676.34 sec so far
Iteration 25168638: max diff=0.000000, 1681.34 sec so far
Iteration 25243873: max diff=0.000000, 1686.35 sec so far
Iteration 25319281: max diff=0.000000, 1691.35 sec so far
Iteration 25394780: max diff=0.000000, 1696.36 sec so far
Iteration 25468715: max diff=0.000000, 1701.36 sec so far
Iteration 25542385: max diff=0.000000, 1706.36 sec so far
Iteration 25614887: max diff=0.000000, 1711.37 sec so far
Iteration 25689613: max diff=0.000000, 1716.37 sec so far
Iteration 25764213: max diff=0.000000, 1721.38 sec so far
Iteration 25838971: max diff=0.000000, 1726.38 sec so far
Iteration 25913803: max diff=0.000000, 1731.38 sec so far
Iteration 25989183: max diff=0.000000, 1736.39 sec so far
Iteration 26062185: max diff=0.000000, 1741.39 sec so far
Iteration 26137743: max diff=0.000000, 1746.40 sec so far
Iteration 26213130: max diff=0.000000, 1751.40 sec so far
Iteration 26288744: max diff=0.000000, 1756.40 sec so far
Iteration 26364267: max diff=0.000000, 1761.41 sec so far
Iteration 26439268: max diff=0.000000, 1766.41 sec so far
Iteration 26514520: max diff=0.000000, 1771.42 sec so far
Iteration 26588301: max diff=0.000000, 1776.42 sec so far
Iteration 26661718: max diff=0.000000, 1781.42 sec so far
Iteration 26736961: max diff=0.000000, 1786.43 sec so far
Iteration 26811716: max diff=0.000000, 1791.43 sec so far
Iteration 26886538: max diff=0.000000, 1796.44 sec so far
Iteration 26961549: max diff=0.000000, 1801.44 sec so far
Iteration 27036538: max diff=0.000000, 1806.44 sec so far
Iteration 27111768: max diff=0.000000, 1811.45 sec so far
Iteration 27186807: max diff=0.000000, 1816.45 sec so far
Iteration 27261239: max diff=0.000000, 1821.46 sec so far
Iteration 27336405: max diff=0.000000, 1826.46 sec so far
Iteration 27411246: max diff=0.000000, 1831.46 sec so far
Iteration 27486893: max diff=0.000000, 1836.47 sec so far
Iteration 27562014: max diff=0.000000, 1841.47 sec so far
Iteration 27637100: max diff=0.000000, 1846.48 sec so far
Iteration 27712204: max diff=0.000000, 1851.48 sec so far
Iteration 27787308: max diff=0.000000, 1856.48 sec so far
Iteration 27862379: max diff=0.000000, 1861.49 sec so far
Iteration 27936184: max diff=0.000000, 1866.49 sec so far
Iteration 28011401: max diff=0.000000, 1871.50 sec so far
Iteration 28085333: max diff=0.000000, 1876.50 sec so far
Iteration 28158756: max diff=0.000000, 1881.50 sec so far
Iteration 28233825: max diff=0.000000, 1886.51 sec so far
Iteration 28307906: max diff=0.000000, 1891.51 sec so far
Iteration 28381638: max diff=0.000000, 1896.52 sec so far
Iteration 28456996: max diff=0.000000, 1901.52 sec so far
Iteration 28531764: max diff=0.000000, 1906.52 sec so far
Iteration 28606646: max diff=0.000000, 1911.53 sec so far
Iteration 28679978: max diff=0.000000, 1916.53 sec so far
Iteration 28754616: max diff=0.000000, 1921.54 sec so far
Iteration 28829671: max diff=0.000000, 1926.54 sec so far
Iteration 28904309: max diff=0.000000, 1931.54 sec so far
Iteration 28978727: max diff=0.000000, 1936.55 sec so far
Iteration 29052435: max diff=0.000000, 1941.55 sec so far
Iteration 29126911: max diff=0.000000, 1946.56 sec so far
Iteration 29200157: max diff=0.000000, 1951.56 sec so far
Iteration 29272945: max diff=0.000000, 1956.56 sec so far
Iteration 29347556: max diff=0.000000, 1961.57 sec so far
Iteration 29422750: max diff=0.000000, 1966.57 sec so far
Iteration 29495151: max diff=0.000000, 1971.58 sec so far
Iteration 29570207: max diff=0.000000, 1976.58 sec so far
Iteration 29643560: max diff=0.000000, 1981.58 sec so far
Iteration 29718393: max diff=0.000000, 1986.59 sec so far
Iteration 29793399: max diff=0.000000, 1991.59 sec so far
Iteration 29868442: max diff=0.000000, 1996.60 sec so far
Iteration 29943993: max diff=0.000000, 2001.60 sec so far
Iteration 30019281: max diff=0.000000, 2006.60 sec so far
Iteration 30094662: max diff=0.000000, 2011.61 sec so far
Iteration 30169970: max diff=0.000000, 2016.61 sec so far
Iteration 30244935: max diff=0.000000, 2021.62 sec so far
Iteration 30320034: max diff=0.000000, 2026.62 sec so far
Iteration 30395316: max diff=0.000000, 2031.62 sec so far
Iteration 30470732: max diff=0.000000, 2036.63 sec so far
Iteration 30545814: max diff=0.000000, 2041.63 sec so far
Iteration 30621110: max diff=0.000000, 2046.64 sec so far
Iteration 30696163: max diff=0.000000, 2051.64 sec so far
Iteration 30771310: max diff=0.000000, 2056.64 sec so far
Iteration 30846351: max diff=0.000000, 2061.65 sec so far
Iteration 30921517: max diff=0.000000, 2066.65 sec so far
Iteration 30996601: max diff=0.000000, 2071.66 sec so far
Iteration 31071855: max diff=0.000000, 2076.66 sec so far
Iteration 31146853: max diff=0.000000, 2081.66 sec so far
Iteration 31221791: max diff=0.000000, 2086.67 sec so far
Iteration 31296878: max diff=0.000000, 2091.67 sec so far
Iteration 31372460: max diff=0.000000, 2096.68 sec so far
Iteration 31447179: max diff=0.000000, 2101.68 sec so far
Iteration 31522390: max diff=0.000000, 2106.68 sec so far
Iteration 31597313: max diff=0.000000, 2111.69 sec so far
Iteration 31672379: max diff=0.000000, 2116.69 sec so far
Iteration 31747496: max diff=0.000000, 2121.70 sec so far
Iteration 31821686: max diff=0.000000, 2126.70 sec so far
Iteration 31896838: max diff=0.000000, 2131.70 sec so far
Iteration 31971860: max diff=0.000000, 2136.71 sec so far
Iteration 32046977: max diff=0.000000, 2141.71 sec so far
Iteration 32121744: max diff=0.000000, 2146.72 sec so far
Iteration 32196774: max diff=0.000000, 2151.72 sec so far
Iteration 32272101: max diff=0.000000, 2156.72 sec so far
Iteration 32347102: max diff=0.000000, 2161.73 sec so far
Iteration 32422150: max diff=0.000000, 2166.73 sec so far
Iteration 32497356: max diff=0.000000, 2171.74 sec so far
Iteration 32572333: max diff=0.000000, 2176.74 sec so far
Iteration 32647611: max diff=0.000000, 2181.74 sec so far
Iteration 32722669: max diff=0.000000, 2186.75 sec so far
Iteration 32798272: max diff=0.000000, 2191.75 sec so far
Iteration 32873705: max diff=0.000000, 2196.76 sec so far
Iteration 32948830: max diff=0.000000, 2201.76 sec so far
Iteration 33023941: max diff=0.000000, 2206.76 sec so far
Iteration 33098920: max diff=0.000000, 2211.77 sec so far
Iteration 33173915: max diff=0.000000, 2216.77 sec so far
Iteration 33249555: max diff=0.000000, 2221.78 sec so far
Iteration 33324807: max diff=0.000000, 2226.78 sec so far
Iteration 33400008: max diff=0.000000, 2231.78 sec so far
Iteration 33475252: max diff=0.000000, 2236.79 sec so far
Iteration 33550572: max diff=0.000000, 2241.79 sec so far
Iteration 33625885: max diff=0.000000, 2246.80 sec so far
Iteration 33701008: max diff=0.000000, 2251.80 sec so far
Iteration 33776291: max diff=0.000000, 2256.80 sec so far
Iteration 33851535: max diff=0.000000, 2261.81 sec so far
Iteration 33926579: max diff=0.000000, 2266.81 sec so far
Iteration 34002032: max diff=0.000000, 2271.82 sec so far
Iteration 34077492: max diff=0.000000, 2276.82 sec so far
Iteration 34152791: max diff=0.000000, 2281.82 sec so far
Iteration 34227372: max diff=0.000000, 2286.83 sec so far
Iteration 34302367: max diff=0.000000, 2291.83 sec so far
Iteration 34377734: max diff=0.000000, 2296.84 sec so far
Iteration 34453043: max diff=0.000000, 2301.84 sec so far
Iteration 34528182: max diff=0.000000, 2306.84 sec so far
Iteration 34603216: max diff=0.000000, 2311.85 sec so far
Iteration 34678412: max diff=0.000000, 2316.85 sec so far
Iteration 34753987: max diff=0.000000, 2321.86 sec so far
Iteration 34829102: max diff=0.000000, 2326.86 sec so far
Iteration 34904388: max diff=0.000000, 2331.86 sec so far
Iteration 34979659: max diff=0.000000, 2336.87 sec so far
Iteration 35055238: max diff=0.000000, 2341.87 sec so far
Iteration 35130967: max diff=0.000000, 2346.88 sec so far
Iteration 35206373: max diff=0.000000, 2351.88 sec so far
Iteration 35281582: max diff=0.000000, 2356.88 sec so far
Iteration 35356725: max diff=0.000000, 2361.89 sec so far
Iteration 35431703: max diff=0.000000, 2366.89 sec so far
Iteration 35507312: max diff=0.000000, 2371.90 sec so far
Iteration 35582488: max diff=0.000000, 2376.90 sec so far
Iteration 35657746: max diff=0.000000, 2381.90 sec so far
Iteration 35732695: max diff=0.000000, 2386.91 sec so far
Iteration 35806264: max diff=0.000000, 2391.91 sec so far
Iteration 35880799: max diff=0.000000, 2396.92 sec so far
Iteration 35955337: max diff=0.000000, 2401.92 sec so far
Iteration 36030394: max diff=0.000000, 2406.92 sec so far
Iteration 36104585: max diff=0.000000, 2411.93 sec so far
Iteration 36179479: max diff=0.000000, 2416.93 sec so far
Iteration 36254597: max diff=0.000000, 2421.94 sec so far
Iteration 36329571: max diff=0.000000, 2426.94 sec so far
Iteration 36404732: max diff=0.000000, 2431.94 sec so far
Iteration 36479191: max diff=0.000000, 2436.95 sec so far
Iteration 36553976: max diff=0.000000, 2441.95 sec so far
Iteration 36628342: max diff=0.000000, 2446.96 sec so far
Iteration 36703063: max diff=0.000000, 2451.96 sec so far
Iteration 36777458: max diff=0.000000, 2456.96 sec so far
Iteration 36852147: max diff=0.000000, 2461.97 sec so far
Iteration 36927404: max diff=0.000000, 2466.97 sec so far
Iteration 37002018: max diff=0.000000, 2471.98 sec so far
Iteration 37077171: max diff=0.000000, 2476.98 sec so far
Iteration 37152824: max diff=0.000000, 2481.98 sec so far
Iteration 37227720: max diff=0.000000, 2486.99 sec so far
Iteration 37303137: max diff=0.000000, 2491.99 sec so far
Iteration 37378104: max diff=0.000000, 2497.00 sec so far
Iteration 37453181: max diff=0.000000, 2502.00 sec so far
Iteration 37528757: max diff=0.000000, 2507.00 sec so far
Iteration 37602752: max diff=0.000000, 2512.01 sec so far
Iteration 37677840: max diff=0.000000, 2517.01 sec so far
Iteration 37751129: max diff=0.000000, 2522.02 sec so far
Iteration 37826562: max diff=0.000000, 2527.02 sec so far
Iteration 37900431: max diff=0.000000, 2532.02 sec so far
Iteration 37975253: max diff=0.000000, 2537.03 sec so far
Iteration 38049360: max diff=0.000000, 2542.03 sec so far
Iteration 38123061: max diff=0.000000, 2547.04 sec so far
Iteration 38198129: max diff=0.000000, 2552.04 sec so far
Iteration 38272786: max diff=0.000000, 2557.04 sec so far
Iteration 38347733: max diff=0.000000, 2562.05 sec so far
Iteration 38423022: max diff=0.000000, 2567.05 sec so far
Iteration 38498325: max diff=0.000000, 2572.06 sec so far
Iteration 38573132: max diff=0.000000, 2577.06 sec so far
Iteration 38646238: max diff=0.000000, 2582.06 sec so far
Iteration 38721304: max diff=0.000000, 2587.07 sec so far
Iteration 38796482: max diff=0.000000, 2592.07 sec so far
Iteration 38871661: max diff=0.000000, 2597.08 sec so far
Iteration 38946951: max diff=0.000000, 2602.08 sec so far
Iteration 39022017: max diff=0.000000, 2607.08 sec so far
Iteration 39097381: max diff=0.000000, 2612.09 sec so far
Iteration 39172847: max diff=0.000000, 2617.09 sec so far
Iteration 39247957: max diff=0.000000, 2622.10 sec so far
Iteration 39322844: max diff=0.000000, 2627.10 sec so far
Iteration 39398183: max diff=0.000000, 2632.10 sec so far
Iteration 39473691: max diff=0.000000, 2637.11 sec so far
Iteration 39549258: max diff=0.000000, 2642.11 sec so far
Iteration 39624309: max diff=0.000000, 2647.12 sec so far
Iteration 39699290: max diff=0.000000, 2652.12 sec so far
Iteration 39774708: max diff=0.000000, 2657.12 sec so far
Iteration 39849791: max diff=0.000000, 2662.13 sec so far
Iteration 39925688: max diff=0.000000, 2667.13 sec so far
Iteration 40000963: max diff=0.000000, 2672.14 sec so far
Iteration 40076001: max diff=0.000000, 2677.14 sec so far
Iteration 40151335: max diff=0.000000, 2682.14 sec so far
Iteration 40226483: max diff=0.000000, 2687.15 sec so far
Iteration 40302050: max diff=0.000000, 2692.15 sec so far
Iteration 40377269: max diff=0.000000, 2697.16 sec so far
Iteration 40452647: max diff=0.000000, 2702.16 sec so far
Iteration 40528087: max diff=0.000000, 2707.16 sec so far
Iteration 40603131: max diff=0.000000, 2712.17 sec so far
Iteration 40678164: max diff=0.000000, 2717.17 sec so far
Iteration 40753135: max diff=0.000000, 2722.18 sec so far
Iteration 40828307: max diff=0.000000, 2727.18 sec so far
Iteration 40903547: max diff=0.000000, 2732.18 sec so far
Iteration 40978473: max diff=0.000000, 2737.19 sec so far
Iteration 41054241: max diff=0.000000, 2742.19 sec so far
Iteration 41129501: max diff=0.000000, 2747.20 sec so far
Iteration 41205110: max diff=0.000000, 2752.20 sec so far
Iteration 41280319: max diff=0.000000, 2757.20 sec so far
Iteration 41355296: max diff=0.000000, 2762.21 sec so far
Iteration 41430365: max diff=0.000000, 2767.21 sec so far
Iteration 41505307: max diff=0.000000, 2772.22 sec so far
Iteration 41580696: max diff=0.000000, 2777.22 sec so far
Iteration 41655985: max diff=0.000000, 2782.22 sec so far
Iteration 41731365: max diff=0.000000, 2787.23 sec so far
Iteration 41807061: max diff=0.000000, 2792.23 sec so far
Iteration 41882192: max diff=0.000000, 2797.24 sec so far
Iteration 41957562: max diff=0.000000, 2802.24 sec so far
Iteration 42032575: max diff=0.000000, 2807.24 sec so far
Iteration 42107708: max diff=0.000000, 2812.25 sec so far
Iteration 42182724: max diff=0.000000, 2817.25 sec so far
Iteration 42257709: max diff=0.000000, 2822.26 sec so far
Iteration 42332534: max diff=0.000000, 2827.26 sec so far
Iteration 42408024: max diff=0.000000, 2832.26 sec so far
Iteration 42483204: max diff=0.000000, 2837.27 sec so far
Iteration 42558385: max diff=0.000000, 2842.27 sec so far
Iteration 42633924: max diff=0.000000, 2847.28 sec so far
Iteration 42709473: max diff=0.000000, 2852.28 sec so far
Iteration 42784780: max diff=0.000000, 2857.28 sec so far
Iteration 42860474: max diff=0.000000, 2862.29 sec so far
Iteration 42935928: max diff=0.000000, 2867.29 sec so far
Iteration 43011025: max diff=0.000000, 2872.30 sec so far
Iteration 43085472: max diff=0.000000, 2877.30 sec so far
Iteration 43160224: max diff=0.000000, 2882.30 sec so far
Iteration 43235312: max diff=0.000000, 2887.31 sec so far
Iteration 43310516: max diff=0.000000, 2892.31 sec so far
Iteration 43384821: max diff=0.000000, 2897.32 sec so far
Iteration 43459572: max diff=0.000000, 2902.32 sec so far
Iteration 43534339: max diff=0.000000, 2907.32 sec so far
Iteration 43609700: max diff=0.000000, 2912.33 sec so far
Iteration 43684988: max diff=0.000000, 2917.33 sec so far
Iteration 43760142: max diff=0.000000, 2922.34 sec so far
Iteration 43835121: max diff=0.000000, 2927.34 sec so far
Iteration 43910249: max diff=0.000000, 2932.34 sec so far
Iteration 43985486: max diff=0.000000, 2937.35 sec so far
Iteration 44061285: max diff=0.000000, 2942.35 sec so far
Iteration 44136600: max diff=0.000000, 2947.36 sec so far
Iteration 44210548: max diff=0.000000, 2952.36 sec so far
Iteration 44285700: max diff=0.000000, 2957.36 sec so far
Iteration 44360231: max diff=0.000000, 2962.37 sec so far
Iteration 44434916: max diff=0.000000, 2967.37 sec so far
Iteration 44510286: max diff=0.000000, 2972.38 sec so far
Iteration 44585755: max diff=0.000000, 2977.38 sec so far
Iteration 44661260: max diff=0.000000, 2982.38 sec so far
Iteration 44736256: max diff=0.000000, 2987.39 sec so far
Iteration 44811155: max diff=0.000000, 2992.39 sec so far
Iteration 44885942: max diff=0.000000, 2997.40 sec so far
Iteration 44961250: max diff=0.000000, 3002.40 sec so far
Iteration 45036325: max diff=0.000000, 3007.40 sec so far
Iteration 45109684: max diff=0.000000, 3012.41 sec so far
Iteration 45184946: max diff=0.000000, 3017.41 sec so far
Iteration 45260199: max diff=0.000000, 3022.42 sec so far
Iteration 45335056: max diff=0.000000, 3027.42 sec so far
Iteration 45410557: max diff=0.000000, 3032.42 sec so far
Iteration 45485757: max diff=0.000000, 3037.43 sec so far
Iteration 45561138: max diff=0.000000, 3042.43 sec so far
Iteration 45636289: max diff=0.000000, 3047.44 sec so far
Iteration 45709289: max diff=0.000000, 3052.44 sec so far
Iteration 45784137: max diff=0.000000, 3057.44 sec so far
Iteration 45859371: max diff=0.000000, 3062.45 sec so far
Iteration 45935072: max diff=0.000000, 3067.45 sec so far
Iteration 46009506: max diff=0.000000, 3072.46 sec so far
Iteration 46085051: max diff=0.000000, 3077.46 sec so far
Iteration 46159189: max diff=0.000000, 3082.46 sec so far
Iteration 46234506: max diff=0.000000, 3087.47 sec so far
Iteration 46308784: max diff=0.000000, 3092.47 sec so far
Iteration 46383770: max diff=0.000000, 3097.48 sec so far
Iteration 46458810: max diff=0.000000, 3102.48 sec so far
Iteration 46534010: max diff=0.000000, 3107.48 sec so far
Iteration 46608612: max diff=0.000000, 3112.49 sec so far
Iteration 46683880: max diff=0.000000, 3117.49 sec so far
Iteration 46758940: max diff=0.000000, 3122.50 sec so far
Iteration 46834529: max diff=0.000000, 3127.50 sec so far
Iteration 46909835: max diff=0.000000, 3132.50 sec so far
Iteration 46985043: max diff=0.000000, 3137.51 sec so far
Iteration 47060381: max diff=0.000000, 3142.51 sec so far
Iteration 47135761: max diff=0.000000, 3147.52 sec so far
Iteration 47211122: max diff=0.000000, 3152.52 sec so far
Iteration 47286382: max diff=0.000000, 3157.52 sec so far
Iteration 47361559: max diff=0.000000, 3162.53 sec so far
Iteration 47437052: max diff=0.000000, 3167.53 sec so far
Iteration 47512163: max diff=0.000000, 3172.54 sec so far
Iteration 47587296: max diff=0.000000, 3177.54 sec so far
Iteration 47662565: max diff=0.000000, 3182.54 sec so far
Iteration 47737684: max diff=0.000000, 3187.55 sec so far
Iteration 47812867: max diff=0.000000, 3192.55 sec so far
Iteration 47888336: max diff=0.000000, 3197.56 sec so far
Iteration 47963642: max diff=0.000000, 3202.56 sec so far
Iteration 48038708: max diff=0.000000, 3207.56 sec so far
Iteration 48113719: max diff=0.000000, 3212.57 sec so far
Iteration 48189121: max diff=0.000000, 3217.57 sec so far
Iteration 48264173: max diff=0.000000, 3222.58 sec so far
Iteration 48339591: max diff=0.000000, 3227.58 sec so far
Iteration 48414777: max diff=0.000000, 3232.58 sec so far
Iteration 48489844: max diff=0.000000, 3237.59 sec so far
Iteration 48564572: max diff=0.000000, 3242.59 sec so far
Iteration 48639502: max diff=0.000000, 3247.60 sec so far
Iteration 48714225: max diff=0.000000, 3252.60 sec so far
Iteration 48789668: max diff=0.000000, 3257.60 sec so far
Iteration 48864790: max diff=0.000000, 3262.61 sec so far
Iteration 48939347: max diff=0.000000, 3267.61 sec so far
Iteration 49013777: max diff=0.000000, 3272.62 sec so far
Iteration 49088399: max diff=0.000000, 3277.62 sec so far
Iteration 49163259: max diff=0.000000, 3282.62 sec so far
Iteration 49237738: max diff=0.000000, 3287.63 sec so far
Iteration 49312239: max diff=0.000000, 3292.63 sec so far
Iteration 49386332: max diff=0.000000, 3297.64 sec so far
Iteration 49460699: max diff=0.000000, 3302.64 sec so far
Iteration 49535578: max diff=0.000000, 3307.64 sec so far
Iteration 49610577: max diff=0.000000, 3312.65 sec so far
Iteration 49684935: max diff=0.000000, 3317.65 sec so far
Iteration 49758249: max diff=0.000000, 3322.66 sec so far
Iteration 49832714: max diff=0.000000, 3327.66 sec so far
Iteration 49907997: max diff=0.000000, 3332.66 sec so far
Iteration 49982824: max diff=0.000000, 3337.67 sec so far
Iteration 50058144: max diff=0.000000, 3342.67 sec so far
Iteration 50133188: max diff=0.000000, 3347.68 sec so far
Iteration 50207862: max diff=0.000000, 3352.68 sec so far
Iteration 50282957: max diff=0.000000, 3357.68 sec so far
Iteration 50357612: max diff=0.000000, 3362.69 sec so far
Iteration 50432338: max diff=0.000000, 3367.69 sec so far
Iteration 50507356: max diff=0.000000, 3372.70 sec so far
Iteration 50583107: max diff=0.000000, 3377.70 sec so far
Iteration 50658484: max diff=0.000000, 3382.70 sec so far
Iteration 50733509: max diff=0.000000, 3387.71 sec so far
Iteration 50808436: max diff=0.000000, 3392.71 sec so far
Iteration 50883488: max diff=0.000000, 3397.72 sec so far
Iteration 50958316: max diff=0.000000, 3402.72 sec so far
Iteration 51033488: max diff=0.000000, 3407.72 sec so far
Iteration 51108587: max diff=0.000000, 3412.73 sec so far
Iteration 51183583: max diff=0.000000, 3417.73 sec so far
Iteration 51258446: max diff=0.000000, 3422.74 sec so far
Iteration 51333436: max diff=0.000000, 3427.74 sec so far
Iteration 51408448: max diff=0.000000, 3432.74 sec so far
Iteration 51483160: max diff=0.000000, 3437.75 sec so far
Iteration 51558132: max diff=0.000000, 3442.75 sec so far
Iteration 51630230: max diff=0.000000, 3447.76 sec so far
Iteration 51705729: max diff=0.000000, 3452.76 sec so far
Iteration 51780504: max diff=0.000000, 3457.76 sec so far
Iteration 51855180: max diff=0.000000, 3462.77 sec so far
Iteration 51929281: max diff=0.000000, 3467.77 sec so far
Iteration 52004469: max diff=0.000000, 3472.78 sec so far
Iteration 52079723: max diff=0.000000, 3477.78 sec so far
Iteration 52155098: max diff=0.000000, 3482.78 sec so far
Iteration 52229805: max diff=0.000000, 3487.79 sec so far
Iteration 52304745: max diff=0.000000, 3492.79 sec so far
Iteration 52379806: max diff=0.000000, 3497.80 sec so far
Iteration 52454932: max diff=0.000000, 3502.80 sec so far
Iteration 52528726: max diff=0.000000, 3507.80 sec so far
Iteration 52600866: max diff=0.000000, 3512.81 sec so far
Iteration 52674854: max diff=0.000000, 3517.81 sec so far
Iteration 52749788: max diff=0.000000, 3522.82 sec so far
Iteration 52824800: max diff=0.000000, 3527.82 sec so far
Iteration 52899700: max diff=0.000000, 3532.82 sec so far
Iteration 52974352: max diff=0.000000, 3537.83 sec so far
Iteration 53049029: max diff=0.000000, 3542.83 sec so far
Iteration 53122943: max diff=0.000000, 3547.84 sec so far
Iteration 53196707: max diff=0.000000, 3552.84 sec so far
Iteration 53271683: max diff=0.000000, 3557.84 sec so far
Iteration 53345282: max diff=0.000000, 3562.85 sec so far
Iteration 53419046: max diff=0.000000, 3567.85 sec so far
Iteration 53491919: max diff=0.000000, 3572.86 sec so far
Iteration 53566747: max diff=0.000000, 3577.86 sec so far
Iteration 53641950: max diff=0.000000, 3582.86 sec so far
Iteration 53716841: max diff=0.000000, 3587.87 sec so far
Iteration 53791713: max diff=0.000000, 3592.87 sec so far
Iteration 53866786: max diff=0.000000, 3597.88 sec so far
Iteration 53942060: max diff=0.000000, 3602.88 sec so far
Iteration 54017066: max diff=0.000000, 3607.88 sec so far
Iteration 54091087: max diff=0.000000, 3612.89 sec so far
Iteration 54166368: max diff=0.000000, 3617.89 sec so far
Iteration 54241805: max diff=0.000000, 3622.90 sec so far
Iteration 54316860: max diff=0.000000, 3627.90 sec so far
Iteration 54392084: max diff=0.000000, 3632.90 sec so far
Iteration 54467332: max diff=0.000000, 3637.91 sec so far
Iteration 54542327: max diff=0.000000, 3642.91 sec so far
Iteration 54617797: max diff=0.000000, 3647.92 sec so far
Iteration 54692707: max diff=0.000000, 3652.92 sec so far
Iteration 54767765: max diff=0.000000, 3657.92 sec so far
Iteration 54843139: max diff=0.000000, 3662.93 sec so far
Iteration 54918175: max diff=0.000000, 3667.93 sec so far
Iteration 54993341: max diff=0.000000, 3672.94 sec so far
Iteration 55068405: max diff=0.000000, 3677.94 sec so far
Iteration 55143781: max diff=0.000000, 3682.94 sec so far
Iteration 55219142: max diff=0.000000, 3687.95 sec so far
Iteration 55292799: max diff=0.000000, 3692.95 sec so far
Iteration 55366979: max diff=0.000000, 3697.96 sec so far
Iteration 55440741: max diff=0.000000, 3702.96 sec so far
Iteration 55515641: max diff=0.000000, 3707.96 sec so far
Iteration 55589627: max diff=0.000000, 3712.97 sec so far
Iteration 55664396: max diff=0.000000, 3717.97 sec so far
Iteration 55739430: max diff=0.000000, 3722.98 sec so far
Iteration 55812738: max diff=0.000000, 3727.98 sec so far
Iteration 55886546: max diff=0.000000, 3732.98 sec so far
Iteration 55960169: max diff=0.000000, 3737.99 sec so far
Iteration 56035596: max diff=0.000000, 3742.99 sec so far
Iteration 56110444: max diff=0.000000, 3748.00 sec so far
Iteration 56185663: max diff=0.000000, 3753.00 sec so far
Iteration 56260476: max diff=0.000000, 3758.00 sec so far
Iteration 56335351: max diff=0.000000, 3763.01 sec so far
Iteration 56409556: max diff=0.000000, 3768.01 sec so far
Iteration 56481349: max diff=0.000000, 3773.02 sec so far
Iteration 56554348: max diff=0.000000, 3778.02 sec so far
Iteration 56627336: max diff=0.000000, 3783.02 sec so far
Iteration 56701546: max diff=0.000000, 3788.03 sec so far
Iteration 56776754: max diff=0.000000, 3793.03 sec so far
Iteration 56852258: max diff=0.000000, 3798.04 sec so far
Iteration 56927009: max diff=0.000000, 3803.04 sec so far
Iteration 57002335: max diff=0.000000, 3808.04 sec so far
Iteration 57077292: max diff=0.000000, 3813.05 sec so far
Iteration 57152624: max diff=0.000000, 3818.05 sec so far
Iteration 57227136: max diff=0.000000, 3823.06 sec so far
Iteration 57302271: max diff=0.000000, 3828.06 sec so far
Iteration 57377364: max diff=0.000000, 3833.06 sec so far
Iteration 57452508: max diff=0.000000, 3838.07 sec so far
Iteration 57527808: max diff=0.000000, 3843.07 sec so far
Iteration 57601329: max diff=0.000000, 3848.08 sec so far
Iteration 57676418: max diff=0.000000, 3853.08 sec so far
Iteration 57752251: max diff=0.000000, 3858.08 sec so far
Iteration 57827226: max diff=0.000000, 3863.09 sec so far
Iteration 57902179: max diff=0.000000, 3868.09 sec so far
Iteration 57977607: max diff=0.000000, 3873.10 sec so far
Iteration 58053013: max diff=0.000000, 3878.10 sec so far
Iteration 58127896: max diff=0.000000, 3883.10 sec so far
Iteration 58202757: max diff=0.000000, 3888.11 sec so far
Iteration 58277438: max diff=0.000000, 3893.11 sec so far
Iteration 58352769: max diff=0.000000, 3898.12 sec so far
Iteration 58427746: max diff=0.000000, 3903.12 sec so far
Iteration 58501477: max diff=0.000000, 3908.12 sec so far
Iteration 58576451: max diff=0.000000, 3913.13 sec so far
Iteration 58650539: max diff=0.000000, 3918.13 sec so far
Iteration 58725897: max diff=0.000000, 3923.14 sec so far
Iteration 58800002: max diff=0.000000, 3928.14 sec so far
Iteration 58873498: max diff=0.000000, 3933.14 sec so far
Iteration 58948627: max diff=0.000000, 3938.15 sec so far
Iteration 59021624: max diff=0.000000, 3943.15 sec so far
Iteration 59096835: max diff=0.000000, 3948.16 sec so far
Iteration 59171976: max diff=0.000000, 3953.16 sec so far
Iteration 59246263: max diff=0.000000, 3958.16 sec so far
Iteration 59320326: max diff=0.000000, 3963.17 sec so far
Iteration 59396109: max diff=0.000000, 3968.17 sec so far
Iteration 59471267: max diff=0.000000, 3973.18 sec so far
Iteration 59546743: max diff=0.000000, 3978.18 sec so far
Iteration 59620483: max diff=0.000000, 3983.18 sec so far
Iteration 59694193: max diff=0.000000, 3988.19 sec so far
Iteration 59766601: max diff=0.000000, 3993.19 sec so far
Iteration 59841181: max diff=0.000000, 3998.20 sec so far
Iteration 59916211: max diff=0.000000, 4003.20 sec so far
Iteration 59990809: max diff=0.000000, 4008.20 sec so far
Iteration 60066121: max diff=0.000000, 4013.21 sec so far
Iteration 60139228: max diff=0.000000, 4018.21 sec so far
Iteration 60214865: max diff=0.000000, 4023.22 sec so far
Iteration 60290027: max diff=0.000000, 4028.22 sec so far
Iteration 60365402: max diff=0.000000, 4033.22 sec so far
Iteration 60440306: max diff=0.000000, 4038.23 sec so far
Iteration 60515644: max diff=0.000000, 4043.23 sec so far
Iteration 60590634: max diff=0.000000, 4048.24 sec so far
Iteration 60665367: max diff=0.000000, 4053.24 sec so far
Iteration 60740113: max diff=0.000000, 4058.24 sec so far
Iteration 60814950: max diff=0.000000, 4063.25 sec so far
Iteration 60889733: max diff=0.000000, 4068.25 sec so far
Iteration 60964736: max diff=0.000000, 4073.26 sec so far
Iteration 61039547: max diff=0.000000, 4078.26 sec so far
Iteration 61113115: max diff=0.000000, 4083.26 sec so far
Iteration 61187237: max diff=0.000000, 4088.27 sec so far
Iteration 61260884: max diff=0.000000, 4093.27 sec so far
Iteration 61335913: max diff=0.000000, 4098.28 sec so far
Iteration 61410891: max diff=0.000000, 4103.28 sec so far
Iteration 61486220: max diff=0.000000, 4108.28 sec so far
Iteration 61560064: max diff=0.000000, 4113.29 sec so far
Iteration 61635383: max diff=0.000000, 4118.29 sec so far
Iteration 61710419: max diff=0.000000, 4123.30 sec so far
Iteration 61785392: max diff=0.000000, 4128.30 sec so far
Iteration 61860392: max diff=0.000000, 4133.30 sec so far
Iteration 61935660: max diff=0.000000, 4138.31 sec so far
Iteration 62009446: max diff=0.000000, 4143.31 sec so far
Iteration 62084166: max diff=0.000000, 4148.32 sec so far
Iteration 62159373: max diff=0.000000, 4153.32 sec so far
Iteration 62233891: max diff=0.000000, 4158.32 sec so far
Iteration 62309573: max diff=0.000000, 4163.33 sec so far
Iteration 62384877: max diff=0.000000, 4168.33 sec so far
Iteration 62460147: max diff=0.000000, 4173.34 sec so far
Iteration 62535480: max diff=0.000000, 4178.34 sec so far
Iteration 62610754: max diff=0.000000, 4183.34 sec so far
Iteration 62685974: max diff=0.000000, 4188.35 sec so far
Iteration 62761581: max diff=0.000000, 4193.35 sec so far
Iteration 62836474: max diff=0.000000, 4198.36 sec so far
Iteration 62911294: max diff=0.000000, 4203.36 sec so far
Iteration 62986452: max diff=0.000000, 4208.36 sec so far
Iteration 63061477: max diff=0.000000, 4213.37 sec so far
Iteration 63136845: max diff=0.000000, 4218.37 sec so far
Iteration 63212146: max diff=0.000000, 4223.38 sec so far
Iteration 63287116: max diff=0.000000, 4228.38 sec so far
Iteration 63361726: max diff=0.000000, 4233.38 sec so far
Iteration 63436462: max diff=0.000000, 4238.39 sec so far
Iteration 63510084: max diff=0.000000, 4243.39 sec so far
Iteration 63583593: max diff=0.000000, 4248.40 sec so far
Iteration 63657642: max diff=0.000000, 4253.40 sec so far
Iteration 63731976: max diff=0.000000, 4258.40 sec so far
Iteration 63805979: max diff=0.000000, 4263.41 sec so far
Iteration 63881280: max diff=0.000000, 4268.41 sec so far
Iteration 63955049: max diff=0.000000, 4273.42 sec so far
Iteration 64030198: max diff=0.000000, 4278.42 sec so far
Iteration 64105445: max diff=0.000000, 4283.42 sec so far
Iteration 64179471: max diff=0.000000, 4288.43 sec so far
Iteration 64253604: max diff=0.000000, 4293.43 sec so far
Iteration 64328279: max diff=0.000000, 4298.44 sec so far
Iteration 64401098: max diff=0.000000, 4303.44 sec so far
Iteration 64476133: max diff=0.000000, 4308.44 sec so far
Iteration 64551051: max diff=0.000000, 4313.45 sec so far
Iteration 64626346: max diff=0.000000, 4318.45 sec so far
Iteration 64701629: max diff=0.000000, 4323.46 sec so far
Iteration 64774896: max diff=0.000000, 4328.46 sec so far
Iteration 64849973: max diff=0.000000, 4333.46 sec so far
Iteration 64925179: max diff=0.000000, 4338.47 sec so far
Iteration 65000261: max diff=0.000000, 4343.47 sec so far
Iteration 65075036: max diff=0.000000, 4348.48 sec so far
Iteration 65150204: max diff=0.000000, 4353.48 sec so far
Iteration 65222478: max diff=0.000000, 4358.48 sec so far
Iteration 65296277: max diff=0.000000, 4363.49 sec so far
Iteration 65370502: max diff=0.000000, 4368.49 sec so far
Iteration 65442846: max diff=0.000000, 4373.50 sec so far
Iteration 65517197: max diff=0.000000, 4378.50 sec so far
Iteration 65592666: max diff=0.000000, 4383.50 sec so far
Iteration 65667656: max diff=0.000000, 4388.51 sec so far
Iteration 65742923: max diff=0.000000, 4393.51 sec so far
Iteration 65818518: max diff=0.000000, 4398.52 sec so far
Iteration 65891883: max diff=0.000000, 4403.52 sec so far
Iteration 65965606: max diff=0.000000, 4408.52 sec so far
Iteration 66040413: max diff=0.000000, 4413.53 sec so far
Iteration 66115755: max diff=0.000000, 4418.53 sec so far
Iteration 66191091: max diff=0.000000, 4423.54 sec so far
Iteration 66266430: max diff=0.000000, 4428.54 sec so far
Iteration 66341012: max diff=0.000000, 4433.54 sec so far
Iteration 66416529: max diff=0.000000, 4438.55 sec so far
Iteration 66491920: max diff=0.000000, 4443.55 sec so far
Iteration 66567110: max diff=0.000000, 4448.56 sec so far
Iteration 66642449: max diff=0.000000, 4453.56 sec so far
Iteration 66717020: max diff=0.000000, 4458.56 sec so far
Iteration 66791889: max diff=0.000000, 4463.57 sec so far
Iteration 66866977: max diff=0.000000, 4468.57 sec so far
Iteration 66940892: max diff=0.000000, 4473.58 sec so far
Iteration 67015604: max diff=0.000000, 4478.58 sec so far
Iteration 67089514: max diff=0.000000, 4483.58 sec so far
Iteration 67162819: max diff=0.000000, 4488.59 sec so far
Iteration 67236828: max diff=0.000000, 4493.59 sec so far
Iteration 67310839: max diff=0.000000, 4498.60 sec so far
Iteration 67385988: max diff=0.000000, 4503.60 sec so far
Iteration 67460053: max diff=0.000000, 4508.60 sec so far
Iteration 67534845: max diff=0.000000, 4513.61 sec so far
Iteration 67609881: max diff=0.000000, 4518.61 sec so far
Iteration 67684417: max diff=0.000000, 4523.62 sec so far
Iteration 67759155: max diff=0.000000, 4528.62 sec so far
Iteration 67833826: max diff=0.000000, 4533.62 sec so far
Iteration 67907941: max diff=0.000000, 4538.63 sec so far
Iteration 67983085: max diff=0.000000, 4543.63 sec so far
Iteration 68057928: max diff=0.000000, 4548.64 sec so far
Iteration 68132898: max diff=0.000000, 4553.64 sec so far
Iteration 68208136: max diff=0.000000, 4558.64 sec so far
Iteration 68283061: max diff=0.000000, 4563.65 sec so far
Iteration 68357996: max diff=0.000000, 4568.65 sec so far
Iteration 68431849: max diff=0.000000, 4573.66 sec so far
Iteration 68505975: max diff=0.000000, 4578.66 sec so far
Iteration 68581284: max diff=0.000000, 4583.66 sec so far
Iteration 68654859: max diff=0.000000, 4588.67 sec so far
Iteration 68728556: max diff=0.000000, 4593.67 sec so far
Iteration 68803835: max diff=0.000000, 4598.68 sec so far
Iteration 68878942: max diff=0.000000, 4603.68 sec so far
Iteration 68953113: max diff=0.000000, 4608.68 sec so far
Iteration 69028379: max diff=0.000000, 4613.69 sec so far
Iteration 69103646: max diff=0.000000, 4618.69 sec so far
Iteration 69178565: max diff=0.000000, 4623.70 sec so far
Iteration 69253015: max diff=0.000000, 4628.70 sec so far
Iteration 69327044: max diff=0.000000, 4633.70 sec so far
Iteration 69402287: max diff=0.000000, 4638.71 sec so far
Iteration 69477509: max diff=0.000000, 4643.71 sec so far
Iteration 69552092: max diff=0.000000, 4648.72 sec so far
Iteration 69626110: max diff=0.000000, 4653.72 sec so far
Iteration 69700541: max diff=0.000000, 4658.72 sec so far
Iteration 69774492: max diff=0.000000, 4663.73 sec so far
Iteration 69849384: max diff=0.000000, 4668.73 sec so far
Iteration 69924418: max diff=0.000000, 4673.74 sec so far
Iteration 69999828: max diff=0.000000, 4678.74 sec so far
Iteration 70075124: max diff=0.000000, 4683.74 sec so far
Iteration 70150331: max diff=0.000000, 4688.75 sec so far
Iteration 70225670: max diff=0.000000, 4693.75 sec so far
Iteration 70301232: max diff=0.000000, 4698.76 sec so far
Iteration 70376429: max diff=0.000000, 4703.76 sec so far
Iteration 70451857: max diff=0.000000, 4708.76 sec so far
Iteration 70525558: max diff=0.000000, 4713.77 sec so far
Iteration 70600836: max diff=0.000000, 4718.77 sec so far
Iteration 70675702: max diff=0.000000, 4723.78 sec so far
Iteration 70748610: max diff=0.000000, 4728.78 sec so far
Iteration 70824282: max diff=0.000000, 4733.78 sec so far
Iteration 70899173: max diff=0.000000, 4738.79 sec so far
Iteration 70974489: max diff=0.000000, 4743.79 sec so far
Iteration 71049890: max diff=0.000000, 4748.80 sec so far
Iteration 71124036: max diff=0.000000, 4753.80 sec so far
Iteration 71198556: max diff=0.000000, 4758.80 sec so far
Iteration 71273953: max diff=0.000000, 4763.81 sec so far
Iteration 71348888: max diff=0.000000, 4768.81 sec so far
Iteration 71424087: max diff=0.000000, 4773.82 sec so far
Iteration 71498892: max diff=0.000000, 4778.82 sec so far
Iteration 71573970: max diff=0.000000, 4783.82 sec so far
Iteration 71649103: max diff=0.000000, 4788.83 sec so far
Iteration 71724084: max diff=0.000000, 4793.83 sec so far
Iteration 71799241: max diff=0.000000, 4798.84 sec so far
Iteration 71873140: max diff=0.000000, 4803.84 sec so far
Iteration 71947647: max diff=0.000000, 4808.84 sec so far
Iteration 72022879: max diff=0.000000, 4813.85 sec so far
Iteration 72097962: max diff=0.000000, 4818.85 sec so far
Iteration 72173289: max diff=0.000000, 4823.86 sec so far
Iteration 72247935: max diff=0.000000, 4828.86 sec so far
Iteration 72322631: max diff=0.000000, 4833.86 sec so far
Iteration 72397636: max diff=0.000000, 4838.87 sec so far
Iteration 72471738: max diff=0.000000, 4843.87 sec so far
Iteration 72546629: max diff=0.000000, 4848.88 sec so far
Iteration 72621680: max diff=0.000000, 4853.88 sec so far
Iteration 72696822: max diff=0.000000, 4858.88 sec so far
Iteration 72770843: max diff=0.000000, 4863.89 sec so far
Iteration 72845774: max diff=0.000000, 4868.89 sec so far
Iteration 72920667: max diff=0.000000, 4873.90 sec so far
Iteration 72995255: max diff=0.000000, 4878.90 sec so far
Iteration 73070339: max diff=0.000000, 4883.90 sec so far
Iteration 73145558: max diff=0.000000, 4888.91 sec so far
Iteration 73220934: max diff=0.000000, 4893.91 sec so far
Iteration 73295809: max diff=0.000000, 4898.92 sec so far
Iteration 73370979: max diff=0.000000, 4903.92 sec so far
Iteration 73445011: max diff=0.000000, 4908.92 sec so far
Iteration 73520083: max diff=0.000000, 4913.93 sec so far
Iteration 73593764: max diff=0.000000, 4918.93 sec so far
Iteration 73667459: max diff=0.000000, 4923.94 sec so far
Iteration 73742431: max diff=0.000000, 4928.94 sec so far
Iteration 73817434: max diff=0.000000, 4933.94 sec so far
Iteration 73892567: max diff=0.000000, 4938.95 sec so far
Iteration 73968183: max diff=0.000000, 4943.95 sec so far
Iteration 74043452: max diff=0.000000, 4948.96 sec so far
Iteration 74118570: max diff=0.000000, 4953.96 sec so far
Iteration 74193879: max diff=0.000000, 4958.96 sec so far
Iteration 74267950: max diff=0.000000, 4963.97 sec so far
Iteration 74343083: max diff=0.000000, 4968.97 sec so far
Iteration 74418212: max diff=0.000000, 4973.98 sec so far
Iteration 74492381: max diff=0.000000, 4978.98 sec so far
Iteration 74567863: max diff=0.000000, 4983.98 sec so far
Iteration 74641707: max diff=0.000000, 4988.99 sec so far
Iteration 74716817: max diff=0.000000, 4993.99 sec so far
Iteration 74791812: max diff=0.000000, 4999.00 sec so far
Iteration 74867180: max diff=0.000000, 5004.00 sec so far
Iteration 74942248: max diff=0.000000, 5009.00 sec so far
Iteration 75017010: max diff=0.000000, 5014.01 sec so far
Iteration 75092422: max diff=0.000000, 5019.01 sec so far
Iteration 75167809: max diff=0.000000, 5024.02 sec so far
Iteration 75242820: max diff=0.000000, 5029.02 sec so far
Iteration 75315568: max diff=0.000000, 5034.02 sec so far
Iteration 75390249: max diff=0.000000, 5039.03 sec so far
Iteration 75464651: max diff=0.000000, 5044.03 sec so far
Iteration 75538630: max diff=0.000000, 5049.04 sec so far
Iteration 75614534: max diff=0.000000, 5054.04 sec so far
Iteration 75689670: max diff=0.000000, 5059.04 sec so far
Iteration 75764227: max diff=0.000000, 5064.05 sec so far
Iteration 75839401: max diff=0.000000, 5069.05 sec so far
Iteration 75914059: max diff=0.000000, 5074.06 sec so far
Iteration 75987793: max diff=0.000000, 5079.06 sec so far
Iteration 76062161: max diff=0.000000, 5084.06 sec so far
Iteration 76137143: max diff=0.000000, 5089.07 sec so far
Iteration 76211987: max diff=0.000000, 5094.07 sec so far
Iteration 76286854: max diff=0.000000, 5099.08 sec so far
Iteration 76361531: max diff=0.000000, 5104.08 sec so far
Iteration 76437077: max diff=0.000000, 5109.08 sec so far
Iteration 76511846: max diff=0.000000, 5114.09 sec so far
Iteration 76586653: max diff=0.000000, 5119.09 sec so far
Iteration 76659852: max diff=0.000000, 5124.10 sec so far
Iteration 76734819: max diff=0.000000, 5129.10 sec so far
Iteration 76810149: max diff=0.000000, 5134.10 sec so far
Iteration 76885347: max diff=0.000000, 5139.11 sec so far
Iteration 76960229: max diff=0.000000, 5144.11 sec so far
Iteration 77033760: max diff=0.000000, 5149.12 sec so far
Iteration 77108687: max diff=0.000000, 5154.12 sec so far
Iteration 77183761: max diff=0.000000, 5159.12 sec so far
Iteration 77258985: max diff=0.000000, 5164.13 sec so far
Iteration 77334488: max diff=0.000000, 5169.13 sec so far
Iteration 77410076: max diff=0.000000, 5174.14 sec so far
Iteration 77484133: max diff=0.000000, 5179.14 sec so far
Iteration 77559740: max diff=0.000000, 5184.14 sec so far
Iteration 77635068: max diff=0.000000, 5189.15 sec so far
Iteration 77709949: max diff=0.000000, 5194.15 sec so far
Iteration 77784339: max diff=0.000000, 5199.16 sec so far
Iteration 77858197: max diff=0.000000, 5204.16 sec so far
Iteration 77933524: max diff=0.000000, 5209.16 sec so far
Iteration 78008421: max diff=0.000000, 5214.17 sec so far
Iteration 78083292: max diff=0.000000, 5219.17 sec so far
Iteration 78157517: max diff=0.000000, 5224.18 sec so far
Iteration 78232478: max diff=0.000000, 5229.18 sec so far
Iteration 78307961: max diff=0.000000, 5234.18 sec so far
Iteration 78382929: max diff=0.000000, 5239.19 sec so far
Iteration 78457476: max diff=0.000000, 5244.19 sec so far
Iteration 78532852: max diff=0.000000, 5249.20 sec so far
Iteration 78607958: max diff=0.000000, 5254.20 sec so far
Iteration 78683324: max diff=0.000000, 5259.20 sec so far
Iteration 78758611: max diff=0.000000, 5264.21 sec so far
Iteration 78833755: max diff=0.000000, 5269.21 sec so far
Iteration 78908742: max diff=0.000000, 5274.22 sec so far
Iteration 78983703: max diff=0.000000, 5279.22 sec so far
Iteration 79058981: max diff=0.000000, 5284.22 sec so far
Iteration 79133072: max diff=0.000000, 5289.23 sec so far
Iteration 79207886: max diff=0.000000, 5294.23 sec so far
Iteration 79283373: max diff=0.000000, 5299.24 sec so far
Iteration 79358026: max diff=0.000000, 5304.24 sec so far
Iteration 79431854: max diff=0.000000, 5309.24 sec so far
Iteration 79505095: max diff=0.000000, 5314.25 sec so far
Iteration 79579957: max diff=0.000000, 5319.25 sec so far
Iteration 79654739: max diff=0.000000, 5324.26 sec so far
Iteration 79730182: max diff=0.000000, 5329.26 sec so far
Iteration 79805322: max diff=0.000000, 5334.26 sec so far
Iteration 79878140: max diff=0.000000, 5339.27 sec so far
Iteration 79950437: max diff=0.000000, 5344.27 sec so far
Iteration 80025355: max diff=0.000000, 5349.28 sec so far
Iteration 80099499: max diff=0.000000, 5354.28 sec so far
Iteration 80173295: max diff=0.000000, 5359.28 sec so far
Iteration 80248618: max diff=0.000000, 5364.29 sec so far
Iteration 80323836: max diff=0.000000, 5369.29 sec so far
Iteration 80397913: max diff=0.000000, 5374.30 sec so far
Iteration 80471714: max diff=0.000000, 5379.30 sec so far
Iteration 80547142: max diff=0.000000, 5384.30 sec so far
Iteration 80620584: max diff=0.000000, 5389.31 sec so far
Iteration 80694270: max diff=0.000000, 5394.31 sec so far
Iteration 80767284: max diff=0.000000, 5399.32 sec so far
Iteration 80841147: max diff=0.000000, 5404.32 sec so far
Iteration 80916233: max diff=0.000000, 5409.32 sec so far
Iteration 80991471: max diff=0.000000, 5414.33 sec so far
Iteration 81066529: max diff=0.000000, 5419.33 sec so far
Iteration 81142082: max diff=0.000000, 5424.34 sec so far
Iteration 81217073: max diff=0.000000, 5429.34 sec so far
Iteration 81292571: max diff=0.000000, 5434.34 sec so far
Iteration 81368324: max diff=0.000000, 5439.35 sec so far
Iteration 81443508: max diff=0.000000, 5444.35 sec so far
Iteration 81518882: max diff=0.000000, 5449.36 sec so far
Iteration 81594250: max diff=0.000000, 5454.36 sec so far
Iteration 81669251: max diff=0.000000, 5459.36 sec so far
Iteration 81744430: max diff=0.000000, 5464.37 sec so far
Iteration 81819450: max diff=0.000000, 5469.37 sec so far
Iteration 81894801: max diff=0.000000, 5474.38 sec so far
Iteration 81969778: max diff=0.000000, 5479.38 sec so far
Iteration 82045093: max diff=0.000000, 5484.38 sec so far
Iteration 82120212: max diff=0.000000, 5489.39 sec so far
Iteration 82196077: max diff=0.000000, 5494.39 sec so far
Iteration 82271462: max diff=0.000000, 5499.40 sec so far
Iteration 82346817: max diff=0.000000, 5504.40 sec so far
Iteration 82422048: max diff=0.000000, 5509.40 sec so far
Iteration 82496921: max diff=0.000000, 5514.41 sec so far
Iteration 82572298: max diff=0.000000, 5519.41 sec so far
Iteration 82647742: max diff=0.000000, 5524.42 sec so far
Iteration 82722850: max diff=0.000000, 5529.42 sec so far
Iteration 82798335: max diff=0.000000, 5534.42 sec so far
Iteration 82873291: max diff=0.000000, 5539.43 sec so far
Iteration 82948729: max diff=0.000000, 5544.43 sec so far
Iteration 83024119: max diff=0.000000, 5549.44 sec so far
Iteration 83097728: max diff=0.000000, 5554.44 sec so far
Iteration 83172253: max diff=0.000000, 5559.44 sec so far
Iteration 83247274: max diff=0.000000, 5564.45 sec so far
Iteration 83322475: max diff=0.000000, 5569.45 sec so far
Iteration 83397401: max diff=0.000000, 5574.46 sec so far
Iteration 83472168: max diff=0.000000, 5579.46 sec so far
Iteration 83547553: max diff=0.000000, 5584.46 sec so far
Iteration 83622420: max diff=0.000000, 5589.47 sec so far
Iteration 83697170: max diff=0.000000, 5594.47 sec so far
Iteration 83772297: max diff=0.000000, 5599.48 sec so far
Iteration 83847101: max diff=0.000000, 5604.48 sec so far
Iteration 83921777: max diff=0.000000, 5609.48 sec so far
Iteration 83996997: max diff=0.000000, 5614.49 sec so far
Iteration 84071767: max diff=0.000000, 5619.49 sec so far
Iteration 84147123: max diff=0.000000, 5624.50 sec so far
Iteration 84221602: max diff=0.000000, 5629.50 sec so far
Iteration 84296336: max diff=0.000000, 5634.50 sec so far
Iteration 84371627: max diff=0.000000, 5639.51 sec so far
Iteration 84445723: max diff=0.000000, 5644.51 sec so far
Iteration 84518116: max diff=0.000000, 5649.52 sec so far
Iteration 84592746: max diff=0.000000, 5654.52 sec so far
Iteration 84666647: max diff=0.000000, 5659.52 sec so far
Iteration 84741239: max diff=0.000000, 5664.53 sec so far
Iteration 84816168: max diff=0.000000, 5669.53 sec so far
Iteration 84891147: max diff=0.000000, 5674.54 sec so far
Iteration 84966691: max diff=0.000000, 5679.54 sec so far
Iteration 85041839: max diff=0.000000, 5684.54 sec so far
Iteration 85116448: max diff=0.000000, 5689.55 sec so far
Iteration 85192078: max diff=0.000000, 5694.55 sec so far
Iteration 85266715: max diff=0.000000, 5699.56 sec so far
Iteration 85341625: max diff=0.000000, 5704.56 sec so far
Iteration 85416494: max diff=0.000000, 5709.56 sec so far
Iteration 85491245: max diff=0.000000, 5714.57 sec so far
Iteration 85566262: max diff=0.000000, 5719.57 sec so far
Iteration 85641645: max diff=0.000000, 5724.58 sec so far
Iteration 85716626: max diff=0.000000, 5729.58 sec so far
Iteration 85791890: max diff=0.000000, 5734.58 sec so far
Iteration 85867211: max diff=0.000000, 5739.59 sec so far
Iteration 85941909: max diff=0.000000, 5744.59 sec so far
Iteration 86016981: max diff=0.000000, 5749.60 sec so far
Iteration 86092114: max diff=0.000000, 5754.60 sec so far
Iteration 86167374: max diff=0.000000, 5759.60 sec so far
Iteration 86242623: max diff=0.000000, 5764.61 sec so far
Iteration 86316384: max diff=0.000000, 5769.61 sec so far
Iteration 86391571: max diff=0.000000, 5774.62 sec so far
Iteration 86467015: max diff=0.000000, 5779.62 sec so far
Iteration 86542223: max diff=0.000000, 5784.62 sec so far
Iteration 86617403: max diff=0.000000, 5789.63 sec so far
Iteration 86692903: max diff=0.000000, 5794.63 sec so far
Iteration 86768045: max diff=0.000000, 5799.64 sec so far
Iteration 86843491: max diff=0.000000, 5804.64 sec so far
Iteration 86918931: max diff=0.000000, 5809.64 sec so far
Iteration 86994007: max diff=0.000000, 5814.65 sec so far
Iteration 87068805: max diff=0.000000, 5819.65 sec so far
Iteration 87142617: max diff=0.000000, 5824.66 sec so far
Iteration 87217885: max diff=0.000000, 5829.66 sec so far
Iteration 87292765: max diff=0.000000, 5834.66 sec so far
Iteration 87368120: max diff=0.000000, 5839.67 sec so far
Iteration 87442682: max diff=0.000000, 5844.67 sec so far
Iteration 87517602: max diff=0.000000, 5849.68 sec so far
Iteration 87592067: max diff=0.000000, 5854.68 sec so far
Iteration 87666853: max diff=0.000000, 5859.68 sec so far
Iteration 87742156: max diff=0.000000, 5864.69 sec so far
Iteration 87816962: max diff=0.000000, 5869.69 sec so far
Iteration 87891388: max diff=0.000000, 5874.70 sec so far
Iteration 87966738: max diff=0.000000, 5879.70 sec so far
Iteration 88041407: max diff=0.000000, 5884.70 sec so far
Iteration 88116195: max diff=0.000000, 5889.71 sec so far
Iteration 88190740: max diff=0.000000, 5894.71 sec so far
Iteration 88265240: max diff=0.000000, 5899.72 sec so far
Iteration 88339895: max diff=0.000000, 5904.72 sec so far
Iteration 88415342: max diff=0.000000, 5909.72 sec so far
Iteration 88490304: max diff=0.000000, 5914.73 sec so far
Iteration 88564752: max diff=0.000000, 5919.73 sec so far
Iteration 88639597: max diff=0.000000, 5924.74 sec so far
Iteration 88713121: max diff=0.000000, 5929.74 sec so far
Iteration 88788575: max diff=0.000000, 5934.74 sec so far
Iteration 88863711: max diff=0.000000, 5939.75 sec so far
Iteration 88938474: max diff=0.000000, 5944.75 sec so far
Iteration 89013171: max diff=0.000000, 5949.76 sec so far
Iteration 89087986: max diff=0.000000, 5954.76 sec so far
Iteration 89162888: max diff=0.000000, 5959.76 sec so far
Iteration 89237970: max diff=0.000000, 5964.77 sec so far
Iteration 89312942: max diff=0.000000, 5969.77 sec so far
Iteration 89388350: max diff=0.000000, 5974.78 sec so far
Iteration 89463115: max diff=0.000000, 5979.78 sec so far
Iteration 89538273: max diff=0.000000, 5984.78 sec so far
Iteration 89613456: max diff=0.000000, 5989.79 sec so far
Iteration 89688203: max diff=0.000000, 5994.79 sec so far
Iteration 89763354: max diff=0.000000, 5999.80 sec so far
Iteration 89838893: max diff=0.000000, 6004.80 sec so far
Iteration 89914220: max diff=0.000000, 6009.80 sec so far
Iteration 89989524: max diff=0.000000, 6014.81 sec so far
Iteration 90064615: max diff=0.000000, 6019.81 sec so far
Iteration 90139918: max diff=0.000000, 6024.82 sec so far
Iteration 90215102: max diff=0.000000, 6029.82 sec so far
Iteration 90290043: max diff=0.000000, 6034.82 sec so far
Iteration 90365514: max diff=0.000000, 6039.83 sec so far
Iteration 90440342: max diff=0.000000, 6044.83 sec so far
Iteration 90515666: max diff=0.000000, 6049.84 sec so far
Iteration 90590722: max diff=0.000000, 6054.84 sec so far
Iteration 90665616: max diff=0.000000, 6059.84 sec so far
Iteration 90740670: max diff=0.000000, 6064.85 sec so far
Iteration 90816068: max diff=0.000000, 6069.85 sec so far
Iteration 90891437: max diff=0.000000, 6074.86 sec so far
Iteration 90966713: max diff=0.000000, 6079.86 sec so far
Iteration 91041813: max diff=0.000000, 6084.86 sec so far
Iteration 91117459: max diff=0.000000, 6089.87 sec so far
Iteration 91192713: max diff=0.000000, 6094.87 sec so far
Iteration 91268335: max diff=0.000000, 6099.88 sec so far
Iteration 91343292: max diff=0.000000, 6104.88 sec so far
Iteration 91418481: max diff=0.000000, 6109.88 sec so far
Iteration 91494138: max diff=0.000000, 6114.89 sec so far
Iteration 91569283: max diff=0.000000, 6119.89 sec so far
Iteration 91644458: max diff=0.000000, 6124.90 sec so far
Iteration 91719608: max diff=0.000000, 6129.90 sec so far
Iteration 91794868: max diff=0.000000, 6134.90 sec so far
Iteration 91869882: max diff=0.000000, 6139.91 sec so far
Iteration 91945452: max diff=0.000000, 6144.91 sec so far
Iteration 92020349: max diff=0.000000, 6149.92 sec so far
Iteration 92095356: max diff=0.000000, 6154.92 sec so far
Iteration 92170062: max diff=0.000000, 6159.92 sec so far
Iteration 92245320: max diff=0.000000, 6164.93 sec so far
Iteration 92320435: max diff=0.000000, 6169.93 sec so far
Iteration 92395965: max diff=0.000000, 6174.94 sec so far
Iteration 92471237: max diff=0.000000, 6179.94 sec so far
Iteration 92546951: max diff=0.000000, 6184.94 sec so far
Iteration 92622842: max diff=0.000000, 6189.95 sec so far
Iteration 92698078: max diff=0.000000, 6194.95 sec so far
Iteration 92772960: max diff=0.000000, 6199.96 sec so far
Iteration 92848329: max diff=0.000000, 6204.96 sec so far
Iteration 92923345: max diff=0.000000, 6209.96 sec so far
Iteration 92998852: max diff=0.000000, 6214.97 sec so far
Iteration 93074318: max diff=0.000000, 6219.97 sec so far
Iteration 93149021: max diff=0.000000, 6224.98 sec so far
Iteration 93224292: max diff=0.000000, 6229.98 sec so far
Iteration 93299390: max diff=0.000000, 6234.98 sec so far
Iteration 93374479: max diff=0.000000, 6239.99 sec so far
Iteration 93449782: max diff=0.000000, 6244.99 sec so far
Iteration 93524561: max diff=0.000000, 6250.00 sec so far
Iteration 93600123: max diff=0.000000, 6255.00 sec so far
Iteration 93675219: max diff=0.000000, 6260.00 sec so far
Iteration 93750656: max diff=0.000000, 6265.01 sec so far
Iteration 93825947: max diff=0.000000, 6270.01 sec so far
Iteration 93901020: max diff=0.000000, 6275.02 sec so far
Iteration 93975954: max diff=0.000000, 6280.02 sec so far
Iteration 94051173: max diff=0.000000, 6285.02 sec so far
Iteration 94126181: max diff=0.000000, 6290.03 sec so far
Iteration 94200552: max diff=0.000000, 6295.03 sec so far
Iteration 94275619: max diff=0.000000, 6300.04 sec so far
Iteration 94350249: max diff=0.000000, 6305.04 sec so far
Iteration 94425428: max diff=0.000000, 6310.04 sec so far
Iteration 94500158: max diff=0.000000, 6315.05 sec so far
Iteration 94574744: max diff=0.000000, 6320.05 sec so far
Iteration 94649833: max diff=0.000000, 6325.06 sec so far
Iteration 94724709: max diff=0.000000, 6330.06 sec so far
Iteration 94799978: max diff=0.000000, 6335.06 sec so far
Iteration 94874430: max diff=0.000000, 6340.07 sec so far
Iteration 94949874: max diff=0.000000, 6345.07 sec so far
Iteration 95024578: max diff=0.000000, 6350.08 sec so far
Iteration 95098008: max diff=0.000000, 6355.08 sec so far
Iteration 95172628: max diff=0.000000, 6360.08 sec so far
Iteration 95247198: max diff=0.000000, 6365.09 sec so far
Iteration 95322198: max diff=0.000000, 6370.09 sec so far
Iteration 95396383: max diff=0.000000, 6375.10 sec so far
Iteration 95471553: max diff=0.000000, 6380.10 sec so far
Iteration 95546207: max diff=0.000000, 6385.10 sec so far
Iteration 95620596: max diff=0.000000, 6390.11 sec so far
Iteration 95695641: max diff=0.000000, 6395.11 sec so far
Iteration 95770975: max diff=0.000000, 6400.12 sec so far
Iteration 95846519: max diff=0.000000, 6405.12 sec so far
Iteration 95921854: max diff=0.000000, 6410.12 sec so far
Iteration 95997801: max diff=0.000000, 6415.13 sec so far
Iteration 96073514: max diff=0.000000, 6420.13 sec so far
Iteration 96147915: max diff=0.000000, 6425.14 sec so far
Iteration 96222619: max diff=0.000000, 6430.14 sec so far
Iteration 96296200: max diff=0.000000, 6435.14 sec so far
Iteration 96370799: max diff=0.000000, 6440.15 sec so far
Iteration 96443526: max diff=0.000000, 6445.15 sec so far
Iteration 96516228: max diff=0.000000, 6450.16 sec so far
Iteration 96591325: max diff=0.000000, 6455.16 sec so far
Iteration 96666899: max diff=0.000000, 6460.16 sec so far
Iteration 96741713: max diff=0.000000, 6465.17 sec so far
Iteration 96816152: max diff=0.000000, 6470.17 sec so far
Iteration 96891311: max diff=0.000000, 6475.18 sec so far
Iteration 96966597: max diff=0.000000, 6480.18 sec so far
Iteration 97041217: max diff=0.000000, 6485.18 sec so far
Iteration 97115754: max diff=0.000000, 6490.19 sec so far
Iteration 97190023: max diff=0.000000, 6495.19 sec so far
Iteration 97264886: max diff=0.000000, 6500.20 sec so far
Iteration 97340306: max diff=0.000000, 6505.20 sec so far
Iteration 97414973: max diff=0.000000, 6510.20 sec so far
Iteration 97488618: max diff=0.000000, 6515.21 sec so far
Iteration 97561620: max diff=0.000000, 6520.21 sec so far
Iteration 97635565: max diff=0.000000, 6525.22 sec so far
Iteration 97710569: max diff=0.000000, 6530.22 sec so far
Iteration 97785768: max diff=0.000000, 6535.22 sec so far
Iteration 97860697: max diff=0.000000, 6540.23 sec so far
Iteration 97936042: max diff=0.000000, 6545.23 sec so far
Iteration 98011164: max diff=0.000000, 6550.24 sec so far
Iteration 98086616: max diff=0.000000, 6555.24 sec so far
Iteration 98161904: max diff=0.000000, 6560.24 sec so far
Iteration 98236866: max diff=0.000000, 6565.25 sec so far
Iteration 98312286: max diff=0.000000, 6570.25 sec so far
Iteration 98387217: max diff=0.000000, 6575.26 sec so far
Iteration 98462338: max diff=0.000000, 6580.26 sec so far
Iteration 98537573: max diff=0.000000, 6585.26 sec so far
Iteration 98612891: max diff=0.000000, 6590.27 sec so far
Iteration 98688029: max diff=0.000000, 6595.27 sec so far
Iteration 98762758: max diff=0.000000, 6600.28 sec so far
Iteration 98837858: max diff=0.000000, 6605.28 sec so far
Iteration 98913150: max diff=0.000000, 6610.28 sec so far
Iteration 98988563: max diff=0.000000, 6615.29 sec so far
Iteration 99063641: max diff=0.000000, 6620.29 sec so far
Iteration 99139002: max diff=0.000000, 6625.30 sec so far
Iteration 99214873: max diff=0.000000, 6630.30 sec so far
Iteration 99290450: max diff=0.000000, 6635.30 sec so far
Iteration 99365443: max diff=0.000000, 6640.31 sec so far
Iteration 99441021: max diff=0.000000, 6645.31 sec so far
Iteration 99516219: max diff=0.000000, 6650.32 sec so far
Iteration 99591440: max diff=0.000000, 6655.32 sec so far
Iteration 99666982: max diff=0.000000, 6660.32 sec so far
Iteration 99741231: max diff=0.000000, 6665.33 sec so far
Iteration 99816332: max diff=0.000000, 6670.33 sec so far
Iteration 99891455: max diff=0.000000, 6675.34 sec so far
Iteration 99966341: max diff=0.000000, 6680.34 sec so far

Power method: 100000000 iterations in 6682.55 seconds (average 0.000067, setup 0.00)

Error: Iterative method did not converge within 100000000 iterations.
Consider using a different numerical method or increasing the maximum number of iterations.

