PRISM
=====

Version: 4.4
Date: Wed Jul 11 18:19:48 EDT 2018
Hostname: storm-eval
Memory limits: cudd=1g, java(heap)=910.5m
Command line: prism -hybrid -epsilon 5e-13 -maxiters 100000000 -power -absolute -const k=200 ../../CZK_project/Model/benchmark/devel/firstRejuvenation/firstRejuvenation_CTMC.pm -ss -exportss ../../CZK_project/Output/firstRejuvenation_1E-10_dynamic/hybrid/ph_200_1E-10

Parsing model file "../../CZK_project/Model/benchmark/devel/firstRejuvenation/firstRejuvenation_CTMC.pm"...

Type:        CTMC
Modules:     firstRejuvenation trigger 
Variables:   status avail maintenance i 

---------------------------------------------------------------------

Computing steady-state probabilities...

Building model...
Model constants: k=200

Computing reachable states...

Reachability (BFS): 401 iterations in 0.01 seconds (average 0.000020, setup 0.00)

Time for model construction: 0.029 seconds.

Type:        CTMC
States:      1000 (1 initial)
Transitions: 1400

Rate matrix: 267 nodes (7 terminal), 1400 minterms, vars: 12r/12c

SCCs: 1, BSCCs: 1, non-BSCC states: 0
BSCC sizes: 1:1000

Initial states all in one BSCC (so no reachability probabilities computed)

Computing probabilities...
Engine: Hybrid

Building power method iteration matrix MTBDD... [nodes=316] [6.2 Kb]
Building hybrid MTBDD matrix... [levels=12, nodes=347] [16.3 KB]
Adding explicit sparse matrices... [levels=12, num=1, compact] [10.4 KB]
Allocating iteration vectors... [2 x 7.8 KB]
TOTAL: [42.3 KB]

Starting iterations...
Iteration 765828: max diff=0.000000, 5.00 sec so far
Iteration 1523468: max diff=0.000000, 10.01 sec so far
Iteration 2280242: max diff=0.000000, 15.01 sec so far
Iteration 3028489: max diff=0.000000, 20.02 sec so far
Iteration 3782724: max diff=0.000000, 25.02 sec so far
Iteration 4538034: max diff=0.000000, 30.02 sec so far
Iteration 5281192: max diff=0.000000, 35.03 sec so far
Iteration 6032337: max diff=0.000000, 40.03 sec so far
Iteration 6794054: max diff=0.000000, 45.04 sec so far
Iteration 7543626: max diff=0.000000, 50.04 sec so far
Iteration 8307883: max diff=0.000000, 55.04 sec so far
Iteration 9070280: max diff=0.000000, 60.05 sec so far
Iteration 9830735: max diff=0.000000, 65.05 sec so far
Iteration 10584866: max diff=0.000000, 70.06 sec so far
Iteration 11345634: max diff=0.000000, 75.06 sec so far
Iteration 12107753: max diff=0.000000, 80.06 sec so far
Iteration 12864562: max diff=0.000000, 85.07 sec so far
Iteration 13616070: max diff=0.000000, 90.07 sec so far
Iteration 14377051: max diff=0.000000, 95.08 sec so far
Iteration 15129461: max diff=0.000000, 100.08 sec so far
Iteration 15890846: max diff=0.000000, 105.08 sec so far
Iteration 16646891: max diff=0.000000, 110.09 sec so far
Iteration 17403607: max diff=0.000000, 115.09 sec so far
Iteration 18165750: max diff=0.000000, 120.10 sec so far
Iteration 18927178: max diff=0.000000, 125.10 sec so far
Iteration 19692566: max diff=0.000000, 130.10 sec so far
Iteration 20457277: max diff=0.000000, 135.11 sec so far
Iteration 21210214: max diff=0.000000, 140.11 sec so far
Iteration 21959287: max diff=0.000000, 145.12 sec so far
Iteration 22713814: max diff=0.000000, 150.12 sec so far
Iteration 23463553: max diff=0.000000, 155.12 sec so far
Iteration 24217627: max diff=0.000000, 160.13 sec so far
Iteration 24978139: max diff=0.000000, 165.13 sec so far
Iteration 25723821: max diff=0.000000, 170.14 sec so far
Iteration 26471776: max diff=0.000000, 175.14 sec so far
Iteration 27233967: max diff=0.000000, 180.14 sec so far
Iteration 27982837: max diff=0.000000, 185.15 sec so far

Power method: 28045781 iterations in 185.58 seconds (average 0.000007, setup 0.00)

Printing steady-state probabilities in plain text format to file "../../CZK_project/Output/firstRejuvenation_1E-10_dynamic/hybrid/ph_200_1E-10"...

Time for steady-state probability computation: 195.832 seconds.

