PRISM
=====

Version: 4.4
Date: Wed Jul 11 20:56:05 EDT 2018
Hostname: storm-eval
Memory limits: cudd=1g, java(heap)=910.5m
Command line: prism -hybrid -epsilon 1.42857e-13 -maxiters 100000000 -power -absolute -const k=700 ../../CZK_project/Model/benchmark/devel/firstRejuvenation/firstRejuvenation_CTMC.pm -ss -exportss ../../CZK_project/Output/firstRejuvenation_1E-10_dynamic/hybrid/ph_700_1E-10

Parsing model file "../../CZK_project/Model/benchmark/devel/firstRejuvenation/firstRejuvenation_CTMC.pm"...

Type:        CTMC
Modules:     firstRejuvenation trigger 
Variables:   status avail maintenance i 

---------------------------------------------------------------------

Computing steady-state probabilities...

Building model...
Model constants: k=700

Computing reachable states...

Reachability (BFS): 1401 iterations in 0.04 seconds (average 0.000026, setup 0.00)

Time for model construction: 0.104 seconds.

Type:        CTMC
States:      3500 (1 initial)
Transitions: 4900

Rate matrix: 351 nodes (7 terminal), 4900 minterms, vars: 14r/14c

SCCs: 1, BSCCs: 1, non-BSCC states: 0
BSCC sizes: 1:3500

Initial states all in one BSCC (so no reachability probabilities computed)

Computing probabilities...
Engine: Hybrid

Building power method iteration matrix MTBDD... [nodes=410] [8.0 Kb]
Building hybrid MTBDD matrix... [levels=14, nodes=476] [22.3 KB]
Adding explicit sparse matrices... [levels=14, num=1, compact] [46.6 KB]
Allocating iteration vectors... [2 x 27.3 KB]
TOTAL: [123.6 KB]

Starting iterations...
Iteration 202430: max diff=0.000001, 5.00 sec so far
Iteration 403010: max diff=0.000000, 10.01 sec so far
Iteration 601383: max diff=0.000000, 15.01 sec so far
Iteration 797924: max diff=0.000000, 20.02 sec so far
Iteration 998938: max diff=0.000000, 25.02 sec so far
Iteration 1198539: max diff=0.000000, 30.02 sec so far
Iteration 1398899: max diff=0.000000, 35.03 sec so far
Iteration 1598919: max diff=0.000000, 40.03 sec so far
Iteration 1800090: max diff=0.000000, 45.04 sec so far
Iteration 1995721: max diff=0.000000, 50.04 sec so far
Iteration 2192053: max diff=0.000000, 55.04 sec so far
Iteration 2392657: max diff=0.000000, 60.05 sec so far
Iteration 2592453: max diff=0.000000, 65.05 sec so far
Iteration 2793053: max diff=0.000000, 70.06 sec so far
Iteration 2991365: max diff=0.000000, 75.06 sec so far
Iteration 3191931: max diff=0.000000, 80.06 sec so far
Iteration 3391466: max diff=0.000000, 85.07 sec so far
Iteration 3591125: max diff=0.000000, 90.07 sec so far
Iteration 3791071: max diff=0.000000, 95.08 sec so far
Iteration 3992176: max diff=0.000000, 100.08 sec so far
Iteration 4193104: max diff=0.000000, 105.08 sec so far
Iteration 4393450: max diff=0.000000, 110.09 sec so far
Iteration 4593873: max diff=0.000000, 115.09 sec so far
Iteration 4794145: max diff=0.000000, 120.10 sec so far
Iteration 4994028: max diff=0.000000, 125.10 sec so far
Iteration 5193785: max diff=0.000000, 130.10 sec so far
Iteration 5394208: max diff=0.000000, 135.11 sec so far
Iteration 5594597: max diff=0.000000, 140.11 sec so far
Iteration 5794042: max diff=0.000000, 145.12 sec so far
Iteration 5995040: max diff=0.000000, 150.12 sec so far
Iteration 6193831: max diff=0.000000, 155.12 sec so far
Iteration 6395509: max diff=0.000000, 160.13 sec so far
Iteration 6595778: max diff=0.000000, 165.13 sec so far
Iteration 6794578: max diff=0.000000, 170.14 sec so far
Iteration 6995308: max diff=0.000000, 175.14 sec so far
Iteration 7195047: max diff=0.000000, 180.14 sec so far
Iteration 7396548: max diff=0.000000, 185.15 sec so far
Iteration 7597095: max diff=0.000000, 190.15 sec so far
Iteration 7797788: max diff=0.000000, 195.16 sec so far
Iteration 7999229: max diff=0.000000, 200.16 sec so far
Iteration 8199203: max diff=0.000000, 205.16 sec so far
Iteration 8399118: max diff=0.000000, 210.17 sec so far
Iteration 8600676: max diff=0.000000, 215.17 sec so far
Iteration 8800967: max diff=0.000000, 220.18 sec so far
Iteration 9001503: max diff=0.000000, 225.18 sec so far
Iteration 9201174: max diff=0.000000, 230.18 sec so far
Iteration 9401940: max diff=0.000000, 235.19 sec so far
Iteration 9601258: max diff=0.000000, 240.19 sec so far
Iteration 9801896: max diff=0.000000, 245.20 sec so far
Iteration 10003156: max diff=0.000000, 250.20 sec so far
Iteration 10204018: max diff=0.000000, 255.20 sec so far
Iteration 10403138: max diff=0.000000, 260.21 sec so far
Iteration 10604069: max diff=0.000000, 265.21 sec so far
Iteration 10804933: max diff=0.000000, 270.22 sec so far
Iteration 11006418: max diff=0.000000, 275.22 sec so far
Iteration 11205387: max diff=0.000000, 280.22 sec so far
Iteration 11407436: max diff=0.000000, 285.23 sec so far
Iteration 11608285: max diff=0.000000, 290.23 sec so far
Iteration 11810303: max diff=0.000000, 295.24 sec so far
Iteration 12011175: max diff=0.000000, 300.24 sec so far
Iteration 12210840: max diff=0.000000, 305.24 sec so far
Iteration 12411345: max diff=0.000000, 310.25 sec so far
Iteration 12611391: max diff=0.000000, 315.25 sec so far
Iteration 12811293: max diff=0.000000, 320.26 sec so far
Iteration 13012195: max diff=0.000000, 325.26 sec so far
Iteration 13213278: max diff=0.000000, 330.26 sec so far
Iteration 13414644: max diff=0.000000, 335.27 sec so far
Iteration 13616356: max diff=0.000000, 340.27 sec so far
Iteration 13816196: max diff=0.000000, 345.28 sec so far
Iteration 14018103: max diff=0.000000, 350.28 sec so far
Iteration 14218067: max diff=0.000000, 355.28 sec so far
Iteration 14418183: max diff=0.000000, 360.29 sec so far
Iteration 14619051: max diff=0.000000, 365.29 sec so far
Iteration 14820592: max diff=0.000000, 370.30 sec so far
Iteration 15022302: max diff=0.000000, 375.30 sec so far
Iteration 15221884: max diff=0.000000, 380.30 sec so far
Iteration 15422694: max diff=0.000000, 385.31 sec so far
Iteration 15623489: max diff=0.000000, 390.31 sec so far
Iteration 15824749: max diff=0.000000, 395.32 sec so far
Iteration 16025274: max diff=0.000000, 400.32 sec so far
Iteration 16225125: max diff=0.000000, 405.32 sec so far
Iteration 16426787: max diff=0.000000, 410.33 sec so far
Iteration 16627616: max diff=0.000000, 415.33 sec so far
Iteration 16829055: max diff=0.000000, 420.34 sec so far
Iteration 17030768: max diff=0.000000, 425.34 sec so far
Iteration 17232541: max diff=0.000000, 430.34 sec so far
Iteration 17434034: max diff=0.000000, 435.35 sec so far
Iteration 17635155: max diff=0.000000, 440.35 sec so far
Iteration 17836223: max diff=0.000000, 445.36 sec so far
Iteration 18037502: max diff=0.000000, 450.36 sec so far
Iteration 18238661: max diff=0.000000, 455.36 sec so far
Iteration 18439836: max diff=0.000000, 460.37 sec so far
Iteration 18642775: max diff=0.000000, 465.37 sec so far
Iteration 18844327: max diff=0.000000, 470.38 sec so far
Iteration 19045493: max diff=0.000000, 475.38 sec so far
Iteration 19245174: max diff=0.000000, 480.38 sec so far
Iteration 19444520: max diff=0.000000, 485.39 sec so far
Iteration 19645025: max diff=0.000000, 490.39 sec so far
Iteration 19846668: max diff=0.000000, 495.40 sec so far
Iteration 20047823: max diff=0.000000, 500.40 sec so far
Iteration 20249271: max diff=0.000000, 505.40 sec so far
Iteration 20451349: max diff=0.000000, 510.41 sec so far
Iteration 20652610: max diff=0.000000, 515.41 sec so far
Iteration 20851921: max diff=0.000000, 520.42 sec so far
Iteration 21053457: max diff=0.000000, 525.42 sec so far
Iteration 21253580: max diff=0.000000, 530.42 sec so far
Iteration 21454251: max diff=0.000000, 535.43 sec so far
Iteration 21654813: max diff=0.000000, 540.43 sec so far
Iteration 21854892: max diff=0.000000, 545.44 sec so far
Iteration 22055184: max diff=0.000000, 550.44 sec so far
Iteration 22256542: max diff=0.000000, 555.44 sec so far
Iteration 22456223: max diff=0.000000, 560.45 sec so far
Iteration 22656648: max diff=0.000000, 565.45 sec so far
Iteration 22857452: max diff=0.000000, 570.46 sec so far
Iteration 23057073: max diff=0.000000, 575.46 sec so far
Iteration 23256115: max diff=0.000000, 580.46 sec so far
Iteration 23449378: max diff=0.000000, 585.47 sec so far
Iteration 23647071: max diff=0.000000, 590.47 sec so far
Iteration 23845292: max diff=0.000000, 595.48 sec so far
Iteration 24044856: max diff=0.000000, 600.48 sec so far
Iteration 24245800: max diff=0.000000, 605.48 sec so far
Iteration 24443914: max diff=0.000000, 610.49 sec so far
Iteration 24643048: max diff=0.000000, 615.49 sec so far
Iteration 24840264: max diff=0.000000, 620.50 sec so far
Iteration 25041826: max diff=0.000000, 625.50 sec so far
Iteration 25240983: max diff=0.000000, 630.50 sec so far
Iteration 25437297: max diff=0.000000, 635.51 sec so far
Iteration 25635408: max diff=0.000000, 640.51 sec so far
Iteration 25835210: max diff=0.000000, 645.52 sec so far
Iteration 26036880: max diff=0.000000, 650.52 sec so far
Iteration 26237152: max diff=0.000000, 655.52 sec so far
Iteration 26435429: max diff=0.000000, 660.53 sec so far
Iteration 26632409: max diff=0.000000, 665.53 sec so far
Iteration 26830599: max diff=0.000000, 670.54 sec so far
Iteration 27030155: max diff=0.000000, 675.54 sec so far
Iteration 27230458: max diff=0.000000, 680.54 sec so far
Iteration 27429235: max diff=0.000000, 685.55 sec so far
Iteration 27630353: max diff=0.000000, 690.55 sec so far
Iteration 27828890: max diff=0.000000, 695.56 sec so far
Iteration 28028758: max diff=0.000000, 700.56 sec so far
Iteration 28228012: max diff=0.000000, 705.56 sec so far
Iteration 28428754: max diff=0.000000, 710.57 sec so far
Iteration 28630009: max diff=0.000000, 715.57 sec so far
Iteration 28831130: max diff=0.000000, 720.58 sec so far
Iteration 29030834: max diff=0.000000, 725.58 sec so far
Iteration 29229042: max diff=0.000000, 730.58 sec so far
Iteration 29424478: max diff=0.000000, 735.59 sec so far
Iteration 29626307: max diff=0.000000, 740.59 sec so far
Iteration 29823097: max diff=0.000000, 745.60 sec so far
Iteration 30022250: max diff=0.000000, 750.60 sec so far
Iteration 30221880: max diff=0.000000, 755.60 sec so far
Iteration 30422090: max diff=0.000000, 760.61 sec so far
Iteration 30622459: max diff=0.000000, 765.61 sec so far
Iteration 30820087: max diff=0.000000, 770.62 sec so far
Iteration 31019425: max diff=0.000000, 775.62 sec so far
Iteration 31211686: max diff=0.000000, 780.62 sec so far
Iteration 31411202: max diff=0.000000, 785.63 sec so far
Iteration 31611566: max diff=0.000000, 790.63 sec so far
Iteration 31811793: max diff=0.000000, 795.64 sec so far
Iteration 32010328: max diff=0.000000, 800.64 sec so far
Iteration 32210552: max diff=0.000000, 805.64 sec so far
Iteration 32411392: max diff=0.000000, 810.65 sec so far
Iteration 32611862: max diff=0.000000, 815.65 sec so far
Iteration 32812086: max diff=0.000000, 820.66 sec so far
Iteration 33011932: max diff=0.000000, 825.66 sec so far
Iteration 33205975: max diff=0.000000, 830.66 sec so far
Iteration 33405684: max diff=0.000000, 835.67 sec so far
Iteration 33606272: max diff=0.000000, 840.67 sec so far
Iteration 33807291: max diff=0.000000, 845.68 sec so far
Iteration 34008750: max diff=0.000000, 850.68 sec so far
Iteration 34209578: max diff=0.000000, 855.68 sec so far
Iteration 34411426: max diff=0.000000, 860.69 sec so far
Iteration 34612448: max diff=0.000000, 865.69 sec so far
Iteration 34813010: max diff=0.000000, 870.70 sec so far
Iteration 35013904: max diff=0.000000, 875.70 sec so far
Iteration 35214313: max diff=0.000000, 880.70 sec so far
Iteration 35415605: max diff=0.000000, 885.71 sec so far
Iteration 35616506: max diff=0.000000, 890.71 sec so far
Iteration 35817425: max diff=0.000000, 895.72 sec so far
Iteration 36018398: max diff=0.000000, 900.72 sec so far
Iteration 36220267: max diff=0.000000, 905.72 sec so far
Iteration 36420465: max diff=0.000000, 910.73 sec so far
Iteration 36621642: max diff=0.000000, 915.73 sec so far
Iteration 36821134: max diff=0.000000, 920.74 sec so far
Iteration 37021986: max diff=0.000000, 925.74 sec so far
Iteration 37223466: max diff=0.000000, 930.74 sec so far
Iteration 37423980: max diff=0.000000, 935.75 sec so far
Iteration 37624317: max diff=0.000000, 940.75 sec so far
Iteration 37825743: max diff=0.000000, 945.76 sec so far
Iteration 38025890: max diff=0.000000, 950.76 sec so far
Iteration 38226388: max diff=0.000000, 955.76 sec so far
Iteration 38426532: max diff=0.000000, 960.77 sec so far
Iteration 38628407: max diff=0.000000, 965.77 sec so far
Iteration 38829582: max diff=0.000000, 970.78 sec so far
Iteration 39029964: max diff=0.000000, 975.78 sec so far
Iteration 39231100: max diff=0.000000, 980.78 sec so far
Iteration 39431352: max diff=0.000000, 985.79 sec so far
Iteration 39632352: max diff=0.000000, 990.79 sec so far
Iteration 39834012: max diff=0.000000, 995.80 sec so far
Iteration 40035767: max diff=0.000000, 1000.80 sec so far
Iteration 40238383: max diff=0.000000, 1005.80 sec so far
Iteration 40438792: max diff=0.000000, 1010.81 sec so far
Iteration 40640377: max diff=0.000000, 1015.81 sec so far
Iteration 40841308: max diff=0.000000, 1020.82 sec so far
Iteration 41042737: max diff=0.000000, 1025.82 sec so far
Iteration 41243554: max diff=0.000000, 1030.82 sec so far
Iteration 41444027: max diff=0.000000, 1035.83 sec so far
Iteration 41644586: max diff=0.000000, 1040.83 sec so far
Iteration 41844038: max diff=0.000000, 1045.84 sec so far
Iteration 42044037: max diff=0.000000, 1050.84 sec so far
Iteration 42243094: max diff=0.000000, 1055.84 sec so far
Iteration 42443886: max diff=0.000000, 1060.85 sec so far
Iteration 42644061: max diff=0.000000, 1065.85 sec so far
Iteration 42844663: max diff=0.000000, 1070.86 sec so far
Iteration 43044886: max diff=0.000000, 1075.86 sec so far
Iteration 43245334: max diff=0.000000, 1080.86 sec so far
Iteration 43446075: max diff=0.000000, 1085.87 sec so far
Iteration 43647771: max diff=0.000000, 1090.87 sec so far
Iteration 43846777: max diff=0.000000, 1095.88 sec so far
Iteration 44047047: max diff=0.000000, 1100.88 sec so far
Iteration 44248239: max diff=0.000000, 1105.88 sec so far
Iteration 44449338: max diff=0.000000, 1110.89 sec so far
Iteration 44649897: max diff=0.000000, 1115.89 sec so far
Iteration 44851125: max diff=0.000000, 1120.90 sec so far
Iteration 45051314: max diff=0.000000, 1125.90 sec so far
Iteration 45252565: max diff=0.000000, 1130.90 sec so far
Iteration 45453522: max diff=0.000000, 1135.91 sec so far
Iteration 45652446: max diff=0.000000, 1140.91 sec so far
Iteration 45853404: max diff=0.000000, 1145.92 sec so far
Iteration 46055469: max diff=0.000000, 1150.92 sec so far
Iteration 46255575: max diff=0.000000, 1155.92 sec so far
Iteration 46456391: max diff=0.000000, 1160.93 sec so far
Iteration 46656773: max diff=0.000000, 1165.93 sec so far
Iteration 46858059: max diff=0.000000, 1170.94 sec so far
Iteration 47058909: max diff=0.000000, 1175.94 sec so far
Iteration 47258989: max diff=0.000000, 1180.94 sec so far
Iteration 47459029: max diff=0.000000, 1185.95 sec so far
Iteration 47657739: max diff=0.000000, 1190.95 sec so far
Iteration 47858287: max diff=0.000000, 1195.96 sec so far
Iteration 48059025: max diff=0.000000, 1200.96 sec so far
Iteration 48259112: max diff=0.000000, 1205.96 sec so far
Iteration 48459173: max diff=0.000000, 1210.97 sec so far
Iteration 48661484: max diff=0.000000, 1215.97 sec so far
Iteration 48858523: max diff=0.000000, 1220.98 sec so far
Iteration 49058494: max diff=0.000000, 1225.98 sec so far
Iteration 49258104: max diff=0.000000, 1230.98 sec so far
Iteration 49456495: max diff=0.000000, 1235.99 sec so far
Iteration 49657865: max diff=0.000000, 1240.99 sec so far
Iteration 49858967: max diff=0.000000, 1246.00 sec so far
Iteration 50059494: max diff=0.000000, 1251.00 sec so far
Iteration 50260101: max diff=0.000000, 1256.00 sec so far
Iteration 50460097: max diff=0.000000, 1261.01 sec so far
Iteration 50660271: max diff=0.000000, 1266.01 sec so far
Iteration 50860360: max diff=0.000000, 1271.02 sec so far
Iteration 51060830: max diff=0.000000, 1276.02 sec so far
Iteration 51262611: max diff=0.000000, 1281.02 sec so far
Iteration 51465950: max diff=0.000000, 1286.03 sec so far
Iteration 51666336: max diff=0.000000, 1291.03 sec so far
Iteration 51867146: max diff=0.000000, 1296.04 sec so far
Iteration 52068353: max diff=0.000000, 1301.04 sec so far
Iteration 52268874: max diff=0.000000, 1306.04 sec so far
Iteration 52469594: max diff=0.000000, 1311.05 sec so far
Iteration 52670060: max diff=0.000000, 1316.05 sec so far
Iteration 52870989: max diff=0.000000, 1321.06 sec so far
Iteration 53072634: max diff=0.000000, 1326.06 sec so far
Iteration 53274977: max diff=0.000000, 1331.06 sec so far
Iteration 53475099: max diff=0.000000, 1336.07 sec so far
Iteration 53677016: max diff=0.000000, 1341.07 sec so far
Iteration 53876770: max diff=0.000000, 1346.08 sec so far
Iteration 54077414: max diff=0.000000, 1351.08 sec so far
Iteration 54277983: max diff=0.000000, 1356.08 sec so far
Iteration 54478323: max diff=0.000000, 1361.09 sec so far
Iteration 54678556: max diff=0.000000, 1366.09 sec so far
Iteration 54879784: max diff=0.000000, 1371.10 sec so far
Iteration 55081153: max diff=0.000000, 1376.10 sec so far
Iteration 55281790: max diff=0.000000, 1381.10 sec so far
Iteration 55483115: max diff=0.000000, 1386.11 sec so far
Iteration 55685483: max diff=0.000000, 1391.11 sec so far
Iteration 55885874: max diff=0.000000, 1396.12 sec so far
Iteration 56087288: max diff=0.000000, 1401.12 sec so far
Iteration 56287286: max diff=0.000000, 1406.12 sec so far
Iteration 56487836: max diff=0.000000, 1411.13 sec so far
Iteration 56689100: max diff=0.000000, 1416.13 sec so far
Iteration 56890574: max diff=0.000000, 1421.14 sec so far
Iteration 57092502: max diff=0.000000, 1426.14 sec so far
Iteration 57294030: max diff=0.000000, 1431.14 sec so far
Iteration 57494667: max diff=0.000000, 1436.15 sec so far
Iteration 57695278: max diff=0.000000, 1441.15 sec so far
Iteration 57896434: max diff=0.000000, 1446.16 sec so far
Iteration 58098078: max diff=0.000000, 1451.16 sec so far
Iteration 58298462: max diff=0.000000, 1456.16 sec so far
Iteration 58498931: max diff=0.000000, 1461.17 sec so far
Iteration 58700806: max diff=0.000000, 1466.17 sec so far
Iteration 58902570: max diff=0.000000, 1471.18 sec so far
Iteration 59103913: max diff=0.000000, 1476.18 sec so far
Iteration 59303888: max diff=0.000000, 1481.18 sec so far
Iteration 59504216: max diff=0.000000, 1486.19 sec so far
Iteration 59704620: max diff=0.000000, 1491.19 sec so far
Iteration 59905758: max diff=0.000000, 1496.20 sec so far
Iteration 60107504: max diff=0.000000, 1501.20 sec so far
Iteration 60308462: max diff=0.000000, 1506.20 sec so far
Iteration 60509456: max diff=0.000000, 1511.21 sec so far
Iteration 60711260: max diff=0.000000, 1516.21 sec so far
Iteration 60913017: max diff=0.000000, 1521.22 sec so far
Iteration 61112873: max diff=0.000000, 1526.22 sec so far
Iteration 61311106: max diff=0.000000, 1531.22 sec so far
Iteration 61511234: max diff=0.000000, 1536.23 sec so far
Iteration 61711175: max diff=0.000000, 1541.23 sec so far
Iteration 61911035: max diff=0.000000, 1546.24 sec so far
Iteration 62110585: max diff=0.000000, 1551.24 sec so far
Iteration 62311864: max diff=0.000000, 1556.24 sec so far
Iteration 62512454: max diff=0.000000, 1561.25 sec so far
Iteration 62710523: max diff=0.000000, 1566.25 sec so far
Iteration 62906034: max diff=0.000000, 1571.26 sec so far
Iteration 63106581: max diff=0.000000, 1576.26 sec so far
Iteration 63305386: max diff=0.000000, 1581.26 sec so far
Iteration 63506710: max diff=0.000000, 1586.27 sec so far
Iteration 63708654: max diff=0.000000, 1591.27 sec so far
Iteration 63907264: max diff=0.000000, 1596.28 sec so far
Iteration 64107569: max diff=0.000000, 1601.28 sec so far
Iteration 64308642: max diff=0.000000, 1606.28 sec so far
Iteration 64510055: max diff=0.000000, 1611.29 sec so far
Iteration 64707033: max diff=0.000000, 1616.29 sec so far
Iteration 64904339: max diff=0.000000, 1621.30 sec so far
Iteration 65105266: max diff=0.000000, 1626.30 sec so far
Iteration 65306226: max diff=0.000000, 1631.30 sec so far
Iteration 65506078: max diff=0.000000, 1636.31 sec so far
Iteration 65707255: max diff=0.000000, 1641.31 sec so far
Iteration 65907143: max diff=0.000000, 1646.32 sec so far
Iteration 66107638: max diff=0.000000, 1651.32 sec so far
Iteration 66307073: max diff=0.000000, 1656.32 sec so far
Iteration 66509975: max diff=0.000000, 1661.33 sec so far
Iteration 66709919: max diff=0.000000, 1666.33 sec so far
Iteration 66909756: max diff=0.000000, 1671.34 sec so far
Iteration 67111733: max diff=0.000000, 1676.34 sec so far
Iteration 67312417: max diff=0.000000, 1681.34 sec so far
Iteration 67512288: max diff=0.000000, 1686.35 sec so far
Iteration 67712416: max diff=0.000000, 1691.35 sec so far
Iteration 67913609: max diff=0.000000, 1696.36 sec so far
Iteration 68114442: max diff=0.000000, 1701.36 sec so far
Iteration 68314767: max diff=0.000000, 1706.36 sec so far
Iteration 68515190: max diff=0.000000, 1711.37 sec so far
Iteration 68714643: max diff=0.000000, 1716.37 sec so far
Iteration 68915244: max diff=0.000000, 1721.38 sec so far
Iteration 69115478: max diff=0.000000, 1726.38 sec so far
Iteration 69315369: max diff=0.000000, 1731.38 sec so far
Iteration 69515596: max diff=0.000000, 1736.39 sec so far
Iteration 69715291: max diff=0.000000, 1741.39 sec so far
Iteration 69916150: max diff=0.000000, 1746.40 sec so far
Iteration 70115868: max diff=0.000000, 1751.40 sec so far
Iteration 70316310: max diff=0.000000, 1756.40 sec so far
Iteration 70517804: max diff=0.000000, 1761.41 sec so far
Iteration 70719110: max diff=0.000000, 1766.41 sec so far
Iteration 70919192: max diff=0.000000, 1771.42 sec so far
Iteration 71114048: max diff=0.000000, 1776.42 sec so far
Iteration 71314574: max diff=0.000000, 1781.42 sec so far
Iteration 71513671: max diff=0.000000, 1786.43 sec so far
Iteration 71713513: max diff=0.000000, 1791.43 sec so far
Iteration 71911225: max diff=0.000000, 1796.44 sec so far
Iteration 72108913: max diff=0.000000, 1801.44 sec so far
Iteration 72310446: max diff=0.000000, 1806.44 sec so far
Iteration 72511206: max diff=0.000000, 1811.45 sec so far
Iteration 72707478: max diff=0.000000, 1816.45 sec so far
Iteration 72909930: max diff=0.000000, 1821.46 sec so far
Iteration 73110597: max diff=0.000000, 1826.46 sec so far
Iteration 73311887: max diff=0.000000, 1831.46 sec so far
Iteration 73514165: max diff=0.000000, 1836.47 sec so far
Iteration 73710158: max diff=0.000000, 1841.47 sec so far
Iteration 73907124: max diff=0.000000, 1846.48 sec so far
Iteration 74106140: max diff=0.000000, 1851.48 sec so far
Iteration 74305536: max diff=0.000000, 1856.48 sec so far
Iteration 74501238: max diff=0.000000, 1861.49 sec so far
Iteration 74701153: max diff=0.000000, 1866.49 sec so far
Iteration 74899401: max diff=0.000000, 1871.50 sec so far
Iteration 75099602: max diff=0.000000, 1876.50 sec so far
Iteration 75300480: max diff=0.000000, 1881.50 sec so far
Iteration 75501149: max diff=0.000000, 1886.51 sec so far
Iteration 75701996: max diff=0.000000, 1891.51 sec so far
Iteration 75902642: max diff=0.000000, 1896.52 sec so far
Iteration 76103215: max diff=0.000000, 1901.52 sec so far
Iteration 76303653: max diff=0.000000, 1906.52 sec so far
Iteration 76503404: max diff=0.000000, 1911.53 sec so far
Iteration 76704810: max diff=0.000000, 1916.53 sec so far
Iteration 76907521: max diff=0.000000, 1921.54 sec so far
Iteration 77107252: max diff=0.000000, 1926.54 sec so far
Iteration 77307122: max diff=0.000000, 1931.54 sec so far
Iteration 77508717: max diff=0.000000, 1936.55 sec so far
Iteration 77708325: max diff=0.000000, 1941.55 sec so far
Iteration 77909286: max diff=0.000000, 1946.56 sec so far
Iteration 78111499: max diff=0.000000, 1951.56 sec so far
Iteration 78311534: max diff=0.000000, 1956.56 sec so far
Iteration 78512659: max diff=0.000000, 1961.57 sec so far
Iteration 78711456: max diff=0.000000, 1966.57 sec so far
Iteration 78910720: max diff=0.000000, 1971.58 sec so far
Iteration 79108649: max diff=0.000000, 1976.58 sec so far
Iteration 79309632: max diff=0.000000, 1981.58 sec so far
Iteration 79509870: max diff=0.000000, 1986.59 sec so far
Iteration 79711268: max diff=0.000000, 1991.59 sec so far
Iteration 79912528: max diff=0.000000, 1996.60 sec so far
Iteration 80114421: max diff=0.000000, 2001.60 sec so far
Iteration 80315619: max diff=0.000000, 2006.60 sec so far
Iteration 80511337: max diff=0.000000, 2011.61 sec so far
Iteration 80708447: max diff=0.000000, 2016.61 sec so far
Iteration 80908899: max diff=0.000000, 2021.62 sec so far
Iteration 81111123: max diff=0.000000, 2026.62 sec so far
Iteration 81310912: max diff=0.000000, 2031.62 sec so far
Iteration 81511180: max diff=0.000000, 2036.63 sec so far
Iteration 81707419: max diff=0.000000, 2041.63 sec so far
Iteration 81906329: max diff=0.000000, 2046.64 sec so far
Iteration 82106011: max diff=0.000000, 2051.64 sec so far
Iteration 82305982: max diff=0.000000, 2056.64 sec so far
Iteration 82509348: max diff=0.000000, 2061.65 sec so far
Iteration 82710927: max diff=0.000000, 2066.65 sec so far
Iteration 82909703: max diff=0.000000, 2071.66 sec so far
Iteration 83108595: max diff=0.000000, 2076.66 sec so far
Iteration 83303570: max diff=0.000000, 2081.66 sec so far
Iteration 83498662: max diff=0.000000, 2086.67 sec so far
Iteration 83696562: max diff=0.000000, 2091.67 sec so far
Iteration 83896496: max diff=0.000000, 2096.68 sec so far
Iteration 84095994: max diff=0.000000, 2101.68 sec so far
Iteration 84294505: max diff=0.000000, 2106.68 sec so far
Iteration 84494013: max diff=0.000000, 2111.69 sec so far
Iteration 84693486: max diff=0.000000, 2116.69 sec so far
Iteration 84894534: max diff=0.000000, 2121.70 sec so far
Iteration 85093978: max diff=0.000000, 2126.70 sec so far
Iteration 85295742: max diff=0.000000, 2131.70 sec so far
Iteration 85495286: max diff=0.000000, 2136.71 sec so far
Iteration 85694311: max diff=0.000000, 2141.71 sec so far
Iteration 85893406: max diff=0.000000, 2146.72 sec so far
Iteration 86094476: max diff=0.000000, 2151.72 sec so far
Iteration 86294214: max diff=0.000000, 2156.72 sec so far
Iteration 86494534: max diff=0.000000, 2161.73 sec so far
Iteration 86696909: max diff=0.000000, 2166.73 sec so far
Iteration 86898230: max diff=0.000000, 2171.74 sec so far
Iteration 87100197: max diff=0.000000, 2176.74 sec so far
Iteration 87301961: max diff=0.000000, 2181.74 sec so far
Iteration 87502510: max diff=0.000000, 2186.75 sec so far
Iteration 87701767: max diff=0.000000, 2191.75 sec so far
Iteration 87901592: max diff=0.000000, 2196.76 sec so far
Iteration 88101034: max diff=0.000000, 2201.76 sec so far
Iteration 88301042: max diff=0.000000, 2206.76 sec so far
Iteration 88500726: max diff=0.000000, 2211.77 sec so far
Iteration 88699368: max diff=0.000000, 2216.77 sec so far
Iteration 88901963: max diff=0.000000, 2221.78 sec so far
Iteration 89101815: max diff=0.000000, 2226.78 sec so far
Iteration 89301636: max diff=0.000000, 2231.78 sec so far
Iteration 89502533: max diff=0.000000, 2236.79 sec so far
Iteration 89703768: max diff=0.000000, 2241.79 sec so far
Iteration 89906145: max diff=0.000000, 2246.80 sec so far
Iteration 90107309: max diff=0.000000, 2251.80 sec so far
Iteration 90308066: max diff=0.000000, 2256.80 sec so far
Iteration 90507589: max diff=0.000000, 2261.81 sec so far
Iteration 90710844: max diff=0.000000, 2266.81 sec so far
Iteration 90910936: max diff=0.000000, 2271.82 sec so far
Iteration 91110490: max diff=0.000000, 2276.82 sec so far
Iteration 91311230: max diff=0.000000, 2281.82 sec so far
Iteration 91512064: max diff=0.000000, 2286.83 sec so far
Iteration 91712237: max diff=0.000000, 2291.83 sec so far
Iteration 91912071: max diff=0.000000, 2296.84 sec so far
Iteration 92112006: max diff=0.000000, 2301.84 sec so far
Iteration 92314129: max diff=0.000000, 2306.84 sec so far
Iteration 92514206: max diff=0.000000, 2311.85 sec so far
Iteration 92714523: max diff=0.000000, 2316.85 sec so far
Iteration 92914434: max diff=0.000000, 2321.86 sec so far
Iteration 93115008: max diff=0.000000, 2326.86 sec so far
Iteration 93315941: max diff=0.000000, 2331.86 sec so far
Iteration 93516774: max diff=0.000000, 2336.87 sec so far
Iteration 93718794: max diff=0.000000, 2341.87 sec so far
Iteration 93918247: max diff=0.000000, 2346.88 sec so far
Iteration 94115646: max diff=0.000000, 2351.88 sec so far
Iteration 94316404: max diff=0.000000, 2356.88 sec so far
Iteration 94516414: max diff=0.000000, 2361.89 sec so far
Iteration 94716234: max diff=0.000000, 2366.89 sec so far
Iteration 94916935: max diff=0.000000, 2371.90 sec so far
Iteration 95117363: max diff=0.000000, 2376.90 sec so far
Iteration 95317271: max diff=0.000000, 2381.90 sec so far
Iteration 95517725: max diff=0.000000, 2386.91 sec so far
Iteration 95718734: max diff=0.000000, 2391.91 sec so far
Iteration 95919622: max diff=0.000000, 2396.92 sec so far
Iteration 96121405: max diff=0.000000, 2401.92 sec so far
Iteration 96323381: max diff=0.000000, 2406.92 sec so far
Iteration 96523685: max diff=0.000000, 2411.93 sec so far
Iteration 96722882: max diff=0.000000, 2416.93 sec so far
Iteration 96924096: max diff=0.000000, 2421.94 sec so far
Iteration 97125285: max diff=0.000000, 2426.94 sec so far
Iteration 97325704: max diff=0.000000, 2431.94 sec so far
Iteration 97527012: max diff=0.000000, 2436.95 sec so far
Iteration 97726755: max diff=0.000000, 2441.95 sec so far
Iteration 97927984: max diff=0.000000, 2446.96 sec so far
Iteration 98127839: max diff=0.000000, 2451.96 sec so far
Iteration 98327590: max diff=0.000000, 2456.96 sec so far
Iteration 98528486: max diff=0.000000, 2461.97 sec so far
Iteration 98727932: max diff=0.000000, 2466.97 sec so far
Iteration 98927980: max diff=0.000000, 2471.98 sec so far
Iteration 99126600: max diff=0.000000, 2476.98 sec so far
Iteration 99326899: max diff=0.000000, 2481.98 sec so far
Iteration 99527606: max diff=0.000000, 2486.99 sec so far
Iteration 99727758: max diff=0.000000, 2491.99 sec so far
Iteration 99927873: max diff=0.000000, 2497.00 sec so far

Power method: 100000000 iterations in 2498.79 seconds (average 0.000025, setup 0.00)

Error: Iterative method did not converge within 100000000 iterations.
Consider using a different numerical method or increasing the maximum number of iterations.

