PRISM
=====

Version: 4.4
Date: Wed Jul 11 18:15:53 EDT 2018
Hostname: storm-eval
Memory limits: cudd=1g, java(heap)=910.5m
Command line: prism -hybrid -epsilon 1.25e-12 -maxiters 100000000 -power -absolute -const k=80 ../../CZK_project/Model/benchmark/devel/firstRejuvenation/firstRejuvenation_CTMC.pm -ss -exportss ../../CZK_project/Output/firstRejuvenation_1E-10_dynamic/hybrid/ph_80_1E-10

Parsing model file "../../CZK_project/Model/benchmark/devel/firstRejuvenation/firstRejuvenation_CTMC.pm"...

Type:        CTMC
Modules:     firstRejuvenation trigger 
Variables:   status avail maintenance i 

---------------------------------------------------------------------

Computing steady-state probabilities...

Building model...
Model constants: k=80

Computing reachable states...

Reachability (BFS): 161 iterations in 0.00 seconds (average 0.000025, setup 0.00)

Time for model construction: 0.017 seconds.

Type:        CTMC
States:      400 (1 initial)
Transitions: 560

Rate matrix: 218 nodes (7 terminal), 560 minterms, vars: 11r/11c

SCCs: 1, BSCCs: 1, non-BSCC states: 0
BSCC sizes: 1:400

Initial states all in one BSCC (so no reachability probabilities computed)

Computing probabilities...
Engine: Hybrid

Building power method iteration matrix MTBDD... [nodes=262] [5.1 Kb]
Building hybrid MTBDD matrix... [levels=11, nodes=275] [12.9 KB]
Adding explicit sparse matrices... [levels=11, num=1, compact] [4.2 KB]
Allocating iteration vectors... [2 x 3.1 KB]
TOTAL: [23.4 KB]

Starting iterations...
Iteration 1822398: max diff=0.000000, 5.00 sec so far
Iteration 3685843: max diff=0.000000, 10.01 sec so far
Iteration 5557463: max diff=0.000000, 15.01 sec so far

Power method: 6502138 iterations in 17.60 seconds (average 0.000003, setup 0.00)

Printing steady-state probabilities in plain text format to file "../../CZK_project/Output/firstRejuvenation_1E-10_dynamic/hybrid/ph_80_1E-10"...

Time for steady-state probability computation: 19.804 seconds.

