PRISM
=====

Version: 4.4
Date: Wed Jul 11 18:16:32 EDT 2018
Hostname: storm-eval
Memory limits: cudd=1g, java(heap)=910.5m
Command line: prism -hybrid -epsilon 1.11111e-12 -maxiters 100000000 -power -absolute -const k=90 ../../CZK_project/Model/benchmark/devel/firstRejuvenation/firstRejuvenation_CTMC.pm -ss -exportss ../../CZK_project/Output/firstRejuvenation_1E-10_dynamic/hybrid/ph_90_1E-10

Parsing model file "../../CZK_project/Model/benchmark/devel/firstRejuvenation/firstRejuvenation_CTMC.pm"...

Type:        CTMC
Modules:     firstRejuvenation trigger 
Variables:   status avail maintenance i 

---------------------------------------------------------------------

Computing steady-state probabilities...

Building model...
Model constants: k=90

Computing reachable states...

Reachability (BFS): 181 iterations in 0.00 seconds (average 0.000022, setup 0.00)

Time for model construction: 0.021 seconds.

Type:        CTMC
States:      450 (1 initial)
Transitions: 630

Rate matrix: 260 nodes (7 terminal), 630 minterms, vars: 11r/11c

SCCs: 1, BSCCs: 1, non-BSCC states: 0
BSCC sizes: 1:450

Initial states all in one BSCC (so no reachability probabilities computed)

Computing probabilities...
Engine: Hybrid

Building power method iteration matrix MTBDD... [nodes=304] [5.9 Kb]
Building hybrid MTBDD matrix... [levels=11, nodes=345] [16.2 KB]
Adding explicit sparse matrices... [levels=11, num=1, compact] [4.7 KB]
Allocating iteration vectors... [2 x 3.5 KB]
TOTAL: [27.9 KB]

Starting iterations...
Iteration 1656324: max diff=0.000000, 5.00 sec so far
Iteration 3322562: max diff=0.000000, 10.01 sec so far
Iteration 4996760: max diff=0.000000, 15.01 sec so far
Iteration 6678718: max diff=0.000000, 20.02 sec so far

Power method: 7874512 iterations in 23.56 seconds (average 0.000003, setup 0.00)

Printing steady-state probabilities in plain text format to file "../../CZK_project/Output/firstRejuvenation_1E-10_dynamic/hybrid/ph_90_1E-10"...

Time for steady-state probability computation: 26.54 seconds.

