PRISM
=====

Version: 4.4.GSMP
Date: Thu May 24 10:05:54 CEST 2018
Hostname: thomas
Memory limits: cudd=1g, java(heap)=910.5m
Command line: prism -hybrid -epsilon 1e-5 -maxiters 10000000 -power -absolute -const 'k=1,timeout=0.01,lambda=100.0000000000' ../../../../CZK_project/Model/queue_withptf_ctmc.sm -ss -exportss ../../../../CZK_project/Output/t=0.01/hybrid/ph_10_1_1E-5

Parsing model file "../../../../CZK_project/Model/queue_withptf_ctmc.sm"...

Type:        CTMC
Modules:     main trigger 
Variables:   qSize i 

---------------------------------------------------------------------

Computing steady-state probabilities...

Building model...
Model constants: k=1,timeout=0.01,lambda=100

Warning: Guard for command 1 of module "trigger" is never satisfied.

Computing reachable states...

Reachability (BFS): 11 iterations in 0.00 seconds (average 0.000000, setup 0.00)

Time for model construction: 0.011 seconds.

Type:        CTMC
States:      11 (1 initial)
Transitions: 20

Rate matrix: 30 nodes (2 terminal), 20 minterms, vars: 5r/5c

SCCs: 1, BSCCs: 1, non-BSCC states: 0
BSCC sizes: 1:11

Initial states all in one BSCC (so no reachability probabilities computed)

Computing probabilities...
Engine: Hybrid

Building power method iteration matrix MTBDD... [nodes=44] [0.9 Kb]
Building hybrid MTBDD matrix... [levels=5, nodes=51] [2.4 KB]
Adding explicit sparse matrices... [levels=5, num=1, compact] [0.2 KB]
Allocating iteration vectors... [2 x 0.1 KB]
TOTAL: [2.7 KB]

Starting iterations...

Power method: 1 iterations in 0.00 seconds (average 0.000000, setup 0.00)

Printing steady-state probabilities in plain text format to file "../../../../CZK_project/Output/t=0.01/hybrid/ph_10_1_1E-5"...

Time for steady-state probability computation: 0.007 seconds.

---------------------------------------------------------------------

Note: There was 1 warning during computation.

