PRISM
=====

Version: 4.4.GSMP
Date: Thu May 24 10:05:57 CEST 2018
Hostname: thomas
Memory limits: cudd=1g, java(heap)=910.5m
Command line: prism -hybrid -epsilon 1e-5 -maxiters 10000000 -power -absolute -const 'k=5,timeout=0.01,lambda=100.0000000000' ../../../../CZK_project/Model/queue_withptf_ctmc.sm -ss -exportss ../../../../CZK_project/Output/t=0.01/hybrid/ph_10_5_1E-5

Parsing model file "../../../../CZK_project/Model/queue_withptf_ctmc.sm"...

Type:        CTMC
Modules:     main trigger 
Variables:   qSize i 

---------------------------------------------------------------------

Computing steady-state probabilities...

Building model...
Model constants: k=5,timeout=0.01,lambda=100

Computing reachable states...

Reachability (BFS): 51 iterations in 0.00 seconds (average 0.000000, setup 0.00)

Time for model construction: 0.011 seconds.

Type:        CTMC
States:      51 (1 initial)
Transitions: 96

Rate matrix: 63 nodes (3 terminal), 96 minterms, vars: 7r/7c

SCCs: 1, BSCCs: 1, non-BSCC states: 0
BSCC sizes: 1:51

Initial states all in one BSCC (so no reachability probabilities computed)

Computing probabilities...
Engine: Hybrid

Building power method iteration matrix MTBDD... [nodes=97] [1.9 Kb]
Building hybrid MTBDD matrix... [levels=7, nodes=114] [5.3 KB]
Adding explicit sparse matrices... [levels=7, num=1, compact] [0.7 KB]
Allocating iteration vectors... [2 x 0.4 KB]
TOTAL: [6.8 KB]

Starting iterations...

Power method: 279 iterations in 0.00 seconds (average 0.000000, setup 0.00)

Printing steady-state probabilities in plain text format to file "../../../../CZK_project/Output/t=0.01/hybrid/ph_10_5_1E-5"...

Time for steady-state probability computation: 0.009 seconds.

