PRISM
=====

Version: 4.4
Date: Fri Jun 15 06:38:01 EDT 2018
Hostname: storm-eval
Memory limits: cudd=1g, java(heap)=910.5m
Command line: prism -hybrid -epsilon 5e-15 -maxiters 100000000 -power -absolute -const 'k=20000,timeout=0.1,lambda=6.93147180559945309400' ../../CZK_project/Model/queue_withptf_ctmc.sm -ss -exportss ../../CZK_project/Output/t=0.1_median_dynamic/hybrid/ph_10_20000_1E-10

Parsing model file "../../CZK_project/Model/queue_withptf_ctmc.sm"...

Type:        CTMC
Modules:     main trigger 
Variables:   qSize i 

---------------------------------------------------------------------

Computing steady-state probabilities...

Building model...
Model constants: k=20000,timeout=0.1,lambda=6.9314718056

Computing reachable states...

Reachability (BFS): 220000 iterations in 12.54 seconds (average 0.000057, setup 0.00)

Time for model construction: 46.667 seconds.

Type:        CTMC
States:      220000 (1 initial)
Transitions: 420000

Rate matrix: 206 nodes (3 terminal), 420000 minterms, vars: 19r/19c

SCCs: 1, BSCCs: 1, non-BSCC states: 0
BSCC sizes: 1:220000

Initial states all in one BSCC (so no reachability probabilities computed)

Computing probabilities...
Engine: Hybrid

Building power method iteration matrix MTBDD... [nodes=276] [5.4 Kb]
Building hybrid MTBDD matrix... [levels=19, nodes=309] [14.5 KB]
Adding explicit sparse matrices... [levels=15, num=5, compact] [644.6 KB]
Allocating iteration vectors... [2 x 1.7 MB]
TOTAL: [4.0 MB]

Starting iterations...
Iteration 2085: max diff=0.000000, 5.00 sec so far
Iteration 4164: max diff=0.000000, 10.01 sec so far
Iteration 6240: max diff=0.000000, 15.01 sec so far
Iteration 8316: max diff=0.000000, 20.02 sec so far
Iteration 10410: max diff=0.000000, 25.02 sec so far
Iteration 12476: max diff=0.000000, 30.02 sec so far
Iteration 14537: max diff=0.000000, 35.03 sec so far
Iteration 16609: max diff=0.000000, 40.03 sec so far
Iteration 18703: max diff=0.000000, 45.04 sec so far
Iteration 20817: max diff=0.000000, 50.04 sec so far
Iteration 22886: max diff=0.000000, 55.04 sec so far
Iteration 24972: max diff=0.000000, 60.05 sec so far
Iteration 27044: max diff=0.000000, 65.05 sec so far
Iteration 29126: max diff=0.000000, 70.06 sec so far
Iteration 31205: max diff=0.000000, 75.06 sec so far
Iteration 33283: max diff=0.000000, 80.06 sec so far
Iteration 35358: max diff=0.000000, 85.07 sec so far
Iteration 37423: max diff=0.000000, 90.07 sec so far
Iteration 39508: max diff=0.000000, 95.08 sec so far
Iteration 41589: max diff=0.000000, 100.08 sec so far
Iteration 43690: max diff=0.000000, 105.08 sec so far
Iteration 45783: max diff=0.000000, 110.09 sec so far
Iteration 47857: max diff=0.000000, 115.09 sec so far
Iteration 49917: max diff=0.000000, 120.10 sec so far
Iteration 51989: max diff=0.000000, 125.10 sec so far
Iteration 54066: max diff=0.000000, 130.10 sec so far
Iteration 56171: max diff=0.000000, 135.11 sec so far
Iteration 58245: max diff=0.000000, 140.11 sec so far
Iteration 60325: max diff=0.000000, 145.12 sec so far
Iteration 62379: max diff=0.000000, 150.12 sec so far
Iteration 64422: max diff=0.000000, 155.12 sec so far
Iteration 66467: max diff=0.000000, 160.13 sec so far
Iteration 68530: max diff=0.000000, 165.13 sec so far
Iteration 70621: max diff=0.000000, 170.14 sec so far
Iteration 72707: max diff=0.000000, 175.14 sec so far
Iteration 74756: max diff=0.000000, 180.14 sec so far
Iteration 76710: max diff=0.000000, 185.15 sec so far
Iteration 78771: max diff=0.000000, 190.15 sec so far
Iteration 80833: max diff=0.000000, 195.16 sec so far
Iteration 82916: max diff=0.000000, 200.16 sec so far
Iteration 84981: max diff=0.000000, 205.16 sec so far
Iteration 87053: max diff=0.000000, 210.17 sec so far
Iteration 89132: max diff=0.000000, 215.17 sec so far
Iteration 91221: max diff=0.000000, 220.18 sec so far
Iteration 93317: max diff=0.000000, 225.18 sec so far
Iteration 95400: max diff=0.000000, 230.18 sec so far
Iteration 97488: max diff=0.000000, 235.19 sec so far
Iteration 99568: max diff=0.000000, 240.19 sec so far
Iteration 101640: max diff=0.000000, 245.20 sec so far
Iteration 103719: max diff=0.000000, 250.20 sec so far
Iteration 105802: max diff=0.000000, 255.20 sec so far
Iteration 107877: max diff=0.000000, 260.21 sec so far
Iteration 109950: max diff=0.000000, 265.21 sec so far
Iteration 112030: max diff=0.000000, 270.22 sec so far
Iteration 114105: max diff=0.000000, 275.22 sec so far
Iteration 116195: max diff=0.000000, 280.22 sec so far
Iteration 118294: max diff=0.000000, 285.23 sec so far
Iteration 120377: max diff=0.000000, 290.23 sec so far
Iteration 122453: max diff=0.000000, 295.24 sec so far
Iteration 124548: max diff=0.000000, 300.24 sec so far
Iteration 126631: max diff=0.000000, 305.24 sec so far
Iteration 128673: max diff=0.000000, 310.25 sec so far
Iteration 130707: max diff=0.000000, 315.25 sec so far
Iteration 132791: max diff=0.000000, 320.26 sec so far
Iteration 134874: max diff=0.000000, 325.26 sec so far
Iteration 136943: max diff=0.000000, 330.26 sec so far
Iteration 139028: max diff=0.000000, 335.27 sec so far
Iteration 141111: max diff=0.000000, 340.27 sec so far
Iteration 143209: max diff=0.000000, 345.28 sec so far
Iteration 145315: max diff=0.000000, 350.28 sec so far
Iteration 147445: max diff=0.000000, 355.28 sec so far
Iteration 149539: max diff=0.000000, 360.29 sec so far
Iteration 151612: max diff=0.000000, 365.29 sec so far
Iteration 153666: max diff=0.000000, 370.30 sec so far
Iteration 155715: max diff=0.000000, 375.30 sec so far
Iteration 157802: max diff=0.000000, 380.30 sec so far
Iteration 159893: max diff=0.000000, 385.31 sec so far
Iteration 161982: max diff=0.000000, 390.31 sec so far
Iteration 164040: max diff=0.000000, 395.32 sec so far
Iteration 166088: max diff=0.000000, 400.32 sec so far
Iteration 168158: max diff=0.000000, 405.32 sec so far
Iteration 170204: max diff=0.000000, 410.33 sec so far
Iteration 172360: max diff=0.000000, 415.33 sec so far
Iteration 174699: max diff=0.000000, 420.34 sec so far
Iteration 177056: max diff=0.000000, 425.34 sec so far
Iteration 179409: max diff=0.000000, 430.34 sec so far
Iteration 181748: max diff=0.000000, 435.35 sec so far
Iteration 184068: max diff=0.000000, 440.35 sec so far
Iteration 186409: max diff=0.000000, 445.36 sec so far
Iteration 188748: max diff=0.000000, 450.36 sec so far
Iteration 191106: max diff=0.000000, 455.36 sec so far
Iteration 193457: max diff=0.000000, 460.37 sec so far
Iteration 195815: max diff=0.000000, 465.37 sec so far
Iteration 198169: max diff=0.000000, 470.38 sec so far
Iteration 200518: max diff=0.000000, 475.38 sec so far
Iteration 202873: max diff=0.000000, 480.38 sec so far
Iteration 205220: max diff=0.000000, 485.39 sec so far
Iteration 207565: max diff=0.000000, 490.39 sec so far
Iteration 209921: max diff=0.000000, 495.40 sec so far
Iteration 212282: max diff=0.000000, 500.40 sec so far
Iteration 214644: max diff=0.000000, 505.40 sec so far
Iteration 217015: max diff=0.000000, 510.41 sec so far
Iteration 219386: max diff=0.000000, 515.41 sec so far
Iteration 221748: max diff=0.000000, 520.42 sec so far
Iteration 224107: max diff=0.000000, 525.42 sec so far
Iteration 226479: max diff=0.000000, 530.42 sec so far
Iteration 228825: max diff=0.000000, 535.43 sec so far
Iteration 231187: max diff=0.000000, 540.43 sec so far
Iteration 233549: max diff=0.000000, 545.44 sec so far
Iteration 235911: max diff=0.000000, 550.44 sec so far
Iteration 238281: max diff=0.000000, 555.44 sec so far
Iteration 240653: max diff=0.000000, 560.45 sec so far
Iteration 243013: max diff=0.000000, 565.45 sec so far
Iteration 245378: max diff=0.000000, 570.46 sec so far
Iteration 247734: max diff=0.000000, 575.46 sec so far
Iteration 250097: max diff=0.000000, 580.46 sec so far
Iteration 252460: max diff=0.000000, 585.47 sec so far
Iteration 254824: max diff=0.000000, 590.47 sec so far
Iteration 257178: max diff=0.000000, 595.48 sec so far
Iteration 259550: max diff=0.000000, 600.48 sec so far
Iteration 261921: max diff=0.000000, 605.48 sec so far
Iteration 264279: max diff=0.000000, 610.49 sec so far
Iteration 266648: max diff=0.000000, 615.49 sec so far
Iteration 269009: max diff=0.000000, 620.50 sec so far
Iteration 271369: max diff=0.000000, 625.50 sec so far
Iteration 273725: max diff=0.000000, 630.50 sec so far
Iteration 276095: max diff=0.000000, 635.51 sec so far
Iteration 278460: max diff=0.000000, 640.51 sec so far
Iteration 280816: max diff=0.000000, 645.52 sec so far
Iteration 283176: max diff=0.000000, 650.52 sec so far
Iteration 285526: max diff=0.000000, 655.52 sec so far
Iteration 287893: max diff=0.000000, 660.53 sec so far
Iteration 290251: max diff=0.000000, 665.53 sec so far
Iteration 292608: max diff=0.000000, 670.54 sec so far
Iteration 294965: max diff=0.000000, 675.54 sec so far
Iteration 297321: max diff=0.000000, 680.54 sec so far
Iteration 299675: max diff=0.000000, 685.55 sec so far
Iteration 302030: max diff=0.000000, 690.55 sec so far
Iteration 304381: max diff=0.000000, 695.56 sec so far
Iteration 306746: max diff=0.000000, 700.56 sec so far
Iteration 309111: max diff=0.000000, 705.56 sec so far
Iteration 311472: max diff=0.000000, 710.57 sec so far
Iteration 313826: max diff=0.000000, 715.57 sec so far
Iteration 316186: max diff=0.000000, 720.58 sec so far
Iteration 318542: max diff=0.000000, 725.58 sec so far
Iteration 320900: max diff=0.000000, 730.58 sec so far
Iteration 323253: max diff=0.000000, 735.59 sec so far
Iteration 325612: max diff=0.000000, 740.59 sec so far
Iteration 327974: max diff=0.000000, 745.60 sec so far
Iteration 330331: max diff=0.000000, 750.60 sec so far
Iteration 332685: max diff=0.000000, 755.60 sec so far
Iteration 335034: max diff=0.000000, 760.61 sec so far
Iteration 337392: max diff=0.000000, 765.61 sec so far
Iteration 339759: max diff=0.000000, 770.62 sec so far
Iteration 342116: max diff=0.000000, 775.62 sec so far
Iteration 344452: max diff=0.000000, 780.62 sec so far
Iteration 346650: max diff=0.000000, 785.63 sec so far
Iteration 348816: max diff=0.000000, 790.63 sec so far
Iteration 350990: max diff=0.000000, 795.64 sec so far
Iteration 353317: max diff=0.000000, 800.64 sec so far
Iteration 355677: max diff=0.000000, 805.64 sec so far
Iteration 358044: max diff=0.000000, 810.65 sec so far
Iteration 360406: max diff=0.000000, 815.65 sec so far
Iteration 362775: max diff=0.000000, 820.66 sec so far
Iteration 365137: max diff=0.000000, 825.66 sec so far
Iteration 367505: max diff=0.000000, 830.66 sec so far
Iteration 369873: max diff=0.000000, 835.67 sec so far
Iteration 372240: max diff=0.000000, 840.67 sec so far
Iteration 374598: max diff=0.000000, 845.68 sec so far
Iteration 376963: max diff=0.000000, 850.68 sec so far
Iteration 379323: max diff=0.000000, 855.68 sec so far
Iteration 381684: max diff=0.000000, 860.69 sec so far
Iteration 384045: max diff=0.000000, 865.69 sec so far
Iteration 386409: max diff=0.000000, 870.70 sec so far
Iteration 388777: max diff=0.000000, 875.70 sec so far
Iteration 391141: max diff=0.000000, 880.70 sec so far
Iteration 393508: max diff=0.000000, 885.71 sec so far
Iteration 395878: max diff=0.000000, 890.71 sec so far
Iteration 398242: max diff=0.000000, 895.72 sec so far
Iteration 400594: max diff=0.000000, 900.72 sec so far
Iteration 402958: max diff=0.000000, 905.72 sec so far
Iteration 405322: max diff=0.000000, 910.73 sec so far
Iteration 407687: max diff=0.000000, 915.73 sec so far
Iteration 410052: max diff=0.000000, 920.74 sec so far
Iteration 412401: max diff=0.000000, 925.74 sec so far
Iteration 414717: max diff=0.000000, 930.74 sec so far
Iteration 417081: max diff=0.000000, 935.75 sec so far
Iteration 419438: max diff=0.000000, 940.75 sec so far
Iteration 421797: max diff=0.000000, 945.76 sec so far
Iteration 424156: max diff=0.000000, 950.76 sec so far
Iteration 426520: max diff=0.000000, 955.76 sec so far
Iteration 428885: max diff=0.000000, 960.77 sec so far
Iteration 431248: max diff=0.000000, 965.77 sec so far
Iteration 433607: max diff=0.000000, 970.78 sec so far
Iteration 435969: max diff=0.000000, 975.78 sec so far
Iteration 438336: max diff=0.000000, 980.78 sec so far
Iteration 440679: max diff=0.000000, 985.79 sec so far
Iteration 443042: max diff=0.000000, 990.79 sec so far
Iteration 445406: max diff=0.000000, 995.80 sec so far
Iteration 447762: max diff=0.000000, 1000.80 sec so far
Iteration 450121: max diff=0.000000, 1005.80 sec so far
Iteration 452492: max diff=0.000000, 1010.81 sec so far
Iteration 454883: max diff=0.000000, 1015.81 sec so far
Iteration 457300: max diff=0.000000, 1020.82 sec so far
Iteration 459711: max diff=0.000000, 1025.82 sec so far
Iteration 462134: max diff=0.000000, 1030.82 sec so far
Iteration 464566: max diff=0.000000, 1035.83 sec so far
Iteration 466989: max diff=0.000000, 1040.83 sec so far
Iteration 469421: max diff=0.000000, 1045.84 sec so far
Iteration 471848: max diff=0.000000, 1050.84 sec so far
Iteration 474268: max diff=0.000000, 1055.84 sec so far
Iteration 476699: max diff=0.000000, 1060.85 sec so far
Iteration 479096: max diff=0.000000, 1065.85 sec so far
Iteration 481498: max diff=0.000000, 1070.86 sec so far
Iteration 483908: max diff=0.000000, 1075.86 sec so far
Iteration 486317: max diff=0.000000, 1080.86 sec so far
Iteration 488717: max diff=0.000000, 1085.87 sec so far
Iteration 491132: max diff=0.000000, 1090.87 sec so far
Iteration 493544: max diff=0.000000, 1095.88 sec so far
Iteration 495950: max diff=0.000000, 1100.88 sec so far
Iteration 498358: max diff=0.000000, 1105.88 sec so far
Iteration 500773: max diff=0.000000, 1110.89 sec so far
Iteration 503186: max diff=0.000000, 1115.89 sec so far
Iteration 505609: max diff=0.000000, 1120.90 sec so far
Iteration 508029: max diff=0.000000, 1125.90 sec so far
Iteration 510446: max diff=0.000000, 1130.90 sec so far
Iteration 512855: max diff=0.000000, 1135.91 sec so far
Iteration 515275: max diff=0.000000, 1140.91 sec so far
Iteration 517690: max diff=0.000000, 1145.92 sec so far
Iteration 520104: max diff=0.000000, 1150.92 sec so far
Iteration 522525: max diff=0.000000, 1155.92 sec so far
Iteration 524939: max diff=0.000000, 1160.93 sec so far
Iteration 527354: max diff=0.000000, 1165.93 sec so far
Iteration 529770: max diff=0.000000, 1170.94 sec so far
Iteration 532187: max diff=0.000000, 1175.94 sec so far
Iteration 534605: max diff=0.000000, 1180.94 sec so far
Iteration 537032: max diff=0.000000, 1185.95 sec so far
Iteration 539462: max diff=0.000000, 1190.95 sec so far
Iteration 541879: max diff=0.000000, 1195.96 sec so far
Iteration 544307: max diff=0.000000, 1200.96 sec so far
Iteration 546730: max diff=0.000000, 1205.96 sec so far
Iteration 549152: max diff=0.000000, 1210.97 sec so far
Iteration 551571: max diff=0.000000, 1215.97 sec so far
Iteration 553990: max diff=0.000000, 1220.98 sec so far
Iteration 556421: max diff=0.000000, 1225.98 sec so far
Iteration 558834: max diff=0.000000, 1230.98 sec so far
Iteration 561266: max diff=0.000000, 1235.99 sec so far
Iteration 563691: max diff=0.000000, 1240.99 sec so far
Iteration 566109: max diff=0.000000, 1246.00 sec so far
Iteration 568523: max diff=0.000000, 1251.00 sec so far
Iteration 570937: max diff=0.000000, 1256.00 sec so far
Iteration 573353: max diff=0.000000, 1261.01 sec so far
Iteration 575772: max diff=0.000000, 1266.01 sec so far
Iteration 578194: max diff=0.000000, 1271.02 sec so far
Iteration 580614: max diff=0.000000, 1276.02 sec so far
Iteration 583035: max diff=0.000000, 1281.02 sec so far
Iteration 585462: max diff=0.000000, 1286.03 sec so far
Iteration 587883: max diff=0.000000, 1291.03 sec so far
Iteration 590305: max diff=0.000000, 1296.04 sec so far
Iteration 592718: max diff=0.000000, 1301.04 sec so far
Iteration 595140: max diff=0.000000, 1306.04 sec so far
Iteration 597569: max diff=0.000000, 1311.05 sec so far
Iteration 599993: max diff=0.000000, 1316.05 sec so far
Iteration 602419: max diff=0.000000, 1321.06 sec so far
Iteration 604836: max diff=0.000000, 1326.06 sec so far
Iteration 607253: max diff=0.000000, 1331.06 sec so far
Iteration 609672: max diff=0.000000, 1336.07 sec so far
Iteration 612094: max diff=0.000000, 1341.07 sec so far
Iteration 614523: max diff=0.000000, 1346.08 sec so far
Iteration 616945: max diff=0.000000, 1351.08 sec so far
Iteration 619367: max diff=0.000000, 1356.08 sec so far
Iteration 621793: max diff=0.000000, 1361.09 sec so far
Iteration 624213: max diff=0.000000, 1366.09 sec so far
Iteration 626635: max diff=0.000000, 1371.10 sec so far
Iteration 629040: max diff=0.000000, 1376.10 sec so far
Iteration 631463: max diff=0.000000, 1381.10 sec so far
Iteration 633880: max diff=0.000000, 1386.11 sec so far
Iteration 636299: max diff=0.000000, 1391.11 sec so far
Iteration 638724: max diff=0.000000, 1396.12 sec so far
Iteration 641152: max diff=0.000000, 1401.12 sec so far
Iteration 643579: max diff=0.000000, 1406.12 sec so far
Iteration 646008: max diff=0.000000, 1411.13 sec so far
Iteration 648433: max diff=0.000000, 1416.13 sec so far
Iteration 650860: max diff=0.000000, 1421.14 sec so far
Iteration 653283: max diff=0.000000, 1426.14 sec so far
Iteration 655706: max diff=0.000000, 1431.14 sec so far
Iteration 658125: max diff=0.000000, 1436.15 sec so far
Iteration 660556: max diff=0.000000, 1441.15 sec so far
Iteration 662974: max diff=0.000000, 1446.16 sec so far
Iteration 665395: max diff=0.000000, 1451.16 sec so far
Iteration 667819: max diff=0.000000, 1456.16 sec so far
Iteration 670243: max diff=0.000000, 1461.17 sec so far
Iteration 672668: max diff=0.000000, 1466.17 sec so far
Iteration 675094: max diff=0.000000, 1471.18 sec so far
Iteration 677517: max diff=0.000000, 1476.18 sec so far
Iteration 679957: max diff=0.000000, 1481.18 sec so far
Iteration 682381: max diff=0.000000, 1486.19 sec so far
Iteration 684813: max diff=0.000000, 1491.19 sec so far
Iteration 687237: max diff=0.000000, 1496.20 sec so far
Iteration 689646: max diff=0.000000, 1501.20 sec so far
Iteration 692066: max diff=0.000000, 1506.20 sec so far
Iteration 694494: max diff=0.000000, 1511.21 sec so far
Iteration 696917: max diff=0.000000, 1516.21 sec so far
Iteration 699338: max diff=0.000000, 1521.22 sec so far
Iteration 701767: max diff=0.000000, 1526.22 sec so far
Iteration 704190: max diff=0.000000, 1531.22 sec so far
Iteration 706612: max diff=0.000000, 1536.23 sec so far
Iteration 709040: max diff=0.000000, 1541.23 sec so far
Iteration 711469: max diff=0.000000, 1546.24 sec so far
Iteration 713896: max diff=0.000000, 1551.24 sec so far
Iteration 716319: max diff=0.000000, 1556.24 sec so far
Iteration 718750: max diff=0.000000, 1561.25 sec so far
Iteration 721166: max diff=0.000000, 1566.25 sec so far
Iteration 723597: max diff=0.000000, 1571.26 sec so far
Iteration 726031: max diff=0.000000, 1576.26 sec so far
Iteration 728466: max diff=0.000000, 1581.26 sec so far
Iteration 730903: max diff=0.000000, 1586.27 sec so far
Iteration 733344: max diff=0.000000, 1591.27 sec so far
Iteration 735774: max diff=0.000000, 1596.28 sec so far
Iteration 738203: max diff=0.000000, 1601.28 sec so far
Iteration 740635: max diff=0.000000, 1606.28 sec so far
Iteration 743067: max diff=0.000000, 1611.29 sec so far
Iteration 745445: max diff=0.000000, 1616.29 sec so far
Iteration 747821: max diff=0.000000, 1621.30 sec so far
Iteration 750008: max diff=0.000000, 1626.30 sec so far
Iteration 752087: max diff=0.000000, 1631.30 sec so far
Iteration 754224: max diff=0.000000, 1636.31 sec so far
Iteration 756432: max diff=0.000000, 1641.31 sec so far
Iteration 758600: max diff=0.000000, 1646.32 sec so far
Iteration 760716: max diff=0.000000, 1651.32 sec so far
Iteration 762769: max diff=0.000000, 1656.32 sec so far
Iteration 764847: max diff=0.000000, 1661.33 sec so far
Iteration 767015: max diff=0.000000, 1666.33 sec so far
Iteration 769261: max diff=0.000000, 1671.34 sec so far
Iteration 771419: max diff=0.000000, 1676.34 sec so far
Iteration 773558: max diff=0.000000, 1681.34 sec so far
Iteration 775704: max diff=0.000000, 1686.35 sec so far
Iteration 777940: max diff=0.000000, 1691.35 sec so far
Iteration 780314: max diff=0.000000, 1696.36 sec so far
Iteration 782721: max diff=0.000000, 1701.36 sec so far
Iteration 785144: max diff=0.000000, 1706.36 sec so far
Iteration 787543: max diff=0.000000, 1711.37 sec so far
Iteration 789926: max diff=0.000000, 1716.37 sec so far
Iteration 792325: max diff=0.000000, 1721.38 sec so far
Iteration 794744: max diff=0.000000, 1726.38 sec so far
Iteration 797136: max diff=0.000000, 1731.38 sec so far
Iteration 799514: max diff=0.000000, 1736.39 sec so far
Iteration 801893: max diff=0.000000, 1741.39 sec so far
Iteration 804278: max diff=0.000000, 1746.40 sec so far
Iteration 806651: max diff=0.000000, 1751.40 sec so far
Iteration 809038: max diff=0.000000, 1756.40 sec so far
Iteration 811404: max diff=0.000000, 1761.41 sec so far
Iteration 813771: max diff=0.000000, 1766.41 sec so far
Iteration 816146: max diff=0.000000, 1771.42 sec so far
Iteration 818555: max diff=0.000000, 1776.42 sec so far
Iteration 820951: max diff=0.000000, 1781.42 sec so far
Iteration 823315: max diff=0.000000, 1786.43 sec so far
Iteration 825663: max diff=0.000000, 1791.43 sec so far
Iteration 828043: max diff=0.000000, 1796.44 sec so far
Iteration 830440: max diff=0.000000, 1801.44 sec so far
Iteration 832851: max diff=0.000000, 1806.44 sec so far
Iteration 835254: max diff=0.000000, 1811.45 sec so far
Iteration 837652: max diff=0.000000, 1816.45 sec so far
Iteration 840024: max diff=0.000000, 1821.46 sec so far
Iteration 842395: max diff=0.000000, 1826.46 sec so far
Iteration 844780: max diff=0.000000, 1831.46 sec so far
Iteration 847162: max diff=0.000000, 1836.47 sec so far
Iteration 849582: max diff=0.000000, 1841.47 sec so far
Iteration 852005: max diff=0.000000, 1846.48 sec so far
Iteration 854399: max diff=0.000000, 1851.48 sec so far
Iteration 856783: max diff=0.000000, 1856.48 sec so far
Iteration 859197: max diff=0.000000, 1861.49 sec so far
Iteration 861605: max diff=0.000000, 1866.49 sec so far
Iteration 863970: max diff=0.000000, 1871.50 sec so far
Iteration 866342: max diff=0.000000, 1876.50 sec so far
Iteration 868701: max diff=0.000000, 1881.50 sec so far
Iteration 871061: max diff=0.000000, 1886.51 sec so far
Iteration 873456: max diff=0.000000, 1891.51 sec so far
Iteration 875871: max diff=0.000000, 1896.52 sec so far
Iteration 878283: max diff=0.000000, 1901.52 sec so far
Iteration 880675: max diff=0.000000, 1906.52 sec so far
Iteration 883061: max diff=0.000000, 1911.53 sec so far
Iteration 885435: max diff=0.000000, 1916.53 sec so far
Iteration 887814: max diff=0.000000, 1921.54 sec so far
Iteration 890217: max diff=0.000000, 1926.54 sec so far
Iteration 892629: max diff=0.000000, 1931.54 sec so far
Iteration 895033: max diff=0.000000, 1936.55 sec so far
Iteration 897404: max diff=0.000000, 1941.55 sec so far
Iteration 899779: max diff=0.000000, 1946.56 sec so far
Iteration 902136: max diff=0.000000, 1951.56 sec so far
Iteration 904506: max diff=0.000000, 1956.56 sec so far
Iteration 906891: max diff=0.000000, 1961.57 sec so far
Iteration 909301: max diff=0.000000, 1966.57 sec so far
Iteration 911720: max diff=0.000000, 1971.58 sec so far
Iteration 914106: max diff=0.000000, 1976.58 sec so far
Iteration 916494: max diff=0.000000, 1981.58 sec so far
Iteration 918887: max diff=0.000000, 1986.59 sec so far
Iteration 921209: max diff=0.000000, 1991.59 sec so far
Iteration 923468: max diff=0.000000, 1996.60 sec so far
Iteration 925771: max diff=0.000000, 2001.60 sec so far
Iteration 928112: max diff=0.000000, 2006.60 sec so far
Iteration 930466: max diff=0.000000, 2011.61 sec so far
Iteration 932762: max diff=0.000000, 2016.61 sec so far
Iteration 934996: max diff=0.000000, 2021.62 sec so far
Iteration 937350: max diff=0.000000, 2026.62 sec so far
Iteration 939740: max diff=0.000000, 2031.62 sec so far
Iteration 942126: max diff=0.000000, 2036.63 sec so far
Iteration 944523: max diff=0.000000, 2041.63 sec so far
Iteration 946835: max diff=0.000000, 2046.64 sec so far
Iteration 949142: max diff=0.000000, 2051.64 sec so far
Iteration 951429: max diff=0.000000, 2056.64 sec so far
Iteration 953721: max diff=0.000000, 2061.65 sec so far
Iteration 956029: max diff=0.000000, 2066.65 sec so far
Iteration 958364: max diff=0.000000, 2071.66 sec so far
Iteration 960700: max diff=0.000000, 2076.66 sec so far
Iteration 963027: max diff=0.000000, 2081.66 sec so far
Iteration 965334: max diff=0.000000, 2086.67 sec so far
Iteration 967632: max diff=0.000000, 2091.67 sec so far
Iteration 969911: max diff=0.000000, 2096.68 sec so far
Iteration 972253: max diff=0.000000, 2101.68 sec so far
Iteration 974596: max diff=0.000000, 2106.68 sec so far
Iteration 976936: max diff=0.000000, 2111.69 sec so far
Iteration 979283: max diff=0.000000, 2116.69 sec so far
Iteration 981618: max diff=0.000000, 2121.70 sec so far
Iteration 983971: max diff=0.000000, 2126.70 sec so far
Iteration 986311: max diff=0.000000, 2131.70 sec so far
Iteration 988661: max diff=0.000000, 2136.71 sec so far
Iteration 991000: max diff=0.000000, 2141.71 sec so far
Iteration 993333: max diff=0.000000, 2146.72 sec so far
Iteration 995674: max diff=0.000000, 2151.72 sec so far
Iteration 998016: max diff=0.000000, 2156.72 sec so far
Iteration 1000356: max diff=0.000000, 2161.73 sec so far
Iteration 1002689: max diff=0.000000, 2166.73 sec so far
Iteration 1005028: max diff=0.000000, 2171.74 sec so far
Iteration 1007405: max diff=0.000000, 2176.74 sec so far
Iteration 1009773: max diff=0.000000, 2181.74 sec so far
Iteration 1012167: max diff=0.000000, 2186.75 sec so far
Iteration 1014402: max diff=0.000000, 2191.75 sec so far
Iteration 1016617: max diff=0.000000, 2196.76 sec so far
Iteration 1018803: max diff=0.000000, 2201.76 sec so far
Iteration 1021023: max diff=0.000000, 2206.76 sec so far
Iteration 1023297: max diff=0.000000, 2211.77 sec so far
Iteration 1025687: max diff=0.000000, 2216.77 sec so far
Iteration 1028079: max diff=0.000000, 2221.78 sec so far
Iteration 1030454: max diff=0.000000, 2226.78 sec so far
Iteration 1032835: max diff=0.000000, 2231.78 sec so far
Iteration 1035176: max diff=0.000000, 2236.79 sec so far
Iteration 1037364: max diff=0.000000, 2241.79 sec so far
Iteration 1039608: max diff=0.000000, 2246.80 sec so far
Iteration 1041717: max diff=0.000000, 2251.80 sec so far
Iteration 1043921: max diff=0.000000, 2256.80 sec so far
Iteration 1046271: max diff=0.000000, 2261.81 sec so far
Iteration 1048601: max diff=0.000000, 2266.81 sec so far
Iteration 1050956: max diff=0.000000, 2271.82 sec so far
Iteration 1053310: max diff=0.000000, 2276.82 sec so far
Iteration 1055719: max diff=0.000000, 2281.82 sec so far
Iteration 1058103: max diff=0.000000, 2286.83 sec so far
Iteration 1060492: max diff=0.000000, 2291.83 sec so far
Iteration 1062886: max diff=0.000000, 2296.84 sec so far
Iteration 1065299: max diff=0.000000, 2301.84 sec so far
Iteration 1067685: max diff=0.000000, 2306.84 sec so far
Iteration 1070079: max diff=0.000000, 2311.85 sec so far
Iteration 1072462: max diff=0.000000, 2316.85 sec so far
Iteration 1074869: max diff=0.000000, 2321.86 sec so far
Iteration 1077241: max diff=0.000000, 2326.86 sec so far
Iteration 1079609: max diff=0.000000, 2331.86 sec so far
Iteration 1081998: max diff=0.000000, 2336.87 sec so far
Iteration 1084378: max diff=0.000000, 2341.87 sec so far
Iteration 1086776: max diff=0.000000, 2346.88 sec so far
Iteration 1089173: max diff=0.000000, 2351.88 sec so far
Iteration 1091557: max diff=0.000000, 2356.88 sec so far
Iteration 1093970: max diff=0.000000, 2361.89 sec so far
Iteration 1096368: max diff=0.000000, 2366.89 sec so far
Iteration 1098745: max diff=0.000000, 2371.90 sec so far
Iteration 1101137: max diff=0.000000, 2376.90 sec so far
Iteration 1103549: max diff=0.000000, 2381.90 sec so far
Iteration 1105949: max diff=0.000000, 2386.91 sec so far
Iteration 1108338: max diff=0.000000, 2391.91 sec so far
Iteration 1110741: max diff=0.000000, 2396.92 sec so far
Iteration 1113131: max diff=0.000000, 2401.92 sec so far
Iteration 1115525: max diff=0.000000, 2406.92 sec so far
Iteration 1117913: max diff=0.000000, 2411.93 sec so far
Iteration 1120327: max diff=0.000000, 2416.93 sec so far
Iteration 1122711: max diff=0.000000, 2421.94 sec so far
Iteration 1125113: max diff=0.000000, 2426.94 sec so far
Iteration 1127492: max diff=0.000000, 2431.94 sec so far
Iteration 1129907: max diff=0.000000, 2436.95 sec so far
Iteration 1132302: max diff=0.000000, 2441.95 sec so far
Iteration 1134714: max diff=0.000000, 2446.96 sec so far
Iteration 1137117: max diff=0.000000, 2451.96 sec so far
Iteration 1139535: max diff=0.000000, 2456.96 sec so far
Iteration 1141935: max diff=0.000000, 2461.97 sec so far
Iteration 1144340: max diff=0.000000, 2466.97 sec so far
Iteration 1146744: max diff=0.000000, 2471.98 sec so far
Iteration 1149135: max diff=0.000000, 2476.98 sec so far
Iteration 1151523: max diff=0.000000, 2481.98 sec so far
Iteration 1153929: max diff=0.000000, 2486.99 sec so far
Iteration 1156318: max diff=0.000000, 2491.99 sec so far
Iteration 1158708: max diff=0.000000, 2497.00 sec so far
Iteration 1161114: max diff=0.000000, 2502.00 sec so far
Iteration 1163505: max diff=0.000000, 2507.00 sec so far
Iteration 1165906: max diff=0.000000, 2512.01 sec so far
Iteration 1168299: max diff=0.000000, 2517.01 sec so far
Iteration 1170703: max diff=0.000000, 2522.02 sec so far
Iteration 1173106: max diff=0.000000, 2527.02 sec so far
Iteration 1175507: max diff=0.000000, 2532.02 sec so far
Iteration 1177901: max diff=0.000000, 2537.03 sec so far
Iteration 1180258: max diff=0.000000, 2542.03 sec so far
Iteration 1182655: max diff=0.000000, 2547.04 sec so far
Iteration 1185054: max diff=0.000000, 2552.04 sec so far
Iteration 1187440: max diff=0.000000, 2557.04 sec so far
Iteration 1189823: max diff=0.000000, 2562.05 sec so far
Iteration 1192224: max diff=0.000000, 2567.05 sec so far
Iteration 1194609: max diff=0.000000, 2572.06 sec so far
Iteration 1197007: max diff=0.000000, 2577.06 sec so far
Iteration 1199392: max diff=0.000000, 2582.06 sec so far
Iteration 1201798: max diff=0.000000, 2587.07 sec so far
Iteration 1204199: max diff=0.000000, 2592.07 sec so far
Iteration 1206601: max diff=0.000000, 2597.08 sec so far
Iteration 1209025: max diff=0.000000, 2602.08 sec so far
Iteration 1211422: max diff=0.000000, 2607.08 sec so far
Iteration 1213817: max diff=0.000000, 2612.09 sec so far
Iteration 1216200: max diff=0.000000, 2617.09 sec so far
Iteration 1218588: max diff=0.000000, 2622.10 sec so far
Iteration 1220962: max diff=0.000000, 2627.10 sec so far
Iteration 1223381: max diff=0.000000, 2632.10 sec so far
Iteration 1225802: max diff=0.000000, 2637.11 sec so far
Iteration 1228218: max diff=0.000000, 2642.11 sec so far
Iteration 1230620: max diff=0.000000, 2647.12 sec so far
Iteration 1233004: max diff=0.000000, 2652.12 sec so far
Iteration 1235385: max diff=0.000000, 2657.12 sec so far
Iteration 1237771: max diff=0.000000, 2662.13 sec so far
Iteration 1240171: max diff=0.000000, 2667.13 sec so far
Iteration 1242557: max diff=0.000000, 2672.14 sec so far
Iteration 1244960: max diff=0.000000, 2677.14 sec so far
Iteration 1247353: max diff=0.000000, 2682.14 sec so far
Iteration 1249747: max diff=0.000000, 2687.15 sec so far
Iteration 1252157: max diff=0.000000, 2692.15 sec so far
Iteration 1254549: max diff=0.000000, 2697.16 sec so far
Iteration 1256932: max diff=0.000000, 2702.16 sec so far
Iteration 1259335: max diff=0.000000, 2707.16 sec so far
Iteration 1261716: max diff=0.000000, 2712.17 sec so far
Iteration 1264108: max diff=0.000000, 2717.17 sec so far
Iteration 1266503: max diff=0.000000, 2722.18 sec so far
Iteration 1268920: max diff=0.000000, 2727.18 sec so far
Iteration 1271320: max diff=0.000000, 2732.18 sec so far
Iteration 1273710: max diff=0.000000, 2737.19 sec so far
Iteration 1276104: max diff=0.000000, 2742.19 sec so far
Iteration 1278514: max diff=0.000000, 2747.20 sec so far
Iteration 1280927: max diff=0.000000, 2752.20 sec so far
Iteration 1283336: max diff=0.000000, 2757.20 sec so far
Iteration 1285747: max diff=0.000000, 2762.21 sec so far
Iteration 1288151: max diff=0.000000, 2767.21 sec so far
Iteration 1290552: max diff=0.000000, 2772.22 sec so far
Iteration 1292945: max diff=0.000000, 2777.22 sec so far
Iteration 1295330: max diff=0.000000, 2782.22 sec so far
Iteration 1297732: max diff=0.000000, 2787.23 sec so far
Iteration 1300109: max diff=0.000000, 2792.23 sec so far
Iteration 1302491: max diff=0.000000, 2797.24 sec so far
Iteration 1304897: max diff=0.000000, 2802.24 sec so far
Iteration 1307300: max diff=0.000000, 2807.24 sec so far
Iteration 1309710: max diff=0.000000, 2812.25 sec so far
Iteration 1312190: max diff=0.000000, 2817.25 sec so far
Iteration 1314668: max diff=0.000000, 2822.26 sec so far
Iteration 1317148: max diff=0.000000, 2827.26 sec so far
Iteration 1319617: max diff=0.000000, 2832.26 sec so far
Iteration 1322096: max diff=0.000000, 2837.27 sec so far
Iteration 1324573: max diff=0.000000, 2842.27 sec so far
Iteration 1327045: max diff=0.000000, 2847.28 sec so far
Iteration 1329522: max diff=0.000000, 2852.28 sec so far
Iteration 1331990: max diff=0.000000, 2857.28 sec so far
Iteration 1334468: max diff=0.000000, 2862.29 sec so far
Iteration 1336948: max diff=0.000000, 2867.29 sec so far
Iteration 1339421: max diff=0.000000, 2872.30 sec so far
Iteration 1341897: max diff=0.000000, 2877.30 sec so far
Iteration 1344369: max diff=0.000000, 2882.30 sec so far
Iteration 1346837: max diff=0.000000, 2887.31 sec so far
Iteration 1349307: max diff=0.000000, 2892.31 sec so far
Iteration 1351786: max diff=0.000000, 2897.32 sec so far
Iteration 1354252: max diff=0.000000, 2902.32 sec so far
Iteration 1356735: max diff=0.000000, 2907.32 sec so far
Iteration 1359214: max diff=0.000000, 2912.33 sec so far
Iteration 1361695: max diff=0.000000, 2917.33 sec so far
Iteration 1364182: max diff=0.000000, 2922.34 sec so far
Iteration 1366659: max diff=0.000000, 2927.34 sec so far
Iteration 1369134: max diff=0.000000, 2932.34 sec so far
Iteration 1371612: max diff=0.000000, 2937.35 sec so far
Iteration 1374093: max diff=0.000000, 2942.35 sec so far
Iteration 1376573: max diff=0.000000, 2947.36 sec so far
Iteration 1379053: max diff=0.000000, 2952.36 sec so far
Iteration 1381533: max diff=0.000000, 2957.36 sec so far
Iteration 1384010: max diff=0.000000, 2962.37 sec so far
Iteration 1386492: max diff=0.000000, 2967.37 sec so far
Iteration 1388976: max diff=0.000000, 2972.38 sec so far
Iteration 1391452: max diff=0.000000, 2977.38 sec so far
Iteration 1393938: max diff=0.000000, 2982.38 sec so far
Iteration 1396414: max diff=0.000000, 2987.39 sec so far
Iteration 1398887: max diff=0.000000, 2992.39 sec so far
Iteration 1401364: max diff=0.000000, 2997.40 sec so far
Iteration 1403839: max diff=0.000000, 3002.40 sec so far
Iteration 1406320: max diff=0.000000, 3007.40 sec so far
Iteration 1408801: max diff=0.000000, 3012.41 sec so far
Iteration 1411285: max diff=0.000000, 3017.41 sec so far
Iteration 1413765: max diff=0.000000, 3022.42 sec so far
Iteration 1416248: max diff=0.000000, 3027.42 sec so far
Iteration 1418731: max diff=0.000000, 3032.42 sec so far
Iteration 1421214: max diff=0.000000, 3037.43 sec so far
Iteration 1423695: max diff=0.000000, 3042.43 sec so far
Iteration 1426175: max diff=0.000000, 3047.44 sec so far
Iteration 1428663: max diff=0.000000, 3052.44 sec so far
Iteration 1431139: max diff=0.000000, 3057.44 sec so far
Iteration 1433613: max diff=0.000000, 3062.45 sec so far
Iteration 1436093: max diff=0.000000, 3067.45 sec so far
Iteration 1438558: max diff=0.000000, 3072.46 sec so far
Iteration 1441029: max diff=0.000000, 3077.46 sec so far
Iteration 1443499: max diff=0.000000, 3082.46 sec so far
Iteration 1445983: max diff=0.000000, 3087.47 sec so far
Iteration 1448459: max diff=0.000000, 3092.47 sec so far
Iteration 1450938: max diff=0.000000, 3097.48 sec so far
Iteration 1453419: max diff=0.000000, 3102.48 sec so far
Iteration 1455897: max diff=0.000000, 3107.48 sec so far
Iteration 1458373: max diff=0.000000, 3112.49 sec so far
Iteration 1460843: max diff=0.000000, 3117.49 sec so far
Iteration 1463297: max diff=0.000000, 3122.50 sec so far
Iteration 1465772: max diff=0.000000, 3127.50 sec so far
Iteration 1468252: max diff=0.000000, 3132.50 sec so far
Iteration 1470729: max diff=0.000000, 3137.51 sec so far
Iteration 1473209: max diff=0.000000, 3142.51 sec so far
Iteration 1475694: max diff=0.000000, 3147.52 sec so far
Iteration 1478168: max diff=0.000000, 3152.52 sec so far
Iteration 1480641: max diff=0.000000, 3157.52 sec so far
Iteration 1483115: max diff=0.000000, 3162.53 sec so far
Iteration 1485590: max diff=0.000000, 3167.53 sec so far
Iteration 1488065: max diff=0.000000, 3172.54 sec so far
Iteration 1490541: max diff=0.000000, 3177.54 sec so far
Iteration 1493021: max diff=0.000000, 3182.54 sec so far
Iteration 1495494: max diff=0.000000, 3187.55 sec so far
Iteration 1497973: max diff=0.000000, 3192.55 sec so far
Iteration 1500450: max diff=0.000000, 3197.56 sec so far
Iteration 1502930: max diff=0.000000, 3202.56 sec so far
Iteration 1505408: max diff=0.000000, 3207.56 sec so far
Iteration 1507895: max diff=0.000000, 3212.57 sec so far
Iteration 1510380: max diff=0.000000, 3217.57 sec so far
Iteration 1512852: max diff=0.000000, 3222.58 sec so far
Iteration 1515330: max diff=0.000000, 3227.58 sec so far
Iteration 1517809: max diff=0.000000, 3232.58 sec so far
Iteration 1520287: max diff=0.000000, 3237.59 sec so far
Iteration 1522769: max diff=0.000000, 3242.59 sec so far
Iteration 1525242: max diff=0.000000, 3247.60 sec so far
Iteration 1527726: max diff=0.000000, 3252.60 sec so far
Iteration 1530212: max diff=0.000000, 3257.60 sec so far
Iteration 1532693: max diff=0.000000, 3262.61 sec so far
Iteration 1535170: max diff=0.000000, 3267.61 sec so far
Iteration 1537648: max diff=0.000000, 3272.62 sec so far
Iteration 1540122: max diff=0.000000, 3277.62 sec so far
Iteration 1542602: max diff=0.000000, 3282.62 sec so far
Iteration 1545088: max diff=0.000000, 3287.63 sec so far
Iteration 1547568: max diff=0.000000, 3292.63 sec so far
Iteration 1550049: max diff=0.000000, 3297.64 sec so far
Iteration 1552536: max diff=0.000000, 3302.64 sec so far
Iteration 1555018: max diff=0.000000, 3307.64 sec so far
Iteration 1557498: max diff=0.000000, 3312.65 sec so far
Iteration 1559973: max diff=0.000000, 3317.65 sec so far
Iteration 1562458: max diff=0.000000, 3322.66 sec so far
Iteration 1564944: max diff=0.000000, 3327.66 sec so far
Iteration 1567428: max diff=0.000000, 3332.66 sec so far
Iteration 1569908: max diff=0.000000, 3337.67 sec so far
Iteration 1572388: max diff=0.000000, 3342.67 sec so far
Iteration 1574868: max diff=0.000000, 3347.68 sec so far
Iteration 1577342: max diff=0.000000, 3352.68 sec so far
Iteration 1579811: max diff=0.000000, 3357.68 sec so far
Iteration 1582285: max diff=0.000000, 3362.69 sec so far
Iteration 1584764: max diff=0.000000, 3367.69 sec so far
Iteration 1587235: max diff=0.000000, 3372.70 sec so far
Iteration 1589699: max diff=0.000000, 3377.70 sec so far
Iteration 1592175: max diff=0.000000, 3382.70 sec so far
Iteration 1594645: max diff=0.000000, 3387.71 sec so far
Iteration 1597123: max diff=0.000000, 3392.71 sec so far
Iteration 1599606: max diff=0.000000, 3397.72 sec so far
Iteration 1602087: max diff=0.000000, 3402.72 sec so far
Iteration 1604565: max diff=0.000000, 3407.72 sec so far
Iteration 1606976: max diff=0.000000, 3412.73 sec so far
Iteration 1609305: max diff=0.000000, 3417.73 sec so far
Iteration 1611624: max diff=0.000000, 3422.74 sec so far
Iteration 1613947: max diff=0.000000, 3427.74 sec so far
Iteration 1616271: max diff=0.000000, 3432.74 sec so far
Iteration 1618596: max diff=0.000000, 3437.75 sec so far
Iteration 1620916: max diff=0.000000, 3442.75 sec so far
Iteration 1623239: max diff=0.000000, 3447.76 sec so far
Iteration 1625564: max diff=0.000000, 3452.76 sec so far
Iteration 1627885: max diff=0.000000, 3457.76 sec so far
Iteration 1630213: max diff=0.000000, 3462.77 sec so far
Iteration 1632540: max diff=0.000000, 3467.77 sec so far
Iteration 1634858: max diff=0.000000, 3472.78 sec so far
Iteration 1637168: max diff=0.000000, 3477.78 sec so far
Iteration 1639494: max diff=0.000000, 3482.78 sec so far
Iteration 1641826: max diff=0.000000, 3487.79 sec so far
Iteration 1644154: max diff=0.000000, 3492.79 sec so far
Iteration 1646487: max diff=0.000000, 3497.80 sec so far
Iteration 1648813: max diff=0.000000, 3502.80 sec so far
Iteration 1651113: max diff=0.000000, 3507.80 sec so far
Iteration 1653438: max diff=0.000000, 3512.81 sec so far
Iteration 1655778: max diff=0.000000, 3517.81 sec so far
Iteration 1658103: max diff=0.000000, 3522.82 sec so far
Iteration 1660435: max diff=0.000000, 3527.82 sec so far
Iteration 1662761: max diff=0.000000, 3532.82 sec so far
Iteration 1665095: max diff=0.000000, 3537.83 sec so far
Iteration 1667419: max diff=0.000000, 3542.83 sec so far
Iteration 1669758: max diff=0.000000, 3547.84 sec so far
Iteration 1672087: max diff=0.000000, 3552.84 sec so far
Iteration 1674421: max diff=0.000000, 3557.84 sec so far
Iteration 1676755: max diff=0.000000, 3562.85 sec so far
Iteration 1679089: max diff=0.000000, 3567.85 sec so far
Iteration 1681412: max diff=0.000000, 3572.86 sec so far
Iteration 1683741: max diff=0.000000, 3577.86 sec so far
Iteration 1686072: max diff=0.000000, 3582.86 sec so far
Iteration 1688403: max diff=0.000000, 3587.87 sec so far
Iteration 1690728: max diff=0.000000, 3592.87 sec so far
Iteration 1693060: max diff=0.000000, 3597.88 sec so far
Iteration 1695392: max diff=0.000000, 3602.88 sec so far
Iteration 1697723: max diff=0.000000, 3607.88 sec so far
Iteration 1700059: max diff=0.000000, 3612.89 sec so far
Iteration 1702393: max diff=0.000000, 3617.89 sec so far
Iteration 1704727: max diff=0.000000, 3622.90 sec so far
Iteration 1707055: max diff=0.000000, 3627.90 sec so far
Iteration 1709396: max diff=0.000000, 3632.90 sec so far
Iteration 1711709: max diff=0.000000, 3637.91 sec so far
Iteration 1714005: max diff=0.000000, 3642.91 sec so far
Iteration 1716336: max diff=0.000000, 3647.92 sec so far
Iteration 1718670: max diff=0.000000, 3652.92 sec so far
Iteration 1720961: max diff=0.000000, 3657.92 sec so far
Iteration 1723266: max diff=0.000000, 3662.93 sec so far
Iteration 1725596: max diff=0.000000, 3667.93 sec so far
Iteration 1727919: max diff=0.000000, 3672.94 sec so far
Iteration 1730249: max diff=0.000000, 3677.94 sec so far
Iteration 1732573: max diff=0.000000, 3682.94 sec so far
Iteration 1734805: max diff=0.000000, 3687.95 sec so far
Iteration 1737008: max diff=0.000000, 3692.95 sec so far
Iteration 1739218: max diff=0.000000, 3697.96 sec so far
Iteration 1741454: max diff=0.000000, 3702.96 sec so far
Iteration 1743782: max diff=0.000000, 3707.96 sec so far
Iteration 1746111: max diff=0.000000, 3712.97 sec so far
Iteration 1748433: max diff=0.000000, 3717.97 sec so far
Iteration 1750767: max diff=0.000000, 3722.98 sec so far
Iteration 1753037: max diff=0.000000, 3727.98 sec so far
Iteration 1755337: max diff=0.000000, 3732.98 sec so far
Iteration 1757651: max diff=0.000000, 3737.99 sec so far
Iteration 1759982: max diff=0.000000, 3742.99 sec so far
Iteration 1762315: max diff=0.000000, 3748.00 sec so far
Iteration 1764646: max diff=0.000000, 3753.00 sec so far
Iteration 1766975: max diff=0.000000, 3758.00 sec so far
Iteration 1769304: max diff=0.000000, 3763.01 sec so far
Iteration 1771636: max diff=0.000000, 3768.01 sec so far
Iteration 1773898: max diff=0.000000, 3773.02 sec so far
Iteration 1776174: max diff=0.000000, 3778.02 sec so far
Iteration 1778503: max diff=0.000000, 3783.02 sec so far
Iteration 1780806: max diff=0.000000, 3788.03 sec so far
Iteration 1783130: max diff=0.000000, 3793.03 sec so far
Iteration 1785454: max diff=0.000000, 3798.04 sec so far
Iteration 1787782: max diff=0.000000, 3803.04 sec so far
Iteration 1789854: max diff=0.000000, 3808.04 sec so far
Iteration 1792190: max diff=0.000000, 3813.05 sec so far
Iteration 1794520: max diff=0.000000, 3818.05 sec so far
Iteration 1796860: max diff=0.000000, 3823.06 sec so far
Iteration 1799178: max diff=0.000000, 3828.06 sec so far
Iteration 1801540: max diff=0.000000, 3833.06 sec so far
Iteration 1803845: max diff=0.000000, 3838.07 sec so far
Iteration 1806192: max diff=0.000000, 3843.07 sec so far
Iteration 1808537: max diff=0.000000, 3848.08 sec so far
Iteration 1810789: max diff=0.000000, 3853.08 sec so far
Iteration 1813091: max diff=0.000000, 3858.08 sec so far
Iteration 1815435: max diff=0.000000, 3863.09 sec so far
Iteration 1817777: max diff=0.000000, 3868.09 sec so far
Iteration 1820124: max diff=0.000000, 3873.10 sec so far
Iteration 1822471: max diff=0.000000, 3878.10 sec so far
Iteration 1824814: max diff=0.000000, 3883.10 sec so far
Iteration 1827168: max diff=0.000000, 3888.11 sec so far
Iteration 1829506: max diff=0.000000, 3893.11 sec so far
Iteration 1831845: max diff=0.000000, 3898.12 sec so far
Iteration 1834000: max diff=0.000000, 3903.12 sec so far
Iteration 1836295: max diff=0.000000, 3908.12 sec so far
Iteration 1838609: max diff=0.000000, 3913.13 sec so far
Iteration 1840706: max diff=0.000000, 3918.13 sec so far
Iteration 1842997: max diff=0.000000, 3923.14 sec so far
Iteration 1845332: max diff=0.000000, 3928.14 sec so far
Iteration 1847662: max diff=0.000000, 3933.14 sec so far
Iteration 1850007: max diff=0.000000, 3938.15 sec so far
Iteration 1852333: max diff=0.000000, 3943.15 sec so far
Iteration 1854666: max diff=0.000000, 3948.16 sec so far
Iteration 1856973: max diff=0.000000, 3953.16 sec so far
Iteration 1859305: max diff=0.000000, 3958.16 sec so far
Iteration 1861658: max diff=0.000000, 3963.17 sec so far
Iteration 1864015: max diff=0.000000, 3968.17 sec so far
Iteration 1866380: max diff=0.000000, 3973.18 sec so far
Iteration 1868744: max diff=0.000000, 3978.18 sec so far
Iteration 1870919: max diff=0.000000, 3983.18 sec so far
Iteration 1873083: max diff=0.000000, 3988.19 sec so far
Iteration 1875440: max diff=0.000000, 3993.19 sec so far
Iteration 1877812: max diff=0.000000, 3998.20 sec so far
Iteration 1880174: max diff=0.000000, 4003.20 sec so far
Iteration 1882535: max diff=0.000000, 4008.20 sec so far
Iteration 1884966: max diff=0.000000, 4013.21 sec so far
Iteration 1887444: max diff=0.000000, 4018.21 sec so far
Iteration 1889919: max diff=0.000000, 4023.22 sec so far
Iteration 1892359: max diff=0.000000, 4028.22 sec so far
Iteration 1894807: max diff=0.000000, 4033.22 sec so far
Iteration 1897289: max diff=0.000000, 4038.23 sec so far
Iteration 1899771: max diff=0.000000, 4043.23 sec so far
Iteration 1902254: max diff=0.000000, 4048.24 sec so far
Iteration 1904731: max diff=0.000000, 4053.24 sec so far
Iteration 1907209: max diff=0.000000, 4058.24 sec so far
Iteration 1909684: max diff=0.000000, 4063.25 sec so far
Iteration 1912162: max diff=0.000000, 4068.25 sec so far
Iteration 1914638: max diff=0.000000, 4073.26 sec so far
Iteration 1917071: max diff=0.000000, 4078.26 sec so far
Iteration 1919509: max diff=0.000000, 4083.26 sec so far
Iteration 1921991: max diff=0.000000, 4088.27 sec so far
Iteration 1924472: max diff=0.000000, 4093.27 sec so far
Iteration 1926957: max diff=0.000000, 4098.28 sec so far
Iteration 1929435: max diff=0.000000, 4103.28 sec so far
Iteration 1931925: max diff=0.000000, 4108.28 sec so far
Iteration 1934415: max diff=0.000000, 4113.29 sec so far
Iteration 1936902: max diff=0.000000, 4118.29 sec so far
Iteration 1939391: max diff=0.000000, 4123.30 sec so far
Iteration 1941874: max diff=0.000000, 4128.30 sec so far
Iteration 1944353: max diff=0.000000, 4133.30 sec so far
Iteration 1946838: max diff=0.000000, 4138.31 sec so far
Iteration 1949320: max diff=0.000000, 4143.31 sec so far
Iteration 1951805: max diff=0.000000, 4148.32 sec so far
Iteration 1954244: max diff=0.000000, 4153.32 sec so far
Iteration 1956731: max diff=0.000000, 4158.32 sec so far
Iteration 1959216: max diff=0.000000, 4163.33 sec so far
Iteration 1961701: max diff=0.000000, 4168.33 sec so far
Iteration 1964185: max diff=0.000000, 4173.34 sec so far
Iteration 1966660: max diff=0.000000, 4178.34 sec so far
Iteration 1969134: max diff=0.000000, 4183.34 sec so far
Iteration 1971614: max diff=0.000000, 4188.35 sec so far
Iteration 1974091: max diff=0.000000, 4193.35 sec so far
Iteration 1976562: max diff=0.000000, 4198.36 sec so far
Iteration 1979042: max diff=0.000000, 4203.36 sec so far
Iteration 1981536: max diff=0.000000, 4208.36 sec so far
Iteration 1984023: max diff=0.000000, 4213.37 sec so far
Iteration 1986504: max diff=0.000000, 4218.37 sec so far
Iteration 1988894: max diff=0.000000, 4223.38 sec so far
Iteration 1991341: max diff=0.000000, 4228.38 sec so far
Iteration 1993745: max diff=0.000000, 4233.38 sec so far
Iteration 1996227: max diff=0.000000, 4238.39 sec so far
Iteration 1998705: max diff=0.000000, 4243.39 sec so far
Iteration 2001187: max diff=0.000000, 4248.40 sec so far
Iteration 2003666: max diff=0.000000, 4253.40 sec so far
Iteration 2006138: max diff=0.000000, 4258.40 sec so far
Iteration 2008619: max diff=0.000000, 4263.41 sec so far
Iteration 2011100: max diff=0.000000, 4268.41 sec so far
Iteration 2013576: max diff=0.000000, 4273.42 sec so far
Iteration 2016058: max diff=0.000000, 4278.42 sec so far
Iteration 2018541: max diff=0.000000, 4283.42 sec so far
Iteration 2021022: max diff=0.000000, 4288.43 sec so far
Iteration 2023506: max diff=0.000000, 4293.43 sec so far
Iteration 2025987: max diff=0.000000, 4298.44 sec so far
Iteration 2028464: max diff=0.000000, 4303.44 sec so far
Iteration 2030935: max diff=0.000000, 4308.44 sec so far
Iteration 2033410: max diff=0.000000, 4313.45 sec so far
Iteration 2035892: max diff=0.000000, 4318.45 sec so far
Iteration 2038373: max diff=0.000000, 4323.46 sec so far
Iteration 2040859: max diff=0.000000, 4328.46 sec so far
Iteration 2043337: max diff=0.000000, 4333.46 sec so far
Iteration 2045824: max diff=0.000000, 4338.47 sec so far
Iteration 2048174: max diff=0.000000, 4343.47 sec so far
Iteration 2050604: max diff=0.000000, 4348.48 sec so far
Iteration 2053077: max diff=0.000000, 4353.48 sec so far
Iteration 2055544: max diff=0.000000, 4358.48 sec so far
Iteration 2058003: max diff=0.000000, 4363.49 sec so far
Iteration 2060488: max diff=0.000000, 4368.49 sec so far
Iteration 2062968: max diff=0.000000, 4373.50 sec so far
Iteration 2065448: max diff=0.000000, 4378.50 sec so far
Iteration 2067925: max diff=0.000000, 4383.50 sec so far
Iteration 2070410: max diff=0.000000, 4388.51 sec so far
Iteration 2072900: max diff=0.000000, 4393.51 sec so far
Iteration 2075384: max diff=0.000000, 4398.52 sec so far
Iteration 2077864: max diff=0.000000, 4403.52 sec so far
Iteration 2080348: max diff=0.000000, 4408.52 sec so far
Iteration 2082822: max diff=0.000000, 4413.53 sec so far
Iteration 2085308: max diff=0.000000, 4418.53 sec so far
Iteration 2087787: max diff=0.000000, 4423.54 sec so far
Iteration 2090276: max diff=0.000000, 4428.54 sec so far
Iteration 2092766: max diff=0.000000, 4433.54 sec so far
Iteration 2095249: max diff=0.000000, 4438.55 sec so far
Iteration 2097736: max diff=0.000000, 4443.55 sec so far
Iteration 2100212: max diff=0.000000, 4448.56 sec so far
Iteration 2102693: max diff=0.000000, 4453.56 sec so far
Iteration 2105176: max diff=0.000000, 4458.56 sec so far
Iteration 2107665: max diff=0.000000, 4463.57 sec so far
Iteration 2110154: max diff=0.000000, 4468.57 sec so far
Iteration 2112637: max diff=0.000000, 4473.58 sec so far
Iteration 2115124: max diff=0.000000, 4478.58 sec so far
Iteration 2117615: max diff=0.000000, 4483.58 sec so far
Iteration 2120096: max diff=0.000000, 4488.59 sec so far
Iteration 2122575: max diff=0.000000, 4493.59 sec so far
Iteration 2125062: max diff=0.000000, 4498.60 sec so far
Iteration 2127547: max diff=0.000000, 4503.60 sec so far
Iteration 2130025: max diff=0.000000, 4508.60 sec so far
Iteration 2132512: max diff=0.000000, 4513.61 sec so far
Iteration 2135002: max diff=0.000000, 4518.61 sec so far
Iteration 2137492: max diff=0.000000, 4523.62 sec so far
Iteration 2139976: max diff=0.000000, 4528.62 sec so far
Iteration 2142462: max diff=0.000000, 4533.62 sec so far
Iteration 2144946: max diff=0.000000, 4538.63 sec so far
Iteration 2147431: max diff=0.000000, 4543.63 sec so far
Iteration 2149878: max diff=0.000000, 4548.64 sec so far
Iteration 2152323: max diff=0.000000, 4553.64 sec so far
Iteration 2154798: max diff=0.000000, 4558.64 sec so far
Iteration 2157276: max diff=0.000000, 4563.65 sec so far
Iteration 2159710: max diff=0.000000, 4568.65 sec so far
Iteration 2162190: max diff=0.000000, 4573.66 sec so far
Iteration 2164663: max diff=0.000000, 4578.66 sec so far
Iteration 2167109: max diff=0.000000, 4583.66 sec so far
Iteration 2169590: max diff=0.000000, 4588.67 sec so far
Iteration 2172064: max diff=0.000000, 4593.67 sec so far
Iteration 2174499: max diff=0.000000, 4598.68 sec so far
Iteration 2176975: max diff=0.000000, 4603.68 sec so far
Iteration 2179437: max diff=0.000000, 4608.68 sec so far
Iteration 2181751: max diff=0.000000, 4613.69 sec so far
Iteration 2184030: max diff=0.000000, 4618.69 sec so far
Iteration 2186285: max diff=0.000000, 4623.70 sec so far
Iteration 2188521: max diff=0.000000, 4628.70 sec so far
Iteration 2190796: max diff=0.000000, 4633.70 sec so far
Iteration 2193144: max diff=0.000000, 4638.71 sec so far
Iteration 2195435: max diff=0.000000, 4643.71 sec so far
Iteration 2197787: max diff=0.000000, 4648.72 sec so far
Iteration 2200153: max diff=0.000000, 4653.72 sec so far
Iteration 2202511: max diff=0.000000, 4658.72 sec so far
Iteration 2204876: max diff=0.000000, 4663.73 sec so far
Iteration 2207234: max diff=0.000000, 4668.73 sec so far
Iteration 2209588: max diff=0.000000, 4673.74 sec so far
Iteration 2211877: max diff=0.000000, 4678.74 sec so far
Iteration 2214202: max diff=0.000000, 4683.74 sec so far
Iteration 2216517: max diff=0.000000, 4688.75 sec so far
Iteration 2218856: max diff=0.000000, 4693.75 sec so far
Iteration 2221197: max diff=0.000000, 4698.76 sec so far
Iteration 2223505: max diff=0.000000, 4703.76 sec so far
Iteration 2225772: max diff=0.000000, 4708.76 sec so far
Iteration 2228048: max diff=0.000000, 4713.77 sec so far
Iteration 2230334: max diff=0.000000, 4718.77 sec so far
Iteration 2232665: max diff=0.000000, 4723.78 sec so far
Iteration 2234996: max diff=0.000000, 4728.78 sec so far
Iteration 2237292: max diff=0.000000, 4733.78 sec so far
Iteration 2239622: max diff=0.000000, 4738.79 sec so far
Iteration 2241941: max diff=0.000000, 4743.79 sec so far
Iteration 2244270: max diff=0.000000, 4748.80 sec so far
Iteration 2246598: max diff=0.000000, 4753.80 sec so far
Iteration 2248925: max diff=0.000000, 4758.80 sec so far
Iteration 2251262: max diff=0.000000, 4763.81 sec so far
Iteration 2253540: max diff=0.000000, 4768.81 sec so far
Iteration 2255873: max diff=0.000000, 4773.82 sec so far
Iteration 2258219: max diff=0.000000, 4778.82 sec so far
Iteration 2260549: max diff=0.000000, 4783.82 sec so far
Iteration 2262891: max diff=0.000000, 4788.83 sec so far
Iteration 2265231: max diff=0.000000, 4793.83 sec so far
Iteration 2267557: max diff=0.000000, 4798.84 sec so far
Iteration 2269879: max diff=0.000000, 4803.84 sec so far
Iteration 2272174: max diff=0.000000, 4808.84 sec so far
Iteration 2274442: max diff=0.000000, 4813.85 sec so far
Iteration 2276754: max diff=0.000000, 4818.85 sec so far
Iteration 2279087: max diff=0.000000, 4823.86 sec so far
Iteration 2281412: max diff=0.000000, 4828.86 sec so far
Iteration 2283742: max diff=0.000000, 4833.86 sec so far
Iteration 2286073: max diff=0.000000, 4838.87 sec so far
Iteration 2288391: max diff=0.000000, 4843.87 sec so far
Iteration 2290689: max diff=0.000000, 4848.88 sec so far
Iteration 2293021: max diff=0.000000, 4853.88 sec so far
Iteration 2295364: max diff=0.000000, 4858.88 sec so far
Iteration 2297679: max diff=0.000000, 4863.89 sec so far
Iteration 2300014: max diff=0.000000, 4868.89 sec so far
Iteration 2302355: max diff=0.000000, 4873.90 sec so far
Iteration 2304692: max diff=0.000000, 4878.90 sec so far
Iteration 2307028: max diff=0.000000, 4883.90 sec so far
Iteration 2309365: max diff=0.000000, 4888.91 sec so far
Iteration 2311702: max diff=0.000000, 4893.91 sec so far
Iteration 2314041: max diff=0.000000, 4898.92 sec so far
Iteration 2316384: max diff=0.000000, 4903.92 sec so far
Iteration 2318725: max diff=0.000000, 4908.92 sec so far
Iteration 2321061: max diff=0.000000, 4913.93 sec so far
Iteration 2323399: max diff=0.000000, 4918.93 sec so far
Iteration 2325743: max diff=0.000000, 4923.94 sec so far
Iteration 2328083: max diff=0.000000, 4928.94 sec so far
Iteration 2330442: max diff=0.000000, 4933.94 sec so far
Iteration 2332740: max diff=0.000000, 4938.95 sec so far
Iteration 2335078: max diff=0.000000, 4943.95 sec so far
Iteration 2337404: max diff=0.000000, 4948.96 sec so far
Iteration 2339727: max diff=0.000000, 4953.96 sec so far
Iteration 2342053: max diff=0.000000, 4958.96 sec so far
Iteration 2344388: max diff=0.000000, 4963.97 sec so far
Iteration 2346743: max diff=0.000000, 4968.97 sec so far
Iteration 2349084: max diff=0.000000, 4973.98 sec so far
Iteration 2351383: max diff=0.000000, 4978.98 sec so far
Iteration 2353693: max diff=0.000000, 4983.98 sec so far
Iteration 2355987: max diff=0.000000, 4988.99 sec so far
Iteration 2358271: max diff=0.000000, 4993.99 sec so far
Iteration 2360518: max diff=0.000000, 4999.00 sec so far
Iteration 2362840: max diff=0.000000, 5004.00 sec so far
Iteration 2365182: max diff=0.000000, 5009.00 sec so far
Iteration 2367552: max diff=0.000000, 5014.01 sec so far
Iteration 2369920: max diff=0.000000, 5019.01 sec so far
Iteration 2372239: max diff=0.000000, 5024.02 sec so far
Iteration 2374578: max diff=0.000000, 5029.02 sec so far
Iteration 2376887: max diff=0.000000, 5034.02 sec so far
Iteration 2379230: max diff=0.000000, 5039.03 sec so far
Iteration 2381544: max diff=0.000000, 5044.03 sec so far
Iteration 2383822: max diff=0.000000, 5049.04 sec so far
Iteration 2386099: max diff=0.000000, 5054.04 sec so far
Iteration 2388410: max diff=0.000000, 5059.04 sec so far
Iteration 2390740: max diff=0.000000, 5064.05 sec so far
Iteration 2393011: max diff=0.000000, 5069.05 sec so far
Iteration 2395276: max diff=0.000000, 5074.06 sec so far
Iteration 2397615: max diff=0.000000, 5079.06 sec so far
Iteration 2399987: max diff=0.000000, 5084.06 sec so far
Iteration 2402353: max diff=0.000000, 5089.07 sec so far
Iteration 2404717: max diff=0.000000, 5094.07 sec so far
Iteration 2407074: max diff=0.000000, 5099.08 sec so far
Iteration 2409437: max diff=0.000000, 5104.08 sec so far
Iteration 2411807: max diff=0.000000, 5109.08 sec so far
Iteration 2414177: max diff=0.000000, 5114.09 sec so far
Iteration 2416530: max diff=0.000000, 5119.09 sec so far
Iteration 2418893: max diff=0.000000, 5124.10 sec so far
Iteration 2421200: max diff=0.000000, 5129.10 sec so far
Iteration 2423487: max diff=0.000000, 5134.10 sec so far
Iteration 2425796: max diff=0.000000, 5139.11 sec so far
Iteration 2428145: max diff=0.000000, 5144.11 sec so far
Iteration 2430513: max diff=0.000000, 5149.12 sec so far
Iteration 2432862: max diff=0.000000, 5154.12 sec so far
Iteration 2435160: max diff=0.000000, 5159.12 sec so far
Iteration 2437488: max diff=0.000000, 5164.13 sec so far
Iteration 2439820: max diff=0.000000, 5169.13 sec so far
Iteration 2442160: max diff=0.000000, 5174.14 sec so far
Iteration 2444383: max diff=0.000000, 5179.14 sec so far
Iteration 2446708: max diff=0.000000, 5184.14 sec so far
Iteration 2449032: max diff=0.000000, 5189.15 sec so far
Iteration 2451334: max diff=0.000000, 5194.15 sec so far
Iteration 2453619: max diff=0.000000, 5199.16 sec so far
Iteration 2455864: max diff=0.000000, 5204.16 sec so far
Iteration 2458230: max diff=0.000000, 5209.17 sec so far
Iteration 2460661: max diff=0.000000, 5214.17 sec so far
Iteration 2463089: max diff=0.000000, 5219.18 sec so far
Iteration 2465540: max diff=0.000000, 5224.18 sec so far
Iteration 2467970: max diff=0.000000, 5229.18 sec so far
Iteration 2470430: max diff=0.000000, 5234.19 sec so far
Iteration 2472904: max diff=0.000000, 5239.19 sec so far
Iteration 2475385: max diff=0.000000, 5244.20 sec so far
Iteration 2477862: max diff=0.000000, 5249.20 sec so far
Iteration 2480331: max diff=0.000000, 5254.20 sec so far
Iteration 2482762: max diff=0.000000, 5259.21 sec so far
Iteration 2485215: max diff=0.000000, 5264.21 sec so far
Iteration 2487659: max diff=0.000000, 5269.22 sec so far
Iteration 2490127: max diff=0.000000, 5274.22 sec so far
Iteration 2492607: max diff=0.000000, 5279.22 sec so far
Iteration 2495085: max diff=0.000000, 5284.23 sec so far
Iteration 2497539: max diff=0.000000, 5289.23 sec so far
Iteration 2499981: max diff=0.000000, 5294.24 sec so far
Iteration 2502467: max diff=0.000000, 5299.24 sec so far
Iteration 2504946: max diff=0.000000, 5304.24 sec so far
Iteration 2507429: max diff=0.000000, 5309.25 sec so far
Iteration 2509910: max diff=0.000000, 5314.25 sec so far
Iteration 2512348: max diff=0.000000, 5319.26 sec so far
Iteration 2514778: max diff=0.000000, 5324.26 sec so far
Iteration 2517215: max diff=0.000000, 5329.26 sec so far
Iteration 2519638: max diff=0.000000, 5334.27 sec so far
Iteration 2522067: max diff=0.000000, 5339.27 sec so far
Iteration 2524499: max diff=0.000000, 5344.28 sec so far
Iteration 2526910: max diff=0.000000, 5349.28 sec so far
Iteration 2529382: max diff=0.000000, 5354.28 sec so far
Iteration 2531857: max diff=0.000000, 5359.29 sec so far
Iteration 2534313: max diff=0.000000, 5364.29 sec so far
Iteration 2536781: max diff=0.000000, 5369.30 sec so far
Iteration 2539246: max diff=0.000000, 5374.30 sec so far
Iteration 2541699: max diff=0.000000, 5379.30 sec so far
Iteration 2544123: max diff=0.000000, 5384.31 sec so far
Iteration 2546582: max diff=0.000000, 5389.31 sec so far
Iteration 2549056: max diff=0.000000, 5394.32 sec so far
Iteration 2551526: max diff=0.000000, 5399.32 sec so far
Iteration 2554003: max diff=0.000000, 5404.32 sec so far
Iteration 2556472: max diff=0.000000, 5409.33 sec so far
Iteration 2558947: max diff=0.000000, 5414.33 sec so far
Iteration 2561430: max diff=0.000000, 5419.34 sec so far
Iteration 2563917: max diff=0.000000, 5424.34 sec so far
Iteration 2566392: max diff=0.000000, 5429.34 sec so far
Iteration 2568805: max diff=0.000000, 5434.35 sec so far
Iteration 2571226: max diff=0.000000, 5439.35 sec so far
Iteration 2573687: max diff=0.000000, 5444.36 sec so far
Iteration 2576027: max diff=0.000000, 5449.36 sec so far
Iteration 2578490: max diff=0.000000, 5454.36 sec so far
Iteration 2580965: max diff=0.000000, 5459.37 sec so far
Iteration 2583435: max diff=0.000000, 5464.37 sec so far
Iteration 2585868: max diff=0.000000, 5469.38 sec so far
Iteration 2588305: max diff=0.000000, 5474.38 sec so far
Iteration 2590771: max diff=0.000000, 5479.38 sec so far
Iteration 2593242: max diff=0.000000, 5484.39 sec so far
Iteration 2595726: max diff=0.000000, 5489.39 sec so far
Iteration 2598208: max diff=0.000000, 5494.40 sec so far
Iteration 2600685: max diff=0.000000, 5499.40 sec so far
Iteration 2603149: max diff=0.000000, 5504.40 sec so far
Iteration 2605596: max diff=0.000000, 5509.41 sec so far
Iteration 2608052: max diff=0.000000, 5514.41 sec so far
Iteration 2610496: max diff=0.000000, 5519.42 sec so far
Iteration 2612965: max diff=0.000000, 5524.42 sec so far
Iteration 2615432: max diff=0.000000, 5529.42 sec so far
Iteration 2617908: max diff=0.000000, 5534.43 sec so far
Iteration 2620319: max diff=0.000000, 5539.43 sec so far
Iteration 2622752: max diff=0.000000, 5544.44 sec so far
Iteration 2625211: max diff=0.000000, 5549.44 sec so far
Iteration 2627655: max diff=0.000000, 5554.44 sec so far
Iteration 2630062: max diff=0.000000, 5559.45 sec so far
Iteration 2632535: max diff=0.000000, 5564.45 sec so far
Iteration 2635017: max diff=0.000000, 5569.46 sec so far
Iteration 2637489: max diff=0.000000, 5574.46 sec so far
Iteration 2639963: max diff=0.000000, 5579.46 sec so far
Iteration 2642440: max diff=0.000000, 5584.47 sec so far
Iteration 2644873: max diff=0.000000, 5589.47 sec so far
Iteration 2647349: max diff=0.000000, 5594.48 sec so far
Iteration 2649782: max diff=0.000000, 5599.48 sec so far
Iteration 2652259: max diff=0.000000, 5604.48 sec so far
Iteration 2654739: max diff=0.000000, 5609.49 sec so far
Iteration 2657197: max diff=0.000000, 5614.49 sec so far
Iteration 2659648: max diff=0.000000, 5619.50 sec so far
Iteration 2662061: max diff=0.000000, 5624.50 sec so far
Iteration 2664485: max diff=0.000000, 5629.50 sec so far
Iteration 2666883: max diff=0.000000, 5634.51 sec so far
Iteration 2669273: max diff=0.000000, 5639.51 sec so far
Iteration 2671712: max diff=0.000000, 5644.52 sec so far
Iteration 2674165: max diff=0.000000, 5649.52 sec so far
Iteration 2676636: max diff=0.000000, 5654.52 sec so far
Iteration 2679091: max diff=0.000000, 5659.53 sec so far
Iteration 2681521: max diff=0.000000, 5664.53 sec so far
Iteration 2683952: max diff=0.000000, 5669.54 sec so far
Iteration 2686432: max diff=0.000000, 5674.54 sec so far
Iteration 2688798: max diff=0.000000, 5679.54 sec so far
Iteration 2691276: max diff=0.000000, 5684.55 sec so far
Iteration 2693756: max diff=0.000000, 5689.55 sec so far
Iteration 2696123: max diff=0.000000, 5694.56 sec so far
Iteration 2698552: max diff=0.000000, 5699.56 sec so far
Iteration 2700982: max diff=0.000000, 5704.56 sec so far
Iteration 2703380: max diff=0.000000, 5709.57 sec so far
Iteration 2705804: max diff=0.000000, 5714.57 sec so far
Iteration 2708191: max diff=0.000000, 5719.58 sec so far
Iteration 2710679: max diff=0.000000, 5724.58 sec so far
Iteration 2713144: max diff=0.000000, 5729.58 sec so far
Iteration 2715594: max diff=0.000000, 5734.59 sec so far
Iteration 2718069: max diff=0.000000, 5739.59 sec so far
Iteration 2720540: max diff=0.000000, 5744.60 sec so far
Iteration 2723016: max diff=0.000000, 5749.60 sec so far
Iteration 2725499: max diff=0.000000, 5754.60 sec so far
Iteration 2727979: max diff=0.000000, 5759.61 sec so far
Iteration 2730455: max diff=0.000000, 5764.61 sec so far
Iteration 2732930: max diff=0.000000, 5769.62 sec so far
Iteration 2735414: max diff=0.000000, 5774.62 sec so far
Iteration 2737898: max diff=0.000000, 5779.62 sec so far
Iteration 2740370: max diff=0.000000, 5784.63 sec so far
Iteration 2742851: max diff=0.000000, 5789.63 sec so far
Iteration 2745315: max diff=0.000000, 5794.64 sec so far
Iteration 2747768: max diff=0.000000, 5799.64 sec so far
Iteration 2750222: max diff=0.000000, 5804.64 sec so far
Iteration 2752618: max diff=0.000000, 5809.65 sec so far
Iteration 2755017: max diff=0.000000, 5814.65 sec so far
Iteration 2757421: max diff=0.000000, 5819.66 sec so far
Iteration 2759825: max diff=0.000000, 5824.66 sec so far
Iteration 2762213: max diff=0.000000, 5829.66 sec so far
Iteration 2764608: max diff=0.000000, 5834.67 sec so far
Iteration 2767009: max diff=0.000000, 5839.67 sec so far
Iteration 2769412: max diff=0.000000, 5844.68 sec so far
Iteration 2771810: max diff=0.000000, 5849.68 sec so far
Iteration 2774214: max diff=0.000000, 5854.68 sec so far
Iteration 2776617: max diff=0.000000, 5859.69 sec so far
Iteration 2779024: max diff=0.000000, 5864.69 sec so far
Iteration 2781423: max diff=0.000000, 5869.70 sec so far
Iteration 2783828: max diff=0.000000, 5874.70 sec so far
Iteration 2786226: max diff=0.000000, 5879.70 sec so far
Iteration 2788622: max diff=0.000000, 5884.71 sec so far
Iteration 2791030: max diff=0.000000, 5889.71 sec so far
Iteration 2793438: max diff=0.000000, 5894.72 sec so far
Iteration 2795844: max diff=0.000000, 5899.72 sec so far
Iteration 2798249: max diff=0.000000, 5904.72 sec so far
Iteration 2800644: max diff=0.000000, 5909.73 sec so far
Iteration 2803054: max diff=0.000000, 5914.73 sec so far
Iteration 2805454: max diff=0.000000, 5919.74 sec so far
Iteration 2807861: max diff=0.000000, 5924.74 sec so far
Iteration 2810254: max diff=0.000000, 5929.74 sec so far
Iteration 2812663: max diff=0.000000, 5934.75 sec so far
Iteration 2815067: max diff=0.000000, 5939.75 sec so far
Iteration 2817481: max diff=0.000000, 5944.76 sec so far
Iteration 2819884: max diff=0.000000, 5949.76 sec so far
Iteration 2822295: max diff=0.000000, 5954.76 sec so far
Iteration 2824687: max diff=0.000000, 5959.77 sec so far
Iteration 2827093: max diff=0.000000, 5964.77 sec so far
Iteration 2829502: max diff=0.000000, 5969.78 sec so far
Iteration 2831914: max diff=0.000000, 5974.78 sec so far
Iteration 2834323: max diff=0.000000, 5979.78 sec so far
Iteration 2836721: max diff=0.000000, 5984.79 sec so far
Iteration 2839119: max diff=0.000000, 5989.79 sec so far
Iteration 2841522: max diff=0.000000, 5994.80 sec so far
Iteration 2843897: max diff=0.000000, 5999.80 sec so far
Iteration 2846279: max diff=0.000000, 6004.80 sec so far
Iteration 2848664: max diff=0.000000, 6009.81 sec so far
Iteration 2851045: max diff=0.000000, 6014.81 sec so far
Iteration 2853428: max diff=0.000000, 6019.82 sec so far
Iteration 2855824: max diff=0.000000, 6024.82 sec so far
Iteration 2858213: max diff=0.000000, 6029.82 sec so far
Iteration 2860606: max diff=0.000000, 6034.83 sec so far
Iteration 2862992: max diff=0.000000, 6039.83 sec so far
Iteration 2865398: max diff=0.000000, 6044.84 sec so far
Iteration 2867793: max diff=0.000000, 6049.84 sec so far
Iteration 2870187: max diff=0.000000, 6054.84 sec so far
Iteration 2872592: max diff=0.000000, 6059.85 sec so far
Iteration 2874987: max diff=0.000000, 6064.85 sec so far
Iteration 2877362: max diff=0.000000, 6069.86 sec so far
Iteration 2879755: max diff=0.000000, 6074.86 sec so far
Iteration 2882158: max diff=0.000000, 6079.86 sec so far
Iteration 2884564: max diff=0.000000, 6084.87 sec so far
Iteration 2886960: max diff=0.000000, 6089.87 sec so far
Iteration 2889355: max diff=0.000000, 6094.88 sec so far
Iteration 2891760: max diff=0.000000, 6099.88 sec so far
Iteration 2894158: max diff=0.000000, 6104.88 sec so far
Iteration 2896551: max diff=0.000000, 6109.89 sec so far
Iteration 2898951: max diff=0.000000, 6114.89 sec so far
Iteration 2901354: max diff=0.000000, 6119.90 sec so far
Iteration 2903753: max diff=0.000000, 6124.90 sec so far
Iteration 2906151: max diff=0.000000, 6129.90 sec so far
Iteration 2908552: max diff=0.000000, 6134.91 sec so far
Iteration 2910943: max diff=0.000000, 6139.91 sec so far
Iteration 2913344: max diff=0.000000, 6144.92 sec so far
Iteration 2915737: max diff=0.000000, 6149.92 sec so far
Iteration 2918132: max diff=0.000000, 6154.92 sec so far
Iteration 2920530: max diff=0.000000, 6159.93 sec so far
Iteration 2922917: max diff=0.000000, 6164.93 sec so far
Iteration 2925236: max diff=0.000000, 6169.94 sec so far

Power method: 2926545 iterations in 6172.68 seconds (average 0.002109, setup 0.00)

Printing steady-state probabilities in plain text format to file "../../CZK_project/Output/t=0.1_median_dynamic/hybrid/ph_10_20000_1E-10"...

Time for steady-state probability computation: 6197.113 seconds.

