PRISM
=====

Version: 4.4
Date: Fri Jun 15 05:02:02 EDT 2018
Hostname: storm-eval
Memory limits: cudd=1g, java(heap)=910.5m
Command line: prism -hybrid -epsilon 2.5e-14 -maxiters 100000000 -power -absolute -const 'k=4000,timeout=0.1,lambda=6.93147180559945309400' ../../CZK_project/Model/queue_withptf_ctmc.sm -ss -exportss ../../CZK_project/Output/t=0.1_median_dynamic/hybrid/ph_10_4000_1E-10

Parsing model file "../../CZK_project/Model/queue_withptf_ctmc.sm"...

Type:        CTMC
Modules:     main trigger 
Variables:   qSize i 

---------------------------------------------------------------------

Computing steady-state probabilities...

Building model...
Model constants: k=4000,timeout=0.1,lambda=6.9314718056

Computing reachable states...

Reachability (BFS): 44000 iterations in 1.00 seconds (average 0.000023, setup 0.00)

Time for model construction: 1.804 seconds.

Type:        CTMC
States:      44000 (1 initial)
Transitions: 84000

Rate matrix: 164 nodes (3 terminal), 84000 minterms, vars: 16r/16c

SCCs: 1, BSCCs: 1, non-BSCC states: 0
BSCC sizes: 1:44000

Initial states all in one BSCC (so no reachability probabilities computed)

Computing probabilities...
Engine: Hybrid

Building power method iteration matrix MTBDD... [nodes=219] [4.3 Kb]
Building hybrid MTBDD matrix... [levels=16, nodes=249] [11.7 KB]
Adding explicit sparse matrices... [levels=16, num=1, compact] [543.0 KB]
Allocating iteration vectors... [2 x 343.8 KB]
TOTAL: [1.2 MB]

Starting iterations...
Iteration 13677: max diff=0.000000, 5.00 sec so far
Iteration 27336: max diff=0.000000, 10.01 sec so far
Iteration 40969: max diff=0.000000, 15.01 sec so far
Iteration 54593: max diff=0.000000, 20.02 sec so far
Iteration 68282: max diff=0.000000, 25.02 sec so far
Iteration 81937: max diff=0.000000, 30.02 sec so far
Iteration 95495: max diff=0.000000, 35.03 sec so far
Iteration 109151: max diff=0.000000, 40.03 sec so far
Iteration 122761: max diff=0.000000, 45.04 sec so far
Iteration 136461: max diff=0.000000, 50.04 sec so far
Iteration 150143: max diff=0.000000, 55.04 sec so far
Iteration 163781: max diff=0.000000, 60.05 sec so far
Iteration 177416: max diff=0.000000, 65.05 sec so far
Iteration 191032: max diff=0.000000, 70.06 sec so far
Iteration 204651: max diff=0.000000, 75.06 sec so far
Iteration 218213: max diff=0.000000, 80.06 sec so far
Iteration 231722: max diff=0.000000, 85.07 sec so far
Iteration 245235: max diff=0.000000, 90.07 sec so far
Iteration 258863: max diff=0.000000, 95.08 sec so far
Iteration 272594: max diff=0.000000, 100.08 sec so far
Iteration 286212: max diff=0.000000, 105.08 sec so far
Iteration 299828: max diff=0.000000, 110.09 sec so far
Iteration 313509: max diff=0.000000, 115.09 sec so far
Iteration 327145: max diff=0.000000, 120.10 sec so far
Iteration 340735: max diff=0.000000, 125.10 sec so far
Iteration 354153: max diff=0.000000, 130.10 sec so far
Iteration 367392: max diff=0.000000, 135.11 sec so far
Iteration 381030: max diff=0.000000, 140.11 sec so far
Iteration 394664: max diff=0.000000, 145.12 sec so far
Iteration 408290: max diff=0.000000, 150.12 sec so far
Iteration 421925: max diff=0.000000, 155.12 sec so far
Iteration 435550: max diff=0.000000, 160.13 sec so far
Iteration 449166: max diff=0.000000, 165.13 sec so far
Iteration 462756: max diff=0.000000, 170.14 sec so far
Iteration 476362: max diff=0.000000, 175.14 sec so far
Iteration 489730: max diff=0.000000, 180.14 sec so far
Iteration 502994: max diff=0.000000, 185.15 sec so far
Iteration 516375: max diff=0.000000, 190.15 sec so far
Iteration 529408: max diff=0.000000, 195.16 sec so far
Iteration 542959: max diff=0.000000, 200.16 sec so far
Iteration 556548: max diff=0.000000, 205.16 sec so far
Iteration 569960: max diff=0.000000, 210.17 sec so far
Iteration 583262: max diff=0.000000, 215.17 sec so far
Iteration 596826: max diff=0.000000, 220.18 sec so far
Iteration 610424: max diff=0.000000, 225.18 sec so far

Power method: 613824 iterations in 226.43 seconds (average 0.000369, setup 0.00)

Printing steady-state probabilities in plain text format to file "../../CZK_project/Output/t=0.1_median_dynamic/hybrid/ph_10_4000_1E-10"...

Time for steady-state probability computation: 228.932 seconds.

