PRISM
=====

Version: 4.4
Date: Fri Jun 15 04:57:49 EDT 2018
Hostname: storm-eval
Memory limits: cudd=1g, java(heap)=910.5m
Command line: prism -hybrid -epsilon 1.11111e-12 -maxiters 100000000 -power -absolute -const 'k=90,timeout=0.1,lambda=6.93147180559945309400' ../../CZK_project/Model/queue_withptf_ctmc.sm -ss -exportss ../../CZK_project/Output/t=0.1_median_dynamic/hybrid/ph_10_90_1E-10

Parsing model file "../../CZK_project/Model/queue_withptf_ctmc.sm"...

Type:        CTMC
Modules:     main trigger 
Variables:   qSize i 

---------------------------------------------------------------------

Computing steady-state probabilities...

Building model...
Model constants: k=90,timeout=0.1,lambda=6.9314718056

Computing reachable states...

Reachability (BFS): 990 iterations in 0.00 seconds (average 0.000004, setup 0.00)

Time for model construction: 0.02 seconds.

Type:        CTMC
States:      990 (1 initial)
Transitions: 1890

Rate matrix: 118 nodes (3 terminal), 1890 minterms, vars: 11r/11c

SCCs: 1, BSCCs: 1, non-BSCC states: 0
BSCC sizes: 1:990

Initial states all in one BSCC (so no reachability probabilities computed)

Computing probabilities...
Engine: Hybrid

Building power method iteration matrix MTBDD... [nodes=156] [3.0 Kb]
Building hybrid MTBDD matrix... [levels=11, nodes=178] [8.3 KB]
Adding explicit sparse matrices... [levels=11, num=1, compact] [12.2 KB]
Allocating iteration vectors... [2 x 7.7 KB]
TOTAL: [36.1 KB]

Starting iterations...

Power method: 15413 iterations in 0.10 seconds (average 0.000007, setup 0.00)

Printing steady-state probabilities in plain text format to file "../../CZK_project/Output/t=0.1_median_dynamic/hybrid/ph_10_90_1E-10"...

Time for steady-state probability computation: 0.139 seconds.

