PRISM
=====

Version: 4.4
Date: Fri Jun 15 05:40:01 EDT 2018
Hostname: storm-eval
Memory limits: cudd=1g, java(heap)=910.5m
Command line: prism -hybrid -epsilon 6.66667e-15 -maxiters 100000000 -power -absolute -const 'k=15000,timeout=0.1,lambda=6.93147180559945309400' ../../CZK_project/Model/queue_withptf_ctmc.sm -ss -exportss ../../CZK_project/Output/t=0.1_median_dynamic/hybrid/ph_10_15000_1E-10

Parsing model file "../../CZK_project/Model/queue_withptf_ctmc.sm"...

Type:        CTMC
Modules:     main trigger 
Variables:   qSize i 

---------------------------------------------------------------------

Computing steady-state probabilities...

Building model...
Model constants: k=15000,timeout=0.1,lambda=6.9314718056

Computing reachable states...

Reachability (BFS): 165000 iterations in 5.23 seconds (average 0.000032, setup 0.00)

Time for model construction: 17.039 seconds.

Type:        CTMC
States:      165000 (1 initial)
Transitions: 315000

Rate matrix: 204 nodes (3 terminal), 315000 minterms, vars: 18r/18c

SCCs: 1, BSCCs: 1, non-BSCC states: 0
BSCC sizes: 1:165000

Initial states all in one BSCC (so no reachability probabilities computed)

Computing probabilities...
Engine: Hybrid

Building power method iteration matrix MTBDD... [nodes=273] [5.3 Kb]
Building hybrid MTBDD matrix... [levels=18, nodes=314] [14.7 KB]
Adding explicit sparse matrices... [levels=15, num=7, compact] [996.1 KB]
Allocating iteration vectors... [2 x 1.3 MB]
TOTAL: [3.5 MB]

Starting iterations...
Iteration 3296: max diff=0.000000, 5.00 sec so far
Iteration 6605: max diff=0.000000, 10.01 sec so far
Iteration 9896: max diff=0.000000, 15.01 sec so far
Iteration 13206: max diff=0.000000, 20.02 sec so far
Iteration 16528: max diff=0.000000, 25.02 sec so far
Iteration 19839: max diff=0.000000, 30.02 sec so far
Iteration 23152: max diff=0.000000, 35.03 sec so far
Iteration 26452: max diff=0.000000, 40.03 sec so far
Iteration 29757: max diff=0.000000, 45.04 sec so far
Iteration 33066: max diff=0.000000, 50.04 sec so far
Iteration 36377: max diff=0.000000, 55.04 sec so far
Iteration 39682: max diff=0.000000, 60.05 sec so far
Iteration 42989: max diff=0.000000, 65.05 sec so far
Iteration 46303: max diff=0.000000, 70.06 sec so far
Iteration 49612: max diff=0.000000, 75.06 sec so far
Iteration 52924: max diff=0.000000, 80.06 sec so far
Iteration 56234: max diff=0.000000, 85.07 sec so far
Iteration 59550: max diff=0.000000, 90.07 sec so far
Iteration 62861: max diff=0.000000, 95.08 sec so far
Iteration 66162: max diff=0.000000, 100.08 sec so far
Iteration 69475: max diff=0.000000, 105.08 sec so far
Iteration 72797: max diff=0.000000, 110.09 sec so far
Iteration 76114: max diff=0.000000, 115.09 sec so far
Iteration 79425: max diff=0.000000, 120.10 sec so far
Iteration 82747: max diff=0.000000, 125.10 sec so far
Iteration 85937: max diff=0.000000, 130.10 sec so far
Iteration 89176: max diff=0.000000, 135.11 sec so far
Iteration 92485: max diff=0.000000, 140.11 sec so far
Iteration 95805: max diff=0.000000, 145.12 sec so far
Iteration 99139: max diff=0.000000, 150.12 sec so far
Iteration 102457: max diff=0.000000, 155.12 sec so far
Iteration 105779: max diff=0.000000, 160.13 sec so far
Iteration 109096: max diff=0.000000, 165.13 sec so far
Iteration 112393: max diff=0.000000, 170.14 sec so far
Iteration 115706: max diff=0.000000, 175.14 sec so far
Iteration 118969: max diff=0.000000, 180.14 sec so far
Iteration 122243: max diff=0.000000, 185.15 sec so far
Iteration 125559: max diff=0.000000, 190.15 sec so far
Iteration 128823: max diff=0.000000, 195.16 sec so far
Iteration 132100: max diff=0.000000, 200.16 sec so far
Iteration 135403: max diff=0.000000, 205.16 sec so far
Iteration 138737: max diff=0.000000, 210.17 sec so far
Iteration 142157: max diff=0.000000, 215.17 sec so far
Iteration 145469: max diff=0.000000, 220.18 sec so far
Iteration 148722: max diff=0.000000, 225.18 sec so far
Iteration 151984: max diff=0.000000, 230.18 sec so far
Iteration 155153: max diff=0.000000, 235.19 sec so far
Iteration 158462: max diff=0.000000, 240.19 sec so far
Iteration 161770: max diff=0.000000, 245.20 sec so far
Iteration 165077: max diff=0.000000, 250.20 sec so far
Iteration 168388: max diff=0.000000, 255.20 sec so far
Iteration 171702: max diff=0.000000, 260.21 sec so far
Iteration 175006: max diff=0.000000, 265.21 sec so far
Iteration 178315: max diff=0.000000, 270.22 sec so far
Iteration 181582: max diff=0.000000, 275.22 sec so far
Iteration 184872: max diff=0.000000, 280.22 sec so far
Iteration 188174: max diff=0.000000, 285.23 sec so far
Iteration 191471: max diff=0.000000, 290.23 sec so far
Iteration 194762: max diff=0.000000, 295.24 sec so far
Iteration 198070: max diff=0.000000, 300.24 sec so far
Iteration 201381: max diff=0.000000, 305.24 sec so far
Iteration 204687: max diff=0.000000, 310.25 sec so far
Iteration 207991: max diff=0.000000, 315.25 sec so far
Iteration 211301: max diff=0.000000, 320.26 sec so far
Iteration 214614: max diff=0.000000, 325.26 sec so far
Iteration 217936: max diff=0.000000, 330.26 sec so far
Iteration 221246: max diff=0.000000, 335.27 sec so far
Iteration 224554: max diff=0.000000, 340.27 sec so far
Iteration 227861: max diff=0.000000, 345.28 sec so far
Iteration 231163: max diff=0.000000, 350.28 sec so far
Iteration 234419: max diff=0.000000, 355.28 sec so far
Iteration 237701: max diff=0.000000, 360.29 sec so far
Iteration 240980: max diff=0.000000, 365.29 sec so far
Iteration 244267: max diff=0.000000, 370.30 sec so far
Iteration 247556: max diff=0.000000, 375.30 sec so far
Iteration 250838: max diff=0.000000, 380.30 sec so far
Iteration 254131: max diff=0.000000, 385.31 sec so far
Iteration 257426: max diff=0.000000, 390.31 sec so far
Iteration 260701: max diff=0.000000, 395.32 sec so far
Iteration 263995: max diff=0.000000, 400.32 sec so far
Iteration 267278: max diff=0.000000, 405.32 sec so far
Iteration 270567: max diff=0.000000, 410.33 sec so far
Iteration 273866: max diff=0.000000, 415.33 sec so far
Iteration 277149: max diff=0.000000, 420.34 sec so far
Iteration 280449: max diff=0.000000, 425.34 sec so far
Iteration 283749: max diff=0.000000, 430.34 sec so far
Iteration 287040: max diff=0.000000, 435.35 sec so far
Iteration 290325: max diff=0.000000, 440.35 sec so far
Iteration 293643: max diff=0.000000, 445.36 sec so far
Iteration 296960: max diff=0.000000, 450.36 sec so far
Iteration 300277: max diff=0.000000, 455.36 sec so far
Iteration 303596: max diff=0.000000, 460.37 sec so far
Iteration 306902: max diff=0.000000, 465.37 sec so far
Iteration 310213: max diff=0.000000, 470.38 sec so far
Iteration 313522: max diff=0.000000, 475.38 sec so far
Iteration 316838: max diff=0.000000, 480.38 sec so far
Iteration 320144: max diff=0.000000, 485.39 sec so far
Iteration 323448: max diff=0.000000, 490.39 sec so far
Iteration 326765: max diff=0.000000, 495.40 sec so far
Iteration 330069: max diff=0.000000, 500.40 sec so far
Iteration 333389: max diff=0.000000, 505.40 sec so far
Iteration 336694: max diff=0.000000, 510.41 sec so far
Iteration 340003: max diff=0.000000, 515.41 sec so far
Iteration 343305: max diff=0.000000, 520.42 sec so far
Iteration 346620: max diff=0.000000, 525.42 sec so far
Iteration 349935: max diff=0.000000, 530.42 sec so far
Iteration 353255: max diff=0.000000, 535.43 sec so far
Iteration 356577: max diff=0.000000, 540.43 sec so far
Iteration 359899: max diff=0.000000, 545.44 sec so far
Iteration 363212: max diff=0.000000, 550.44 sec so far
Iteration 366526: max diff=0.000000, 555.44 sec so far
Iteration 369844: max diff=0.000000, 560.45 sec so far
Iteration 373160: max diff=0.000000, 565.45 sec so far
Iteration 376475: max diff=0.000000, 570.46 sec so far
Iteration 379793: max diff=0.000000, 575.46 sec so far
Iteration 383107: max diff=0.000000, 580.46 sec so far
Iteration 386421: max diff=0.000000, 585.47 sec so far
Iteration 389728: max diff=0.000000, 590.47 sec so far
Iteration 393028: max diff=0.000000, 595.48 sec so far
Iteration 396338: max diff=0.000000, 600.48 sec so far
Iteration 399652: max diff=0.000000, 605.48 sec so far
Iteration 402955: max diff=0.000000, 610.49 sec so far
Iteration 406267: max diff=0.000000, 615.49 sec so far
Iteration 409587: max diff=0.000000, 620.50 sec so far
Iteration 412898: max diff=0.000000, 625.50 sec so far
Iteration 416194: max diff=0.000000, 630.50 sec so far
Iteration 419494: max diff=0.000000, 635.51 sec so far
Iteration 422793: max diff=0.000000, 640.51 sec so far
Iteration 426107: max diff=0.000000, 645.52 sec so far
Iteration 429423: max diff=0.000000, 650.52 sec so far
Iteration 432722: max diff=0.000000, 655.52 sec so far
Iteration 436033: max diff=0.000000, 660.53 sec so far
Iteration 439314: max diff=0.000000, 665.53 sec so far
Iteration 442611: max diff=0.000000, 670.54 sec so far
Iteration 445919: max diff=0.000000, 675.54 sec so far
Iteration 449220: max diff=0.000000, 680.54 sec so far
Iteration 452475: max diff=0.000000, 685.55 sec so far
Iteration 455785: max diff=0.000000, 690.55 sec so far
Iteration 459104: max diff=0.000000, 695.56 sec so far
Iteration 462414: max diff=0.000000, 700.56 sec so far
Iteration 465727: max diff=0.000000, 705.56 sec so far
Iteration 469034: max diff=0.000000, 710.57 sec so far
Iteration 472345: max diff=0.000000, 715.57 sec so far
Iteration 475664: max diff=0.000000, 720.58 sec so far
Iteration 478981: max diff=0.000000, 725.58 sec so far
Iteration 482299: max diff=0.000000, 730.58 sec so far
Iteration 485614: max diff=0.000000, 735.59 sec so far
Iteration 488917: max diff=0.000000, 740.59 sec so far
Iteration 492204: max diff=0.000000, 745.60 sec so far
Iteration 495497: max diff=0.000000, 750.60 sec so far
Iteration 498748: max diff=0.000000, 755.60 sec so far
Iteration 502059: max diff=0.000000, 760.61 sec so far
Iteration 505372: max diff=0.000000, 765.61 sec so far
Iteration 508674: max diff=0.000000, 770.62 sec so far
Iteration 511980: max diff=0.000000, 775.62 sec so far
Iteration 515290: max diff=0.000000, 780.62 sec so far
Iteration 518600: max diff=0.000000, 785.63 sec so far
Iteration 521909: max diff=0.000000, 790.63 sec so far
Iteration 525220: max diff=0.000000, 795.64 sec so far
Iteration 528530: max diff=0.000000, 800.64 sec so far
Iteration 531843: max diff=0.000000, 805.64 sec so far
Iteration 535153: max diff=0.000000, 810.65 sec so far
Iteration 538459: max diff=0.000000, 815.65 sec so far
Iteration 541769: max diff=0.000000, 820.66 sec so far
Iteration 545084: max diff=0.000000, 825.66 sec so far
Iteration 548397: max diff=0.000000, 830.66 sec so far
Iteration 551710: max diff=0.000000, 835.67 sec so far
Iteration 555024: max diff=0.000000, 840.67 sec so far
Iteration 558344: max diff=0.000000, 845.68 sec so far
Iteration 561654: max diff=0.000000, 850.68 sec so far
Iteration 564971: max diff=0.000000, 855.68 sec so far
Iteration 568290: max diff=0.000000, 860.69 sec so far
Iteration 571602: max diff=0.000000, 865.69 sec so far
Iteration 574915: max diff=0.000000, 870.70 sec so far
Iteration 578229: max diff=0.000000, 875.70 sec so far
Iteration 581527: max diff=0.000000, 880.70 sec so far
Iteration 584824: max diff=0.000000, 885.71 sec so far
Iteration 588016: max diff=0.000000, 890.71 sec so far
Iteration 591318: max diff=0.000000, 895.72 sec so far
Iteration 594603: max diff=0.000000, 900.72 sec so far
Iteration 597851: max diff=0.000000, 905.72 sec so far
Iteration 601116: max diff=0.000000, 910.73 sec so far
Iteration 604357: max diff=0.000000, 915.73 sec so far
Iteration 607551: max diff=0.000000, 920.74 sec so far
Iteration 610712: max diff=0.000000, 925.74 sec so far
Iteration 613983: max diff=0.000000, 930.74 sec so far
Iteration 617219: max diff=0.000000, 935.75 sec so far
Iteration 620462: max diff=0.000000, 940.75 sec so far
Iteration 623712: max diff=0.000000, 945.76 sec so far
Iteration 626963: max diff=0.000000, 950.76 sec so far
Iteration 630128: max diff=0.000000, 955.76 sec so far
Iteration 633364: max diff=0.000000, 960.77 sec so far
Iteration 636501: max diff=0.000000, 965.77 sec so far
Iteration 639714: max diff=0.000000, 970.78 sec so far
Iteration 642915: max diff=0.000000, 975.78 sec so far
Iteration 646128: max diff=0.000000, 980.78 sec so far
Iteration 649360: max diff=0.000000, 985.79 sec so far
Iteration 652622: max diff=0.000000, 990.79 sec so far
Iteration 655897: max diff=0.000000, 995.80 sec so far
Iteration 659149: max diff=0.000000, 1000.80 sec so far
Iteration 662410: max diff=0.000000, 1005.80 sec so far
Iteration 665663: max diff=0.000000, 1010.81 sec so far
Iteration 668913: max diff=0.000000, 1015.81 sec so far
Iteration 672177: max diff=0.000000, 1020.82 sec so far
Iteration 675386: max diff=0.000000, 1025.82 sec so far
Iteration 678623: max diff=0.000000, 1030.82 sec so far
Iteration 681893: max diff=0.000000, 1035.83 sec so far
Iteration 685172: max diff=0.000000, 1040.83 sec so far
Iteration 688427: max diff=0.000000, 1045.84 sec so far
Iteration 691671: max diff=0.000000, 1050.84 sec so far
Iteration 694922: max diff=0.000000, 1055.84 sec so far
Iteration 698176: max diff=0.000000, 1060.85 sec so far
Iteration 701428: max diff=0.000000, 1065.85 sec so far
Iteration 704686: max diff=0.000000, 1070.86 sec so far
Iteration 707969: max diff=0.000000, 1075.86 sec so far
Iteration 711235: max diff=0.000000, 1080.86 sec so far
Iteration 714496: max diff=0.000000, 1085.87 sec so far
Iteration 717754: max diff=0.000000, 1090.87 sec so far
Iteration 721019: max diff=0.000000, 1095.88 sec so far
Iteration 724280: max diff=0.000000, 1100.88 sec so far
Iteration 727565: max diff=0.000000, 1105.88 sec so far
Iteration 730844: max diff=0.000000, 1110.89 sec so far
Iteration 734099: max diff=0.000000, 1115.89 sec so far
Iteration 737345: max diff=0.000000, 1120.90 sec so far
Iteration 740601: max diff=0.000000, 1125.90 sec so far
Iteration 743862: max diff=0.000000, 1130.90 sec so far
Iteration 747131: max diff=0.000000, 1135.91 sec so far
Iteration 750414: max diff=0.000000, 1140.91 sec so far
Iteration 753666: max diff=0.000000, 1145.92 sec so far
Iteration 756915: max diff=0.000000, 1150.92 sec so far
Iteration 760183: max diff=0.000000, 1155.92 sec so far
Iteration 763458: max diff=0.000000, 1160.93 sec so far
Iteration 766723: max diff=0.000000, 1165.93 sec so far
Iteration 770015: max diff=0.000000, 1170.94 sec so far
Iteration 773272: max diff=0.000000, 1175.94 sec so far
Iteration 776530: max diff=0.000000, 1180.94 sec so far
Iteration 779788: max diff=0.000000, 1185.95 sec so far
Iteration 783046: max diff=0.000000, 1190.95 sec so far
Iteration 786298: max diff=0.000000, 1195.96 sec so far
Iteration 789586: max diff=0.000000, 1200.96 sec so far
Iteration 792856: max diff=0.000000, 1205.96 sec so far
Iteration 796093: max diff=0.000000, 1210.97 sec so far
Iteration 799310: max diff=0.000000, 1215.97 sec so far
Iteration 802533: max diff=0.000000, 1220.98 sec so far
Iteration 805777: max diff=0.000000, 1225.98 sec so far
Iteration 809028: max diff=0.000000, 1230.98 sec so far
Iteration 812277: max diff=0.000000, 1235.99 sec so far
Iteration 815543: max diff=0.000000, 1240.99 sec so far
Iteration 818829: max diff=0.000000, 1246.00 sec so far
Iteration 822085: max diff=0.000000, 1251.00 sec so far
Iteration 825336: max diff=0.000000, 1256.00 sec so far
Iteration 828585: max diff=0.000000, 1261.01 sec so far
Iteration 831841: max diff=0.000000, 1266.01 sec so far
Iteration 835093: max diff=0.000000, 1271.02 sec so far
Iteration 838342: max diff=0.000000, 1276.02 sec so far
Iteration 841611: max diff=0.000000, 1281.02 sec so far
Iteration 844878: max diff=0.000000, 1286.03 sec so far
Iteration 848139: max diff=0.000000, 1291.03 sec so far
Iteration 851406: max diff=0.000000, 1296.04 sec so far
Iteration 854665: max diff=0.000000, 1301.04 sec so far
Iteration 857925: max diff=0.000000, 1306.04 sec so far
Iteration 861192: max diff=0.000000, 1311.05 sec so far
Iteration 864477: max diff=0.000000, 1316.05 sec so far
Iteration 867734: max diff=0.000000, 1321.06 sec so far
Iteration 870993: max diff=0.000000, 1326.06 sec so far
Iteration 874266: max diff=0.000000, 1331.06 sec so far
Iteration 877525: max diff=0.000000, 1336.07 sec so far
Iteration 880777: max diff=0.000000, 1341.07 sec so far
Iteration 884079: max diff=0.000000, 1346.08 sec so far
Iteration 887332: max diff=0.000000, 1351.08 sec so far
Iteration 890596: max diff=0.000000, 1356.08 sec so far
Iteration 893844: max diff=0.000000, 1361.09 sec so far
Iteration 897110: max diff=0.000000, 1366.09 sec so far
Iteration 900365: max diff=0.000000, 1371.10 sec so far
Iteration 903656: max diff=0.000000, 1376.10 sec so far
Iteration 906918: max diff=0.000000, 1381.10 sec so far
Iteration 910166: max diff=0.000000, 1386.11 sec so far
Iteration 913426: max diff=0.000000, 1391.11 sec so far
Iteration 916672: max diff=0.000000, 1396.12 sec so far
Iteration 919928: max diff=0.000000, 1401.12 sec so far
Iteration 923163: max diff=0.000000, 1406.12 sec so far
Iteration 926417: max diff=0.000000, 1411.13 sec so far
Iteration 929663: max diff=0.000000, 1416.13 sec so far
Iteration 932906: max diff=0.000000, 1421.14 sec so far
Iteration 936162: max diff=0.000000, 1426.14 sec so far
Iteration 939452: max diff=0.000000, 1431.14 sec so far
Iteration 942704: max diff=0.000000, 1436.15 sec so far
Iteration 945957: max diff=0.000000, 1441.15 sec so far
Iteration 949230: max diff=0.000000, 1446.16 sec so far
Iteration 952494: max diff=0.000000, 1451.16 sec so far
Iteration 955750: max diff=0.000000, 1456.16 sec so far
Iteration 959046: max diff=0.000000, 1461.17 sec so far
Iteration 962302: max diff=0.000000, 1466.17 sec so far
Iteration 965556: max diff=0.000000, 1471.18 sec so far
Iteration 968819: max diff=0.000000, 1476.18 sec so far
Iteration 972077: max diff=0.000000, 1481.18 sec so far
Iteration 975340: max diff=0.000000, 1486.19 sec so far
Iteration 978627: max diff=0.000000, 1491.19 sec so far
Iteration 981891: max diff=0.000000, 1496.20 sec so far
Iteration 985145: max diff=0.000000, 1501.20 sec so far
Iteration 988400: max diff=0.000000, 1506.20 sec so far
Iteration 991654: max diff=0.000000, 1511.21 sec so far
Iteration 994914: max diff=0.000000, 1516.21 sec so far
Iteration 998172: max diff=0.000000, 1521.22 sec so far
Iteration 1001432: max diff=0.000000, 1526.22 sec so far
Iteration 1004630: max diff=0.000000, 1531.22 sec so far
Iteration 1007905: max diff=0.000000, 1536.23 sec so far
Iteration 1011188: max diff=0.000000, 1541.23 sec so far
Iteration 1014475: max diff=0.000000, 1546.24 sec so far
Iteration 1017769: max diff=0.000000, 1551.24 sec so far
Iteration 1021057: max diff=0.000000, 1556.24 sec so far
Iteration 1024332: max diff=0.000000, 1561.25 sec so far
Iteration 1027607: max diff=0.000000, 1566.25 sec so far
Iteration 1030869: max diff=0.000000, 1571.26 sec so far
Iteration 1034100: max diff=0.000000, 1576.26 sec so far
Iteration 1037239: max diff=0.000000, 1581.26 sec so far
Iteration 1040363: max diff=0.000000, 1586.27 sec so far
Iteration 1043471: max diff=0.000000, 1591.27 sec so far
Iteration 1046549: max diff=0.000000, 1596.28 sec so far
Iteration 1049623: max diff=0.000000, 1601.28 sec so far
Iteration 1052689: max diff=0.000000, 1606.28 sec so far
Iteration 1055759: max diff=0.000000, 1611.29 sec so far
Iteration 1058841: max diff=0.000000, 1616.29 sec so far
Iteration 1061919: max diff=0.000000, 1621.30 sec so far
Iteration 1064975: max diff=0.000000, 1626.30 sec so far
Iteration 1068036: max diff=0.000000, 1631.30 sec so far
Iteration 1071085: max diff=0.000000, 1636.31 sec so far
Iteration 1073987: max diff=0.000000, 1641.31 sec so far
Iteration 1077057: max diff=0.000000, 1646.32 sec so far
Iteration 1080177: max diff=0.000000, 1651.32 sec so far
Iteration 1083427: max diff=0.000000, 1656.32 sec so far
Iteration 1086697: max diff=0.000000, 1661.33 sec so far
Iteration 1089963: max diff=0.000000, 1666.33 sec so far
Iteration 1093233: max diff=0.000000, 1671.34 sec so far
Iteration 1096515: max diff=0.000000, 1676.34 sec so far
Iteration 1099800: max diff=0.000000, 1681.34 sec so far
Iteration 1103050: max diff=0.000000, 1686.35 sec so far
Iteration 1106317: max diff=0.000000, 1691.35 sec so far
Iteration 1109518: max diff=0.000000, 1696.36 sec so far
Iteration 1112602: max diff=0.000000, 1701.36 sec so far
Iteration 1115671: max diff=0.000000, 1706.36 sec so far
Iteration 1118671: max diff=0.000000, 1711.37 sec so far
Iteration 1121718: max diff=0.000000, 1716.37 sec so far
Iteration 1124768: max diff=0.000000, 1721.38 sec so far
Iteration 1127800: max diff=0.000000, 1726.38 sec so far
Iteration 1130835: max diff=0.000000, 1731.38 sec so far
Iteration 1133889: max diff=0.000000, 1736.39 sec so far
Iteration 1136912: max diff=0.000000, 1741.39 sec so far
Iteration 1139955: max diff=0.000000, 1746.40 sec so far
Iteration 1142999: max diff=0.000000, 1751.40 sec so far
Iteration 1146032: max diff=0.000000, 1756.40 sec so far
Iteration 1149060: max diff=0.000000, 1761.41 sec so far
Iteration 1152096: max diff=0.000000, 1766.41 sec so far
Iteration 1155189: max diff=0.000000, 1771.42 sec so far
Iteration 1158435: max diff=0.000000, 1776.42 sec so far
Iteration 1161698: max diff=0.000000, 1781.42 sec so far
Iteration 1164963: max diff=0.000000, 1786.43 sec so far
Iteration 1168218: max diff=0.000000, 1791.43 sec so far
Iteration 1171510: max diff=0.000000, 1796.44 sec so far
Iteration 1174782: max diff=0.000000, 1801.44 sec so far
Iteration 1178052: max diff=0.000000, 1806.44 sec so far
Iteration 1181344: max diff=0.000000, 1811.45 sec so far
Iteration 1184520: max diff=0.000000, 1816.45 sec so far
Iteration 1187557: max diff=0.000000, 1821.46 sec so far
Iteration 1190604: max diff=0.000000, 1826.46 sec so far
Iteration 1193644: max diff=0.000000, 1831.46 sec so far
Iteration 1196680: max diff=0.000000, 1836.47 sec so far
Iteration 1199775: max diff=0.000000, 1841.47 sec so far
Iteration 1202856: max diff=0.000000, 1846.48 sec so far
Iteration 1205943: max diff=0.000000, 1851.48 sec so far
Iteration 1208986: max diff=0.000000, 1856.48 sec so far
Iteration 1212072: max diff=0.000000, 1861.49 sec so far
Iteration 1215159: max diff=0.000000, 1866.49 sec so far
Iteration 1218242: max diff=0.000000, 1871.50 sec so far
Iteration 1221321: max diff=0.000000, 1876.50 sec so far
Iteration 1224388: max diff=0.000000, 1881.50 sec so far
Iteration 1227468: max diff=0.000000, 1886.51 sec so far
Iteration 1230589: max diff=0.000000, 1891.51 sec so far
Iteration 1233833: max diff=0.000000, 1896.52 sec so far
Iteration 1237103: max diff=0.000000, 1901.52 sec so far
Iteration 1240376: max diff=0.000000, 1906.52 sec so far
Iteration 1243651: max diff=0.000000, 1911.53 sec so far
Iteration 1246930: max diff=0.000000, 1916.53 sec so far
Iteration 1250210: max diff=0.000000, 1921.54 sec so far
Iteration 1253491: max diff=0.000000, 1926.54 sec so far
Iteration 1256761: max diff=0.000000, 1931.54 sec so far
Iteration 1259894: max diff=0.000000, 1936.55 sec so far
Iteration 1262906: max diff=0.000000, 1941.55 sec so far
Iteration 1265955: max diff=0.000000, 1946.56 sec so far
Iteration 1269032: max diff=0.000000, 1951.56 sec so far
Iteration 1272100: max diff=0.000000, 1956.56 sec so far
Iteration 1275176: max diff=0.000000, 1961.57 sec so far
Iteration 1278256: max diff=0.000000, 1966.57 sec so far
Iteration 1281332: max diff=0.000000, 1971.58 sec so far
Iteration 1284403: max diff=0.000000, 1976.58 sec so far
Iteration 1287531: max diff=0.000000, 1981.58 sec so far
Iteration 1290568: max diff=0.000000, 1986.59 sec so far
Iteration 1293713: max diff=0.000000, 1991.59 sec so far
Iteration 1296839: max diff=0.000000, 1996.60 sec so far
Iteration 1299961: max diff=0.000000, 2001.60 sec so far
Iteration 1303062: max diff=0.000000, 2006.60 sec so far
Iteration 1306132: max diff=0.000000, 2011.61 sec so far
Iteration 1309395: max diff=0.000000, 2016.61 sec so far
Iteration 1312665: max diff=0.000000, 2021.62 sec so far
Iteration 1315943: max diff=0.000000, 2026.62 sec so far
Iteration 1319211: max diff=0.000000, 2031.62 sec so far
Iteration 1322491: max diff=0.000000, 2036.63 sec so far
Iteration 1325775: max diff=0.000000, 2041.63 sec so far
Iteration 1329060: max diff=0.000000, 2046.64 sec so far
Iteration 1332350: max diff=0.000000, 2051.64 sec so far
Iteration 1335528: max diff=0.000000, 2056.64 sec so far
Iteration 1338604: max diff=0.000000, 2061.65 sec so far
Iteration 1341689: max diff=0.000000, 2066.65 sec so far
Iteration 1344755: max diff=0.000000, 2071.66 sec so far
Iteration 1347828: max diff=0.000000, 2076.66 sec so far
Iteration 1350905: max diff=0.000000, 2081.66 sec so far
Iteration 1353984: max diff=0.000000, 2086.67 sec so far
Iteration 1357061: max diff=0.000000, 2091.67 sec so far
Iteration 1360129: max diff=0.000000, 2096.68 sec so far
Iteration 1363181: max diff=0.000000, 2101.68 sec so far
Iteration 1366229: max diff=0.000000, 2106.68 sec so far
Iteration 1369284: max diff=0.000000, 2111.69 sec so far
Iteration 1372335: max diff=0.000000, 2116.69 sec so far
Iteration 1375391: max diff=0.000000, 2121.70 sec so far
Iteration 1378473: max diff=0.000000, 2126.70 sec so far
Iteration 1381657: max diff=0.000000, 2131.70 sec so far
Iteration 1384840: max diff=0.000000, 2136.71 sec so far
Iteration 1388045: max diff=0.000000, 2141.71 sec so far
Iteration 1391246: max diff=0.000000, 2146.72 sec so far
Iteration 1394421: max diff=0.000000, 2151.72 sec so far
Iteration 1397614: max diff=0.000000, 2156.72 sec so far
Iteration 1400814: max diff=0.000000, 2161.73 sec so far
Iteration 1404016: max diff=0.000000, 2166.73 sec so far
Iteration 1407204: max diff=0.000000, 2171.74 sec so far
Iteration 1410386: max diff=0.000000, 2176.74 sec so far
Iteration 1413593: max diff=0.000000, 2181.74 sec so far
Iteration 1416781: max diff=0.000000, 2186.75 sec so far
Iteration 1419919: max diff=0.000000, 2191.75 sec so far
Iteration 1423046: max diff=0.000000, 2196.76 sec so far
Iteration 1426186: max diff=0.000000, 2201.76 sec so far
Iteration 1429360: max diff=0.000000, 2206.76 sec so far
Iteration 1432523: max diff=0.000000, 2211.77 sec so far
Iteration 1435606: max diff=0.000000, 2216.77 sec so far
Iteration 1438767: max diff=0.000000, 2221.78 sec so far
Iteration 1441969: max diff=0.000000, 2226.78 sec so far
Iteration 1445131: max diff=0.000000, 2231.78 sec so far
Iteration 1448244: max diff=0.000000, 2236.79 sec so far
Iteration 1451362: max diff=0.000000, 2241.79 sec so far
Iteration 1454437: max diff=0.000000, 2246.80 sec so far
Iteration 1457624: max diff=0.000000, 2251.80 sec so far
Iteration 1460821: max diff=0.000000, 2256.80 sec so far
Iteration 1464040: max diff=0.000000, 2261.81 sec so far
Iteration 1467234: max diff=0.000000, 2266.81 sec so far
Iteration 1470444: max diff=0.000000, 2271.82 sec so far
Iteration 1473642: max diff=0.000000, 2276.82 sec so far
Iteration 1476834: max diff=0.000000, 2281.82 sec so far
Iteration 1480039: max diff=0.000000, 2286.83 sec so far
Iteration 1483227: max diff=0.000000, 2291.83 sec so far
Iteration 1486406: max diff=0.000000, 2296.84 sec so far
Iteration 1489600: max diff=0.000000, 2301.84 sec so far
Iteration 1492798: max diff=0.000000, 2306.84 sec so far
Iteration 1496001: max diff=0.000000, 2311.85 sec so far
Iteration 1499221: max diff=0.000000, 2316.85 sec so far
Iteration 1502426: max diff=0.000000, 2321.86 sec so far
Iteration 1505646: max diff=0.000000, 2326.86 sec so far
Iteration 1508854: max diff=0.000000, 2331.86 sec so far
Iteration 1512053: max diff=0.000000, 2336.87 sec so far
Iteration 1515280: max diff=0.000000, 2341.87 sec so far
Iteration 1518508: max diff=0.000000, 2346.88 sec so far
Iteration 1521708: max diff=0.000000, 2351.88 sec so far
Iteration 1524927: max diff=0.000000, 2356.88 sec so far
Iteration 1528055: max diff=0.000000, 2361.89 sec so far
Iteration 1531248: max diff=0.000000, 2366.89 sec so far
Iteration 1534437: max diff=0.000000, 2371.90 sec so far
Iteration 1537605: max diff=0.000000, 2376.90 sec so far
Iteration 1540806: max diff=0.000000, 2381.90 sec so far
Iteration 1544005: max diff=0.000000, 2386.91 sec so far
Iteration 1547216: max diff=0.000000, 2391.91 sec so far
Iteration 1550383: max diff=0.000000, 2396.92 sec so far
Iteration 1553566: max diff=0.000000, 2401.92 sec so far
Iteration 1556728: max diff=0.000000, 2406.92 sec so far
Iteration 1559936: max diff=0.000000, 2411.93 sec so far
Iteration 1563067: max diff=0.000000, 2416.93 sec so far
Iteration 1566210: max diff=0.000000, 2421.94 sec so far
Iteration 1569380: max diff=0.000000, 2426.94 sec so far
Iteration 1572591: max diff=0.000000, 2431.94 sec so far
Iteration 1575797: max diff=0.000000, 2436.95 sec so far
Iteration 1579003: max diff=0.000000, 2441.95 sec so far
Iteration 1582211: max diff=0.000000, 2446.96 sec so far
Iteration 1585403: max diff=0.000000, 2451.96 sec so far
Iteration 1588607: max diff=0.000000, 2456.96 sec so far
Iteration 1591811: max diff=0.000000, 2461.97 sec so far
Iteration 1595008: max diff=0.000000, 2466.97 sec so far
Iteration 1598236: max diff=0.000000, 2471.98 sec so far
Iteration 1601433: max diff=0.000000, 2476.98 sec so far
Iteration 1604626: max diff=0.000000, 2481.98 sec so far
Iteration 1607827: max diff=0.000000, 2486.99 sec so far
Iteration 1611048: max diff=0.000000, 2491.99 sec so far
Iteration 1614267: max diff=0.000000, 2497.00 sec so far
Iteration 1617475: max diff=0.000000, 2502.00 sec so far
Iteration 1620674: max diff=0.000000, 2507.00 sec so far
Iteration 1623868: max diff=0.000000, 2512.01 sec so far
Iteration 1627066: max diff=0.000000, 2517.01 sec so far
Iteration 1630295: max diff=0.000000, 2522.02 sec so far
Iteration 1633512: max diff=0.000000, 2527.02 sec so far
Iteration 1636720: max diff=0.000000, 2532.02 sec so far
Iteration 1639926: max diff=0.000000, 2537.03 sec so far
Iteration 1643140: max diff=0.000000, 2542.03 sec so far
Iteration 1646353: max diff=0.000000, 2547.04 sec so far
Iteration 1649549: max diff=0.000000, 2552.04 sec so far
Iteration 1652745: max diff=0.000000, 2557.04 sec so far
Iteration 1655966: max diff=0.000000, 2562.05 sec so far
Iteration 1659188: max diff=0.000000, 2567.05 sec so far
Iteration 1662382: max diff=0.000000, 2572.06 sec so far
Iteration 1665595: max diff=0.000000, 2577.06 sec so far
Iteration 1668783: max diff=0.000000, 2582.06 sec so far
Iteration 1671979: max diff=0.000000, 2587.07 sec so far
Iteration 1675209: max diff=0.000000, 2592.07 sec so far
Iteration 1678439: max diff=0.000000, 2597.08 sec so far
Iteration 1681667: max diff=0.000000, 2602.08 sec so far
Iteration 1684855: max diff=0.000000, 2607.08 sec so far
Iteration 1688081: max diff=0.000000, 2612.09 sec so far
Iteration 1691274: max diff=0.000000, 2617.09 sec so far
Iteration 1694480: max diff=0.000000, 2622.10 sec so far
Iteration 1697697: max diff=0.000000, 2627.10 sec so far
Iteration 1700921: max diff=0.000000, 2632.10 sec so far
Iteration 1704146: max diff=0.000000, 2637.11 sec so far
Iteration 1707361: max diff=0.000000, 2642.11 sec so far
Iteration 1710586: max diff=0.000000, 2647.12 sec so far
Iteration 1713799: max diff=0.000000, 2652.12 sec so far
Iteration 1717033: max diff=0.000000, 2657.12 sec so far
Iteration 1720259: max diff=0.000000, 2662.13 sec so far
Iteration 1723510: max diff=0.000000, 2667.13 sec so far
Iteration 1726715: max diff=0.000000, 2672.14 sec so far
Iteration 1729909: max diff=0.000000, 2677.14 sec so far
Iteration 1733101: max diff=0.000000, 2682.14 sec so far
Iteration 1736326: max diff=0.000000, 2687.15 sec so far
Iteration 1739520: max diff=0.000000, 2692.15 sec so far
Iteration 1742731: max diff=0.000000, 2697.16 sec so far
Iteration 1745954: max diff=0.000000, 2702.16 sec so far
Iteration 1749152: max diff=0.000000, 2707.16 sec so far
Iteration 1752348: max diff=0.000000, 2712.17 sec so far
Iteration 1755575: max diff=0.000000, 2717.17 sec so far
Iteration 1758793: max diff=0.000000, 2722.18 sec so far
Iteration 1762008: max diff=0.000000, 2727.18 sec so far
Iteration 1765193: max diff=0.000000, 2732.18 sec so far
Iteration 1768374: max diff=0.000000, 2737.19 sec so far
Iteration 1771561: max diff=0.000000, 2742.19 sec so far
Iteration 1774748: max diff=0.000000, 2747.20 sec so far
Iteration 1777934: max diff=0.000000, 2752.20 sec so far
Iteration 1781115: max diff=0.000000, 2757.20 sec so far
Iteration 1784317: max diff=0.000000, 2762.21 sec so far
Iteration 1787507: max diff=0.000000, 2767.21 sec so far
Iteration 1790700: max diff=0.000000, 2772.22 sec so far
Iteration 1793880: max diff=0.000000, 2777.22 sec so far
Iteration 1797067: max diff=0.000000, 2782.22 sec so far
Iteration 1800265: max diff=0.000000, 2787.23 sec so far
Iteration 1803459: max diff=0.000000, 2792.23 sec so far
Iteration 1806641: max diff=0.000000, 2797.24 sec so far
Iteration 1809828: max diff=0.000000, 2802.24 sec so far
Iteration 1813025: max diff=0.000000, 2807.24 sec so far
Iteration 1816230: max diff=0.000000, 2812.25 sec so far
Iteration 1819426: max diff=0.000000, 2817.25 sec so far
Iteration 1822627: max diff=0.000000, 2822.26 sec so far
Iteration 1825830: max diff=0.000000, 2827.26 sec so far
Iteration 1829033: max diff=0.000000, 2832.26 sec so far
Iteration 1832228: max diff=0.000000, 2837.27 sec so far
Iteration 1835431: max diff=0.000000, 2842.27 sec so far
Iteration 1838628: max diff=0.000000, 2847.28 sec so far
Iteration 1841818: max diff=0.000000, 2852.28 sec so far
Iteration 1845022: max diff=0.000000, 2857.28 sec so far
Iteration 1848216: max diff=0.000000, 2862.29 sec so far
Iteration 1851413: max diff=0.000000, 2867.29 sec so far
Iteration 1854602: max diff=0.000000, 2872.30 sec so far
Iteration 1857798: max diff=0.000000, 2877.30 sec so far
Iteration 1860995: max diff=0.000000, 2882.30 sec so far
Iteration 1864191: max diff=0.000000, 2887.31 sec so far
Iteration 1867395: max diff=0.000000, 2892.31 sec so far
Iteration 1870592: max diff=0.000000, 2897.32 sec so far
Iteration 1873793: max diff=0.000000, 2902.32 sec so far
Iteration 1876979: max diff=0.000000, 2907.32 sec so far
Iteration 1880179: max diff=0.000000, 2912.33 sec so far
Iteration 1883258: max diff=0.000000, 2917.33 sec so far
Iteration 1886262: max diff=0.000000, 2922.34 sec so far
Iteration 1889267: max diff=0.000000, 2927.34 sec so far
Iteration 1892255: max diff=0.000000, 2932.34 sec so far
Iteration 1895256: max diff=0.000000, 2937.35 sec so far
Iteration 1898257: max diff=0.000000, 2942.35 sec so far
Iteration 1901246: max diff=0.000000, 2947.36 sec so far
Iteration 1904236: max diff=0.000000, 2952.36 sec so far
Iteration 1907234: max diff=0.000000, 2957.36 sec so far
Iteration 1910231: max diff=0.000000, 2962.37 sec so far
Iteration 1913235: max diff=0.000000, 2967.37 sec so far
Iteration 1916226: max diff=0.000000, 2972.38 sec so far
Iteration 1919222: max diff=0.000000, 2977.38 sec so far
Iteration 1922219: max diff=0.000000, 2982.38 sec so far
Iteration 1925221: max diff=0.000000, 2987.39 sec so far
Iteration 1928218: max diff=0.000000, 2992.39 sec so far
Iteration 1931224: max diff=0.000000, 2997.40 sec so far
Iteration 1934411: max diff=0.000000, 3002.40 sec so far
Iteration 1937603: max diff=0.000000, 3007.40 sec so far
Iteration 1940799: max diff=0.000000, 3012.41 sec so far
Iteration 1943993: max diff=0.000000, 3017.41 sec so far
Iteration 1947185: max diff=0.000000, 3022.42 sec so far
Iteration 1950374: max diff=0.000000, 3027.42 sec so far
Iteration 1953564: max diff=0.000000, 3032.42 sec so far
Iteration 1956748: max diff=0.000000, 3037.43 sec so far
Iteration 1959936: max diff=0.000000, 3042.43 sec so far
Iteration 1963117: max diff=0.000000, 3047.44 sec so far
Iteration 1966300: max diff=0.000000, 3052.44 sec so far
Iteration 1969490: max diff=0.000000, 3057.44 sec so far
Iteration 1972684: max diff=0.000000, 3062.45 sec so far
Iteration 1975871: max diff=0.000000, 3067.45 sec so far
Iteration 1979066: max diff=0.000000, 3072.46 sec so far
Iteration 1982255: max diff=0.000000, 3077.46 sec so far
Iteration 1985444: max diff=0.000000, 3082.46 sec so far
Iteration 1988640: max diff=0.000000, 3087.47 sec so far
Iteration 1991830: max diff=0.000000, 3092.47 sec so far
Iteration 1995025: max diff=0.000000, 3097.48 sec so far
Iteration 1998210: max diff=0.000000, 3102.48 sec so far
Iteration 2001400: max diff=0.000000, 3107.48 sec so far
Iteration 2004593: max diff=0.000000, 3112.49 sec so far
Iteration 2007793: max diff=0.000000, 3117.49 sec so far
Iteration 2010989: max diff=0.000000, 3122.50 sec so far
Iteration 2014196: max diff=0.000000, 3127.50 sec so far
Iteration 2017392: max diff=0.000000, 3132.50 sec so far
Iteration 2020591: max diff=0.000000, 3137.51 sec so far
Iteration 2023793: max diff=0.000000, 3142.51 sec so far
Iteration 2026986: max diff=0.000000, 3147.52 sec so far
Iteration 2030186: max diff=0.000000, 3152.52 sec so far
Iteration 2033393: max diff=0.000000, 3157.52 sec so far
Iteration 2036593: max diff=0.000000, 3162.53 sec so far
Iteration 2039785: max diff=0.000000, 3167.53 sec so far
Iteration 2042987: max diff=0.000000, 3172.54 sec so far
Iteration 2046192: max diff=0.000000, 3177.54 sec so far
Iteration 2049395: max diff=0.000000, 3182.54 sec so far
Iteration 2052590: max diff=0.000000, 3187.55 sec so far
Iteration 2055777: max diff=0.000000, 3192.55 sec so far
Iteration 2058965: max diff=0.000000, 3197.56 sec so far
Iteration 2062158: max diff=0.000000, 3202.56 sec so far
Iteration 2065362: max diff=0.000000, 3207.56 sec so far
Iteration 2068564: max diff=0.000000, 3212.57 sec so far
Iteration 2071754: max diff=0.000000, 3217.57 sec so far
Iteration 2074942: max diff=0.000000, 3222.58 sec so far
Iteration 2078139: max diff=0.000000, 3227.58 sec so far
Iteration 2081332: max diff=0.000000, 3232.58 sec so far
Iteration 2084527: max diff=0.000000, 3237.59 sec so far
Iteration 2087720: max diff=0.000000, 3242.59 sec so far
Iteration 2090916: max diff=0.000000, 3247.60 sec so far
Iteration 2094118: max diff=0.000000, 3252.60 sec so far
Iteration 2097318: max diff=0.000000, 3257.60 sec so far
Iteration 2100521: max diff=0.000000, 3262.61 sec so far
Iteration 2103720: max diff=0.000000, 3267.61 sec so far
Iteration 2106917: max diff=0.000000, 3272.62 sec so far
Iteration 2110110: max diff=0.000000, 3277.62 sec so far
Iteration 2113298: max diff=0.000000, 3282.62 sec so far
Iteration 2116481: max diff=0.000000, 3287.63 sec so far
Iteration 2119687: max diff=0.000000, 3292.63 sec so far
Iteration 2122883: max diff=0.000000, 3297.64 sec so far
Iteration 2126069: max diff=0.000000, 3302.64 sec so far
Iteration 2129250: max diff=0.000000, 3307.64 sec so far
Iteration 2132443: max diff=0.000000, 3312.65 sec so far
Iteration 2135632: max diff=0.000000, 3317.65 sec so far
Iteration 2138820: max diff=0.000000, 3322.66 sec so far
Iteration 2141788: max diff=0.000000, 3327.66 sec so far
Iteration 2144655: max diff=0.000000, 3332.66 sec so far
Iteration 2147530: max diff=0.000000, 3337.67 sec so far
Iteration 2150417: max diff=0.000000, 3342.67 sec so far
Iteration 2153261: max diff=0.000000, 3347.68 sec so far
Iteration 2156153: max diff=0.000000, 3352.68 sec so far
Iteration 2159026: max diff=0.000000, 3357.68 sec so far
Iteration 2161893: max diff=0.000000, 3362.69 sec so far
Iteration 2164714: max diff=0.000000, 3367.69 sec so far
Iteration 2167587: max diff=0.000000, 3372.70 sec so far
Iteration 2170459: max diff=0.000000, 3377.70 sec so far
Iteration 2173329: max diff=0.000000, 3382.70 sec so far
Iteration 2176182: max diff=0.000000, 3387.71 sec so far
Iteration 2179037: max diff=0.000000, 3392.71 sec so far
Iteration 2181909: max diff=0.000000, 3397.72 sec so far
Iteration 2184788: max diff=0.000000, 3402.72 sec so far
Iteration 2187661: max diff=0.000000, 3407.72 sec so far
Iteration 2190523: max diff=0.000000, 3412.73 sec so far
Iteration 2193367: max diff=0.000000, 3417.73 sec so far
Iteration 2196238: max diff=0.000000, 3422.74 sec so far
Iteration 2199100: max diff=0.000000, 3427.74 sec so far
Iteration 2201987: max diff=0.000000, 3432.74 sec so far
Iteration 2204857: max diff=0.000000, 3437.75 sec so far
Iteration 2207723: max diff=0.000000, 3442.75 sec so far
Iteration 2210600: max diff=0.000000, 3447.76 sec so far

Power method: 2210792 iterations in 3448.10 seconds (average 0.001560, setup 0.01)

Printing steady-state probabilities in plain text format to file "../../CZK_project/Output/t=0.1_median_dynamic/hybrid/ph_10_15000_1E-10"...

Time for steady-state probability computation: 3460.667 seconds.

