PRISM
=====

Version: 4.4
Date: Mon Jun 18 14:44:14 EDT 2018
Hostname: storm-eval
Memory limits: cudd=1g, java(heap)=910.5m
Command line: prism -hybrid -epsilon 2.5e-10 -maxiters 100000000 -power -absolute -const 'k=40000,timeout=0.1,lambda=6.93147180559945309400' ../../CZK_project/Model/queue_withptf_ctmc.sm -ss -exportss ../../CZK_project/Output/t=0.1_median_1E-5_dynamic/hybrid/ph_10_40000_1E-5

Parsing model file "../../CZK_project/Model/queue_withptf_ctmc.sm"...

Type:        CTMC
Modules:     main trigger 
Variables:   qSize i 

---------------------------------------------------------------------

Computing steady-state probabilities...

Building model...
Model constants: k=40000,timeout=0.1,lambda=6.9314718056

Computing reachable states...

Reachability (BFS): 440000 iterations in 18.22 seconds (average 0.000041, setup 0.00)

Time for model construction: 102.957 seconds.

Type:        CTMC
States:      440000 (1 initial)
Transitions: 840000

Rate matrix: 214 nodes (3 terminal), 840000 minterms, vars: 20r/20c

SCCs: 1, BSCCs: 1, non-BSCC states: 0
BSCC sizes: 1:440000

Initial states all in one BSCC (so no reachability probabilities computed)

Computing probabilities...
Engine: Hybrid

Building power method iteration matrix MTBDD... [nodes=287] [5.6 Kb]
Building hybrid MTBDD matrix... [levels=20, nodes=320] [15.0 KB]
Adding explicit sparse matrices... [levels=15, num=8, compact] [937.5 KB]
Allocating iteration vectors... [2 x 3.4 MB]
TOTAL: [7.6 MB]

Starting iterations...
Iteration 1096: max diff=0.000000, 5.00 sec so far
Iteration 2188: max diff=0.000000, 10.01 sec so far
Iteration 3283: max diff=0.000000, 15.01 sec so far
Iteration 4380: max diff=0.000000, 20.02 sec so far
Iteration 5488: max diff=0.000000, 25.02 sec so far
Iteration 6580: max diff=0.000000, 30.02 sec so far
Iteration 7672: max diff=0.000000, 35.03 sec so far
Iteration 8764: max diff=0.000000, 40.03 sec so far
Iteration 9855: max diff=0.000000, 45.04 sec so far
Iteration 10947: max diff=0.000000, 50.04 sec so far
Iteration 12038: max diff=0.000000, 55.05 sec so far
Iteration 13137: max diff=0.000000, 60.06 sec so far
Iteration 14236: max diff=0.000000, 65.06 sec so far
Iteration 15330: max diff=0.000000, 70.06 sec so far
Iteration 16423: max diff=0.000000, 75.07 sec so far
Iteration 17524: max diff=0.000000, 80.07 sec so far
Iteration 18625: max diff=0.000000, 85.08 sec so far
Iteration 19727: max diff=0.000000, 90.08 sec so far
Iteration 20826: max diff=0.000000, 95.08 sec so far
Iteration 21921: max diff=0.000000, 100.09 sec so far
Iteration 23014: max diff=0.000000, 105.10 sec so far
Iteration 24110: max diff=0.000000, 110.10 sec so far
Iteration 25219: max diff=0.000000, 115.11 sec so far
Iteration 26320: max diff=0.000000, 120.11 sec so far
Iteration 27420: max diff=0.000000, 125.12 sec so far
Iteration 28518: max diff=0.000000, 130.12 sec so far
Iteration 29613: max diff=0.000000, 135.13 sec so far
Iteration 30713: max diff=0.000000, 140.13 sec so far
Iteration 31823: max diff=0.000000, 145.14 sec so far
Iteration 32923: max diff=0.000000, 150.14 sec so far
Iteration 33943: max diff=0.000000, 155.14 sec so far
Iteration 35014: max diff=0.000000, 160.15 sec so far
Iteration 36094: max diff=0.000000, 165.15 sec so far
Iteration 37159: max diff=0.000000, 170.16 sec so far
Iteration 38234: max diff=0.000000, 175.16 sec so far
Iteration 39319: max diff=0.000000, 180.17 sec so far
Iteration 40405: max diff=0.000000, 185.17 sec so far
Iteration 41488: max diff=0.000000, 190.18 sec so far
Iteration 42573: max diff=0.000000, 195.18 sec so far
Iteration 43653: max diff=0.000000, 200.18 sec so far
Iteration 44738: max diff=0.000000, 205.19 sec so far
Iteration 45821: max diff=0.000000, 210.19 sec so far
Iteration 46904: max diff=0.000000, 215.20 sec so far
Iteration 48007: max diff=0.000000, 220.20 sec so far
Iteration 49092: max diff=0.000000, 225.20 sec so far
Iteration 50173: max diff=0.000000, 230.21 sec so far
Iteration 51259: max diff=0.000000, 235.22 sec so far
Iteration 52341: max diff=0.000000, 240.22 sec so far
Iteration 53423: max diff=0.000000, 245.22 sec so far
Iteration 54503: max diff=0.000000, 250.23 sec so far
Iteration 55580: max diff=0.000000, 255.23 sec so far
Iteration 56668: max diff=0.000000, 260.24 sec so far
Iteration 57750: max diff=0.000000, 265.24 sec so far
Iteration 58830: max diff=0.000000, 270.25 sec so far
Iteration 59910: max diff=0.000000, 275.25 sec so far
Iteration 60991: max diff=0.000000, 280.26 sec so far
Iteration 62071: max diff=0.000000, 285.26 sec so far
Iteration 63153: max diff=0.000000, 290.27 sec so far
Iteration 64230: max diff=0.000000, 295.27 sec so far
Iteration 65315: max diff=0.000000, 300.28 sec so far
Iteration 66405: max diff=0.000000, 305.28 sec so far
Iteration 67485: max diff=0.000000, 310.29 sec so far
Iteration 68565: max diff=0.000000, 315.30 sec so far
Iteration 69645: max diff=0.000000, 320.30 sec so far
Iteration 70726: max diff=0.000000, 325.31 sec so far
Iteration 71804: max diff=0.000000, 330.32 sec so far
Iteration 72882: max diff=0.000000, 335.32 sec so far
Iteration 73958: max diff=0.000000, 340.32 sec so far
Iteration 75055: max diff=0.000000, 345.33 sec so far
Iteration 76137: max diff=0.000000, 350.33 sec so far
Iteration 77215: max diff=0.000000, 355.34 sec so far
Iteration 78294: max diff=0.000000, 360.34 sec so far
Iteration 79371: max diff=0.000000, 365.35 sec so far
Iteration 80453: max diff=0.000000, 370.35 sec so far
Iteration 81534: max diff=0.000000, 375.36 sec so far
Iteration 82613: max diff=0.000000, 380.36 sec so far
Iteration 83706: max diff=0.000000, 385.37 sec so far
Iteration 84794: max diff=0.000000, 390.38 sec so far
Iteration 85881: max diff=0.000000, 395.38 sec so far
Iteration 86969: max diff=0.000000, 400.39 sec so far
Iteration 88055: max diff=0.000000, 405.40 sec so far
Iteration 89140: max diff=0.000000, 410.40 sec so far
Iteration 90226: max diff=0.000000, 415.40 sec so far
Iteration 91322: max diff=0.000000, 420.41 sec so far
Iteration 92410: max diff=0.000000, 425.42 sec so far
Iteration 93491: max diff=0.000000, 430.42 sec so far
Iteration 94572: max diff=0.000000, 435.42 sec so far
Iteration 95657: max diff=0.000000, 440.43 sec so far
Iteration 96736: max diff=0.000000, 445.43 sec so far
Iteration 97818: max diff=0.000000, 450.44 sec so far
Iteration 98902: max diff=0.000000, 455.44 sec so far
Iteration 99990: max diff=0.000000, 460.44 sec so far
Iteration 101075: max diff=0.000000, 465.45 sec so far
Iteration 102153: max diff=0.000000, 470.45 sec so far
Iteration 103232: max diff=0.000000, 475.46 sec so far
Iteration 104299: max diff=0.000000, 480.46 sec so far
Iteration 105376: max diff=0.000000, 485.46 sec so far
Iteration 106457: max diff=0.000000, 490.47 sec so far
Iteration 107538: max diff=0.000000, 495.47 sec so far
Iteration 108613: max diff=0.000000, 500.48 sec so far
Iteration 109695: max diff=0.000000, 505.48 sec so far
Iteration 110780: max diff=0.000000, 510.48 sec so far
Iteration 111878: max diff=0.000000, 515.49 sec so far
Iteration 112958: max diff=0.000000, 520.49 sec so far
Iteration 114038: max diff=0.000000, 525.50 sec so far
Iteration 115119: max diff=0.000000, 530.50 sec so far
Iteration 116200: max diff=0.000000, 535.50 sec so far
Iteration 117286: max diff=0.000000, 540.51 sec so far
Iteration 118374: max diff=0.000000, 545.51 sec so far
Iteration 119465: max diff=0.000000, 550.52 sec so far
Iteration 120562: max diff=0.000000, 555.53 sec so far
Iteration 121652: max diff=0.000000, 560.54 sec so far
Iteration 122750: max diff=0.000000, 565.54 sec so far
Iteration 123842: max diff=0.000000, 570.54 sec so far
Iteration 124941: max diff=0.000000, 575.55 sec so far
Iteration 126042: max diff=0.000000, 580.56 sec so far
Iteration 127139: max diff=0.000000, 585.56 sec so far
Iteration 128223: max diff=0.000000, 590.56 sec so far
Iteration 129279: max diff=0.000000, 595.57 sec so far
Iteration 130332: max diff=0.000000, 600.57 sec so far
Iteration 131391: max diff=0.000000, 605.58 sec so far
Iteration 132416: max diff=0.000000, 610.58 sec so far
Iteration 133393: max diff=0.000000, 615.59 sec so far
Iteration 134355: max diff=0.000000, 620.59 sec so far
Iteration 135278: max diff=0.000000, 625.60 sec so far
Iteration 136240: max diff=0.000000, 630.60 sec so far
Iteration 137194: max diff=0.000000, 635.61 sec so far
Iteration 138165: max diff=0.000000, 640.61 sec so far
Iteration 139171: max diff=0.000000, 645.62 sec so far
Iteration 140170: max diff=0.000000, 650.62 sec so far
Iteration 141239: max diff=0.000000, 655.63 sec so far
Iteration 142311: max diff=0.000000, 660.63 sec so far
Iteration 143386: max diff=0.000000, 665.64 sec so far
Iteration 144459: max diff=0.000000, 670.64 sec so far
Iteration 145545: max diff=0.000000, 675.64 sec so far
Iteration 146621: max diff=0.000000, 680.65 sec so far
Iteration 147703: max diff=0.000000, 685.65 sec so far
Iteration 148780: max diff=0.000000, 690.66 sec so far
Iteration 149857: max diff=0.000000, 695.66 sec so far
Iteration 150933: max diff=0.000000, 700.66 sec so far
Iteration 152023: max diff=0.000000, 705.67 sec so far
Iteration 153102: max diff=0.000000, 710.68 sec so far
Iteration 154180: max diff=0.000000, 715.68 sec so far
Iteration 155258: max diff=0.000000, 720.68 sec so far
Iteration 156336: max diff=0.000000, 725.70 sec so far
Iteration 157417: max diff=0.000000, 730.71 sec so far
Iteration 158498: max diff=0.000000, 735.71 sec so far
Iteration 159575: max diff=0.000000, 740.72 sec so far
Iteration 160657: max diff=0.000000, 745.72 sec so far
Iteration 161749: max diff=0.000000, 750.72 sec so far
Iteration 162831: max diff=0.000000, 755.73 sec so far
Iteration 163909: max diff=0.000000, 760.73 sec so far
Iteration 164986: max diff=0.000000, 765.74 sec so far
Iteration 166054: max diff=0.000000, 770.74 sec so far
Iteration 167143: max diff=0.000000, 775.74 sec so far
Iteration 168221: max diff=0.000000, 780.75 sec so far
Iteration 169306: max diff=0.000000, 785.76 sec so far
Iteration 170390: max diff=0.000000, 790.76 sec so far
Iteration 171475: max diff=0.000000, 795.77 sec so far
Iteration 172559: max diff=0.000000, 800.77 sec so far
Iteration 173667: max diff=0.000000, 805.78 sec so far
Iteration 174746: max diff=0.000000, 810.78 sec so far
Iteration 175826: max diff=0.000000, 815.78 sec so far
Iteration 176906: max diff=0.000000, 820.79 sec so far
Iteration 177981: max diff=0.000000, 825.79 sec so far
Iteration 179063: max diff=0.000000, 830.80 sec so far
Iteration 180141: max diff=0.000000, 835.80 sec so far
Iteration 181221: max diff=0.000000, 840.80 sec so far
Iteration 182301: max diff=0.000000, 845.81 sec so far
Iteration 183380: max diff=0.000000, 850.81 sec so far
Iteration 184465: max diff=0.000000, 855.82 sec so far
Iteration 185550: max diff=0.000000, 860.82 sec so far
Iteration 186631: max diff=0.000000, 865.82 sec so far
Iteration 187718: max diff=0.000000, 870.83 sec so far
Iteration 188801: max diff=0.000000, 875.83 sec so far
Iteration 189882: max diff=0.000000, 880.84 sec so far
Iteration 190959: max diff=0.000000, 885.84 sec so far
Iteration 192039: max diff=0.000000, 890.84 sec so far
Iteration 193116: max diff=0.000000, 895.85 sec so far
Iteration 194197: max diff=0.000000, 900.85 sec so far
Iteration 195295: max diff=0.000000, 905.86 sec so far
Iteration 196380: max diff=0.000000, 910.86 sec so far
Iteration 197464: max diff=0.000000, 915.87 sec so far
Iteration 198549: max diff=0.000000, 920.87 sec so far
Iteration 199632: max diff=0.000000, 925.88 sec so far
Iteration 200706: max diff=0.000000, 930.88 sec so far
Iteration 201789: max diff=0.000000, 935.88 sec so far
Iteration 202871: max diff=0.000000, 940.89 sec so far
Iteration 203954: max diff=0.000000, 945.89 sec so far
Iteration 205038: max diff=0.000000, 950.90 sec so far
Iteration 206123: max diff=0.000000, 955.90 sec so far
Iteration 207210: max diff=0.000000, 960.91 sec so far
Iteration 208306: max diff=0.000000, 965.91 sec so far
Iteration 209400: max diff=0.000000, 970.92 sec so far
Iteration 210493: max diff=0.000000, 975.92 sec so far
Iteration 211587: max diff=0.000000, 980.92 sec so far
Iteration 212682: max diff=0.000000, 985.93 sec so far
Iteration 213773: max diff=0.000000, 990.93 sec so far
Iteration 214850: max diff=0.000000, 995.94 sec so far
Iteration 215934: max diff=0.000000, 1000.94 sec so far
Iteration 217020: max diff=0.000000, 1005.95 sec so far
Iteration 218107: max diff=0.000000, 1010.95 sec so far
Iteration 219183: max diff=0.000000, 1015.96 sec so far
Iteration 220269: max diff=0.000000, 1020.96 sec so far
Iteration 221355: max diff=0.000000, 1025.96 sec so far
Iteration 222440: max diff=0.000000, 1030.97 sec so far
Iteration 223524: max diff=0.000000, 1035.97 sec so far
Iteration 224611: max diff=0.000000, 1040.98 sec so far
Iteration 225691: max diff=0.000000, 1045.98 sec so far
Iteration 226776: max diff=0.000000, 1050.98 sec so far
Iteration 227866: max diff=0.000000, 1055.99 sec so far
Iteration 228950: max diff=0.000000, 1060.99 sec so far
Iteration 230032: max diff=0.000000, 1066.00 sec so far
Iteration 231110: max diff=0.000000, 1071.00 sec so far
Iteration 232187: max diff=0.000000, 1076.00 sec so far
Iteration 233271: max diff=0.000000, 1081.01 sec so far
Iteration 234355: max diff=0.000000, 1086.01 sec so far
Iteration 235438: max diff=0.000000, 1091.02 sec so far
Iteration 236521: max diff=0.000000, 1096.02 sec so far
Iteration 237604: max diff=0.000000, 1101.02 sec so far
Iteration 238685: max diff=0.000000, 1106.03 sec so far
Iteration 239774: max diff=0.000000, 1111.03 sec so far
Iteration 240862: max diff=0.000000, 1116.04 sec so far
Iteration 241948: max diff=0.000000, 1121.04 sec so far
Iteration 243026: max diff=0.000000, 1126.04 sec so far
Iteration 244108: max diff=0.000000, 1131.05 sec so far
Iteration 245193: max diff=0.000000, 1136.05 sec so far
Iteration 246269: max diff=0.000000, 1141.06 sec so far
Iteration 247358: max diff=0.000000, 1146.06 sec so far
Iteration 248440: max diff=0.000000, 1151.06 sec so far
Iteration 249525: max diff=0.000000, 1156.07 sec so far
Iteration 250612: max diff=0.000000, 1161.08 sec so far
Iteration 251695: max diff=0.000000, 1166.08 sec so far
Iteration 252774: max diff=0.000000, 1171.08 sec so far
Iteration 253880: max diff=0.000000, 1176.09 sec so far
Iteration 254973: max diff=0.000000, 1181.09 sec so far
Iteration 256056: max diff=0.000000, 1186.10 sec so far
Iteration 257146: max diff=0.000000, 1191.11 sec so far
Iteration 258242: max diff=0.000000, 1196.11 sec so far
Iteration 259337: max diff=0.000000, 1201.12 sec so far
Iteration 260433: max diff=0.000000, 1206.12 sec so far
Iteration 261528: max diff=0.000000, 1211.12 sec so far
Iteration 262626: max diff=0.000000, 1216.13 sec so far
Iteration 263721: max diff=0.000000, 1221.13 sec so far
Iteration 264816: max diff=0.000000, 1226.14 sec so far
Iteration 265907: max diff=0.000000, 1231.14 sec so far
Iteration 266999: max diff=0.000000, 1236.15 sec so far
Iteration 268094: max diff=0.000000, 1241.15 sec so far
Iteration 269190: max diff=0.000000, 1246.16 sec so far
Iteration 270285: max diff=0.000000, 1251.16 sec so far
Iteration 271418: max diff=0.000000, 1256.16 sec so far
Iteration 272525: max diff=0.000000, 1261.17 sec so far
Iteration 273622: max diff=0.000000, 1266.17 sec so far
Iteration 274723: max diff=0.000000, 1271.18 sec so far
Iteration 275822: max diff=0.000000, 1276.19 sec so far
Iteration 276918: max diff=0.000000, 1281.20 sec so far
Iteration 278016: max diff=0.000000, 1286.20 sec so far
Iteration 279113: max diff=0.000000, 1291.20 sec so far
Iteration 280209: max diff=0.000000, 1296.21 sec so far
Iteration 281307: max diff=0.000000, 1301.21 sec so far
Iteration 282403: max diff=0.000000, 1306.22 sec so far
Iteration 283501: max diff=0.000000, 1311.22 sec so far
Iteration 284600: max diff=0.000000, 1316.22 sec so far
Iteration 285692: max diff=0.000000, 1321.23 sec so far
Iteration 286788: max diff=0.000000, 1326.23 sec so far
Iteration 287886: max diff=0.000000, 1331.24 sec so far
Iteration 288984: max diff=0.000000, 1336.24 sec so far
Iteration 290081: max diff=0.000000, 1341.25 sec so far
Iteration 291179: max diff=0.000000, 1346.25 sec so far
Iteration 292280: max diff=0.000000, 1351.26 sec so far
Iteration 293379: max diff=0.000000, 1356.26 sec so far
Iteration 294477: max diff=0.000000, 1361.26 sec so far
Iteration 295571: max diff=0.000000, 1366.27 sec so far
Iteration 296668: max diff=0.000000, 1371.28 sec so far
Iteration 297673: max diff=0.000000, 1376.28 sec so far
Iteration 298644: max diff=0.000000, 1381.28 sec so far
Iteration 299618: max diff=0.000000, 1386.29 sec so far
Iteration 300591: max diff=0.000000, 1391.30 sec so far
Iteration 301566: max diff=0.000000, 1396.30 sec so far
Iteration 302545: max diff=0.000000, 1401.30 sec so far
Iteration 303515: max diff=0.000000, 1406.31 sec so far
Iteration 304486: max diff=0.000000, 1411.32 sec so far
Iteration 305464: max diff=0.000000, 1416.32 sec so far
Iteration 306443: max diff=0.000000, 1421.32 sec so far
Iteration 307418: max diff=0.000000, 1426.33 sec so far
Iteration 308386: max diff=0.000000, 1431.33 sec so far
Iteration 309358: max diff=0.000000, 1436.34 sec so far
Iteration 310318: max diff=0.000000, 1441.34 sec so far
Iteration 311279: max diff=0.000000, 1446.35 sec so far
Iteration 312233: max diff=0.000000, 1451.36 sec so far
Iteration 313201: max diff=0.000000, 1456.36 sec so far
Iteration 314166: max diff=0.000000, 1461.36 sec so far
Iteration 315258: max diff=0.000000, 1466.37 sec so far
Iteration 316295: max diff=0.000000, 1471.37 sec so far
Iteration 317260: max diff=0.000000, 1476.38 sec so far
Iteration 318225: max diff=0.000000, 1481.38 sec so far
Iteration 319191: max diff=0.000000, 1486.39 sec so far
Iteration 320160: max diff=0.000000, 1491.39 sec so far
Iteration 321123: max diff=0.000000, 1496.40 sec so far
Iteration 322088: max diff=0.000000, 1501.40 sec so far
Iteration 323044: max diff=0.000000, 1506.41 sec so far
Iteration 324019: max diff=0.000000, 1511.41 sec so far
Iteration 325001: max diff=0.000000, 1516.42 sec so far
Iteration 325960: max diff=0.000000, 1521.42 sec so far
Iteration 326919: max diff=0.000000, 1526.42 sec so far
Iteration 327886: max diff=0.000000, 1531.43 sec so far
Iteration 328855: max diff=0.000000, 1536.44 sec so far
Iteration 329921: max diff=0.000000, 1541.44 sec so far
Iteration 330884: max diff=0.000000, 1546.44 sec so far
Iteration 331845: max diff=0.000000, 1551.45 sec so far
Iteration 332816: max diff=0.000000, 1556.46 sec so far
Iteration 333780: max diff=0.000000, 1561.46 sec so far
Iteration 334749: max diff=0.000000, 1566.47 sec so far
Iteration 335721: max diff=0.000000, 1571.47 sec so far
Iteration 336684: max diff=0.000000, 1576.48 sec so far
Iteration 337650: max diff=0.000000, 1581.48 sec so far
Iteration 338616: max diff=0.000000, 1586.48 sec so far
Iteration 339583: max diff=0.000000, 1591.49 sec so far
Iteration 340549: max diff=0.000000, 1596.50 sec so far
Iteration 341515: max diff=0.000000, 1601.50 sec so far
Iteration 342490: max diff=0.000000, 1606.50 sec so far
Iteration 343460: max diff=0.000000, 1611.51 sec so far
Iteration 344433: max diff=0.000000, 1616.51 sec so far
Iteration 345469: max diff=0.000000, 1621.52 sec so far
Iteration 346436: max diff=0.000000, 1626.52 sec so far
Iteration 347404: max diff=0.000000, 1631.53 sec so far
Iteration 348430: max diff=0.000000, 1636.54 sec so far
Iteration 349386: max diff=0.000000, 1641.54 sec so far
Iteration 350337: max diff=0.000000, 1646.55 sec so far
Iteration 351284: max diff=0.000000, 1651.55 sec so far
Iteration 352236: max diff=0.000000, 1656.56 sec so far
Iteration 353226: max diff=0.000000, 1661.56 sec so far
Iteration 354190: max diff=0.000000, 1666.57 sec so far
Iteration 355156: max diff=0.000000, 1671.57 sec so far
Iteration 356124: max diff=0.000000, 1676.58 sec so far
Iteration 357086: max diff=0.000000, 1681.58 sec so far
Iteration 358046: max diff=0.000000, 1686.58 sec so far
Iteration 359007: max diff=0.000000, 1691.59 sec so far
Iteration 360010: max diff=0.000000, 1696.60 sec so far
Iteration 361006: max diff=0.000000, 1701.60 sec so far
Iteration 361963: max diff=0.000000, 1706.60 sec so far
Iteration 362977: max diff=0.000000, 1711.61 sec so far
Iteration 363971: max diff=0.000000, 1716.61 sec so far
Iteration 364928: max diff=0.000000, 1721.62 sec so far
Iteration 365896: max diff=0.000000, 1726.62 sec so far
Iteration 366862: max diff=0.000000, 1731.62 sec so far
Iteration 367845: max diff=0.000000, 1736.63 sec so far
Iteration 368822: max diff=0.000000, 1741.63 sec so far
Iteration 369790: max diff=0.000000, 1746.64 sec so far
Iteration 370758: max diff=0.000000, 1751.64 sec so far
Iteration 371746: max diff=0.000000, 1756.65 sec so far
Iteration 372627: max diff=0.000000, 1761.66 sec so far
Iteration 373513: max diff=0.000000, 1766.66 sec so far
Iteration 374435: max diff=0.000000, 1771.66 sec so far
Iteration 375392: max diff=0.000000, 1776.68 sec so far
Iteration 376230: max diff=0.000000, 1781.68 sec so far
Iteration 377020: max diff=0.000000, 1786.69 sec so far
Iteration 377876: max diff=0.000000, 1791.69 sec so far
Iteration 378727: max diff=0.000000, 1796.70 sec so far
Iteration 379577: max diff=0.000000, 1801.70 sec so far
Iteration 380444: max diff=0.000000, 1806.71 sec so far
Iteration 381311: max diff=0.000000, 1811.72 sec so far
Iteration 382116: max diff=0.000000, 1816.72 sec so far
Iteration 383164: max diff=0.000000, 1821.73 sec so far
Iteration 384120: max diff=0.000000, 1826.73 sec so far
Iteration 385033: max diff=0.000000, 1831.74 sec so far
Iteration 385913: max diff=0.000000, 1836.75 sec so far
Iteration 386741: max diff=0.000000, 1841.75 sec so far
Iteration 387615: max diff=0.000000, 1846.76 sec so far
Iteration 388522: max diff=0.000000, 1851.76 sec so far
Iteration 389433: max diff=0.000000, 1856.77 sec so far
Iteration 390353: max diff=0.000000, 1861.78 sec so far
Iteration 391289: max diff=0.000000, 1866.78 sec so far
Iteration 392092: max diff=0.000000, 1871.79 sec so far
Iteration 392952: max diff=0.000000, 1876.80 sec so far
Iteration 393890: max diff=0.000000, 1881.80 sec so far
Iteration 394754: max diff=0.000000, 1886.80 sec so far
Iteration 395568: max diff=0.000000, 1891.81 sec so far
Iteration 396548: max diff=0.000000, 1896.82 sec so far
Iteration 397409: max diff=0.000000, 1901.82 sec so far
Iteration 398322: max diff=0.000000, 1906.83 sec so far
Iteration 399198: max diff=0.000000, 1911.83 sec so far
Iteration 400042: max diff=0.000000, 1916.84 sec so far
Iteration 400881: max diff=0.000000, 1921.84 sec so far
Iteration 401831: max diff=0.000000, 1926.85 sec so far
Iteration 402727: max diff=0.000000, 1931.85 sec so far
Iteration 403646: max diff=0.000000, 1936.86 sec so far
Iteration 404553: max diff=0.000000, 1941.86 sec so far
Iteration 405470: max diff=0.000000, 1946.87 sec so far
Iteration 406420: max diff=0.000000, 1951.87 sec so far
Iteration 407419: max diff=0.000000, 1956.88 sec so far
Iteration 408380: max diff=0.000000, 1961.88 sec so far
Iteration 409340: max diff=0.000000, 1966.89 sec so far
Iteration 410306: max diff=0.000000, 1971.89 sec so far
Iteration 411285: max diff=0.000000, 1976.90 sec so far
Iteration 412242: max diff=0.000000, 1981.90 sec so far
Iteration 413215: max diff=0.000000, 1986.91 sec so far
Iteration 414178: max diff=0.000000, 1991.92 sec so far
Iteration 415168: max diff=0.000000, 1996.92 sec so far
Iteration 416104: max diff=0.000000, 2001.93 sec so far
Iteration 417079: max diff=0.000000, 2006.93 sec so far
Iteration 418041: max diff=0.000000, 2011.94 sec so far
Iteration 418990: max diff=0.000000, 2016.94 sec so far
Iteration 419920: max diff=0.000000, 2021.95 sec so far
Iteration 420888: max diff=0.000000, 2026.96 sec so far
Iteration 421835: max diff=0.000000, 2031.96 sec so far
Iteration 422825: max diff=0.000000, 2036.96 sec so far
Iteration 423789: max diff=0.000000, 2041.97 sec so far
Iteration 424779: max diff=0.000000, 2046.97 sec so far
Iteration 425749: max diff=0.000000, 2051.98 sec so far
Iteration 426715: max diff=0.000000, 2056.98 sec so far
Iteration 427688: max diff=0.000000, 2061.98 sec so far
Iteration 428591: max diff=0.000000, 2066.99 sec so far
Iteration 429556: max diff=0.000000, 2072.00 sec so far
Iteration 430455: max diff=0.000000, 2077.01 sec so far
Iteration 431349: max diff=0.000000, 2082.02 sec so far
Iteration 432255: max diff=0.000000, 2087.02 sec so far
Iteration 433150: max diff=0.000000, 2092.03 sec so far
Iteration 434063: max diff=0.000000, 2097.04 sec so far
Iteration 434956: max diff=0.000000, 2102.05 sec so far
Iteration 435839: max diff=0.000000, 2107.05 sec so far
Iteration 436711: max diff=0.000000, 2112.06 sec so far
Iteration 437712: max diff=0.000000, 2117.06 sec so far
Iteration 438630: max diff=0.000000, 2122.07 sec so far
Iteration 439488: max diff=0.000000, 2127.07 sec so far
Iteration 440311: max diff=0.000000, 2132.08 sec so far
Iteration 441201: max diff=0.000000, 2137.08 sec so far
Iteration 442080: max diff=0.000000, 2142.08 sec so far
Iteration 443013: max diff=0.000000, 2147.09 sec so far
Iteration 443956: max diff=0.000000, 2152.10 sec so far
Iteration 444827: max diff=0.000000, 2157.10 sec so far
Iteration 445710: max diff=0.000000, 2162.11 sec so far
Iteration 446648: max diff=0.000000, 2167.12 sec so far
Iteration 447626: max diff=0.000000, 2172.12 sec so far
Iteration 448560: max diff=0.000000, 2177.12 sec so far
Iteration 449474: max diff=0.000000, 2182.13 sec so far
Iteration 450382: max diff=0.000000, 2187.13 sec so far
Iteration 451284: max diff=0.000000, 2192.14 sec so far
Iteration 452188: max diff=0.000000, 2197.14 sec so far
Iteration 453104: max diff=0.000000, 2202.14 sec so far
Iteration 454041: max diff=0.000000, 2207.15 sec so far
Iteration 455034: max diff=0.000000, 2212.16 sec so far
Iteration 456030: max diff=0.000000, 2217.16 sec so far
Iteration 456954: max diff=0.000000, 2222.16 sec so far
Iteration 457858: max diff=0.000000, 2227.17 sec so far
Iteration 458785: max diff=0.000000, 2232.17 sec so far
Iteration 459721: max diff=0.000000, 2237.18 sec so far
Iteration 460631: max diff=0.000000, 2242.18 sec so far
Iteration 461547: max diff=0.000000, 2247.18 sec so far
Iteration 462461: max diff=0.000000, 2252.19 sec so far
Iteration 463447: max diff=0.000000, 2257.20 sec so far
Iteration 464405: max diff=0.000000, 2262.20 sec so far
Iteration 465327: max diff=0.000000, 2267.20 sec so far
Iteration 466271: max diff=0.000000, 2272.21 sec so far
Iteration 467217: max diff=0.000000, 2277.21 sec so far
Iteration 468307: max diff=0.000000, 2282.22 sec so far
Iteration 469244: max diff=0.000000, 2287.22 sec so far
Iteration 470185: max diff=0.000000, 2292.23 sec so far
Iteration 471112: max diff=0.000000, 2297.24 sec so far
Iteration 472068: max diff=0.000000, 2302.24 sec so far
Iteration 472990: max diff=0.000000, 2307.24 sec so far
Iteration 473995: max diff=0.000000, 2312.25 sec so far
Iteration 475009: max diff=0.000000, 2317.25 sec so far
Iteration 475959: max diff=0.000000, 2322.26 sec so far
Iteration 476910: max diff=0.000000, 2327.26 sec so far
Iteration 477914: max diff=0.000000, 2332.27 sec so far
Iteration 478874: max diff=0.000000, 2337.28 sec so far
Iteration 479823: max diff=0.000000, 2342.28 sec so far
Iteration 480719: max diff=0.000000, 2347.28 sec so far
Iteration 481655: max diff=0.000000, 2352.29 sec so far
Iteration 482582: max diff=0.000000, 2357.30 sec so far
Iteration 483528: max diff=0.000000, 2362.30 sec so far
Iteration 484440: max diff=0.000000, 2367.30 sec so far
Iteration 485346: max diff=0.000000, 2372.31 sec so far
Iteration 486297: max diff=0.000000, 2377.31 sec so far
Iteration 487226: max diff=0.000000, 2382.32 sec so far
Iteration 488119: max diff=0.000000, 2387.32 sec so far
Iteration 489068: max diff=0.000000, 2392.33 sec so far
Iteration 490032: max diff=0.000000, 2397.34 sec so far
Iteration 490967: max diff=0.000000, 2402.34 sec so far
Iteration 491897: max diff=0.000000, 2407.34 sec so far
Iteration 492865: max diff=0.000000, 2412.35 sec so far
Iteration 493797: max diff=0.000000, 2417.35 sec so far
Iteration 494765: max diff=0.000000, 2422.36 sec so far
Iteration 495704: max diff=0.000000, 2427.37 sec so far
Iteration 496655: max diff=0.000000, 2432.37 sec so far
Iteration 497592: max diff=0.000000, 2437.38 sec so far
Iteration 498488: max diff=0.000000, 2442.38 sec so far
Iteration 499388: max diff=0.000000, 2447.38 sec so far
Iteration 500316: max diff=0.000000, 2452.39 sec so far
Iteration 501239: max diff=0.000000, 2457.40 sec so far
Iteration 502175: max diff=0.000000, 2462.40 sec so far
Iteration 503099: max diff=0.000000, 2467.40 sec so far
Iteration 504025: max diff=0.000000, 2472.41 sec so far
Iteration 505022: max diff=0.000000, 2477.41 sec so far
Iteration 505957: max diff=0.000000, 2482.42 sec so far
Iteration 506940: max diff=0.000000, 2487.42 sec so far
Iteration 507870: max diff=0.000000, 2492.42 sec so far
Iteration 508808: max diff=0.000000, 2497.43 sec so far
Iteration 509742: max diff=0.000000, 2502.44 sec so far
Iteration 510684: max diff=0.000000, 2507.45 sec so far
Iteration 511630: max diff=0.000000, 2512.45 sec so far
Iteration 512550: max diff=0.000000, 2517.46 sec so far
Iteration 513462: max diff=0.000000, 2522.47 sec so far
Iteration 514362: max diff=0.000000, 2527.48 sec so far
Iteration 515359: max diff=0.000000, 2532.48 sec so far
Iteration 516387: max diff=0.000000, 2537.48 sec so far
Iteration 517375: max diff=0.000000, 2542.49 sec so far
Iteration 518316: max diff=0.000000, 2547.49 sec so far
Iteration 519321: max diff=0.000000, 2552.50 sec so far
Iteration 520364: max diff=0.000000, 2557.50 sec so far
Iteration 521411: max diff=0.000000, 2562.50 sec so far
Iteration 522428: max diff=0.000000, 2567.51 sec so far
Iteration 523464: max diff=0.000000, 2572.51 sec so far
Iteration 524505: max diff=0.000000, 2577.52 sec so far
Iteration 525531: max diff=0.000000, 2582.52 sec so far
Iteration 526600: max diff=0.000000, 2587.52 sec so far
Iteration 527653: max diff=0.000000, 2592.53 sec so far
Iteration 528719: max diff=0.000000, 2597.53 sec so far
Iteration 529786: max diff=0.000000, 2602.54 sec so far
Iteration 530848: max diff=0.000000, 2607.54 sec so far
Iteration 531918: max diff=0.000000, 2612.55 sec so far
Iteration 532978: max diff=0.000000, 2617.55 sec so far
Iteration 534113: max diff=0.000000, 2622.56 sec so far
Iteration 535157: max diff=0.000000, 2627.56 sec so far
Iteration 536190: max diff=0.000000, 2632.56 sec so far
Iteration 537259: max diff=0.000000, 2637.57 sec so far
Iteration 538324: max diff=0.000000, 2642.57 sec so far
Iteration 539381: max diff=0.000000, 2647.58 sec so far
Iteration 540425: max diff=0.000000, 2652.58 sec so far
Iteration 541487: max diff=0.000000, 2657.59 sec so far
Iteration 542637: max diff=0.000000, 2662.59 sec so far
Iteration 543696: max diff=0.000000, 2667.60 sec so far
Iteration 544763: max diff=0.000000, 2672.60 sec so far
Iteration 545817: max diff=0.000000, 2677.60 sec so far
Iteration 546877: max diff=0.000000, 2682.61 sec so far
Iteration 547828: max diff=0.000000, 2687.61 sec so far
Iteration 548875: max diff=0.000000, 2692.62 sec so far
Iteration 549954: max diff=0.000000, 2697.62 sec so far
Iteration 551026: max diff=0.000000, 2702.62 sec so far
Iteration 552092: max diff=0.000000, 2707.63 sec so far
Iteration 553147: max diff=0.000000, 2712.63 sec so far
Iteration 554193: max diff=0.000000, 2717.64 sec so far
Iteration 555237: max diff=0.000000, 2722.64 sec so far
Iteration 556288: max diff=0.000000, 2727.64 sec so far
Iteration 557344: max diff=0.000000, 2732.65 sec so far
Iteration 558407: max diff=0.000000, 2737.65 sec so far
Iteration 559471: max diff=0.000000, 2742.66 sec so far
Iteration 560509: max diff=0.000000, 2747.66 sec so far
Iteration 561548: max diff=0.000000, 2752.66 sec so far
Iteration 562602: max diff=0.000000, 2757.67 sec so far
Iteration 563612: max diff=0.000000, 2762.67 sec so far
Iteration 564641: max diff=0.000000, 2767.68 sec so far
Iteration 565671: max diff=0.000000, 2772.68 sec so far
Iteration 566704: max diff=0.000000, 2777.69 sec so far
Iteration 567747: max diff=0.000000, 2782.69 sec so far
Iteration 568792: max diff=0.000000, 2787.70 sec so far
Iteration 569821: max diff=0.000000, 2792.70 sec so far
Iteration 570860: max diff=0.000000, 2797.70 sec so far
Iteration 571892: max diff=0.000000, 2802.71 sec so far
Iteration 572930: max diff=0.000000, 2807.72 sec so far
Iteration 573962: max diff=0.000000, 2812.72 sec so far
Iteration 574990: max diff=0.000000, 2817.73 sec so far
Iteration 576036: max diff=0.000000, 2822.73 sec so far
Iteration 577056: max diff=0.000000, 2827.74 sec so far
Iteration 578097: max diff=0.000000, 2832.74 sec so far
Iteration 579138: max diff=0.000000, 2837.74 sec so far
Iteration 580187: max diff=0.000000, 2842.75 sec so far
Iteration 581233: max diff=0.000000, 2847.76 sec so far
Iteration 582282: max diff=0.000000, 2852.76 sec so far
Iteration 583323: max diff=0.000000, 2857.77 sec so far
Iteration 584376: max diff=0.000000, 2862.77 sec so far
Iteration 585427: max diff=0.000000, 2867.78 sec so far
Iteration 586471: max diff=0.000000, 2872.78 sec so far
Iteration 587534: max diff=0.000000, 2877.78 sec so far
Iteration 588582: max diff=0.000000, 2882.79 sec so far
Iteration 589642: max diff=0.000000, 2887.79 sec so far
Iteration 590697: max diff=0.000000, 2892.80 sec so far
Iteration 591754: max diff=0.000000, 2897.81 sec so far
Iteration 592829: max diff=0.000000, 2902.81 sec so far
Iteration 593903: max diff=0.000000, 2907.82 sec so far
Iteration 594968: max diff=0.000000, 2912.82 sec so far
Iteration 596025: max diff=0.000000, 2917.82 sec so far
Iteration 597095: max diff=0.000000, 2922.83 sec so far
Iteration 598149: max diff=0.000000, 2927.83 sec so far
Iteration 599213: max diff=0.000000, 2932.84 sec so far
Iteration 600296: max diff=0.000000, 2937.84 sec so far
Iteration 601369: max diff=0.000000, 2942.85 sec so far
Iteration 602451: max diff=0.000000, 2947.86 sec so far
Iteration 603532: max diff=0.000000, 2952.86 sec so far
Iteration 604610: max diff=0.000000, 2957.87 sec so far
Iteration 605687: max diff=0.000000, 2962.87 sec so far
Iteration 606760: max diff=0.000000, 2967.88 sec so far
Iteration 607834: max diff=0.000000, 2972.88 sec so far
Iteration 608923: max diff=0.000000, 2977.89 sec so far
Iteration 610003: max diff=0.000000, 2982.89 sec so far
Iteration 611081: max diff=0.000000, 2987.90 sec so far
Iteration 612160: max diff=0.000000, 2992.90 sec so far
Iteration 613236: max diff=0.000000, 2997.90 sec so far
Iteration 614311: max diff=0.000000, 3002.91 sec so far
Iteration 615388: max diff=0.000000, 3007.91 sec so far
Iteration 616465: max diff=0.000000, 3012.92 sec so far
Iteration 617551: max diff=0.000000, 3017.92 sec so far
Iteration 618629: max diff=0.000000, 3022.93 sec so far
Iteration 619704: max diff=0.000000, 3027.93 sec so far
Iteration 620782: max diff=0.000000, 3032.94 sec so far
Iteration 621860: max diff=0.000000, 3037.94 sec so far
Iteration 622937: max diff=0.000000, 3042.94 sec so far
Iteration 624018: max diff=0.000000, 3047.95 sec so far
Iteration 625102: max diff=0.000000, 3052.96 sec so far
Iteration 626168: max diff=0.000000, 3057.96 sec so far
Iteration 627248: max diff=0.000000, 3062.97 sec so far
Iteration 628337: max diff=0.000000, 3067.97 sec so far
Iteration 629420: max diff=0.000000, 3072.98 sec so far
Iteration 630502: max diff=0.000000, 3077.98 sec so far
Iteration 631583: max diff=0.000000, 3082.99 sec so far
Iteration 632670: max diff=0.000000, 3088.00 sec so far
Iteration 633740: max diff=0.000000, 3093.00 sec so far
Iteration 634818: max diff=0.000000, 3098.01 sec so far
Iteration 635892: max diff=0.000000, 3103.01 sec so far
Iteration 636963: max diff=0.000000, 3108.02 sec so far
Iteration 637929: max diff=0.000000, 3113.02 sec so far
Iteration 638966: max diff=0.000000, 3118.02 sec so far
Iteration 640045: max diff=0.000000, 3123.03 sec so far
Iteration 641126: max diff=0.000000, 3128.04 sec so far
Iteration 642207: max diff=0.000000, 3133.04 sec so far
Iteration 643276: max diff=0.000000, 3138.04 sec so far
Iteration 644212: max diff=0.000000, 3143.05 sec so far
Iteration 644853: max diff=0.000000, 3148.06 sec so far
Iteration 645595: max diff=0.000000, 3153.06 sec so far
Iteration 646368: max diff=0.000000, 3158.07 sec so far
Iteration 647133: max diff=0.000000, 3163.08 sec so far
Iteration 647897: max diff=0.000000, 3168.09 sec so far
Iteration 648624: max diff=0.000000, 3173.09 sec so far
Iteration 649391: max diff=0.000000, 3178.10 sec so far
Iteration 650180: max diff=0.000000, 3183.10 sec so far
Iteration 650928: max diff=0.000000, 3188.11 sec so far
Iteration 651693: max diff=0.000000, 3193.12 sec so far
Iteration 652442: max diff=0.000000, 3198.12 sec so far
Iteration 653380: max diff=0.000000, 3203.13 sec so far
Iteration 654381: max diff=0.000000, 3208.13 sec so far
Iteration 655430: max diff=0.000000, 3213.14 sec so far
Iteration 656333: max diff=0.000000, 3218.14 sec so far
Iteration 657390: max diff=0.000000, 3223.15 sec so far
Iteration 658390: max diff=0.000000, 3228.16 sec so far
Iteration 659438: max diff=0.000000, 3233.16 sec so far
Iteration 660355: max diff=0.000000, 3238.18 sec so far
Iteration 660995: max diff=0.000000, 3243.18 sec so far
Iteration 661653: max diff=0.000000, 3248.18 sec so far
Iteration 662318: max diff=0.000000, 3253.19 sec so far
Iteration 663102: max diff=0.000000, 3258.20 sec so far
Iteration 663954: max diff=0.000000, 3263.20 sec so far
Iteration 664789: max diff=0.000000, 3268.21 sec so far
Iteration 665712: max diff=0.000000, 3273.21 sec so far
Iteration 666536: max diff=0.000000, 3278.22 sec so far
Iteration 667333: max diff=0.000000, 3283.23 sec so far
Iteration 668200: max diff=0.000000, 3288.23 sec so far
Iteration 669061: max diff=0.000000, 3293.24 sec so far
Iteration 669939: max diff=0.000000, 3298.24 sec so far
Iteration 670812: max diff=0.000000, 3303.25 sec so far
Iteration 671608: max diff=0.000000, 3308.26 sec so far
Iteration 672367: max diff=0.000000, 3313.26 sec so far
Iteration 673137: max diff=0.000000, 3318.27 sec so far
Iteration 673922: max diff=0.000000, 3323.27 sec so far
Iteration 674705: max diff=0.000000, 3328.28 sec so far
Iteration 675472: max diff=0.000000, 3333.28 sec so far
Iteration 676230: max diff=0.000000, 3338.29 sec so far
Iteration 677188: max diff=0.000000, 3343.29 sec so far
Iteration 677943: max diff=0.000000, 3348.30 sec so far
Iteration 678638: max diff=0.000000, 3353.31 sec so far
Iteration 679374: max diff=0.000000, 3358.32 sec so far
Iteration 680092: max diff=0.000000, 3363.32 sec so far
Iteration 680806: max diff=0.000000, 3368.33 sec so far
Iteration 681547: max diff=0.000000, 3373.33 sec so far
Iteration 682458: max diff=0.000000, 3378.34 sec so far
Iteration 683150: max diff=0.000000, 3383.34 sec so far
Iteration 683881: max diff=0.000000, 3388.35 sec so far
Iteration 684701: max diff=0.000000, 3393.36 sec so far
Iteration 685443: max diff=0.000000, 3398.36 sec so far
Iteration 686212: max diff=0.000000, 3403.37 sec so far
Iteration 687011: max diff=0.000000, 3408.37 sec so far
Iteration 687873: max diff=0.000000, 3413.38 sec so far
Iteration 688623: max diff=0.000000, 3418.38 sec so far
Iteration 689418: max diff=0.000000, 3423.39 sec so far
Iteration 690172: max diff=0.000000, 3428.40 sec so far
Iteration 690884: max diff=0.000000, 3433.40 sec so far
Iteration 691562: max diff=0.000000, 3438.40 sec so far
Iteration 692319: max diff=0.000000, 3443.41 sec so far
Iteration 692950: max diff=0.000000, 3448.42 sec so far
Iteration 693711: max diff=0.000000, 3453.42 sec so far
Iteration 694460: max diff=0.000000, 3458.42 sec so far
Iteration 695223: max diff=0.000000, 3463.43 sec so far
Iteration 695970: max diff=0.000000, 3468.44 sec so far
Iteration 696708: max diff=0.000000, 3473.44 sec so far
Iteration 697546: max diff=0.000000, 3478.45 sec so far
Iteration 698465: max diff=0.000000, 3483.45 sec so far
Iteration 699233: max diff=0.000000, 3488.46 sec so far
Iteration 699993: max diff=0.000000, 3493.46 sec so far
Iteration 700841: max diff=0.000000, 3498.46 sec so far
Iteration 701564: max diff=0.000000, 3503.47 sec so far
Iteration 702326: max diff=0.000000, 3508.48 sec so far
Iteration 703126: max diff=0.000000, 3513.48 sec so far
Iteration 703878: max diff=0.000000, 3518.49 sec so far
Iteration 704602: max diff=0.000000, 3523.50 sec so far
Iteration 705398: max diff=0.000000, 3528.51 sec so far
Iteration 706286: max diff=0.000000, 3533.51 sec so far
Iteration 707140: max diff=0.000000, 3538.52 sec so far
Iteration 707960: max diff=0.000000, 3543.52 sec so far
Iteration 708845: max diff=0.000000, 3548.53 sec so far
Iteration 709603: max diff=0.000000, 3553.53 sec so far
Iteration 710356: max diff=0.000000, 3558.54 sec so far
Iteration 711199: max diff=0.000000, 3563.54 sec so far
Iteration 711965: max diff=0.000000, 3568.55 sec so far
Iteration 712724: max diff=0.000000, 3573.56 sec so far
Iteration 713509: max diff=0.000000, 3578.56 sec so far
Iteration 714310: max diff=0.000000, 3583.57 sec so far
Iteration 715060: max diff=0.000000, 3588.58 sec so far
Iteration 715812: max diff=0.000000, 3593.58 sec so far
Iteration 716574: max diff=0.000000, 3598.59 sec so far
Iteration 717329: max diff=0.000000, 3603.59 sec so far
Iteration 718072: max diff=0.000000, 3608.60 sec so far
Iteration 718828: max diff=0.000000, 3613.60 sec so far
Iteration 719608: max diff=0.000000, 3618.61 sec so far
Iteration 720386: max diff=0.000000, 3623.61 sec so far
Iteration 721151: max diff=0.000000, 3628.62 sec so far
Iteration 721843: max diff=0.000000, 3633.62 sec so far
Iteration 722438: max diff=0.000000, 3638.63 sec so far
Iteration 723147: max diff=0.000000, 3643.64 sec so far
Iteration 723856: max diff=0.000000, 3648.65 sec so far
Iteration 724565: max diff=0.000000, 3653.66 sec so far
Iteration 725308: max diff=0.000000, 3658.66 sec so far
Iteration 726027: max diff=0.000000, 3663.67 sec so far
Iteration 726748: max diff=0.000000, 3668.67 sec so far
Iteration 727484: max diff=0.000000, 3673.68 sec so far
Iteration 728205: max diff=0.000000, 3678.69 sec so far
Iteration 728894: max diff=0.000000, 3683.70 sec so far
Iteration 729611: max diff=0.000000, 3688.70 sec so far
Iteration 730339: max diff=0.000000, 3693.70 sec so far
Iteration 731043: max diff=0.000000, 3698.71 sec so far
Iteration 731762: max diff=0.000000, 3703.72 sec so far
Iteration 732487: max diff=0.000000, 3708.72 sec so far
Iteration 733182: max diff=0.000000, 3713.73 sec so far
Iteration 733896: max diff=0.000000, 3718.74 sec so far
Iteration 734626: max diff=0.000000, 3723.75 sec so far
Iteration 735583: max diff=0.000000, 3728.75 sec so far
Iteration 736455: max diff=0.000000, 3733.76 sec so far
Iteration 737348: max diff=0.000000, 3738.76 sec so far
Iteration 738278: max diff=0.000000, 3743.77 sec so far
Iteration 739174: max diff=0.000000, 3748.77 sec so far
Iteration 740073: max diff=0.000000, 3753.78 sec so far
Iteration 740963: max diff=0.000000, 3758.78 sec so far
Iteration 741870: max diff=0.000000, 3763.78 sec so far
Iteration 742793: max diff=0.000000, 3768.79 sec so far
Iteration 743724: max diff=0.000000, 3773.79 sec so far
Iteration 744667: max diff=0.000000, 3778.80 sec so far
Iteration 745596: max diff=0.000000, 3783.80 sec so far
Iteration 746512: max diff=0.000000, 3788.81 sec so far
Iteration 747431: max diff=0.000000, 3793.81 sec so far
Iteration 748375: max diff=0.000000, 3798.82 sec so far
Iteration 749289: max diff=0.000000, 3803.82 sec so far
Iteration 750212: max diff=0.000000, 3808.82 sec so far
Iteration 751148: max diff=0.000000, 3813.83 sec so far
Iteration 752092: max diff=0.000000, 3818.83 sec so far
Iteration 753039: max diff=0.000000, 3823.84 sec so far
Iteration 753965: max diff=0.000000, 3828.84 sec so far
Iteration 754884: max diff=0.000000, 3833.84 sec so far
Iteration 755799: max diff=0.000000, 3838.85 sec so far
Iteration 756732: max diff=0.000000, 3843.86 sec so far
Iteration 757673: max diff=0.000000, 3848.86 sec so far
Iteration 758635: max diff=0.000000, 3853.87 sec so far
Iteration 759588: max diff=0.000000, 3858.88 sec so far
Iteration 760519: max diff=0.000000, 3863.88 sec so far
Iteration 761432: max diff=0.000000, 3868.89 sec so far
Iteration 762333: max diff=0.000000, 3873.89 sec so far
Iteration 763254: max diff=0.000000, 3878.90 sec so far
Iteration 764177: max diff=0.000000, 3883.90 sec so far
Iteration 765065: max diff=0.000000, 3888.90 sec so far
Iteration 765986: max diff=0.000000, 3893.91 sec so far
Iteration 766912: max diff=0.000000, 3898.92 sec so far
Iteration 767859: max diff=0.000000, 3903.92 sec so far
Iteration 768782: max diff=0.000000, 3908.93 sec so far
Iteration 769712: max diff=0.000000, 3913.93 sec so far
Iteration 770661: max diff=0.000000, 3918.94 sec so far
Iteration 771620: max diff=0.000000, 3923.94 sec so far
Iteration 772566: max diff=0.000000, 3928.95 sec so far
Iteration 773492: max diff=0.000000, 3933.96 sec so far
Iteration 774399: max diff=0.000000, 3938.96 sec so far
Iteration 775323: max diff=0.000000, 3943.96 sec so far
Iteration 776235: max diff=0.000000, 3948.97 sec so far
Iteration 777157: max diff=0.000000, 3953.97 sec so far
Iteration 778093: max diff=0.000000, 3958.98 sec so far
Iteration 779038: max diff=0.000000, 3963.98 sec so far
Iteration 779973: max diff=0.000000, 3968.98 sec so far
Iteration 780860: max diff=0.000000, 3973.99 sec so far
Iteration 781797: max diff=0.000000, 3978.99 sec so far
Iteration 782714: max diff=0.000000, 3984.00 sec so far
Iteration 783665: max diff=0.000000, 3989.01 sec so far
Iteration 784522: max diff=0.000000, 3994.02 sec so far
Iteration 785369: max diff=0.000000, 3999.02 sec so far
Iteration 786195: max diff=0.000000, 4004.02 sec so far
Iteration 787060: max diff=0.000000, 4009.03 sec so far
Iteration 787957: max diff=0.000000, 4014.03 sec so far
Iteration 788839: max diff=0.000000, 4019.04 sec so far
Iteration 789733: max diff=0.000000, 4024.04 sec so far
Iteration 790638: max diff=0.000000, 4029.05 sec so far
Iteration 791546: max diff=0.000000, 4034.06 sec so far
Iteration 792388: max diff=0.000000, 4039.06 sec so far
Iteration 793260: max diff=0.000000, 4044.07 sec so far
Iteration 794171: max diff=0.000000, 4049.07 sec so far
Iteration 795086: max diff=0.000000, 4054.08 sec so far
Iteration 795995: max diff=0.000000, 4059.08 sec so far
Iteration 796909: max diff=0.000000, 4064.09 sec so far
Iteration 797836: max diff=0.000000, 4069.09 sec so far
Iteration 798735: max diff=0.000000, 4074.10 sec so far
Iteration 799629: max diff=0.000000, 4079.10 sec so far
Iteration 800552: max diff=0.000000, 4084.10 sec so far
Iteration 801470: max diff=0.000000, 4089.11 sec so far
Iteration 802395: max diff=0.000000, 4094.12 sec so far
Iteration 803359: max diff=0.000000, 4099.13 sec so far
Iteration 804324: max diff=0.000000, 4104.13 sec so far
Iteration 805296: max diff=0.000000, 4109.14 sec so far
Iteration 806294: max diff=0.000000, 4114.14 sec so far
Iteration 807258: max diff=0.000000, 4119.15 sec so far
Iteration 808254: max diff=0.000000, 4124.15 sec so far
Iteration 809224: max diff=0.000000, 4129.16 sec so far
Iteration 810145: max diff=0.000000, 4134.16 sec so far
Iteration 811123: max diff=0.000000, 4139.16 sec so far
Iteration 812147: max diff=0.000000, 4144.17 sec so far
Iteration 813186: max diff=0.000000, 4149.17 sec so far
Iteration 814180: max diff=0.000000, 4154.18 sec so far
Iteration 815087: max diff=0.000000, 4159.18 sec so far
Iteration 816016: max diff=0.000000, 4164.19 sec so far
Iteration 817011: max diff=0.000000, 4169.20 sec so far
Iteration 817899: max diff=0.000000, 4174.20 sec so far
Iteration 818787: max diff=0.000000, 4179.21 sec so far
Iteration 819706: max diff=0.000000, 4184.21 sec so far
Iteration 820603: max diff=0.000000, 4189.22 sec so far
Iteration 821509: max diff=0.000000, 4194.22 sec so far
Iteration 822396: max diff=0.000000, 4199.22 sec so far
Iteration 823276: max diff=0.000000, 4204.23 sec so far
Iteration 824174: max diff=0.000000, 4209.24 sec so far
Iteration 825029: max diff=0.000000, 4214.24 sec so far
Iteration 825942: max diff=0.000000, 4219.24 sec so far
Iteration 826850: max diff=0.000000, 4224.25 sec so far
Iteration 827680: max diff=0.000000, 4229.25 sec so far
Iteration 828441: max diff=0.000000, 4234.26 sec so far
Iteration 829234: max diff=0.000000, 4239.26 sec so far
Iteration 830098: max diff=0.000000, 4244.27 sec so far
Iteration 830861: max diff=0.000000, 4249.28 sec so far
Iteration 831732: max diff=0.000000, 4254.28 sec so far
Iteration 832594: max diff=0.000000, 4259.29 sec so far
Iteration 833469: max diff=0.000000, 4264.30 sec so far
Iteration 834359: max diff=0.000000, 4269.30 sec so far
Iteration 835237: max diff=0.000000, 4274.31 sec so far
Iteration 836118: max diff=0.000000, 4279.32 sec so far
Iteration 837050: max diff=0.000000, 4284.32 sec so far
Iteration 837991: max diff=0.000000, 4289.33 sec so far
Iteration 838928: max diff=0.000000, 4294.34 sec so far
Iteration 839839: max diff=0.000000, 4299.34 sec so far
Iteration 840660: max diff=0.000000, 4304.35 sec so far
Iteration 841443: max diff=0.000000, 4309.36 sec so far
Iteration 842220: max diff=0.000000, 4314.36 sec so far
Iteration 843231: max diff=0.000000, 4319.37 sec so far
Iteration 844121: max diff=0.000000, 4324.37 sec so far
Iteration 845005: max diff=0.000000, 4329.38 sec so far
Iteration 845898: max diff=0.000000, 4334.38 sec so far
Iteration 846786: max diff=0.000000, 4339.39 sec so far
Iteration 847656: max diff=0.000000, 4344.39 sec so far
Iteration 848564: max diff=0.000000, 4349.40 sec so far
Iteration 849434: max diff=0.000000, 4354.40 sec so far
Iteration 850295: max diff=0.000000, 4359.41 sec so far
Iteration 851181: max diff=0.000000, 4364.42 sec so far
Iteration 852155: max diff=0.000000, 4369.42 sec so far
Iteration 853047: max diff=0.000000, 4374.43 sec so far
Iteration 853938: max diff=0.000000, 4379.43 sec so far
Iteration 854817: max diff=0.000000, 4384.44 sec so far
Iteration 855664: max diff=0.000000, 4389.44 sec so far
Iteration 856498: max diff=0.000000, 4394.45 sec so far
Iteration 857373: max diff=0.000000, 4399.45 sec so far
Iteration 858248: max diff=0.000000, 4404.46 sec so far
Iteration 859131: max diff=0.000000, 4409.47 sec so far
Iteration 860033: max diff=0.000000, 4414.48 sec so far
Iteration 860938: max diff=0.000000, 4419.48 sec so far
Iteration 861875: max diff=0.000000, 4424.49 sec so far
Iteration 862804: max diff=0.000000, 4429.49 sec so far
Iteration 863778: max diff=0.000000, 4434.50 sec so far
Iteration 864669: max diff=0.000000, 4439.50 sec so far
Iteration 865560: max diff=0.000000, 4444.51 sec so far
Iteration 866456: max diff=0.000000, 4449.52 sec so far
Iteration 867335: max diff=0.000000, 4454.52 sec so far
Iteration 868252: max diff=0.000000, 4459.52 sec so far
Iteration 869146: max diff=0.000000, 4464.53 sec so far
Iteration 870037: max diff=0.000000, 4469.54 sec so far
Iteration 870979: max diff=0.000000, 4474.54 sec so far
Iteration 871946: max diff=0.000000, 4479.55 sec so far
Iteration 872915: max diff=0.000000, 4484.55 sec so far
Iteration 873870: max diff=0.000000, 4489.56 sec so far
Iteration 874841: max diff=0.000000, 4494.56 sec so far
Iteration 875810: max diff=0.000000, 4499.57 sec so far
Iteration 876758: max diff=0.000000, 4504.58 sec so far
Iteration 877706: max diff=0.000000, 4509.58 sec so far
Iteration 878684: max diff=0.000000, 4514.58 sec so far
Iteration 879663: max diff=0.000000, 4519.59 sec so far
Iteration 880622: max diff=0.000000, 4524.60 sec so far
Iteration 881600: max diff=0.000000, 4529.60 sec so far
Iteration 882579: max diff=0.000000, 4534.61 sec so far
Iteration 883549: max diff=0.000000, 4539.61 sec so far
Iteration 884503: max diff=0.000000, 4544.62 sec so far
Iteration 885441: max diff=0.000000, 4549.62 sec so far
Iteration 886424: max diff=0.000000, 4554.63 sec so far
Iteration 887390: max diff=0.000000, 4559.64 sec so far
Iteration 888298: max diff=0.000000, 4564.64 sec so far
Iteration 889225: max diff=0.000000, 4569.65 sec so far
Iteration 890187: max diff=0.000000, 4574.66 sec so far
Iteration 891145: max diff=0.000000, 4579.66 sec so far
Iteration 892104: max diff=0.000000, 4584.66 sec so far
Iteration 893045: max diff=0.000000, 4589.67 sec so far
Iteration 894032: max diff=0.000000, 4594.68 sec so far
Iteration 895006: max diff=0.000000, 4599.68 sec so far
Iteration 895975: max diff=0.000000, 4604.68 sec so far
Iteration 896947: max diff=0.000000, 4609.69 sec so far
Iteration 897928: max diff=0.000000, 4614.69 sec so far
Iteration 898909: max diff=0.000000, 4619.70 sec so far
Iteration 899850: max diff=0.000000, 4624.70 sec so far
Iteration 900813: max diff=0.000000, 4629.71 sec so far
Iteration 901771: max diff=0.000000, 4634.72 sec so far
Iteration 902729: max diff=0.000000, 4639.72 sec so far
Iteration 903692: max diff=0.000000, 4644.73 sec so far
Iteration 904650: max diff=0.000000, 4649.73 sec so far
Iteration 905607: max diff=0.000000, 4654.74 sec so far
Iteration 906512: max diff=0.000000, 4659.74 sec so far
Iteration 907411: max diff=0.000000, 4664.74 sec so far
Iteration 908359: max diff=0.000000, 4669.75 sec so far
Iteration 909248: max diff=0.000000, 4674.75 sec so far
Iteration 910110: max diff=0.000000, 4679.76 sec so far
Iteration 911002: max diff=0.000000, 4684.76 sec so far
Iteration 911878: max diff=0.000000, 4689.76 sec so far
Iteration 912764: max diff=0.000000, 4694.77 sec so far
Iteration 913580: max diff=0.000000, 4699.78 sec so far
Iteration 914464: max diff=0.000000, 4704.78 sec so far
Iteration 915408: max diff=0.000000, 4709.78 sec so far
Iteration 916388: max diff=0.000000, 4714.79 sec so far
Iteration 917372: max diff=0.000000, 4719.79 sec so far
Iteration 918334: max diff=0.000000, 4724.80 sec so far
Iteration 919316: max diff=0.000000, 4729.80 sec so far
Iteration 920288: max diff=0.000000, 4734.80 sec so far
Iteration 921245: max diff=0.000000, 4739.81 sec so far
Iteration 922216: max diff=0.000000, 4744.82 sec so far
Iteration 923198: max diff=0.000000, 4749.82 sec so far
Iteration 924179: max diff=0.000000, 4754.82 sec so far
Iteration 925157: max diff=0.000000, 4759.83 sec so far
Iteration 926145: max diff=0.000000, 4764.83 sec so far
Iteration 927132: max diff=0.000000, 4769.84 sec so far
Iteration 928108: max diff=0.000000, 4774.84 sec so far
Iteration 929101: max diff=0.000000, 4779.85 sec so far
Iteration 930111: max diff=0.000000, 4784.86 sec so far
Iteration 931074: max diff=0.000000, 4789.86 sec so far
Iteration 932058: max diff=0.000000, 4794.87 sec so far
Iteration 932938: max diff=0.000000, 4799.87 sec so far
Iteration 933891: max diff=0.000000, 4804.88 sec so far
Iteration 934769: max diff=0.000000, 4809.88 sec so far
Iteration 935606: max diff=0.000000, 4814.89 sec so far
Iteration 936456: max diff=0.000000, 4819.89 sec so far
Iteration 937359: max diff=0.000000, 4824.90 sec so far
Iteration 938418: max diff=0.000000, 4829.90 sec so far
Iteration 939234: max diff=0.000000, 4834.91 sec so far
Iteration 940047: max diff=0.000000, 4839.91 sec so far
Iteration 940942: max diff=0.000000, 4844.92 sec so far
Iteration 941848: max diff=0.000000, 4849.92 sec so far
Iteration 942749: max diff=0.000000, 4854.93 sec so far
Iteration 943671: max diff=0.000000, 4859.94 sec so far
Iteration 944626: max diff=0.000000, 4864.94 sec so far
Iteration 945509: max diff=0.000000, 4869.95 sec so far
Iteration 946422: max diff=0.000000, 4874.96 sec so far
Iteration 947380: max diff=0.000000, 4879.96 sec so far
Iteration 948352: max diff=0.000000, 4884.96 sec so far
Iteration 949309: max diff=0.000000, 4889.97 sec so far
Iteration 950271: max diff=0.000000, 4894.97 sec so far
Iteration 951234: max diff=0.000000, 4899.98 sec so far
Iteration 952232: max diff=0.000000, 4904.98 sec so far
Iteration 953315: max diff=0.000000, 4909.99 sec so far
Iteration 954413: max diff=0.000000, 4915.00 sec so far
Iteration 955513: max diff=0.000000, 4920.00 sec so far
Iteration 956609: max diff=0.000000, 4925.00 sec so far
Iteration 957706: max diff=0.000000, 4930.01 sec so far
Iteration 958805: max diff=0.000000, 4935.01 sec so far
Iteration 959905: max diff=0.000000, 4940.02 sec so far
Iteration 961002: max diff=0.000000, 4945.02 sec so far
Iteration 962102: max diff=0.000000, 4950.02 sec so far
Iteration 963200: max diff=0.000000, 4955.03 sec so far
Iteration 964298: max diff=0.000000, 4960.03 sec so far
Iteration 965400: max diff=0.000000, 4965.04 sec so far
Iteration 966499: max diff=0.000000, 4970.04 sec so far
Iteration 967597: max diff=0.000000, 4975.04 sec so far
Iteration 968699: max diff=0.000000, 4980.05 sec so far
Iteration 969804: max diff=0.000000, 4985.06 sec so far
Iteration 970903: max diff=0.000000, 4990.06 sec so far
Iteration 972001: max diff=0.000000, 4995.06 sec so far
Iteration 973104: max diff=0.000000, 5000.07 sec so far
Iteration 974204: max diff=0.000000, 5005.07 sec so far
Iteration 975303: max diff=0.000000, 5010.08 sec so far
Iteration 976406: max diff=0.000000, 5015.08 sec so far
Iteration 977508: max diff=0.000000, 5020.09 sec so far
Iteration 978608: max diff=0.000000, 5025.09 sec so far
Iteration 979703: max diff=0.000000, 5030.10 sec so far
Iteration 980804: max diff=0.000000, 5035.10 sec so far
Iteration 981904: max diff=0.000000, 5040.11 sec so far
Iteration 983004: max diff=0.000000, 5045.11 sec so far
Iteration 984105: max diff=0.000000, 5050.12 sec so far
Iteration 985204: max diff=0.000000, 5055.12 sec so far
Iteration 986305: max diff=0.000000, 5060.12 sec so far
Iteration 987403: max diff=0.000000, 5065.13 sec so far
Iteration 988494: max diff=0.000000, 5070.13 sec so far
Iteration 989596: max diff=0.000000, 5075.14 sec so far
Iteration 990698: max diff=0.000000, 5080.14 sec so far
Iteration 991802: max diff=0.000000, 5085.14 sec so far
Iteration 992906: max diff=0.000000, 5090.15 sec so far
Iteration 994009: max diff=0.000000, 5095.15 sec so far
Iteration 995114: max diff=0.000000, 5100.16 sec so far
Iteration 996204: max diff=0.000000, 5105.16 sec so far
Iteration 997309: max diff=0.000000, 5110.16 sec so far
Iteration 998413: max diff=0.000000, 5115.17 sec so far
Iteration 999516: max diff=0.000000, 5120.17 sec so far
Iteration 1000618: max diff=0.000000, 5125.18 sec so far
Iteration 1001723: max diff=0.000000, 5130.18 sec so far
Iteration 1002824: max diff=0.000000, 5135.18 sec so far
Iteration 1003927: max diff=0.000000, 5140.19 sec so far
Iteration 1005029: max diff=0.000000, 5145.19 sec so far
Iteration 1006129: max diff=0.000000, 5150.20 sec so far
Iteration 1007235: max diff=0.000000, 5155.20 sec so far
Iteration 1008337: max diff=0.000000, 5160.20 sec so far
Iteration 1009440: max diff=0.000000, 5165.21 sec so far
Iteration 1010542: max diff=0.000000, 5170.21 sec so far
Iteration 1011643: max diff=0.000000, 5175.22 sec so far
Iteration 1012746: max diff=0.000000, 5180.22 sec so far
Iteration 1013849: max diff=0.000000, 5185.22 sec so far
Iteration 1014953: max diff=0.000000, 5190.23 sec so far
Iteration 1016056: max diff=0.000000, 5195.23 sec so far
Iteration 1017160: max diff=0.000000, 5200.24 sec so far
Iteration 1018263: max diff=0.000000, 5205.24 sec so far
Iteration 1019366: max diff=0.000000, 5210.24 sec so far
Iteration 1020467: max diff=0.000000, 5215.25 sec so far
Iteration 1021572: max diff=0.000000, 5220.25 sec so far
Iteration 1022675: max diff=0.000000, 5225.26 sec so far
Iteration 1023780: max diff=0.000000, 5230.26 sec so far
Iteration 1024880: max diff=0.000000, 5235.26 sec so far
Iteration 1025982: max diff=0.000000, 5240.27 sec so far
Iteration 1027083: max diff=0.000000, 5245.28 sec so far
Iteration 1028186: max diff=0.000000, 5250.28 sec so far
Iteration 1029287: max diff=0.000000, 5255.28 sec so far
Iteration 1030386: max diff=0.000000, 5260.29 sec so far
Iteration 1031486: max diff=0.000000, 5265.29 sec so far
Iteration 1032587: max diff=0.000000, 5270.30 sec so far
Iteration 1033683: max diff=0.000000, 5275.30 sec so far
Iteration 1034787: max diff=0.000000, 5280.31 sec so far
Iteration 1035891: max diff=0.000000, 5285.31 sec so far
Iteration 1036993: max diff=0.000000, 5290.32 sec so far
Iteration 1038095: max diff=0.000000, 5295.32 sec so far
Iteration 1039193: max diff=0.000000, 5300.32 sec so far
Iteration 1040293: max diff=0.000000, 5305.33 sec so far
Iteration 1041395: max diff=0.000000, 5310.33 sec so far
Iteration 1042496: max diff=0.000000, 5315.34 sec so far
Iteration 1043595: max diff=0.000000, 5320.34 sec so far
Iteration 1044698: max diff=0.000000, 5325.34 sec so far
Iteration 1045797: max diff=0.000000, 5330.35 sec so far
Iteration 1046898: max diff=0.000000, 5335.35 sec so far
Iteration 1047999: max diff=0.000000, 5340.36 sec so far
Iteration 1049101: max diff=0.000000, 5345.36 sec so far
Iteration 1050204: max diff=0.000000, 5350.36 sec so far
Iteration 1051310: max diff=0.000000, 5355.37 sec so far
Iteration 1052418: max diff=0.000000, 5360.38 sec so far
Iteration 1053525: max diff=0.000000, 5365.38 sec so far
Iteration 1054637: max diff=0.000000, 5370.38 sec so far
Iteration 1055722: max diff=0.000000, 5375.39 sec so far
Iteration 1056811: max diff=0.000000, 5380.39 sec so far
Iteration 1057914: max diff=0.000000, 5385.40 sec so far
Iteration 1059024: max diff=0.000000, 5390.40 sec so far
Iteration 1060113: max diff=0.000000, 5395.40 sec so far
Iteration 1061222: max diff=0.000000, 5400.41 sec so far
Iteration 1062328: max diff=0.000000, 5405.41 sec so far
Iteration 1063425: max diff=0.000000, 5410.42 sec so far
Iteration 1064534: max diff=0.000000, 5415.42 sec so far
Iteration 1065644: max diff=0.000000, 5420.42 sec so far
Iteration 1066753: max diff=0.000000, 5425.43 sec so far
Iteration 1067861: max diff=0.000000, 5430.43 sec so far
Iteration 1068969: max diff=0.000000, 5435.44 sec so far
Iteration 1070078: max diff=0.000000, 5440.44 sec so far
Iteration 1071188: max diff=0.000000, 5445.45 sec so far
Iteration 1072299: max diff=0.000000, 5450.45 sec so far
Iteration 1073412: max diff=0.000000, 5455.46 sec so far
Iteration 1074523: max diff=0.000000, 5460.46 sec so far
Iteration 1075630: max diff=0.000000, 5465.47 sec so far
Iteration 1076740: max diff=0.000000, 5470.47 sec so far
Iteration 1077849: max diff=0.000000, 5475.48 sec so far
Iteration 1078958: max diff=0.000000, 5480.48 sec so far
Iteration 1080071: max diff=0.000000, 5485.49 sec so far
Iteration 1081183: max diff=0.000000, 5490.49 sec so far
Iteration 1082293: max diff=0.000000, 5495.50 sec so far
Iteration 1083403: max diff=0.000000, 5500.50 sec so far
Iteration 1084465: max diff=0.000000, 5505.50 sec so far
Iteration 1085432: max diff=0.000000, 5510.51 sec so far
Iteration 1086401: max diff=0.000000, 5515.52 sec so far
Iteration 1087372: max diff=0.000000, 5520.52 sec so far
Iteration 1088341: max diff=0.000000, 5525.53 sec so far
Iteration 1089310: max diff=0.000000, 5530.54 sec so far
Iteration 1090271: max diff=0.000000, 5535.54 sec so far
Iteration 1091233: max diff=0.000000, 5540.55 sec so far
Iteration 1092199: max diff=0.000000, 5545.55 sec so far
Iteration 1093164: max diff=0.000000, 5550.56 sec so far
Iteration 1094120: max diff=0.000000, 5555.56 sec so far
Iteration 1095080: max diff=0.000000, 5560.57 sec so far
Iteration 1096034: max diff=0.000000, 5565.58 sec so far
Iteration 1096991: max diff=0.000000, 5570.58 sec so far
Iteration 1097944: max diff=0.000000, 5575.58 sec so far
Iteration 1098900: max diff=0.000000, 5580.59 sec so far
Iteration 1099856: max diff=0.000000, 5585.59 sec so far
Iteration 1100811: max diff=0.000000, 5590.60 sec so far
Iteration 1101768: max diff=0.000000, 5595.60 sec so far
Iteration 1102733: max diff=0.000000, 5600.61 sec so far
Iteration 1103700: max diff=0.000000, 5605.61 sec so far
Iteration 1104665: max diff=0.000000, 5610.62 sec so far
Iteration 1105631: max diff=0.000000, 5615.63 sec so far
Iteration 1106590: max diff=0.000000, 5620.63 sec so far
Iteration 1107552: max diff=0.000000, 5625.64 sec so far
Iteration 1108490: max diff=0.000000, 5630.64 sec so far
Iteration 1109459: max diff=0.000000, 5635.65 sec so far
Iteration 1110425: max diff=0.000000, 5640.65 sec so far
Iteration 1111373: max diff=0.000000, 5645.66 sec so far
Iteration 1112287: max diff=0.000000, 5650.66 sec so far
Iteration 1113243: max diff=0.000000, 5655.67 sec so far
Iteration 1114211: max diff=0.000000, 5660.67 sec so far
Iteration 1115182: max diff=0.000000, 5665.68 sec so far
Iteration 1116147: max diff=0.000000, 5670.68 sec so far
Iteration 1117117: max diff=0.000000, 5675.69 sec so far
Iteration 1118083: max diff=0.000000, 5680.70 sec so far
Iteration 1119049: max diff=0.000000, 5685.70 sec so far
Iteration 1120018: max diff=0.000000, 5690.71 sec so far
Iteration 1120989: max diff=0.000000, 5695.72 sec so far
Iteration 1121962: max diff=0.000000, 5700.72 sec so far
Iteration 1122931: max diff=0.000000, 5705.73 sec so far
Iteration 1123901: max diff=0.000000, 5710.73 sec so far
Iteration 1124871: max diff=0.000000, 5715.74 sec so far
Iteration 1125838: max diff=0.000000, 5720.74 sec so far
Iteration 1126806: max diff=0.000000, 5725.74 sec so far
Iteration 1127773: max diff=0.000000, 5730.75 sec so far
Iteration 1128746: max diff=0.000000, 5735.76 sec so far
Iteration 1129724: max diff=0.000000, 5740.76 sec so far
Iteration 1130697: max diff=0.000000, 5745.77 sec so far
Iteration 1131664: max diff=0.000000, 5750.77 sec so far
Iteration 1132629: max diff=0.000000, 5755.78 sec so far
Iteration 1133593: max diff=0.000000, 5760.78 sec so far
Iteration 1134560: max diff=0.000000, 5765.78 sec so far
Iteration 1135510: max diff=0.000000, 5770.79 sec so far
Iteration 1136462: max diff=0.000000, 5775.80 sec so far
Iteration 1137419: max diff=0.000000, 5780.80 sec so far
Iteration 1138375: max diff=0.000000, 5785.81 sec so far
Iteration 1139338: max diff=0.000000, 5790.82 sec so far
Iteration 1140306: max diff=0.000000, 5795.82 sec so far
Iteration 1141274: max diff=0.000000, 5800.83 sec so far
Iteration 1142246: max diff=0.000000, 5805.83 sec so far
Iteration 1143212: max diff=0.000000, 5810.84 sec so far
Iteration 1144174: max diff=0.000000, 5815.84 sec so far
Iteration 1145141: max diff=0.000000, 5820.84 sec so far
Iteration 1146108: max diff=0.000000, 5825.85 sec so far
Iteration 1147077: max diff=0.000000, 5830.86 sec so far
Iteration 1148045: max diff=0.000000, 5835.86 sec so far
Iteration 1149011: max diff=0.000000, 5840.86 sec so far
Iteration 1149976: max diff=0.000000, 5845.87 sec so far
Iteration 1150926: max diff=0.000000, 5850.87 sec so far
Iteration 1151876: max diff=0.000000, 5855.88 sec so far
Iteration 1152823: max diff=0.000000, 5860.88 sec so far
Iteration 1153774: max diff=0.000000, 5865.89 sec so far
Iteration 1154729: max diff=0.000000, 5870.90 sec so far
Iteration 1155677: max diff=0.000000, 5875.90 sec so far
Iteration 1156630: max diff=0.000000, 5880.90 sec so far
Iteration 1157596: max diff=0.000000, 5885.91 sec so far
Iteration 1158558: max diff=0.000000, 5890.92 sec so far
Iteration 1159521: max diff=0.000000, 5895.92 sec so far
Iteration 1160484: max diff=0.000000, 5900.93 sec so far
Iteration 1161449: max diff=0.000000, 5905.93 sec so far
Iteration 1162415: max diff=0.000000, 5910.94 sec so far
Iteration 1163378: max diff=0.000000, 5915.94 sec so far
Iteration 1164335: max diff=0.000000, 5920.95 sec so far
Iteration 1165294: max diff=0.000000, 5925.95 sec so far
Iteration 1166256: max diff=0.000000, 5930.96 sec so far
Iteration 1167213: max diff=0.000000, 5935.96 sec so far
Iteration 1168175: max diff=0.000000, 5940.96 sec so far
Iteration 1169141: max diff=0.000000, 5945.97 sec so far
Iteration 1170108: max diff=0.000000, 5950.97 sec so far
Iteration 1171071: max diff=0.000000, 5955.98 sec so far
Iteration 1172039: max diff=0.000000, 5960.98 sec so far
Iteration 1173001: max diff=0.000000, 5965.98 sec so far
Iteration 1173961: max diff=0.000000, 5970.99 sec so far
Iteration 1174927: max diff=0.000000, 5976.00 sec so far
Iteration 1175894: max diff=0.000000, 5981.00 sec so far
Iteration 1176855: max diff=0.000000, 5986.01 sec so far
Iteration 1177823: max diff=0.000000, 5991.01 sec so far
Iteration 1178788: max diff=0.000000, 5996.02 sec so far
Iteration 1179755: max diff=0.000000, 6001.02 sec so far
Iteration 1180722: max diff=0.000000, 6006.03 sec so far
Iteration 1181689: max diff=0.000000, 6011.03 sec so far
Iteration 1182657: max diff=0.000000, 6016.04 sec so far
Iteration 1183626: max diff=0.000000, 6021.04 sec so far
Iteration 1184592: max diff=0.000000, 6026.05 sec so far
Iteration 1185557: max diff=0.000000, 6031.06 sec so far
Iteration 1186526: max diff=0.000000, 6036.06 sec so far
Iteration 1187482: max diff=0.000000, 6041.06 sec so far
Iteration 1188442: max diff=0.000000, 6046.07 sec so far
Iteration 1189399: max diff=0.000000, 6051.07 sec so far
Iteration 1190372: max diff=0.000000, 6056.08 sec so far
Iteration 1191343: max diff=0.000000, 6061.08 sec so far
Iteration 1192315: max diff=0.000000, 6066.08 sec so far
Iteration 1193288: max diff=0.000000, 6071.09 sec so far
Iteration 1194258: max diff=0.000000, 6076.09 sec so far
Iteration 1195228: max diff=0.000000, 6081.10 sec so far
Iteration 1196202: max diff=0.000000, 6086.10 sec so far
Iteration 1197177: max diff=0.000000, 6091.11 sec so far
Iteration 1198128: max diff=0.000000, 6096.11 sec so far
Iteration 1199076: max diff=0.000000, 6101.12 sec so far
Iteration 1200082: max diff=0.000000, 6106.12 sec so far
Iteration 1201143: max diff=0.000000, 6111.12 sec so far
Iteration 1202236: max diff=0.000000, 6116.13 sec so far
Iteration 1203319: max diff=0.000000, 6121.14 sec so far
Iteration 1204413: max diff=0.000000, 6126.14 sec so far
Iteration 1205512: max diff=0.000000, 6131.15 sec so far
Iteration 1206612: max diff=0.000000, 6136.15 sec so far
Iteration 1207708: max diff=0.000000, 6141.16 sec so far
Iteration 1208807: max diff=0.000000, 6146.16 sec so far
Iteration 1209906: max diff=0.000000, 6151.16 sec so far
Iteration 1211004: max diff=0.000000, 6156.17 sec so far
Iteration 1212102: max diff=0.000000, 6161.17 sec so far
Iteration 1213199: max diff=0.000000, 6166.18 sec so far
Iteration 1214290: max diff=0.000000, 6171.18 sec so far
Iteration 1215372: max diff=0.000000, 6176.18 sec so far
Iteration 1216470: max diff=0.000000, 6181.19 sec so far
Iteration 1217569: max diff=0.000000, 6186.19 sec so far
Iteration 1218670: max diff=0.000000, 6191.20 sec so far
Iteration 1219773: max diff=0.000000, 6196.20 sec so far
Iteration 1220882: max diff=0.000000, 6201.20 sec so far
Iteration 1221991: max diff=0.000000, 6206.21 sec so far
Iteration 1223098: max diff=0.000000, 6211.21 sec so far
Iteration 1224206: max diff=0.000000, 6216.22 sec so far
Iteration 1225306: max diff=0.000000, 6221.23 sec so far
Iteration 1226336: max diff=0.000000, 6226.23 sec so far
Iteration 1227421: max diff=0.000000, 6231.24 sec so far
Iteration 1228500: max diff=0.000000, 6236.24 sec so far
Iteration 1229585: max diff=0.000000, 6241.24 sec so far
Iteration 1230669: max diff=0.000000, 6246.25 sec so far
Iteration 1231771: max diff=0.000000, 6251.26 sec so far
Iteration 1232869: max diff=0.000000, 6256.26 sec so far
Iteration 1233969: max diff=0.000000, 6261.26 sec so far
Iteration 1235068: max diff=0.000000, 6266.27 sec so far
Iteration 1236170: max diff=0.000000, 6271.28 sec so far
Iteration 1237272: max diff=0.000000, 6276.28 sec so far
Iteration 1238371: max diff=0.000000, 6281.28 sec so far
Iteration 1239465: max diff=0.000000, 6286.29 sec so far
Iteration 1240567: max diff=0.000000, 6291.29 sec so far
Iteration 1241668: max diff=0.000000, 6296.30 sec so far
Iteration 1242747: max diff=0.000000, 6301.30 sec so far
Iteration 1243829: max diff=0.000000, 6306.30 sec so far
Iteration 1244917: max diff=0.000000, 6311.31 sec so far
Iteration 1246019: max diff=0.000000, 6316.32 sec so far
Iteration 1247123: max diff=0.000000, 6321.32 sec so far
Iteration 1248226: max diff=0.000000, 6326.32 sec so far
Iteration 1249327: max diff=0.000000, 6331.33 sec so far
Iteration 1250429: max diff=0.000000, 6336.33 sec so far
Iteration 1251533: max diff=0.000000, 6341.34 sec so far
Iteration 1252635: max diff=0.000000, 6346.34 sec so far
Iteration 1253737: max diff=0.000000, 6351.34 sec so far
Iteration 1254838: max diff=0.000000, 6356.35 sec so far
Iteration 1255943: max diff=0.000000, 6361.36 sec so far
Iteration 1257045: max diff=0.000000, 6366.36 sec so far
Iteration 1258145: max diff=0.000000, 6371.36 sec so far
Iteration 1259247: max diff=0.000000, 6376.37 sec so far
Iteration 1260349: max diff=0.000000, 6381.37 sec so far
Iteration 1261453: max diff=0.000000, 6386.38 sec so far
Iteration 1262556: max diff=0.000000, 6391.38 sec so far
Iteration 1263658: max diff=0.000000, 6396.39 sec so far
Iteration 1264764: max diff=0.000000, 6401.39 sec so far
Iteration 1265866: max diff=0.000000, 6406.40 sec so far
Iteration 1266970: max diff=0.000000, 6411.40 sec so far
Iteration 1268070: max diff=0.000000, 6416.41 sec so far
Iteration 1269174: max diff=0.000000, 6421.41 sec so far
Iteration 1270274: max diff=0.000000, 6426.42 sec so far
Iteration 1271377: max diff=0.000000, 6431.42 sec so far
Iteration 1272476: max diff=0.000000, 6436.42 sec so far
Iteration 1273578: max diff=0.000000, 6441.43 sec so far
Iteration 1274678: max diff=0.000000, 6446.44 sec so far
Iteration 1275779: max diff=0.000000, 6451.44 sec so far
Iteration 1276881: max diff=0.000000, 6456.44 sec so far
Iteration 1277982: max diff=0.000000, 6461.45 sec so far
Iteration 1279083: max diff=0.000000, 6466.45 sec so far
Iteration 1280180: max diff=0.000000, 6471.46 sec so far
Iteration 1281278: max diff=0.000000, 6476.46 sec so far
Iteration 1282378: max diff=0.000000, 6481.46 sec so far
Iteration 1283478: max diff=0.000000, 6486.47 sec so far
Iteration 1284582: max diff=0.000000, 6491.47 sec so far
Iteration 1285683: max diff=0.000000, 6496.48 sec so far
Iteration 1286784: max diff=0.000000, 6501.48 sec so far
Iteration 1287882: max diff=0.000000, 6506.48 sec so far
Iteration 1288985: max diff=0.000000, 6511.49 sec so far
Iteration 1290090: max diff=0.000000, 6516.50 sec so far
Iteration 1291191: max diff=0.000000, 6521.50 sec so far
Iteration 1292292: max diff=0.000000, 6526.51 sec so far
Iteration 1293395: max diff=0.000000, 6531.51 sec so far
Iteration 1294497: max diff=0.000000, 6536.52 sec so far
Iteration 1295594: max diff=0.000000, 6541.52 sec so far
Iteration 1296690: max diff=0.000000, 6546.53 sec so far
Iteration 1297786: max diff=0.000000, 6551.53 sec so far
Iteration 1298883: max diff=0.000000, 6556.54 sec so far
Iteration 1299979: max diff=0.000000, 6561.54 sec so far
Iteration 1301072: max diff=0.000000, 6566.55 sec so far
Iteration 1302168: max diff=0.000000, 6571.55 sec so far
Iteration 1303266: max diff=0.000000, 6576.56 sec so far
Iteration 1304368: max diff=0.000000, 6581.56 sec so far
Iteration 1305474: max diff=0.000000, 6586.57 sec so far
Iteration 1306586: max diff=0.000000, 6591.57 sec so far
Iteration 1307692: max diff=0.000000, 6596.58 sec so far
Iteration 1308797: max diff=0.000000, 6601.59 sec so far
Iteration 1309861: max diff=0.000000, 6606.60 sec so far
Iteration 1310924: max diff=0.000000, 6611.60 sec so far
Iteration 1312016: max diff=0.000000, 6616.61 sec so far
Iteration 1313094: max diff=0.000000, 6621.61 sec so far
Iteration 1314185: max diff=0.000000, 6626.62 sec so far
Iteration 1315277: max diff=0.000000, 6631.62 sec so far
Iteration 1316371: max diff=0.000000, 6636.62 sec so far
Iteration 1317464: max diff=0.000000, 6641.63 sec so far
Iteration 1318562: max diff=0.000000, 6646.63 sec so far
Iteration 1319658: max diff=0.000000, 6651.64 sec so far
Iteration 1320754: max diff=0.000000, 6656.64 sec so far
Iteration 1321849: max diff=0.000000, 6661.64 sec so far
Iteration 1322939: max diff=0.000000, 6666.65 sec so far
Iteration 1324032: max diff=0.000000, 6671.65 sec so far
Iteration 1325130: max diff=0.000000, 6676.66 sec so far
Iteration 1326233: max diff=0.000000, 6681.66 sec so far
Iteration 1327329: max diff=0.000000, 6686.66 sec so far
Iteration 1328427: max diff=0.000000, 6691.67 sec so far
Iteration 1329522: max diff=0.000000, 6696.67 sec so far
Iteration 1330615: max diff=0.000000, 6701.68 sec so far
Iteration 1331518: max diff=0.000000, 6706.68 sec so far
Iteration 1332281: max diff=0.000000, 6711.68 sec so far
Iteration 1333007: max diff=0.000000, 6716.69 sec so far
Iteration 1333767: max diff=0.000000, 6721.70 sec so far
Iteration 1334538: max diff=0.000000, 6726.70 sec so far
Iteration 1335311: max diff=0.000000, 6731.71 sec so far
Iteration 1336076: max diff=0.000000, 6736.71 sec so far
Iteration 1336850: max diff=0.000000, 6741.72 sec so far
Iteration 1337620: max diff=0.000000, 6746.74 sec so far
Iteration 1338388: max diff=0.000000, 6751.74 sec so far
Iteration 1339157: max diff=0.000000, 6756.75 sec so far
Iteration 1339926: max diff=0.000000, 6761.76 sec so far
Iteration 1340701: max diff=0.000000, 6766.77 sec so far
Iteration 1341426: max diff=0.000000, 6771.77 sec so far
Iteration 1342195: max diff=0.000000, 6776.78 sec so far
Iteration 1342953: max diff=0.000000, 6781.79 sec so far
Iteration 1343674: max diff=0.000000, 6786.80 sec so far
Iteration 1344433: max diff=0.000000, 6791.80 sec so far
Iteration 1345198: max diff=0.000000, 6796.81 sec so far
Iteration 1345976: max diff=0.000000, 6801.81 sec so far
Iteration 1346742: max diff=0.000000, 6806.82 sec so far
Iteration 1347508: max diff=0.000000, 6811.82 sec so far
Iteration 1348280: max diff=0.000000, 6816.83 sec so far
Iteration 1349046: max diff=0.000000, 6821.84 sec so far
Iteration 1349820: max diff=0.000000, 6826.84 sec so far
Iteration 1350586: max diff=0.000000, 6831.84 sec so far
Iteration 1351352: max diff=0.000000, 6836.85 sec so far
Iteration 1352124: max diff=0.000000, 6841.86 sec so far
Iteration 1352895: max diff=0.000000, 6846.86 sec so far
Iteration 1353664: max diff=0.000000, 6851.86 sec so far
Iteration 1354436: max diff=0.000000, 6856.87 sec so far
Iteration 1355214: max diff=0.000000, 6861.88 sec so far
Iteration 1355983: max diff=0.000000, 6866.88 sec so far
Iteration 1356739: max diff=0.000000, 6871.89 sec so far
Iteration 1357507: max diff=0.000000, 6876.90 sec so far
Iteration 1358280: max diff=0.000000, 6881.90 sec so far
Iteration 1359049: max diff=0.000000, 6886.90 sec so far
Iteration 1359821: max diff=0.000000, 6891.91 sec so far
Iteration 1360592: max diff=0.000000, 6896.92 sec so far
Iteration 1361366: max diff=0.000000, 6901.92 sec so far
Iteration 1362143: max diff=0.000000, 6906.92 sec so far
Iteration 1362913: max diff=0.000000, 6911.93 sec so far
Iteration 1363688: max diff=0.000000, 6916.94 sec so far
Iteration 1364463: max diff=0.000000, 6921.94 sec so far
Iteration 1365255: max diff=0.000000, 6926.95 sec so far
Iteration 1366063: max diff=0.000000, 6931.95 sec so far
Iteration 1366852: max diff=0.000000, 6936.96 sec so far
Iteration 1367623: max diff=0.000000, 6941.96 sec so far
Iteration 1368395: max diff=0.000000, 6946.97 sec so far
Iteration 1369170: max diff=0.000000, 6951.97 sec so far
Iteration 1369923: max diff=0.000000, 6956.98 sec so far
Iteration 1370698: max diff=0.000000, 6961.98 sec so far
Iteration 1371473: max diff=0.000000, 6966.99 sec so far
Iteration 1372237: max diff=0.000000, 6972.00 sec so far
Iteration 1372959: max diff=0.000000, 6977.00 sec so far
Iteration 1373715: max diff=0.000000, 6982.01 sec so far
Iteration 1374481: max diff=0.000000, 6987.02 sec so far
Iteration 1375258: max diff=0.000000, 6992.02 sec so far
Iteration 1376026: max diff=0.000000, 6997.03 sec so far
Iteration 1376803: max diff=0.000000, 7002.04 sec so far
Iteration 1377574: max diff=0.000000, 7007.04 sec so far
Iteration 1378346: max diff=0.000000, 7012.05 sec so far
Iteration 1379119: max diff=0.000000, 7017.06 sec so far
Iteration 1379892: max diff=0.000000, 7022.06 sec so far
Iteration 1380660: max diff=0.000000, 7027.07 sec so far
Iteration 1381437: max diff=0.000000, 7032.07 sec so far
Iteration 1382213: max diff=0.000000, 7037.08 sec so far
Iteration 1382981: max diff=0.000000, 7042.08 sec so far
Iteration 1383748: max diff=0.000000, 7047.10 sec so far
Iteration 1384514: max diff=0.000000, 7052.10 sec so far
Iteration 1385276: max diff=0.000000, 7057.10 sec so far
Iteration 1386032: max diff=0.000000, 7062.11 sec so far
Iteration 1386793: max diff=0.000000, 7067.12 sec so far
Iteration 1387573: max diff=0.000000, 7072.12 sec so far
Iteration 1388339: max diff=0.000000, 7077.13 sec so far
Iteration 1389089: max diff=0.000000, 7082.13 sec so far
Iteration 1389858: max diff=0.000000, 7087.14 sec so far
Iteration 1390626: max diff=0.000000, 7092.14 sec so far
Iteration 1391377: max diff=0.000000, 7097.15 sec so far
Iteration 1392130: max diff=0.000000, 7102.15 sec so far
Iteration 1392887: max diff=0.000000, 7107.16 sec so far
Iteration 1393644: max diff=0.000000, 7112.16 sec so far
Iteration 1394414: max diff=0.000000, 7117.17 sec so far
Iteration 1395177: max diff=0.000000, 7122.17 sec so far
Iteration 1395948: max diff=0.000000, 7127.18 sec so far
Iteration 1396717: max diff=0.000000, 7132.18 sec so far
Iteration 1397482: max diff=0.000000, 7137.19 sec so far
Iteration 1398248: max diff=0.000000, 7142.19 sec so far
Iteration 1399032: max diff=0.000000, 7147.20 sec so far
Iteration 1399801: max diff=0.000000, 7152.20 sec so far
Iteration 1400571: max diff=0.000000, 7157.20 sec so far
Iteration 1401337: max diff=0.000000, 7162.21 sec so far
Iteration 1402106: max diff=0.000000, 7167.21 sec so far
Iteration 1402888: max diff=0.000000, 7172.22 sec so far
Iteration 1403659: max diff=0.000000, 7177.22 sec so far
Iteration 1404432: max diff=0.000000, 7182.23 sec so far
Iteration 1405208: max diff=0.000000, 7187.23 sec so far
Iteration 1405985: max diff=0.000000, 7192.24 sec so far
Iteration 1406756: max diff=0.000000, 7197.24 sec so far
Iteration 1407519: max diff=0.000000, 7202.24 sec so far
Iteration 1408288: max diff=0.000000, 7207.25 sec so far
Iteration 1409065: max diff=0.000000, 7212.26 sec so far
Iteration 1409838: max diff=0.000000, 7217.27 sec so far
Iteration 1410610: max diff=0.000000, 7222.27 sec so far
Iteration 1411374: max diff=0.000000, 7227.28 sec so far
Iteration 1412152: max diff=0.000000, 7232.29 sec so far
Iteration 1412927: max diff=0.000000, 7237.30 sec so far
Iteration 1413704: max diff=0.000000, 7242.30 sec so far
Iteration 1414476: max diff=0.000000, 7247.31 sec so far
Iteration 1415251: max diff=0.000000, 7252.31 sec so far
Iteration 1416030: max diff=0.000000, 7257.32 sec so far
Iteration 1416803: max diff=0.000000, 7262.33 sec so far
Iteration 1417569: max diff=0.000000, 7267.34 sec so far
Iteration 1418335: max diff=0.000000, 7272.34 sec so far
Iteration 1419105: max diff=0.000000, 7277.35 sec so far
Iteration 1419882: max diff=0.000000, 7282.36 sec so far
Iteration 1420657: max diff=0.000000, 7287.36 sec so far
Iteration 1421426: max diff=0.000000, 7292.36 sec so far
Iteration 1422203: max diff=0.000000, 7297.37 sec so far
Iteration 1423041: max diff=0.000000, 7302.38 sec so far
Iteration 1424059: max diff=0.000000, 7307.38 sec so far
Iteration 1425091: max diff=0.000000, 7312.39 sec so far
Iteration 1426129: max diff=0.000000, 7317.39 sec so far
Iteration 1427165: max diff=0.000000, 7322.40 sec so far
Iteration 1428183: max diff=0.000000, 7327.40 sec so far
Iteration 1429192: max diff=0.000000, 7332.40 sec so far
Iteration 1430231: max diff=0.000000, 7337.41 sec so far
Iteration 1431284: max diff=0.000000, 7342.41 sec so far
Iteration 1432309: max diff=0.000000, 7347.42 sec so far
Iteration 1433333: max diff=0.000000, 7352.42 sec so far
Iteration 1434384: max diff=0.000000, 7357.43 sec so far
Iteration 1435418: max diff=0.000000, 7362.44 sec so far
Iteration 1436489: max diff=0.000000, 7367.44 sec so far
Iteration 1437495: max diff=0.000000, 7372.45 sec so far
Iteration 1438540: max diff=0.000000, 7377.45 sec so far
Iteration 1439548: max diff=0.000000, 7382.46 sec so far
Iteration 1440573: max diff=0.000000, 7387.46 sec so far
Iteration 1441594: max diff=0.000000, 7392.46 sec so far
Iteration 1442605: max diff=0.000000, 7397.47 sec so far
Iteration 1443633: max diff=0.000000, 7402.47 sec so far
Iteration 1444662: max diff=0.000000, 7407.48 sec so far
Iteration 1445714: max diff=0.000000, 7412.48 sec so far
Iteration 1446728: max diff=0.000000, 7417.48 sec so far
Iteration 1447757: max diff=0.000000, 7422.49 sec so far
Iteration 1448770: max diff=0.000000, 7427.49 sec so far
Iteration 1449798: max diff=0.000000, 7432.50 sec so far
Iteration 1450804: max diff=0.000000, 7437.50 sec so far
Iteration 1451843: max diff=0.000000, 7442.50 sec so far
Iteration 1452876: max diff=0.000000, 7447.51 sec so far
Iteration 1453903: max diff=0.000000, 7452.51 sec so far
Iteration 1454911: max diff=0.000000, 7457.52 sec so far
Iteration 1455941: max diff=0.000000, 7462.52 sec so far
Iteration 1456967: max diff=0.000000, 7467.53 sec so far
Iteration 1457973: max diff=0.000000, 7472.53 sec so far
Iteration 1458985: max diff=0.000000, 7477.54 sec so far
Iteration 1460009: max diff=0.000000, 7482.54 sec so far
Iteration 1461027: max diff=0.000000, 7487.54 sec so far
Iteration 1462070: max diff=0.000000, 7492.55 sec so far
Iteration 1463110: max diff=0.000000, 7497.55 sec so far
Iteration 1464144: max diff=0.000000, 7502.56 sec so far
Iteration 1465175: max diff=0.000000, 7507.56 sec so far
Iteration 1466192: max diff=0.000000, 7512.56 sec so far
Iteration 1467207: max diff=0.000000, 7517.57 sec so far
Iteration 1468228: max diff=0.000000, 7522.57 sec so far
Iteration 1469247: max diff=0.000000, 7527.58 sec so far
Iteration 1470294: max diff=0.000000, 7532.58 sec so far
Iteration 1471289: max diff=0.000000, 7537.59 sec so far
Iteration 1472330: max diff=0.000000, 7542.60 sec so far
Iteration 1473368: max diff=0.000000, 7547.60 sec so far
Iteration 1474394: max diff=0.000000, 7552.61 sec so far
Iteration 1475421: max diff=0.000000, 7557.61 sec so far
Iteration 1476444: max diff=0.000000, 7562.62 sec so far
Iteration 1477460: max diff=0.000000, 7567.62 sec so far
Iteration 1478499: max diff=0.000000, 7572.62 sec so far
Iteration 1479510: max diff=0.000000, 7577.63 sec so far
Iteration 1480547: max diff=0.000000, 7582.63 sec so far
Iteration 1481580: max diff=0.000000, 7587.64 sec so far
Iteration 1482600: max diff=0.000000, 7592.64 sec so far
Iteration 1483616: max diff=0.000000, 7597.64 sec so far
Iteration 1484621: max diff=0.000000, 7602.65 sec so far
Iteration 1485640: max diff=0.000000, 7607.65 sec so far
Iteration 1486659: max diff=0.000000, 7612.66 sec so far
Iteration 1487699: max diff=0.000000, 7617.66 sec so far
Iteration 1488716: max diff=0.000000, 7622.67 sec so far
Iteration 1489737: max diff=0.000000, 7627.67 sec so far
Iteration 1490741: max diff=0.000000, 7632.68 sec so far
Iteration 1491748: max diff=0.000000, 7637.68 sec so far
Iteration 1492771: max diff=0.000000, 7642.68 sec so far
Iteration 1493805: max diff=0.000000, 7647.69 sec so far
Iteration 1494801: max diff=0.000000, 7652.69 sec so far
Iteration 1495834: max diff=0.000000, 7657.70 sec so far
Iteration 1496835: max diff=0.000000, 7662.70 sec so far
Iteration 1497844: max diff=0.000000, 7667.71 sec so far
Iteration 1498877: max diff=0.000000, 7672.72 sec so far
Iteration 1499884: max diff=0.000000, 7677.72 sec so far
Iteration 1500922: max diff=0.000000, 7682.73 sec so far
Iteration 1501964: max diff=0.000000, 7687.74 sec so far
Iteration 1502974: max diff=0.000000, 7692.74 sec so far
Iteration 1503993: max diff=0.000000, 7697.75 sec so far
Iteration 1504965: max diff=0.000000, 7702.76 sec so far
Iteration 1505967: max diff=0.000000, 7707.76 sec so far
Iteration 1506984: max diff=0.000000, 7712.76 sec so far
Iteration 1507973: max diff=0.000000, 7717.77 sec so far
Iteration 1508995: max diff=0.000000, 7722.77 sec so far
Iteration 1509972: max diff=0.000000, 7727.78 sec so far
Iteration 1510974: max diff=0.000000, 7732.79 sec so far
Iteration 1511986: max diff=0.000000, 7737.80 sec so far
Iteration 1513035: max diff=0.000000, 7742.80 sec so far
Iteration 1514088: max diff=0.000000, 7747.80 sec so far
Iteration 1515160: max diff=0.000000, 7752.81 sec so far
Iteration 1516218: max diff=0.000000, 7757.81 sec so far
Iteration 1517222: max diff=0.000000, 7762.82 sec so far
Iteration 1518192: max diff=0.000000, 7767.82 sec so far
Iteration 1519161: max diff=0.000000, 7772.83 sec so far
Iteration 1520172: max diff=0.000000, 7777.84 sec so far
Iteration 1521214: max diff=0.000000, 7782.84 sec so far
Iteration 1522226: max diff=0.000000, 7787.84 sec so far
Iteration 1523231: max diff=0.000000, 7792.85 sec so far
Iteration 1524241: max diff=0.000000, 7797.86 sec so far
Iteration 1525241: max diff=0.000000, 7802.86 sec so far
Iteration 1526230: max diff=0.000000, 7807.87 sec so far
Iteration 1527238: max diff=0.000000, 7812.88 sec so far
Iteration 1528243: max diff=0.000000, 7817.88 sec so far
Iteration 1529268: max diff=0.000000, 7822.89 sec so far
Iteration 1530279: max diff=0.000000, 7827.90 sec so far
Iteration 1531279: max diff=0.000000, 7832.90 sec so far
Iteration 1532291: max diff=0.000000, 7837.90 sec so far
Iteration 1533304: max diff=0.000000, 7842.91 sec so far
Iteration 1534328: max diff=0.000000, 7847.91 sec so far
Iteration 1535316: max diff=0.000000, 7852.92 sec so far
Iteration 1536317: max diff=0.000000, 7857.92 sec so far
Iteration 1537336: max diff=0.000000, 7862.93 sec so far
Iteration 1538353: max diff=0.000000, 7867.93 sec so far
Iteration 1539338: max diff=0.000000, 7872.94 sec so far
Iteration 1540329: max diff=0.000000, 7877.94 sec so far
Iteration 1541338: max diff=0.000000, 7882.95 sec so far
Iteration 1542321: max diff=0.000000, 7887.95 sec so far
Iteration 1543316: max diff=0.000000, 7892.96 sec so far
Iteration 1544343: max diff=0.000000, 7897.96 sec so far
Iteration 1545322: max diff=0.000000, 7902.97 sec so far
Iteration 1546303: max diff=0.000000, 7907.97 sec so far
Iteration 1547352: max diff=0.000000, 7912.98 sec so far
Iteration 1548389: max diff=0.000000, 7917.98 sec so far
Iteration 1549412: max diff=0.000000, 7922.99 sec so far
Iteration 1550295: max diff=0.000000, 7927.99 sec so far
Iteration 1551301: max diff=0.000000, 7933.00 sec so far
Iteration 1552331: max diff=0.000000, 7938.00 sec so far
Iteration 1553307: max diff=0.000000, 7943.01 sec so far
Iteration 1554321: max diff=0.000000, 7948.02 sec so far
Iteration 1555331: max diff=0.000000, 7953.02 sec so far
Iteration 1556293: max diff=0.000000, 7958.02 sec so far
Iteration 1557337: max diff=0.000000, 7963.03 sec so far
Iteration 1558372: max diff=0.000000, 7968.04 sec so far
Iteration 1559382: max diff=0.000000, 7973.04 sec so far
Iteration 1560390: max diff=0.000000, 7978.05 sec so far
Iteration 1561384: max diff=0.000000, 7983.05 sec so far
Iteration 1562471: max diff=0.000000, 7988.06 sec so far
Iteration 1563527: max diff=0.000000, 7993.06 sec so far
Iteration 1564530: max diff=0.000000, 7998.07 sec so far
Iteration 1565573: max diff=0.000000, 8003.08 sec so far
Iteration 1566599: max diff=0.000000, 8008.08 sec so far
Iteration 1567629: max diff=0.000000, 8013.08 sec so far
Iteration 1568654: max diff=0.000000, 8018.09 sec so far
Iteration 1569736: max diff=0.000000, 8023.09 sec so far
Iteration 1570761: max diff=0.000000, 8028.10 sec so far
Iteration 1571751: max diff=0.000000, 8033.10 sec so far

Power method: 1572472 iterations in 8036.58 seconds (average 0.005111, setup 0.01)

Printing steady-state probabilities in plain text format to file "../../CZK_project/Output/t=0.1_median_1E-5_dynamic/hybrid/ph_10_40000_1E-5"...

Time for steady-state probability computation: 8150.574 seconds.

