PRISM
=====

Version: 4.4
Date: Mon Jun 18 09:29:56 EDT 2018
Hostname: storm-eval
Memory limits: cudd=1g, java(heap)=910.5m
Command line: prism -hybrid -epsilon 5e-09 -maxiters 100000000 -power -absolute -const 'k=2000,timeout=0.1,lambda=6.93147180559945309400' ../../CZK_project/Model/queue_withptf_ctmc.sm -ss -exportss ../../CZK_project/Output/t=0.1_median_1E-5_dynamic/hybrid/ph_10_2000_1E-5

Parsing model file "../../CZK_project/Model/queue_withptf_ctmc.sm"...

Type:        CTMC
Modules:     main trigger 
Variables:   qSize i 

---------------------------------------------------------------------

Computing steady-state probabilities...

Building model...
Model constants: k=2000,timeout=0.1,lambda=6.9314718056

Computing reachable states...

Reachability (BFS): 22000 iterations in 0.67 seconds (average 0.000030, setup 0.00)

Time for model construction: 3.824 seconds.

Type:        CTMC
States:      22000 (1 initial)
Transitions: 42000

Rate matrix: 156 nodes (3 terminal), 42000 minterms, vars: 15r/15c

SCCs: 1, BSCCs: 1, non-BSCC states: 0
BSCC sizes: 1:22000

Initial states all in one BSCC (so no reachability probabilities computed)

Computing probabilities...
Engine: Hybrid

Building power method iteration matrix MTBDD... [nodes=208] [4.1 Kb]
Building hybrid MTBDD matrix... [levels=15, nodes=238] [11.2 KB]
Adding explicit sparse matrices... [levels=15, num=1, compact] [271.5 KB]
Allocating iteration vectors... [2 x 171.9 KB]
TOTAL: [626.4 KB]

Starting iterations...
Iteration 29740: max diff=0.000000, 5.00 sec so far
Iteration 59755: max diff=0.000000, 10.01 sec so far
Iteration 90239: max diff=0.000000, 15.01 sec so far

Power method: 104816 iterations in 17.45 seconds (average 0.000166, setup 0.00)

Printing steady-state probabilities in plain text format to file "../../CZK_project/Output/t=0.1_median_1E-5_dynamic/hybrid/ph_10_2000_1E-5"...

Time for steady-state probability computation: 19.404 seconds.

