PRISM
=====

Version: 4.4
Date: Mon Jun 18 09:34:54 EDT 2018
Hostname: storm-eval
Memory limits: cudd=1g, java(heap)=910.5m
Command line: prism -hybrid -epsilon 2e-09 -maxiters 100000000 -power -absolute -const 'k=5000,timeout=0.1,lambda=6.93147180559945309400' ../../CZK_project/Model/queue_withptf_ctmc.sm -ss -exportss ../../CZK_project/Output/t=0.1_median_1E-5_dynamic/hybrid/ph_10_5000_1E-5

Parsing model file "../../CZK_project/Model/queue_withptf_ctmc.sm"...

Type:        CTMC
Modules:     main trigger 
Variables:   qSize i 

---------------------------------------------------------------------

Computing steady-state probabilities...

Building model...
Model constants: k=5000,timeout=0.1,lambda=6.9314718056

Computing reachable states...

Reachability (BFS): 55000 iterations in 1.44 seconds (average 0.000026, setup 0.00)

Time for model construction: 3.108 seconds.

Type:        CTMC
States:      55000 (1 initial)
Transitions: 105000

Rate matrix: 190 nodes (3 terminal), 105000 minterms, vars: 17r/17c

SCCs: 1, BSCCs: 1, non-BSCC states: 0
BSCC sizes: 1:55000

Initial states all in one BSCC (so no reachability probabilities computed)

Computing probabilities...
Engine: Hybrid

Building power method iteration matrix MTBDD... [nodes=254] [5.0 Kb]
Building hybrid MTBDD matrix... [levels=17, nodes=287] [13.5 KB]
Adding explicit sparse matrices... [levels=17, num=1, compact] [678.7 KB]
Allocating iteration vectors... [2 x 429.7 KB]
TOTAL: [1.5 MB]

Starting iterations...
Iteration 10787: max diff=0.000000, 5.00 sec so far
Iteration 20781: max diff=0.000000, 10.01 sec so far
Iteration 31026: max diff=0.000000, 15.01 sec so far
Iteration 41620: max diff=0.000000, 20.02 sec so far
Iteration 52200: max diff=0.000000, 25.02 sec so far
Iteration 62698: max diff=0.000000, 30.02 sec so far
Iteration 72670: max diff=0.000000, 35.03 sec so far
Iteration 82530: max diff=0.000000, 40.03 sec so far
Iteration 92571: max diff=0.000000, 45.04 sec so far
Iteration 103021: max diff=0.000000, 50.04 sec so far
Iteration 113195: max diff=0.000000, 55.04 sec so far
Iteration 122870: max diff=0.000000, 60.05 sec so far
Iteration 132422: max diff=0.000000, 65.05 sec so far
Iteration 141880: max diff=0.000000, 70.06 sec so far
Iteration 151539: max diff=0.000000, 75.06 sec so far
Iteration 161157: max diff=0.000000, 80.06 sec so far
Iteration 170888: max diff=0.000000, 85.07 sec so far
Iteration 180613: max diff=0.000000, 90.07 sec so far
Iteration 190229: max diff=0.000000, 95.08 sec so far
Iteration 200304: max diff=0.000000, 100.08 sec so far
Iteration 210346: max diff=0.000000, 105.08 sec so far
Iteration 220076: max diff=0.000000, 110.09 sec so far
Iteration 230117: max diff=0.000000, 115.09 sec so far
Iteration 240472: max diff=0.000000, 120.10 sec so far

Power method: 241887 iterations in 120.74 seconds (average 0.000499, setup 0.01)

Printing steady-state probabilities in plain text format to file "../../CZK_project/Output/t=0.1_median_1E-5_dynamic/hybrid/ph_10_5000_1E-5"...

Time for steady-state probability computation: 126.076 seconds.

