PRISM
=====

Version: 4.4
Date: Mon Jun 18 13:00:06 EDT 2018
Hostname: storm-eval
Memory limits: cudd=1g, java(heap)=910.5m
Command line: prism -hybrid -epsilon 2.85714e-10 -maxiters 100000000 -power -absolute -const 'k=35000,timeout=0.1,lambda=6.93147180559945309400' ../../CZK_project/Model/queue_withptf_ctmc.sm -ss -exportss ../../CZK_project/Output/t=0.1_median_1E-5_dynamic/hybrid/ph_10_35000_1E-5

Parsing model file "../../CZK_project/Model/queue_withptf_ctmc.sm"...

Type:        CTMC
Modules:     main trigger 
Variables:   qSize i 

---------------------------------------------------------------------

Computing steady-state probabilities...

Building model...
Model constants: k=35000,timeout=0.1,lambda=6.9314718056

Computing reachable states...

Reachability (BFS): 385000 iterations in 15.84 seconds (average 0.000041, setup 0.00)

Time for model construction: 110.723 seconds.

Type:        CTMC
States:      385000 (1 initial)
Transitions: 735000

Rate matrix: 232 nodes (3 terminal), 735000 minterms, vars: 20r/20c

SCCs: 1, BSCCs: 1, non-BSCC states: 0
BSCC sizes: 1:385000

Initial states all in one BSCC (so no reachability probabilities computed)

Computing probabilities...
Engine: Hybrid

Building power method iteration matrix MTBDD... [nodes=311] [6.1 Kb]
Building hybrid MTBDD matrix... [levels=20, nodes=353] [16.5 KB]
Adding explicit sparse matrices... [levels=15, num=8, compact] [820.3 KB]
Allocating iteration vectors... [2 x 2.9 MB]
TOTAL: [6.7 MB]

Starting iterations...
Iteration 1389: max diff=0.000000, 5.00 sec so far
Iteration 2759: max diff=0.000000, 10.01 sec so far
Iteration 4101: max diff=0.000000, 15.02 sec so far
Iteration 5415: max diff=0.000000, 20.02 sec so far
Iteration 6754: max diff=0.000000, 25.02 sec so far
Iteration 8135: max diff=0.000000, 30.03 sec so far
Iteration 9509: max diff=0.000000, 35.03 sec so far
Iteration 10826: max diff=0.000000, 40.04 sec so far
Iteration 12143: max diff=0.000000, 45.04 sec so far
Iteration 13809: max diff=0.000000, 50.05 sec so far
Iteration 15118: max diff=0.000000, 55.05 sec so far
Iteration 16425: max diff=0.000000, 60.06 sec so far
Iteration 17736: max diff=0.000000, 65.06 sec so far
Iteration 19029: max diff=0.000000, 70.06 sec so far
Iteration 20332: max diff=0.000000, 75.07 sec so far
Iteration 21758: max diff=0.000000, 80.07 sec so far
Iteration 23160: max diff=0.000000, 85.08 sec so far
Iteration 24669: max diff=0.000000, 90.08 sec so far
Iteration 26165: max diff=0.000000, 95.08 sec so far
Iteration 27581: max diff=0.000000, 100.09 sec so far
Iteration 28916: max diff=0.000000, 105.09 sec so far
Iteration 30246: max diff=0.000000, 110.10 sec so far
Iteration 31577: max diff=0.000000, 115.10 sec so far
Iteration 32731: max diff=0.000000, 120.10 sec so far
Iteration 33863: max diff=0.000000, 125.11 sec so far
Iteration 34960: max diff=0.000000, 130.12 sec so far
Iteration 36029: max diff=0.000000, 135.12 sec so far
Iteration 37099: max diff=0.000000, 140.12 sec so far
Iteration 38197: max diff=0.000000, 145.13 sec so far
Iteration 39303: max diff=0.000000, 150.14 sec so far
Iteration 40434: max diff=0.000000, 155.14 sec so far
Iteration 41570: max diff=0.000000, 160.14 sec so far
Iteration 42706: max diff=0.000000, 165.15 sec so far
Iteration 43845: max diff=0.000000, 170.15 sec so far
Iteration 44893: max diff=0.000000, 175.16 sec so far
Iteration 46074: max diff=0.000000, 180.16 sec so far
Iteration 47298: max diff=0.000000, 185.16 sec so far
Iteration 48623: max diff=0.000000, 190.17 sec so far
Iteration 49967: max diff=0.000000, 195.17 sec so far
Iteration 51313: max diff=0.000000, 200.18 sec so far
Iteration 52660: max diff=0.000000, 205.18 sec so far
Iteration 54008: max diff=0.000000, 210.18 sec so far
Iteration 55347: max diff=0.000000, 215.19 sec so far
Iteration 56685: max diff=0.000000, 220.19 sec so far
Iteration 58025: max diff=0.000000, 225.20 sec so far
Iteration 59331: max diff=0.000000, 230.20 sec so far
Iteration 60464: max diff=0.000000, 235.20 sec so far
Iteration 61594: max diff=0.000000, 240.21 sec so far
Iteration 62736: max diff=0.000000, 245.21 sec so far
Iteration 63868: max diff=0.000000, 250.22 sec so far
Iteration 65001: max diff=0.000000, 255.22 sec so far
Iteration 66141: max diff=0.000000, 260.22 sec so far
Iteration 67272: max diff=0.000000, 265.23 sec so far
Iteration 68407: max diff=0.000000, 270.23 sec so far
Iteration 69553: max diff=0.000000, 275.24 sec so far
Iteration 70685: max diff=0.000000, 280.24 sec so far
Iteration 71820: max diff=0.000000, 285.25 sec so far
Iteration 72955: max diff=0.000000, 290.25 sec so far
Iteration 74094: max diff=0.000000, 295.26 sec so far
Iteration 75202: max diff=0.000000, 300.26 sec so far
Iteration 76402: max diff=0.000000, 305.26 sec so far
Iteration 77730: max diff=0.000000, 310.27 sec so far
Iteration 79073: max diff=0.000000, 315.27 sec so far
Iteration 80416: max diff=0.000000, 320.28 sec so far
Iteration 81766: max diff=0.000000, 325.28 sec so far
Iteration 83110: max diff=0.000000, 330.28 sec so far
Iteration 84456: max diff=0.000000, 335.29 sec so far
Iteration 85799: max diff=0.000000, 340.29 sec so far
Iteration 87137: max diff=0.000000, 345.30 sec so far
Iteration 88434: max diff=0.000000, 350.30 sec so far
Iteration 89567: max diff=0.000000, 355.30 sec so far
Iteration 90709: max diff=0.000000, 360.31 sec so far
Iteration 91848: max diff=0.000000, 365.31 sec so far
Iteration 92988: max diff=0.000000, 370.32 sec so far
Iteration 94124: max diff=0.000000, 375.32 sec so far
Iteration 95257: max diff=0.000000, 380.32 sec so far
Iteration 96393: max diff=0.000000, 385.33 sec so far
Iteration 97499: max diff=0.000000, 390.33 sec so far
Iteration 98636: max diff=0.000000, 395.34 sec so far
Iteration 99771: max diff=0.000000, 400.34 sec so far
Iteration 101041: max diff=0.000000, 405.34 sec so far
Iteration 102361: max diff=0.000000, 410.35 sec so far
Iteration 103707: max diff=0.000000, 415.35 sec so far
Iteration 105058: max diff=0.000000, 420.36 sec so far
Iteration 106395: max diff=0.000000, 425.36 sec so far
Iteration 107743: max diff=0.000000, 430.36 sec so far
Iteration 109092: max diff=0.000000, 435.37 sec so far
Iteration 110447: max diff=0.000000, 440.37 sec so far
Iteration 111797: max diff=0.000000, 445.38 sec so far
Iteration 113118: max diff=0.000000, 450.38 sec so far
Iteration 114466: max diff=0.000000, 455.38 sec so far
Iteration 115817: max diff=0.000000, 460.39 sec so far
Iteration 117171: max diff=0.000000, 465.39 sec so far
Iteration 118519: max diff=0.000000, 470.40 sec so far
Iteration 119865: max diff=0.000000, 475.40 sec so far
Iteration 121213: max diff=0.000000, 480.40 sec so far
Iteration 122559: max diff=0.000000, 485.41 sec so far
Iteration 123915: max diff=0.000000, 490.41 sec so far
Iteration 125266: max diff=0.000000, 495.42 sec so far
Iteration 126615: max diff=0.000000, 500.42 sec so far
Iteration 127961: max diff=0.000000, 505.42 sec so far
Iteration 129308: max diff=0.000000, 510.43 sec so far
Iteration 130655: max diff=0.000000, 515.43 sec so far
Iteration 131988: max diff=0.000000, 520.44 sec so far
Iteration 133325: max diff=0.000000, 525.44 sec so far
Iteration 134665: max diff=0.000000, 530.44 sec so far
Iteration 136007: max diff=0.000000, 535.45 sec so far
Iteration 137348: max diff=0.000000, 540.45 sec so far
Iteration 138698: max diff=0.000000, 545.46 sec so far
Iteration 140040: max diff=0.000000, 550.46 sec so far
Iteration 141384: max diff=0.000000, 555.46 sec so far
Iteration 142728: max diff=0.000000, 560.47 sec so far
Iteration 144071: max diff=0.000000, 565.47 sec so far
Iteration 145416: max diff=0.000000, 570.48 sec so far
Iteration 146759: max diff=0.000000, 575.48 sec so far
Iteration 148105: max diff=0.000000, 580.48 sec so far
Iteration 149449: max diff=0.000000, 585.49 sec so far
Iteration 150791: max diff=0.000000, 590.49 sec so far
Iteration 152126: max diff=0.000000, 595.50 sec so far
Iteration 153491: max diff=0.000000, 600.50 sec so far
Iteration 154858: max diff=0.000000, 605.50 sec so far
Iteration 156220: max diff=0.000000, 610.51 sec so far
Iteration 157589: max diff=0.000000, 615.51 sec so far
Iteration 158954: max diff=0.000000, 620.52 sec so far
Iteration 160323: max diff=0.000000, 625.52 sec so far
Iteration 161689: max diff=0.000000, 630.52 sec so far
Iteration 163051: max diff=0.000000, 635.53 sec so far
Iteration 164389: max diff=0.000000, 640.53 sec so far
Iteration 165734: max diff=0.000000, 645.54 sec so far
Iteration 167083: max diff=0.000000, 650.54 sec so far
Iteration 168423: max diff=0.000000, 655.54 sec so far
Iteration 169772: max diff=0.000000, 660.55 sec so far
Iteration 171131: max diff=0.000000, 665.55 sec so far
Iteration 172487: max diff=0.000000, 670.56 sec so far
Iteration 173858: max diff=0.000000, 675.56 sec so far
Iteration 175223: max diff=0.000000, 680.56 sec so far
Iteration 176593: max diff=0.000000, 685.57 sec so far
Iteration 177960: max diff=0.000000, 690.57 sec so far
Iteration 179330: max diff=0.000000, 695.58 sec so far
Iteration 180699: max diff=0.000000, 700.58 sec so far
Iteration 182065: max diff=0.000000, 705.58 sec so far
Iteration 183428: max diff=0.000000, 710.59 sec so far
Iteration 184791: max diff=0.000000, 715.59 sec so far
Iteration 186158: max diff=0.000000, 720.60 sec so far
Iteration 187528: max diff=0.000000, 725.60 sec so far
Iteration 188897: max diff=0.000000, 730.60 sec so far
Iteration 190268: max diff=0.000000, 735.61 sec so far
Iteration 191634: max diff=0.000000, 740.61 sec so far
Iteration 193003: max diff=0.000000, 745.62 sec so far
Iteration 194373: max diff=0.000000, 750.62 sec so far
Iteration 195743: max diff=0.000000, 755.62 sec so far
Iteration 197116: max diff=0.000000, 760.63 sec so far
Iteration 198484: max diff=0.000000, 765.63 sec so far
Iteration 199848: max diff=0.000000, 770.64 sec so far
Iteration 201217: max diff=0.000000, 775.64 sec so far
Iteration 202576: max diff=0.000000, 780.64 sec so far
Iteration 203947: max diff=0.000000, 785.65 sec so far
Iteration 205329: max diff=0.000000, 790.65 sec so far
Iteration 206711: max diff=0.000000, 795.66 sec so far
Iteration 208090: max diff=0.000000, 800.66 sec so far
Iteration 209468: max diff=0.000000, 805.66 sec so far
Iteration 210837: max diff=0.000000, 810.67 sec so far
Iteration 212139: max diff=0.000000, 815.67 sec so far
Iteration 213483: max diff=0.000000, 820.68 sec so far
Iteration 214825: max diff=0.000000, 825.68 sec so far
Iteration 216176: max diff=0.000000, 830.68 sec so far
Iteration 217537: max diff=0.000000, 835.69 sec so far
Iteration 218895: max diff=0.000000, 840.69 sec so far
Iteration 220259: max diff=0.000000, 845.70 sec so far
Iteration 221622: max diff=0.000000, 850.70 sec so far
Iteration 222984: max diff=0.000000, 855.70 sec so far
Iteration 224347: max diff=0.000000, 860.71 sec so far
Iteration 225709: max diff=0.000000, 865.71 sec so far
Iteration 227067: max diff=0.000000, 870.72 sec so far
Iteration 228421: max diff=0.000000, 875.72 sec so far
Iteration 229781: max diff=0.000000, 880.72 sec so far
Iteration 231147: max diff=0.000000, 885.73 sec so far
Iteration 232466: max diff=0.000000, 890.73 sec so far
Iteration 233792: max diff=0.000000, 895.74 sec so far
Iteration 235124: max diff=0.000000, 900.74 sec so far
Iteration 236467: max diff=0.000000, 905.74 sec so far
Iteration 237833: max diff=0.000000, 910.75 sec so far
Iteration 239197: max diff=0.000000, 915.75 sec so far
Iteration 240579: max diff=0.000000, 920.76 sec so far
Iteration 241961: max diff=0.000000, 925.76 sec so far
Iteration 243318: max diff=0.000000, 930.76 sec so far
Iteration 244641: max diff=0.000000, 935.77 sec so far
Iteration 246000: max diff=0.000000, 940.77 sec so far
Iteration 247357: max diff=0.000000, 945.78 sec so far
Iteration 248705: max diff=0.000000, 950.78 sec so far
Iteration 250052: max diff=0.000000, 955.78 sec so far
Iteration 251404: max diff=0.000000, 960.79 sec so far
Iteration 252761: max diff=0.000000, 965.79 sec so far
Iteration 254115: max diff=0.000000, 970.80 sec so far
Iteration 255473: max diff=0.000000, 975.80 sec so far
Iteration 256827: max diff=0.000000, 980.80 sec so far
Iteration 258172: max diff=0.000000, 985.81 sec so far
Iteration 259515: max diff=0.000000, 990.81 sec so far
Iteration 260874: max diff=0.000000, 995.82 sec so far
Iteration 262237: max diff=0.000000, 1000.82 sec so far
Iteration 263174: max diff=0.000000, 1005.82 sec so far
Iteration 264102: max diff=0.000000, 1010.83 sec so far
Iteration 265054: max diff=0.000000, 1015.83 sec so far
Iteration 265994: max diff=0.000000, 1020.84 sec so far
Iteration 266931: max diff=0.000000, 1025.84 sec so far
Iteration 267871: max diff=0.000000, 1030.84 sec so far
Iteration 268809: max diff=0.000000, 1035.85 sec so far
Iteration 269752: max diff=0.000000, 1040.85 sec so far
Iteration 270702: max diff=0.000000, 1045.86 sec so far
Iteration 271569: max diff=0.000000, 1050.86 sec so far
Iteration 272517: max diff=0.000000, 1055.87 sec so far
Iteration 273469: max diff=0.000000, 1060.87 sec so far
Iteration 274416: max diff=0.000000, 1065.88 sec so far
Iteration 275358: max diff=0.000000, 1070.88 sec so far
Iteration 276297: max diff=0.000000, 1075.89 sec so far
Iteration 277211: max diff=0.000000, 1080.90 sec so far
Iteration 278154: max diff=0.000000, 1085.90 sec so far
Iteration 279098: max diff=0.000000, 1090.90 sec so far
Iteration 280028: max diff=0.000000, 1095.91 sec so far
Iteration 280955: max diff=0.000000, 1100.91 sec so far
Iteration 281901: max diff=0.000000, 1105.92 sec so far
Iteration 282782: max diff=0.000000, 1110.92 sec so far
Iteration 283628: max diff=0.000000, 1115.93 sec so far
Iteration 284574: max diff=0.000000, 1120.93 sec so far
Iteration 285527: max diff=0.000000, 1125.94 sec so far
Iteration 286443: max diff=0.000000, 1130.94 sec so far
Iteration 287364: max diff=0.000000, 1135.94 sec so far
Iteration 288290: max diff=0.000000, 1140.95 sec so far
Iteration 289235: max diff=0.000000, 1145.96 sec so far
Iteration 290134: max diff=0.000000, 1150.96 sec so far
Iteration 291037: max diff=0.000000, 1155.96 sec so far
Iteration 291994: max diff=0.000000, 1160.97 sec so far
Iteration 292928: max diff=0.000000, 1165.97 sec so far
Iteration 293868: max diff=0.000000, 1170.98 sec so far
Iteration 294801: max diff=0.000000, 1175.98 sec so far
Iteration 295711: max diff=0.000000, 1180.98 sec so far
Iteration 296651: max diff=0.000000, 1185.99 sec so far
Iteration 297589: max diff=0.000000, 1191.00 sec so far
Iteration 298504: max diff=0.000000, 1196.00 sec so far
Iteration 299435: max diff=0.000000, 1201.00 sec so far
Iteration 300331: max diff=0.000000, 1206.01 sec so far
Iteration 301252: max diff=0.000000, 1211.02 sec so far
Iteration 302140: max diff=0.000000, 1216.02 sec so far
Iteration 303025: max diff=0.000000, 1221.03 sec so far
Iteration 303788: max diff=0.000000, 1226.04 sec so far
Iteration 304717: max diff=0.000000, 1231.04 sec so far
Iteration 305634: max diff=0.000000, 1236.05 sec so far
Iteration 306563: max diff=0.000000, 1241.05 sec so far
Iteration 307499: max diff=0.000000, 1246.06 sec so far
Iteration 308423: max diff=0.000000, 1251.06 sec so far
Iteration 309335: max diff=0.000000, 1256.06 sec so far
Iteration 310248: max diff=0.000000, 1261.07 sec so far
Iteration 311169: max diff=0.000000, 1266.08 sec so far
Iteration 312101: max diff=0.000000, 1271.08 sec so far
Iteration 313034: max diff=0.000000, 1276.08 sec so far
Iteration 313989: max diff=0.000000, 1281.09 sec so far
Iteration 314932: max diff=0.000000, 1286.10 sec so far
Iteration 315872: max diff=0.000000, 1291.10 sec so far
Iteration 316793: max diff=0.000000, 1296.10 sec so far
Iteration 317736: max diff=0.000000, 1301.11 sec so far
Iteration 318672: max diff=0.000000, 1306.12 sec so far
Iteration 319598: max diff=0.000000, 1311.12 sec so far
Iteration 320540: max diff=0.000000, 1316.12 sec so far
Iteration 321424: max diff=0.000000, 1321.13 sec so far
Iteration 322345: max diff=0.000000, 1326.14 sec so far
Iteration 323252: max diff=0.000000, 1331.14 sec so far
Iteration 324148: max diff=0.000000, 1336.14 sec so far
Iteration 325072: max diff=0.000000, 1341.15 sec so far
Iteration 325999: max diff=0.000000, 1346.15 sec so far
Iteration 326905: max diff=0.000000, 1351.16 sec so far
Iteration 327819: max diff=0.000000, 1356.16 sec so far
Iteration 328717: max diff=0.000000, 1361.17 sec so far
Iteration 329644: max diff=0.000000, 1366.18 sec so far
Iteration 330559: max diff=0.000000, 1371.18 sec so far
Iteration 331481: max diff=0.000000, 1376.19 sec so far
Iteration 332376: max diff=0.000000, 1381.19 sec so far
Iteration 333264: max diff=0.000000, 1386.20 sec so far
Iteration 334191: max diff=0.000000, 1391.20 sec so far
Iteration 335063: max diff=0.000000, 1396.21 sec so far
Iteration 335943: max diff=0.000000, 1401.21 sec so far
Iteration 336858: max diff=0.000000, 1406.22 sec so far
Iteration 337771: max diff=0.000000, 1411.22 sec so far
Iteration 338633: max diff=0.000000, 1416.22 sec so far
Iteration 339523: max diff=0.000000, 1421.23 sec so far
Iteration 340434: max diff=0.000000, 1426.24 sec so far
Iteration 341349: max diff=0.000000, 1431.24 sec so far
Iteration 342252: max diff=0.000000, 1436.25 sec so far
Iteration 343150: max diff=0.000000, 1441.26 sec so far
Iteration 344070: max diff=0.000000, 1446.26 sec so far
Iteration 344990: max diff=0.000000, 1451.27 sec so far
Iteration 345909: max diff=0.000000, 1456.28 sec so far
Iteration 346822: max diff=0.000000, 1461.28 sec so far
Iteration 347753: max diff=0.000000, 1466.29 sec so far
Iteration 348667: max diff=0.000000, 1471.29 sec so far
Iteration 349597: max diff=0.000000, 1476.30 sec so far
Iteration 350518: max diff=0.000000, 1481.30 sec so far
Iteration 351388: max diff=0.000000, 1486.30 sec so far
Iteration 352277: max diff=0.000000, 1491.31 sec so far
Iteration 353202: max diff=0.000000, 1496.32 sec so far
Iteration 354138: max diff=0.000000, 1501.32 sec so far
Iteration 355061: max diff=0.000000, 1506.32 sec so far
Iteration 356027: max diff=0.000000, 1511.33 sec so far
Iteration 356979: max diff=0.000000, 1516.33 sec so far
Iteration 357931: max diff=0.000000, 1521.34 sec so far
Iteration 358861: max diff=0.000000, 1526.34 sec so far
Iteration 359755: max diff=0.000000, 1531.35 sec so far
Iteration 360668: max diff=0.000000, 1536.35 sec so far
Iteration 361576: max diff=0.000000, 1541.36 sec so far
Iteration 362496: max diff=0.000000, 1546.36 sec so far
Iteration 363391: max diff=0.000000, 1551.36 sec so far
Iteration 364333: max diff=0.000000, 1556.37 sec so far
Iteration 365265: max diff=0.000000, 1561.37 sec so far
Iteration 366085: max diff=0.000000, 1566.38 sec so far
Iteration 366878: max diff=0.000000, 1571.38 sec so far
Iteration 367686: max diff=0.000000, 1576.39 sec so far
Iteration 368566: max diff=0.000000, 1581.39 sec so far
Iteration 369492: max diff=0.000000, 1586.40 sec so far
Iteration 370428: max diff=0.000000, 1591.40 sec so far
Iteration 371322: max diff=0.000000, 1596.41 sec so far
Iteration 372363: max diff=0.000000, 1601.41 sec so far
Iteration 373678: max diff=0.000000, 1606.42 sec so far
Iteration 374955: max diff=0.000000, 1611.42 sec so far
Iteration 376290: max diff=0.000000, 1616.42 sec so far
Iteration 377524: max diff=0.000000, 1621.43 sec so far
Iteration 378833: max diff=0.000000, 1626.43 sec so far
Iteration 380149: max diff=0.000000, 1631.44 sec so far
Iteration 381478: max diff=0.000000, 1636.44 sec so far
Iteration 382748: max diff=0.000000, 1641.44 sec so far
Iteration 384030: max diff=0.000000, 1646.45 sec so far
Iteration 385207: max diff=0.000000, 1651.45 sec so far
Iteration 386353: max diff=0.000000, 1656.46 sec so far
Iteration 387655: max diff=0.000000, 1661.46 sec so far
Iteration 388951: max diff=0.000000, 1666.46 sec so far
Iteration 390241: max diff=0.000000, 1671.47 sec so far
Iteration 391568: max diff=0.000000, 1676.47 sec so far
Iteration 392849: max diff=0.000000, 1681.48 sec so far
Iteration 394120: max diff=0.000000, 1686.48 sec so far
Iteration 395485: max diff=0.000000, 1691.48 sec so far
Iteration 396796: max diff=0.000000, 1696.49 sec so far
Iteration 398102: max diff=0.000000, 1701.49 sec so far
Iteration 399399: max diff=0.000000, 1706.50 sec so far
Iteration 400661: max diff=0.000000, 1711.50 sec so far
Iteration 401974: max diff=0.000000, 1716.50 sec so far
Iteration 403257: max diff=0.000000, 1721.51 sec so far
Iteration 404531: max diff=0.000000, 1726.52 sec so far
Iteration 405800: max diff=0.000000, 1731.52 sec so far
Iteration 407087: max diff=0.000000, 1736.52 sec so far
Iteration 408358: max diff=0.000000, 1741.53 sec so far
Iteration 409646: max diff=0.000000, 1746.53 sec so far
Iteration 410916: max diff=0.000000, 1751.54 sec so far
Iteration 412162: max diff=0.000000, 1756.54 sec so far
Iteration 413507: max diff=0.000000, 1761.54 sec so far
Iteration 414857: max diff=0.000000, 1766.55 sec so far
Iteration 416151: max diff=0.000000, 1771.55 sec so far
Iteration 417482: max diff=0.000000, 1776.56 sec so far
Iteration 418747: max diff=0.000000, 1781.56 sec so far
Iteration 420059: max diff=0.000000, 1786.57 sec so far
Iteration 421326: max diff=0.000000, 1791.58 sec so far
Iteration 422583: max diff=0.000000, 1796.58 sec so far
Iteration 423789: max diff=0.000000, 1801.58 sec so far
Iteration 425138: max diff=0.000000, 1806.59 sec so far
Iteration 426400: max diff=0.000000, 1811.59 sec so far
Iteration 427665: max diff=0.000000, 1816.60 sec so far
Iteration 428888: max diff=0.000000, 1821.60 sec so far
Iteration 430199: max diff=0.000000, 1826.60 sec so far
Iteration 431433: max diff=0.000000, 1831.61 sec so far
Iteration 432776: max diff=0.000000, 1836.61 sec so far
Iteration 434033: max diff=0.000000, 1841.62 sec so far
Iteration 435341: max diff=0.000000, 1846.62 sec so far
Iteration 436633: max diff=0.000000, 1851.62 sec so far
Iteration 437993: max diff=0.000000, 1856.63 sec so far
Iteration 439308: max diff=0.000000, 1861.64 sec so far
Iteration 440661: max diff=0.000000, 1866.64 sec so far
Iteration 441922: max diff=0.000000, 1871.64 sec so far
Iteration 443217: max diff=0.000000, 1876.65 sec so far
Iteration 444558: max diff=0.000000, 1881.65 sec so far
Iteration 445909: max diff=0.000000, 1886.66 sec so far
Iteration 447266: max diff=0.000000, 1891.66 sec so far
Iteration 448562: max diff=0.000000, 1896.66 sec so far
Iteration 449824: max diff=0.000000, 1901.67 sec so far
Iteration 451085: max diff=0.000000, 1906.67 sec so far
Iteration 452354: max diff=0.000000, 1911.68 sec so far
Iteration 453616: max diff=0.000000, 1916.68 sec so far
Iteration 454977: max diff=0.000000, 1921.68 sec so far
Iteration 456329: max diff=0.000000, 1926.69 sec so far
Iteration 457615: max diff=0.000000, 1931.69 sec so far
Iteration 458883: max diff=0.000000, 1936.70 sec so far
Iteration 460171: max diff=0.000000, 1941.70 sec so far
Iteration 461447: max diff=0.000000, 1946.70 sec so far
Iteration 462707: max diff=0.000000, 1951.71 sec so far
Iteration 463941: max diff=0.000000, 1956.71 sec so far
Iteration 465240: max diff=0.000000, 1961.72 sec so far
Iteration 466540: max diff=0.000000, 1966.72 sec so far
Iteration 467815: max diff=0.000000, 1971.72 sec so far
Iteration 469109: max diff=0.000000, 1976.73 sec so far
Iteration 470410: max diff=0.000000, 1981.73 sec so far
Iteration 471701: max diff=0.000000, 1986.74 sec so far
Iteration 472969: max diff=0.000000, 1991.74 sec so far
Iteration 474232: max diff=0.000000, 1996.74 sec so far
Iteration 475548: max diff=0.000000, 2001.75 sec so far
Iteration 476830: max diff=0.000000, 2006.76 sec so far
Iteration 478126: max diff=0.000000, 2011.76 sec so far
Iteration 479365: max diff=0.000000, 2016.76 sec so far
Iteration 480662: max diff=0.000000, 2021.77 sec so far
Iteration 482017: max diff=0.000000, 2026.77 sec so far
Iteration 483346: max diff=0.000000, 2031.78 sec so far
Iteration 484642: max diff=0.000000, 2036.78 sec so far
Iteration 485919: max diff=0.000000, 2041.78 sec so far
Iteration 487264: max diff=0.000000, 2046.79 sec so far
Iteration 488570: max diff=0.000000, 2051.79 sec so far
Iteration 489923: max diff=0.000000, 2056.80 sec so far
Iteration 491188: max diff=0.000000, 2061.80 sec so far
Iteration 492434: max diff=0.000000, 2066.80 sec so far
Iteration 493682: max diff=0.000000, 2071.81 sec so far
Iteration 494931: max diff=0.000000, 2076.81 sec so far
Iteration 496207: max diff=0.000000, 2081.82 sec so far
Iteration 497512: max diff=0.000000, 2086.82 sec so far
Iteration 498815: max diff=0.000000, 2091.83 sec so far
Iteration 500177: max diff=0.000000, 2096.83 sec so far
Iteration 501487: max diff=0.000000, 2101.84 sec so far
Iteration 502805: max diff=0.000000, 2106.84 sec so far
Iteration 504086: max diff=0.000000, 2111.84 sec so far
Iteration 505393: max diff=0.000000, 2116.85 sec so far
Iteration 506645: max diff=0.000000, 2121.86 sec so far
Iteration 507908: max diff=0.000000, 2126.86 sec so far
Iteration 509213: max diff=0.000000, 2131.86 sec so far
Iteration 510521: max diff=0.000000, 2136.87 sec so far
Iteration 511847: max diff=0.000000, 2141.87 sec so far
Iteration 513121: max diff=0.000000, 2146.88 sec so far
Iteration 514461: max diff=0.000000, 2151.88 sec so far
Iteration 515686: max diff=0.000000, 2156.88 sec so far
Iteration 516917: max diff=0.000000, 2161.89 sec so far
Iteration 518206: max diff=0.000000, 2166.89 sec so far
Iteration 519544: max diff=0.000000, 2171.90 sec so far
Iteration 520903: max diff=0.000000, 2176.90 sec so far
Iteration 522218: max diff=0.000000, 2181.90 sec so far
Iteration 523467: max diff=0.000000, 2186.91 sec so far
Iteration 524720: max diff=0.000000, 2191.91 sec so far
Iteration 526081: max diff=0.000000, 2196.92 sec so far
Iteration 527066: max diff=0.000000, 2201.92 sec so far
Iteration 528015: max diff=0.000000, 2206.93 sec so far
Iteration 528944: max diff=0.000000, 2211.94 sec so far
Iteration 529869: max diff=0.000000, 2216.94 sec so far
Iteration 530797: max diff=0.000000, 2221.95 sec so far
Iteration 531697: max diff=0.000000, 2226.95 sec so far
Iteration 532570: max diff=0.000000, 2231.96 sec so far
Iteration 533428: max diff=0.000000, 2236.96 sec so far
Iteration 534370: max diff=0.000000, 2241.97 sec so far
Iteration 535108: max diff=0.000000, 2246.98 sec so far
Iteration 536001: max diff=0.000000, 2251.98 sec so far
Iteration 536961: max diff=0.000000, 2256.99 sec so far
Iteration 537884: max diff=0.000000, 2261.99 sec so far
Iteration 538803: max diff=0.000000, 2267.00 sec so far
Iteration 539733: max diff=0.000000, 2272.00 sec so far
Iteration 540657: max diff=0.000000, 2277.00 sec so far
Iteration 541578: max diff=0.000000, 2282.01 sec so far
Iteration 542491: max diff=0.000000, 2287.01 sec so far
Iteration 543316: max diff=0.000000, 2292.02 sec so far
Iteration 544166: max diff=0.000000, 2297.02 sec so far
Iteration 545054: max diff=0.000000, 2302.03 sec so far
Iteration 545906: max diff=0.000000, 2307.03 sec so far
Iteration 546775: max diff=0.000000, 2312.04 sec so far
Iteration 547593: max diff=0.000000, 2317.05 sec so far
Iteration 548402: max diff=0.000000, 2322.06 sec so far
Iteration 549255: max diff=0.000000, 2327.06 sec so far
Iteration 550116: max diff=0.000000, 2332.06 sec so far
Iteration 551004: max diff=0.000000, 2337.07 sec so far
Iteration 551872: max diff=0.000000, 2342.08 sec so far
Iteration 552714: max diff=0.000000, 2347.08 sec so far
Iteration 553584: max diff=0.000000, 2352.09 sec so far
Iteration 554451: max diff=0.000000, 2357.10 sec so far
Iteration 555300: max diff=0.000000, 2362.10 sec so far
Iteration 556181: max diff=0.000000, 2367.11 sec so far
Iteration 557005: max diff=0.000000, 2372.11 sec so far
Iteration 557883: max diff=0.000000, 2377.12 sec so far
Iteration 558750: max diff=0.000000, 2382.12 sec so far
Iteration 559609: max diff=0.000000, 2387.13 sec so far
Iteration 560481: max diff=0.000000, 2392.13 sec so far
Iteration 561332: max diff=0.000000, 2397.14 sec so far
Iteration 562202: max diff=0.000000, 2402.14 sec so far
Iteration 563059: max diff=0.000000, 2407.15 sec so far
Iteration 563924: max diff=0.000000, 2412.15 sec so far
Iteration 564789: max diff=0.000000, 2417.16 sec so far
Iteration 565662: max diff=0.000000, 2422.16 sec so far
Iteration 566518: max diff=0.000000, 2427.17 sec so far
Iteration 567368: max diff=0.000000, 2432.17 sec so far
Iteration 568195: max diff=0.000000, 2437.18 sec so far
Iteration 568983: max diff=0.000000, 2442.18 sec so far
Iteration 569826: max diff=0.000000, 2447.19 sec so far
Iteration 570663: max diff=0.000000, 2452.20 sec so far
Iteration 571529: max diff=0.000000, 2457.20 sec so far
Iteration 572394: max diff=0.000000, 2462.20 sec so far
Iteration 573261: max diff=0.000000, 2467.21 sec so far
Iteration 574133: max diff=0.000000, 2472.21 sec so far
Iteration 575000: max diff=0.000000, 2477.22 sec so far
Iteration 575861: max diff=0.000000, 2482.23 sec so far
Iteration 576742: max diff=0.000000, 2487.24 sec so far
Iteration 577613: max diff=0.000000, 2492.24 sec so far
Iteration 578428: max diff=0.000000, 2497.25 sec so far
Iteration 579303: max diff=0.000000, 2502.26 sec so far
Iteration 580166: max diff=0.000000, 2507.26 sec so far
Iteration 581043: max diff=0.000000, 2512.27 sec so far
Iteration 581913: max diff=0.000000, 2517.27 sec so far
Iteration 582781: max diff=0.000000, 2522.28 sec so far
Iteration 583678: max diff=0.000000, 2527.28 sec so far
Iteration 584556: max diff=0.000000, 2532.29 sec so far
Iteration 585429: max diff=0.000000, 2537.30 sec so far
Iteration 586284: max diff=0.000000, 2542.30 sec so far
Iteration 586995: max diff=0.000000, 2547.31 sec so far
Iteration 587836: max diff=0.000000, 2552.31 sec so far
Iteration 588693: max diff=0.000000, 2557.32 sec so far
Iteration 589551: max diff=0.000000, 2562.33 sec so far
Iteration 590416: max diff=0.000000, 2567.33 sec so far
Iteration 591290: max diff=0.000000, 2572.34 sec so far
Iteration 592171: max diff=0.000000, 2577.34 sec so far
Iteration 593024: max diff=0.000000, 2582.35 sec so far
Iteration 593966: max diff=0.000000, 2587.35 sec so far
Iteration 594975: max diff=0.000000, 2592.36 sec so far
Iteration 595807: max diff=0.000000, 2597.36 sec so far
Iteration 596663: max diff=0.000000, 2602.37 sec so far
Iteration 597535: max diff=0.000000, 2607.37 sec so far
Iteration 598404: max diff=0.000000, 2612.38 sec so far
Iteration 599274: max diff=0.000000, 2617.38 sec so far
Iteration 600131: max diff=0.000000, 2622.38 sec so far
Iteration 600970: max diff=0.000000, 2627.39 sec so far
Iteration 601832: max diff=0.000000, 2632.39 sec so far
Iteration 602696: max diff=0.000000, 2637.40 sec so far
Iteration 603558: max diff=0.000000, 2642.40 sec so far
Iteration 604399: max diff=0.000000, 2647.40 sec so far
Iteration 605264: max diff=0.000000, 2652.41 sec so far
Iteration 606089: max diff=0.000000, 2657.42 sec so far
Iteration 606947: max diff=0.000000, 2662.42 sec so far
Iteration 607894: max diff=0.000000, 2667.43 sec so far
Iteration 609123: max diff=0.000000, 2672.43 sec so far
Iteration 610350: max diff=0.000000, 2677.44 sec so far
Iteration 611574: max diff=0.000000, 2682.44 sec so far
Iteration 612796: max diff=0.000000, 2687.44 sec so far
Iteration 614009: max diff=0.000000, 2692.45 sec so far
Iteration 614778: max diff=0.000000, 2697.45 sec so far
Iteration 615516: max diff=0.000000, 2702.46 sec so far
Iteration 616441: max diff=0.000000, 2707.47 sec so far
Iteration 617218: max diff=0.000000, 2712.47 sec so far
Iteration 618027: max diff=0.000000, 2717.48 sec so far
Iteration 618837: max diff=0.000000, 2722.48 sec so far
Iteration 619675: max diff=0.000000, 2727.48 sec so far
Iteration 620515: max diff=0.000000, 2732.49 sec so far
Iteration 621369: max diff=0.000000, 2737.50 sec so far
Iteration 622131: max diff=0.000000, 2742.51 sec so far
Iteration 623093: max diff=0.000000, 2747.51 sec so far
Iteration 624075: max diff=0.000000, 2752.52 sec so far
Iteration 625073: max diff=0.000000, 2757.52 sec so far
Iteration 626055: max diff=0.000000, 2762.53 sec so far
Iteration 627075: max diff=0.000000, 2767.54 sec so far
Iteration 628089: max diff=0.000000, 2772.54 sec so far
Iteration 629088: max diff=0.000000, 2777.54 sec so far
Iteration 630147: max diff=0.000000, 2782.55 sec so far
Iteration 631156: max diff=0.000000, 2787.56 sec so far
Iteration 632330: max diff=0.000000, 2792.56 sec so far
Iteration 633698: max diff=0.000000, 2797.56 sec so far
Iteration 635032: max diff=0.000000, 2802.57 sec so far
Iteration 636364: max diff=0.000000, 2807.58 sec so far
Iteration 637699: max diff=0.000000, 2812.58 sec so far
Iteration 639030: max diff=0.000000, 2817.59 sec so far
Iteration 640360: max diff=0.000000, 2822.59 sec so far
Iteration 641686: max diff=0.000000, 2827.60 sec so far
Iteration 642954: max diff=0.000000, 2832.60 sec so far
Iteration 644187: max diff=0.000000, 2837.60 sec so far
Iteration 645508: max diff=0.000000, 2842.61 sec so far
Iteration 646826: max diff=0.000000, 2847.61 sec so far
Iteration 648153: max diff=0.000000, 2852.62 sec so far
Iteration 649481: max diff=0.000000, 2857.62 sec so far
Iteration 650808: max diff=0.000000, 2862.62 sec so far
Iteration 652137: max diff=0.000000, 2867.63 sec so far
Iteration 653465: max diff=0.000000, 2872.63 sec so far
Iteration 654794: max diff=0.000000, 2877.64 sec so far
Iteration 656123: max diff=0.000000, 2882.64 sec so far
Iteration 657452: max diff=0.000000, 2887.64 sec so far
Iteration 658780: max diff=0.000000, 2892.65 sec so far
Iteration 660110: max diff=0.000000, 2897.65 sec so far
Iteration 661445: max diff=0.000000, 2902.66 sec so far
Iteration 662780: max diff=0.000000, 2907.66 sec so far
Iteration 664108: max diff=0.000000, 2912.66 sec so far
Iteration 665439: max diff=0.000000, 2917.67 sec so far
Iteration 666765: max diff=0.000000, 2922.67 sec so far
Iteration 668073: max diff=0.000000, 2927.68 sec so far
Iteration 669359: max diff=0.000000, 2932.68 sec so far
Iteration 670640: max diff=0.000000, 2937.68 sec so far
Iteration 671924: max diff=0.000000, 2942.69 sec so far
Iteration 673215: max diff=0.000000, 2947.70 sec so far
Iteration 674522: max diff=0.000000, 2952.71 sec so far
Iteration 675811: max diff=0.000000, 2957.71 sec so far
Iteration 677139: max diff=0.000000, 2962.72 sec so far
Iteration 678373: max diff=0.000000, 2967.72 sec so far
Iteration 679543: max diff=0.000000, 2972.72 sec so far
Iteration 680714: max diff=0.000000, 2977.73 sec so far
Iteration 681847: max diff=0.000000, 2982.73 sec so far
Iteration 683007: max diff=0.000000, 2987.74 sec so far
Iteration 684171: max diff=0.000000, 2992.74 sec so far
Iteration 685334: max diff=0.000000, 2997.74 sec so far
Iteration 686473: max diff=0.000000, 3002.75 sec so far
Iteration 687613: max diff=0.000000, 3007.75 sec so far
Iteration 688843: max diff=0.000000, 3012.76 sec so far
Iteration 690107: max diff=0.000000, 3017.76 sec so far
Iteration 691348: max diff=0.000000, 3022.77 sec so far
Iteration 692639: max diff=0.000000, 3027.77 sec so far
Iteration 693922: max diff=0.000000, 3032.78 sec so far
Iteration 695233: max diff=0.000000, 3037.78 sec so far
Iteration 696512: max diff=0.000000, 3042.78 sec so far
Iteration 697768: max diff=0.000000, 3047.79 sec so far
Iteration 698982: max diff=0.000000, 3052.79 sec so far
Iteration 700218: max diff=0.000000, 3057.80 sec so far
Iteration 701458: max diff=0.000000, 3062.80 sec so far
Iteration 702721: max diff=0.000000, 3067.81 sec so far
Iteration 703952: max diff=0.000000, 3072.81 sec so far
Iteration 705147: max diff=0.000000, 3077.82 sec so far
Iteration 706413: max diff=0.000000, 3082.82 sec so far
Iteration 707723: max diff=0.000000, 3087.83 sec so far
Iteration 709042: max diff=0.000000, 3092.83 sec so far
Iteration 710384: max diff=0.000000, 3097.84 sec so far
Iteration 711661: max diff=0.000000, 3102.84 sec so far
Iteration 712945: max diff=0.000000, 3107.85 sec so far
Iteration 714243: max diff=0.000000, 3112.85 sec so far
Iteration 715556: max diff=0.000000, 3117.86 sec so far
Iteration 716861: max diff=0.000000, 3122.86 sec so far
Iteration 718169: max diff=0.000000, 3127.87 sec so far
Iteration 719476: max diff=0.000000, 3132.88 sec so far
Iteration 720695: max diff=0.000000, 3137.88 sec so far
Iteration 721868: max diff=0.000000, 3142.88 sec so far
Iteration 723057: max diff=0.000000, 3147.89 sec so far
Iteration 724264: max diff=0.000000, 3152.89 sec so far
Iteration 725549: max diff=0.000000, 3157.90 sec so far
Iteration 726811: max diff=0.000000, 3162.90 sec so far
Iteration 728098: max diff=0.000000, 3167.90 sec so far
Iteration 729381: max diff=0.000000, 3172.91 sec so far
Iteration 730664: max diff=0.000000, 3177.91 sec so far
Iteration 731908: max diff=0.000000, 3182.92 sec so far
Iteration 733111: max diff=0.000000, 3187.92 sec so far
Iteration 734333: max diff=0.000000, 3192.93 sec so far
Iteration 735548: max diff=0.000000, 3197.94 sec so far
Iteration 736766: max diff=0.000000, 3202.94 sec so far
Iteration 737976: max diff=0.000000, 3207.94 sec so far
Iteration 739209: max diff=0.000000, 3212.95 sec so far
Iteration 740459: max diff=0.000000, 3217.95 sec so far
Iteration 741731: max diff=0.000000, 3222.96 sec so far
Iteration 743000: max diff=0.000000, 3227.96 sec so far
Iteration 744257: max diff=0.000000, 3232.96 sec so far
Iteration 745507: max diff=0.000000, 3237.97 sec so far
Iteration 746713: max diff=0.000000, 3242.97 sec so far
Iteration 747924: max diff=0.000000, 3247.98 sec so far
Iteration 749146: max diff=0.000000, 3252.98 sec so far
Iteration 750394: max diff=0.000000, 3257.98 sec so far
Iteration 751619: max diff=0.000000, 3262.99 sec so far
Iteration 752854: max diff=0.000000, 3267.99 sec so far
Iteration 754078: max diff=0.000000, 3273.00 sec so far
Iteration 755337: max diff=0.000000, 3278.00 sec so far
Iteration 756533: max diff=0.000000, 3283.00 sec so far
Iteration 757727: max diff=0.000000, 3288.01 sec so far
Iteration 759009: max diff=0.000000, 3293.01 sec so far
Iteration 760295: max diff=0.000000, 3298.02 sec so far
Iteration 761507: max diff=0.000000, 3303.02 sec so far
Iteration 762733: max diff=0.000000, 3308.02 sec so far
Iteration 764021: max diff=0.000000, 3313.03 sec so far
Iteration 765304: max diff=0.000000, 3318.03 sec so far
Iteration 766554: max diff=0.000000, 3323.04 sec so far
Iteration 767778: max diff=0.000000, 3328.04 sec so far
Iteration 769000: max diff=0.000000, 3333.04 sec so far
Iteration 770211: max diff=0.000000, 3338.05 sec so far
Iteration 771406: max diff=0.000000, 3343.05 sec so far
Iteration 772588: max diff=0.000000, 3348.06 sec so far
Iteration 773848: max diff=0.000000, 3353.06 sec so far
Iteration 775046: max diff=0.000000, 3358.06 sec so far
Iteration 776235: max diff=0.000000, 3363.07 sec so far
Iteration 777409: max diff=0.000000, 3368.07 sec so far
Iteration 778581: max diff=0.000000, 3373.08 sec so far
Iteration 779754: max diff=0.000000, 3378.08 sec so far
Iteration 780981: max diff=0.000000, 3383.09 sec so far
Iteration 782248: max diff=0.000000, 3388.09 sec so far
Iteration 783463: max diff=0.000000, 3393.10 sec so far
Iteration 784629: max diff=0.000000, 3398.10 sec so far
Iteration 785829: max diff=0.000000, 3403.11 sec so far
Iteration 787061: max diff=0.000000, 3408.11 sec so far
Iteration 788291: max diff=0.000000, 3413.12 sec so far
Iteration 789538: max diff=0.000000, 3418.12 sec so far
Iteration 790776: max diff=0.000000, 3423.12 sec so far
Iteration 792033: max diff=0.000000, 3428.13 sec so far
Iteration 793269: max diff=0.000000, 3433.13 sec so far
Iteration 794498: max diff=0.000000, 3438.14 sec so far
Iteration 795711: max diff=0.000000, 3443.14 sec so far
Iteration 797051: max diff=0.000000, 3448.14 sec so far
Iteration 798354: max diff=0.000000, 3453.15 sec so far
Iteration 799641: max diff=0.000000, 3458.15 sec so far
Iteration 800938: max diff=0.000000, 3463.16 sec so far
Iteration 802167: max diff=0.000000, 3468.16 sec so far
Iteration 803380: max diff=0.000000, 3473.16 sec so far
Iteration 804592: max diff=0.000000, 3478.17 sec so far
Iteration 805775: max diff=0.000000, 3483.17 sec so far
Iteration 807018: max diff=0.000000, 3488.18 sec so far
Iteration 808223: max diff=0.000000, 3493.18 sec so far
Iteration 809446: max diff=0.000000, 3498.18 sec so far
Iteration 810655: max diff=0.000000, 3503.19 sec so far
Iteration 811909: max diff=0.000000, 3508.19 sec so far
Iteration 813143: max diff=0.000000, 3513.20 sec so far
Iteration 814361: max diff=0.000000, 3518.20 sec so far
Iteration 815568: max diff=0.000000, 3523.20 sec so far
Iteration 816766: max diff=0.000000, 3528.21 sec so far
Iteration 817985: max diff=0.000000, 3533.21 sec so far
Iteration 819341: max diff=0.000000, 3538.22 sec so far
Iteration 820721: max diff=0.000000, 3543.22 sec so far
Iteration 822091: max diff=0.000000, 3548.22 sec so far
Iteration 823463: max diff=0.000000, 3553.23 sec so far
Iteration 824833: max diff=0.000000, 3558.23 sec so far
Iteration 826200: max diff=0.000000, 3563.24 sec so far
Iteration 827575: max diff=0.000000, 3568.24 sec so far
Iteration 828953: max diff=0.000000, 3573.24 sec so far
Iteration 830329: max diff=0.000000, 3578.25 sec so far
Iteration 831712: max diff=0.000000, 3583.25 sec so far
Iteration 833094: max diff=0.000000, 3588.26 sec so far
Iteration 834469: max diff=0.000000, 3593.26 sec so far
Iteration 835850: max diff=0.000000, 3598.26 sec so far
Iteration 837235: max diff=0.000000, 3603.27 sec so far
Iteration 838608: max diff=0.000000, 3608.27 sec so far
Iteration 839986: max diff=0.000000, 3613.28 sec so far
Iteration 841363: max diff=0.000000, 3618.28 sec so far
Iteration 842745: max diff=0.000000, 3623.28 sec so far
Iteration 844141: max diff=0.000000, 3628.29 sec so far
Iteration 845530: max diff=0.000000, 3633.29 sec so far
Iteration 846918: max diff=0.000000, 3638.30 sec so far
Iteration 848291: max diff=0.000000, 3643.30 sec so far
Iteration 849651: max diff=0.000000, 3648.30 sec so far
Iteration 851031: max diff=0.000000, 3653.31 sec so far
Iteration 852407: max diff=0.000000, 3658.31 sec so far
Iteration 853784: max diff=0.000000, 3663.32 sec so far
Iteration 855181: max diff=0.000000, 3668.32 sec so far
Iteration 856562: max diff=0.000000, 3673.32 sec so far
Iteration 857936: max diff=0.000000, 3678.33 sec so far
Iteration 859285: max diff=0.000000, 3683.34 sec so far
Iteration 860619: max diff=0.000000, 3688.34 sec so far
Iteration 861959: max diff=0.000000, 3693.34 sec so far
Iteration 863275: max diff=0.000000, 3698.35 sec so far
Iteration 864542: max diff=0.000000, 3703.35 sec so far
Iteration 865795: max diff=0.000000, 3708.36 sec so far
Iteration 867163: max diff=0.000000, 3713.36 sec so far
Iteration 868535: max diff=0.000000, 3718.36 sec so far
Iteration 869903: max diff=0.000000, 3723.37 sec so far
Iteration 871278: max diff=0.000000, 3728.37 sec so far
Iteration 872657: max diff=0.000000, 3733.38 sec so far
Iteration 874032: max diff=0.000000, 3738.38 sec so far
Iteration 875399: max diff=0.000000, 3743.38 sec so far
Iteration 876776: max diff=0.000000, 3748.39 sec so far
Iteration 878147: max diff=0.000000, 3753.39 sec so far
Iteration 879523: max diff=0.000000, 3758.40 sec so far
Iteration 880907: max diff=0.000000, 3763.40 sec so far
Iteration 882188: max diff=0.000000, 3768.41 sec so far
Iteration 883429: max diff=0.000000, 3773.42 sec so far
Iteration 884771: max diff=0.000000, 3778.42 sec so far
Iteration 886139: max diff=0.000000, 3783.42 sec so far
Iteration 887455: max diff=0.000000, 3788.43 sec so far
Iteration 888683: max diff=0.000000, 3793.43 sec so far
Iteration 889898: max diff=0.000000, 3798.44 sec so far
Iteration 891144: max diff=0.000000, 3803.44 sec so far
Iteration 892370: max diff=0.000000, 3808.44 sec so far
Iteration 893625: max diff=0.000000, 3813.45 sec so far
Iteration 894868: max diff=0.000000, 3818.45 sec so far
Iteration 896157: max diff=0.000000, 3823.46 sec so far
Iteration 897490: max diff=0.000000, 3828.46 sec so far
Iteration 898832: max diff=0.000000, 3833.46 sec so far
Iteration 900152: max diff=0.000000, 3838.47 sec so far
Iteration 901472: max diff=0.000000, 3843.47 sec so far
Iteration 902804: max diff=0.000000, 3848.48 sec so far
Iteration 904138: max diff=0.000000, 3853.48 sec so far
Iteration 905501: max diff=0.000000, 3858.48 sec so far
Iteration 906846: max diff=0.000000, 3863.49 sec so far
Iteration 908219: max diff=0.000000, 3868.49 sec so far
Iteration 909591: max diff=0.000000, 3873.50 sec so far
Iteration 910971: max diff=0.000000, 3878.50 sec so far
Iteration 912350: max diff=0.000000, 3883.50 sec so far
Iteration 913732: max diff=0.000000, 3888.51 sec so far
Iteration 915106: max diff=0.000000, 3893.51 sec so far
Iteration 916486: max diff=0.000000, 3898.52 sec so far
Iteration 917866: max diff=0.000000, 3903.52 sec so far
Iteration 919246: max diff=0.000000, 3908.52 sec so far
Iteration 920625: max diff=0.000000, 3913.53 sec so far
Iteration 922006: max diff=0.000000, 3918.53 sec so far
Iteration 923386: max diff=0.000000, 3923.54 sec so far
Iteration 924764: max diff=0.000000, 3928.54 sec so far
Iteration 926143: max diff=0.000000, 3933.54 sec so far
Iteration 927518: max diff=0.000000, 3938.55 sec so far
Iteration 928897: max diff=0.000000, 3943.55 sec so far
Iteration 930275: max diff=0.000000, 3948.56 sec so far
Iteration 931651: max diff=0.000000, 3953.56 sec so far
Iteration 933030: max diff=0.000000, 3958.56 sec so far
Iteration 934409: max diff=0.000000, 3963.57 sec so far
Iteration 935786: max diff=0.000000, 3968.57 sec so far
Iteration 937166: max diff=0.000000, 3973.58 sec so far
Iteration 938533: max diff=0.000000, 3978.58 sec so far
Iteration 939867: max diff=0.000000, 3983.58 sec so far
Iteration 941201: max diff=0.000000, 3988.59 sec so far
Iteration 942533: max diff=0.000000, 3993.59 sec so far
Iteration 943867: max diff=0.000000, 3998.60 sec so far
Iteration 945204: max diff=0.000000, 4003.60 sec so far
Iteration 946535: max diff=0.000000, 4008.60 sec so far
Iteration 947867: max diff=0.000000, 4013.61 sec so far
Iteration 949202: max diff=0.000000, 4018.61 sec so far
Iteration 950536: max diff=0.000000, 4023.62 sec so far
Iteration 951868: max diff=0.000000, 4028.62 sec so far
Iteration 953200: max diff=0.000000, 4033.62 sec so far
Iteration 954530: max diff=0.000000, 4038.63 sec so far
Iteration 955859: max diff=0.000000, 4043.63 sec so far
Iteration 957189: max diff=0.000000, 4048.64 sec so far
Iteration 958523: max diff=0.000000, 4053.64 sec so far
Iteration 959856: max diff=0.000000, 4058.65 sec so far
Iteration 961192: max diff=0.000000, 4063.65 sec so far
Iteration 962523: max diff=0.000000, 4068.66 sec so far
Iteration 963856: max diff=0.000000, 4073.66 sec so far
Iteration 965188: max diff=0.000000, 4078.66 sec so far
Iteration 966517: max diff=0.000000, 4083.67 sec so far
Iteration 967848: max diff=0.000000, 4088.67 sec so far
Iteration 969180: max diff=0.000000, 4093.68 sec so far
Iteration 970514: max diff=0.000000, 4098.68 sec so far
Iteration 971843: max diff=0.000000, 4103.68 sec so far
Iteration 973175: max diff=0.000000, 4108.69 sec so far
Iteration 974509: max diff=0.000000, 4113.69 sec so far
Iteration 975841: max diff=0.000000, 4118.70 sec so far
Iteration 977176: max diff=0.000000, 4123.70 sec so far
Iteration 978508: max diff=0.000000, 4128.70 sec so far
Iteration 979839: max diff=0.000000, 4133.71 sec so far
Iteration 981174: max diff=0.000000, 4138.71 sec so far
Iteration 982492: max diff=0.000000, 4143.72 sec so far
Iteration 983819: max diff=0.000000, 4148.72 sec so far
Iteration 985141: max diff=0.000000, 4153.72 sec so far
Iteration 986475: max diff=0.000000, 4158.73 sec so far
Iteration 987810: max diff=0.000000, 4163.73 sec so far
Iteration 989146: max diff=0.000000, 4168.74 sec so far
Iteration 990486: max diff=0.000000, 4173.74 sec so far
Iteration 991805: max diff=0.000000, 4178.74 sec so far
Iteration 993143: max diff=0.000000, 4183.75 sec so far
Iteration 994477: max diff=0.000000, 4188.75 sec so far
Iteration 995817: max diff=0.000000, 4193.76 sec so far
Iteration 997153: max diff=0.000000, 4198.76 sec so far
Iteration 998489: max diff=0.000000, 4203.76 sec so far
Iteration 999825: max diff=0.000000, 4208.77 sec so far
Iteration 1001159: max diff=0.000000, 4213.77 sec so far
Iteration 1002492: max diff=0.000000, 4218.78 sec so far
Iteration 1003819: max diff=0.000000, 4223.78 sec so far
Iteration 1005158: max diff=0.000000, 4228.78 sec so far
Iteration 1006494: max diff=0.000000, 4233.79 sec so far
Iteration 1007836: max diff=0.000000, 4238.79 sec so far
Iteration 1009170: max diff=0.000000, 4243.80 sec so far
Iteration 1010508: max diff=0.000000, 4248.80 sec so far
Iteration 1011844: max diff=0.000000, 4253.80 sec so far
Iteration 1013183: max diff=0.000000, 4258.81 sec so far
Iteration 1014518: max diff=0.000000, 4263.81 sec so far
Iteration 1015856: max diff=0.000000, 4268.82 sec so far
Iteration 1017185: max diff=0.000000, 4273.82 sec so far
Iteration 1018517: max diff=0.000000, 4278.82 sec so far
Iteration 1019856: max diff=0.000000, 4283.83 sec so far
Iteration 1021194: max diff=0.000000, 4288.83 sec so far
Iteration 1022529: max diff=0.000000, 4293.84 sec so far
Iteration 1023867: max diff=0.000000, 4298.84 sec so far
Iteration 1025190: max diff=0.000000, 4303.84 sec so far
Iteration 1026524: max diff=0.000000, 4308.85 sec so far
Iteration 1027856: max diff=0.000000, 4313.85 sec so far
Iteration 1029192: max diff=0.000000, 4318.86 sec so far
Iteration 1030522: max diff=0.000000, 4323.86 sec so far
Iteration 1031856: max diff=0.000000, 4328.86 sec so far
Iteration 1033184: max diff=0.000000, 4333.87 sec so far
Iteration 1034512: max diff=0.000000, 4338.87 sec so far
Iteration 1035840: max diff=0.000000, 4343.88 sec so far
Iteration 1037166: max diff=0.000000, 4348.88 sec so far
Iteration 1038491: max diff=0.000000, 4353.88 sec so far
Iteration 1039820: max diff=0.000000, 4358.89 sec so far
Iteration 1041147: max diff=0.000000, 4363.89 sec so far
Iteration 1042488: max diff=0.000000, 4368.90 sec so far
Iteration 1043806: max diff=0.000000, 4373.90 sec so far
Iteration 1045127: max diff=0.000000, 4378.90 sec so far
Iteration 1046453: max diff=0.000000, 4383.91 sec so far
Iteration 1047775: max diff=0.000000, 4388.91 sec so far
Iteration 1049098: max diff=0.000000, 4393.92 sec so far
Iteration 1050426: max diff=0.000000, 4398.92 sec so far
Iteration 1051751: max diff=0.000000, 4403.92 sec so far
Iteration 1053071: max diff=0.000000, 4408.93 sec so far
Iteration 1054386: max diff=0.000000, 4413.93 sec so far
Iteration 1055704: max diff=0.000000, 4418.94 sec so far
Iteration 1057023: max diff=0.000000, 4423.94 sec so far
Iteration 1058338: max diff=0.000000, 4428.94 sec so far
Iteration 1059654: max diff=0.000000, 4433.95 sec so far
Iteration 1060968: max diff=0.000000, 4438.95 sec so far
Iteration 1062280: max diff=0.000000, 4443.96 sec so far
Iteration 1063612: max diff=0.000000, 4448.96 sec so far
Iteration 1064938: max diff=0.000000, 4453.96 sec so far
Iteration 1066262: max diff=0.000000, 4458.97 sec so far
Iteration 1067579: max diff=0.000000, 4463.97 sec so far
Iteration 1068874: max diff=0.000000, 4468.98 sec so far
Iteration 1070183: max diff=0.000000, 4473.98 sec so far
Iteration 1071498: max diff=0.000000, 4478.98 sec so far
Iteration 1072836: max diff=0.000000, 4483.99 sec so far
Iteration 1074118: max diff=0.000000, 4488.99 sec so far
Iteration 1075439: max diff=0.000000, 4494.00 sec so far
Iteration 1076763: max diff=0.000000, 4499.00 sec so far
Iteration 1078095: max diff=0.000000, 4504.00 sec so far
Iteration 1079431: max diff=0.000000, 4509.01 sec so far
Iteration 1080770: max diff=0.000000, 4514.01 sec so far
Iteration 1082109: max diff=0.000000, 4519.02 sec so far
Iteration 1083450: max diff=0.000000, 4524.02 sec so far
Iteration 1084793: max diff=0.000000, 4529.02 sec so far
Iteration 1086131: max diff=0.000000, 4534.03 sec so far
Iteration 1087470: max diff=0.000000, 4539.03 sec so far
Iteration 1088809: max diff=0.000000, 4544.04 sec so far
Iteration 1090147: max diff=0.000000, 4549.04 sec so far
Iteration 1091485: max diff=0.000000, 4554.04 sec so far
Iteration 1092824: max diff=0.000000, 4559.05 sec so far
Iteration 1094162: max diff=0.000000, 4564.05 sec so far
Iteration 1095502: max diff=0.000000, 4569.06 sec so far
Iteration 1096829: max diff=0.000000, 4574.06 sec so far
Iteration 1098164: max diff=0.000000, 4579.06 sec so far
Iteration 1099520: max diff=0.000000, 4584.07 sec so far
Iteration 1100880: max diff=0.000000, 4589.07 sec so far
Iteration 1102208: max diff=0.000000, 4594.08 sec so far
Iteration 1103550: max diff=0.000000, 4599.08 sec so far
Iteration 1104931: max diff=0.000000, 4604.08 sec so far
Iteration 1106308: max diff=0.000000, 4609.09 sec so far
Iteration 1107664: max diff=0.000000, 4614.09 sec so far
Iteration 1109024: max diff=0.000000, 4619.10 sec so far
Iteration 1110373: max diff=0.000000, 4624.10 sec so far
Iteration 1111744: max diff=0.000000, 4629.10 sec so far
Iteration 1113119: max diff=0.000000, 4634.11 sec so far
Iteration 1114479: max diff=0.000000, 4639.11 sec so far
Iteration 1115854: max diff=0.000000, 4644.12 sec so far
Iteration 1117241: max diff=0.000000, 4649.12 sec so far
Iteration 1118602: max diff=0.000000, 4654.12 sec so far
Iteration 1119983: max diff=0.000000, 4659.13 sec so far
Iteration 1121364: max diff=0.000000, 4664.13 sec so far
Iteration 1122742: max diff=0.000000, 4669.14 sec so far
Iteration 1124122: max diff=0.000000, 4674.14 sec so far
Iteration 1125495: max diff=0.000000, 4679.14 sec so far
Iteration 1126858: max diff=0.000000, 4684.15 sec so far
Iteration 1128219: max diff=0.000000, 4689.15 sec so far
Iteration 1129579: max diff=0.000000, 4694.16 sec so far
Iteration 1130956: max diff=0.000000, 4699.16 sec so far
Iteration 1132325: max diff=0.000000, 4704.16 sec so far
Iteration 1133692: max diff=0.000000, 4709.17 sec so far
Iteration 1135071: max diff=0.000000, 4714.17 sec so far
Iteration 1136451: max diff=0.000000, 4719.18 sec so far
Iteration 1137829: max diff=0.000000, 4724.18 sec so far
Iteration 1139205: max diff=0.000000, 4729.18 sec so far
Iteration 1140569: max diff=0.000000, 4734.19 sec so far
Iteration 1141933: max diff=0.000000, 4739.19 sec so far
Iteration 1143306: max diff=0.000000, 4744.20 sec so far
Iteration 1144661: max diff=0.000000, 4749.20 sec so far
Iteration 1146036: max diff=0.000000, 4754.20 sec so far
Iteration 1147394: max diff=0.000000, 4759.21 sec so far
Iteration 1148775: max diff=0.000000, 4764.21 sec so far
Iteration 1150156: max diff=0.000000, 4769.22 sec so far
Iteration 1151534: max diff=0.000000, 4774.22 sec so far
Iteration 1152913: max diff=0.000000, 4779.22 sec so far
Iteration 1154296: max diff=0.000000, 4784.23 sec so far
Iteration 1155676: max diff=0.000000, 4789.23 sec so far
Iteration 1157056: max diff=0.000000, 4794.24 sec so far
Iteration 1158438: max diff=0.000000, 4799.24 sec so far
Iteration 1159818: max diff=0.000000, 4804.24 sec so far
Iteration 1161193: max diff=0.000000, 4809.25 sec so far
Iteration 1162570: max diff=0.000000, 4814.25 sec so far
Iteration 1163951: max diff=0.000000, 4819.26 sec so far
Iteration 1165334: max diff=0.000000, 4824.26 sec so far
Iteration 1166716: max diff=0.000000, 4829.26 sec so far
Iteration 1168098: max diff=0.000000, 4834.27 sec so far
Iteration 1169480: max diff=0.000000, 4839.27 sec so far
Iteration 1170862: max diff=0.000000, 4844.28 sec so far
Iteration 1172243: max diff=0.000000, 4849.28 sec so far
Iteration 1173621: max diff=0.000000, 4854.28 sec so far
Iteration 1175001: max diff=0.000000, 4859.29 sec so far
Iteration 1176378: max diff=0.000000, 4864.29 sec so far
Iteration 1177758: max diff=0.000000, 4869.30 sec so far
Iteration 1179118: max diff=0.000000, 4874.30 sec so far
Iteration 1180506: max diff=0.000000, 4879.30 sec so far
Iteration 1181888: max diff=0.000000, 4884.31 sec so far
Iteration 1183275: max diff=0.000000, 4889.31 sec so far
Iteration 1184666: max diff=0.000000, 4894.32 sec so far
Iteration 1186053: max diff=0.000000, 4899.32 sec so far
Iteration 1187439: max diff=0.000000, 4904.32 sec so far
Iteration 1188819: max diff=0.000000, 4909.33 sec so far
Iteration 1190207: max diff=0.000000, 4914.33 sec so far
Iteration 1191591: max diff=0.000000, 4919.34 sec so far
Iteration 1192974: max diff=0.000000, 4924.34 sec so far
Iteration 1194360: max diff=0.000000, 4929.34 sec so far
Iteration 1195744: max diff=0.000000, 4934.35 sec so far
Iteration 1197123: max diff=0.000000, 4939.35 sec so far
Iteration 1198493: max diff=0.000000, 4944.36 sec so far
Iteration 1199879: max diff=0.000000, 4949.36 sec so far
Iteration 1201266: max diff=0.000000, 4954.36 sec so far
Iteration 1202653: max diff=0.000000, 4959.37 sec so far
Iteration 1204036: max diff=0.000000, 4964.37 sec so far
Iteration 1205417: max diff=0.000000, 4969.38 sec so far
Iteration 1206804: max diff=0.000000, 4974.38 sec so far
Iteration 1208192: max diff=0.000000, 4979.38 sec so far
Iteration 1209575: max diff=0.000000, 4984.39 sec so far
Iteration 1210959: max diff=0.000000, 4989.39 sec so far
Iteration 1212343: max diff=0.000000, 4994.40 sec so far
Iteration 1213724: max diff=0.000000, 4999.40 sec so far
Iteration 1215107: max diff=0.000000, 5004.40 sec so far
Iteration 1216492: max diff=0.000000, 5009.41 sec so far
Iteration 1217877: max diff=0.000000, 5014.41 sec so far
Iteration 1219261: max diff=0.000000, 5019.42 sec so far
Iteration 1220649: max diff=0.000000, 5024.42 sec so far
Iteration 1222031: max diff=0.000000, 5029.42 sec so far
Iteration 1223421: max diff=0.000000, 5034.43 sec so far
Iteration 1224803: max diff=0.000000, 5039.43 sec so far
Iteration 1226184: max diff=0.000000, 5044.44 sec so far
Iteration 1227568: max diff=0.000000, 5049.44 sec so far
Iteration 1228952: max diff=0.000000, 5054.44 sec so far
Iteration 1230332: max diff=0.000000, 5059.45 sec so far
Iteration 1231722: max diff=0.000000, 5064.45 sec so far
Iteration 1233105: max diff=0.000000, 5069.46 sec so far
Iteration 1234493: max diff=0.000000, 5074.46 sec so far
Iteration 1235880: max diff=0.000000, 5079.46 sec so far
Iteration 1237269: max diff=0.000000, 5084.47 sec so far
Iteration 1238658: max diff=0.000000, 5089.47 sec so far
Iteration 1240044: max diff=0.000000, 5094.48 sec so far
Iteration 1241436: max diff=0.000000, 5099.48 sec so far
Iteration 1242800: max diff=0.000000, 5104.48 sec so far
Iteration 1244189: max diff=0.000000, 5109.49 sec so far
Iteration 1245574: max diff=0.000000, 5114.49 sec so far
Iteration 1246942: max diff=0.000000, 5119.50 sec so far
Iteration 1248328: max diff=0.000000, 5124.50 sec so far
Iteration 1249691: max diff=0.000000, 5129.50 sec so far
Iteration 1251048: max diff=0.000000, 5134.51 sec so far
Iteration 1252415: max diff=0.000000, 5139.51 sec so far
Iteration 1253785: max diff=0.000000, 5144.52 sec so far
Iteration 1255141: max diff=0.000000, 5149.52 sec so far
Iteration 1256516: max diff=0.000000, 5154.52 sec so far
Iteration 1257894: max diff=0.000000, 5159.53 sec so far
Iteration 1259268: max diff=0.000000, 5164.53 sec so far
Iteration 1260641: max diff=0.000000, 5169.54 sec so far
Iteration 1261970: max diff=0.000000, 5174.54 sec so far
Iteration 1263249: max diff=0.000000, 5179.54 sec so far
Iteration 1264530: max diff=0.000000, 5184.55 sec so far
Iteration 1265810: max diff=0.000000, 5189.55 sec so far
Iteration 1267080: max diff=0.000000, 5194.56 sec so far
Iteration 1268364: max diff=0.000000, 5199.56 sec so far
Iteration 1269648: max diff=0.000000, 5204.56 sec so far
Iteration 1270931: max diff=0.000000, 5209.57 sec so far
Iteration 1272215: max diff=0.000000, 5214.57 sec so far
Iteration 1273494: max diff=0.000000, 5219.58 sec so far
Iteration 1274773: max diff=0.000000, 5224.58 sec so far
Iteration 1276055: max diff=0.000000, 5229.58 sec so far
Iteration 1277334: max diff=0.000000, 5234.59 sec so far
Iteration 1278614: max diff=0.000000, 5239.59 sec so far
Iteration 1279892: max diff=0.000000, 5244.60 sec so far
Iteration 1281172: max diff=0.000000, 5249.60 sec so far
Iteration 1282451: max diff=0.000000, 5254.60 sec so far
Iteration 1283734: max diff=0.000000, 5259.61 sec so far
Iteration 1285013: max diff=0.000000, 5264.61 sec so far
Iteration 1286291: max diff=0.000000, 5269.62 sec so far
Iteration 1287536: max diff=0.000000, 5274.62 sec so far
Iteration 1288778: max diff=0.000000, 5279.62 sec so far
Iteration 1290051: max diff=0.000000, 5284.63 sec so far
Iteration 1291328: max diff=0.000000, 5289.64 sec so far
Iteration 1292599: max diff=0.000000, 5294.64 sec so far
Iteration 1293863: max diff=0.000000, 5299.64 sec so far
Iteration 1295129: max diff=0.000000, 5304.65 sec so far
Iteration 1296395: max diff=0.000000, 5309.65 sec so far
Iteration 1297661: max diff=0.000000, 5314.66 sec so far
Iteration 1298929: max diff=0.000000, 5319.66 sec so far
Iteration 1300198: max diff=0.000000, 5324.66 sec so far
Iteration 1301466: max diff=0.000000, 5329.67 sec so far
Iteration 1302734: max diff=0.000000, 5334.67 sec so far
Iteration 1304003: max diff=0.000000, 5339.68 sec so far
Iteration 1305263: max diff=0.000000, 5344.68 sec so far
Iteration 1306530: max diff=0.000000, 5349.68 sec so far
Iteration 1307787: max diff=0.000000, 5354.69 sec so far
Iteration 1309058: max diff=0.000000, 5359.70 sec so far
Iteration 1310328: max diff=0.000000, 5364.70 sec so far
Iteration 1311583: max diff=0.000000, 5369.71 sec so far
Iteration 1312823: max diff=0.000000, 5374.71 sec so far
Iteration 1314063: max diff=0.000000, 5379.72 sec so far
Iteration 1315228: max diff=0.000000, 5384.72 sec so far
Iteration 1316386: max diff=0.000000, 5389.72 sec so far
Iteration 1317543: max diff=0.000000, 5394.73 sec so far
Iteration 1318705: max diff=0.000000, 5399.73 sec so far
Iteration 1319867: max diff=0.000000, 5404.74 sec so far
Iteration 1321036: max diff=0.000000, 5409.74 sec so far
Iteration 1322290: max diff=0.000000, 5414.74 sec so far
Iteration 1323550: max diff=0.000000, 5419.75 sec so far
Iteration 1324832: max diff=0.000000, 5424.75 sec so far
Iteration 1326120: max diff=0.000000, 5429.76 sec so far
Iteration 1327404: max diff=0.000000, 5434.76 sec so far
Iteration 1328687: max diff=0.000000, 5439.77 sec so far
Iteration 1329969: max diff=0.000000, 5444.77 sec so far
Iteration 1331246: max diff=0.000000, 5449.78 sec so far
Iteration 1332523: max diff=0.000000, 5454.78 sec so far
Iteration 1333704: max diff=0.000000, 5459.78 sec so far
Iteration 1334884: max diff=0.000000, 5464.79 sec so far
Iteration 1336063: max diff=0.000000, 5469.79 sec so far
Iteration 1337240: max diff=0.000000, 5474.80 sec so far
Iteration 1338423: max diff=0.000000, 5479.80 sec so far
Iteration 1339601: max diff=0.000000, 5484.81 sec so far
Iteration 1340782: max diff=0.000000, 5489.81 sec so far
Iteration 1341962: max diff=0.000000, 5494.82 sec so far
Iteration 1343154: max diff=0.000000, 5499.82 sec so far
Iteration 1344433: max diff=0.000000, 5504.83 sec so far
Iteration 1345715: max diff=0.000000, 5509.83 sec so far
Iteration 1346994: max diff=0.000000, 5514.84 sec so far
Iteration 1348276: max diff=0.000000, 5519.84 sec so far
Iteration 1349555: max diff=0.000000, 5524.85 sec so far
Iteration 1350830: max diff=0.000000, 5529.85 sec so far
Iteration 1352105: max diff=0.000000, 5534.86 sec so far
Iteration 1353371: max diff=0.000000, 5539.86 sec so far
Iteration 1354643: max diff=0.000000, 5544.86 sec so far
Iteration 1355917: max diff=0.000000, 5549.87 sec so far
Iteration 1357194: max diff=0.000000, 5554.87 sec so far
Iteration 1358362: max diff=0.000000, 5559.88 sec so far
Iteration 1359542: max diff=0.000000, 5564.88 sec so far
Iteration 1360719: max diff=0.000000, 5569.88 sec so far
Iteration 1361895: max diff=0.000000, 5574.89 sec so far
Iteration 1363073: max diff=0.000000, 5579.90 sec so far
Iteration 1364250: max diff=0.000000, 5584.90 sec so far
Iteration 1365437: max diff=0.000000, 5589.90 sec so far
Iteration 1366717: max diff=0.000000, 5594.91 sec so far
Iteration 1368000: max diff=0.000000, 5599.91 sec so far
Iteration 1369279: max diff=0.000000, 5604.92 sec so far
Iteration 1370562: max diff=0.000000, 5609.92 sec so far
Iteration 1371829: max diff=0.000000, 5614.92 sec so far
Iteration 1373090: max diff=0.000000, 5619.93 sec so far
Iteration 1374278: max diff=0.000000, 5624.94 sec so far
Iteration 1375454: max diff=0.000000, 5629.94 sec so far
Iteration 1376628: max diff=0.000000, 5634.94 sec so far
Iteration 1377829: max diff=0.000000, 5639.95 sec so far
Iteration 1379108: max diff=0.000000, 5644.96 sec so far
Iteration 1380388: max diff=0.000000, 5649.96 sec so far
Iteration 1381667: max diff=0.000000, 5654.96 sec so far
Iteration 1382951: max diff=0.000000, 5659.97 sec so far
Iteration 1384228: max diff=0.000000, 5664.97 sec so far
Iteration 1385509: max diff=0.000000, 5669.98 sec so far
Iteration 1386792: max diff=0.000000, 5674.98 sec so far
Iteration 1388076: max diff=0.000000, 5679.98 sec so far
Iteration 1389351: max diff=0.000000, 5684.99 sec so far
Iteration 1390635: max diff=0.000000, 5689.99 sec so far
Iteration 1391921: max diff=0.000000, 5695.00 sec so far
Iteration 1393205: max diff=0.000000, 5700.00 sec so far
Iteration 1394488: max diff=0.000000, 5705.00 sec so far
Iteration 1395771: max diff=0.000000, 5710.01 sec so far
Iteration 1397051: max diff=0.000000, 5715.01 sec so far
Iteration 1398332: max diff=0.000000, 5720.02 sec so far
Iteration 1399614: max diff=0.000000, 5725.02 sec so far
Iteration 1400897: max diff=0.000000, 5730.03 sec so far
Iteration 1402170: max diff=0.000000, 5735.03 sec so far
Iteration 1403447: max diff=0.000000, 5740.04 sec so far
Iteration 1404729: max diff=0.000000, 5745.04 sec so far
Iteration 1406016: max diff=0.000000, 5750.04 sec so far
Iteration 1407300: max diff=0.000000, 5755.05 sec so far
Iteration 1408582: max diff=0.000000, 5760.05 sec so far

Power method: 1408722 iterations in 5760.60 seconds (average 0.004089, setup 0.01)

Printing steady-state probabilities in plain text format to file "../../CZK_project/Output/t=0.1_median_1E-5_dynamic/hybrid/ph_10_35000_1E-5"...

Time for steady-state probability computation: 5831.691 seconds.

