PRISM
=====

Version: 4.4
Date: Mon Jun 18 09:27:30 EDT 2018
Hostname: storm-eval
Memory limits: cudd=1g, java(heap)=910.5m
Command line: prism -hybrid -epsilon 1.42857e-06 -maxiters 100000000 -power -absolute -const 'k=7,timeout=0.1,lambda=6.93147180559945309400' ../../CZK_project/Model/queue_withptf_ctmc.sm -ss -exportss ../../CZK_project/Output/t=0.1_median_1E-5_dynamic/hybrid/ph_10_7_1E-5

Parsing model file "../../CZK_project/Model/queue_withptf_ctmc.sm"...

Type:        CTMC
Modules:     main trigger 
Variables:   qSize i 

---------------------------------------------------------------------

Computing steady-state probabilities...

Building model...
Model constants: k=7,timeout=0.1,lambda=6.9314718056

Computing reachable states...

Reachability (BFS): 77 iterations in 0.00 seconds (average 0.000000, setup 0.00)

Time for model construction: 0.011 seconds.

Type:        CTMC
States:      77 (1 initial)
Transitions: 147

Rate matrix: 65 nodes (3 terminal), 147 minterms, vars: 7r/7c

SCCs: 1, BSCCs: 1, non-BSCC states: 0
BSCC sizes: 1:77

Initial states all in one BSCC (so no reachability probabilities computed)

Computing probabilities...
Engine: Hybrid

Building power method iteration matrix MTBDD... [nodes=88] [1.7 Kb]
Building hybrid MTBDD matrix... [levels=7, nodes=101] [4.7 KB]
Adding explicit sparse matrices... [levels=7, num=1, compact] [1.0 KB]
Allocating iteration vectors... [2 x 0.6 KB]
TOTAL: [6.9 KB]

Starting iterations...

Power method: 532 iterations in 0.00 seconds (average 0.000000, setup 0.00)

Printing steady-state probabilities in plain text format to file "../../CZK_project/Output/t=0.1_median_1E-5_dynamic/hybrid/ph_10_7_1E-5"...

Time for steady-state probability computation: 0.008 seconds.

