PRISM
=====

Version: 4.4
Date: Mon Jun 18 09:29:02 EDT 2018
Hostname: storm-eval
Memory limits: cudd=1g, java(heap)=910.5m
Command line: prism -hybrid -epsilon 1.42857e-08 -maxiters 100000000 -power -absolute -const 'k=700,timeout=0.1,lambda=6.93147180559945309400' ../../CZK_project/Model/queue_withptf_ctmc.sm -ss -exportss ../../CZK_project/Output/t=0.1_median_1E-5_dynamic/hybrid/ph_10_700_1E-5

Parsing model file "../../CZK_project/Model/queue_withptf_ctmc.sm"...

Type:        CTMC
Modules:     main trigger 
Variables:   qSize i 

---------------------------------------------------------------------

Computing steady-state probabilities...

Building model...
Model constants: k=700,timeout=0.1,lambda=6.9314718056

Computing reachable states...

Reachability (BFS): 7700 iterations in 0.34 seconds (average 0.000044, setup 0.00)

Time for model construction: 0.459 seconds.

Type:        CTMC
States:      7700 (1 initial)
Transitions: 14700

Rate matrix: 154 nodes (3 terminal), 14700 minterms, vars: 14r/14c

SCCs: 1, BSCCs: 1, non-BSCC states: 0
BSCC sizes: 1:7700

Initial states all in one BSCC (so no reachability probabilities computed)

Computing probabilities...
Engine: Hybrid

Building power method iteration matrix MTBDD... [nodes=205] [4.0 Kb]
Building hybrid MTBDD matrix... [levels=14, nodes=237] [11.1 KB]
Adding explicit sparse matrices... [levels=14, num=1, compact] [95.1 KB]
Allocating iteration vectors... [2 x 60.2 KB]
TOTAL: [226.5 KB]

Starting iterations...

Power method: 39587 iterations in 2.08 seconds (average 0.000053, setup 0.00)

Printing steady-state probabilities in plain text format to file "../../CZK_project/Output/t=0.1_median_1E-5_dynamic/hybrid/ph_10_700_1E-5"...

Time for steady-state probability computation: 3.071 seconds.

