PRISM
=====

Version: 4.4.GSMP
Date: Thu May 24 11:20:47 CEST 2018
Hostname: thomas
Memory limits: cudd=1g, java(heap)=910.5m
Command line: prism -hybrid -epsilon 1E-5 -maxiters 100000000 -power -absolute -const 'k=125,timeout=0.001,lambda=693.1471810000' ../../../../CZK_project/Model/queue_withptf_ctmc.sm -ss -exportss ../../../../CZK_project/Output/t=0.001_median/hybrid/ph_10_125_1E-5

Parsing model file "../../../../CZK_project/Model/queue_withptf_ctmc.sm"...

Type:        CTMC
Modules:     main trigger 
Variables:   qSize i 

---------------------------------------------------------------------

Computing steady-state probabilities...

Building model...
Model constants: k=125,timeout=0.001,lambda=693.147181

Computing reachable states...

Reachability (BFS): 1251 iterations in 0.01 seconds (average 0.000006, setup 0.00)

Time for model construction: 0.028 seconds.

Type:        CTMC
States:      1251 (1 initial)
Transitions: 2376

Rate matrix: 127 nodes (3 terminal), 2376 minterms, vars: 11r/11c

SCCs: 1, BSCCs: 1, non-BSCC states: 0
BSCC sizes: 1:1251

Initial states all in one BSCC (so no reachability probabilities computed)

Computing probabilities...
Engine: Hybrid

Building power method iteration matrix MTBDD... [nodes=189] [3.7 Kb]
Building hybrid MTBDD matrix... [levels=11, nodes=234] [11.0 KB]
Adding explicit sparse matrices... [levels=11, num=1, compact] [15.4 KB]
Allocating iteration vectors... [2 x 9.8 KB]
TOTAL: [45.9 KB]

Starting iterations...

Power method: 3946 iterations in 0.05 seconds (average 0.000012, setup 0.00)

Printing steady-state probabilities in plain text format to file "../../../../CZK_project/Output/t=0.001_median/hybrid/ph_10_125_1E-5"...

Time for steady-state probability computation: 0.082 seconds.

