PRISM
=====

Version: 4.4.GSMP
Date: Thu May 24 11:19:20 CEST 2018
Hostname: thomas
Memory limits: cudd=1g, java(heap)=910.5m
Command line: prism -hybrid -epsilon 1E-5 -maxiters 100000000 -power -absolute -const 'k=75,timeout=0.01,lambda=69.3147181000' ../../../../CZK_project/Model/queue_withptf_ctmc.sm -ss -exportss ../../../../CZK_project/Output/t=0.01_median/hybrid/ph_10_75_1E-5

Parsing model file "../../../../CZK_project/Model/queue_withptf_ctmc.sm"...

Type:        CTMC
Modules:     main trigger 
Variables:   qSize i 

---------------------------------------------------------------------

Computing steady-state probabilities...

Building model...
Model constants: k=75,timeout=0.01,lambda=69.3147181

Computing reachable states...

Reachability (BFS): 751 iterations in 0.01 seconds (average 0.000011, setup 0.00)

Time for model construction: 0.02 seconds.

Type:        CTMC
States:      751 (1 initial)
Transitions: 1426

Rate matrix: 131 nodes (3 terminal), 1426 minterms, vars: 11r/11c

SCCs: 1, BSCCs: 1, non-BSCC states: 0
BSCC sizes: 1:751

Initial states all in one BSCC (so no reachability probabilities computed)

Computing probabilities...
Engine: Hybrid

Building power method iteration matrix MTBDD... [nodes=191] [3.7 Kb]
Building hybrid MTBDD matrix... [levels=11, nodes=228] [10.7 KB]
Adding explicit sparse matrices... [levels=11, num=1, compact] [9.3 KB]
Allocating iteration vectors... [2 x 5.9 KB]
TOTAL: [31.7 KB]

Starting iterations...

Power method: 2687 iterations in 0.02 seconds (average 0.000007, setup 0.00)

Printing steady-state probabilities in plain text format to file "../../../../CZK_project/Output/t=0.01_median/hybrid/ph_10_75_1E-5"...

Time for steady-state probability computation: 0.045 seconds.

