PRISM
=====

Version: 4.4.GSMP
Date: Thu May 24 11:19:06 CEST 2018
Hostname: thomas
Memory limits: cudd=1g, java(heap)=910.5m
Command line: prism -explicit -epsilon 1E-5 -maxiters 100000000 -power -absolute -const 'k=4000,timeout=0.01,lambda=69.3147181000' ../../../../CZK_project/Model/queue_withptf_gsmp.sm -ss -exportss ../../../../CZK_project/Output/t=0.01_median/explicit/ph_10_4000_1E-5

Parsing model file "../../../../CZK_project/Model/queue_withptf_gsmp.sm"...

Type:        GSMP
Modules:     main trigger 
Variables:   qSize i 

---------------------------------------------------------------------

Computing steady-state probabilities...

Building model...
Model constants: k=4000,timeout=0.01,lambda=69.3147181

Computing reachable states... 40001 states
Reachable states exploration and model construction done in 0.484 secs.
Sorting reachable states list...

Time for model construction: 0.582 seconds.

Type:        GSMP
States:      40001 (1 initial)
Transitions: 76001
The model was recognized to be an ACTMC, so ACTMC method will be used!
