PRISM
=====

Version: 4.4.GSMP
Date: Fri May 25 11:25:43 CEST 2018
Hostname: thomas
Memory limits: cudd=1g, java(heap)=910.5m
Command line: prism -hybrid -epsilon 1E-5 -maxiters 100000000 -power -absolute -const 'k=85,timeout=0.5,lambda=1.3862943620' ../../../../CZK_project/Model/queue_withptf_ctmc.sm -ss -exportss ../../../../CZK_project/Output/t=0.5_median/hybrid/ph_10_85_1E-5

Parsing model file "../../../../CZK_project/Model/queue_withptf_ctmc.sm"...

Type:        CTMC
Modules:     main trigger 
Variables:   qSize i 

---------------------------------------------------------------------

Computing steady-state probabilities...

Building model...
Model constants: k=85,timeout=0.5,lambda=1.386294362

Computing reachable states...

Reachability (BFS): 851 iterations in 0.01 seconds (average 0.000009, setup 0.00)

Time for model construction: 0.022 seconds.

Type:        CTMC
States:      851 (1 initial)
Transitions: 1616

Rate matrix: 127 nodes (3 terminal), 1616 minterms, vars: 11r/11c

SCCs: 1, BSCCs: 1, non-BSCC states: 0
BSCC sizes: 1:851

Initial states all in one BSCC (so no reachability probabilities computed)

Computing probabilities...
Engine: Hybrid

Building power method iteration matrix MTBDD... [nodes=189] [3.7 Kb]
Building hybrid MTBDD matrix... [levels=11, nodes=228] [10.7 KB]
Adding explicit sparse matrices... [levels=11, num=1, compact] [10.5 KB]
Allocating iteration vectors... [2 x 6.6 KB]
TOTAL: [34.5 KB]

Starting iterations...

Power method: 2954 iterations in 0.03 seconds (average 0.000011, setup 0.00)

Printing steady-state probabilities in plain text format to file "../../../../CZK_project/Output/t=0.5_median/hybrid/ph_10_85_1E-5"...

Time for steady-state probability computation: 0.053 seconds.

