PRISM
=====

Version: 4.4.GSMP
Date: Fri May 25 11:26:35 CEST 2018
Hostname: thomas
Memory limits: cudd=1g, java(heap)=910.5m
Command line: prism -hybrid -epsilon 1E-5 -maxiters 100000000 -power -absolute -const 'k=2600,timeout=0.5,lambda=1.3862943620' ../../../../CZK_project/Model/queue_withptf_ctmc.sm -ss -exportss ../../../../CZK_project/Output/t=0.5_median/hybrid/ph_10_2600_1E-5

Parsing model file "../../../../CZK_project/Model/queue_withptf_ctmc.sm"...

Type:        CTMC
Modules:     main trigger 
Variables:   qSize i 

---------------------------------------------------------------------

Computing steady-state probabilities...

Building model...
Model constants: k=2600,timeout=0.5,lambda=1.386294362

Computing reachable states...

Reachability (BFS): 26001 iterations in 0.62 seconds (average 0.000024, setup 0.00)

Time for model construction: 1.048 seconds.

Type:        CTMC
States:      26001 (1 initial)
Transitions: 49401

Rate matrix: 197 nodes (3 terminal), 49401 minterms, vars: 16r/16c

SCCs: 1, BSCCs: 1, non-BSCC states: 0
BSCC sizes: 1:26001

Initial states all in one BSCC (so no reachability probabilities computed)

Computing probabilities...
Engine: Hybrid

Building power method iteration matrix MTBDD... [nodes=283] [5.5 Kb]
Building hybrid MTBDD matrix... [levels=16, nodes=334] [15.7 KB]
Adding explicit sparse matrices... [levels=16, num=1, compact] [320.0 KB]
Allocating iteration vectors... [2 x 203.1 KB]
TOTAL: [741.9 KB]

Starting iterations...

Power method: 2071 iterations in 0.52 seconds (average 0.000249, setup 0.00)

Printing steady-state probabilities in plain text format to file "../../../../CZK_project/Output/t=0.5_median/hybrid/ph_10_2600_1E-5"...

Time for steady-state probability computation: 1.337 seconds.

