PRISM
=====

Version: 4.4.GSMP
Date: Fri May 25 11:25:55 CEST 2018
Hostname: thomas
Memory limits: cudd=1g, java(heap)=910.5m
Command line: prism -hybrid -epsilon 1E-5 -maxiters 100000000 -power -absolute -const 'k=600,timeout=0.5,lambda=1.3862943620' ../../../../CZK_project/Model/queue_withptf_ctmc.sm -ss -exportss ../../../../CZK_project/Output/t=0.5_median/hybrid/ph_10_600_1E-5

Parsing model file "../../../../CZK_project/Model/queue_withptf_ctmc.sm"...

Type:        CTMC
Modules:     main trigger 
Variables:   qSize i 

---------------------------------------------------------------------

Computing steady-state probabilities...

Building model...
Model constants: k=600,timeout=0.5,lambda=1.386294362

Computing reachable states...

Reachability (BFS): 6001 iterations in 0.09 seconds (average 0.000015, setup 0.00)

Time for model construction: 0.137 seconds.

Type:        CTMC
States:      6001 (1 initial)
Transitions: 11401

Rate matrix: 165 nodes (3 terminal), 11401 minterms, vars: 14r/14c

SCCs: 1, BSCCs: 1, non-BSCC states: 0
BSCC sizes: 1:6001

Initial states all in one BSCC (so no reachability probabilities computed)

Computing probabilities...
Engine: Hybrid

Building power method iteration matrix MTBDD... [nodes=237] [4.6 Kb]
Building hybrid MTBDD matrix... [levels=14, nodes=280] [13.1 KB]
Adding explicit sparse matrices... [levels=14, num=1, compact] [73.9 KB]
Allocating iteration vectors... [2 x 46.9 KB]
TOTAL: [180.8 KB]

Starting iterations...

Power method: 10329 iterations in 0.56 seconds (average 0.000054, setup 0.00)

Printing steady-state probabilities in plain text format to file "../../../../CZK_project/Output/t=0.5_median/hybrid/ph_10_600_1E-5"...

Time for steady-state probability computation: 0.707 seconds.

