PRISM
=====

Version: 4.4.GSMP
Date: Fri May 25 11:27:48 CEST 2018
Hostname: thomas
Memory limits: cudd=1g, java(heap)=910.5m
Command line: prism -hybrid -epsilon 1E-5 -maxiters 100000000 -power -absolute -const 'k=4400,timeout=0.5,lambda=1.3862943620' ../../../../CZK_project/Model/queue_withptf_ctmc.sm -ss -exportss ../../../../CZK_project/Output/t=0.5_median/hybrid/ph_10_4400_1E-5

Parsing model file "../../../../CZK_project/Model/queue_withptf_ctmc.sm"...

Type:        CTMC
Modules:     main trigger 
Variables:   qSize i 

---------------------------------------------------------------------

Computing steady-state probabilities...

Building model...
Model constants: k=4400,timeout=0.5,lambda=1.386294362

Computing reachable states...

Reachability (BFS): 44001 iterations in 1.30 seconds (average 0.000030, setup 0.00)

Time for model construction: 2.447 seconds.

Type:        CTMC
States:      44001 (1 initial)
Transitions: 83601

Rate matrix: 207 nodes (3 terminal), 83601 minterms, vars: 17r/17c

SCCs: 1, BSCCs: 1, non-BSCC states: 0
BSCC sizes: 1:44001

Initial states all in one BSCC (so no reachability probabilities computed)

Computing probabilities...
Engine: Hybrid

Building power method iteration matrix MTBDD... [nodes=298] [5.8 Kb]
Building hybrid MTBDD matrix... [levels=17, nodes=351] [16.5 KB]
Adding explicit sparse matrices... [levels=17, num=1, compact] [541.5 KB]
Allocating iteration vectors... [2 x 343.8 KB]
TOTAL: [1.2 MB]

Starting iterations...

Power method: 2320 iterations in 1.00 seconds (average 0.000429, setup 0.01)

Printing steady-state probabilities in plain text format to file "../../../../CZK_project/Output/t=0.5_median/hybrid/ph_10_4400_1E-5"...

Time for steady-state probability computation: 2.615 seconds.

