PRISM
=====

Version: 4.4.GSMP
Date: Fri May 25 11:25:39 CEST 2018
Hostname: thomas
Memory limits: cudd=1g, java(heap)=910.5m
Command line: prism -hybrid -epsilon 1E-5 -maxiters 100000000 -power -absolute -const 'k=70,timeout=0.5,lambda=1.3862943620' ../../../../CZK_project/Model/queue_withptf_ctmc.sm -ss -exportss ../../../../CZK_project/Output/t=0.5_median/hybrid/ph_10_70_1E-5

Parsing model file "../../../../CZK_project/Model/queue_withptf_ctmc.sm"...

Type:        CTMC
Modules:     main trigger 
Variables:   qSize i 

---------------------------------------------------------------------

Computing steady-state probabilities...

Building model...
Model constants: k=70,timeout=0.5,lambda=1.386294362

Computing reachable states...

Reachability (BFS): 701 iterations in 0.01 seconds (average 0.000011, setup 0.00)

Time for model construction: 0.02 seconds.

Type:        CTMC
States:      701 (1 initial)
Transitions: 1331

Rate matrix: 129 nodes (3 terminal), 1331 minterms, vars: 11r/11c

SCCs: 1, BSCCs: 1, non-BSCC states: 0
BSCC sizes: 1:701

Initial states all in one BSCC (so no reachability probabilities computed)

Computing probabilities...
Engine: Hybrid

Building power method iteration matrix MTBDD... [nodes=184] [3.6 Kb]
Building hybrid MTBDD matrix... [levels=11, nodes=216] [10.1 KB]
Adding explicit sparse matrices... [levels=11, num=1, compact] [8.7 KB]
Allocating iteration vectors... [2 x 5.5 KB]
TOTAL: [29.7 KB]

Starting iterations...

Power method: 2581 iterations in 0.01 seconds (average 0.000005, setup 0.00)

Printing steady-state probabilities in plain text format to file "../../../../CZK_project/Output/t=0.5_median/hybrid/ph_10_70_1E-5"...

Time for steady-state probability computation: 0.04 seconds.

