PRISM
=====

Version: 4.4.GSMP
Date: Fri May 25 11:26:38 CEST 2018
Hostname: thomas
Memory limits: cudd=1g, java(heap)=910.5m
Command line: prism -hybrid -epsilon 1E-5 -maxiters 100000000 -power -absolute -const 'k=2700,timeout=0.5,lambda=1.3862943620' ../../../../CZK_project/Model/queue_withptf_ctmc.sm -ss -exportss ../../../../CZK_project/Output/t=0.5_median/hybrid/ph_10_2700_1E-5

Parsing model file "../../../../CZK_project/Model/queue_withptf_ctmc.sm"...

Type:        CTMC
Modules:     main trigger 
Variables:   qSize i 

---------------------------------------------------------------------

Computing steady-state probabilities...

Building model...
Model constants: k=2700,timeout=0.5,lambda=1.386294362

Computing reachable states...

Reachability (BFS): 27001 iterations in 0.66 seconds (average 0.000024, setup 0.00)

Time for model construction: 1.119 seconds.

Type:        CTMC
States:      27001 (1 initial)
Transitions: 51301

Rate matrix: 203 nodes (3 terminal), 51301 minterms, vars: 16r/16c

SCCs: 1, BSCCs: 1, non-BSCC states: 0
BSCC sizes: 1:27001

Initial states all in one BSCC (so no reachability probabilities computed)

Computing probabilities...
Engine: Hybrid

Building power method iteration matrix MTBDD... [nodes=291] [5.7 Kb]
Building hybrid MTBDD matrix... [levels=16, nodes=347] [16.3 KB]
Adding explicit sparse matrices... [levels=16, num=1, compact] [332.3 KB]
Allocating iteration vectors... [2 x 210.9 KB]
TOTAL: [770.4 KB]

Starting iterations...

Power method: 2104 iterations in 0.55 seconds (average 0.000260, setup 0.00)

Printing steady-state probabilities in plain text format to file "../../../../CZK_project/Output/t=0.5_median/hybrid/ph_10_2700_1E-5"...

Time for steady-state probability computation: 1.431 seconds.

