PRISM
=====

Version: 4.4.GSMP
Date: Fri May 25 11:28:12 CEST 2018
Hostname: thomas
Memory limits: cudd=1g, java(heap)=910.5m
Command line: prism -hybrid -epsilon 1E-5 -maxiters 100000000 -power -absolute -const 'k=4800,timeout=0.5,lambda=1.3862943620' ../../../../CZK_project/Model/queue_withptf_ctmc.sm -ss -exportss ../../../../CZK_project/Output/t=0.5_median/hybrid/ph_10_4800_1E-5

Parsing model file "../../../../CZK_project/Model/queue_withptf_ctmc.sm"...

Type:        CTMC
Modules:     main trigger 
Variables:   qSize i 

---------------------------------------------------------------------

Computing steady-state probabilities...

Building model...
Model constants: k=4800,timeout=0.5,lambda=1.386294362

Computing reachable states...

Reachability (BFS): 48001 iterations in 1.38 seconds (average 0.000029, setup 0.00)

Time for model construction: 2.65 seconds.

Type:        CTMC
States:      48001 (1 initial)
Transitions: 91201

Rate matrix: 195 nodes (3 terminal), 91201 minterms, vars: 17r/17c

SCCs: 1, BSCCs: 1, non-BSCC states: 0
BSCC sizes: 1:48001

Initial states all in one BSCC (so no reachability probabilities computed)

Computing probabilities...
Engine: Hybrid

Building power method iteration matrix MTBDD... [nodes=282] [5.5 Kb]
Building hybrid MTBDD matrix... [levels=17, nodes=331] [15.5 KB]
Adding explicit sparse matrices... [levels=17, num=1, compact] [590.7 KB]
Allocating iteration vectors... [2 x 375.0 KB]
TOTAL: [1.3 MB]

Starting iterations...

Power method: 2290 iterations in 1.07 seconds (average 0.000463, setup 0.01)

Printing steady-state probabilities in plain text format to file "../../../../CZK_project/Output/t=0.5_median/hybrid/ph_10_4800_1E-5"...

Time for steady-state probability computation: 2.811 seconds.

