PRISM
=====

Version: 4.4.GSMP
Date: Thu May 24 10:40:49 CEST 2018
Hostname: thomas
Memory limits: cudd=1g, java(heap)=910.5m
Command line: prism -hybrid -epsilon 1E-5 -maxiters 100000000 -power -absolute -const 'k=175,timeout=0.5,lambda=1.3862943620' ../../../../CZK_project/Model/queue_withptf_ctmc.sm -ss -exportss ../../../../CZK_project/Output/t=0.5_median/hybrid/ph_10_175_1E-5

Parsing model file "../../../../CZK_project/Model/queue_withptf_ctmc.sm"...

Type:        CTMC
Modules:     main trigger 
Variables:   qSize i 

---------------------------------------------------------------------

Computing steady-state probabilities...

Building model...
Model constants: k=175,timeout=0.5,lambda=1.386294362

Computing reachable states...

Reachability (BFS): 1751 iterations in 0.02 seconds (average 0.000009, setup 0.00)

Time for model construction: 0.037 seconds.

Type:        CTMC
States:      1751 (1 initial)
Transitions: 3326

Rate matrix: 147 nodes (3 terminal), 3326 minterms, vars: 12r/12c

SCCs: 1, BSCCs: 1, non-BSCC states: 0
BSCC sizes: 1:1751

Initial states all in one BSCC (so no reachability probabilities computed)

Computing probabilities...
Engine: Hybrid

Building power method iteration matrix MTBDD... [nodes=214] [4.2 Kb]
Building hybrid MTBDD matrix... [levels=12, nodes=261] [12.2 KB]
Adding explicit sparse matrices... [levels=12, num=1, compact] [21.6 KB]
Allocating iteration vectors... [2 x 13.7 KB]
TOTAL: [61.2 KB]

Starting iterations...

Power method: 4980 iterations in 0.08 seconds (average 0.000017, setup 0.00)

Printing steady-state probabilities in plain text format to file "../../../../CZK_project/Output/t=0.5_median/hybrid/ph_10_175_1E-5"...

Time for steady-state probability computation: 0.132 seconds.

