PRISM
=====

Version: 4.4.GSMP
Date: Fri May 25 11:25:58 CEST 2018
Hostname: thomas
Memory limits: cudd=1g, java(heap)=910.5m
Command line: prism -hybrid -epsilon 1E-5 -maxiters 100000000 -power -absolute -const 'k=800,timeout=0.5,lambda=1.3862943620' ../../../../CZK_project/Model/queue_withptf_ctmc.sm -ss -exportss ../../../../CZK_project/Output/t=0.5_median/hybrid/ph_10_800_1E-5

Parsing model file "../../../../CZK_project/Model/queue_withptf_ctmc.sm"...

Type:        CTMC
Modules:     main trigger 
Variables:   qSize i 

---------------------------------------------------------------------

Computing steady-state probabilities...

Building model...
Model constants: k=800,timeout=0.5,lambda=1.386294362

Computing reachable states...

Reachability (BFS): 8001 iterations in 0.13 seconds (average 0.000016, setup 0.00)

Time for model construction: 0.192 seconds.

Type:        CTMC
States:      8001 (1 initial)
Transitions: 15201

Rate matrix: 153 nodes (3 terminal), 15201 minterms, vars: 14r/14c

SCCs: 1, BSCCs: 1, non-BSCC states: 0
BSCC sizes: 1:8001

Initial states all in one BSCC (so no reachability probabilities computed)

Computing probabilities...
Engine: Hybrid

Building power method iteration matrix MTBDD... [nodes=221] [4.3 Kb]
Building hybrid MTBDD matrix... [levels=14, nodes=257] [12.0 KB]
Adding explicit sparse matrices... [levels=14, num=1, compact] [98.5 KB]
Allocating iteration vectors... [2 x 62.5 KB]
TOTAL: [235.5 KB]

Starting iterations...

Power method: 11334 iterations in 0.80 seconds (average 0.000071, setup 0.00)

Printing steady-state probabilities in plain text format to file "../../../../CZK_project/Output/t=0.5_median/hybrid/ph_10_800_1E-5"...

Time for steady-state probability computation: 1.008 seconds.

