PRISM
=====

Version: 4.4.GSMP
Date: Fri May 25 11:25:42 CEST 2018
Hostname: thomas
Memory limits: cudd=1g, java(heap)=910.5m
Command line: prism -hybrid -epsilon 1E-5 -maxiters 100000000 -power -absolute -const 'k=80,timeout=0.5,lambda=1.3862943620' ../../../../CZK_project/Model/queue_withptf_ctmc.sm -ss -exportss ../../../../CZK_project/Output/t=0.5_median/hybrid/ph_10_80_1E-5

Parsing model file "../../../../CZK_project/Model/queue_withptf_ctmc.sm"...

Type:        CTMC
Modules:     main trigger 
Variables:   qSize i 

---------------------------------------------------------------------

Computing steady-state probabilities...

Building model...
Model constants: k=80,timeout=0.5,lambda=1.386294362

Computing reachable states...

Reachability (BFS): 801 iterations in 0.01 seconds (average 0.000010, setup 0.00)

Time for model construction: 0.02 seconds.

Type:        CTMC
States:      801 (1 initial)
Transitions: 1521

Rate matrix: 111 nodes (3 terminal), 1521 minterms, vars: 11r/11c

SCCs: 1, BSCCs: 1, non-BSCC states: 0
BSCC sizes: 1:801

Initial states all in one BSCC (so no reachability probabilities computed)

Computing probabilities...
Engine: Hybrid

Building power method iteration matrix MTBDD... [nodes=160] [3.1 Kb]
Building hybrid MTBDD matrix... [levels=11, nodes=183] [8.6 KB]
Adding explicit sparse matrices... [levels=11, num=1, compact] [9.9 KB]
Allocating iteration vectors... [2 x 6.3 KB]
TOTAL: [31.0 KB]

Starting iterations...

Power method: 2785 iterations in 0.02 seconds (average 0.000009, setup 0.00)

Printing steady-state probabilities in plain text format to file "../../../../CZK_project/Output/t=0.5_median/hybrid/ph_10_80_1E-5"...

Time for steady-state probability computation: 0.048 seconds.

