PRISM
=====

Version: 4.4.GSMP
Date: Fri May 25 11:26:16 CEST 2018
Hostname: thomas
Memory limits: cudd=1g, java(heap)=910.5m
Command line: prism -hybrid -epsilon 1E-5 -maxiters 100000000 -power -absolute -const 'k=1800,timeout=0.5,lambda=1.3862943620' ../../../../CZK_project/Model/queue_withptf_ctmc.sm -ss -exportss ../../../../CZK_project/Output/t=0.5_median/hybrid/ph_10_1800_1E-5

Parsing model file "../../../../CZK_project/Model/queue_withptf_ctmc.sm"...

Type:        CTMC
Modules:     main trigger 
Variables:   qSize i 

---------------------------------------------------------------------

Computing steady-state probabilities...

Building model...
Model constants: k=1800,timeout=0.5,lambda=1.386294362

Computing reachable states...

Reachability (BFS): 18001 iterations in 0.35 seconds (average 0.000020, setup 0.00)

Time for model construction: 0.57 seconds.

Type:        CTMC
States:      18001 (1 initial)
Transitions: 34201

Rate matrix: 181 nodes (3 terminal), 34201 minterms, vars: 15r/15c

SCCs: 1, BSCCs: 1, non-BSCC states: 0
BSCC sizes: 1:18001

Initial states all in one BSCC (so no reachability probabilities computed)

Computing probabilities...
Engine: Hybrid

Building power method iteration matrix MTBDD... [nodes=260] [5.1 Kb]
Building hybrid MTBDD matrix... [levels=15, nodes=307] [14.4 KB]
Adding explicit sparse matrices... [levels=15, num=1, compact] [221.5 KB]
Allocating iteration vectors... [2 x 140.6 KB]
TOTAL: [517.2 KB]

Starting iterations...

Power method: 1709 iterations in 0.28 seconds (average 0.000161, setup 0.00)

Printing steady-state probabilities in plain text format to file "../../../../CZK_project/Output/t=0.5_median/hybrid/ph_10_1800_1E-5"...

Time for steady-state probability computation: 0.769 seconds.

