PRISM
=====

Version: 4.4.GSMP
Date: Fri May 25 11:28:18 CEST 2018
Hostname: thomas
Memory limits: cudd=1g, java(heap)=910.5m
Command line: prism -hybrid -epsilon 1E-5 -maxiters 100000000 -power -absolute -const 'k=4900,timeout=0.5,lambda=1.3862943620' ../../../../CZK_project/Model/queue_withptf_ctmc.sm -ss -exportss ../../../../CZK_project/Output/t=0.5_median/hybrid/ph_10_4900_1E-5

Parsing model file "../../../../CZK_project/Model/queue_withptf_ctmc.sm"...

Type:        CTMC
Modules:     main trigger 
Variables:   qSize i 

---------------------------------------------------------------------

Computing steady-state probabilities...

Building model...
Model constants: k=4900,timeout=0.5,lambda=1.386294362

Computing reachable states...

Reachability (BFS): 49001 iterations in 1.48 seconds (average 0.000030, setup 0.00)

Time for model construction: 2.836 seconds.

Type:        CTMC
States:      49001 (1 initial)
Transitions: 93101

Rate matrix: 219 nodes (3 terminal), 93101 minterms, vars: 17r/17c

SCCs: 1, BSCCs: 1, non-BSCC states: 0
BSCC sizes: 1:49001

Initial states all in one BSCC (so no reachability probabilities computed)

Computing probabilities...
Engine: Hybrid

Building power method iteration matrix MTBDD... [nodes=314] [6.1 Kb]
Building hybrid MTBDD matrix... [levels=17, nodes=374] [17.5 KB]
Adding explicit sparse matrices... [levels=17, num=1, compact] [603.0 KB]
Allocating iteration vectors... [2 x 382.8 KB]
TOTAL: [1.4 MB]

Starting iterations...

Power method: 2279 iterations in 1.10 seconds (average 0.000481, setup 0.00)

Printing steady-state probabilities in plain text format to file "../../../../CZK_project/Output/t=0.5_median/hybrid/ph_10_4900_1E-5"...

Time for steady-state probability computation: 2.946 seconds.

