PRISM
=====

Version: 4.4.GSMP
Date: Wed Jul 04 15:18:42 CEST 2018
Hostname: thomas-OMEN-by-HP-Laptop
Memory limits: cudd=1g, java(heap)=910.5m
Command line: prism -explicit -epsilon 1E-6 -maxiters 100000000 -power -absolute -const k=5 ../../../CZK_project/Model/benchmark/devel/firstRejuvenation/firstRejuvenation_CTMC.pm -ss -exportss ../../../CZK_project/Output/firstRejuvenation_1E-6_constant/explicit/ph_5_1E-6

Parsing model file "../../../CZK_project/Model/benchmark/devel/firstRejuvenation/firstRejuvenation_CTMC.pm"...

Type:        CTMC
Modules:     firstRejuvenation trigger_r trigger_m trigger_rej 
Variables:   status avail maintenance i_r i_m i_rej 

---------------------------------------------------------------------

Computing steady-state probabilities...

Building model...
Model constants: k=5

Computing reachable states... 625 states
Reachable states exploration and model construction done in 0.035 secs.
Sorting reachable states list...

Time for model construction: 0.047 seconds.

Type:        CTMC
States:      625 (1 initial)
Transitions: 1975

Error: Explicit engine CTMC steady-state computation implemented yet..

