PRISM
=====

Version: 4.4
Date: Thu Jul 12 01:53:28 EDT 2018
Hostname: storm-eval
Memory limits: cudd=1g, java(heap)=910.5m
Command line: prism -hybrid -epsilon 1E-10 -maxiters 100000000 -power -absolute -const k=2000 ../../CZK_project/Model/benchmark/devel/firstRejuvenation/firstRejuvenation_CTMC.pm -ss -exportss ../../CZK_project/Output/firstRejuvenation_1E-10_constant/hybrid/ph_2000_1E-10

Parsing model file "../../CZK_project/Model/benchmark/devel/firstRejuvenation/firstRejuvenation_CTMC.pm"...

Type:        CTMC
Modules:     firstRejuvenation trigger 
Variables:   status avail maintenance i 

---------------------------------------------------------------------

Computing steady-state probabilities...

Building model...
Model constants: k=2000

Computing reachable states...

Reachability (BFS): 4001 iterations in 0.12 seconds (average 0.000029, setup 0.00)

Time for model construction: 0.348 seconds.

Type:        CTMC
States:      10000 (1 initial)
Transitions: 14000

Rate matrix: 358 nodes (7 terminal), 14000 minterms, vars: 15r/15c

SCCs: 1, BSCCs: 1, non-BSCC states: 0
BSCC sizes: 1:10000

Initial states all in one BSCC (so no reachability probabilities computed)

Computing probabilities...
Engine: Hybrid

Building power method iteration matrix MTBDD... [nodes=422] [8.2 Kb]
Building hybrid MTBDD matrix... [levels=15, nodes=483] [22.6 KB]
Adding explicit sparse matrices... [levels=15, num=1, compact] [132.9 KB]
Allocating iteration vectors... [2 x 78.1 KB]
TOTAL: [311.8 KB]

Starting iterations...
Iteration 75902: max diff=0.000001, 5.00 sec so far
Iteration 151213: max diff=0.000001, 10.01 sec so far
Iteration 226539: max diff=0.000000, 15.01 sec so far
Iteration 301697: max diff=0.000000, 20.02 sec so far
Iteration 377422: max diff=0.000000, 25.02 sec so far
Iteration 453161: max diff=0.000000, 30.02 sec so far
Iteration 528392: max diff=0.000000, 35.03 sec so far
Iteration 603732: max diff=0.000000, 40.03 sec so far
Iteration 678623: max diff=0.000000, 45.04 sec so far
Iteration 753991: max diff=0.000000, 50.04 sec so far
Iteration 828846: max diff=0.000000, 55.04 sec so far
Iteration 903638: max diff=0.000000, 60.05 sec so far
Iteration 978601: max diff=0.000000, 65.05 sec so far
Iteration 1053658: max diff=0.000000, 70.06 sec so far
Iteration 1129194: max diff=0.000000, 75.06 sec so far
Iteration 1205125: max diff=0.000000, 80.06 sec so far
Iteration 1280715: max diff=0.000000, 85.07 sec so far
Iteration 1355813: max diff=0.000000, 90.07 sec so far
Iteration 1431240: max diff=0.000000, 95.08 sec so far
Iteration 1506615: max diff=0.000000, 100.08 sec so far
Iteration 1581871: max diff=0.000000, 105.08 sec so far
Iteration 1657026: max diff=0.000000, 110.09 sec so far
Iteration 1732091: max diff=0.000000, 115.09 sec so far
Iteration 1807541: max diff=0.000000, 120.10 sec so far
Iteration 1882797: max diff=0.000000, 125.10 sec so far
Iteration 1958026: max diff=0.000000, 130.10 sec so far
Iteration 2032637: max diff=0.000000, 135.11 sec so far
Iteration 2106867: max diff=0.000000, 140.11 sec so far
Iteration 2181695: max diff=0.000000, 145.12 sec so far
Iteration 2256495: max diff=0.000000, 150.12 sec so far
Iteration 2330556: max diff=0.000000, 155.12 sec so far
Iteration 2406057: max diff=0.000000, 160.13 sec so far
Iteration 2480310: max diff=0.000000, 165.13 sec so far
Iteration 2555404: max diff=0.000000, 170.14 sec so far
Iteration 2630212: max diff=0.000000, 175.14 sec so far
Iteration 2704560: max diff=0.000000, 180.14 sec so far
Iteration 2780222: max diff=0.000000, 185.15 sec so far
Iteration 2854322: max diff=0.000000, 190.15 sec so far
Iteration 2928478: max diff=0.000000, 195.16 sec so far
Iteration 3003864: max diff=0.000000, 200.16 sec so far
Iteration 3077968: max diff=0.000000, 205.16 sec so far
Iteration 3152734: max diff=0.000000, 210.17 sec so far
Iteration 3228222: max diff=0.000000, 215.17 sec so far
Iteration 3303238: max diff=0.000000, 220.18 sec so far
Iteration 3378382: max diff=0.000000, 225.18 sec so far
Iteration 3453205: max diff=0.000000, 230.18 sec so far
Iteration 3527562: max diff=0.000000, 235.19 sec so far
Iteration 3602266: max diff=0.000000, 240.19 sec so far
Iteration 3676118: max diff=0.000000, 245.20 sec so far
Iteration 3751947: max diff=0.000000, 250.20 sec so far
Iteration 3825573: max diff=0.000000, 255.20 sec so far
Iteration 3898747: max diff=0.000000, 260.21 sec so far
Iteration 3974056: max diff=0.000000, 265.21 sec so far
Iteration 4049365: max diff=0.000000, 270.22 sec so far
Iteration 4121846: max diff=0.000000, 275.22 sec so far
Iteration 4196937: max diff=0.000000, 280.22 sec so far
Iteration 4271938: max diff=0.000000, 285.23 sec so far
Iteration 4346252: max diff=0.000000, 290.23 sec so far
Iteration 4421456: max diff=0.000000, 295.24 sec so far
Iteration 4495412: max diff=0.000000, 300.24 sec so far
Iteration 4569570: max diff=0.000000, 305.24 sec so far
Iteration 4643251: max diff=0.000000, 310.25 sec so far
Iteration 4717548: max diff=0.000000, 315.25 sec so far
Iteration 4791612: max diff=0.000000, 320.26 sec so far
Iteration 4866628: max diff=0.000000, 325.26 sec so far
Iteration 4941847: max diff=0.000000, 330.26 sec so far
Iteration 5015911: max diff=0.000000, 335.27 sec so far
Iteration 5090981: max diff=0.000000, 340.27 sec so far
Iteration 5166354: max diff=0.000000, 345.28 sec so far
Iteration 5241873: max diff=0.000000, 350.28 sec so far
Iteration 5317172: max diff=0.000000, 355.28 sec so far
Iteration 5392470: max diff=0.000000, 360.29 sec so far
Iteration 5467718: max diff=0.000000, 365.29 sec so far
Iteration 5541361: max diff=0.000000, 370.30 sec so far
Iteration 5616562: max diff=0.000000, 375.30 sec so far
Iteration 5691540: max diff=0.000000, 380.30 sec so far
Iteration 5765565: max diff=0.000000, 385.31 sec so far
Iteration 5841218: max diff=0.000000, 390.31 sec so far
Iteration 5914865: max diff=0.000000, 395.32 sec so far
Iteration 5989878: max diff=0.000000, 400.32 sec so far
Iteration 6064212: max diff=0.000000, 405.32 sec so far
Iteration 6139466: max diff=0.000000, 410.33 sec so far
Iteration 6215123: max diff=0.000000, 415.33 sec so far
Iteration 6288768: max diff=0.000000, 420.34 sec so far
Iteration 6363194: max diff=0.000000, 425.34 sec so far
Iteration 6438583: max diff=0.000000, 430.34 sec so far
Iteration 6512660: max diff=0.000000, 435.35 sec so far
Iteration 6585186: max diff=0.000000, 440.35 sec so far
Iteration 6658805: max diff=0.000000, 445.36 sec so far
Iteration 6733050: max diff=0.000000, 450.36 sec so far
Iteration 6808042: max diff=0.000000, 455.36 sec so far
Iteration 6882996: max diff=0.000000, 460.37 sec so far
Iteration 6957976: max diff=0.000000, 465.37 sec so far
Iteration 7031824: max diff=0.000000, 470.38 sec so far
Iteration 7105617: max diff=0.000000, 475.38 sec so far
Iteration 7178157: max diff=0.000000, 480.38 sec so far
Iteration 7253087: max diff=0.000000, 485.39 sec so far
Iteration 7329052: max diff=0.000000, 490.39 sec so far
Iteration 7404632: max diff=0.000000, 495.40 sec so far
Iteration 7479536: max diff=0.000000, 500.40 sec so far
Iteration 7554601: max diff=0.000000, 505.40 sec so far
Iteration 7630013: max diff=0.000000, 510.41 sec so far
Iteration 7705351: max diff=0.000000, 515.41 sec so far
Iteration 7780835: max diff=0.000000, 520.42 sec so far
Iteration 7856493: max diff=0.000000, 525.42 sec so far
Iteration 7931656: max diff=0.000000, 530.42 sec so far
Iteration 8007145: max diff=0.000000, 535.43 sec so far
Iteration 8082640: max diff=0.000000, 540.43 sec so far
Iteration 8157627: max diff=0.000000, 545.44 sec so far
Iteration 8231257: max diff=0.000000, 550.44 sec so far
Iteration 8306638: max diff=0.000000, 555.44 sec so far
Iteration 8380841: max diff=0.000000, 560.45 sec so far
Iteration 8455974: max diff=0.000000, 565.45 sec so far
Iteration 8531215: max diff=0.000000, 570.46 sec so far
Iteration 8607306: max diff=0.000000, 575.46 sec so far
Iteration 8682660: max diff=0.000000, 580.46 sec so far
Iteration 8757936: max diff=0.000000, 585.47 sec so far
Iteration 8832793: max diff=0.000000, 590.47 sec so far
Iteration 8908279: max diff=0.000000, 595.48 sec so far
Iteration 8983656: max diff=0.000000, 600.48 sec so far
Iteration 9059218: max diff=0.000000, 605.48 sec so far
Iteration 9134383: max diff=0.000000, 610.49 sec so far
Iteration 9209871: max diff=0.000000, 615.49 sec so far
Iteration 9285245: max diff=0.000000, 620.50 sec so far
Iteration 9360897: max diff=0.000000, 625.50 sec so far
Iteration 9436316: max diff=0.000000, 630.50 sec so far
Iteration 9511656: max diff=0.000000, 635.51 sec so far
Iteration 9587306: max diff=0.000000, 640.51 sec so far
Iteration 9662229: max diff=0.000000, 645.52 sec so far
Iteration 9737528: max diff=0.000000, 650.52 sec so far
Iteration 9812577: max diff=0.000000, 655.52 sec so far
Iteration 9888463: max diff=0.000000, 660.53 sec so far
Iteration 9964555: max diff=0.000000, 665.53 sec so far
Iteration 10039616: max diff=0.000000, 670.54 sec so far
Iteration 10114938: max diff=0.000000, 675.54 sec so far
Iteration 10190462: max diff=0.000000, 680.54 sec so far
Iteration 10266145: max diff=0.000000, 685.55 sec so far
Iteration 10340920: max diff=0.000000, 690.55 sec so far
Iteration 10416204: max diff=0.000000, 695.56 sec so far
Iteration 10491888: max diff=0.000000, 700.56 sec so far
Iteration 10567169: max diff=0.000000, 705.56 sec so far
Iteration 10642132: max diff=0.000000, 710.57 sec so far
Iteration 10717840: max diff=0.000000, 715.57 sec so far
Iteration 10793146: max diff=0.000000, 720.58 sec so far
Iteration 10868242: max diff=0.000000, 725.58 sec so far
Iteration 10943464: max diff=0.000000, 730.58 sec so far
Iteration 11018738: max diff=0.000000, 735.59 sec so far
Iteration 11093727: max diff=0.000000, 740.59 sec so far
Iteration 11168303: max diff=0.000000, 745.60 sec so far
Iteration 11243383: max diff=0.000000, 750.60 sec so far
Iteration 11318367: max diff=0.000000, 755.60 sec so far
Iteration 11393583: max diff=0.000000, 760.61 sec so far
Iteration 11468942: max diff=0.000000, 765.61 sec so far
Iteration 11543959: max diff=0.000000, 770.62 sec so far
Iteration 11619004: max diff=0.000000, 775.62 sec so far
Iteration 11693950: max diff=0.000000, 780.62 sec so far
Iteration 11769249: max diff=0.000000, 785.63 sec so far
Iteration 11844662: max diff=0.000000, 790.63 sec so far
Iteration 11919759: max diff=0.000000, 795.64 sec so far
Iteration 11995337: max diff=0.000000, 800.64 sec so far
Iteration 12070720: max diff=0.000000, 805.64 sec so far
Iteration 12146156: max diff=0.000000, 810.65 sec so far
Iteration 12221702: max diff=0.000000, 815.65 sec so far
Iteration 12297057: max diff=0.000000, 820.66 sec so far
Iteration 12372483: max diff=0.000000, 825.66 sec so far
Iteration 12447485: max diff=0.000000, 830.66 sec so far
Iteration 12522793: max diff=0.000000, 835.67 sec so far
Iteration 12598163: max diff=0.000000, 840.67 sec so far
Iteration 12673337: max diff=0.000000, 845.68 sec so far
Iteration 12748865: max diff=0.000000, 850.68 sec so far
Iteration 12824782: max diff=0.000000, 855.68 sec so far
Iteration 12900014: max diff=0.000000, 860.69 sec so far
Iteration 12975588: max diff=0.000000, 865.69 sec so far
Iteration 13050476: max diff=0.000000, 870.70 sec so far
Iteration 13125559: max diff=0.000000, 875.70 sec so far
Iteration 13199844: max diff=0.000000, 880.70 sec so far
Iteration 13275105: max diff=0.000000, 885.71 sec so far
Iteration 13350080: max diff=0.000000, 890.71 sec so far
Iteration 13425115: max diff=0.000000, 895.72 sec so far
Iteration 13500318: max diff=0.000000, 900.72 sec so far
Iteration 13575239: max diff=0.000000, 905.72 sec so far
Iteration 13649964: max diff=0.000000, 910.73 sec so far
Iteration 13724909: max diff=0.000000, 915.73 sec so far
Iteration 13800404: max diff=0.000000, 920.74 sec so far
Iteration 13875523: max diff=0.000000, 925.74 sec so far
Iteration 13950960: max diff=0.000000, 930.74 sec so far
Iteration 14025905: max diff=0.000000, 935.75 sec so far
Iteration 14101019: max diff=0.000000, 940.75 sec so far
Iteration 14176061: max diff=0.000000, 945.76 sec so far
Iteration 14251493: max diff=0.000000, 950.76 sec so far
Iteration 14326180: max diff=0.000000, 955.76 sec so far
Iteration 14401013: max diff=0.000000, 960.77 sec so far
Iteration 14475815: max diff=0.000000, 965.77 sec so far
Iteration 14550249: max diff=0.000000, 970.78 sec so far
Iteration 14625511: max diff=0.000000, 975.78 sec so far
Iteration 14700723: max diff=0.000000, 980.78 sec so far
Iteration 14775947: max diff=0.000000, 985.79 sec so far
Iteration 14851029: max diff=0.000000, 990.79 sec so far
Iteration 14926190: max diff=0.000000, 995.80 sec so far
Iteration 15001189: max diff=0.000000, 1000.80 sec so far
Iteration 15076574: max diff=0.000000, 1005.80 sec so far
Iteration 15151870: max diff=0.000000, 1010.81 sec so far
Iteration 15226961: max diff=0.000000, 1015.81 sec so far
Iteration 15301980: max diff=0.000000, 1020.82 sec so far
Iteration 15377701: max diff=0.000000, 1025.82 sec so far
Iteration 15453196: max diff=0.000000, 1030.82 sec so far
Iteration 15528871: max diff=0.000000, 1035.83 sec so far
Iteration 15604611: max diff=0.000000, 1040.83 sec so far
Iteration 15680078: max diff=0.000000, 1045.84 sec so far
Iteration 15755457: max diff=0.000000, 1050.84 sec so far
Iteration 15830793: max diff=0.000000, 1055.84 sec so far
Iteration 15905973: max diff=0.000000, 1060.85 sec so far
Iteration 15981216: max diff=0.000000, 1065.85 sec so far
Iteration 16056672: max diff=0.000000, 1070.86 sec so far
Iteration 16131850: max diff=0.000000, 1075.86 sec so far
Iteration 16207610: max diff=0.000000, 1080.86 sec so far
Iteration 16282830: max diff=0.000000, 1085.87 sec so far
Iteration 16357855: max diff=0.000000, 1090.87 sec so far
Iteration 16432853: max diff=0.000000, 1095.88 sec so far
Iteration 16507980: max diff=0.000000, 1100.88 sec so far
Iteration 16583327: max diff=0.000000, 1105.88 sec so far
Iteration 16658226: max diff=0.000000, 1110.89 sec so far
Iteration 16733342: max diff=0.000000, 1115.89 sec so far
Iteration 16809001: max diff=0.000000, 1120.90 sec so far
Iteration 16884630: max diff=0.000000, 1125.90 sec so far
Iteration 16959960: max diff=0.000000, 1130.90 sec so far
Iteration 17035309: max diff=0.000000, 1135.91 sec so far
Iteration 17110683: max diff=0.000000, 1140.91 sec so far
Iteration 17186059: max diff=0.000000, 1145.92 sec so far
Iteration 17259943: max diff=0.000000, 1150.92 sec so far
Iteration 17335621: max diff=0.000000, 1155.92 sec so far
Iteration 17410670: max diff=0.000000, 1160.93 sec so far
Iteration 17484978: max diff=0.000000, 1165.93 sec so far
Iteration 17560442: max diff=0.000000, 1170.94 sec so far
Iteration 17635155: max diff=0.000000, 1175.94 sec so far
Iteration 17710297: max diff=0.000000, 1180.94 sec so far
Iteration 17785040: max diff=0.000000, 1185.95 sec so far
Iteration 17859726: max diff=0.000000, 1190.95 sec so far
Iteration 17934469: max diff=0.000000, 1195.96 sec so far
Iteration 18009018: max diff=0.000000, 1200.96 sec so far
Iteration 18083753: max diff=0.000000, 1205.96 sec so far
Iteration 18158161: max diff=0.000000, 1210.97 sec so far
Iteration 18233366: max diff=0.000000, 1215.97 sec so far
Iteration 18308528: max diff=0.000000, 1220.98 sec so far
Iteration 18383268: max diff=0.000000, 1225.98 sec so far
Iteration 18457769: max diff=0.000000, 1230.98 sec so far
Iteration 18532720: max diff=0.000000, 1235.99 sec so far
Iteration 18608035: max diff=0.000000, 1240.99 sec so far
Iteration 18683482: max diff=0.000000, 1246.00 sec so far
Iteration 18758881: max diff=0.000000, 1251.00 sec so far
Iteration 18834413: max diff=0.000000, 1256.00 sec so far
Iteration 18909733: max diff=0.000000, 1261.01 sec so far
Iteration 18985239: max diff=0.000000, 1266.01 sec so far
Iteration 19060160: max diff=0.000000, 1271.02 sec so far
Iteration 19135396: max diff=0.000000, 1276.02 sec so far
Iteration 19210045: max diff=0.000000, 1281.02 sec so far
Iteration 19284894: max diff=0.000000, 1286.03 sec so far
Iteration 19360348: max diff=0.000000, 1291.03 sec so far
Iteration 19435106: max diff=0.000000, 1296.04 sec so far
Iteration 19510024: max diff=0.000000, 1301.04 sec so far
Iteration 19585050: max diff=0.000000, 1306.04 sec so far
Iteration 19660379: max diff=0.000000, 1311.05 sec so far
Iteration 19734667: max diff=0.000000, 1316.05 sec so far
Iteration 19810168: max diff=0.000000, 1321.06 sec so far
Iteration 19886049: max diff=0.000000, 1326.06 sec so far
Iteration 19961086: max diff=0.000000, 1331.06 sec so far
Iteration 20036237: max diff=0.000000, 1336.07 sec so far
Iteration 20111080: max diff=0.000000, 1341.07 sec so far
Iteration 20185735: max diff=0.000000, 1346.08 sec so far
Iteration 20260750: max diff=0.000000, 1351.08 sec so far
Iteration 20335974: max diff=0.000000, 1356.08 sec so far
Iteration 20411156: max diff=0.000000, 1361.09 sec so far
Iteration 20486794: max diff=0.000000, 1366.09 sec so far
Iteration 20560519: max diff=0.000000, 1371.10 sec so far
Iteration 20635277: max diff=0.000000, 1376.10 sec so far
Iteration 20709466: max diff=0.000000, 1381.10 sec so far
Iteration 20784625: max diff=0.000000, 1386.11 sec so far
Iteration 20860062: max diff=0.000000, 1391.11 sec so far
Iteration 20935574: max diff=0.000000, 1396.12 sec so far
Iteration 21009573: max diff=0.000000, 1401.12 sec so far
Iteration 21085163: max diff=0.000000, 1406.12 sec so far
Iteration 21158950: max diff=0.000000, 1411.13 sec so far
Iteration 21234076: max diff=0.000000, 1416.13 sec so far
Iteration 21309343: max diff=0.000000, 1421.14 sec so far
Iteration 21385133: max diff=0.000000, 1426.14 sec so far
Iteration 21460525: max diff=0.000000, 1431.14 sec so far
Iteration 21535607: max diff=0.000000, 1436.15 sec so far
Iteration 21611105: max diff=0.000000, 1441.15 sec so far
Iteration 21686332: max diff=0.000000, 1446.16 sec so far
Iteration 21761197: max diff=0.000000, 1451.16 sec so far
Iteration 21837044: max diff=0.000000, 1456.16 sec so far
Iteration 21911868: max diff=0.000000, 1461.17 sec so far
Iteration 21985965: max diff=0.000000, 1466.17 sec so far
Iteration 22061750: max diff=0.000000, 1471.18 sec so far
Iteration 22135906: max diff=0.000000, 1476.18 sec so far
Iteration 22209995: max diff=0.000000, 1481.18 sec so far
Iteration 22285390: max diff=0.000000, 1486.19 sec so far
Iteration 22360405: max diff=0.000000, 1491.19 sec so far
Iteration 22435290: max diff=0.000000, 1496.20 sec so far
Iteration 22510620: max diff=0.000000, 1501.20 sec so far
Iteration 22585885: max diff=0.000000, 1506.20 sec so far
Iteration 22661245: max diff=0.000000, 1511.21 sec so far
Iteration 22736833: max diff=0.000000, 1516.21 sec so far
Iteration 22812654: max diff=0.000000, 1521.22 sec so far
Iteration 22888008: max diff=0.000000, 1526.22 sec so far
Iteration 22963641: max diff=0.000000, 1531.22 sec so far
Iteration 23039299: max diff=0.000000, 1536.23 sec so far
Iteration 23114354: max diff=0.000000, 1541.23 sec so far
Iteration 23190060: max diff=0.000000, 1546.24 sec so far
Iteration 23265150: max diff=0.000000, 1551.24 sec so far
Iteration 23340283: max diff=0.000000, 1556.24 sec so far
Iteration 23414958: max diff=0.000000, 1561.25 sec so far
Iteration 23490345: max diff=0.000000, 1566.25 sec so far
Iteration 23565327: max diff=0.000000, 1571.26 sec so far
Iteration 23640694: max diff=0.000000, 1576.26 sec so far
Iteration 23716264: max diff=0.000000, 1581.26 sec so far
Iteration 23791596: max diff=0.000000, 1586.27 sec so far
Iteration 23867237: max diff=0.000000, 1591.27 sec so far
Iteration 23942857: max diff=0.000000, 1596.28 sec so far
Iteration 24018708: max diff=0.000000, 1601.28 sec so far
Iteration 24093724: max diff=0.000000, 1606.28 sec so far
Iteration 24167632: max diff=0.000000, 1611.29 sec so far
Iteration 24243000: max diff=0.000000, 1616.29 sec so far
Iteration 24318153: max diff=0.000000, 1621.30 sec so far
Iteration 24393404: max diff=0.000000, 1626.30 sec so far
Iteration 24467569: max diff=0.000000, 1631.30 sec so far
Iteration 24542291: max diff=0.000000, 1636.31 sec so far
Iteration 24616843: max diff=0.000000, 1641.31 sec so far
Iteration 24691485: max diff=0.000000, 1646.32 sec so far
Iteration 24766473: max diff=0.000000, 1651.32 sec so far
Iteration 24841679: max diff=0.000000, 1656.32 sec so far
Iteration 24916672: max diff=0.000000, 1661.33 sec so far
Iteration 24991556: max diff=0.000000, 1666.33 sec so far
Iteration 25066738: max diff=0.000000, 1671.34 sec so far
Iteration 25141989: max diff=0.000000, 1676.34 sec so far
Iteration 25216813: max diff=0.000000, 1681.34 sec so far
Iteration 25291838: max diff=0.000000, 1686.35 sec so far
Iteration 25367434: max diff=0.000000, 1691.35 sec so far
Iteration 25442580: max diff=0.000000, 1696.36 sec so far
Iteration 25517369: max diff=0.000000, 1701.36 sec so far
Iteration 25592199: max diff=0.000000, 1706.36 sec so far
Iteration 25667105: max diff=0.000000, 1711.37 sec so far
Iteration 25741313: max diff=0.000000, 1716.37 sec so far
Iteration 25816311: max diff=0.000000, 1721.38 sec so far
Iteration 25891360: max diff=0.000000, 1726.38 sec so far
Iteration 25965348: max diff=0.000000, 1731.38 sec so far
Iteration 26039103: max diff=0.000000, 1736.39 sec so far
Iteration 26113140: max diff=0.000000, 1741.39 sec so far
Iteration 26188545: max diff=0.000000, 1746.40 sec so far
Iteration 26264068: max diff=0.000000, 1751.40 sec so far
Iteration 26339513: max diff=0.000000, 1756.40 sec so far
Iteration 26415200: max diff=0.000000, 1761.41 sec so far
Iteration 26490259: max diff=0.000000, 1766.41 sec so far
Iteration 26565422: max diff=0.000000, 1771.42 sec so far
Iteration 26638180: max diff=0.000000, 1776.42 sec so far
Iteration 26712406: max diff=0.000000, 1781.42 sec so far
Iteration 26788029: max diff=0.000000, 1786.43 sec so far
Iteration 26862815: max diff=0.000000, 1791.43 sec so far
Iteration 26937943: max diff=0.000000, 1796.44 sec so far
Iteration 27012918: max diff=0.000000, 1801.44 sec so far
Iteration 27087913: max diff=0.000000, 1806.44 sec so far
Iteration 27162383: max diff=0.000000, 1811.45 sec so far
Iteration 27236654: max diff=0.000000, 1816.45 sec so far
Iteration 27310895: max diff=0.000000, 1821.46 sec so far
Iteration 27386333: max diff=0.000000, 1826.46 sec so far
Iteration 27461630: max diff=0.000000, 1831.46 sec so far
Iteration 27536715: max diff=0.000000, 1836.47 sec so far
Iteration 27610581: max diff=0.000000, 1841.47 sec so far
Iteration 27685751: max diff=0.000000, 1846.48 sec so far
Iteration 27759693: max diff=0.000000, 1851.48 sec so far
Iteration 27834909: max diff=0.000000, 1856.48 sec so far
Iteration 27910133: max diff=0.000000, 1861.49 sec so far
Iteration 27985477: max diff=0.000000, 1866.49 sec so far
Iteration 28060877: max diff=0.000000, 1871.50 sec so far
Iteration 28136308: max diff=0.000000, 1876.50 sec so far
Iteration 28211750: max diff=0.000000, 1881.50 sec so far
Iteration 28287187: max diff=0.000000, 1886.51 sec so far
Iteration 28362562: max diff=0.000000, 1891.51 sec so far
Iteration 28438204: max diff=0.000000, 1896.52 sec so far
Iteration 28513216: max diff=0.000000, 1901.52 sec so far
Iteration 28588710: max diff=0.000000, 1906.52 sec so far
Iteration 28663929: max diff=0.000000, 1911.53 sec so far
Iteration 28739660: max diff=0.000000, 1916.53 sec so far
Iteration 28814832: max diff=0.000000, 1921.54 sec so far
Iteration 28890195: max diff=0.000000, 1926.54 sec so far
Iteration 28965714: max diff=0.000000, 1931.54 sec so far
Iteration 29040837: max diff=0.000000, 1936.55 sec so far
Iteration 29116273: max diff=0.000000, 1941.55 sec so far
Iteration 29191584: max diff=0.000000, 1946.56 sec so far
Iteration 29266776: max diff=0.000000, 1951.56 sec so far
Iteration 29342150: max diff=0.000000, 1956.56 sec so far
Iteration 29417534: max diff=0.000000, 1961.57 sec so far
Iteration 29492707: max diff=0.000000, 1966.57 sec so far
Iteration 29567825: max diff=0.000000, 1971.58 sec so far
Iteration 29643091: max diff=0.000000, 1976.58 sec so far
Iteration 29718407: max diff=0.000000, 1981.58 sec so far
Iteration 29793775: max diff=0.000000, 1986.59 sec so far
Iteration 29868770: max diff=0.000000, 1991.59 sec so far
Iteration 29944274: max diff=0.000000, 1996.60 sec so far
Iteration 30019234: max diff=0.000000, 2001.60 sec so far
Iteration 30094356: max diff=0.000000, 2006.60 sec so far
Iteration 30169482: max diff=0.000000, 2011.61 sec so far
Iteration 30244472: max diff=0.000000, 2016.61 sec so far
Iteration 30319953: max diff=0.000000, 2021.62 sec so far
Iteration 30395203: max diff=0.000000, 2026.62 sec so far
Iteration 30470364: max diff=0.000000, 2031.62 sec so far
Iteration 30545511: max diff=0.000000, 2036.63 sec so far
Iteration 30621009: max diff=0.000000, 2041.63 sec so far
Iteration 30696320: max diff=0.000000, 2046.64 sec so far
Iteration 30771719: max diff=0.000000, 2051.64 sec so far
Iteration 30846901: max diff=0.000000, 2056.64 sec so far
Iteration 30921794: max diff=0.000000, 2061.65 sec so far
Iteration 30995573: max diff=0.000000, 2066.65 sec so far
Iteration 31071263: max diff=0.000000, 2071.66 sec so far
Iteration 31146397: max diff=0.000000, 2076.66 sec so far
Iteration 31221749: max diff=0.000000, 2081.66 sec so far
Iteration 31297057: max diff=0.000000, 2086.67 sec so far
Iteration 31372597: max diff=0.000000, 2091.67 sec so far
Iteration 31447732: max diff=0.000000, 2096.68 sec so far
Iteration 31523008: max diff=0.000000, 2101.68 sec so far
Iteration 31598416: max diff=0.000000, 2106.68 sec so far
Iteration 31674101: max diff=0.000000, 2111.69 sec so far
Iteration 31748898: max diff=0.000000, 2116.69 sec so far
Iteration 31824116: max diff=0.000000, 2121.70 sec so far
Iteration 31899312: max diff=0.000000, 2126.70 sec so far
Iteration 31975085: max diff=0.000000, 2131.70 sec so far
Iteration 32050845: max diff=0.000000, 2136.71 sec so far
Iteration 32126004: max diff=0.000000, 2141.71 sec so far
Iteration 32201648: max diff=0.000000, 2146.72 sec so far
Iteration 32277278: max diff=0.000000, 2151.72 sec so far
Iteration 32352766: max diff=0.000000, 2156.72 sec so far
Iteration 32427855: max diff=0.000000, 2161.73 sec so far
Iteration 32502661: max diff=0.000000, 2166.73 sec so far
Iteration 32578202: max diff=0.000000, 2171.74 sec so far
Iteration 32653528: max diff=0.000000, 2176.74 sec so far
Iteration 32728826: max diff=0.000000, 2181.74 sec so far
Iteration 32804291: max diff=0.000000, 2186.75 sec so far
Iteration 32879670: max diff=0.000000, 2191.75 sec so far
Iteration 32955044: max diff=0.000000, 2196.76 sec so far
Iteration 33030510: max diff=0.000000, 2201.76 sec so far
Iteration 33105704: max diff=0.000000, 2206.76 sec so far
Iteration 33180212: max diff=0.000000, 2211.77 sec so far
Iteration 33255489: max diff=0.000000, 2216.77 sec so far
Iteration 33330147: max diff=0.000000, 2221.78 sec so far
Iteration 33404943: max diff=0.000000, 2226.78 sec so far
Iteration 33479636: max diff=0.000000, 2231.78 sec so far
Iteration 33554344: max diff=0.000000, 2236.79 sec so far
Iteration 33629491: max diff=0.000000, 2241.79 sec so far
Iteration 33704757: max diff=0.000000, 2246.80 sec so far
Iteration 33780024: max diff=0.000000, 2251.80 sec so far
Iteration 33855379: max diff=0.000000, 2256.80 sec so far
Iteration 33930773: max diff=0.000000, 2261.81 sec so far
Iteration 34005735: max diff=0.000000, 2266.81 sec so far
Iteration 34080315: max diff=0.000000, 2271.82 sec so far
Iteration 34155955: max diff=0.000000, 2276.82 sec so far
Iteration 34231647: max diff=0.000000, 2281.82 sec so far
Iteration 34306904: max diff=0.000000, 2286.83 sec so far
Iteration 34381989: max diff=0.000000, 2291.83 sec so far
Iteration 34457615: max diff=0.000000, 2296.84 sec so far
Iteration 34533224: max diff=0.000000, 2301.84 sec so far
Iteration 34608258: max diff=0.000000, 2306.84 sec so far
Iteration 34681316: max diff=0.000000, 2311.85 sec so far
Iteration 34756062: max diff=0.000000, 2316.85 sec so far
Iteration 34831112: max diff=0.000000, 2321.86 sec so far
Iteration 34906148: max diff=0.000000, 2326.86 sec so far
Iteration 34981423: max diff=0.000000, 2331.86 sec so far
Iteration 35056192: max diff=0.000000, 2336.87 sec so far
Iteration 35130972: max diff=0.000000, 2341.87 sec so far
Iteration 35206455: max diff=0.000000, 2346.88 sec so far
Iteration 35281622: max diff=0.000000, 2351.88 sec so far
Iteration 35356779: max diff=0.000000, 2356.88 sec so far
Iteration 35431509: max diff=0.000000, 2361.89 sec so far
Iteration 35506485: max diff=0.000000, 2366.89 sec so far
Iteration 35581634: max diff=0.000000, 2371.90 sec so far
Iteration 35656888: max diff=0.000000, 2376.90 sec so far
Iteration 35731197: max diff=0.000000, 2381.90 sec so far
Iteration 35806275: max diff=0.000000, 2386.91 sec so far
Iteration 35881166: max diff=0.000000, 2391.91 sec so far
Iteration 35956192: max diff=0.000000, 2396.92 sec so far
Iteration 36031167: max diff=0.000000, 2401.92 sec so far
Iteration 36106384: max diff=0.000000, 2406.92 sec so far
Iteration 36177690: max diff=0.000000, 2411.93 sec so far
Iteration 36247923: max diff=0.000000, 2416.93 sec so far
Iteration 36319828: max diff=0.000000, 2421.94 sec so far
Iteration 36393767: max diff=0.000000, 2426.94 sec so far
Iteration 36468583: max diff=0.000000, 2431.94 sec so far
Iteration 36541601: max diff=0.000000, 2436.95 sec so far
Iteration 36616698: max diff=0.000000, 2441.95 sec so far
Iteration 36690408: max diff=0.000000, 2446.96 sec so far
Iteration 36762678: max diff=0.000000, 2451.96 sec so far
Iteration 36836921: max diff=0.000000, 2456.96 sec so far
Iteration 36911130: max diff=0.000000, 2461.97 sec so far
Iteration 36986269: max diff=0.000000, 2466.97 sec so far
Iteration 37061470: max diff=0.000000, 2471.98 sec so far
Iteration 37136347: max diff=0.000000, 2476.98 sec so far
Iteration 37210147: max diff=0.000000, 2481.98 sec so far
Iteration 37282229: max diff=0.000000, 2486.99 sec so far
Iteration 37357094: max diff=0.000000, 2491.99 sec so far
Iteration 37432388: max diff=0.000000, 2497.00 sec so far
Iteration 37507538: max diff=0.000000, 2502.00 sec so far
Iteration 37582334: max diff=0.000000, 2507.00 sec so far
Iteration 37655256: max diff=0.000000, 2512.01 sec so far
Iteration 37730795: max diff=0.000000, 2517.01 sec so far
Iteration 37805026: max diff=0.000000, 2522.02 sec so far
Iteration 37879990: max diff=0.000000, 2527.02 sec so far
Iteration 37955094: max diff=0.000000, 2532.02 sec so far
Iteration 38027221: max diff=0.000000, 2537.03 sec so far
Iteration 38101976: max diff=0.000000, 2542.03 sec so far
Iteration 38176038: max diff=0.000000, 2547.04 sec so far
Iteration 38249892: max diff=0.000000, 2552.04 sec so far
Iteration 38323970: max diff=0.000000, 2557.04 sec so far
Iteration 38398065: max diff=0.000000, 2562.05 sec so far
Iteration 38471759: max diff=0.000000, 2567.05 sec so far
Iteration 38545019: max diff=0.000000, 2572.06 sec so far
Iteration 38619155: max diff=0.000000, 2577.06 sec so far
Iteration 38694311: max diff=0.000000, 2582.06 sec so far
Iteration 38767577: max diff=0.000000, 2587.07 sec so far
Iteration 38841576: max diff=0.000000, 2592.07 sec so far
Iteration 38916777: max diff=0.000000, 2597.08 sec so far
Iteration 38992139: max diff=0.000000, 2602.08 sec so far
Iteration 39066937: max diff=0.000000, 2607.08 sec so far
Iteration 39139656: max diff=0.000000, 2612.09 sec so far
Iteration 39214253: max diff=0.000000, 2617.09 sec so far
Iteration 39288995: max diff=0.000000, 2622.10 sec so far
Iteration 39361242: max diff=0.000000, 2627.10 sec so far
Iteration 39436472: max diff=0.000000, 2632.10 sec so far
Iteration 39510672: max diff=0.000000, 2637.11 sec so far
Iteration 39582971: max diff=0.000000, 2642.11 sec so far
Iteration 39657188: max diff=0.000000, 2647.12 sec so far
Iteration 39731018: max diff=0.000000, 2652.12 sec so far
Iteration 39805910: max diff=0.000000, 2657.12 sec so far
Iteration 39880185: max diff=0.000000, 2662.13 sec so far
Iteration 39953515: max diff=0.000000, 2667.13 sec so far
Iteration 40028419: max diff=0.000000, 2672.14 sec so far
Iteration 40103580: max diff=0.000000, 2677.14 sec so far
Iteration 40178239: max diff=0.000000, 2682.14 sec so far
Iteration 40253967: max diff=0.000000, 2687.15 sec so far
Iteration 40328063: max diff=0.000000, 2692.15 sec so far
Iteration 40402303: max diff=0.000000, 2697.16 sec so far
Iteration 40477272: max diff=0.000000, 2702.16 sec so far
Iteration 40552560: max diff=0.000000, 2707.16 sec so far
Iteration 40628016: max diff=0.000000, 2712.17 sec so far
Iteration 40703065: max diff=0.000000, 2717.17 sec so far
Iteration 40777992: max diff=0.000000, 2722.18 sec so far
Iteration 40852263: max diff=0.000000, 2727.18 sec so far
Iteration 40926170: max diff=0.000000, 2732.18 sec so far
Iteration 41001115: max diff=0.000000, 2737.19 sec so far
Iteration 41076734: max diff=0.000000, 2742.19 sec so far
Iteration 41152650: max diff=0.000000, 2747.20 sec so far
Iteration 41227137: max diff=0.000000, 2752.20 sec so far
Iteration 41300890: max diff=0.000000, 2757.20 sec so far
Iteration 41375720: max diff=0.000000, 2762.21 sec so far
Iteration 41450055: max diff=0.000000, 2767.21 sec so far
Iteration 41525333: max diff=0.000000, 2772.22 sec so far
Iteration 41599776: max diff=0.000000, 2777.22 sec so far
Iteration 41674836: max diff=0.000000, 2782.22 sec so far
Iteration 41749757: max diff=0.000000, 2787.23 sec so far
Iteration 41823490: max diff=0.000000, 2792.23 sec so far
Iteration 41899350: max diff=0.000000, 2797.24 sec so far
Iteration 41971846: max diff=0.000000, 2802.24 sec so far
Iteration 42046049: max diff=0.000000, 2807.24 sec so far
Iteration 42120985: max diff=0.000000, 2812.25 sec so far
Iteration 42195496: max diff=0.000000, 2817.25 sec so far
Iteration 42267685: max diff=0.000000, 2822.26 sec so far
Iteration 42341954: max diff=0.000000, 2827.26 sec so far
Iteration 42416827: max diff=0.000000, 2832.26 sec so far
Iteration 42491031: max diff=0.000000, 2837.27 sec so far
Iteration 42565601: max diff=0.000000, 2842.27 sec so far
Iteration 42641154: max diff=0.000000, 2847.28 sec so far
Iteration 42715826: max diff=0.000000, 2852.28 sec so far
Iteration 42791104: max diff=0.000000, 2857.28 sec so far
Iteration 42865699: max diff=0.000000, 2862.29 sec so far
Iteration 42940927: max diff=0.000000, 2867.29 sec so far
Iteration 43015110: max diff=0.000000, 2872.30 sec so far
Iteration 43089812: max diff=0.000000, 2877.30 sec so far
Iteration 43164554: max diff=0.000000, 2882.30 sec so far
Iteration 43239083: max diff=0.000000, 2887.31 sec so far
Iteration 43313145: max diff=0.000000, 2892.31 sec so far
Iteration 43386688: max diff=0.000000, 2897.32 sec so far
Iteration 43459689: max diff=0.000000, 2902.32 sec so far
Iteration 43534879: max diff=0.000000, 2907.32 sec so far
Iteration 43609915: max diff=0.000000, 2912.33 sec so far
Iteration 43684391: max diff=0.000000, 2917.33 sec so far
Iteration 43759716: max diff=0.000000, 2922.34 sec so far
Iteration 43834166: max diff=0.000000, 2927.34 sec so far
Iteration 43909104: max diff=0.000000, 2932.34 sec so far
Iteration 43984633: max diff=0.000000, 2937.35 sec so far
Iteration 44059592: max diff=0.000000, 2942.35 sec so far
Iteration 44134993: max diff=0.000000, 2947.36 sec so far
Iteration 44210346: max diff=0.000000, 2952.36 sec so far
Iteration 44284597: max diff=0.000000, 2957.36 sec so far
Iteration 44359859: max diff=0.000000, 2962.37 sec so far
Iteration 44434492: max diff=0.000000, 2967.37 sec so far
Iteration 44507550: max diff=0.000000, 2972.38 sec so far
Iteration 44582337: max diff=0.000000, 2977.38 sec so far
Iteration 44657485: max diff=0.000000, 2982.38 sec so far
Iteration 44732565: max diff=0.000000, 2987.39 sec so far
Iteration 44807818: max diff=0.000000, 2992.39 sec so far
Iteration 44880790: max diff=0.000000, 2997.40 sec so far
Iteration 44955872: max diff=0.000000, 3002.40 sec so far
Iteration 45031032: max diff=0.000000, 3007.40 sec so far
Iteration 45105244: max diff=0.000000, 3012.41 sec so far
Iteration 45180531: max diff=0.000000, 3017.41 sec so far
Iteration 45253751: max diff=0.000000, 3022.42 sec so far
Iteration 45327640: max diff=0.000000, 3027.42 sec so far
Iteration 45402828: max diff=0.000000, 3032.42 sec so far
Iteration 45476701: max diff=0.000000, 3037.43 sec so far
Iteration 45550538: max diff=0.000000, 3042.43 sec so far
Iteration 45624287: max diff=0.000000, 3047.44 sec so far
Iteration 45699445: max diff=0.000000, 3052.44 sec so far
Iteration 45774694: max diff=0.000000, 3057.44 sec so far
Iteration 45847299: max diff=0.000000, 3062.45 sec so far
Iteration 45921807: max diff=0.000000, 3067.45 sec so far
Iteration 45997310: max diff=0.000000, 3072.46 sec so far
Iteration 46072508: max diff=0.000000, 3077.46 sec so far
Iteration 46146800: max diff=0.000000, 3082.46 sec so far
Iteration 46221671: max diff=0.000000, 3087.47 sec so far
Iteration 46296450: max diff=0.000000, 3092.47 sec so far
Iteration 46371559: max diff=0.000000, 3097.48 sec so far
Iteration 46446726: max diff=0.000000, 3102.48 sec so far
Iteration 46521693: max diff=0.000000, 3107.48 sec so far
Iteration 46596746: max diff=0.000000, 3112.49 sec so far
Iteration 46672482: max diff=0.000000, 3117.49 sec so far
Iteration 46747575: max diff=0.000000, 3122.50 sec so far
Iteration 46822879: max diff=0.000000, 3127.50 sec so far
Iteration 46898221: max diff=0.000000, 3132.50 sec so far
Iteration 46973361: max diff=0.000000, 3137.51 sec so far
Iteration 47048458: max diff=0.000000, 3142.51 sec so far
Iteration 47123560: max diff=0.000000, 3147.52 sec so far
Iteration 47198576: max diff=0.000000, 3152.52 sec so far
Iteration 47273505: max diff=0.000000, 3157.52 sec so far
Iteration 47348749: max diff=0.000000, 3162.53 sec so far
Iteration 47423898: max diff=0.000000, 3167.53 sec so far
Iteration 47499439: max diff=0.000000, 3172.54 sec so far
Iteration 47574685: max diff=0.000000, 3177.54 sec so far
Iteration 47649633: max diff=0.000000, 3182.54 sec so far
Iteration 47725027: max diff=0.000000, 3187.55 sec so far
Iteration 47800094: max diff=0.000000, 3192.55 sec so far
Iteration 47875289: max diff=0.000000, 3197.56 sec so far
Iteration 47950516: max diff=0.000000, 3202.56 sec so far
Iteration 48025897: max diff=0.000000, 3207.56 sec so far
Iteration 48101241: max diff=0.000000, 3212.57 sec so far
Iteration 48176529: max diff=0.000000, 3217.57 sec so far
Iteration 48251949: max diff=0.000000, 3222.58 sec so far
Iteration 48327428: max diff=0.000000, 3227.58 sec so far
Iteration 48402759: max diff=0.000000, 3232.58 sec so far
Iteration 48477681: max diff=0.000000, 3237.59 sec so far
Iteration 48553151: max diff=0.000000, 3242.59 sec so far
Iteration 48628466: max diff=0.000000, 3247.60 sec so far
Iteration 48703884: max diff=0.000000, 3252.60 sec so far
Iteration 48779804: max diff=0.000000, 3257.60 sec so far
Iteration 48855083: max diff=0.000000, 3262.61 sec so far
Iteration 48930758: max diff=0.000000, 3267.61 sec so far
Iteration 49006579: max diff=0.000000, 3272.62 sec so far
Iteration 49082223: max diff=0.000000, 3277.62 sec so far
Iteration 49157621: max diff=0.000000, 3282.62 sec so far
Iteration 49232817: max diff=0.000000, 3287.63 sec so far
Iteration 49308422: max diff=0.000000, 3292.63 sec so far
Iteration 49383515: max diff=0.000000, 3297.64 sec so far
Iteration 49458810: max diff=0.000000, 3302.64 sec so far
Iteration 49534526: max diff=0.000000, 3307.64 sec so far
Iteration 49609722: max diff=0.000000, 3312.65 sec so far
Iteration 49684594: max diff=0.000000, 3317.65 sec so far
Iteration 49760133: max diff=0.000000, 3322.66 sec so far
Iteration 49835343: max diff=0.000000, 3327.66 sec so far
Iteration 49910751: max diff=0.000000, 3332.66 sec so far
Iteration 49986176: max diff=0.000000, 3337.67 sec so far
Iteration 50061472: max diff=0.000000, 3342.67 sec so far
Iteration 50136907: max diff=0.000000, 3347.68 sec so far
Iteration 50212346: max diff=0.000000, 3352.68 sec so far
Iteration 50287612: max diff=0.000000, 3357.68 sec so far
Iteration 50362912: max diff=0.000000, 3362.69 sec so far
Iteration 50438327: max diff=0.000000, 3367.69 sec so far
Iteration 50513644: max diff=0.000000, 3372.70 sec so far
Iteration 50589611: max diff=0.000000, 3377.70 sec so far
Iteration 50665136: max diff=0.000000, 3382.70 sec so far
Iteration 50740421: max diff=0.000000, 3387.71 sec so far
Iteration 50815977: max diff=0.000000, 3392.71 sec so far
Iteration 50891267: max diff=0.000000, 3397.72 sec so far
Iteration 50967003: max diff=0.000000, 3402.72 sec so far
Iteration 51042537: max diff=0.000000, 3407.72 sec so far
Iteration 51118034: max diff=0.000000, 3412.73 sec so far
Iteration 51193440: max diff=0.000000, 3417.73 sec so far
Iteration 51268747: max diff=0.000000, 3422.74 sec so far
Iteration 51343940: max diff=0.000000, 3427.74 sec so far
Iteration 51420088: max diff=0.000000, 3432.74 sec so far
Iteration 51495562: max diff=0.000000, 3437.75 sec so far
Iteration 51571025: max diff=0.000000, 3442.75 sec so far
Iteration 51646550: max diff=0.000000, 3447.76 sec so far
Iteration 51721597: max diff=0.000000, 3452.76 sec so far
Iteration 51797472: max diff=0.000000, 3457.76 sec so far
Iteration 51873037: max diff=0.000000, 3462.77 sec so far
Iteration 51948759: max diff=0.000000, 3467.77 sec so far
Iteration 52024538: max diff=0.000000, 3472.78 sec so far
Iteration 52099799: max diff=0.000000, 3477.78 sec so far
Iteration 52174789: max diff=0.000000, 3482.78 sec so far
Iteration 52250140: max diff=0.000000, 3487.79 sec so far
Iteration 52325240: max diff=0.000000, 3492.79 sec so far
Iteration 52400409: max diff=0.000000, 3497.80 sec so far
Iteration 52475616: max diff=0.000000, 3502.80 sec so far
Iteration 52550659: max diff=0.000000, 3507.80 sec so far
Iteration 52625874: max diff=0.000000, 3512.81 sec so far
Iteration 52701123: max diff=0.000000, 3517.81 sec so far
Iteration 52776543: max diff=0.000000, 3522.82 sec so far
Iteration 52851715: max diff=0.000000, 3527.82 sec so far
Iteration 52927514: max diff=0.000000, 3532.82 sec so far
Iteration 53002745: max diff=0.000000, 3537.83 sec so far
Iteration 53078538: max diff=0.000000, 3542.83 sec so far
Iteration 53153568: max diff=0.000000, 3547.84 sec so far
Iteration 53229148: max diff=0.000000, 3552.84 sec so far
Iteration 53304629: max diff=0.000000, 3557.84 sec so far
Iteration 53380010: max diff=0.000000, 3562.85 sec so far
Iteration 53455426: max diff=0.000000, 3567.85 sec so far
Iteration 53530869: max diff=0.000000, 3572.86 sec so far
Iteration 53606187: max diff=0.000000, 3577.86 sec so far
Iteration 53681973: max diff=0.000000, 3582.86 sec so far
Iteration 53757591: max diff=0.000000, 3587.87 sec so far
Iteration 53833433: max diff=0.000000, 3592.87 sec so far
Iteration 53908658: max diff=0.000000, 3597.88 sec so far
Iteration 53984260: max diff=0.000000, 3602.88 sec so far
Iteration 54059471: max diff=0.000000, 3607.88 sec so far
Iteration 54133640: max diff=0.000000, 3612.89 sec so far
Iteration 54208755: max diff=0.000000, 3617.89 sec so far
Iteration 54284201: max diff=0.000000, 3622.90 sec so far
Iteration 54359529: max diff=0.000000, 3627.90 sec so far
Iteration 54434135: max diff=0.000000, 3632.90 sec so far
Iteration 54506844: max diff=0.000000, 3637.91 sec so far
Iteration 54581796: max diff=0.000000, 3642.91 sec so far
Iteration 54657104: max diff=0.000000, 3647.92 sec so far
Iteration 54729766: max diff=0.000000, 3652.92 sec so far
Iteration 54804260: max diff=0.000000, 3657.92 sec so far
Iteration 54879924: max diff=0.000000, 3662.93 sec so far
Iteration 54954985: max diff=0.000000, 3667.93 sec so far
Iteration 55030354: max diff=0.000000, 3672.94 sec so far
Iteration 55105810: max diff=0.000000, 3677.94 sec so far
Iteration 55181178: max diff=0.000000, 3682.94 sec so far
Iteration 55256282: max diff=0.000000, 3687.95 sec so far
Iteration 55331506: max diff=0.000000, 3692.95 sec so far
Iteration 55406748: max diff=0.000000, 3697.96 sec so far
Iteration 55482363: max diff=0.000000, 3702.96 sec so far
Iteration 55558044: max diff=0.000000, 3707.96 sec so far
Iteration 55633581: max diff=0.000000, 3712.97 sec so far
Iteration 55709001: max diff=0.000000, 3717.97 sec so far
Iteration 55784154: max diff=0.000000, 3722.98 sec so far
Iteration 55859047: max diff=0.000000, 3727.98 sec so far
Iteration 55934553: max diff=0.000000, 3732.98 sec so far
Iteration 56008465: max diff=0.000000, 3737.99 sec so far
Iteration 56083480: max diff=0.000000, 3742.99 sec so far
Iteration 56158111: max diff=0.000000, 3748.00 sec so far
Iteration 56232039: max diff=0.000000, 3753.00 sec so far
Iteration 56305523: max diff=0.000000, 3758.00 sec so far
Iteration 56379781: max diff=0.000000, 3763.01 sec so far
Iteration 56453442: max diff=0.000000, 3768.01 sec so far
Iteration 56528117: max diff=0.000000, 3773.02 sec so far
Iteration 56602131: max diff=0.000000, 3778.02 sec so far
Iteration 56675912: max diff=0.000000, 3783.02 sec so far
Iteration 56750381: max diff=0.000000, 3788.03 sec so far
Iteration 56825805: max diff=0.000000, 3793.03 sec so far
Iteration 56900156: max diff=0.000000, 3798.04 sec so far
Iteration 56975658: max diff=0.000000, 3803.04 sec so far
Iteration 57051438: max diff=0.000000, 3808.04 sec so far
Iteration 57126027: max diff=0.000000, 3813.05 sec so far
Iteration 57201117: max diff=0.000000, 3818.05 sec so far
Iteration 57276388: max diff=0.000000, 3823.06 sec so far
Iteration 57351791: max diff=0.000000, 3828.06 sec so far
Iteration 57426029: max diff=0.000000, 3833.06 sec so far
Iteration 57501284: max diff=0.000000, 3838.07 sec so far
Iteration 57576506: max diff=0.000000, 3843.07 sec so far
Iteration 57652179: max diff=0.000000, 3848.08 sec so far
Iteration 57727231: max diff=0.000000, 3853.08 sec so far
Iteration 57802316: max diff=0.000000, 3858.08 sec so far
Iteration 57878424: max diff=0.000000, 3863.09 sec so far
Iteration 57953990: max diff=0.000000, 3868.09 sec so far
Iteration 58029296: max diff=0.000000, 3873.10 sec so far
Iteration 58104838: max diff=0.000000, 3878.10 sec so far
Iteration 58179892: max diff=0.000000, 3883.10 sec so far
Iteration 58255276: max diff=0.000000, 3888.11 sec so far
Iteration 58330616: max diff=0.000000, 3893.11 sec so far
Iteration 58405532: max diff=0.000000, 3898.12 sec so far
Iteration 58480705: max diff=0.000000, 3903.12 sec so far
Iteration 58556009: max diff=0.000000, 3908.12 sec so far
Iteration 58631585: max diff=0.000000, 3913.13 sec so far
Iteration 58706688: max diff=0.000000, 3918.13 sec so far
Iteration 58781362: max diff=0.000000, 3923.14 sec so far
Iteration 58856637: max diff=0.000000, 3928.14 sec so far
Iteration 58931694: max diff=0.000000, 3933.14 sec so far
Iteration 59006887: max diff=0.000000, 3938.15 sec so far
Iteration 59080634: max diff=0.000000, 3943.15 sec so far
Iteration 59153973: max diff=0.000000, 3948.16 sec so far
Iteration 59228234: max diff=0.000000, 3953.16 sec so far
Iteration 59302419: max diff=0.000000, 3958.16 sec so far
Iteration 59377638: max diff=0.000000, 3963.17 sec so far
Iteration 59451634: max diff=0.000000, 3968.17 sec so far
Iteration 59526118: max diff=0.000000, 3973.18 sec so far
Iteration 59601277: max diff=0.000000, 3978.18 sec so far
Iteration 59676601: max diff=0.000000, 3983.18 sec so far
Iteration 59750910: max diff=0.000000, 3988.19 sec so far
Iteration 59824663: max diff=0.000000, 3993.19 sec so far
Iteration 59898716: max diff=0.000000, 3998.20 sec so far
Iteration 59973804: max diff=0.000000, 4003.20 sec so far
Iteration 60049174: max diff=0.000000, 4008.20 sec so far
Iteration 60124989: max diff=0.000000, 4013.21 sec so far
Iteration 60200328: max diff=0.000000, 4018.21 sec so far
Iteration 60275320: max diff=0.000000, 4023.22 sec so far
Iteration 60350850: max diff=0.000000, 4028.22 sec so far
Iteration 60425276: max diff=0.000000, 4033.22 sec so far
Iteration 60500383: max diff=0.000000, 4038.23 sec so far
Iteration 60576271: max diff=0.000000, 4043.23 sec so far
Iteration 60651713: max diff=0.000000, 4048.24 sec so far
Iteration 60727180: max diff=0.000000, 4053.24 sec so far
Iteration 60802692: max diff=0.000000, 4058.24 sec so far
Iteration 60878229: max diff=0.000000, 4063.25 sec so far
Iteration 60952951: max diff=0.000000, 4068.25 sec so far
Iteration 61028387: max diff=0.000000, 4073.26 sec so far
Iteration 61104045: max diff=0.000000, 4078.26 sec so far
Iteration 61179011: max diff=0.000000, 4083.26 sec so far
Iteration 61254760: max diff=0.000000, 4088.27 sec so far
Iteration 61330038: max diff=0.000000, 4093.27 sec so far
Iteration 61405276: max diff=0.000000, 4098.28 sec so far
Iteration 61480989: max diff=0.000000, 4103.28 sec so far
Iteration 61556524: max diff=0.000000, 4108.28 sec so far
Iteration 61631973: max diff=0.000000, 4113.29 sec so far
Iteration 61707116: max diff=0.000000, 4118.29 sec so far
Iteration 61782519: max diff=0.000000, 4123.30 sec so far
Iteration 61857862: max diff=0.000000, 4128.30 sec so far
Iteration 61932958: max diff=0.000000, 4133.30 sec so far
Iteration 62008584: max diff=0.000000, 4138.31 sec so far
Iteration 62084130: max diff=0.000000, 4143.31 sec so far
Iteration 62159415: max diff=0.000000, 4148.32 sec so far
Iteration 62235096: max diff=0.000000, 4153.32 sec so far
Iteration 62310711: max diff=0.000000, 4158.32 sec so far
Iteration 62385673: max diff=0.000000, 4163.33 sec so far
Iteration 62460881: max diff=0.000000, 4168.33 sec so far
Iteration 62534685: max diff=0.000000, 4173.34 sec so far
Iteration 62609638: max diff=0.000000, 4178.34 sec so far
Iteration 62684634: max diff=0.000000, 4183.34 sec so far
Iteration 62759522: max diff=0.000000, 4188.35 sec so far
Iteration 62835011: max diff=0.000000, 4193.35 sec so far
Iteration 62910489: max diff=0.000000, 4198.36 sec so far
Iteration 62986247: max diff=0.000000, 4203.36 sec so far
Iteration 63061256: max diff=0.000000, 4208.36 sec so far
Iteration 63136431: max diff=0.000000, 4213.37 sec so far
Iteration 63212032: max diff=0.000000, 4218.37 sec so far
Iteration 63287085: max diff=0.000000, 4223.38 sec so far
Iteration 63361795: max diff=0.000000, 4228.38 sec so far
Iteration 63437453: max diff=0.000000, 4233.38 sec so far
Iteration 63512109: max diff=0.000000, 4238.39 sec so far
Iteration 63587214: max diff=0.000000, 4243.39 sec so far
Iteration 63662623: max diff=0.000000, 4248.40 sec so far
Iteration 63737556: max diff=0.000000, 4253.40 sec so far
Iteration 63812988: max diff=0.000000, 4258.40 sec so far
Iteration 63888620: max diff=0.000000, 4263.41 sec so far
Iteration 63963968: max diff=0.000000, 4268.41 sec so far
Iteration 64038964: max diff=0.000000, 4273.42 sec so far
Iteration 64114081: max diff=0.000000, 4278.42 sec so far
Iteration 64189731: max diff=0.000000, 4283.42 sec so far
Iteration 64265344: max diff=0.000000, 4288.43 sec so far
Iteration 64340490: max diff=0.000000, 4293.43 sec so far
Iteration 64415324: max diff=0.000000, 4298.44 sec so far
Iteration 64490219: max diff=0.000000, 4303.44 sec so far
Iteration 64565431: max diff=0.000000, 4308.44 sec so far
Iteration 64640565: max diff=0.000000, 4313.45 sec so far
Iteration 64715442: max diff=0.000000, 4318.45 sec so far
Iteration 64790164: max diff=0.000000, 4323.46 sec so far
Iteration 64865614: max diff=0.000000, 4328.46 sec so far
Iteration 64940703: max diff=0.000000, 4333.46 sec so far
Iteration 65015975: max diff=0.000000, 4338.47 sec so far
Iteration 65090699: max diff=0.000000, 4343.47 sec so far
Iteration 65165167: max diff=0.000000, 4348.48 sec so far
Iteration 65239460: max diff=0.000000, 4353.48 sec so far
Iteration 65314912: max diff=0.000000, 4358.48 sec so far
Iteration 65389968: max diff=0.000000, 4363.49 sec so far
Iteration 65465156: max diff=0.000000, 4368.49 sec so far
Iteration 65540116: max diff=0.000000, 4373.50 sec so far
Iteration 65614863: max diff=0.000000, 4378.50 sec so far
Iteration 65688643: max diff=0.000000, 4383.50 sec so far
Iteration 65763604: max diff=0.000000, 4388.51 sec so far
Iteration 65838524: max diff=0.000000, 4393.51 sec so far
Iteration 65913543: max diff=0.000000, 4398.52 sec so far
Iteration 65988658: max diff=0.000000, 4403.52 sec so far
Iteration 66063633: max diff=0.000000, 4408.52 sec so far
Iteration 66138685: max diff=0.000000, 4413.53 sec so far
Iteration 66214022: max diff=0.000000, 4418.53 sec so far
Iteration 66289193: max diff=0.000000, 4423.54 sec so far
Iteration 66364050: max diff=0.000000, 4428.54 sec so far
Iteration 66439014: max diff=0.000000, 4433.54 sec so far
Iteration 66512790: max diff=0.000000, 4438.55 sec so far
Iteration 66588281: max diff=0.000000, 4443.55 sec so far
Iteration 66663769: max diff=0.000000, 4448.56 sec so far
Iteration 66739525: max diff=0.000000, 4453.56 sec so far
Iteration 66813332: max diff=0.000000, 4458.56 sec so far
Iteration 66888647: max diff=0.000000, 4463.57 sec so far
Iteration 66963046: max diff=0.000000, 4468.57 sec so far
Iteration 67038320: max diff=0.000000, 4473.58 sec so far
Iteration 67113406: max diff=0.000000, 4478.58 sec so far
Iteration 67188951: max diff=0.000000, 4483.58 sec so far
Iteration 67264003: max diff=0.000000, 4488.59 sec so far
Iteration 67339619: max diff=0.000000, 4493.59 sec so far
Iteration 67415121: max diff=0.000000, 4498.60 sec so far
Iteration 67490223: max diff=0.000000, 4503.60 sec so far
Iteration 67565847: max diff=0.000000, 4508.60 sec so far
Iteration 67640026: max diff=0.000000, 4513.61 sec so far
Iteration 67715425: max diff=0.000000, 4518.61 sec so far
Iteration 67790102: max diff=0.000000, 4523.62 sec so far
Iteration 67865893: max diff=0.000000, 4528.62 sec so far
Iteration 67941214: max diff=0.000000, 4533.62 sec so far
Iteration 68016298: max diff=0.000000, 4538.63 sec so far
Iteration 68091725: max diff=0.000000, 4543.63 sec so far
Iteration 68166408: max diff=0.000000, 4548.64 sec so far
Iteration 68240287: max diff=0.000000, 4553.64 sec so far
Iteration 68315224: max diff=0.000000, 4558.64 sec so far
Iteration 68389902: max diff=0.000000, 4563.65 sec so far
Iteration 68463775: max diff=0.000000, 4568.65 sec so far
Iteration 68538310: max diff=0.000000, 4573.66 sec so far
Iteration 68613343: max diff=0.000000, 4578.66 sec so far
Iteration 68688245: max diff=0.000000, 4583.66 sec so far
Iteration 68763546: max diff=0.000000, 4588.67 sec so far
Iteration 68837481: max diff=0.000000, 4593.67 sec so far
Iteration 68912583: max diff=0.000000, 4598.68 sec so far
Iteration 68987267: max diff=0.000000, 4603.68 sec so far
Iteration 69062149: max diff=0.000000, 4608.68 sec so far
Iteration 69136683: max diff=0.000000, 4613.69 sec so far
Iteration 69211954: max diff=0.000000, 4618.69 sec so far
Iteration 69286485: max diff=0.000000, 4623.70 sec so far
Iteration 69361371: max diff=0.000000, 4628.70 sec so far
Iteration 69436751: max diff=0.000000, 4633.70 sec so far
Iteration 69511294: max diff=0.000000, 4638.71 sec so far
Iteration 69586031: max diff=0.000000, 4643.71 sec so far
Iteration 69661351: max diff=0.000000, 4648.72 sec so far
Iteration 69735892: max diff=0.000000, 4653.72 sec so far
Iteration 69811282: max diff=0.000000, 4658.72 sec so far
Iteration 69886364: max diff=0.000000, 4663.73 sec so far
Iteration 69961200: max diff=0.000000, 4668.73 sec so far
Iteration 70035969: max diff=0.000000, 4673.74 sec so far
Iteration 70111296: max diff=0.000000, 4678.74 sec so far
Iteration 70186825: max diff=0.000000, 4683.74 sec so far
Iteration 70261769: max diff=0.000000, 4688.75 sec so far
Iteration 70336968: max diff=0.000000, 4693.75 sec so far
Iteration 70412203: max diff=0.000000, 4698.76 sec so far
Iteration 70487489: max diff=0.000000, 4703.76 sec so far
Iteration 70563009: max diff=0.000000, 4708.76 sec so far
Iteration 70638270: max diff=0.000000, 4713.77 sec so far
Iteration 70713504: max diff=0.000000, 4718.77 sec so far
Iteration 70789159: max diff=0.000000, 4723.78 sec so far
Iteration 70864422: max diff=0.000000, 4728.78 sec so far
Iteration 70939416: max diff=0.000000, 4733.78 sec so far
Iteration 71014534: max diff=0.000000, 4738.79 sec so far
Iteration 71089721: max diff=0.000000, 4743.79 sec so far
Iteration 71164994: max diff=0.000000, 4748.80 sec so far
Iteration 71240658: max diff=0.000000, 4753.80 sec so far
Iteration 71315598: max diff=0.000000, 4758.80 sec so far
Iteration 71390926: max diff=0.000000, 4763.81 sec so far
Iteration 71464985: max diff=0.000000, 4768.81 sec so far
Iteration 71538890: max diff=0.000000, 4773.82 sec so far
Iteration 71612396: max diff=0.000000, 4778.82 sec so far
Iteration 71686012: max diff=0.000000, 4783.82 sec so far
Iteration 71760284: max diff=0.000000, 4788.83 sec so far
Iteration 71835640: max diff=0.000000, 4793.83 sec so far
Iteration 71909709: max diff=0.000000, 4798.84 sec so far
Iteration 71984937: max diff=0.000000, 4803.84 sec so far
Iteration 72059001: max diff=0.000000, 4808.84 sec so far
Iteration 72134391: max diff=0.000000, 4813.85 sec so far
Iteration 72206359: max diff=0.000000, 4818.85 sec so far
Iteration 72281707: max diff=0.000000, 4823.86 sec so far
Iteration 72353448: max diff=0.000000, 4828.86 sec so far
Iteration 72428756: max diff=0.000000, 4833.86 sec so far
Iteration 72504754: max diff=0.000000, 4838.87 sec so far
Iteration 72579998: max diff=0.000000, 4843.87 sec so far
Iteration 72654922: max diff=0.000000, 4848.88 sec so far
Iteration 72729879: max diff=0.000000, 4853.88 sec so far
Iteration 72804952: max diff=0.000000, 4858.88 sec so far
Iteration 72879992: max diff=0.000000, 4863.89 sec so far
Iteration 72954678: max diff=0.000000, 4868.89 sec so far
Iteration 73030195: max diff=0.000000, 4873.90 sec so far
Iteration 73104422: max diff=0.000000, 4878.90 sec so far
Iteration 73179129: max diff=0.000000, 4883.90 sec so far
Iteration 73254686: max diff=0.000000, 4888.91 sec so far
Iteration 73330292: max diff=0.000000, 4893.91 sec so far
Iteration 73405879: max diff=0.000000, 4898.92 sec so far
Iteration 73480905: max diff=0.000000, 4903.92 sec so far
Iteration 73555990: max diff=0.000000, 4908.92 sec so far
Iteration 73631231: max diff=0.000000, 4913.93 sec so far
Iteration 73706491: max diff=0.000000, 4918.93 sec so far
Iteration 73781742: max diff=0.000000, 4923.94 sec so far
Iteration 73856499: max diff=0.000000, 4928.94 sec so far
Iteration 73931814: max diff=0.000000, 4933.94 sec so far
Iteration 74007332: max diff=0.000000, 4938.95 sec so far
Iteration 74082462: max diff=0.000000, 4943.95 sec so far
Iteration 74157610: max diff=0.000000, 4948.96 sec so far
Iteration 74233172: max diff=0.000000, 4953.96 sec so far
Iteration 74308637: max diff=0.000000, 4958.96 sec so far
Iteration 74383697: max diff=0.000000, 4963.97 sec so far
Iteration 74458880: max diff=0.000000, 4968.97 sec so far
Iteration 74534002: max diff=0.000000, 4973.98 sec so far
Iteration 74608426: max diff=0.000000, 4978.98 sec so far
Iteration 74683854: max diff=0.000000, 4983.98 sec so far
Iteration 74759267: max diff=0.000000, 4988.99 sec so far
Iteration 74833835: max diff=0.000000, 4993.99 sec so far
Iteration 74908607: max diff=0.000000, 4999.00 sec so far
Iteration 74983963: max diff=0.000000, 5004.00 sec so far
Iteration 75059302: max diff=0.000000, 5009.00 sec so far
Iteration 75134698: max diff=0.000000, 5014.01 sec so far
Iteration 75210909: max diff=0.000000, 5019.01 sec so far
Iteration 75285442: max diff=0.000000, 5024.02 sec so far
Iteration 75360426: max diff=0.000000, 5029.02 sec so far
Iteration 75434914: max diff=0.000000, 5034.02 sec so far
Iteration 75508298: max diff=0.000000, 5039.03 sec so far
Iteration 75583131: max diff=0.000000, 5044.03 sec so far
Iteration 75658264: max diff=0.000000, 5049.04 sec so far
Iteration 75733130: max diff=0.000000, 5054.04 sec so far
Iteration 75808922: max diff=0.000000, 5059.04 sec so far
Iteration 75884675: max diff=0.000000, 5064.05 sec so far
Iteration 75959713: max diff=0.000000, 5069.05 sec so far
Iteration 76035080: max diff=0.000000, 5074.06 sec so far
Iteration 76110379: max diff=0.000000, 5079.06 sec so far
Iteration 76186161: max diff=0.000000, 5084.06 sec so far
Iteration 76261628: max diff=0.000000, 5089.07 sec so far
Iteration 76337161: max diff=0.000000, 5094.07 sec so far
Iteration 76412549: max diff=0.000000, 5099.08 sec so far
Iteration 76488203: max diff=0.000000, 5104.08 sec so far
Iteration 76563624: max diff=0.000000, 5109.08 sec so far
Iteration 76639138: max diff=0.000000, 5114.09 sec so far
Iteration 76714807: max diff=0.000000, 5119.09 sec so far
Iteration 76790411: max diff=0.000000, 5124.10 sec so far
Iteration 76865929: max diff=0.000000, 5129.10 sec so far
Iteration 76941642: max diff=0.000000, 5134.10 sec so far
Iteration 77017112: max diff=0.000000, 5139.11 sec so far
Iteration 77092080: max diff=0.000000, 5144.11 sec so far
Iteration 77167115: max diff=0.000000, 5149.12 sec so far
Iteration 77242163: max diff=0.000000, 5154.12 sec so far
Iteration 77317290: max diff=0.000000, 5159.12 sec so far
Iteration 77392748: max diff=0.000000, 5164.13 sec so far
Iteration 77468109: max diff=0.000000, 5169.13 sec so far
Iteration 77543518: max diff=0.000000, 5174.14 sec so far
Iteration 77618672: max diff=0.000000, 5179.14 sec so far
Iteration 77694048: max diff=0.000000, 5184.14 sec so far
Iteration 77769524: max diff=0.000000, 5189.15 sec so far
Iteration 77844506: max diff=0.000000, 5194.15 sec so far
Iteration 77919810: max diff=0.000000, 5199.16 sec so far
Iteration 77994852: max diff=0.000000, 5204.16 sec so far
Iteration 78069871: max diff=0.000000, 5209.16 sec so far
Iteration 78144878: max diff=0.000000, 5214.17 sec so far
Iteration 78220302: max diff=0.000000, 5219.17 sec so far
Iteration 78295252: max diff=0.000000, 5224.18 sec so far
Iteration 78370364: max diff=0.000000, 5229.18 sec so far
Iteration 78445746: max diff=0.000000, 5234.18 sec so far
Iteration 78520837: max diff=0.000000, 5239.19 sec so far
Iteration 78596012: max diff=0.000000, 5244.19 sec so far
Iteration 78671168: max diff=0.000000, 5249.20 sec so far
Iteration 78746377: max diff=0.000000, 5254.20 sec so far
Iteration 78822171: max diff=0.000000, 5259.20 sec so far
Iteration 78897094: max diff=0.000000, 5264.21 sec so far
Iteration 78972576: max diff=0.000000, 5269.21 sec so far
Iteration 79048243: max diff=0.000000, 5274.22 sec so far
Iteration 79123177: max diff=0.000000, 5279.22 sec so far
Iteration 79198345: max diff=0.000000, 5284.22 sec so far
Iteration 79274034: max diff=0.000000, 5289.23 sec so far
Iteration 79349921: max diff=0.000000, 5294.23 sec so far
Iteration 79425051: max diff=0.000000, 5299.24 sec so far
Iteration 79500447: max diff=0.000000, 5304.24 sec so far
Iteration 79574763: max diff=0.000000, 5309.24 sec so far
Iteration 79650399: max diff=0.000000, 5314.25 sec so far
Iteration 79725875: max diff=0.000000, 5319.25 sec so far
Iteration 79801272: max diff=0.000000, 5324.26 sec so far
Iteration 79876130: max diff=0.000000, 5329.26 sec so far
Iteration 79951437: max diff=0.000000, 5334.26 sec so far
Iteration 80026325: max diff=0.000000, 5339.27 sec so far
Iteration 80101474: max diff=0.000000, 5344.27 sec so far
Iteration 80176593: max diff=0.000000, 5349.28 sec so far
Iteration 80252104: max diff=0.000000, 5354.28 sec so far
Iteration 80327542: max diff=0.000000, 5359.28 sec so far
Iteration 80402911: max diff=0.000000, 5364.29 sec so far
Iteration 80478001: max diff=0.000000, 5369.29 sec so far
Iteration 80551670: max diff=0.000000, 5374.30 sec so far
Iteration 80625122: max diff=0.000000, 5379.30 sec so far
Iteration 80700486: max diff=0.000000, 5384.30 sec so far
Iteration 80775870: max diff=0.000000, 5389.31 sec so far
Iteration 80851191: max diff=0.000000, 5394.31 sec so far
Iteration 80925353: max diff=0.000000, 5399.32 sec so far
Iteration 81000354: max diff=0.000000, 5404.32 sec so far
Iteration 81075467: max diff=0.000000, 5409.32 sec so far
Iteration 81151016: max diff=0.000000, 5414.33 sec so far
Iteration 81226299: max diff=0.000000, 5419.33 sec so far
Iteration 81302012: max diff=0.000000, 5424.34 sec so far
Iteration 81377262: max diff=0.000000, 5429.34 sec so far
Iteration 81452947: max diff=0.000000, 5434.34 sec so far
Iteration 81528365: max diff=0.000000, 5439.35 sec so far
Iteration 81604040: max diff=0.000000, 5444.35 sec so far
Iteration 81679670: max diff=0.000000, 5449.36 sec so far
Iteration 81754849: max diff=0.000000, 5454.36 sec so far
Iteration 81830129: max diff=0.000000, 5459.36 sec so far
Iteration 81905876: max diff=0.000000, 5464.37 sec so far
Iteration 81981545: max diff=0.000000, 5469.37 sec so far
Iteration 82056906: max diff=0.000000, 5474.38 sec so far
Iteration 82132333: max diff=0.000000, 5479.38 sec so far
Iteration 82208126: max diff=0.000000, 5484.38 sec so far
Iteration 82280865: max diff=0.000000, 5489.39 sec so far
Iteration 82355805: max diff=0.000000, 5494.39 sec so far
Iteration 82430830: max diff=0.000000, 5499.40 sec so far
Iteration 82505618: max diff=0.000000, 5504.40 sec so far
Iteration 82580883: max diff=0.000000, 5509.40 sec so far
Iteration 82656272: max diff=0.000000, 5514.41 sec so far
Iteration 82731141: max diff=0.000000, 5519.41 sec so far
Iteration 82806371: max diff=0.000000, 5524.42 sec so far
Iteration 82881679: max diff=0.000000, 5529.42 sec so far
Iteration 82957114: max diff=0.000000, 5534.42 sec so far
Iteration 83032339: max diff=0.000000, 5539.43 sec so far
Iteration 83107859: max diff=0.000000, 5544.43 sec so far
Iteration 83182873: max diff=0.000000, 5549.44 sec so far
Iteration 83258056: max diff=0.000000, 5554.44 sec so far
Iteration 83333159: max diff=0.000000, 5559.44 sec so far
Iteration 83408136: max diff=0.000000, 5564.45 sec so far
Iteration 83483722: max diff=0.000000, 5569.45 sec so far
Iteration 83558933: max diff=0.000000, 5574.46 sec so far
Iteration 83634274: max diff=0.000000, 5579.46 sec so far
Iteration 83709639: max diff=0.000000, 5584.46 sec so far
Iteration 83785444: max diff=0.000000, 5589.47 sec so far
Iteration 83860936: max diff=0.000000, 5594.47 sec so far
Iteration 83936169: max diff=0.000000, 5599.48 sec so far
Iteration 84011301: max diff=0.000000, 5604.48 sec so far
Iteration 84086642: max diff=0.000000, 5609.48 sec so far
Iteration 84161837: max diff=0.000000, 5614.49 sec so far
Iteration 84237499: max diff=0.000000, 5619.49 sec so far
Iteration 84312509: max diff=0.000000, 5624.50 sec so far
Iteration 84388134: max diff=0.000000, 5629.50 sec so far
Iteration 84463144: max diff=0.000000, 5634.50 sec so far
Iteration 84538057: max diff=0.000000, 5639.51 sec so far
Iteration 84613145: max diff=0.000000, 5644.51 sec so far
Iteration 84688456: max diff=0.000000, 5649.52 sec so far
Iteration 84763671: max diff=0.000000, 5654.52 sec so far
Iteration 84839086: max diff=0.000000, 5659.52 sec so far
Iteration 84915013: max diff=0.000000, 5664.53 sec so far
Iteration 84990469: max diff=0.000000, 5669.53 sec so far
Iteration 85066097: max diff=0.000000, 5674.54 sec so far
Iteration 85141507: max diff=0.000000, 5679.54 sec so far
Iteration 85216730: max diff=0.000000, 5684.54 sec so far
Iteration 85291882: max diff=0.000000, 5689.55 sec so far
Iteration 85367269: max diff=0.000000, 5694.55 sec so far
Iteration 85442927: max diff=0.000000, 5699.56 sec so far
Iteration 85518627: max diff=0.000000, 5704.56 sec so far
Iteration 85593726: max diff=0.000000, 5709.56 sec so far
Iteration 85669402: max diff=0.000000, 5714.57 sec so far
Iteration 85744625: max diff=0.000000, 5719.57 sec so far
Iteration 85819924: max diff=0.000000, 5724.58 sec so far
Iteration 85895382: max diff=0.000000, 5729.58 sec so far
Iteration 85970856: max diff=0.000000, 5734.58 sec so far
Iteration 86046292: max diff=0.000000, 5739.59 sec so far
Iteration 86121804: max diff=0.000000, 5744.59 sec so far
Iteration 86197214: max diff=0.000000, 5749.60 sec so far
Iteration 86272800: max diff=0.000000, 5754.60 sec so far
Iteration 86348021: max diff=0.000000, 5759.60 sec so far
Iteration 86422980: max diff=0.000000, 5764.61 sec so far
Iteration 86498442: max diff=0.000000, 5769.61 sec so far
Iteration 86573692: max diff=0.000000, 5774.62 sec so far
Iteration 86648928: max diff=0.000000, 5779.62 sec so far
Iteration 86724427: max diff=0.000000, 5784.62 sec so far
Iteration 86799575: max diff=0.000000, 5789.63 sec so far
Iteration 86874750: max diff=0.000000, 5794.63 sec so far
Iteration 86949274: max diff=0.000000, 5799.64 sec so far
Iteration 87024876: max diff=0.000000, 5804.64 sec so far
Iteration 87100092: max diff=0.000000, 5809.64 sec so far
Iteration 87175263: max diff=0.000000, 5814.65 sec so far
Iteration 87250568: max diff=0.000000, 5819.65 sec so far
Iteration 87325680: max diff=0.000000, 5824.66 sec so far
Iteration 87400961: max diff=0.000000, 5829.66 sec so far
Iteration 87476122: max diff=0.000000, 5834.66 sec so far
Iteration 87551402: max diff=0.000000, 5839.67 sec so far
Iteration 87626470: max diff=0.000000, 5844.67 sec so far
Iteration 87701864: max diff=0.000000, 5849.68 sec so far
Iteration 87776252: max diff=0.000000, 5854.68 sec so far
Iteration 87851511: max diff=0.000000, 5859.68 sec so far
Iteration 87926245: max diff=0.000000, 5864.69 sec so far
Iteration 88001232: max diff=0.000000, 5869.69 sec so far
Iteration 88076503: max diff=0.000000, 5874.70 sec so far
Iteration 88151622: max diff=0.000000, 5879.70 sec so far
Iteration 88227016: max diff=0.000000, 5884.70 sec so far
Iteration 88302053: max diff=0.000000, 5889.71 sec so far
Iteration 88376953: max diff=0.000000, 5894.71 sec so far
Iteration 88452087: max diff=0.000000, 5899.72 sec so far
Iteration 88526477: max diff=0.000000, 5904.72 sec so far
Iteration 88601354: max diff=0.000000, 5909.72 sec so far
Iteration 88676700: max diff=0.000000, 5914.73 sec so far
Iteration 88752123: max diff=0.000000, 5919.73 sec so far
Iteration 88825884: max diff=0.000000, 5924.74 sec so far
Iteration 88900733: max diff=0.000000, 5929.74 sec so far
Iteration 88976284: max diff=0.000000, 5934.74 sec so far
Iteration 89051172: max diff=0.000000, 5939.75 sec so far
Iteration 89126322: max diff=0.000000, 5944.75 sec so far
Iteration 89201115: max diff=0.000000, 5949.76 sec so far
Iteration 89276268: max diff=0.000000, 5954.76 sec so far
Iteration 89351642: max diff=0.000000, 5959.76 sec so far
Iteration 89426950: max diff=0.000000, 5964.77 sec so far
Iteration 89502341: max diff=0.000000, 5969.77 sec so far
Iteration 89578165: max diff=0.000000, 5974.78 sec so far
Iteration 89653161: max diff=0.000000, 5979.78 sec so far
Iteration 89728243: max diff=0.000000, 5984.78 sec so far
Iteration 89803300: max diff=0.000000, 5989.79 sec so far
Iteration 89878555: max diff=0.000000, 5994.79 sec so far
Iteration 89953390: max diff=0.000000, 5999.80 sec so far
Iteration 90028786: max diff=0.000000, 6004.80 sec so far
Iteration 90103209: max diff=0.000000, 6009.80 sec so far
Iteration 90178493: max diff=0.000000, 6014.81 sec so far
Iteration 90253459: max diff=0.000000, 6019.81 sec so far
Iteration 90328909: max diff=0.000000, 6024.82 sec so far
Iteration 90403719: max diff=0.000000, 6029.82 sec so far
Iteration 90478876: max diff=0.000000, 6034.82 sec so far
Iteration 90553842: max diff=0.000000, 6039.83 sec so far
Iteration 90628692: max diff=0.000000, 6044.83 sec so far
Iteration 90704250: max diff=0.000000, 6049.84 sec so far
Iteration 90779132: max diff=0.000000, 6054.84 sec so far
Iteration 90854284: max diff=0.000000, 6059.84 sec so far
Iteration 90928855: max diff=0.000000, 6064.85 sec so far
Iteration 91003679: max diff=0.000000, 6069.85 sec so far
Iteration 91078024: max diff=0.000000, 6074.86 sec so far
Iteration 91153229: max diff=0.000000, 6079.86 sec so far
Iteration 91228553: max diff=0.000000, 6084.86 sec so far
Iteration 91303652: max diff=0.000000, 6089.87 sec so far
Iteration 91378886: max diff=0.000000, 6094.87 sec so far
Iteration 91454306: max diff=0.000000, 6099.88 sec so far
Iteration 91527918: max diff=0.000000, 6104.88 sec so far
Iteration 91603025: max diff=0.000000, 6109.88 sec so far
Iteration 91678370: max diff=0.000000, 6114.89 sec so far
Iteration 91753506: max diff=0.000000, 6119.89 sec so far
Iteration 91828181: max diff=0.000000, 6124.90 sec so far
Iteration 91903562: max diff=0.000000, 6129.90 sec so far
Iteration 91979172: max diff=0.000000, 6134.90 sec so far
Iteration 92054449: max diff=0.000000, 6139.91 sec so far
Iteration 92129193: max diff=0.000000, 6144.91 sec so far
Iteration 92204420: max diff=0.000000, 6149.92 sec so far
Iteration 92279919: max diff=0.000000, 6154.92 sec so far
Iteration 92354535: max diff=0.000000, 6159.92 sec so far
Iteration 92429176: max diff=0.000000, 6164.93 sec so far
Iteration 92503918: max diff=0.000000, 6169.93 sec so far
Iteration 92578229: max diff=0.000000, 6174.94 sec so far
Iteration 92652715: max diff=0.000000, 6179.94 sec so far
Iteration 92727862: max diff=0.000000, 6184.94 sec so far
Iteration 92802557: max diff=0.000000, 6189.95 sec so far
Iteration 92877337: max diff=0.000000, 6194.95 sec so far
Iteration 92953118: max diff=0.000000, 6199.96 sec so far
Iteration 93028067: max diff=0.000000, 6204.96 sec so far
Iteration 93102836: max diff=0.000000, 6209.96 sec so far
Iteration 93178392: max diff=0.000000, 6214.97 sec so far
Iteration 93253885: max diff=0.000000, 6219.97 sec so far
Iteration 93328673: max diff=0.000000, 6224.98 sec so far
Iteration 93403609: max diff=0.000000, 6229.98 sec so far
Iteration 93478771: max diff=0.000000, 6234.98 sec so far
Iteration 93553827: max diff=0.000000, 6239.99 sec so far
Iteration 93629302: max diff=0.000000, 6244.99 sec so far
Iteration 93704114: max diff=0.000000, 6250.00 sec so far
Iteration 93779258: max diff=0.000000, 6255.00 sec so far
Iteration 93854468: max diff=0.000000, 6260.00 sec so far
Iteration 93929569: max diff=0.000000, 6265.01 sec so far
Iteration 94004786: max diff=0.000000, 6270.01 sec so far
Iteration 94079819: max diff=0.000000, 6275.02 sec so far
Iteration 94154856: max diff=0.000000, 6280.02 sec so far
Iteration 94229950: max diff=0.000000, 6285.02 sec so far
Iteration 94305421: max diff=0.000000, 6290.03 sec so far
Iteration 94380196: max diff=0.000000, 6295.03 sec so far
Iteration 94455074: max diff=0.000000, 6300.04 sec so far
Iteration 94529962: max diff=0.000000, 6305.04 sec so far
Iteration 94604718: max diff=0.000000, 6310.04 sec so far
Iteration 94679826: max diff=0.000000, 6315.05 sec so far
Iteration 94754825: max diff=0.000000, 6320.05 sec so far
Iteration 94829636: max diff=0.000000, 6325.06 sec so far
Iteration 94904795: max diff=0.000000, 6330.06 sec so far
Iteration 94979677: max diff=0.000000, 6335.06 sec so far
Iteration 95054790: max diff=0.000000, 6340.07 sec so far
Iteration 95129540: max diff=0.000000, 6345.07 sec so far
Iteration 95205448: max diff=0.000000, 6350.08 sec so far
Iteration 95280673: max diff=0.000000, 6355.08 sec so far
Iteration 95356038: max diff=0.000000, 6360.08 sec so far
Iteration 95430727: max diff=0.000000, 6365.09 sec so far
Iteration 95505775: max diff=0.000000, 6370.09 sec so far
Iteration 95580961: max diff=0.000000, 6375.10 sec so far
Iteration 95655901: max diff=0.000000, 6380.10 sec so far
Iteration 95730552: max diff=0.000000, 6385.10 sec so far
Iteration 95805464: max diff=0.000000, 6390.11 sec so far
Iteration 95880541: max diff=0.000000, 6395.11 sec so far
Iteration 95955576: max diff=0.000000, 6400.12 sec so far
Iteration 96030726: max diff=0.000000, 6405.12 sec so far
Iteration 96105534: max diff=0.000000, 6410.12 sec so far
Iteration 96180703: max diff=0.000000, 6415.13 sec so far
Iteration 96255924: max diff=0.000000, 6420.13 sec so far
Iteration 96331119: max diff=0.000000, 6425.14 sec so far
Iteration 96405646: max diff=0.000000, 6430.14 sec so far
Iteration 96480919: max diff=0.000000, 6435.14 sec so far
Iteration 96556413: max diff=0.000000, 6440.15 sec so far
Iteration 96631956: max diff=0.000000, 6445.15 sec so far
Iteration 96706656: max diff=0.000000, 6450.16 sec so far
Iteration 96781644: max diff=0.000000, 6455.16 sec so far
Iteration 96856984: max diff=0.000000, 6460.16 sec so far
Iteration 96932061: max diff=0.000000, 6465.17 sec so far
Iteration 97007266: max diff=0.000000, 6470.17 sec so far
Iteration 97082246: max diff=0.000000, 6475.18 sec so far
Iteration 97157843: max diff=0.000000, 6480.18 sec so far
Iteration 97233069: max diff=0.000000, 6485.18 sec so far
Iteration 97307964: max diff=0.000000, 6490.19 sec so far
Iteration 97383356: max diff=0.000000, 6495.19 sec so far
Iteration 97458578: max diff=0.000000, 6500.20 sec so far
Iteration 97533857: max diff=0.000000, 6505.20 sec so far
Iteration 97609309: max diff=0.000000, 6510.20 sec so far
Iteration 97684847: max diff=0.000000, 6515.21 sec so far
Iteration 97760175: max diff=0.000000, 6520.21 sec so far
Iteration 97835272: max diff=0.000000, 6525.22 sec so far
Iteration 97910611: max diff=0.000000, 6530.22 sec so far
Iteration 97985368: max diff=0.000000, 6535.22 sec so far
Iteration 98060360: max diff=0.000000, 6540.23 sec so far
Iteration 98135093: max diff=0.000000, 6545.23 sec so far
Iteration 98209892: max diff=0.000000, 6550.24 sec so far
Iteration 98285152: max diff=0.000000, 6555.24 sec so far
Iteration 98360387: max diff=0.000000, 6560.24 sec so far
Iteration 98435648: max diff=0.000000, 6565.25 sec so far
Iteration 98510511: max diff=0.000000, 6570.25 sec so far
Iteration 98585756: max diff=0.000000, 6575.26 sec so far
Iteration 98660581: max diff=0.000000, 6580.26 sec so far
Iteration 98735221: max diff=0.000000, 6585.26 sec so far
Iteration 98810838: max diff=0.000000, 6590.27 sec so far
Iteration 98884607: max diff=0.000000, 6595.27 sec so far
Iteration 98957901: max diff=0.000000, 6600.28 sec so far
Iteration 99033307: max diff=0.000000, 6605.28 sec so far
Iteration 99107241: max diff=0.000000, 6610.28 sec so far
Iteration 99182268: max diff=0.000000, 6615.29 sec so far
Iteration 99256868: max diff=0.000000, 6620.29 sec so far
Iteration 99329867: max diff=0.000000, 6625.30 sec so far
Iteration 99404727: max diff=0.000000, 6630.30 sec so far
Iteration 99478295: max diff=0.000000, 6635.30 sec so far
Iteration 99552386: max diff=0.000000, 6640.31 sec so far
Iteration 99627380: max diff=0.000000, 6645.31 sec so far
Iteration 99701888: max diff=0.000000, 6650.32 sec so far
Iteration 99777265: max diff=0.000000, 6655.32 sec so far
Iteration 99852766: max diff=0.000000, 6660.32 sec so far
Iteration 99928643: max diff=0.000000, 6665.33 sec so far

Power method: 100000000 iterations in 6670.06 seconds (average 0.000067, setup 0.00)

Error: Iterative method did not converge within 100000000 iterations.
Consider using a different numerical method or increasing the maximum number of iterations.

