PRISM
=====

Version: 4.4
Date: Wed Jul 11 18:17:59 EDT 2018
Hostname: storm-eval
Memory limits: cudd=1g, java(heap)=910.5m
Command line: prism -hybrid -epsilon 1E-10 -maxiters 100000000 -power -absolute -const k=200 ../../CZK_project/Model/benchmark/devel/firstRejuvenation/firstRejuvenation_CTMC.pm -ss -exportss ../../CZK_project/Output/firstRejuvenation_1E-10_constant/hybrid/ph_200_1E-10

Parsing model file "../../CZK_project/Model/benchmark/devel/firstRejuvenation/firstRejuvenation_CTMC.pm"...

Type:        CTMC
Modules:     firstRejuvenation trigger 
Variables:   status avail maintenance i 

---------------------------------------------------------------------

Computing steady-state probabilities...

Building model...
Model constants: k=200

Computing reachable states...

Reachability (BFS): 401 iterations in 0.01 seconds (average 0.000020, setup 0.00)

Time for model construction: 0.031 seconds.

Type:        CTMC
States:      1000 (1 initial)
Transitions: 1400

Rate matrix: 267 nodes (7 terminal), 1400 minterms, vars: 12r/12c

SCCs: 1, BSCCs: 1, non-BSCC states: 0
BSCC sizes: 1:1000

Initial states all in one BSCC (so no reachability probabilities computed)

Computing probabilities...
Engine: Hybrid

Building power method iteration matrix MTBDD... [nodes=316] [6.2 Kb]
Building hybrid MTBDD matrix... [levels=12, nodes=347] [16.3 KB]
Adding explicit sparse matrices... [levels=12, num=1, compact] [10.4 KB]
Allocating iteration vectors... [2 x 7.8 KB]
TOTAL: [42.3 KB]

Starting iterations...
Iteration 761108: max diff=0.000000, 5.00 sec so far
Iteration 1504934: max diff=0.000000, 10.01 sec so far
Iteration 2254769: max diff=0.000000, 15.01 sec so far
Iteration 3010172: max diff=0.000000, 20.02 sec so far
Iteration 3761947: max diff=0.000000, 25.02 sec so far
Iteration 4493786: max diff=0.000000, 30.02 sec so far
Iteration 5244202: max diff=0.000000, 35.03 sec so far
Iteration 6002890: max diff=0.000000, 40.03 sec so far
Iteration 6760386: max diff=0.000000, 45.04 sec so far
Iteration 7506281: max diff=0.000000, 50.04 sec so far
Iteration 8252054: max diff=0.000000, 55.04 sec so far
Iteration 9011132: max diff=0.000000, 60.05 sec so far
Iteration 9764510: max diff=0.000000, 65.05 sec so far
Iteration 10512275: max diff=0.000000, 70.06 sec so far
Iteration 11258554: max diff=0.000000, 75.06 sec so far
Iteration 12019023: max diff=0.000000, 80.06 sec so far
Iteration 12781002: max diff=0.000000, 85.07 sec so far
Iteration 13536235: max diff=0.000000, 90.07 sec so far
Iteration 14287699: max diff=0.000000, 95.08 sec so far
Iteration 15037762: max diff=0.000000, 100.08 sec so far

Power method: 15447043 iterations in 102.76 seconds (average 0.000007, setup 0.00)

Printing steady-state probabilities in plain text format to file "../../CZK_project/Output/firstRejuvenation_1E-10_constant/hybrid/ph_200_1E-10"...

Time for steady-state probability computation: 108.765 seconds.

