PRISM
=====

Version: 4.4
Date: Wed Jul 11 18:23:05 EDT 2018
Hostname: storm-eval
Memory limits: cudd=1g, java(heap)=910.5m
Command line: prism -hybrid -epsilon 1E-10 -maxiters 100000000 -power -absolute -const k=300 ../../CZK_project/Model/benchmark/devel/firstRejuvenation/firstRejuvenation_CTMC.pm -ss -exportss ../../CZK_project/Output/firstRejuvenation_1E-10_constant/hybrid/ph_300_1E-10

Parsing model file "../../CZK_project/Model/benchmark/devel/firstRejuvenation/firstRejuvenation_CTMC.pm"...

Type:        CTMC
Modules:     firstRejuvenation trigger 
Variables:   status avail maintenance i 

---------------------------------------------------------------------

Computing steady-state probabilities...

Building model...
Model constants: k=300

Computing reachable states...

Reachability (BFS): 601 iterations in 0.01 seconds (average 0.000020, setup 0.00)

Time for model construction: 0.042 seconds.

Type:        CTMC
States:      1500 (1 initial)
Transitions: 2100

Rate matrix: 316 nodes (7 terminal), 2100 minterms, vars: 13r/13c

SCCs: 1, BSCCs: 1, non-BSCC states: 0
BSCC sizes: 1:1500

Initial states all in one BSCC (so no reachability probabilities computed)

Computing probabilities...
Engine: Hybrid

Building power method iteration matrix MTBDD... [nodes=370] [7.2 Kb]
Building hybrid MTBDD matrix... [levels=13, nodes=419] [19.6 KB]
Adding explicit sparse matrices... [levels=13, num=1, compact] [20.0 KB]
Allocating iteration vectors... [2 x 11.7 KB]
TOTAL: [63.1 KB]

Starting iterations...
Iteration 501324: max diff=0.000000, 5.00 sec so far
Iteration 997820: max diff=0.000000, 10.01 sec so far
Iteration 1497443: max diff=0.000000, 15.01 sec so far
Iteration 2002904: max diff=0.000000, 20.02 sec so far
Iteration 2507201: max diff=0.000000, 25.02 sec so far
Iteration 3008794: max diff=0.000000, 30.02 sec so far
Iteration 3514470: max diff=0.000000, 35.03 sec so far
Iteration 4022624: max diff=0.000000, 40.03 sec so far
Iteration 4525369: max diff=0.000000, 45.04 sec so far
Iteration 5029197: max diff=0.000000, 50.04 sec so far
Iteration 5528442: max diff=0.000000, 55.04 sec so far
Iteration 6032785: max diff=0.000000, 60.05 sec so far
Iteration 6528980: max diff=0.000000, 65.05 sec so far
Iteration 7031685: max diff=0.000000, 70.06 sec so far
Iteration 7533997: max diff=0.000000, 75.06 sec so far
Iteration 8037374: max diff=0.000000, 80.06 sec so far
Iteration 8538716: max diff=0.000000, 85.07 sec so far
Iteration 9038727: max diff=0.000000, 90.07 sec so far
Iteration 9540360: max diff=0.000000, 95.08 sec so far
Iteration 10037349: max diff=0.000000, 100.08 sec so far
Iteration 10542333: max diff=0.000000, 105.08 sec so far
Iteration 11037782: max diff=0.000000, 110.09 sec so far
Iteration 11538098: max diff=0.000000, 115.09 sec so far
Iteration 12038479: max diff=0.000000, 120.10 sec so far
Iteration 12540476: max diff=0.000000, 125.10 sec so far
Iteration 13040987: max diff=0.000000, 130.10 sec so far
Iteration 13531951: max diff=0.000000, 135.11 sec so far
Iteration 14031683: max diff=0.000000, 140.11 sec so far
Iteration 14526838: max diff=0.000000, 145.12 sec so far
Iteration 15019910: max diff=0.000000, 150.12 sec so far
Iteration 15513463: max diff=0.000000, 155.12 sec so far
Iteration 16007189: max diff=0.000000, 160.13 sec so far
Iteration 16503964: max diff=0.000000, 165.13 sec so far
Iteration 16997741: max diff=0.000000, 170.14 sec so far
Iteration 17491486: max diff=0.000000, 175.14 sec so far
Iteration 17982178: max diff=0.000000, 180.14 sec so far
Iteration 18477713: max diff=0.000000, 185.15 sec so far
Iteration 18981013: max diff=0.000000, 190.15 sec so far
Iteration 19471405: max diff=0.000000, 195.16 sec so far
Iteration 19965872: max diff=0.000000, 200.16 sec so far
Iteration 20455800: max diff=0.000000, 205.16 sec so far
Iteration 20952302: max diff=0.000000, 210.17 sec so far
Iteration 21447848: max diff=0.000000, 215.17 sec so far
Iteration 21945234: max diff=0.000000, 220.18 sec so far
Iteration 22442990: max diff=0.000000, 225.18 sec so far
Iteration 22943458: max diff=0.000000, 230.18 sec so far
Iteration 23442370: max diff=0.000000, 235.19 sec so far
Iteration 23947191: max diff=0.000000, 240.19 sec so far
Iteration 24443981: max diff=0.000000, 245.20 sec so far
Iteration 24943476: max diff=0.000000, 250.20 sec so far

Power method: 25009403 iterations in 250.86 seconds (average 0.000010, setup 0.00)

Printing steady-state probabilities in plain text format to file "../../CZK_project/Output/firstRejuvenation_1E-10_constant/hybrid/ph_300_1E-10"...

Time for steady-state probability computation: 260.183 seconds.

