PRISM
=====

Version: 4.4
Date: Wed Jul 11 18:14:35 EDT 2018
Hostname: storm-eval
Memory limits: cudd=1g, java(heap)=910.5m
Command line: prism -hybrid -epsilon 1E-10 -maxiters 100000000 -power -absolute -const k=40 ../../CZK_project/Model/benchmark/devel/firstRejuvenation/firstRejuvenation_CTMC.pm -ss -exportss ../../CZK_project/Output/firstRejuvenation_1E-10_constant/hybrid/ph_40_1E-10

Parsing model file "../../CZK_project/Model/benchmark/devel/firstRejuvenation/firstRejuvenation_CTMC.pm"...

Type:        CTMC
Modules:     firstRejuvenation trigger 
Variables:   status avail maintenance i 

---------------------------------------------------------------------

Computing steady-state probabilities...

Building model...
Model constants: k=40

Computing reachable states...

Reachability (BFS): 81 iterations in 0.00 seconds (average 0.000049, setup 0.00)

Time for model construction: 0.014 seconds.

Type:        CTMC
States:      200 (1 initial)
Transitions: 280

Rate matrix: 197 nodes (7 terminal), 280 minterms, vars: 10r/10c

SCCs: 1, BSCCs: 1, non-BSCC states: 0
BSCC sizes: 1:200

Initial states all in one BSCC (so no reachability probabilities computed)

Computing probabilities...
Engine: Hybrid

Building power method iteration matrix MTBDD... [nodes=236] [4.6 Kb]
Building hybrid MTBDD matrix... [levels=10, nodes=248] [11.6 KB]
Adding explicit sparse matrices... [levels=10, num=1, compact] [2.2 KB]
Allocating iteration vectors... [2 x 1.6 KB]
TOTAL: [16.9 KB]

Starting iterations...

Power method: 1417830 iterations in 2.01 seconds (average 0.000001, setup 0.00)

Printing steady-state probabilities in plain text format to file "../../CZK_project/Output/firstRejuvenation_1E-10_constant/hybrid/ph_40_1E-10"...

Time for steady-state probability computation: 2.431 seconds.

