PRISM
=====

Version: 4.4
Date: Wed Jul 11 18:14:10 EDT 2018
Hostname: storm-eval
Memory limits: cudd=1g, java(heap)=910.5m
Command line: prism -hybrid -epsilon 1E-10 -maxiters 100000000 -power -absolute -const k=7 ../../CZK_project/Model/benchmark/devel/firstRejuvenation/firstRejuvenation_CTMC.pm -ss -exportss ../../CZK_project/Output/firstRejuvenation_1E-10_constant/hybrid/ph_7_1E-10

Parsing model file "../../CZK_project/Model/benchmark/devel/firstRejuvenation/firstRejuvenation_CTMC.pm"...

Type:        CTMC
Modules:     firstRejuvenation trigger 
Variables:   status avail maintenance i 

---------------------------------------------------------------------

Computing steady-state probabilities...

Building model...
Model constants: k=7

Computing reachable states...

Reachability (BFS): 15 iterations in 0.00 seconds (average 0.000000, setup 0.00)

Time for model construction: 0.012 seconds.

Type:        CTMC
States:      35 (1 initial)
Transitions: 49

Rate matrix: 125 nodes (7 terminal), 49 minterms, vars: 7r/7c

SCCs: 1, BSCCs: 1, non-BSCC states: 0
BSCC sizes: 1:35

Initial states all in one BSCC (so no reachability probabilities computed)

Computing probabilities...
Engine: Hybrid

Building power method iteration matrix MTBDD... [nodes=158] [3.1 Kb]
Building hybrid MTBDD matrix... [levels=7, nodes=172] [8.1 KB]
Adding explicit sparse matrices... [levels=7, num=1, compact] [0.4 KB]
Allocating iteration vectors... [2 x 0.3 KB]
TOTAL: [9.1 KB]

Starting iterations...

Power method: 69765 iterations in 0.02 seconds (average 0.000000, setup 0.00)

Printing steady-state probabilities in plain text format to file "../../CZK_project/Output/firstRejuvenation_1E-10_constant/hybrid/ph_7_1E-10"...

Time for steady-state probability computation: 0.051 seconds.

