PRISM
=====

Version: 4.4
Date: Wed Jul 11 18:14:18 EDT 2018
Hostname: storm-eval
Memory limits: cudd=1g, java(heap)=910.5m
Command line: prism -hybrid -epsilon 1E-10 -maxiters 100000000 -power -absolute -const k=9 ../../CZK_project/Model/benchmark/devel/firstRejuvenation/firstRejuvenation_CTMC.pm -ss -exportss ../../CZK_project/Output/firstRejuvenation_1E-10_constant/hybrid/ph_9_1E-10

Parsing model file "../../CZK_project/Model/benchmark/devel/firstRejuvenation/firstRejuvenation_CTMC.pm"...

Type:        CTMC
Modules:     firstRejuvenation trigger 
Variables:   status avail maintenance i 

---------------------------------------------------------------------

Computing steady-state probabilities...

Building model...
Model constants: k=9

Computing reachable states...

Reachability (BFS): 19 iterations in 0.00 seconds (average 0.000000, setup 0.00)

Time for model construction: 0.012 seconds.

Type:        CTMC
States:      45 (1 initial)
Transitions: 63

Rate matrix: 148 nodes (7 terminal), 63 minterms, vars: 8r/8c

SCCs: 1, BSCCs: 1, non-BSCC states: 0
BSCC sizes: 1:45

Initial states all in one BSCC (so no reachability probabilities computed)

Computing probabilities...
Engine: Hybrid

Building power method iteration matrix MTBDD... [nodes=198] [3.9 Kb]
Building hybrid MTBDD matrix... [levels=8, nodes=214] [10.0 KB]
Adding explicit sparse matrices... [levels=8, num=1, compact] [0.6 KB]
Allocating iteration vectors... [2 x 0.4 KB]
TOTAL: [11.3 KB]

Starting iterations...

Power method: 106660 iterations in 0.05 seconds (average 0.000000, setup 0.00)

Printing steady-state probabilities in plain text format to file "../../CZK_project/Output/firstRejuvenation_1E-10_constant/hybrid/ph_9_1E-10"...

Time for steady-state probability computation: 0.079 seconds.

