PRISM
=====

Version: 4.4
Date: Tue Jul 10 02:47:17 EDT 2018
Hostname: storm-eval
Memory limits: cudd=1g, java(heap)=910.5m
Command line: prism -hybrid -epsilon 1E-10 -maxiters 100000000 -power -absolute -const k=900 ../../CZK_project/Model/benchmark/devel/firstRejuvenation/firstRejuvenation_CTMC.pm -ss -exportss ../../CZK_project/Output/firstRejuvenation_1E-10_constant/hybrid/ph_900_1E-10

Parsing model file "../../CZK_project/Model/benchmark/devel/firstRejuvenation/firstRejuvenation_CTMC.pm"...

Type:        CTMC
Modules:     firstRejuvenation trigger 
Variables:   status avail maintenance i 

---------------------------------------------------------------------

Computing steady-state probabilities...

Building model...
Model constants: k=900

Computing reachable states...

Reachability (BFS): 1801 iterations in 0.05 seconds (average 0.000029, setup 0.00)

Time for model construction: 0.155 seconds.

Type:        CTMC
States:      4500 (1 initial)
Transitions: 6300

Rate matrix: 369 nodes (7 terminal), 6300 minterms, vars: 14r/14c

SCCs: 1, BSCCs: 1, non-BSCC states: 0
BSCC sizes: 1:4500

Initial states all in one BSCC (so no reachability probabilities computed)

Computing probabilities...
Engine: Hybrid

Building power method iteration matrix MTBDD... [nodes=428] [8.4 Kb]
Building hybrid MTBDD matrix... [levels=14, nodes=478] [22.4 KB]
Adding explicit sparse matrices... [levels=14, num=1, compact] [46.7 KB]
Allocating iteration vectors... [2 x 35.2 KB]
TOTAL: [139.4 KB]

Starting iterations...
Iteration 165196: max diff=0.000001, 5.00 sec so far
Iteration 330508: max diff=0.000000, 10.01 sec so far
Iteration 496690: max diff=0.000000, 15.01 sec so far
Iteration 661896: max diff=0.000000, 20.02 sec so far
Iteration 827365: max diff=0.000000, 25.02 sec so far
Iteration 993388: max diff=0.000000, 30.02 sec so far
Iteration 1158623: max diff=0.000000, 35.03 sec so far
Iteration 1325527: max diff=0.000000, 40.03 sec so far
Iteration 1490716: max diff=0.000000, 45.04 sec so far
Iteration 1656147: max diff=0.000000, 50.04 sec so far
Iteration 1820631: max diff=0.000000, 55.04 sec so far
Iteration 1985960: max diff=0.000000, 60.05 sec so far
Iteration 2151087: max diff=0.000000, 65.05 sec so far
Iteration 2316842: max diff=0.000000, 70.06 sec so far
Iteration 2481575: max diff=0.000000, 75.06 sec so far
Iteration 2647717: max diff=0.000000, 80.06 sec so far
Iteration 2812526: max diff=0.000000, 85.07 sec so far
Iteration 2976988: max diff=0.000000, 90.07 sec so far
Iteration 3141534: max diff=0.000000, 95.08 sec so far
Iteration 3307739: max diff=0.000000, 100.08 sec so far
Iteration 3473117: max diff=0.000000, 105.08 sec so far
Iteration 3638392: max diff=0.000000, 110.09 sec so far
Iteration 3802995: max diff=0.000000, 115.09 sec so far
Iteration 3968794: max diff=0.000000, 120.10 sec so far
Iteration 4134771: max diff=0.000000, 125.10 sec so far
Iteration 4300301: max diff=0.000000, 130.10 sec so far
Iteration 4465316: max diff=0.000000, 135.11 sec so far
Iteration 4631678: max diff=0.000000, 140.11 sec so far
Iteration 4799470: max diff=0.000000, 145.12 sec so far
Iteration 4968451: max diff=0.000000, 150.12 sec so far
Iteration 5137977: max diff=0.000000, 155.12 sec so far
Iteration 5306779: max diff=0.000000, 160.13 sec so far
Iteration 5475140: max diff=0.000000, 165.13 sec so far
Iteration 5643451: max diff=0.000000, 170.14 sec so far
Iteration 5811096: max diff=0.000000, 175.14 sec so far
Iteration 5977835: max diff=0.000000, 180.14 sec so far
Iteration 6145383: max diff=0.000000, 185.15 sec so far
Iteration 6313794: max diff=0.000000, 190.15 sec so far
Iteration 6481609: max diff=0.000000, 195.16 sec so far
Iteration 6650341: max diff=0.000000, 200.16 sec so far
Iteration 6818973: max diff=0.000000, 205.16 sec so far
Iteration 6986844: max diff=0.000000, 210.17 sec so far
Iteration 7155830: max diff=0.000000, 215.17 sec so far
Iteration 7323745: max diff=0.000000, 220.18 sec so far
Iteration 7491071: max diff=0.000000, 225.18 sec so far
Iteration 7659440: max diff=0.000000, 230.18 sec so far
Iteration 7827891: max diff=0.000000, 235.19 sec so far
Iteration 7996267: max diff=0.000000, 240.19 sec so far
Iteration 8165436: max diff=0.000000, 245.20 sec so far
Iteration 8333530: max diff=0.000000, 250.20 sec so far
Iteration 8501539: max diff=0.000000, 255.20 sec so far
Iteration 8669182: max diff=0.000000, 260.21 sec so far
Iteration 8837685: max diff=0.000000, 265.21 sec so far
Iteration 9006074: max diff=0.000000, 270.22 sec so far
Iteration 9174656: max diff=0.000000, 275.22 sec so far
Iteration 9342609: max diff=0.000000, 280.22 sec so far
Iteration 9510587: max diff=0.000000, 285.23 sec so far
Iteration 9678100: max diff=0.000000, 290.23 sec so far
Iteration 9845663: max diff=0.000000, 295.24 sec so far
Iteration 10013278: max diff=0.000000, 300.24 sec so far
Iteration 10181644: max diff=0.000000, 305.24 sec so far
Iteration 10350100: max diff=0.000000, 310.25 sec so far
Iteration 10518279: max diff=0.000000, 315.25 sec so far
Iteration 10686001: max diff=0.000000, 320.26 sec so far
Iteration 10853068: max diff=0.000000, 325.26 sec so far
Iteration 11021003: max diff=0.000000, 330.26 sec so far
Iteration 11189819: max diff=0.000000, 335.27 sec so far
Iteration 11358356: max diff=0.000000, 340.27 sec so far
Iteration 11526289: max diff=0.000000, 345.28 sec so far
Iteration 11694002: max diff=0.000000, 350.28 sec so far
Iteration 11862892: max diff=0.000000, 355.28 sec so far
Iteration 12030964: max diff=0.000000, 360.29 sec so far
Iteration 12199286: max diff=0.000000, 365.29 sec so far
Iteration 12368180: max diff=0.000000, 370.30 sec so far
Iteration 12536972: max diff=0.000000, 375.30 sec so far
Iteration 12704659: max diff=0.000000, 380.30 sec so far
Iteration 12872933: max diff=0.000000, 385.31 sec so far
Iteration 13041006: max diff=0.000000, 390.31 sec so far
Iteration 13209227: max diff=0.000000, 395.32 sec so far
Iteration 13377876: max diff=0.000000, 400.32 sec so far
Iteration 13543082: max diff=0.000000, 405.32 sec so far
Iteration 13712777: max diff=0.000000, 410.33 sec so far
Iteration 13880037: max diff=0.000000, 415.33 sec so far
Iteration 14048622: max diff=0.000000, 420.34 sec so far
Iteration 14216925: max diff=0.000000, 425.34 sec so far
Iteration 14385074: max diff=0.000000, 430.34 sec so far
Iteration 14552706: max diff=0.000000, 435.35 sec so far
Iteration 14720872: max diff=0.000000, 440.35 sec so far
Iteration 14889813: max diff=0.000000, 445.36 sec so far
Iteration 15057786: max diff=0.000000, 450.36 sec so far
Iteration 15226197: max diff=0.000000, 455.36 sec so far
Iteration 15394232: max diff=0.000000, 460.37 sec so far
Iteration 15562795: max diff=0.000000, 465.37 sec so far
Iteration 15731222: max diff=0.000000, 470.38 sec so far
Iteration 15898911: max diff=0.000000, 475.38 sec so far
Iteration 16067655: max diff=0.000000, 480.38 sec so far
Iteration 16236004: max diff=0.000000, 485.39 sec so far
Iteration 16404049: max diff=0.000000, 490.39 sec so far
Iteration 16572562: max diff=0.000000, 495.40 sec so far
Iteration 16741559: max diff=0.000000, 500.40 sec so far
Iteration 16910427: max diff=0.000000, 505.40 sec so far
Iteration 17077678: max diff=0.000000, 510.41 sec so far
Iteration 17245597: max diff=0.000000, 515.41 sec so far
Iteration 17414042: max diff=0.000000, 520.42 sec so far
Iteration 17582334: max diff=0.000000, 525.42 sec so far
Iteration 17750675: max diff=0.000000, 530.42 sec so far
Iteration 17920160: max diff=0.000000, 535.43 sec so far
Iteration 18087827: max diff=0.000000, 540.43 sec so far
Iteration 18255618: max diff=0.000000, 545.44 sec so far
Iteration 18423648: max diff=0.000000, 550.44 sec so far
Iteration 18592171: max diff=0.000000, 555.44 sec so far
Iteration 18759828: max diff=0.000000, 560.45 sec so far
Iteration 18928023: max diff=0.000000, 565.45 sec so far
Iteration 19095986: max diff=0.000000, 570.46 sec so far
Iteration 19265231: max diff=0.000000, 575.46 sec so far
Iteration 19434361: max diff=0.000000, 580.46 sec so far
Iteration 19602022: max diff=0.000000, 585.47 sec so far
Iteration 19770737: max diff=0.000000, 590.47 sec so far
Iteration 19939455: max diff=0.000000, 595.48 sec so far
Iteration 20107211: max diff=0.000000, 600.48 sec so far
Iteration 20275585: max diff=0.000000, 605.48 sec so far
Iteration 20443123: max diff=0.000000, 610.49 sec so far
Iteration 20611731: max diff=0.000000, 615.49 sec so far
Iteration 20780409: max diff=0.000000, 620.50 sec so far
Iteration 20949580: max diff=0.000000, 625.50 sec so far
Iteration 21118677: max diff=0.000000, 630.50 sec so far
Iteration 21287212: max diff=0.000000, 635.51 sec so far
Iteration 21455872: max diff=0.000000, 640.51 sec so far
Iteration 21624597: max diff=0.000000, 645.52 sec so far
Iteration 21794490: max diff=0.000000, 650.52 sec so far
Iteration 21962544: max diff=0.000000, 655.52 sec so far
Iteration 22130777: max diff=0.000000, 660.53 sec so far
Iteration 22299303: max diff=0.000000, 665.53 sec so far
Iteration 22468299: max diff=0.000000, 670.54 sec so far
Iteration 22636290: max diff=0.000000, 675.54 sec so far
Iteration 22804779: max diff=0.000000, 680.54 sec so far
Iteration 22972886: max diff=0.000000, 685.55 sec so far
Iteration 23141020: max diff=0.000000, 690.55 sec so far
Iteration 23308903: max diff=0.000000, 695.56 sec so far
Iteration 23476787: max diff=0.000000, 700.56 sec so far
Iteration 23644561: max diff=0.000000, 705.56 sec so far
Iteration 23813241: max diff=0.000000, 710.57 sec so far
Iteration 23981191: max diff=0.000000, 715.57 sec so far
Iteration 24148941: max diff=0.000000, 720.58 sec so far
Iteration 24317258: max diff=0.000000, 725.58 sec so far
Iteration 24485258: max diff=0.000000, 730.58 sec so far
Iteration 24651086: max diff=0.000000, 735.59 sec so far
Iteration 24815483: max diff=0.000000, 740.59 sec so far
Iteration 24981304: max diff=0.000000, 745.60 sec so far
Iteration 25147269: max diff=0.000000, 750.60 sec so far
Iteration 25312614: max diff=0.000000, 755.60 sec so far
Iteration 25478732: max diff=0.000000, 760.61 sec so far
Iteration 25643668: max diff=0.000000, 765.61 sec so far
Iteration 25807574: max diff=0.000000, 770.62 sec so far
Iteration 25973531: max diff=0.000000, 775.62 sec so far
Iteration 26138645: max diff=0.000000, 780.62 sec so far
Iteration 26303939: max diff=0.000000, 785.63 sec so far
Iteration 26469009: max diff=0.000000, 790.63 sec so far
Iteration 26633807: max diff=0.000000, 795.64 sec so far
Iteration 26799157: max diff=0.000000, 800.64 sec so far
Iteration 26963433: max diff=0.000000, 805.64 sec so far
Iteration 27128549: max diff=0.000000, 810.65 sec so far
Iteration 27292773: max diff=0.000000, 815.65 sec so far
Iteration 27457144: max diff=0.000000, 820.66 sec so far
Iteration 27621907: max diff=0.000000, 825.66 sec so far
Iteration 27786442: max diff=0.000000, 830.66 sec so far
Iteration 27949666: max diff=0.000000, 835.67 sec so far
Iteration 28110638: max diff=0.000000, 840.67 sec so far
Iteration 28269708: max diff=0.000000, 845.68 sec so far
Iteration 28428283: max diff=0.000000, 850.68 sec so far
Iteration 28590512: max diff=0.000000, 855.68 sec so far
Iteration 28751077: max diff=0.000000, 860.69 sec so far
Iteration 28913275: max diff=0.000000, 865.69 sec so far
Iteration 29077241: max diff=0.000000, 870.70 sec so far
Iteration 29237049: max diff=0.000000, 875.70 sec so far
Iteration 29394052: max diff=0.000000, 880.70 sec so far
Iteration 29557008: max diff=0.000000, 885.71 sec so far
Iteration 29719040: max diff=0.000000, 890.71 sec so far
Iteration 29881751: max diff=0.000000, 895.72 sec so far
Iteration 30044199: max diff=0.000000, 900.72 sec so far
Iteration 30205625: max diff=0.000000, 905.72 sec so far
Iteration 30364849: max diff=0.000000, 910.73 sec so far
Iteration 30528087: max diff=0.000000, 915.73 sec so far
Iteration 30693421: max diff=0.000000, 920.74 sec so far
Iteration 30860113: max diff=0.000000, 925.74 sec so far
Iteration 31026094: max diff=0.000000, 930.74 sec so far
Iteration 31190572: max diff=0.000000, 935.75 sec so far
Iteration 31355010: max diff=0.000000, 940.75 sec so far
Iteration 31519053: max diff=0.000000, 945.76 sec so far
Iteration 31685373: max diff=0.000000, 950.76 sec so far
Iteration 31849923: max diff=0.000000, 955.76 sec so far
Iteration 32015478: max diff=0.000000, 960.77 sec so far
Iteration 32180770: max diff=0.000000, 965.77 sec so far
Iteration 32346230: max diff=0.000000, 970.78 sec so far
Iteration 32510600: max diff=0.000000, 975.78 sec so far
Iteration 32675972: max diff=0.000000, 980.78 sec so far
Iteration 32841843: max diff=0.000000, 985.79 sec so far
Iteration 33007441: max diff=0.000000, 990.79 sec so far
Iteration 33172129: max diff=0.000000, 995.80 sec so far
Iteration 33336637: max diff=0.000000, 1000.80 sec so far
Iteration 33502084: max diff=0.000000, 1005.80 sec so far
Iteration 33666350: max diff=0.000000, 1010.81 sec so far
Iteration 33831240: max diff=0.000000, 1015.81 sec so far
Iteration 33995995: max diff=0.000000, 1020.82 sec so far
Iteration 34161141: max diff=0.000000, 1025.82 sec so far
Iteration 34326003: max diff=0.000000, 1030.82 sec so far
Iteration 34487051: max diff=0.000000, 1035.83 sec so far
Iteration 34649060: max diff=0.000000, 1040.83 sec so far
Iteration 34814446: max diff=0.000000, 1045.84 sec so far
Iteration 34977842: max diff=0.000000, 1050.84 sec so far
Iteration 35143573: max diff=0.000000, 1055.84 sec so far
Iteration 35309690: max diff=0.000000, 1060.85 sec so far
Iteration 35474675: max diff=0.000000, 1065.85 sec so far
Iteration 35639106: max diff=0.000000, 1070.86 sec so far
Iteration 35804241: max diff=0.000000, 1075.86 sec so far
Iteration 35962325: max diff=0.000000, 1080.86 sec so far
Iteration 36125148: max diff=0.000000, 1085.87 sec so far
Iteration 36289904: max diff=0.000000, 1090.87 sec so far
Iteration 36455078: max diff=0.000000, 1095.88 sec so far
Iteration 36620245: max diff=0.000000, 1100.88 sec so far
Iteration 36783861: max diff=0.000000, 1105.88 sec so far
Iteration 36947133: max diff=0.000000, 1110.89 sec so far
Iteration 37107876: max diff=0.000000, 1115.89 sec so far
Iteration 37271836: max diff=0.000000, 1120.90 sec so far
Iteration 37436170: max diff=0.000000, 1125.90 sec so far
Iteration 37601242: max diff=0.000000, 1130.90 sec so far
Iteration 37765838: max diff=0.000000, 1135.91 sec so far
Iteration 37930677: max diff=0.000000, 1140.91 sec so far
Iteration 38095901: max diff=0.000000, 1145.92 sec so far
Iteration 38260838: max diff=0.000000, 1150.92 sec so far
Iteration 38425700: max diff=0.000000, 1155.92 sec so far
Iteration 38590617: max diff=0.000000, 1160.93 sec so far
Iteration 38755558: max diff=0.000000, 1165.93 sec so far
Iteration 38921816: max diff=0.000000, 1170.94 sec so far
Iteration 39088033: max diff=0.000000, 1175.94 sec so far
Iteration 39252440: max diff=0.000000, 1180.94 sec so far
Iteration 39418149: max diff=0.000000, 1185.95 sec so far
Iteration 39584201: max diff=0.000000, 1190.95 sec so far
Iteration 39748938: max diff=0.000000, 1195.96 sec so far
Iteration 39914946: max diff=0.000000, 1200.96 sec so far
Iteration 40080538: max diff=0.000000, 1205.96 sec so far
Iteration 40245673: max diff=0.000000, 1210.97 sec so far
Iteration 40411073: max diff=0.000000, 1215.97 sec so far
Iteration 40576786: max diff=0.000000, 1220.98 sec so far
Iteration 40741722: max diff=0.000000, 1225.98 sec so far
Iteration 40906449: max diff=0.000000, 1230.98 sec so far
Iteration 41071556: max diff=0.000000, 1235.99 sec so far
Iteration 41236451: max diff=0.000000, 1240.99 sec so far
Iteration 41402463: max diff=0.000000, 1246.00 sec so far
Iteration 41567247: max diff=0.000000, 1251.00 sec so far
Iteration 41731951: max diff=0.000000, 1256.00 sec so far
Iteration 41895711: max diff=0.000000, 1261.01 sec so far
Iteration 42060401: max diff=0.000000, 1266.01 sec so far
Iteration 42224858: max diff=0.000000, 1271.02 sec so far
Iteration 42390568: max diff=0.000000, 1276.02 sec so far
Iteration 42555538: max diff=0.000000, 1281.02 sec so far
Iteration 42721700: max diff=0.000000, 1286.03 sec so far
Iteration 42887223: max diff=0.000000, 1291.03 sec so far
Iteration 43052767: max diff=0.000000, 1296.04 sec so far
Iteration 43219813: max diff=0.000000, 1301.04 sec so far
Iteration 43385284: max diff=0.000000, 1306.04 sec so far
Iteration 43551148: max diff=0.000000, 1311.05 sec so far
Iteration 43717194: max diff=0.000000, 1316.05 sec so far
Iteration 43882830: max diff=0.000000, 1321.06 sec so far
Iteration 44044725: max diff=0.000000, 1326.06 sec so far
Iteration 44208090: max diff=0.000000, 1331.06 sec so far
Iteration 44370721: max diff=0.000000, 1336.07 sec so far
Iteration 44528654: max diff=0.000000, 1341.07 sec so far
Iteration 44680722: max diff=0.000000, 1346.08 sec so far
Iteration 44829228: max diff=0.000000, 1351.08 sec so far
Iteration 44986337: max diff=0.000000, 1356.08 sec so far
Iteration 45148207: max diff=0.000000, 1361.09 sec so far
Iteration 45308690: max diff=0.000000, 1366.09 sec so far
Iteration 45470550: max diff=0.000000, 1371.10 sec so far
Iteration 45632756: max diff=0.000000, 1376.10 sec so far
Iteration 45794204: max diff=0.000000, 1381.10 sec so far
Iteration 45955437: max diff=0.000000, 1386.11 sec so far
Iteration 46118186: max diff=0.000000, 1391.11 sec so far
Iteration 46280462: max diff=0.000000, 1396.12 sec so far
Iteration 46442835: max diff=0.000000, 1401.12 sec so far
Iteration 46603612: max diff=0.000000, 1406.12 sec so far
Iteration 46765297: max diff=0.000000, 1411.13 sec so far
Iteration 46927135: max diff=0.000000, 1416.13 sec so far
Iteration 47089643: max diff=0.000000, 1421.14 sec so far
Iteration 47251967: max diff=0.000000, 1426.14 sec so far
Iteration 47414205: max diff=0.000000, 1431.14 sec so far
Iteration 47577022: max diff=0.000000, 1436.15 sec so far
Iteration 47723250: max diff=0.000000, 1441.15 sec so far
Iteration 47872714: max diff=0.000000, 1446.16 sec so far
Iteration 48036018: max diff=0.000000, 1451.16 sec so far
Iteration 48197601: max diff=0.000000, 1456.16 sec so far
Iteration 48358778: max diff=0.000000, 1461.17 sec so far
Iteration 48521207: max diff=0.000000, 1466.17 sec so far
Iteration 48683362: max diff=0.000000, 1471.18 sec so far
Iteration 48845286: max diff=0.000000, 1476.18 sec so far
Iteration 49006817: max diff=0.000000, 1481.18 sec so far
Iteration 49167666: max diff=0.000000, 1486.19 sec so far
Iteration 49326892: max diff=0.000000, 1491.19 sec so far
Iteration 49488886: max diff=0.000000, 1496.20 sec so far
Iteration 49641249: max diff=0.000000, 1501.20 sec so far
Iteration 49790953: max diff=0.000000, 1506.20 sec so far
Iteration 49951966: max diff=0.000000, 1511.21 sec so far
Iteration 50114368: max diff=0.000000, 1516.21 sec so far
Iteration 50275335: max diff=0.000000, 1521.22 sec so far
Iteration 50435874: max diff=0.000000, 1526.22 sec so far
Iteration 50597332: max diff=0.000000, 1531.22 sec so far
Iteration 50759637: max diff=0.000000, 1536.23 sec so far
Iteration 50921989: max diff=0.000000, 1541.23 sec so far
Iteration 51084137: max diff=0.000000, 1546.24 sec so far
Iteration 51246764: max diff=0.000000, 1551.24 sec so far
Iteration 51409138: max diff=0.000000, 1556.24 sec so far
Iteration 51571434: max diff=0.000000, 1561.25 sec so far
Iteration 51733469: max diff=0.000000, 1566.25 sec so far
Iteration 51894808: max diff=0.000000, 1571.26 sec so far
Iteration 52057776: max diff=0.000000, 1576.26 sec so far
Iteration 52218517: max diff=0.000000, 1581.26 sec so far
Iteration 52380565: max diff=0.000000, 1586.27 sec so far
Iteration 52542611: max diff=0.000000, 1591.27 sec so far
Iteration 52705296: max diff=0.000000, 1596.28 sec so far
Iteration 52867323: max diff=0.000000, 1601.28 sec so far
Iteration 53029320: max diff=0.000000, 1606.28 sec so far
Iteration 53191371: max diff=0.000000, 1611.29 sec so far
Iteration 53352904: max diff=0.000000, 1616.29 sec so far
Iteration 53513306: max diff=0.000000, 1621.30 sec so far
Iteration 53671461: max diff=0.000000, 1626.30 sec so far
Iteration 53829446: max diff=0.000000, 1631.30 sec so far
Iteration 53986408: max diff=0.000000, 1636.31 sec so far
Iteration 54144795: max diff=0.000000, 1641.31 sec so far
Iteration 54301655: max diff=0.000000, 1646.32 sec so far
Iteration 54462850: max diff=0.000000, 1651.32 sec so far
Iteration 54621284: max diff=0.000000, 1656.32 sec so far
Iteration 54777499: max diff=0.000000, 1661.33 sec so far
Iteration 54939156: max diff=0.000000, 1666.33 sec so far
Iteration 55100713: max diff=0.000000, 1671.34 sec so far
Iteration 55259333: max diff=0.000000, 1676.34 sec so far
Iteration 55417842: max diff=0.000000, 1681.34 sec so far
Iteration 55577225: max diff=0.000000, 1686.35 sec so far
Iteration 55738034: max diff=0.000000, 1691.35 sec so far
Iteration 55898745: max diff=0.000000, 1696.36 sec so far
Iteration 56061873: max diff=0.000000, 1701.36 sec so far
Iteration 56222156: max diff=0.000000, 1706.36 sec so far
Iteration 56385042: max diff=0.000000, 1711.37 sec so far
Iteration 56547082: max diff=0.000000, 1716.37 sec so far
Iteration 56709043: max diff=0.000000, 1721.38 sec so far
Iteration 56871519: max diff=0.000000, 1726.38 sec so far
Iteration 57032989: max diff=0.000000, 1731.38 sec so far
Iteration 57195944: max diff=0.000000, 1736.39 sec so far
Iteration 57357346: max diff=0.000000, 1741.39 sec so far
Iteration 57518274: max diff=0.000000, 1746.40 sec so far
Iteration 57681849: max diff=0.000000, 1751.40 sec so far
Iteration 57842585: max diff=0.000000, 1756.40 sec so far
Iteration 58003264: max diff=0.000000, 1761.41 sec so far
Iteration 58165268: max diff=0.000000, 1766.41 sec so far
Iteration 58327678: max diff=0.000000, 1771.42 sec so far
Iteration 58482223: max diff=0.000000, 1776.42 sec so far
Iteration 58643146: max diff=0.000000, 1781.42 sec so far
Iteration 58797820: max diff=0.000000, 1786.43 sec so far
Iteration 58942536: max diff=0.000000, 1791.43 sec so far
Iteration 59098753: max diff=0.000000, 1796.44 sec so far
Iteration 59260535: max diff=0.000000, 1801.44 sec so far
Iteration 59415574: max diff=0.000000, 1806.44 sec so far
Iteration 59577968: max diff=0.000000, 1811.45 sec so far
Iteration 59740091: max diff=0.000000, 1816.45 sec so far
Iteration 59901862: max diff=0.000000, 1821.46 sec so far
Iteration 60055234: max diff=0.000000, 1826.46 sec so far
Iteration 60200684: max diff=0.000000, 1831.46 sec so far
Iteration 60346201: max diff=0.000000, 1836.47 sec so far
Iteration 60492726: max diff=0.000000, 1841.47 sec so far
Iteration 60638477: max diff=0.000000, 1846.48 sec so far
Iteration 60784133: max diff=0.000000, 1851.48 sec so far
Iteration 60928935: max diff=0.000000, 1856.48 sec so far
Iteration 61088567: max diff=0.000000, 1861.49 sec so far
Iteration 61246200: max diff=0.000000, 1866.49 sec so far
Iteration 61396390: max diff=0.000000, 1871.50 sec so far
Iteration 61559299: max diff=0.000000, 1876.50 sec so far
Iteration 61721702: max diff=0.000000, 1881.50 sec so far
Iteration 61884147: max diff=0.000000, 1886.51 sec so far
Iteration 62046346: max diff=0.000000, 1891.51 sec so far
Iteration 62208816: max diff=0.000000, 1896.52 sec so far
Iteration 62370723: max diff=0.000000, 1901.52 sec so far
Iteration 62531527: max diff=0.000000, 1906.52 sec so far
Iteration 62692578: max diff=0.000000, 1911.53 sec so far
Iteration 62858258: max diff=0.000000, 1916.53 sec so far
Iteration 63024409: max diff=0.000000, 1921.54 sec so far
Iteration 63189390: max diff=0.000000, 1926.54 sec so far
Iteration 63355177: max diff=0.000000, 1931.54 sec so far
Iteration 63519970: max diff=0.000000, 1936.55 sec so far
Iteration 63683560: max diff=0.000000, 1941.55 sec so far
Iteration 63848349: max diff=0.000000, 1946.56 sec so far
Iteration 64014220: max diff=0.000000, 1951.56 sec so far
Iteration 64179961: max diff=0.000000, 1956.56 sec so far
Iteration 64345610: max diff=0.000000, 1961.57 sec so far
Iteration 64510652: max diff=0.000000, 1966.57 sec so far
Iteration 64676759: max diff=0.000000, 1971.58 sec so far
Iteration 64841701: max diff=0.000000, 1976.58 sec so far
Iteration 65005502: max diff=0.000000, 1981.58 sec so far
Iteration 65170065: max diff=0.000000, 1986.59 sec so far

Power method: 65205949 iterations in 1987.65 seconds (average 0.000030, setup 0.00)

Printing steady-state probabilities in plain text format to file "../../CZK_project/Output/firstRejuvenation_1E-10_constant/hybrid/ph_900_1E-10"...

Time for steady-state probability computation: 2016.193 seconds.

