PRISM
=====

Version: 4.4.GSMP
Date: Thu May 24 10:15:06 CEST 2018
Hostname: majo-Lenovo-Y520-15IKBN
Memory limits: cudd=1g, java(heap)=910.5m
Command line: prism -hybrid -epsilon 1e-5 -maxiters 100000000 -power -absolute -const 'k=100,timeout=2,lambda=.3465735905' ../../../../CZK_project/Model/queue_withptf_ctmc.sm -ss -exportss ../../../../CZK_project/Output/t=2_median/hybrid/ph_10_100_1E-5

Parsing model file "../../../../CZK_project/Model/queue_withptf_ctmc.sm"...

Type:        CTMC
Modules:     main trigger 
Variables:   qSize i 

---------------------------------------------------------------------

Computing steady-state probabilities...

Building model...
Model constants: k=100,timeout=2,lambda=0.3465735905

Computing reachable states...

Reachability (BFS): 1001 iterations in 0.01 seconds (average 0.000009, setup 0.00)

Time for model construction: 0.02 seconds.

Type:        CTMC
States:      1001 (1 initial)
Transitions: 1901

Rate matrix: 123 nodes (3 terminal), 1901 minterms, vars: 11r/11c

SCCs: 1, BSCCs: 1, non-BSCC states: 0
BSCC sizes: 1:1001

Initial states all in one BSCC (so no reachability probabilities computed)

Computing probabilities...
Engine: Hybrid

Building power method iteration matrix MTBDD... [nodes=176] [3.4 Kb]
Building hybrid MTBDD matrix... [levels=11, nodes=206] [9.7 KB]
Adding explicit sparse matrices... [levels=11, num=1, compact] [12.4 KB]
Allocating iteration vectors... [2 x 7.8 KB]
TOTAL: [37.6 KB]

Starting iterations...

Power method: 3366 iterations in 0.03 seconds (average 0.000009, setup 0.00)

Printing steady-state probabilities in plain text format to file "../../../../CZK_project/Output/t=2_median/hybrid/ph_10_100_1E-5"...

Time for steady-state probability computation: 0.052 seconds.

