PRISM
=====

Version: 4.4.GSMP
Date: Thu May 24 10:14:57 CEST 2018
Hostname: majo-Lenovo-Y520-15IKBN
Memory limits: cudd=1g, java(heap)=910.5m
Command line: prism -hybrid -epsilon 1e-5 -maxiters 100000000 -power -absolute -const 'k=2,timeout=2,lambda=.3465735905' ../../../../CZK_project/Model/queue_withptf_ctmc.sm -ss -exportss ../../../../CZK_project/Output/t=2_median/hybrid/ph_10_2_1E-5

Parsing model file "../../../../CZK_project/Model/queue_withptf_ctmc.sm"...

Type:        CTMC
Modules:     main trigger 
Variables:   qSize i 

---------------------------------------------------------------------

Computing steady-state probabilities...

Building model...
Model constants: k=2,timeout=2,lambda=0.3465735905

Computing reachable states...

Reachability (BFS): 21 iterations in 0.00 seconds (average 0.000000, setup 0.00)

Time for model construction: 0.009 seconds.

Type:        CTMC
States:      21 (1 initial)
Transitions: 39

Rate matrix: 49 nodes (3 terminal), 39 minterms, vars: 6r/6c

SCCs: 1, BSCCs: 1, non-BSCC states: 0
BSCC sizes: 1:21

Initial states all in one BSCC (so no reachability probabilities computed)

Computing probabilities...
Engine: Hybrid

Building power method iteration matrix MTBDD... [nodes=68] [1.3 Kb]
Building hybrid MTBDD matrix... [levels=6, nodes=78] [3.7 KB]
Adding explicit sparse matrices... [levels=6, num=1, compact] [0.3 KB]
Allocating iteration vectors... [2 x 0.2 KB]
TOTAL: [4.3 KB]

Starting iterations...

Power method: 196 iterations in 0.00 seconds (average 0.000000, setup 0.00)

Printing steady-state probabilities in plain text format to file "../../../../CZK_project/Output/t=2_median/hybrid/ph_10_2_1E-5"...

Time for steady-state probability computation: 0.007 seconds.

