PRISM
=====

Version: 4.4.GSMP
Date: Thu May 24 10:15:21 CEST 2018
Hostname: majo-Lenovo-Y520-15IKBN
Memory limits: cudd=1g, java(heap)=910.5m
Command line: prism -hybrid -epsilon 1e-5 -maxiters 100000000 -power -absolute -const 'k=1000,timeout=2,lambda=.3465735905' ../../../../CZK_project/Model/queue_withptf_ctmc.sm -ss -exportss ../../../../CZK_project/Output/t=2_median/hybrid/ph_10_1000_1E-5

Parsing model file "../../../../CZK_project/Model/queue_withptf_ctmc.sm"...

Type:        CTMC
Modules:     main trigger 
Variables:   qSize i 

---------------------------------------------------------------------

Computing steady-state probabilities...

Building model...
Model constants: k=1000,timeout=2,lambda=0.3465735905

Computing reachable states...

Reachability (BFS): 10001 iterations in 0.13 seconds (average 0.000013, setup 0.00)

Time for model construction: 0.205 seconds.

Type:        CTMC
States:      10001 (1 initial)
Transitions: 19001

Rate matrix: 165 nodes (3 terminal), 19001 minterms, vars: 14r/14c

SCCs: 1, BSCCs: 1, non-BSCC states: 0
BSCC sizes: 1:10001

Initial states all in one BSCC (so no reachability probabilities computed)

Computing probabilities...
Engine: Hybrid

Building power method iteration matrix MTBDD... [nodes=237] [4.6 Kb]
Building hybrid MTBDD matrix... [levels=14, nodes=286] [13.4 KB]
Adding explicit sparse matrices... [levels=14, num=1, compact] [123.1 KB]
Allocating iteration vectors... [2 x 78.1 KB]
TOTAL: [292.8 KB]

Starting iterations...

Power method: 9097 iterations in 0.72 seconds (average 0.000079, setup 0.00)

Printing steady-state probabilities in plain text format to file "../../../../CZK_project/Output/t=2_median/hybrid/ph_10_1000_1E-5"...

Time for steady-state probability computation: 0.916 seconds.

