PRISM
=====

Version: 4.4.GSMP
Date: Thu May 31 16:43:30 CEST 2018
Hostname: thomas
Memory limits: cudd=1g, java(heap)=910.5m
Command line: prism -hybrid -epsilon 1.11111e-08 -maxiters 100000000 -power -absolute -const 'k=900,timeout=0.1,lambda=6.93147180559945309400' ../../../../CZK_project/Model/queue_withptf_ctmc.sm -ss -exportss ../../../../CZK_project/Output/t=0.1_median_dynamic/hybrid/ph_10_900_1E-5

Parsing model file "../../../../CZK_project/Model/queue_withptf_ctmc.sm"...

Type:        CTMC
Modules:     main trigger 
Variables:   qSize i 

---------------------------------------------------------------------

Computing steady-state probabilities...

Building model...
Model constants: k=900,timeout=0.1,lambda=6.9314718056

Computing reachable states...

Reachability (BFS): 9900 iterations in 0.17 seconds (average 0.000017, setup 0.00)

Time for model construction: 0.251 seconds.

Type:        CTMC
States:      9900 (1 initial)
Transitions: 18900

Rate matrix: 154 nodes (3 terminal), 18900 minterms, vars: 14r/14c

SCCs: 1, BSCCs: 1, non-BSCC states: 0
BSCC sizes: 1:9900

Initial states all in one BSCC (so no reachability probabilities computed)

Computing probabilities...
Engine: Hybrid

Building power method iteration matrix MTBDD... [nodes=205] [4.0 Kb]
Building hybrid MTBDD matrix... [levels=14, nodes=231] [10.8 KB]
Adding explicit sparse matrices... [levels=14, num=1, compact] [122.2 KB]
Allocating iteration vectors... [2 x 77.3 KB]
TOTAL: [287.7 KB]

Starting iterations...

Power method: 49969 iterations in 4.47 seconds (average 0.000089, setup 0.00)

Printing steady-state probabilities in plain text format to file "../../../../CZK_project/Output/t=0.1_median_dynamic/hybrid/ph_10_900_1E-5"...

Time for steady-state probability computation: 4.762 seconds.

