PRISM
=====

Version: 4.4.GSMP
Date: Thu May 31 16:43:20 CEST 2018
Hostname: thomas
Memory limits: cudd=1g, java(heap)=910.5m
Command line: prism -hybrid -epsilon 1.66667e-08 -maxiters 100000000 -power -absolute -const 'k=600,timeout=0.1,lambda=6.93147180559945309400' ../../../../CZK_project/Model/queue_withptf_ctmc.sm -ss -exportss ../../../../CZK_project/Output/t=0.1_median_dynamic/hybrid/ph_10_600_1E-5

Parsing model file "../../../../CZK_project/Model/queue_withptf_ctmc.sm"...

Type:        CTMC
Modules:     main trigger 
Variables:   qSize i 

---------------------------------------------------------------------

Computing steady-state probabilities...

Building model...
Model constants: k=600,timeout=0.1,lambda=6.9314718056

Computing reachable states...

Reachability (BFS): 6600 iterations in 0.11 seconds (average 0.000016, setup 0.00)

Time for model construction: 0.159 seconds.

Type:        CTMC
States:      6600 (1 initial)
Transitions: 12600

Rate matrix: 148 nodes (3 terminal), 12600 minterms, vars: 14r/14c

SCCs: 1, BSCCs: 1, non-BSCC states: 0
BSCC sizes: 1:6600

Initial states all in one BSCC (so no reachability probabilities computed)

Computing probabilities...
Engine: Hybrid

Building power method iteration matrix MTBDD... [nodes=197] [3.8 Kb]
Building hybrid MTBDD matrix... [levels=14, nodes=221] [10.4 KB]
Adding explicit sparse matrices... [levels=14, num=1, compact] [81.5 KB]
Allocating iteration vectors... [2 x 51.6 KB]
TOTAL: [195.0 KB]

Starting iterations...

Power method: 34509 iterations in 2.09 seconds (average 0.000061, setup 0.00)

Printing steady-state probabilities in plain text format to file "../../../../CZK_project/Output/t=0.1_median_dynamic/hybrid/ph_10_600_1E-5"...

Time for steady-state probability computation: 2.274 seconds.

