PRISM
=====

Version: 4.4.GSMP
Date: Thu May 31 16:42:58 CEST 2018
Hostname: thomas
Memory limits: cudd=1g, java(heap)=910.5m
Command line: prism -hybrid -epsilon 2.22222e-07 -maxiters 100000000 -power -absolute -const 'k=45,timeout=0.1,lambda=6.93147180559945309400' ../../../../CZK_project/Model/queue_withptf_ctmc.sm -ss -exportss ../../../../CZK_project/Output/t=0.1_median_dynamic/hybrid/ph_10_45_1E-5

Parsing model file "../../../../CZK_project/Model/queue_withptf_ctmc.sm"...

Type:        CTMC
Modules:     main trigger 
Variables:   qSize i 

---------------------------------------------------------------------

Computing steady-state probabilities...

Building model...
Model constants: k=45,timeout=0.1,lambda=6.9314718056

Computing reachable states...

Reachability (BFS): 495 iterations in 0.00 seconds (average 0.000008, setup 0.00)

Time for model construction: 0.017 seconds.

Type:        CTMC
States:      495 (1 initial)
Transitions: 945

Rate matrix: 105 nodes (3 terminal), 945 minterms, vars: 10r/10c

SCCs: 1, BSCCs: 1, non-BSCC states: 0
BSCC sizes: 1:495

Initial states all in one BSCC (so no reachability probabilities computed)

Computing probabilities...
Engine: Hybrid

Building power method iteration matrix MTBDD... [nodes=145] [2.8 Kb]
Building hybrid MTBDD matrix... [levels=10, nodes=167] [7.8 KB]
Adding explicit sparse matrices... [levels=10, num=1, compact] [6.1 KB]
Allocating iteration vectors... [2 x 3.9 KB]
TOTAL: [21.7 KB]

Starting iterations...

Power method: 3054 iterations in 0.02 seconds (average 0.000007, setup 0.00)

Printing steady-state probabilities in plain text format to file "../../../../CZK_project/Output/t=0.1_median_dynamic/hybrid/ph_10_45_1E-5"...

Time for steady-state probability computation: 0.034 seconds.

