PRISM
=====

Version: 4.4.GSMP
Date: Thu May 31 16:51:02 CEST 2018
Hostname: thomas
Memory limits: cudd=1g, java(heap)=910.5m
Command line: prism -hybrid -epsilon 3.44828e-09 -maxiters 100000000 -power -absolute -const 'k=2900,timeout=0.1,lambda=6.93147180559945309400' ../../../../CZK_project/Model/queue_withptf_ctmc.sm -ss -exportss ../../../../CZK_project/Output/t=0.1_median_dynamic/hybrid/ph_10_2900_1E-5

Parsing model file "../../../../CZK_project/Model/queue_withptf_ctmc.sm"...

Type:        CTMC
Modules:     main trigger 
Variables:   qSize i 

---------------------------------------------------------------------

Computing steady-state probabilities...

Building model...
Model constants: k=2900,timeout=0.1,lambda=6.9314718056

Computing reachable states...

Reachability (BFS): 31900 iterations in 0.86 seconds (average 0.000027, setup 0.00)

Time for model construction: 1.402 seconds.

Type:        CTMC
States:      31900 (1 initial)
Transitions: 60900

Rate matrix: 182 nodes (3 terminal), 60900 minterms, vars: 16r/16c

SCCs: 1, BSCCs: 1, non-BSCC states: 0
BSCC sizes: 1:31900

Initial states all in one BSCC (so no reachability probabilities computed)

Computing probabilities...
Engine: Hybrid

Building power method iteration matrix MTBDD... [nodes=243] [4.7 Kb]
Building hybrid MTBDD matrix... [levels=16, nodes=279] [13.1 KB]
Adding explicit sparse matrices... [levels=16, num=1, compact] [393.7 KB]
Allocating iteration vectors... [2 x 249.2 KB]
TOTAL: [905.2 KB]

Starting iterations...
Iteration 15465: max diff=0.000001, 5.00 sec so far
Iteration 31324: max diff=0.000000, 10.01 sec so far
Iteration 47100: max diff=0.000000, 15.01 sec so far
Iteration 62090: max diff=0.000000, 20.02 sec so far
Iteration 76364: max diff=0.000000, 25.02 sec so far
Iteration 90706: max diff=0.000000, 30.02 sec so far
Iteration 105009: max diff=0.000000, 35.03 sec so far
Iteration 119637: max diff=0.000000, 40.03 sec so far
Iteration 134624: max diff=0.000000, 45.04 sec so far

Power method: 146315 iterations in 48.72 seconds (average 0.000333, setup 0.00)

Printing steady-state probabilities in plain text format to file "../../../../CZK_project/Output/t=0.1_median_dynamic/hybrid/ph_10_2900_1E-5"...

Time for steady-state probability computation: 49.937 seconds.

