PRISM
=====

Version: 4.4.GSMP
Date: Tue Jun 05 15:49:11 CEST 2018
Hostname: thomas
Memory limits: cudd=1g, java(heap)=910.5m
Command line: prism -hybrid -epsilon 3.57143e-09 -maxiters 100000000 -power -absolute -const 'k=2800,timeout=0.1,lambda=6.93147180559945309400' ../../../../CZK_project/Model/queue_withptf_ctmc.sm -ss -exportss ../../../../CZK_project/Output/t=0.1_median_dynamic/hybrid/ph_10_2800_1E-5

Parsing model file "../../../../CZK_project/Model/queue_withptf_ctmc.sm"...

Type:        CTMC
Modules:     main trigger 
Variables:   qSize i 

---------------------------------------------------------------------

Computing steady-state probabilities...

Building model...
Model constants: k=2800,timeout=0.1,lambda=6.9314718056

Computing reachable states...

Reachability (BFS): 30800 iterations in 0.75 seconds (average 0.000024, setup 0.00)

Time for model construction: 1.241 seconds.

Type:        CTMC
States:      30800 (1 initial)
Transitions: 58800

Rate matrix: 170 nodes (3 terminal), 58800 minterms, vars: 16r/16c

SCCs: 1, BSCCs: 1, non-BSCC states: 0
BSCC sizes: 1:30800

Initial states all in one BSCC (so no reachability probabilities computed)

Computing probabilities...
Engine: Hybrid

Building power method iteration matrix MTBDD... [nodes=227] [4.4 Kb]
Building hybrid MTBDD matrix... [levels=16, nodes=259] [12.1 KB]
Adding explicit sparse matrices... [levels=16, num=1, compact] [380.1 KB]
Allocating iteration vectors... [2 x 240.6 KB]
TOTAL: [873.5 KB]

Starting iterations...
Iteration 16992: max diff=0.000001, 5.00 sec so far
Iteration 33952: max diff=0.000000, 10.01 sec so far
Iteration 50880: max diff=0.000000, 15.01 sec so far
Iteration 67847: max diff=0.000000, 20.02 sec so far
Iteration 84814: max diff=0.000000, 25.02 sec so far
Iteration 101720: max diff=0.000000, 30.02 sec so far
Iteration 118719: max diff=0.000000, 35.03 sec so far
Iteration 135593: max diff=0.000000, 40.03 sec so far

Power method: 141340 iterations in 41.72 seconds (average 0.000295, setup 0.00)

Printing steady-state probabilities in plain text format to file "../../../../CZK_project/Output/t=0.1_median_dynamic/hybrid/ph_10_2800_1E-5"...

Time for steady-state probability computation: 42.813 seconds.

