PRISM
=====

Version: 4.4.GSMP
Date: Tue Jun 05 15:45:05 CEST 2018
Hostname: thomas
Memory limits: cudd=1g, java(heap)=910.5m
Command line: prism -hybrid -epsilon 4.7619e-09 -maxiters 100000000 -power -absolute -const 'k=2100,timeout=0.1,lambda=6.93147180559945309400' ../../../../CZK_project/Model/queue_withptf_ctmc.sm -ss -exportss ../../../../CZK_project/Output/t=0.1_median_dynamic/hybrid/ph_10_2100_1E-5

Parsing model file "../../../../CZK_project/Model/queue_withptf_ctmc.sm"...

Type:        CTMC
Modules:     main trigger 
Variables:   qSize i 

---------------------------------------------------------------------

Computing steady-state probabilities...

Building model...
Model constants: k=2100,timeout=0.1,lambda=6.9314718056

Computing reachable states...

Reachability (BFS): 23100 iterations in 0.64 seconds (average 0.000028, setup 0.00)

Time for model construction: 1.023 seconds.

Type:        CTMC
States:      23100 (1 initial)
Transitions: 44100

Rate matrix: 182 nodes (3 terminal), 44100 minterms, vars: 16r/16c

SCCs: 1, BSCCs: 1, non-BSCC states: 0
BSCC sizes: 1:23100

Initial states all in one BSCC (so no reachability probabilities computed)

Computing probabilities...
Engine: Hybrid

Building power method iteration matrix MTBDD... [nodes=243] [4.7 Kb]
Building hybrid MTBDD matrix... [levels=16, nodes=273] [12.8 KB]
Adding explicit sparse matrices... [levels=16, num=1, compact] [285.1 KB]
Allocating iteration vectors... [2 x 180.5 KB]
TOTAL: [658.8 KB]

Starting iterations...
Iteration 20030: max diff=0.000001, 5.00 sec so far
Iteration 40089: max diff=0.000000, 10.01 sec so far
Iteration 60312: max diff=0.000000, 15.01 sec so far
Iteration 80790: max diff=0.000000, 20.02 sec so far
Iteration 101359: max diff=0.000000, 25.02 sec so far

Power method: 109983 iterations in 27.12 seconds (average 0.000247, setup 0.00)

Printing steady-state probabilities in plain text format to file "../../../../CZK_project/Output/t=0.1_median_dynamic/hybrid/ph_10_2100_1E-5"...

Time for steady-state probability computation: 28.154 seconds.

