PRISM
=====

Version: 4.4.GSMP
Date: Tue Jun 05 15:41:37 CEST 2018
Hostname: thomas
Memory limits: cudd=1g, java(heap)=910.5m
Command line: prism -hybrid -epsilon 1.53846e-07 -maxiters 100000000 -power -absolute -const 'k=65,timeout=0.1,lambda=6.93147180559945309400' ../../../../CZK_project/Model/queue_withptf_ctmc.sm -ss -exportss ../../../../CZK_project/Output/t=0.1_median_dynamic/hybrid/ph_10_65_1E-5

Parsing model file "../../../../CZK_project/Model/queue_withptf_ctmc.sm"...

Type:        CTMC
Modules:     main trigger 
Variables:   qSize i 

---------------------------------------------------------------------

Computing steady-state probabilities...

Building model...
Model constants: k=65,timeout=0.1,lambda=6.9314718056

Computing reachable states...

Reachability (BFS): 715 iterations in 0.01 seconds (average 0.000011, setup 0.00)

Time for model construction: 0.02 seconds.

Type:        CTMC
States:      715 (1 initial)
Transitions: 1365

Rate matrix: 110 nodes (3 terminal), 1365 minterms, vars: 11r/11c

SCCs: 1, BSCCs: 1, non-BSCC states: 0
BSCC sizes: 1:715

Initial states all in one BSCC (so no reachability probabilities computed)

Computing probabilities...
Engine: Hybrid

Building power method iteration matrix MTBDD... [nodes=164] [3.2 Kb]
Building hybrid MTBDD matrix... [levels=11, nodes=182] [8.5 KB]
Adding explicit sparse matrices... [levels=11, num=1, compact] [8.9 KB]
Allocating iteration vectors... [2 x 5.6 KB]
TOTAL: [28.6 KB]

Starting iterations...

Power method: 4318 iterations in 0.03 seconds (average 0.000006, setup 0.00)

Printing steady-state probabilities in plain text format to file "../../../../CZK_project/Output/t=0.1_median_dynamic/hybrid/ph_10_65_1E-5"...

Time for steady-state probability computation: 0.054 seconds.

