PRISM
=====

Version: 4.4.GSMP
Date: Tue Jun 05 15:41:47 CEST 2018
Hostname: thomas
Memory limits: cudd=1g, java(heap)=910.5m
Command line: prism -hybrid -epsilon 5e-08 -maxiters 100000000 -power -absolute -const 'k=200,timeout=0.1,lambda=6.93147180559945309400' ../../../../CZK_project/Model/queue_withptf_ctmc.sm -ss -exportss ../../../../CZK_project/Output/t=0.1_median_dynamic/hybrid/ph_10_200_1E-5

Parsing model file "../../../../CZK_project/Model/queue_withptf_ctmc.sm"...

Type:        CTMC
Modules:     main trigger 
Variables:   qSize i 

---------------------------------------------------------------------

Computing steady-state probabilities...

Building model...
Model constants: k=200,timeout=0.1,lambda=6.9314718056

Computing reachable states...

Reachability (BFS): 2200 iterations in 0.02 seconds (average 0.000011, setup 0.00)

Time for model construction: 0.044 seconds.

Type:        CTMC
States:      2200 (1 initial)
Transitions: 4200

Rate matrix: 120 nodes (3 terminal), 4200 minterms, vars: 12r/12c

SCCs: 1, BSCCs: 1, non-BSCC states: 0
BSCC sizes: 1:2200

Initial states all in one BSCC (so no reachability probabilities computed)

Computing probabilities...
Engine: Hybrid

Building power method iteration matrix MTBDD... [nodes=159] [3.1 Kb]
Building hybrid MTBDD matrix... [levels=12, nodes=176] [8.2 KB]
Adding explicit sparse matrices... [levels=12, num=1, compact] [27.2 KB]
Allocating iteration vectors... [2 x 17.2 KB]
TOTAL: [69.8 KB]

Starting iterations...

Power method: 12358 iterations in 0.24 seconds (average 0.000020, setup 0.00)

Printing steady-state probabilities in plain text format to file "../../../../CZK_project/Output/t=0.1_median_dynamic/hybrid/ph_10_200_1E-5"...

Time for steady-state probability computation: 0.314 seconds.

