PRISM
=====

Version: 4.4.GSMP
Date: Thu May 31 17:22:03 CEST 2018
Hostname: thomas
Memory limits: cudd=1g, java(heap)=910.5m
Command line: prism -hybrid -epsilon 2e-09 -maxiters 100000000 -power -absolute -const 'k=5000,timeout=0.1,lambda=6.93147180559945309400' ../../../../CZK_project/Model/queue_withptf_ctmc.sm -ss -exportss ../../../../CZK_project/Output/t=0.1_median_dynamic/hybrid/ph_10_5000_1E-5

Parsing model file "../../../../CZK_project/Model/queue_withptf_ctmc.sm"...

Type:        CTMC
Modules:     main trigger 
Variables:   qSize i 

---------------------------------------------------------------------

Computing steady-state probabilities...

Building model...
Model constants: k=5000,timeout=0.1,lambda=6.9314718056

Computing reachable states...

Reachability (BFS): 55000 iterations in 1.68 seconds (average 0.000031, setup 0.00)

Time for model construction: 3.128 seconds.

Type:        CTMC
States:      55000 (1 initial)
Transitions: 105000

Rate matrix: 190 nodes (3 terminal), 105000 minterms, vars: 17r/17c

SCCs: 1, BSCCs: 1, non-BSCC states: 0
BSCC sizes: 1:55000

Initial states all in one BSCC (so no reachability probabilities computed)

Computing probabilities...
Engine: Hybrid

Building power method iteration matrix MTBDD... [nodes=254] [5.0 Kb]
Building hybrid MTBDD matrix... [levels=17, nodes=287] [13.5 KB]
Adding explicit sparse matrices... [levels=17, num=1, compact] [678.7 KB]
Allocating iteration vectors... [2 x 429.7 KB]
TOTAL: [1.5 MB]

Starting iterations...
Iteration 9248: max diff=0.000000, 5.00 sec so far
Iteration 18522: max diff=0.000000, 10.01 sec so far
Iteration 27827: max diff=0.000000, 15.01 sec so far
Iteration 36991: max diff=0.000000, 20.02 sec so far
Iteration 46101: max diff=0.000000, 25.02 sec so far
Iteration 55122: max diff=0.000000, 30.02 sec so far
Iteration 64215: max diff=0.000000, 35.03 sec so far
Iteration 73458: max diff=0.000000, 40.03 sec so far
Iteration 82683: max diff=0.000000, 45.04 sec so far
Iteration 91892: max diff=0.000000, 50.04 sec so far
Iteration 100810: max diff=0.000000, 55.04 sec so far
Iteration 109770: max diff=0.000000, 60.05 sec so far
Iteration 118891: max diff=0.000000, 65.05 sec so far
Iteration 128063: max diff=0.000000, 70.06 sec so far
Iteration 137454: max diff=0.000000, 75.06 sec so far
Iteration 146726: max diff=0.000000, 80.06 sec so far
Iteration 155984: max diff=0.000000, 85.07 sec so far
Iteration 165131: max diff=0.000000, 90.07 sec so far
Iteration 174457: max diff=0.000000, 95.08 sec so far
Iteration 183798: max diff=0.000000, 100.08 sec so far
Iteration 193123: max diff=0.000000, 105.08 sec so far
Iteration 202505: max diff=0.000000, 110.09 sec so far
Iteration 211895: max diff=0.000000, 115.09 sec so far
Iteration 221286: max diff=0.000000, 120.10 sec so far
Iteration 230618: max diff=0.000000, 125.10 sec so far
Iteration 239928: max diff=0.000000, 130.10 sec so far

Power method: 241887 iterations in 131.18 seconds (average 0.000542, setup 0.01)

Printing steady-state probabilities in plain text format to file "../../../../CZK_project/Output/t=0.1_median_dynamic/hybrid/ph_10_5000_1E-5"...

Time for steady-state probability computation: 133.486 seconds.

