PRISM
=====

Version: 4.4.GSMP
Date: Tue Jun 05 16:08:43 CEST 2018
Hostname: thomas
Memory limits: cudd=1g, java(heap)=910.5m
Command line: prism -hybrid -epsilon 2.27273e-09 -maxiters 100000000 -power -absolute -const 'k=4400,timeout=0.1,lambda=6.93147180559945309400' ../../../../CZK_project/Model/queue_withptf_ctmc.sm -ss -exportss ../../../../CZK_project/Output/t=0.1_median_dynamic/hybrid/ph_10_4400_1E-5

Parsing model file "../../../../CZK_project/Model/queue_withptf_ctmc.sm"...

Type:        CTMC
Modules:     main trigger 
Variables:   qSize i 

---------------------------------------------------------------------

Computing steady-state probabilities...

Building model...
Model constants: k=4400,timeout=0.1,lambda=6.9314718056

Computing reachable states...

Reachability (BFS): 48400 iterations in 1.62 seconds (average 0.000033, setup 0.00)

Time for model construction: 3.116 seconds.

Type:        CTMC
States:      48400 (1 initial)
Transitions: 92400

Rate matrix: 184 nodes (3 terminal), 92400 minterms, vars: 17r/17c

SCCs: 1, BSCCs: 1, non-BSCC states: 0
BSCC sizes: 1:48400

Initial states all in one BSCC (so no reachability probabilities computed)

Computing probabilities...
Engine: Hybrid

Building power method iteration matrix MTBDD... [nodes=246] [4.8 Kb]
Building hybrid MTBDD matrix... [levels=17, nodes=274] [12.8 KB]
Adding explicit sparse matrices... [levels=17, num=1, compact] [597.3 KB]
Allocating iteration vectors... [2 x 378.1 KB]
TOTAL: [1.3 MB]

Starting iterations...
Iteration 9512: max diff=0.000001, 5.00 sec so far
Iteration 19032: max diff=0.000000, 10.01 sec so far
Iteration 28539: max diff=0.000000, 15.01 sec so far
Iteration 38033: max diff=0.000000, 20.02 sec so far
Iteration 47514: max diff=0.000000, 25.02 sec so far
Iteration 57027: max diff=0.000000, 30.02 sec so far
Iteration 66534: max diff=0.000000, 35.03 sec so far
Iteration 76019: max diff=0.000000, 40.03 sec so far
Iteration 85525: max diff=0.000000, 45.04 sec so far
Iteration 95024: max diff=0.000000, 50.04 sec so far
Iteration 104523: max diff=0.000000, 55.04 sec so far
Iteration 114055: max diff=0.000000, 60.05 sec so far
Iteration 123568: max diff=0.000000, 65.05 sec so far
Iteration 133015: max diff=0.000000, 70.06 sec so far
Iteration 142384: max diff=0.000000, 75.06 sec so far
Iteration 151563: max diff=0.000000, 80.06 sec so far
Iteration 160764: max diff=0.000000, 85.07 sec so far
Iteration 170079: max diff=0.000000, 90.07 sec so far
Iteration 179399: max diff=0.000000, 95.08 sec so far
Iteration 188800: max diff=0.000000, 100.08 sec so far
Iteration 198199: max diff=0.000000, 105.08 sec so far
Iteration 207544: max diff=0.000000, 110.09 sec so far

Power method: 213262 iterations in 113.08 seconds (average 0.000530, setup 0.00)

Printing steady-state probabilities in plain text format to file "../../../../CZK_project/Output/t=0.1_median_dynamic/hybrid/ph_10_4400_1E-5"...

Time for steady-state probability computation: 115.42 seconds.

