PRISM
=====

Version: 4.4.GSMP
Date: Thu May 31 17:01:54 CEST 2018
Hostname: thomas
Memory limits: cudd=1g, java(heap)=910.5m
Command line: prism -hybrid -epsilon 2.5641e-09 -maxiters 100000000 -power -absolute -const 'k=3900,timeout=0.1,lambda=6.93147180559945309400' ../../../../CZK_project/Model/queue_withptf_ctmc.sm -ss -exportss ../../../../CZK_project/Output/t=0.1_median_dynamic/hybrid/ph_10_3900_1E-5

Parsing model file "../../../../CZK_project/Model/queue_withptf_ctmc.sm"...

Type:        CTMC
Modules:     main trigger 
Variables:   qSize i 

---------------------------------------------------------------------

Computing steady-state probabilities...

Building model...
Model constants: k=3900,timeout=0.1,lambda=6.9314718056

Computing reachable states...

Reachability (BFS): 42900 iterations in 1.11 seconds (average 0.000026, setup 0.00)

Time for model construction: 2.011 seconds.

Type:        CTMC
States:      42900 (1 initial)
Transitions: 81900

Rate matrix: 182 nodes (3 terminal), 81900 minterms, vars: 16r/16c

SCCs: 1, BSCCs: 1, non-BSCC states: 0
BSCC sizes: 1:42900

Initial states all in one BSCC (so no reachability probabilities computed)

Computing probabilities...
Engine: Hybrid

Building power method iteration matrix MTBDD... [nodes=243] [4.7 Kb]
Building hybrid MTBDD matrix... [levels=16, nodes=285] [13.4 KB]
Adding explicit sparse matrices... [levels=16, num=1, compact] [529.4 KB]
Allocating iteration vectors... [2 x 335.2 KB]
TOTAL: [1.2 MB]

Starting iterations...
Iteration 12009: max diff=0.000001, 5.00 sec so far
Iteration 24054: max diff=0.000000, 10.01 sec so far
Iteration 36104: max diff=0.000000, 15.01 sec so far
Iteration 47814: max diff=0.000000, 20.02 sec so far
Iteration 59170: max diff=0.000000, 25.02 sec so far
Iteration 70869: max diff=0.000000, 30.02 sec so far
Iteration 82643: max diff=0.000000, 35.03 sec so far
Iteration 94104: max diff=0.000000, 40.03 sec so far
Iteration 105345: max diff=0.000000, 45.04 sec so far
Iteration 116741: max diff=0.000000, 50.04 sec so far
Iteration 128069: max diff=0.000000, 55.04 sec so far
Iteration 139972: max diff=0.000000, 60.05 sec so far
Iteration 151842: max diff=0.000000, 65.05 sec so far
Iteration 163852: max diff=0.000000, 70.06 sec so far
Iteration 175974: max diff=0.000000, 75.06 sec so far
Iteration 188067: max diff=0.000000, 80.06 sec so far

Power method: 192653 iterations in 81.97 seconds (average 0.000425, setup 0.01)

Printing steady-state probabilities in plain text format to file "../../../../CZK_project/Output/t=0.1_median_dynamic/hybrid/ph_10_3900_1E-5"...

Time for steady-state probability computation: 83.662 seconds.

