PRISM
=====

Version: 4.4.GSMP
Date: Tue Jun 05 15:56:55 CEST 2018
Hostname: thomas
Memory limits: cudd=1g, java(heap)=910.5m
Command line: prism -hybrid -epsilon 2.77778e-09 -maxiters 100000000 -power -absolute -const 'k=3600,timeout=0.1,lambda=6.93147180559945309400' ../../../../CZK_project/Model/queue_withptf_ctmc.sm -ss -exportss ../../../../CZK_project/Output/t=0.1_median_dynamic/hybrid/ph_10_3600_1E-5

Parsing model file "../../../../CZK_project/Model/queue_withptf_ctmc.sm"...

Type:        CTMC
Modules:     main trigger 
Variables:   qSize i 

---------------------------------------------------------------------

Computing steady-state probabilities...

Building model...
Model constants: k=3600,timeout=0.1,lambda=6.9314718056

Computing reachable states...

Reachability (BFS): 39600 iterations in 0.99 seconds (average 0.000025, setup 0.00)

Time for model construction: 1.736 seconds.

Type:        CTMC
States:      39600 (1 initial)
Transitions: 75600

Rate matrix: 170 nodes (3 terminal), 75600 minterms, vars: 16r/16c

SCCs: 1, BSCCs: 1, non-BSCC states: 0
BSCC sizes: 1:39600

Initial states all in one BSCC (so no reachability probabilities computed)

Computing probabilities...
Engine: Hybrid

Building power method iteration matrix MTBDD... [nodes=227] [4.4 Kb]
Building hybrid MTBDD matrix... [levels=16, nodes=253] [11.9 KB]
Adding explicit sparse matrices... [levels=16, num=1, compact] [488.7 KB]
Allocating iteration vectors... [2 x 309.4 KB]
TOTAL: [1.1 MB]

Starting iterations...
Iteration 13360: max diff=0.000000, 5.00 sec so far
Iteration 26622: max diff=0.000000, 10.01 sec so far
Iteration 39887: max diff=0.000000, 15.01 sec so far
Iteration 53272: max diff=0.000000, 20.02 sec so far
Iteration 65776: max diff=0.000000, 25.02 sec so far
Iteration 78732: max diff=0.000000, 30.02 sec so far
Iteration 91056: max diff=0.000000, 35.03 sec so far
Iteration 104192: max diff=0.000000, 40.03 sec so far
Iteration 117267: max diff=0.000000, 45.04 sec so far
Iteration 130415: max diff=0.000000, 50.04 sec so far
Iteration 143415: max diff=0.000000, 55.04 sec so far
Iteration 156388: max diff=0.000000, 60.05 sec so far
Iteration 169617: max diff=0.000000, 65.05 sec so far

Power method: 178039 iterations in 68.28 seconds (average 0.000383, setup 0.00)

Printing steady-state probabilities in plain text format to file "../../../../CZK_project/Output/t=0.1_median_dynamic/hybrid/ph_10_3600_1E-5"...

Time for steady-state probability computation: 69.755 seconds.

