PRISM
=====

Version: 4.4.GSMP
Date: Tue Jun 05 15:41:30 CEST 2018
Hostname: thomas
Memory limits: cudd=1g, java(heap)=910.5m
Command line: prism -hybrid -epsilon 2.85714e-07 -maxiters 100000000 -power -absolute -const 'k=35,timeout=0.1,lambda=6.93147180559945309400' ../../../../CZK_project/Model/queue_withptf_ctmc.sm -ss -exportss ../../../../CZK_project/Output/t=0.1_median_dynamic/hybrid/ph_10_35_1E-5

Parsing model file "../../../../CZK_project/Model/queue_withptf_ctmc.sm"...

Type:        CTMC
Modules:     main trigger 
Variables:   qSize i 

---------------------------------------------------------------------

Computing steady-state probabilities...

Building model...
Model constants: k=35,timeout=0.1,lambda=6.9314718056

Computing reachable states...

Reachability (BFS): 385 iterations in 0.00 seconds (average 0.000010, setup 0.00)

Time for model construction: 0.015 seconds.

Type:        CTMC
States:      385 (1 initial)
Transitions: 735

Rate matrix: 107 nodes (3 terminal), 735 minterms, vars: 10r/10c

SCCs: 1, BSCCs: 1, non-BSCC states: 0
BSCC sizes: 1:385

Initial states all in one BSCC (so no reachability probabilities computed)

Computing probabilities...
Engine: Hybrid

Building power method iteration matrix MTBDD... [nodes=145] [2.8 Kb]
Building hybrid MTBDD matrix... [levels=10, nodes=164] [7.7 KB]
Adding explicit sparse matrices... [levels=10, num=1, compact] [4.8 KB]
Allocating iteration vectors... [2 x 3.0 KB]
TOTAL: [18.5 KB]

Starting iterations...

Power method: 2422 iterations in 0.01 seconds (average 0.000003, setup 0.00)

Printing steady-state probabilities in plain text format to file "../../../../CZK_project/Output/t=0.1_median_dynamic/hybrid/ph_10_35_1E-5"...

Time for steady-state probability computation: 0.026 seconds.

