PRISM
=====

Version: 4.4.GSMP
Date: Tue Jun 05 15:43:52 CEST 2018
Hostname: thomas
Memory limits: cudd=1g, java(heap)=910.5m
Command line: prism -hybrid -epsilon 5.55556e-09 -maxiters 100000000 -power -absolute -const 'k=1800,timeout=0.1,lambda=6.93147180559945309400' ../../../../CZK_project/Model/queue_withptf_ctmc.sm -ss -exportss ../../../../CZK_project/Output/t=0.1_median_dynamic/hybrid/ph_10_1800_1E-5

Parsing model file "../../../../CZK_project/Model/queue_withptf_ctmc.sm"...

Type:        CTMC
Modules:     main trigger 
Variables:   qSize i 

---------------------------------------------------------------------

Computing steady-state probabilities...

Building model...
Model constants: k=1800,timeout=0.1,lambda=6.9314718056

Computing reachable states...

Reachability (BFS): 19800 iterations in 0.44 seconds (average 0.000022, setup 0.00)

Time for model construction: 0.694 seconds.

Type:        CTMC
States:      19800 (1 initial)
Transitions: 37800

Rate matrix: 162 nodes (3 terminal), 37800 minterms, vars: 15r/15c

SCCs: 1, BSCCs: 1, non-BSCC states: 0
BSCC sizes: 1:19800

Initial states all in one BSCC (so no reachability probabilities computed)

Computing probabilities...
Engine: Hybrid

Building power method iteration matrix MTBDD... [nodes=216] [4.2 Kb]
Building hybrid MTBDD matrix... [levels=15, nodes=242] [11.3 KB]
Adding explicit sparse matrices... [levels=15, num=1, compact] [244.4 KB]
Allocating iteration vectors... [2 x 154.7 KB]
TOTAL: [565.1 KB]

Starting iterations...
Iteration 23294: max diff=0.000000, 5.00 sec so far
Iteration 46687: max diff=0.000000, 10.01 sec so far
Iteration 70078: max diff=0.000000, 15.01 sec so far
Iteration 93472: max diff=0.000000, 20.02 sec so far

Power method: 94470 iterations in 20.22 seconds (average 0.000214, setup 0.00)

Printing steady-state probabilities in plain text format to file "../../../../CZK_project/Output/t=0.1_median_dynamic/hybrid/ph_10_1800_1E-5"...

Time for steady-state probability computation: 20.959 seconds.

