PRISM
=====

Version: 4.4.GSMP
Date: Thu May 31 16:48:54 CEST 2018
Hostname: thomas
Memory limits: cudd=1g, java(heap)=910.5m
Command line: prism -hybrid -epsilon 3.84615e-09 -maxiters 100000000 -power -absolute -const 'k=2600,timeout=0.1,lambda=6.93147180559945309400' ../../../../CZK_project/Model/queue_withptf_ctmc.sm -ss -exportss ../../../../CZK_project/Output/t=0.1_median_dynamic/hybrid/ph_10_2600_1E-5

Parsing model file "../../../../CZK_project/Model/queue_withptf_ctmc.sm"...

Type:        CTMC
Modules:     main trigger 
Variables:   qSize i 

---------------------------------------------------------------------

Computing steady-state probabilities...

Building model...
Model constants: k=2600,timeout=0.1,lambda=6.9314718056

Computing reachable states...

Reachability (BFS): 28600 iterations in 0.69 seconds (average 0.000024, setup 0.00)

Time for model construction: 1.128 seconds.

Type:        CTMC
States:      28600 (1 initial)
Transitions: 54600

Rate matrix: 176 nodes (3 terminal), 54600 minterms, vars: 16r/16c

SCCs: 1, BSCCs: 1, non-BSCC states: 0
BSCC sizes: 1:28600

Initial states all in one BSCC (so no reachability probabilities computed)

Computing probabilities...
Engine: Hybrid

Building power method iteration matrix MTBDD... [nodes=235] [4.6 Kb]
Building hybrid MTBDD matrix... [levels=16, nodes=263] [12.3 KB]
Adding explicit sparse matrices... [levels=16, num=1, compact] [353.0 KB]
Allocating iteration vectors... [2 x 223.4 KB]
TOTAL: [812.2 KB]

Starting iterations...
Iteration 18201: max diff=0.000000, 5.00 sec so far
Iteration 36393: max diff=0.000000, 10.01 sec so far
Iteration 54499: max diff=0.000000, 15.01 sec so far
Iteration 72026: max diff=0.000000, 20.02 sec so far
Iteration 89612: max diff=0.000000, 25.02 sec so far
Iteration 106911: max diff=0.000000, 30.02 sec so far
Iteration 124503: max diff=0.000000, 35.03 sec so far

Power method: 133576 iterations in 37.58 seconds (average 0.000281, setup 0.00)

Printing steady-state probabilities in plain text format to file "../../../../CZK_project/Output/t=0.1_median_dynamic/hybrid/ph_10_2600_1E-5"...

Time for steady-state probability computation: 38.622 seconds.

