PRISM
=====

Version: 4.4.GSMP
Date: Thu May 31 16:48:17 CEST 2018
Hostname: thomas
Memory limits: cudd=1g, java(heap)=910.5m
Command line: prism -hybrid -epsilon 4e-09 -maxiters 100000000 -power -absolute -const 'k=2500,timeout=0.1,lambda=6.93147180559945309400' ../../../../CZK_project/Model/queue_withptf_ctmc.sm -ss -exportss ../../../../CZK_project/Output/t=0.1_median_dynamic/hybrid/ph_10_2500_1E-5

Parsing model file "../../../../CZK_project/Model/queue_withptf_ctmc.sm"...

Type:        CTMC
Modules:     main trigger 
Variables:   qSize i 

---------------------------------------------------------------------

Computing steady-state probabilities...

Building model...
Model constants: k=2500,timeout=0.1,lambda=6.9314718056

Computing reachable states...

Reachability (BFS): 27500 iterations in 0.69 seconds (average 0.000025, setup 0.00)

Time for model construction: 1.093 seconds.

Type:        CTMC
States:      27500 (1 initial)
Transitions: 52500

Rate matrix: 182 nodes (3 terminal), 52500 minterms, vars: 16r/16c

SCCs: 1, BSCCs: 1, non-BSCC states: 0
BSCC sizes: 1:27500

Initial states all in one BSCC (so no reachability probabilities computed)

Computing probabilities...
Engine: Hybrid

Building power method iteration matrix MTBDD... [nodes=243] [4.7 Kb]
Building hybrid MTBDD matrix... [levels=16, nodes=276] [12.9 KB]
Adding explicit sparse matrices... [levels=16, num=1, compact] [339.4 KB]
Allocating iteration vectors... [2 x 214.8 KB]
TOTAL: [782.0 KB]

Starting iterations...
Iteration 18910: max diff=0.000000, 5.00 sec so far
Iteration 37874: max diff=0.000000, 10.01 sec so far
Iteration 56756: max diff=0.000000, 15.01 sec so far
Iteration 75510: max diff=0.000000, 20.02 sec so far
Iteration 94340: max diff=0.000000, 25.02 sec so far
Iteration 113297: max diff=0.000000, 30.02 sec so far

Power method: 128509 iterations in 34.04 seconds (average 0.000265, setup 0.00)

Printing steady-state probabilities in plain text format to file "../../../../CZK_project/Output/t=0.1_median_dynamic/hybrid/ph_10_2500_1E-5"...

Time for steady-state probability computation: 35.035 seconds.

