PRISM
=====

Version: 4.4
Date: Fri Jun 15 04:59:49 EDT 2018
Hostname: storm-eval
Memory limits: cudd=1g, java(heap)=910.5m
Command line: prism -hybrid -epsilon 3.33333e-14 -maxiters 100000000 -power -absolute -const 'k=3000,timeout=0.1,lambda=6.93147180559945309400' ../../CZK_project/Model/queue_withptf_ctmc.sm -ss -exportss ../../CZK_project/Output/t=0.1_median_dynamic/hybrid/ph_10_3000_1E-10

Parsing model file "../../CZK_project/Model/queue_withptf_ctmc.sm"...

Type:        CTMC
Modules:     main trigger 
Variables:   qSize i 

---------------------------------------------------------------------

Computing steady-state probabilities...

Building model...
Model constants: k=3000,timeout=0.1,lambda=6.9314718056

Computing reachable states...

Reachability (BFS): 33000 iterations in 0.72 seconds (average 0.000022, setup 0.00)

Time for model construction: 1.161 seconds.

Type:        CTMC
States:      33000 (1 initial)
Transitions: 63000

Rate matrix: 176 nodes (3 terminal), 63000 minterms, vars: 16r/16c

SCCs: 1, BSCCs: 1, non-BSCC states: 0
BSCC sizes: 1:33000

Initial states all in one BSCC (so no reachability probabilities computed)

Computing probabilities...
Engine: Hybrid

Building power method iteration matrix MTBDD... [nodes=235] [4.6 Kb]
Building hybrid MTBDD matrix... [levels=16, nodes=272] [12.8 KB]
Adding explicit sparse matrices... [levels=16, num=1, compact] [407.3 KB]
Allocating iteration vectors... [2 x 257.8 KB]
TOTAL: [935.6 KB]

Starting iterations...
Iteration 17966: max diff=0.000000, 5.00 sec so far
Iteration 35502: max diff=0.000000, 10.01 sec so far
Iteration 53447: max diff=0.000000, 15.01 sec so far
Iteration 71625: max diff=0.000000, 20.02 sec so far
Iteration 89675: max diff=0.000000, 25.02 sec so far
Iteration 107606: max diff=0.000000, 30.02 sec so far
Iteration 125764: max diff=0.000000, 35.03 sec so far
Iteration 144097: max diff=0.000000, 40.03 sec so far
Iteration 162241: max diff=0.000000, 45.04 sec so far
Iteration 180243: max diff=0.000000, 50.04 sec so far
Iteration 198284: max diff=0.000000, 55.04 sec so far
Iteration 216354: max diff=0.000000, 60.05 sec so far
Iteration 234577: max diff=0.000000, 65.05 sec so far
Iteration 252805: max diff=0.000000, 70.06 sec so far
Iteration 270997: max diff=0.000000, 75.06 sec so far
Iteration 289199: max diff=0.000000, 80.06 sec so far
Iteration 307387: max diff=0.000000, 85.07 sec so far
Iteration 325596: max diff=0.000000, 90.07 sec so far
Iteration 343677: max diff=0.000000, 95.08 sec so far
Iteration 361487: max diff=0.000000, 100.08 sec so far
Iteration 379211: max diff=0.000000, 105.08 sec so far
Iteration 397270: max diff=0.000000, 110.09 sec so far
Iteration 415466: max diff=0.000000, 115.09 sec so far
Iteration 433144: max diff=0.000000, 120.10 sec so far
Iteration 450932: max diff=0.000000, 125.10 sec so far

Power method: 463562 iterations in 128.60 seconds (average 0.000277, setup 0.00)

Printing steady-state probabilities in plain text format to file "../../CZK_project/Output/t=0.1_median_dynamic/hybrid/ph_10_3000_1E-10"...

Time for steady-state probability computation: 130.508 seconds.

