PRISM
=====

Version: 4.4.GSMP
Date: Thu May 31 17:15:40 CEST 2018
Hostname: thomas
Memory limits: cudd=1g, java(heap)=910.5m
Command line: prism -hybrid -epsilon 2.12766e-09 -maxiters 100000000 -power -absolute -const 'k=4700,timeout=0.1,lambda=6.93147180559945309400' ../../../../CZK_project/Model/queue_withptf_ctmc.sm -ss -exportss ../../../../CZK_project/Output/t=0.1_median_dynamic/hybrid/ph_10_4700_1E-5

Parsing model file "../../../../CZK_project/Model/queue_withptf_ctmc.sm"...

Type:        CTMC
Modules:     main trigger 
Variables:   qSize i 

---------------------------------------------------------------------

Computing steady-state probabilities...

Building model...
Model constants: k=4700,timeout=0.1,lambda=6.9314718056

Computing reachable states...

Reachability (BFS): 51700 iterations in 1.80 seconds (average 0.000035, setup 0.00)

Time for model construction: 3.373 seconds.

Type:        CTMC
States:      51700 (1 initial)
Transitions: 98700

Rate matrix: 196 nodes (3 terminal), 98700 minterms, vars: 17r/17c

SCCs: 1, BSCCs: 1, non-BSCC states: 0
BSCC sizes: 1:51700

Initial states all in one BSCC (so no reachability probabilities computed)

Computing probabilities...
Engine: Hybrid

Building power method iteration matrix MTBDD... [nodes=262] [5.1 Kb]
Building hybrid MTBDD matrix... [levels=17, nodes=300] [14.1 KB]
Adding explicit sparse matrices... [levels=17, num=1, compact] [638.0 KB]
Allocating iteration vectors... [2 x 403.9 KB]
TOTAL: [1.4 MB]

Starting iterations...
Iteration 9380: max diff=0.000000, 5.00 sec so far
Iteration 18690: max diff=0.000000, 10.01 sec so far
Iteration 28322: max diff=0.000000, 15.01 sec so far
Iteration 37791: max diff=0.000000, 20.02 sec so far
Iteration 47309: max diff=0.000000, 25.02 sec so far
Iteration 57053: max diff=0.000000, 30.02 sec so far
Iteration 67053: max diff=0.000000, 35.03 sec so far
Iteration 76912: max diff=0.000000, 40.03 sec so far
Iteration 86632: max diff=0.000000, 45.04 sec so far
Iteration 96440: max diff=0.000000, 50.04 sec so far
Iteration 106052: max diff=0.000000, 55.04 sec so far
Iteration 115816: max diff=0.000000, 60.05 sec so far
Iteration 125638: max diff=0.000000, 65.05 sec so far
Iteration 135497: max diff=0.000000, 70.06 sec so far
Iteration 145365: max diff=0.000000, 75.06 sec so far
Iteration 155128: max diff=0.000000, 80.06 sec so far
Iteration 165031: max diff=0.000000, 85.07 sec so far
Iteration 174884: max diff=0.000000, 90.07 sec so far
Iteration 184808: max diff=0.000000, 95.08 sec so far
Iteration 194716: max diff=0.000000, 100.08 sec so far
Iteration 204469: max diff=0.000000, 105.08 sec so far
Iteration 214094: max diff=0.000000, 110.09 sec so far
Iteration 223769: max diff=0.000000, 115.09 sec so far

Power method: 227581 iterations in 117.02 seconds (average 0.000514, setup 0.01)

Printing steady-state probabilities in plain text format to file "../../../../CZK_project/Output/t=0.1_median_dynamic/hybrid/ph_10_4700_1E-5"...

Time for steady-state probability computation: 119.215 seconds.

