PRISM
=====

Version: 4.4.GSMP
Date: Thu May 31 16:55:43 CEST 2018
Hostname: thomas
Memory limits: cudd=1g, java(heap)=910.5m
Command line: prism -hybrid -epsilon 2.94118e-09 -maxiters 100000000 -power -absolute -const 'k=3400,timeout=0.1,lambda=6.93147180559945309400' ../../../../CZK_project/Model/queue_withptf_ctmc.sm -ss -exportss ../../../../CZK_project/Output/t=0.1_median_dynamic/hybrid/ph_10_3400_1E-5

Parsing model file "../../../../CZK_project/Model/queue_withptf_ctmc.sm"...

Type:        CTMC
Modules:     main trigger 
Variables:   qSize i 

---------------------------------------------------------------------

Computing steady-state probabilities...

Building model...
Model constants: k=3400,timeout=0.1,lambda=6.9314718056

Computing reachable states...

Reachability (BFS): 37400 iterations in 1.02 seconds (average 0.000027, setup 0.00)

Time for model construction: 1.912 seconds.

Type:        CTMC
States:      37400 (1 initial)
Transitions: 71400

Rate matrix: 176 nodes (3 terminal), 71400 minterms, vars: 16r/16c

SCCs: 1, BSCCs: 1, non-BSCC states: 0
BSCC sizes: 1:37400

Initial states all in one BSCC (so no reachability probabilities computed)

Computing probabilities...
Engine: Hybrid

Building power method iteration matrix MTBDD... [nodes=235] [4.6 Kb]
Building hybrid MTBDD matrix... [levels=16, nodes=266] [12.5 KB]
Adding explicit sparse matrices... [levels=16, num=1, compact] [461.6 KB]
Allocating iteration vectors... [2 x 292.2 KB]
TOTAL: [1.0 MB]

Starting iterations...
Iteration 13003: max diff=0.000000, 5.00 sec so far
Iteration 26550: max diff=0.000000, 10.01 sec so far
Iteration 39728: max diff=0.000000, 15.01 sec so far
Iteration 53492: max diff=0.000000, 20.02 sec so far
Iteration 66883: max diff=0.000000, 25.02 sec so far
Iteration 79978: max diff=0.000000, 30.02 sec so far
Iteration 93168: max diff=0.000000, 35.03 sec so far
Iteration 106682: max diff=0.000000, 40.03 sec so far
Iteration 120282: max diff=0.000000, 45.04 sec so far
Iteration 134291: max diff=0.000000, 50.04 sec so far
Iteration 148251: max diff=0.000000, 55.04 sec so far
Iteration 162123: max diff=0.000000, 60.05 sec so far

Power method: 171155 iterations in 63.30 seconds (average 0.000370, setup 0.00)

Printing steady-state probabilities in plain text format to file "../../../../CZK_project/Output/t=0.1_median_dynamic/hybrid/ph_10_3400_1E-5"...

Time for steady-state probability computation: 64.811 seconds.

