PRISM
=====

Version: 4.4.GSMP
Date: Tue Jun 05 16:03:37 CEST 2018
Hostname: thomas
Memory limits: cudd=1g, java(heap)=910.5m
Command line: prism -hybrid -epsilon 2.43902e-09 -maxiters 100000000 -power -absolute -const 'k=4100,timeout=0.1,lambda=6.93147180559945309400' ../../../../CZK_project/Model/queue_withptf_ctmc.sm -ss -exportss ../../../../CZK_project/Output/t=0.1_median_dynamic/hybrid/ph_10_4100_1E-5

Parsing model file "../../../../CZK_project/Model/queue_withptf_ctmc.sm"...

Type:        CTMC
Modules:     main trigger 
Variables:   qSize i 

---------------------------------------------------------------------

Computing steady-state probabilities...

Building model...
Model constants: k=4100,timeout=0.1,lambda=6.9314718056

Computing reachable states...

Reachability (BFS): 45100 iterations in 1.34 seconds (average 0.000030, setup 0.00)

Time for model construction: 2.372 seconds.

Type:        CTMC
States:      45100 (1 initial)
Transitions: 86100

Rate matrix: 196 nodes (3 terminal), 86100 minterms, vars: 17r/17c

SCCs: 1, BSCCs: 1, non-BSCC states: 0
BSCC sizes: 1:45100

Initial states all in one BSCC (so no reachability probabilities computed)

Computing probabilities...
Engine: Hybrid

Building power method iteration matrix MTBDD... [nodes=262] [5.1 Kb]
Building hybrid MTBDD matrix... [levels=17, nodes=288] [13.5 KB]
Adding explicit sparse matrices... [levels=17, num=1, compact] [556.6 KB]
Allocating iteration vectors... [2 x 352.3 KB]
TOTAL: [1.2 MB]

Starting iterations...
Iteration 11118: max diff=0.000000, 5.00 sec so far
Iteration 21976: max diff=0.000000, 10.01 sec so far
Iteration 33084: max diff=0.000000, 15.01 sec so far
Iteration 44164: max diff=0.000000, 20.02 sec so far
Iteration 55394: max diff=0.000000, 25.02 sec so far
Iteration 66669: max diff=0.000000, 30.02 sec so far
Iteration 77937: max diff=0.000000, 35.03 sec so far
Iteration 89174: max diff=0.000000, 40.03 sec so far
Iteration 100437: max diff=0.000000, 45.04 sec so far
Iteration 111692: max diff=0.000000, 50.04 sec so far
Iteration 122956: max diff=0.000000, 55.04 sec so far
Iteration 134242: max diff=0.000000, 60.05 sec so far
Iteration 145238: max diff=0.000000, 65.05 sec so far
Iteration 156259: max diff=0.000000, 70.06 sec so far
Iteration 167298: max diff=0.000000, 75.06 sec so far
Iteration 178525: max diff=0.000000, 80.06 sec so far
Iteration 189743: max diff=0.000000, 85.07 sec so far
Iteration 200948: max diff=0.000000, 90.07 sec so far

Power method: 202386 iterations in 90.72 seconds (average 0.000448, setup 0.00)

Printing steady-state probabilities in plain text format to file "../../../../CZK_project/Output/t=0.1_median_dynamic/hybrid/ph_10_4100_1E-5"...

Time for steady-state probability computation: 92.512 seconds.

