PRISM
=====

Version: 4.4.GSMP
Date: Thu May 31 17:13:40 CEST 2018
Hostname: thomas
Memory limits: cudd=1g, java(heap)=910.5m
Command line: prism -hybrid -epsilon 2.17391e-09 -maxiters 100000000 -power -absolute -const 'k=4600,timeout=0.1,lambda=6.93147180559945309400' ../../../../CZK_project/Model/queue_withptf_ctmc.sm -ss -exportss ../../../../CZK_project/Output/t=0.1_median_dynamic/hybrid/ph_10_4600_1E-5

Parsing model file "../../../../CZK_project/Model/queue_withptf_ctmc.sm"...

Type:        CTMC
Modules:     main trigger 
Variables:   qSize i 

---------------------------------------------------------------------

Computing steady-state probabilities...

Building model...
Model constants: k=4600,timeout=0.1,lambda=6.9314718056

Computing reachable states...

Reachability (BFS): 50600 iterations in 1.54 seconds (average 0.000030, setup 0.00)

Time for model construction: 2.77 seconds.

Type:        CTMC
States:      50600 (1 initial)
Transitions: 96600

Rate matrix: 190 nodes (3 terminal), 96600 minterms, vars: 17r/17c

SCCs: 1, BSCCs: 1, non-BSCC states: 0
BSCC sizes: 1:50600

Initial states all in one BSCC (so no reachability probabilities computed)

Computing probabilities...
Engine: Hybrid

Building power method iteration matrix MTBDD... [nodes=254] [5.0 Kb]
Building hybrid MTBDD matrix... [levels=17, nodes=293] [13.7 KB]
Adding explicit sparse matrices... [levels=17, num=1, compact] [624.4 KB]
Allocating iteration vectors... [2 x 395.3 KB]
TOTAL: [1.4 MB]

Starting iterations...
Iteration 9272: max diff=0.000000, 5.00 sec so far
Iteration 18752: max diff=0.000000, 10.01 sec so far
Iteration 28224: max diff=0.000000, 15.01 sec so far
Iteration 37693: max diff=0.000000, 20.02 sec so far
Iteration 46895: max diff=0.000000, 25.02 sec so far
Iteration 56643: max diff=0.000000, 30.02 sec so far
Iteration 66238: max diff=0.000000, 35.03 sec so far
Iteration 75926: max diff=0.000000, 40.03 sec so far
Iteration 85193: max diff=0.000000, 45.04 sec so far
Iteration 94870: max diff=0.000000, 50.04 sec so far
Iteration 104453: max diff=0.000000, 55.04 sec so far
Iteration 114045: max diff=0.000000, 60.05 sec so far
Iteration 124254: max diff=0.000000, 65.05 sec so far
Iteration 134249: max diff=0.000000, 70.06 sec so far
Iteration 143927: max diff=0.000000, 75.06 sec so far
Iteration 153892: max diff=0.000000, 80.06 sec so far
Iteration 164096: max diff=0.000000, 85.07 sec so far
Iteration 174287: max diff=0.000000, 90.07 sec so far
Iteration 184502: max diff=0.000000, 95.08 sec so far
Iteration 194544: max diff=0.000000, 100.08 sec so far
Iteration 204701: max diff=0.000000, 105.08 sec so far
Iteration 214534: max diff=0.000000, 110.09 sec so far

Power method: 222810 iterations in 114.43 seconds (average 0.000514, setup 0.00)

Printing steady-state probabilities in plain text format to file "../../../../CZK_project/Output/t=0.1_median_dynamic/hybrid/ph_10_4600_1E-5"...

Time for steady-state probability computation: 116.623 seconds.

