PRISM
=====

Version: 4.4.GSMP
Date: Tue Jun 05 16:06:51 CEST 2018
Hostname: thomas
Memory limits: cudd=1g, java(heap)=910.5m
Command line: prism -hybrid -epsilon 2.32558e-09 -maxiters 100000000 -power -absolute -const 'k=4300,timeout=0.1,lambda=6.93147180559945309400' ../../../../CZK_project/Model/queue_withptf_ctmc.sm -ss -exportss ../../../../CZK_project/Output/t=0.1_median_dynamic/hybrid/ph_10_4300_1E-5

Parsing model file "../../../../CZK_project/Model/queue_withptf_ctmc.sm"...

Type:        CTMC
Modules:     main trigger 
Variables:   qSize i 

---------------------------------------------------------------------

Computing steady-state probabilities...

Building model...
Model constants: k=4300,timeout=0.1,lambda=6.9314718056

Computing reachable states...

Reachability (BFS): 47300 iterations in 1.53 seconds (average 0.000032, setup 0.00)

Time for model construction: 2.677 seconds.

Type:        CTMC
States:      47300 (1 initial)
Transitions: 90300

Rate matrix: 196 nodes (3 terminal), 90300 minterms, vars: 17r/17c

SCCs: 1, BSCCs: 1, non-BSCC states: 0
BSCC sizes: 1:47300

Initial states all in one BSCC (so no reachability probabilities computed)

Computing probabilities...
Engine: Hybrid

Building power method iteration matrix MTBDD... [nodes=262] [5.1 Kb]
Building hybrid MTBDD matrix... [levels=17, nodes=297] [13.9 KB]
Adding explicit sparse matrices... [levels=17, num=1, compact] [583.7 KB]
Allocating iteration vectors... [2 x 369.5 KB]
TOTAL: [1.3 MB]

Starting iterations...
Iteration 10411: max diff=0.000000, 5.00 sec so far
Iteration 20860: max diff=0.000000, 10.01 sec so far
Iteration 31477: max diff=0.000000, 15.01 sec so far
Iteration 41865: max diff=0.000000, 20.02 sec so far
Iteration 52245: max diff=0.000000, 25.02 sec so far
Iteration 62772: max diff=0.000000, 30.02 sec so far
Iteration 73014: max diff=0.000000, 35.03 sec so far
Iteration 83243: max diff=0.000000, 40.03 sec so far
Iteration 93188: max diff=0.000000, 45.04 sec so far
Iteration 102812: max diff=0.000000, 50.04 sec so far
Iteration 112431: max diff=0.000000, 55.04 sec so far
Iteration 122048: max diff=0.000000, 60.05 sec so far
Iteration 131767: max diff=0.000000, 65.05 sec so far
Iteration 141506: max diff=0.000000, 70.06 sec so far
Iteration 151229: max diff=0.000000, 75.06 sec so far
Iteration 160975: max diff=0.000000, 80.06 sec so far
Iteration 170714: max diff=0.000000, 85.07 sec so far
Iteration 180461: max diff=0.000000, 90.07 sec so far
Iteration 190188: max diff=0.000000, 95.08 sec so far
Iteration 199907: max diff=0.000000, 100.08 sec so far
Iteration 209676: max diff=0.000000, 105.08 sec so far

Power method: 212113 iterations in 106.34 seconds (average 0.000501, setup 0.00)

Printing steady-state probabilities in plain text format to file "../../../../CZK_project/Output/t=0.1_median_dynamic/hybrid/ph_10_4300_1E-5"...

Time for steady-state probability computation: 108.334 seconds.

