PRISM
=====

Version: 4.4.GSMP
Date: Thu May 31 17:19:51 CEST 2018
Hostname: thomas
Memory limits: cudd=1g, java(heap)=910.5m
Command line: prism -hybrid -epsilon 2.04082e-09 -maxiters 100000000 -power -absolute -const 'k=4900,timeout=0.1,lambda=6.93147180559945309400' ../../../../CZK_project/Model/queue_withptf_ctmc.sm -ss -exportss ../../../../CZK_project/Output/t=0.1_median_dynamic/hybrid/ph_10_4900_1E-5

Parsing model file "../../../../CZK_project/Model/queue_withptf_ctmc.sm"...

Type:        CTMC
Modules:     main trigger 
Variables:   qSize i 

---------------------------------------------------------------------

Computing steady-state probabilities...

Building model...
Model constants: k=4900,timeout=0.1,lambda=6.9314718056

Computing reachable states...

Reachability (BFS): 53900 iterations in 1.65 seconds (average 0.000031, setup 0.00)

Time for model construction: 3.027 seconds.

Type:        CTMC
States:      53900 (1 initial)
Transitions: 102900

Rate matrix: 196 nodes (3 terminal), 102900 minterms, vars: 17r/17c

SCCs: 1, BSCCs: 1, non-BSCC states: 0
BSCC sizes: 1:53900

Initial states all in one BSCC (so no reachability probabilities computed)

Computing probabilities...
Engine: Hybrid

Building power method iteration matrix MTBDD... [nodes=262] [5.1 Kb]
Building hybrid MTBDD matrix... [levels=17, nodes=297] [13.9 KB]
Adding explicit sparse matrices... [levels=17, num=1, compact] [665.2 KB]
Allocating iteration vectors... [2 x 421.1 KB]
TOTAL: [1.5 MB]

Starting iterations...
Iteration 9347: max diff=0.000000, 5.00 sec so far
Iteration 18594: max diff=0.000000, 10.01 sec so far
Iteration 27970: max diff=0.000000, 15.01 sec so far
Iteration 37178: max diff=0.000000, 20.02 sec so far
Iteration 46450: max diff=0.000000, 25.02 sec so far
Iteration 56014: max diff=0.000000, 30.02 sec so far
Iteration 65247: max diff=0.000000, 35.03 sec so far
Iteration 74542: max diff=0.000000, 40.03 sec so far
Iteration 83869: max diff=0.000000, 45.04 sec so far
Iteration 93282: max diff=0.000000, 50.04 sec so far
Iteration 102653: max diff=0.000000, 55.04 sec so far
Iteration 112163: max diff=0.000000, 60.05 sec so far
Iteration 121669: max diff=0.000000, 65.05 sec so far
Iteration 131248: max diff=0.000000, 70.06 sec so far
Iteration 140815: max diff=0.000000, 75.06 sec so far
Iteration 150417: max diff=0.000000, 80.06 sec so far
Iteration 159936: max diff=0.000000, 85.07 sec so far
Iteration 169103: max diff=0.000000, 90.07 sec so far
Iteration 178391: max diff=0.000000, 95.08 sec so far
Iteration 187869: max diff=0.000000, 100.08 sec so far
Iteration 197248: max diff=0.000000, 105.08 sec so far
Iteration 206540: max diff=0.000000, 110.09 sec so far
Iteration 216002: max diff=0.000000, 115.09 sec so far
Iteration 225506: max diff=0.000000, 120.10 sec so far
Iteration 234855: max diff=0.000000, 125.10 sec so far

Power method: 237120 iterations in 126.29 seconds (average 0.000533, setup 0.01)

Printing steady-state probabilities in plain text format to file "../../../../CZK_project/Output/t=0.1_median_dynamic/hybrid/ph_10_4900_1E-5"...

Time for steady-state probability computation: 128.582 seconds.

