PRISM
=====

Version: 4.4.GSMP
Date: Thu May 31 16:46:41 CEST 2018
Hostname: thomas
Memory limits: cudd=1g, java(heap)=910.5m
Command line: prism -hybrid -epsilon 4.54545e-09 -maxiters 100000000 -power -absolute -const 'k=2200,timeout=0.1,lambda=6.93147180559945309400' ../../../../CZK_project/Model/queue_withptf_ctmc.sm -ss -exportss ../../../../CZK_project/Output/t=0.1_median_dynamic/hybrid/ph_10_2200_1E-5

Parsing model file "../../../../CZK_project/Model/queue_withptf_ctmc.sm"...

Type:        CTMC
Modules:     main trigger 
Variables:   qSize i 

---------------------------------------------------------------------

Computing steady-state probabilities...

Building model...
Model constants: k=2200,timeout=0.1,lambda=6.9314718056

Computing reachable states...

Reachability (BFS): 24200 iterations in 0.58 seconds (average 0.000024, setup 0.00)

Time for model construction: 0.911 seconds.

Type:        CTMC
States:      24200 (1 initial)
Transitions: 46200

Rate matrix: 176 nodes (3 terminal), 46200 minterms, vars: 16r/16c

SCCs: 1, BSCCs: 1, non-BSCC states: 0
BSCC sizes: 1:24200

Initial states all in one BSCC (so no reachability probabilities computed)

Computing probabilities...
Engine: Hybrid

Building power method iteration matrix MTBDD... [nodes=235] [4.6 Kb]
Building hybrid MTBDD matrix... [levels=16, nodes=263] [12.3 KB]
Adding explicit sparse matrices... [levels=16, num=1, compact] [298.7 KB]
Allocating iteration vectors... [2 x 189.1 KB]
TOTAL: [689.1 KB]

Starting iterations...
Iteration 21353: max diff=0.000000, 5.00 sec so far
Iteration 42772: max diff=0.000000, 10.01 sec so far
Iteration 63825: max diff=0.000000, 15.01 sec so far
Iteration 83349: max diff=0.000000, 20.02 sec so far
Iteration 103729: max diff=0.000000, 25.02 sec so far

Power method: 113290 iterations in 27.38 seconds (average 0.000242, setup 0.00)

Printing steady-state probabilities in plain text format to file "../../../../CZK_project/Output/t=0.1_median_dynamic/hybrid/ph_10_2200_1E-5"...

Time for steady-state probability computation: 28.235 seconds.

