PRISM
=====

Version: 4.4.GSMP
Date: Tue Jun 05 15:52:29 CEST 2018
Hostname: thomas
Memory limits: cudd=1g, java(heap)=910.5m
Command line: prism -hybrid -epsilon 3.125e-09 -maxiters 100000000 -power -absolute -const 'k=3200,timeout=0.1,lambda=6.93147180559945309400' ../../../../CZK_project/Model/queue_withptf_ctmc.sm -ss -exportss ../../../../CZK_project/Output/t=0.1_median_dynamic/hybrid/ph_10_3200_1E-5

Parsing model file "../../../../CZK_project/Model/queue_withptf_ctmc.sm"...

Type:        CTMC
Modules:     main trigger 
Variables:   qSize i 

---------------------------------------------------------------------

Computing steady-state probabilities...

Building model...
Model constants: k=3200,timeout=0.1,lambda=6.9314718056

Computing reachable states...

Reachability (BFS): 35200 iterations in 0.97 seconds (average 0.000028, setup 0.00)

Time for model construction: 1.599 seconds.

Type:        CTMC
States:      35200 (1 initial)
Transitions: 67200

Rate matrix: 152 nodes (3 terminal), 67200 minterms, vars: 16r/16c

SCCs: 1, BSCCs: 1, non-BSCC states: 0
BSCC sizes: 1:35200

Initial states all in one BSCC (so no reachability probabilities computed)

Computing probabilities...
Engine: Hybrid

Building power method iteration matrix MTBDD... [nodes=203] [4.0 Kb]
Building hybrid MTBDD matrix... [levels=16, nodes=220] [10.3 KB]
Adding explicit sparse matrices... [levels=16, num=1, compact] [434.4 KB]
Allocating iteration vectors... [2 x 275.0 KB]
TOTAL: [994.7 KB]

Starting iterations...
Iteration 14080: max diff=0.000001, 5.00 sec so far
Iteration 28602: max diff=0.000000, 10.01 sec so far
Iteration 42976: max diff=0.000000, 15.01 sec so far
Iteration 57418: max diff=0.000000, 20.02 sec so far
Iteration 70482: max diff=0.000000, 25.02 sec so far
Iteration 84144: max diff=0.000000, 30.02 sec so far
Iteration 98967: max diff=0.000000, 35.03 sec so far
Iteration 113755: max diff=0.000000, 40.03 sec so far
Iteration 128608: max diff=0.000000, 45.04 sec so far
Iteration 143543: max diff=0.000000, 50.04 sec so far
Iteration 158475: max diff=0.000000, 55.04 sec so far

Power method: 161226 iterations in 55.98 seconds (average 0.000347, setup 0.00)

Printing steady-state probabilities in plain text format to file "../../../../CZK_project/Output/t=0.1_median_dynamic/hybrid/ph_10_3200_1E-5"...

Time for steady-state probability computation: 57.482 seconds.

