PRISM
=====

Version: 4.4.GSMP
Date: Thu May 31 16:56:51 CEST 2018
Hostname: thomas
Memory limits: cudd=1g, java(heap)=910.5m
Command line: prism -hybrid -epsilon 2.85714e-09 -maxiters 100000000 -power -absolute -const 'k=3500,timeout=0.1,lambda=6.93147180559945309400' ../../../../CZK_project/Model/queue_withptf_ctmc.sm -ss -exportss ../../../../CZK_project/Output/t=0.1_median_dynamic/hybrid/ph_10_3500_1E-5

Parsing model file "../../../../CZK_project/Model/queue_withptf_ctmc.sm"...

Type:        CTMC
Modules:     main trigger 
Variables:   qSize i 

---------------------------------------------------------------------

Computing steady-state probabilities...

Building model...
Model constants: k=3500,timeout=0.1,lambda=6.9314718056

Computing reachable states...

Reachability (BFS): 38500 iterations in 0.99 seconds (average 0.000026, setup 0.00)

Time for model construction: 1.728 seconds.

Type:        CTMC
States:      38500 (1 initial)
Transitions: 73500

Rate matrix: 182 nodes (3 terminal), 73500 minterms, vars: 16r/16c

SCCs: 1, BSCCs: 1, non-BSCC states: 0
BSCC sizes: 1:38500

Initial states all in one BSCC (so no reachability probabilities computed)

Computing probabilities...
Engine: Hybrid

Building power method iteration matrix MTBDD... [nodes=243] [4.7 Kb]
Building hybrid MTBDD matrix... [levels=16, nodes=282] [13.2 KB]
Adding explicit sparse matrices... [levels=16, num=1, compact] [475.1 KB]
Allocating iteration vectors... [2 x 300.8 KB]
TOTAL: [1.1 MB]

Starting iterations...
Iteration 13114: max diff=0.000000, 5.00 sec so far
Iteration 26323: max diff=0.000000, 10.01 sec so far
Iteration 39291: max diff=0.000000, 15.01 sec so far
Iteration 51619: max diff=0.000000, 20.02 sec so far
Iteration 63850: max diff=0.000000, 25.02 sec so far
Iteration 76662: max diff=0.000000, 30.02 sec so far
Iteration 88817: max diff=0.000000, 35.03 sec so far
Iteration 101366: max diff=0.000000, 40.03 sec so far
Iteration 113675: max diff=0.000000, 45.04 sec so far
Iteration 126136: max diff=0.000000, 50.04 sec so far
Iteration 138610: max diff=0.000000, 55.04 sec so far
Iteration 151549: max diff=0.000000, 60.05 sec so far
Iteration 164177: max diff=0.000000, 65.05 sec so far

Power method: 173164 iterations in 68.54 seconds (average 0.000396, setup 0.00)

Printing steady-state probabilities in plain text format to file "../../../../CZK_project/Output/t=0.1_median_dynamic/hybrid/ph_10_3500_1E-5"...

Time for steady-state probability computation: 69.954 seconds.

