PRISM
=====

Version: 4.4.GSMP
Date: Thu May 31 16:52:45 CEST 2018
Hostname: thomas
Memory limits: cudd=1g, java(heap)=910.5m
Command line: prism -hybrid -epsilon 3.22581e-09 -maxiters 100000000 -power -absolute -const 'k=3100,timeout=0.1,lambda=6.93147180559945309400' ../../../../CZK_project/Model/queue_withptf_ctmc.sm -ss -exportss ../../../../CZK_project/Output/t=0.1_median_dynamic/hybrid/ph_10_3100_1E-5

Parsing model file "../../../../CZK_project/Model/queue_withptf_ctmc.sm"...

Type:        CTMC
Modules:     main trigger 
Variables:   qSize i 

---------------------------------------------------------------------

Computing steady-state probabilities...

Building model...
Model constants: k=3100,timeout=0.1,lambda=6.9314718056

Computing reachable states...

Reachability (BFS): 34100 iterations in 0.84 seconds (average 0.000025, setup 0.00)

Time for model construction: 1.43 seconds.

Type:        CTMC
States:      34100 (1 initial)
Transitions: 65100

Rate matrix: 182 nodes (3 terminal), 65100 minterms, vars: 16r/16c

SCCs: 1, BSCCs: 1, non-BSCC states: 0
BSCC sizes: 1:34100

Initial states all in one BSCC (so no reachability probabilities computed)

Computing probabilities...
Engine: Hybrid

Building power method iteration matrix MTBDD... [nodes=243] [4.7 Kb]
Building hybrid MTBDD matrix... [levels=16, nodes=276] [12.9 KB]
Adding explicit sparse matrices... [levels=16, num=1, compact] [420.8 KB]
Allocating iteration vectors... [2 x 266.4 KB]
TOTAL: [966.6 KB]

Starting iterations...
Iteration 15209: max diff=0.000000, 5.00 sec so far
Iteration 30520: max diff=0.000000, 10.01 sec so far
Iteration 45553: max diff=0.000000, 15.01 sec so far
Iteration 60583: max diff=0.000000, 20.02 sec so far
Iteration 75351: max diff=0.000000, 25.02 sec so far
Iteration 90232: max diff=0.000000, 30.02 sec so far
Iteration 105407: max diff=0.000000, 35.03 sec so far
Iteration 120511: max diff=0.000000, 40.03 sec so far
Iteration 135373: max diff=0.000000, 45.04 sec so far
Iteration 150549: max diff=0.000000, 50.04 sec so far

Power method: 156258 iterations in 51.97 seconds (average 0.000333, setup 0.00)

Printing steady-state probabilities in plain text format to file "../../../../CZK_project/Output/t=0.1_median_dynamic/hybrid/ph_10_3100_1E-5"...

Time for steady-state probability computation: 53.228 seconds.

