PRISM
=====

Version: 4.4.GSMP
Date: Thu May 31 16:44:35 CEST 2018
Hostname: thomas
Memory limits: cudd=1g, java(heap)=910.5m
Command line: prism -hybrid -epsilon 6.25e-09 -maxiters 100000000 -power -absolute -const 'k=1600,timeout=0.1,lambda=6.93147180559945309400' ../../../../CZK_project/Model/queue_withptf_ctmc.sm -ss -exportss ../../../../CZK_project/Output/t=0.1_median_dynamic/hybrid/ph_10_1600_1E-5

Parsing model file "../../../../CZK_project/Model/queue_withptf_ctmc.sm"...

Type:        CTMC
Modules:     main trigger 
Variables:   qSize i 

---------------------------------------------------------------------

Computing steady-state probabilities...

Building model...
Model constants: k=1600,timeout=0.1,lambda=6.9314718056

Computing reachable states...

Reachability (BFS): 17600 iterations in 0.35 seconds (average 0.000020, setup 0.00)

Time for model construction: 0.542 seconds.

Type:        CTMC
States:      17600 (1 initial)
Transitions: 33600

Rate matrix: 144 nodes (3 terminal), 33600 minterms, vars: 15r/15c

SCCs: 1, BSCCs: 1, non-BSCC states: 0
BSCC sizes: 1:17600

Initial states all in one BSCC (so no reachability probabilities computed)

Computing probabilities...
Engine: Hybrid

Building power method iteration matrix MTBDD... [nodes=192] [3.8 Kb]
Building hybrid MTBDD matrix... [levels=15, nodes=209] [9.8 KB]
Adding explicit sparse matrices... [levels=15, num=1, compact] [217.2 KB]
Allocating iteration vectors... [2 x 137.5 KB]
TOTAL: [502.0 KB]

Starting iterations...
Iteration 29589: max diff=0.000000, 5.00 sec so far
Iteration 59167: max diff=0.000000, 10.01 sec so far

Power method: 85460 iterations in 14.46 seconds (average 0.000169, setup 0.00)

Printing steady-state probabilities in plain text format to file "../../../../CZK_project/Output/t=0.1_median_dynamic/hybrid/ph_10_1600_1E-5"...

Time for steady-state probability computation: 15.014 seconds.

