PRISM
=====

Version: 4.4.GSMP
Date: Thu May 31 17:17:43 CEST 2018
Hostname: thomas
Memory limits: cudd=1g, java(heap)=910.5m
Command line: prism -hybrid -epsilon 2.08333e-09 -maxiters 100000000 -power -absolute -const 'k=4800,timeout=0.1,lambda=6.93147180559945309400' ../../../../CZK_project/Model/queue_withptf_ctmc.sm -ss -exportss ../../../../CZK_project/Output/t=0.1_median_dynamic/hybrid/ph_10_4800_1E-5

Parsing model file "../../../../CZK_project/Model/queue_withptf_ctmc.sm"...

Type:        CTMC
Modules:     main trigger 
Variables:   qSize i 

---------------------------------------------------------------------

Computing steady-state probabilities...

Building model...
Model constants: k=4800,timeout=0.1,lambda=6.9314718056

Computing reachable states...

Reachability (BFS): 52800 iterations in 1.62 seconds (average 0.000031, setup 0.00)

Time for model construction: 3.033 seconds.

Type:        CTMC
States:      52800 (1 initial)
Transitions: 100800

Rate matrix: 172 nodes (3 terminal), 100800 minterms, vars: 17r/17c

SCCs: 1, BSCCs: 1, non-BSCC states: 0
BSCC sizes: 1:52800

Initial states all in one BSCC (so no reachability probabilities computed)

Computing probabilities...
Engine: Hybrid

Building power method iteration matrix MTBDD... [nodes=230] [4.5 Kb]
Building hybrid MTBDD matrix... [levels=17, nodes=254] [11.9 KB]
Adding explicit sparse matrices... [levels=17, num=1, compact] [651.6 KB]
Allocating iteration vectors... [2 x 412.5 KB]
TOTAL: [1.5 MB]

Starting iterations...
Iteration 9552: max diff=0.000000, 5.00 sec so far
Iteration 19089: max diff=0.000000, 10.01 sec so far
Iteration 28639: max diff=0.000000, 15.01 sec so far
Iteration 38226: max diff=0.000000, 20.02 sec so far
Iteration 47776: max diff=0.000000, 25.02 sec so far
Iteration 57435: max diff=0.000000, 30.02 sec so far
Iteration 67164: max diff=0.000000, 35.03 sec so far
Iteration 76756: max diff=0.000000, 40.03 sec so far
Iteration 86426: max diff=0.000000, 45.04 sec so far
Iteration 95794: max diff=0.000000, 50.04 sec so far
Iteration 105275: max diff=0.000000, 55.04 sec so far
Iteration 114819: max diff=0.000000, 60.05 sec so far
Iteration 124445: max diff=0.000000, 65.05 sec so far
Iteration 134066: max diff=0.000000, 70.06 sec so far
Iteration 143578: max diff=0.000000, 75.06 sec so far
Iteration 153180: max diff=0.000000, 80.06 sec so far
Iteration 162455: max diff=0.000000, 85.07 sec so far
Iteration 172082: max diff=0.000000, 90.07 sec so far
Iteration 181781: max diff=0.000000, 95.08 sec so far
Iteration 191354: max diff=0.000000, 100.08 sec so far
Iteration 200772: max diff=0.000000, 105.08 sec so far
Iteration 210117: max diff=0.000000, 110.09 sec so far
Iteration 219395: max diff=0.000000, 115.09 sec so far
Iteration 228768: max diff=0.000000, 120.10 sec so far

Power method: 232352 iterations in 122.00 seconds (average 0.000525, setup 0.01)

Printing steady-state probabilities in plain text format to file "../../../../CZK_project/Output/t=0.1_median_dynamic/hybrid/ph_10_4800_1E-5"...

Time for steady-state probability computation: 124.28 seconds.

