PRISM
=====

Version: 4.4.GSMP
Date: Tue Jun 05 16:05:13 CEST 2018
Hostname: thomas
Memory limits: cudd=1g, java(heap)=910.5m
Command line: prism -hybrid -epsilon 2.38095e-09 -maxiters 100000000 -power -absolute -const 'k=4200,timeout=0.1,lambda=6.93147180559945309400' ../../../../CZK_project/Model/queue_withptf_ctmc.sm -ss -exportss ../../../../CZK_project/Output/t=0.1_median_dynamic/hybrid/ph_10_4200_1E-5

Parsing model file "../../../../CZK_project/Model/queue_withptf_ctmc.sm"...

Type:        CTMC
Modules:     main trigger 
Variables:   qSize i 

---------------------------------------------------------------------

Computing steady-state probabilities...

Building model...
Model constants: k=4200,timeout=0.1,lambda=6.9314718056

Computing reachable states...

Reachability (BFS): 46200 iterations in 1.38 seconds (average 0.000030, setup 0.00)

Time for model construction: 2.483 seconds.

Type:        CTMC
States:      46200 (1 initial)
Transitions: 88200

Rate matrix: 190 nodes (3 terminal), 88200 minterms, vars: 17r/17c

SCCs: 1, BSCCs: 1, non-BSCC states: 0
BSCC sizes: 1:46200

Initial states all in one BSCC (so no reachability probabilities computed)

Computing probabilities...
Engine: Hybrid

Building power method iteration matrix MTBDD... [nodes=254] [5.0 Kb]
Building hybrid MTBDD matrix... [levels=17, nodes=284] [13.3 KB]
Adding explicit sparse matrices... [levels=17, num=1, compact] [570.1 KB]
Allocating iteration vectors... [2 x 360.9 KB]
TOTAL: [1.3 MB]

Starting iterations...
Iteration 10951: max diff=0.000000, 5.00 sec so far
Iteration 21913: max diff=0.000000, 10.01 sec so far
Iteration 33059: max diff=0.000000, 15.01 sec so far
Iteration 44224: max diff=0.000000, 20.02 sec so far
Iteration 55389: max diff=0.000000, 25.02 sec so far
Iteration 66553: max diff=0.000000, 30.02 sec so far
Iteration 77713: max diff=0.000000, 35.03 sec so far
Iteration 88865: max diff=0.000000, 40.03 sec so far
Iteration 99992: max diff=0.000000, 45.04 sec so far
Iteration 111144: max diff=0.000000, 50.04 sec so far
Iteration 122303: max diff=0.000000, 55.04 sec so far
Iteration 133453: max diff=0.000000, 60.05 sec so far
Iteration 144610: max diff=0.000000, 65.05 sec so far
Iteration 155761: max diff=0.000000, 70.06 sec so far
Iteration 166885: max diff=0.000000, 75.06 sec so far
Iteration 178057: max diff=0.000000, 80.06 sec so far
Iteration 189144: max diff=0.000000, 85.07 sec so far
Iteration 199588: max diff=0.000000, 90.07 sec so far

Power method: 207250 iterations in 93.65 seconds (average 0.000452, setup 0.01)

Printing steady-state probabilities in plain text format to file "../../../../CZK_project/Output/t=0.1_median_dynamic/hybrid/ph_10_4200_1E-5"...

Time for steady-state probability computation: 95.537 seconds.

