PRISM
=====

Version: 4.4.GSMP
Date: Thu May 31 16:47:11 CEST 2018
Hostname: thomas
Memory limits: cudd=1g, java(heap)=910.5m
Command line: prism -hybrid -epsilon 4.34783e-09 -maxiters 100000000 -power -absolute -const 'k=2300,timeout=0.1,lambda=6.93147180559945309400' ../../../../CZK_project/Model/queue_withptf_ctmc.sm -ss -exportss ../../../../CZK_project/Output/t=0.1_median_dynamic/hybrid/ph_10_2300_1E-5

Parsing model file "../../../../CZK_project/Model/queue_withptf_ctmc.sm"...

Type:        CTMC
Modules:     main trigger 
Variables:   qSize i 

---------------------------------------------------------------------

Computing steady-state probabilities...

Building model...
Model constants: k=2300,timeout=0.1,lambda=6.9314718056

Computing reachable states...

Reachability (BFS): 25300 iterations in 0.74 seconds (average 0.000029, setup 0.00)

Time for model construction: 1.158 seconds.

Type:        CTMC
States:      25300 (1 initial)
Transitions: 48300

Rate matrix: 182 nodes (3 terminal), 48300 minterms, vars: 16r/16c

SCCs: 1, BSCCs: 1, non-BSCC states: 0
BSCC sizes: 1:25300

Initial states all in one BSCC (so no reachability probabilities computed)

Computing probabilities...
Engine: Hybrid

Building power method iteration matrix MTBDD... [nodes=243] [4.7 Kb]
Building hybrid MTBDD matrix... [levels=16, nodes=282] [13.2 KB]
Adding explicit sparse matrices... [levels=16, num=1, compact] [312.2 KB]
Allocating iteration vectors... [2 x 197.7 KB]
TOTAL: [720.8 KB]

Starting iterations...
Iteration 19777: max diff=0.000001, 5.00 sec so far
Iteration 39281: max diff=0.000000, 10.01 sec so far
Iteration 59144: max diff=0.000000, 15.01 sec so far
Iteration 79549: max diff=0.000000, 20.02 sec so far
Iteration 97955: max diff=0.000000, 25.02 sec so far

Power method: 118366 iterations in 29.99 seconds (average 0.000253, setup 0.00)

Printing steady-state probabilities in plain text format to file "../../../../CZK_project/Output/t=0.1_median_dynamic/hybrid/ph_10_2300_1E-5"...

Time for steady-state probability computation: 31.097 seconds.

