PRISM
=====

Version: 4.4.GSMP
Date: Tue Jun 05 15:41:40 CEST 2018
Hostname: thomas
Memory limits: cudd=1g, java(heap)=910.5m
Command line: prism -hybrid -epsilon 1.33333e-07 -maxiters 100000000 -power -absolute -const 'k=75,timeout=0.1,lambda=6.93147180559945309400' ../../../../CZK_project/Model/queue_withptf_ctmc.sm -ss -exportss ../../../../CZK_project/Output/t=0.1_median_dynamic/hybrid/ph_10_75_1E-5

Parsing model file "../../../../CZK_project/Model/queue_withptf_ctmc.sm"...

Type:        CTMC
Modules:     main trigger 
Variables:   qSize i 

---------------------------------------------------------------------

Computing steady-state probabilities...

Building model...
Model constants: k=75,timeout=0.1,lambda=6.9314718056

Computing reachable states...

Reachability (BFS): 825 iterations in 0.01 seconds (average 0.000010, setup 0.00)

Time for model construction: 0.021 seconds.

Type:        CTMC
States:      825 (1 initial)
Transitions: 1575

Rate matrix: 121 nodes (3 terminal), 1575 minterms, vars: 11r/11c

SCCs: 1, BSCCs: 1, non-BSCC states: 0
BSCC sizes: 1:825

Initial states all in one BSCC (so no reachability probabilities computed)

Computing probabilities...
Engine: Hybrid

Building power method iteration matrix MTBDD... [nodes=164] [3.2 Kb]
Building hybrid MTBDD matrix... [levels=11, nodes=188] [8.8 KB]
Adding explicit sparse matrices... [levels=11, num=1, compact] [10.2 KB]
Allocating iteration vectors... [2 x 6.4 KB]
TOTAL: [31.9 KB]

Starting iterations...

Power method: 4968 iterations in 0.04 seconds (average 0.000008, setup 0.00)

Printing steady-state probabilities in plain text format to file "../../../../CZK_project/Output/t=0.1_median_dynamic/hybrid/ph_10_75_1E-5"...

Time for steady-state probability computation: 0.068 seconds.

