PRISM
=====

Version: 4.4.GSMP
Date: Tue Jun 05 15:59:23 CEST 2018
Hostname: thomas
Memory limits: cudd=1g, java(heap)=910.5m
Command line: prism -hybrid -epsilon 2.63158e-09 -maxiters 100000000 -power -absolute -const 'k=3800,timeout=0.1,lambda=6.93147180559945309400' ../../../../CZK_project/Model/queue_withptf_ctmc.sm -ss -exportss ../../../../CZK_project/Output/t=0.1_median_dynamic/hybrid/ph_10_3800_1E-5

Parsing model file "../../../../CZK_project/Model/queue_withptf_ctmc.sm"...

Type:        CTMC
Modules:     main trigger 
Variables:   qSize i 

---------------------------------------------------------------------

Computing steady-state probabilities...

Building model...
Model constants: k=3800,timeout=0.1,lambda=6.9314718056

Computing reachable states...

Reachability (BFS): 41800 iterations in 1.06 seconds (average 0.000025, setup 0.00)

Time for model construction: 1.869 seconds.

Type:        CTMC
States:      41800 (1 initial)
Transitions: 79800

Rate matrix: 176 nodes (3 terminal), 79800 minterms, vars: 16r/16c

SCCs: 1, BSCCs: 1, non-BSCC states: 0
BSCC sizes: 1:41800

Initial states all in one BSCC (so no reachability probabilities computed)

Computing probabilities...
Engine: Hybrid

Building power method iteration matrix MTBDD... [nodes=235] [4.6 Kb]
Building hybrid MTBDD matrix... [levels=16, nodes=272] [12.8 KB]
Adding explicit sparse matrices... [levels=16, num=1, compact] [515.9 KB]
Allocating iteration vectors... [2 x 326.6 KB]
TOTAL: [1.2 MB]

Starting iterations...
Iteration 12614: max diff=0.000001, 5.00 sec so far
Iteration 25321: max diff=0.000000, 10.01 sec so far
Iteration 37883: max diff=0.000000, 15.01 sec so far
Iteration 45954: max diff=0.000000, 20.02 sec so far
Iteration 52129: max diff=0.000000, 25.02 sec so far
Iteration 64780: max diff=0.000000, 30.02 sec so far
Iteration 77455: max diff=0.000000, 35.03 sec so far
Iteration 90004: max diff=0.000000, 40.03 sec so far
Iteration 102753: max diff=0.000000, 45.04 sec so far
Iteration 115448: max diff=0.000000, 50.04 sec so far
Iteration 128127: max diff=0.000000, 55.04 sec so far
Iteration 140845: max diff=0.000000, 60.05 sec so far
Iteration 153473: max diff=0.000000, 65.05 sec so far
Iteration 166169: max diff=0.000000, 70.06 sec so far
Iteration 178840: max diff=0.000000, 75.06 sec so far

Power method: 187783 iterations in 78.61 seconds (average 0.000419, setup 0.01)

Printing steady-state probabilities in plain text format to file "../../../../CZK_project/Output/t=0.1_median_dynamic/hybrid/ph_10_3800_1E-5"...

Time for steady-state probability computation: 80.161 seconds.

