PRISM
=====

Version: 4.4
Date: Wed Jul 11 05:52:26 EDT 2018
Hostname: storm-eval
Memory limits: cudd=1g, java(heap)=910.5m
Command line: prism -hybrid -epsilon 1E-6 -maxiters 100000000 -power -absolute -const k=1000 ../../CZK_project/Model/benchmark/devel/firstRejuvenation/firstRejuvenation_CTMC.pm -ss -exportss ../../CZK_project/Output/firstRejuvenation_1E-6_constant/hybrid/ph_1000_1E-6

Parsing model file "../../CZK_project/Model/benchmark/devel/firstRejuvenation/firstRejuvenation_CTMC.pm"...

Type:        CTMC
Modules:     firstRejuvenation trigger 
Variables:   status avail maintenance i 

---------------------------------------------------------------------

Computing steady-state probabilities...

Building model...
Model constants: k=1000

Computing reachable states...

Reachability (BFS): 2001 iterations in 0.05 seconds (average 0.000024, setup 0.00)

Time for model construction: 0.155 seconds.

Type:        CTMC
States:      5000 (1 initial)
Transitions: 7000

Rate matrix: 337 nodes (7 terminal), 7000 minterms, vars: 14r/14c

SCCs: 1, BSCCs: 1, non-BSCC states: 0
BSCC sizes: 1:5000

Initial states all in one BSCC (so no reachability probabilities computed)

Computing probabilities...
Engine: Hybrid

Building power method iteration matrix MTBDD... [nodes=396] [7.7 Kb]
Building hybrid MTBDD matrix... [levels=14, nodes=456] [21.4 KB]
Adding explicit sparse matrices... [levels=14, num=1, compact] [66.5 KB]
Allocating iteration vectors... [2 x 39.1 KB]
TOTAL: [166.0 KB]

Starting iterations...

Power method: 104320 iterations in 3.47 seconds (average 0.000033, setup 0.00)

Printing steady-state probabilities in plain text format to file "../../CZK_project/Output/firstRejuvenation_1E-6_constant/hybrid/ph_1000_1E-6"...

Time for steady-state probability computation: 3.628 seconds.

