PRISM
=====

Version: 4.4
Date: Wed Jul 11 04:59:59 EDT 2018
Hostname: storm-eval
Memory limits: cudd=1g, java(heap)=910.5m
Command line: prism -hybrid -epsilon 1E-6 -maxiters 100000000 -power -absolute -const k=1 ../../CZK_project/Model/benchmark/devel/firstRejuvenation/firstRejuvenation_CTMC.pm -ss -exportss ../../CZK_project/Output/firstRejuvenation_1E-6_constant/hybrid/ph_1_1E-6

Parsing model file "../../CZK_project/Model/benchmark/devel/firstRejuvenation/firstRejuvenation_CTMC.pm"...

Type:        CTMC
Modules:     firstRejuvenation trigger 
Variables:   status avail maintenance i 

---------------------------------------------------------------------

Computing steady-state probabilities...

Building model...
Model constants: k=1

Warning: Guard for command 1 of module "trigger" is never satisfied.

Warning: Guard for command 3 of module "trigger" is never satisfied.

Warning: Guard for command 5 of module "trigger" is never satisfied.

Computing reachable states...

Reachability (BFS): 3 iterations in 0.00 seconds (average 0.000000, setup 0.00)

Time for model construction: 0.01 seconds.

Type:        CTMC
States:      5 (1 initial)
Transitions: 7

Rate matrix: 47 nodes (6 terminal), 7 minterms, vars: 5r/5c

SCCs: 1, BSCCs: 1, non-BSCC states: 0
BSCC sizes: 1:5

Initial states all in one BSCC (so no reachability probabilities computed)

Computing probabilities...
Engine: Hybrid

Building power method iteration matrix MTBDD... [nodes=74] [1.4 Kb]
Building hybrid MTBDD matrix... [levels=5, nodes=74] [3.5 KB]
Adding explicit sparse matrices... [levels=5, num=1, compact] [0.1 KB]
Allocating iteration vectors... [2 x 0.0 KB]
TOTAL: [3.7 KB]

Starting iterations...

Power method: 2699 iterations in 0.00 seconds (average 0.000001, setup 0.00)

Printing steady-state probabilities in plain text format to file "../../CZK_project/Output/firstRejuvenation_1E-6_constant/hybrid/ph_1_1E-6"...

Time for steady-state probability computation: 0.007 seconds.

---------------------------------------------------------------------

Note: There were 3 warnings during computation.

