PRISM
=====

Version: 4.4
Date: Mon Jul 09 08:43:34 EDT 2018
Hostname: storm-eval
Memory limits: cudd=1g, java(heap)=910.5m
Command line: prism -hybrid -epsilon 1E-6 -maxiters 100000000 -power -absolute -const k=2 ../../CZK_project/Model/benchmark/devel/firstRejuvenation/firstRejuvenation_CTMC.pm -ss -exportss ../../CZK_project/Output/firstRejuvenation_1E-6_constant/hybrid/ph_2_1E-6

Parsing model file "../../CZK_project/Model/benchmark/devel/firstRejuvenation/firstRejuvenation_CTMC.pm"...

Type:        CTMC
Modules:     firstRejuvenation trigger 
Variables:   status avail maintenance i 

---------------------------------------------------------------------

Computing steady-state probabilities...

Building model...
Model constants: k=2

Computing reachable states...

Reachability (BFS): 5 iterations in 0.00 seconds (average 0.000000, setup 0.00)

Time for model construction: 0.011 seconds.

Type:        CTMC
States:      10 (1 initial)
Transitions: 14

Rate matrix: 84 nodes (7 terminal), 14 minterms, vars: 6r/6c

SCCs: 1, BSCCs: 1, non-BSCC states: 0
BSCC sizes: 1:10

Initial states all in one BSCC (so no reachability probabilities computed)

Computing probabilities...
Engine: Hybrid

Building power method iteration matrix MTBDD... [nodes=100] [2.0 Kb]
Building hybrid MTBDD matrix... [levels=6, nodes=100] [4.7 KB]
Adding explicit sparse matrices... [levels=6, num=1, compact] [0.2 KB]
Allocating iteration vectors... [2 x 0.1 KB]
TOTAL: [5.0 KB]

Starting iterations...

Power method: 6427 iterations in 0.00 seconds (average 0.000001, setup 0.00)

Printing steady-state probabilities in plain text format to file "../../CZK_project/Output/firstRejuvenation_1E-6_constant/hybrid/ph_2_1E-6"...

Time for steady-state probability computation: 0.009 seconds.

