PRISM
=====

Version: 4.4
Date: Mon Jul 09 08:45:09 EDT 2018
Hostname: storm-eval
Memory limits: cudd=1g, java(heap)=910.5m
Command line: prism -hybrid -epsilon 1E-6 -maxiters 100000000 -power -absolute -const k=200 ../../CZK_project/Model/benchmark/devel/firstRejuvenation/firstRejuvenation_CTMC.pm -ss -exportss ../../CZK_project/Output/firstRejuvenation_1E-6_constant/hybrid/ph_200_1E-6

Parsing model file "../../CZK_project/Model/benchmark/devel/firstRejuvenation/firstRejuvenation_CTMC.pm"...

Type:        CTMC
Modules:     firstRejuvenation trigger 
Variables:   status avail maintenance i 

---------------------------------------------------------------------

Computing steady-state probabilities...

Building model...
Model constants: k=200

Computing reachable states...

Reachability (BFS): 401 iterations in 0.01 seconds (average 0.000020, setup 0.00)

Time for model construction: 0.026 seconds.

Type:        CTMC
States:      1000 (1 initial)
Transitions: 1400

Rate matrix: 281 nodes (7 terminal), 1400 minterms, vars: 12r/12c

SCCs: 1, BSCCs: 1, non-BSCC states: 0
BSCC sizes: 1:1000

Initial states all in one BSCC (so no reachability probabilities computed)

Computing probabilities...
Engine: Hybrid

Building power method iteration matrix MTBDD... [nodes=330] [6.4 Kb]
Building hybrid MTBDD matrix... [levels=12, nodes=356] [16.7 KB]
Adding explicit sparse matrices... [levels=12, num=1, compact] [10.4 KB]
Allocating iteration vectors... [2 x 7.8 KB]
TOTAL: [42.8 KB]

Starting iterations...

Power method: 108298 iterations in 0.71 seconds (average 0.000007, setup 0.00)

Printing steady-state probabilities in plain text format to file "../../CZK_project/Output/firstRejuvenation_1E-6_constant/hybrid/ph_200_1E-6"...

Time for steady-state probability computation: 0.78 seconds.

