PRISM
=====

Version: 4.4
Date: Wed Jul 11 06:09:19 EDT 2018
Hostname: storm-eval
Memory limits: cudd=1g, java(heap)=910.5m
Command line: prism -hybrid -epsilon 1E-6 -maxiters 100000000 -power -absolute -const k=2000 ../../CZK_project/Model/benchmark/devel/firstRejuvenation/firstRejuvenation_CTMC.pm -ss -exportss ../../CZK_project/Output/firstRejuvenation_1E-6_constant/hybrid/ph_2000_1E-6

Parsing model file "../../CZK_project/Model/benchmark/devel/firstRejuvenation/firstRejuvenation_CTMC.pm"...

Type:        CTMC
Modules:     firstRejuvenation trigger 
Variables:   status avail maintenance i 

---------------------------------------------------------------------

Computing steady-state probabilities...

Building model...
Model constants: k=2000

Computing reachable states...

Reachability (BFS): 4001 iterations in 0.14 seconds (average 0.000035, setup 0.00)

Time for model construction: 1.12 seconds.

Type:        CTMC
States:      10000 (1 initial)
Transitions: 14000

Rate matrix: 358 nodes (7 terminal), 14000 minterms, vars: 15r/15c

SCCs: 1, BSCCs: 1, non-BSCC states: 0
BSCC sizes: 1:10000

Initial states all in one BSCC (so no reachability probabilities computed)

Computing probabilities...
Engine: Hybrid

Building power method iteration matrix MTBDD... [nodes=422] [8.2 Kb]
Building hybrid MTBDD matrix... [levels=15, nodes=483] [22.6 KB]
Adding explicit sparse matrices... [levels=15, num=1, compact] [132.9 KB]
Allocating iteration vectors... [2 x 78.1 KB]
TOTAL: [311.8 KB]

Starting iterations...
Iteration 74106: max diff=0.000001, 5.00 sec so far

Power method: 99410 iterations in 6.72 seconds (average 0.000068, setup 0.00)

Printing steady-state probabilities in plain text format to file "../../CZK_project/Output/firstRejuvenation_1E-6_constant/hybrid/ph_2000_1E-6"...

Time for steady-state probability computation: 7.162 seconds.

