PRISM
=====

Version: 4.4
Date: Wed Jul 11 07:17:23 EDT 2018
Hostname: storm-eval
Memory limits: cudd=1g, java(heap)=910.5m
Command line: prism -hybrid -epsilon 1E-6 -maxiters 100000000 -power -absolute -const k=3000 ../../CZK_project/Model/benchmark/devel/firstRejuvenation/firstRejuvenation_CTMC.pm -ss -exportss ../../CZK_project/Output/firstRejuvenation_1E-6_constant/hybrid/ph_3000_1E-6

Parsing model file "../../CZK_project/Model/benchmark/devel/firstRejuvenation/firstRejuvenation_CTMC.pm"...

Type:        CTMC
Modules:     firstRejuvenation trigger 
Variables:   status avail maintenance i 

---------------------------------------------------------------------

Computing steady-state probabilities...

Building model...
Model constants: k=3000

Computing reachable states...

Reachability (BFS): 6001 iterations in 0.19 seconds (average 0.000031, setup 0.00)

Time for model construction: 1.38 seconds.

Type:        CTMC
States:      15000 (1 initial)
Transitions: 21000

Rate matrix: 407 nodes (7 terminal), 21000 minterms, vars: 16r/16c

SCCs: 1, BSCCs: 1, non-BSCC states: 0
BSCC sizes: 1:15000

Initial states all in one BSCC (so no reachability probabilities computed)

Computing probabilities...
Engine: Hybrid

Building power method iteration matrix MTBDD... [nodes=476] [9.3 Kb]
Building hybrid MTBDD matrix... [levels=16, nodes=555] [26.0 KB]
Adding explicit sparse matrices... [levels=16, num=1, compact] [199.3 KB]
Allocating iteration vectors... [2 x 117.2 KB]
TOTAL: [459.7 KB]

Starting iterations...
Iteration 49330: max diff=0.000002, 5.00 sec so far

Power method: 97809 iterations in 9.86 seconds (average 0.000101, setup 0.00)

Printing steady-state probabilities in plain text format to file "../../CZK_project/Output/firstRejuvenation_1E-6_constant/hybrid/ph_3000_1E-6"...

Time for steady-state probability computation: 10.356 seconds.

