PRISM
=====

Version: 4.4
Date: Wed Jul 11 05:04:09 EDT 2018
Hostname: storm-eval
Memory limits: cudd=1g, java(heap)=910.5m
Command line: prism -hybrid -epsilon 1E-6 -maxiters 100000000 -power -absolute -const k=400 ../../CZK_project/Model/benchmark/devel/firstRejuvenation/firstRejuvenation_CTMC.pm -ss -exportss ../../CZK_project/Output/firstRejuvenation_1E-6_constant/hybrid/ph_400_1E-6

Parsing model file "../../CZK_project/Model/benchmark/devel/firstRejuvenation/firstRejuvenation_CTMC.pm"...

Type:        CTMC
Modules:     firstRejuvenation trigger 
Variables:   status avail maintenance i 

---------------------------------------------------------------------

Computing steady-state probabilities...

Building model...
Model constants: k=400

Computing reachable states...

Reachability (BFS): 801 iterations in 0.02 seconds (average 0.000025, setup 0.00)

Time for model construction: 0.055 seconds.

Type:        CTMC
States:      2000 (1 initial)
Transitions: 2800

Rate matrix: 288 nodes (7 terminal), 2800 minterms, vars: 13r/13c

SCCs: 1, BSCCs: 1, non-BSCC states: 0
BSCC sizes: 1:2000

Initial states all in one BSCC (so no reachability probabilities computed)

Computing probabilities...
Engine: Hybrid

Building power method iteration matrix MTBDD... [nodes=342] [6.7 Kb]
Building hybrid MTBDD matrix... [levels=13, nodes=374] [17.5 KB]
Adding explicit sparse matrices... [levels=13, num=1, compact] [26.6 KB]
Allocating iteration vectors... [2 x 15.6 KB]
TOTAL: [75.4 KB]

Starting iterations...

Power method: 119615 iterations in 1.69 seconds (average 0.000014, setup 0.00)

Printing steady-state probabilities in plain text format to file "../../CZK_project/Output/firstRejuvenation_1E-6_constant/hybrid/ph_400_1E-6"...

Time for steady-state probability computation: 1.787 seconds.

