PRISM
=====

Version: 4.4
Date: Wed Jul 11 13:34:05 EDT 2018
Hostname: storm-eval
Memory limits: cudd=1g, java(heap)=910.5m
Command line: prism -hybrid -epsilon 1E-6 -maxiters 100000000 -power -absolute -const k=5000 ../../CZK_project/Model/benchmark/devel/firstRejuvenation/firstRejuvenation_CTMC.pm -ss -exportss ../../CZK_project/Output/firstRejuvenation_1E-6_constant/hybrid/ph_5000_1E-6

Parsing model file "../../CZK_project/Model/benchmark/devel/firstRejuvenation/firstRejuvenation_CTMC.pm"...

Type:        CTMC
Modules:     firstRejuvenation trigger 
Variables:   status avail maintenance i 

---------------------------------------------------------------------

Computing steady-state probabilities...

Building model...
Model constants: k=5000

Computing reachable states...

Reachability (BFS): 10001 iterations in 0.38 seconds (average 0.000038, setup 0.00)

Time for model construction: 3.385 seconds.

Type:        CTMC
States:      25000 (1 initial)
Transitions: 35000

Rate matrix: 442 nodes (7 terminal), 35000 minterms, vars: 17r/17c

SCCs: 1, BSCCs: 1, non-BSCC states: 0
BSCC sizes: 1:25000

Initial states all in one BSCC (so no reachability probabilities computed)

Computing probabilities...
Engine: Hybrid

Building power method iteration matrix MTBDD... [nodes=516] [10.1 Kb]
Building hybrid MTBDD matrix... [levels=17, nodes=592] [27.8 KB]
Adding explicit sparse matrices... [levels=17, num=1, compact] [332.1 KB]
Allocating iteration vectors... [2 x 195.3 KB]
TOTAL: [750.5 KB]

Starting iterations...
Iteration 29931: max diff=0.000004, 5.00 sec so far
Iteration 59829: max diff=0.000002, 10.01 sec so far
Iteration 89859: max diff=0.000001, 15.01 sec so far

Power method: 98864 iterations in 16.52 seconds (average 0.000167, setup 0.00)

Printing steady-state probabilities in plain text format to file "../../CZK_project/Output/firstRejuvenation_1E-6_constant/hybrid/ph_5000_1E-6"...

Time for steady-state probability computation: 17.384 seconds.

