PRISM
=====

Version: 4.4
Date: Wed Jul 11 05:07:07 EDT 2018
Hostname: storm-eval
Memory limits: cudd=1g, java(heap)=910.5m
Command line: prism -hybrid -epsilon 1E-6 -maxiters 100000000 -power -absolute -const k=500 ../../CZK_project/Model/benchmark/devel/firstRejuvenation/firstRejuvenation_CTMC.pm -ss -exportss ../../CZK_project/Output/firstRejuvenation_1E-6_constant/hybrid/ph_500_1E-6

Parsing model file "../../CZK_project/Model/benchmark/devel/firstRejuvenation/firstRejuvenation_CTMC.pm"...

Type:        CTMC
Modules:     firstRejuvenation trigger 
Variables:   status avail maintenance i 

---------------------------------------------------------------------

Computing steady-state probabilities...

Building model...
Model constants: k=500

Computing reachable states...

Reachability (BFS): 1001 iterations in 0.02 seconds (average 0.000024, setup 0.00)

Time for model construction: 0.063 seconds.

Type:        CTMC
States:      2500 (1 initial)
Transitions: 3500

Rate matrix: 316 nodes (7 terminal), 3500 minterms, vars: 13r/13c

SCCs: 1, BSCCs: 1, non-BSCC states: 0
BSCC sizes: 1:2500

Initial states all in one BSCC (so no reachability probabilities computed)

Computing probabilities...
Engine: Hybrid

Building power method iteration matrix MTBDD... [nodes=370] [7.2 Kb]
Building hybrid MTBDD matrix... [levels=13, nodes=429] [20.1 KB]
Adding explicit sparse matrices... [levels=13, num=1, compact] [33.3 KB]
Allocating iteration vectors... [2 x 19.5 KB]
TOTAL: [92.5 KB]

Starting iterations...

Power method: 119202 iterations in 1.96 seconds (average 0.000016, setup 0.00)

Printing steady-state probabilities in plain text format to file "../../CZK_project/Output/firstRejuvenation_1E-6_constant/hybrid/ph_500_1E-6"...

Time for steady-state probability computation: 2.091 seconds.

