PRISM
=====

Version: 4.4
Date: Wed Jul 11 05:11:41 EDT 2018
Hostname: storm-eval
Memory limits: cudd=1g, java(heap)=910.5m
Command line: prism -hybrid -epsilon 1E-6 -maxiters 100000000 -power -absolute -const k=600 ../../CZK_project/Model/benchmark/devel/firstRejuvenation/firstRejuvenation_CTMC.pm -ss -exportss ../../CZK_project/Output/firstRejuvenation_1E-6_constant/hybrid/ph_600_1E-6

Parsing model file "../../CZK_project/Model/benchmark/devel/firstRejuvenation/firstRejuvenation_CTMC.pm"...

Type:        CTMC
Modules:     firstRejuvenation trigger 
Variables:   status avail maintenance i 

---------------------------------------------------------------------

Computing steady-state probabilities...

Building model...
Model constants: k=600

Computing reachable states...

Reachability (BFS): 1201 iterations in 0.04 seconds (average 0.000033, setup 0.00)

Time for model construction: 0.087 seconds.

Type:        CTMC
States:      3000 (1 initial)
Transitions: 4200

Rate matrix: 337 nodes (7 terminal), 4200 minterms, vars: 14r/14c

SCCs: 1, BSCCs: 1, non-BSCC states: 0
BSCC sizes: 1:3000

Initial states all in one BSCC (so no reachability probabilities computed)

Computing probabilities...
Engine: Hybrid

Building power method iteration matrix MTBDD... [nodes=396] [7.7 Kb]
Building hybrid MTBDD matrix... [levels=14, nodes=446] [20.9 KB]
Adding explicit sparse matrices... [levels=14, num=1, compact] [39.9 KB]
Allocating iteration vectors... [2 x 23.4 KB]
TOTAL: [107.7 KB]

Starting iterations...

Power method: 115605 iterations in 2.30 seconds (average 0.000020, setup 0.00)

Printing steady-state probabilities in plain text format to file "../../CZK_project/Output/firstRejuvenation_1E-6_constant/hybrid/ph_600_1E-6"...

Time for steady-state probability computation: 2.448 seconds.

