PRISM
=====

Version: 4.4
Date: Wed Jul 11 05:38:41 EDT 2018
Hostname: storm-eval
Memory limits: cudd=1g, java(heap)=910.5m
Command line: prism -hybrid -epsilon 1E-6 -maxiters 100000000 -power -absolute -const k=900 ../../CZK_project/Model/benchmark/devel/firstRejuvenation/firstRejuvenation_CTMC.pm -ss -exportss ../../CZK_project/Output/firstRejuvenation_1E-6_constant/hybrid/ph_900_1E-6

Parsing model file "../../CZK_project/Model/benchmark/devel/firstRejuvenation/firstRejuvenation_CTMC.pm"...

Type:        CTMC
Modules:     firstRejuvenation trigger 
Variables:   status avail maintenance i 

---------------------------------------------------------------------

Computing steady-state probabilities...

Building model...
Model constants: k=900

Computing reachable states...

Reachability (BFS): 1801 iterations in 0.04 seconds (average 0.000024, setup 0.00)

Time for model construction: 0.128 seconds.

Type:        CTMC
States:      4500 (1 initial)
Transitions: 6300

Rate matrix: 351 nodes (7 terminal), 6300 minterms, vars: 14r/14c

SCCs: 1, BSCCs: 1, non-BSCC states: 0
BSCC sizes: 1:4500

Initial states all in one BSCC (so no reachability probabilities computed)

Computing probabilities...
Engine: Hybrid

Building power method iteration matrix MTBDD... [nodes=410] [8.0 Kb]
Building hybrid MTBDD matrix... [levels=14, nodes=466] [21.8 KB]
Adding explicit sparse matrices... [levels=14, num=1, compact] [59.9 KB]
Allocating iteration vectors... [2 x 35.2 KB]
TOTAL: [152.0 KB]

Starting iterations...

Power method: 105760 iterations in 3.22 seconds (average 0.000030, setup 0.00)

Printing steady-state probabilities in plain text format to file "../../CZK_project/Output/firstRejuvenation_1E-6_constant/hybrid/ph_900_1E-6"...

Time for steady-state probability computation: 3.408 seconds.

