PRISM
=====

Version: 4.4.GSMP
Date: Thu May 24 11:16:15 CEST 2018
Hostname: thomas
Memory limits: cudd=1g, java(heap)=910.5m
Command line: prism -explicit -epsilon 1E-5 -maxiters 100000000 -power -absolute -const 'k=3000,timeout=1,lambda=.6931471810' ../../../../CZK_project/Model/queue_withptf_gsmp.sm -ss -exportss ../../../../CZK_project/Output/t=1_median/explicit/ph_10_3000_1E-5

Parsing model file "../../../../CZK_project/Model/queue_withptf_gsmp.sm"...

Type:        GSMP
Modules:     main trigger 
Variables:   qSize i 

---------------------------------------------------------------------

Computing steady-state probabilities...

Building model...
Model constants: k=3000,timeout=1,lambda=0.693147181

Computing reachable states... 30001 states
Reachable states exploration and model construction done in 0.386 secs.
Sorting reachable states list...

Time for model construction: 0.519 seconds.

Type:        GSMP
States:      30001 (1 initial)
Transitions: 57001
The model was recognized to be an ACTMC, so ACTMC method will be used!
