PRISM
=====

Version: 4.4.GSMP
Date: Wed May 30 15:38:30 CEST 2018
Hostname: thomas
Memory limits: cudd=1g, java(heap)=910.5m
Command line: prism -explicit -epsilon 1E-12 -maxiters 10000000 -power -absolute -const 'k=1000,timeout=0.1,lambda=6.9314718100' ../../../../CZK_project/Model/timeoutqueue.sm -ss -exportss ../../../../CZK_project/Output/t=0.1_epsilon/explicit/ev_10_k_1E-12

Parsing model file "../../../../CZK_project/Model/timeoutqueue.sm"...

Type:        GSMP
Modules:     main 
Variables:   qSize 

---------------------------------------------------------------------

Computing steady-state probabilities...

Building model...
Model constants: timeout=0.1,lambda=6.93147181

Computing reachable states... 11 states
Reachable states exploration and model construction done in 0.007 secs.
Sorting reachable states list...

Time for model construction: 0.017 seconds.

Type:        GSMP
States:      11 (1 initial)
Transitions: 21
The model was recognized to be an ACTMC, so ACTMC method will be used!

Computing probability of reaching BSCC 1

Starting probabilistic reachability...
Calculating predecessor relation for discrete-time Markov chain...  done (0.0 seconds)
Starting Prob0...
Prob0 took 0.0 seconds.
Starting Prob1...
Prob1 took 0.0 seconds.
target=10, yes=11, no=0, maybe=0
Starting value iteration (with Power method)...
Value iteration (with Power method) took 1 iterations, 0 multiplications and 0.0 seconds.
Probabilistic reachability took 0.001 seconds.

Probability of reaching BSCC 1: 1.0

Computing steady-state probabilities for BSCC 1
Starting value iteration...
Value iteration took 241 iterations and 0.001 seconds.

Reducing ACTMC to equivalent DTMC took 0.141 seconds.
Computing steady-state probabilities for the equivalent DTMC took 0.004 seconds.

Printing steady-state probabilities in plain text format to file "../../../../CZK_project/Output/t=0.1_epsilon/explicit/ev_10_k_1E-12"...

Time for steady-state probability computation: 0.154 seconds.

