PRISM
=====

Version: 4.4.GSMP
Date: Sun Jun 17 02:40:03 EDT 2018
Hostname: storm-eval
Memory limits: cudd=1g, java(heap)=910.5m
Command line: prism -explicit -epsilon 1e-18 -maxiters 100000000 -power -absolute -const 'k=1000,timeout=0.2,lambda=3.46573590279972654700' ../../../CZK_project/Model/queue_withptf_gsmp.sm -ss -exportss ../../../CZK_project/Output/t=0.2_median_dynamic/explicit/ph_10_1000_1E-15

Parsing model file "../../../CZK_project/Model/queue_withptf_gsmp.sm"...

Type:        CTMC
Modules:     main trigger 
Variables:   qSize i 

---------------------------------------------------------------------

Computing steady-state probabilities...

Building model...
Model constants: k=1000,timeout=0.2,lambda=3.4657359028

Computing reachable states... 11000 states
Reachable states exploration and model construction done in 0.152 secs.
Sorting reachable states list...

Time for model construction: 0.198 seconds.

Type:        CTMC
States:      11000 (1 initial)
Transitions: 21000

Error: Explicit engine CTMC steady-state computation implemented yet..

