PRISM
=====

Version: 4.4.GSMP
Date: Mon Jun 04 14:03:14 CEST 2018
Hostname: thomas
Memory limits: cudd=1g, java(heap)=910.5m
Command line: prism -hybrid -epsilon 1E-5 -maxiters 100000000 -power -absolute -const 'k=3300,timeout=0.1,lambda=6.93147180559945309400' ../../../../CZK_project/Model/queue_withptf_ctmc.sm -ss -exportss ../../../../CZK_project/Output/t=0.1_median_constant/hybrid/ph_10_3300_1E-5

Parsing model file "../../../../CZK_project/Model/queue_withptf_ctmc.sm"...

Type:        CTMC
Modules:     main trigger 
Variables:   qSize i 

---------------------------------------------------------------------

Computing steady-state probabilities...

Building model...
Model constants: k=3300,timeout=0.1,lambda=6.9314718056

Computing reachable states...

Reachability (BFS): 36300 iterations in 0.91 seconds (average 0.000025, setup 0.00)

Time for model construction: 1.563 seconds.

Type:        CTMC
States:      36300 (1 initial)
Transitions: 69300

Rate matrix: 182 nodes (3 terminal), 69300 minterms, vars: 16r/16c

SCCs: 1, BSCCs: 1, non-BSCC states: 0
BSCC sizes: 1:36300

Initial states all in one BSCC (so no reachability probabilities computed)

Computing probabilities...
Engine: Hybrid

Building power method iteration matrix MTBDD... [nodes=243] [4.7 Kb]
Building hybrid MTBDD matrix... [levels=16, nodes=279] [13.1 KB]
Adding explicit sparse matrices... [levels=16, num=1, compact] [448.0 KB]
Allocating iteration vectors... [2 x 283.6 KB]
TOTAL: [1.0 MB]

Starting iterations...

Power method: 112 iterations in 0.05 seconds (average 0.000393, setup 0.00)

Printing steady-state probabilities in plain text format to file "../../../../CZK_project/Output/t=0.1_median_constant/hybrid/ph_10_3300_1E-5"...

Time for steady-state probability computation: 1.212 seconds.

