PRISM
=====

Version: 4.4.GSMP
Date: Mon Jun 04 14:03:05 CEST 2018
Hostname: thomas
Memory limits: cudd=1g, java(heap)=910.5m
Command line: prism -hybrid -epsilon 1E-5 -maxiters 100000000 -power -absolute -const 'k=3000,timeout=0.1,lambda=6.93147180559945309400' ../../../../CZK_project/Model/queue_withptf_ctmc.sm -ss -exportss ../../../../CZK_project/Output/t=0.1_median_constant/hybrid/ph_10_3000_1E-5

Parsing model file "../../../../CZK_project/Model/queue_withptf_ctmc.sm"...

Type:        CTMC
Modules:     main trigger 
Variables:   qSize i 

---------------------------------------------------------------------

Computing steady-state probabilities...

Building model...
Model constants: k=3000,timeout=0.1,lambda=6.9314718056

Computing reachable states...

Reachability (BFS): 33000 iterations in 0.84 seconds (average 0.000025, setup 0.00)

Time for model construction: 1.397 seconds.

Type:        CTMC
States:      33000 (1 initial)
Transitions: 63000

Rate matrix: 176 nodes (3 terminal), 63000 minterms, vars: 16r/16c

SCCs: 1, BSCCs: 1, non-BSCC states: 0
BSCC sizes: 1:33000

Initial states all in one BSCC (so no reachability probabilities computed)

Computing probabilities...
Engine: Hybrid

Building power method iteration matrix MTBDD... [nodes=235] [4.6 Kb]
Building hybrid MTBDD matrix... [levels=16, nodes=272] [12.8 KB]
Adding explicit sparse matrices... [levels=16, num=1, compact] [407.3 KB]
Allocating iteration vectors... [2 x 257.8 KB]
TOTAL: [935.6 KB]

Starting iterations...

Power method: 150 iterations in 0.06 seconds (average 0.000373, setup 0.00)

Printing steady-state probabilities in plain text format to file "../../../../CZK_project/Output/t=0.1_median_constant/hybrid/ph_10_3000_1E-5"...

Time for steady-state probability computation: 1.121 seconds.

