PRISM
=====

Version: 4.4.GSMP
Date: Mon Jun 04 14:03:47 CEST 2018
Hostname: thomas
Memory limits: cudd=1g, java(heap)=910.5m
Command line: prism -hybrid -epsilon 1E-5 -maxiters 100000000 -power -absolute -const 'k=4200,timeout=0.1,lambda=6.93147180559945309400' ../../../../CZK_project/Model/queue_withptf_ctmc.sm -ss -exportss ../../../../CZK_project/Output/t=0.1_median_constant/hybrid/ph_10_4200_1E-5

Parsing model file "../../../../CZK_project/Model/queue_withptf_ctmc.sm"...

Type:        CTMC
Modules:     main trigger 
Variables:   qSize i 

---------------------------------------------------------------------

Computing steady-state probabilities...

Building model...
Model constants: k=4200,timeout=0.1,lambda=6.9314718056

Computing reachable states...

Reachability (BFS): 46200 iterations in 1.36 seconds (average 0.000030, setup 0.00)

Time for model construction: 2.409 seconds.

Type:        CTMC
States:      46200 (1 initial)
Transitions: 88200

Rate matrix: 190 nodes (3 terminal), 88200 minterms, vars: 17r/17c

SCCs: 1, BSCCs: 1, non-BSCC states: 0
BSCC sizes: 1:46200

Initial states all in one BSCC (so no reachability probabilities computed)

Computing probabilities...
Engine: Hybrid

Building power method iteration matrix MTBDD... [nodes=254] [5.0 Kb]
Building hybrid MTBDD matrix... [levels=17, nodes=284] [13.3 KB]
Adding explicit sparse matrices... [levels=17, num=1, compact] [570.1 KB]
Allocating iteration vectors... [2 x 360.9 KB]
TOTAL: [1.3 MB]

Starting iterations...

Power method: 76 iterations in 0.04 seconds (average 0.000474, setup 0.01)

Printing steady-state probabilities in plain text format to file "../../../../CZK_project/Output/t=0.1_median_constant/hybrid/ph_10_4200_1E-5"...

Time for steady-state probability computation: 1.756 seconds.

