PRISM
=====

Version: 4.4.GSMP
Date: Mon Jun 04 14:02:30 CEST 2018
Hostname: thomas
Memory limits: cudd=1g, java(heap)=910.5m
Command line: prism -hybrid -epsilon 1E-5 -maxiters 100000000 -power -absolute -const 'k=1300,timeout=0.1,lambda=6.93147180559945309400' ../../../../CZK_project/Model/queue_withptf_ctmc.sm -ss -exportss ../../../../CZK_project/Output/t=0.1_median_constant/hybrid/ph_10_1300_1E-5

Parsing model file "../../../../CZK_project/Model/queue_withptf_ctmc.sm"...

Type:        CTMC
Modules:     main trigger 
Variables:   qSize i 

---------------------------------------------------------------------

Computing steady-state probabilities...

Building model...
Model constants: k=1300,timeout=0.1,lambda=6.9314718056

Computing reachable states...

Reachability (BFS): 14300 iterations in 0.27 seconds (average 0.000019, setup 0.00)

Time for model construction: 0.403 seconds.

Type:        CTMC
States:      14300 (1 initial)
Transitions: 27300

Rate matrix: 168 nodes (3 terminal), 27300 minterms, vars: 15r/15c

SCCs: 1, BSCCs: 1, non-BSCC states: 0
BSCC sizes: 1:14300

Initial states all in one BSCC (so no reachability probabilities computed)

Computing probabilities...
Engine: Hybrid

Building power method iteration matrix MTBDD... [nodes=224] [4.4 Kb]
Building hybrid MTBDD matrix... [levels=15, nodes=252] [11.8 KB]
Adding explicit sparse matrices... [levels=15, num=1, compact] [176.5 KB]
Allocating iteration vectors... [2 x 111.7 KB]
TOTAL: [411.7 KB]

Starting iterations...

Power method: 732 iterations in 0.10 seconds (average 0.000137, setup 0.00)

Printing steady-state probabilities in plain text format to file "../../../../CZK_project/Output/t=0.1_median_constant/hybrid/ph_10_1300_1E-5"...

Time for steady-state probability computation: 0.495 seconds.

