PRISM
=====

Version: 4.4.GSMP
Date: Mon Jun 04 14:02:49 CEST 2018
Hostname: thomas
Memory limits: cudd=1g, java(heap)=910.5m
Command line: prism -hybrid -epsilon 1E-5 -maxiters 100000000 -power -absolute -const 'k=2400,timeout=0.1,lambda=6.93147180559945309400' ../../../../CZK_project/Model/queue_withptf_ctmc.sm -ss -exportss ../../../../CZK_project/Output/t=0.1_median_constant/hybrid/ph_10_2400_1E-5

Parsing model file "../../../../CZK_project/Model/queue_withptf_ctmc.sm"...

Type:        CTMC
Modules:     main trigger 
Variables:   qSize i 

---------------------------------------------------------------------

Computing steady-state probabilities...

Building model...
Model constants: k=2400,timeout=0.1,lambda=6.9314718056

Computing reachable states...

Reachability (BFS): 26400 iterations in 0.63 seconds (average 0.000024, setup 0.00)

Time for model construction: 1.009 seconds.

Type:        CTMC
States:      26400 (1 initial)
Transitions: 50400

Rate matrix: 164 nodes (3 terminal), 50400 minterms, vars: 16r/16c

SCCs: 1, BSCCs: 1, non-BSCC states: 0
BSCC sizes: 1:26400

Initial states all in one BSCC (so no reachability probabilities computed)

Computing probabilities...
Engine: Hybrid

Building power method iteration matrix MTBDD... [nodes=219] [4.3 Kb]
Building hybrid MTBDD matrix... [levels=16, nodes=243] [11.4 KB]
Adding explicit sparse matrices... [levels=16, num=1, compact] [325.8 KB]
Allocating iteration vectors... [2 x 206.2 KB]
TOTAL: [749.7 KB]

Starting iterations...

Power method: 223 iterations in 0.06 seconds (average 0.000269, setup 0.00)

Printing steady-state probabilities in plain text format to file "../../../../CZK_project/Output/t=0.1_median_constant/hybrid/ph_10_2400_1E-5"...

Time for steady-state probability computation: 0.915 seconds.

