PRISM
=====

Version: 4.4.GSMP
Date: Mon Jun 04 14:02:20 CEST 2018
Hostname: thomas
Memory limits: cudd=1g, java(heap)=910.5m
Command line: prism -hybrid -epsilon 1E-5 -maxiters 100000000 -power -absolute -const 'k=500,timeout=0.1,lambda=6.93147180559945309400' ../../../../CZK_project/Model/queue_withptf_ctmc.sm -ss -exportss ../../../../CZK_project/Output/t=0.1_median_constant/hybrid/ph_10_500_1E-5

Parsing model file "../../../../CZK_project/Model/queue_withptf_ctmc.sm"...

Type:        CTMC
Modules:     main trigger 
Variables:   qSize i 

---------------------------------------------------------------------

Computing steady-state probabilities...

Building model...
Model constants: k=500,timeout=0.1,lambda=6.9314718056

Computing reachable states...

Reachability (BFS): 5500 iterations in 0.08 seconds (average 0.000015, setup 0.00)

Time for model construction: 0.119 seconds.

Type:        CTMC
States:      5500 (1 initial)
Transitions: 10500

Rate matrix: 140 nodes (3 terminal), 10500 minterms, vars: 13r/13c

SCCs: 1, BSCCs: 1, non-BSCC states: 0
BSCC sizes: 1:5500

Initial states all in one BSCC (so no reachability probabilities computed)

Computing probabilities...
Engine: Hybrid

Building power method iteration matrix MTBDD... [nodes=186] [3.6 Kb]
Building hybrid MTBDD matrix... [levels=13, nodes=216] [10.1 KB]
Adding explicit sparse matrices... [levels=13, num=1, compact] [67.9 KB]
Allocating iteration vectors... [2 x 43.0 KB]
TOTAL: [164.0 KB]

Starting iterations...

Power method: 1303 iterations in 0.07 seconds (average 0.000052, setup 0.00)

Printing steady-state probabilities in plain text format to file "../../../../CZK_project/Output/t=0.1_median_constant/hybrid/ph_10_500_1E-5"...

Time for steady-state probability computation: 0.197 seconds.

