PRISM
=====

Version: 4.4
Date: Thu Jun 14 05:00:06 EDT 2018
Hostname: storm-eval
Memory limits: cudd=1g, java(heap)=910.5m
Command line: prism -hybrid -epsilon 1E-10 -maxiters 100000000 -power -absolute -const 'k=80,timeout=0.1,lambda=6.93147180559945309400' ../../CZK_project/Model/queue_withptf_ctmc.sm -ss -exportss ../../CZK_project/Output/t=0.1_median_constant/hybrid/ph_10_80_1E-10

Parsing model file "../../CZK_project/Model/queue_withptf_ctmc.sm"...

Type:        CTMC
Modules:     main trigger 
Variables:   qSize i 

---------------------------------------------------------------------

Computing steady-state probabilities...

Building model...
Model constants: k=80,timeout=0.1,lambda=6.9314718056

Computing reachable states...

Reachability (BFS): 880 iterations in 0.00 seconds (average 0.000005, setup 0.00)

Time for model construction: 0.018 seconds.

Type:        CTMC
States:      880 (1 initial)
Transitions: 1680

Rate matrix: 100 nodes (3 terminal), 1680 minterms, vars: 11r/11c

SCCs: 1, BSCCs: 1, non-BSCC states: 0
BSCC sizes: 1:880

Initial states all in one BSCC (so no reachability probabilities computed)

Computing probabilities...
Engine: Hybrid

Building power method iteration matrix MTBDD... [nodes=132] [2.6 Kb]
Building hybrid MTBDD matrix... [levels=11, nodes=142] [6.7 KB]
Adding explicit sparse matrices... [levels=11, num=1, compact] [10.9 KB]
Allocating iteration vectors... [2 x 6.9 KB]
TOTAL: [31.3 KB]

Starting iterations...

Power method: 10454 iterations in 0.08 seconds (average 0.000008, setup 0.00)

Printing steady-state probabilities in plain text format to file "../../CZK_project/Output/t=0.1_median_constant/hybrid/ph_10_80_1E-10"...

Time for steady-state probability computation: 0.1 seconds.

