PRISM
=====

Version: 4.4.GSMP
Date: Mon Jun 04 14:03:02 CEST 2018
Hostname: thomas
Memory limits: cudd=1g, java(heap)=910.5m
Command line: prism -hybrid -epsilon 1E-5 -maxiters 100000000 -power -absolute -const 'k=2900,timeout=0.1,lambda=6.93147180559945309400' ../../../../CZK_project/Model/queue_withptf_ctmc.sm -ss -exportss ../../../../CZK_project/Output/t=0.1_median_constant/hybrid/ph_10_2900_1E-5

Parsing model file "../../../../CZK_project/Model/queue_withptf_ctmc.sm"...

Type:        CTMC
Modules:     main trigger 
Variables:   qSize i 

---------------------------------------------------------------------

Computing steady-state probabilities...

Building model...
Model constants: k=2900,timeout=0.1,lambda=6.9314718056

Computing reachable states...

Reachability (BFS): 31900 iterations in 0.80 seconds (average 0.000025, setup 0.00)

Time for model construction: 1.324 seconds.

Type:        CTMC
States:      31900 (1 initial)
Transitions: 60900

Rate matrix: 182 nodes (3 terminal), 60900 minterms, vars: 16r/16c

SCCs: 1, BSCCs: 1, non-BSCC states: 0
BSCC sizes: 1:31900

Initial states all in one BSCC (so no reachability probabilities computed)

Computing probabilities...
Engine: Hybrid

Building power method iteration matrix MTBDD... [nodes=243] [4.7 Kb]
Building hybrid MTBDD matrix... [levels=16, nodes=279] [13.1 KB]
Adding explicit sparse matrices... [levels=16, num=1, compact] [393.7 KB]
Allocating iteration vectors... [2 x 249.2 KB]
TOTAL: [905.2 KB]

Starting iterations...

Power method: 159 iterations in 0.06 seconds (average 0.000327, setup 0.00)

Printing steady-state probabilities in plain text format to file "../../../../CZK_project/Output/t=0.1_median_constant/hybrid/ph_10_2900_1E-5"...

Time for steady-state probability computation: 1.086 seconds.

