PRISM
=====

Version: 4.4.GSMP
Date: Mon Jun 04 14:01:57 CEST 2018
Hostname: thomas
Memory limits: cudd=1g, java(heap)=910.5m
Command line: prism -hybrid -epsilon 1E-5 -maxiters 100000000 -power -absolute -const 'k=25,timeout=0.1,lambda=6.93147180559945309400' ../../../../CZK_project/Model/queue_withptf_ctmc.sm -ss -exportss ../../../../CZK_project/Output/t=0.1_median_constant/hybrid/ph_10_25_1E-5

Parsing model file "../../../../CZK_project/Model/queue_withptf_ctmc.sm"...

Type:        CTMC
Modules:     main trigger 
Variables:   qSize i 

---------------------------------------------------------------------

Computing steady-state probabilities...

Building model...
Model constants: k=25,timeout=0.1,lambda=6.9314718056

Computing reachable states...

Reachability (BFS): 275 iterations in 0.00 seconds (average 0.000015, setup 0.00)

Time for model construction: 0.016 seconds.

Type:        CTMC
States:      275 (1 initial)
Transitions: 525

Rate matrix: 89 nodes (3 terminal), 525 minterms, vars: 9r/9c

SCCs: 1, BSCCs: 1, non-BSCC states: 0
BSCC sizes: 1:275

Initial states all in one BSCC (so no reachability probabilities computed)

Computing probabilities...
Engine: Hybrid

Building power method iteration matrix MTBDD... [nodes=126] [2.5 Kb]
Building hybrid MTBDD matrix... [levels=9, nodes=143] [6.7 KB]
Adding explicit sparse matrices... [levels=9, num=1, compact] [3.4 KB]
Allocating iteration vectors... [2 x 2.1 KB]
TOTAL: [14.4 KB]

Starting iterations...

Power method: 1015 iterations in 0.00 seconds (average 0.000004, setup 0.00)

Printing steady-state probabilities in plain text format to file "../../../../CZK_project/Output/t=0.1_median_constant/hybrid/ph_10_25_1E-5"...

Time for steady-state probability computation: 0.016 seconds.

