PRISM
=====

Version: 4.4.GSMP
Date: Mon Jun 04 14:03:35 CEST 2018
Hostname: thomas
Memory limits: cudd=1g, java(heap)=910.5m
Command line: prism -hybrid -epsilon 1E-5 -maxiters 100000000 -power -absolute -const 'k=3900,timeout=0.1,lambda=6.93147180559945309400' ../../../../CZK_project/Model/queue_withptf_ctmc.sm -ss -exportss ../../../../CZK_project/Output/t=0.1_median_constant/hybrid/ph_10_3900_1E-5

Parsing model file "../../../../CZK_project/Model/queue_withptf_ctmc.sm"...

Type:        CTMC
Modules:     main trigger 
Variables:   qSize i 

---------------------------------------------------------------------

Computing steady-state probabilities...

Building model...
Model constants: k=3900,timeout=0.1,lambda=6.9314718056

Computing reachable states...

Reachability (BFS): 42900 iterations in 1.13 seconds (average 0.000026, setup 0.00)

Time for model construction: 2.084 seconds.

Type:        CTMC
States:      42900 (1 initial)
Transitions: 81900

Rate matrix: 182 nodes (3 terminal), 81900 minterms, vars: 16r/16c

SCCs: 1, BSCCs: 1, non-BSCC states: 0
BSCC sizes: 1:42900

Initial states all in one BSCC (so no reachability probabilities computed)

Computing probabilities...
Engine: Hybrid

Building power method iteration matrix MTBDD... [nodes=243] [4.7 Kb]
Building hybrid MTBDD matrix... [levels=16, nodes=285] [13.4 KB]
Adding explicit sparse matrices... [levels=16, num=1, compact] [529.4 KB]
Allocating iteration vectors... [2 x 335.2 KB]
TOTAL: [1.2 MB]

Starting iterations...

Power method: 83 iterations in 0.04 seconds (average 0.000482, setup 0.00)

Printing steady-state probabilities in plain text format to file "../../../../CZK_project/Output/t=0.1_median_constant/hybrid/ph_10_3900_1E-5"...

Time for steady-state probability computation: 1.488 seconds.

