PRISM
=====

Version: 4.4.GSMP
Date: Mon Jun 04 14:03:52 CEST 2018
Hostname: thomas
Memory limits: cudd=1g, java(heap)=910.5m
Command line: prism -hybrid -epsilon 1E-5 -maxiters 100000000 -power -absolute -const 'k=4300,timeout=0.1,lambda=6.93147180559945309400' ../../../../CZK_project/Model/queue_withptf_ctmc.sm -ss -exportss ../../../../CZK_project/Output/t=0.1_median_constant/hybrid/ph_10_4300_1E-5

Parsing model file "../../../../CZK_project/Model/queue_withptf_ctmc.sm"...

Type:        CTMC
Modules:     main trigger 
Variables:   qSize i 

---------------------------------------------------------------------

Computing steady-state probabilities...

Building model...
Model constants: k=4300,timeout=0.1,lambda=6.9314718056

Computing reachable states...

Reachability (BFS): 47300 iterations in 1.45 seconds (average 0.000031, setup 0.00)

Time for model construction: 2.545 seconds.

Type:        CTMC
States:      47300 (1 initial)
Transitions: 90300

Rate matrix: 196 nodes (3 terminal), 90300 minterms, vars: 17r/17c

SCCs: 1, BSCCs: 1, non-BSCC states: 0
BSCC sizes: 1:47300

Initial states all in one BSCC (so no reachability probabilities computed)

Computing probabilities...
Engine: Hybrid

Building power method iteration matrix MTBDD... [nodes=262] [5.1 Kb]
Building hybrid MTBDD matrix... [levels=17, nodes=297] [13.9 KB]
Adding explicit sparse matrices... [levels=17, num=1, compact] [583.7 KB]
Allocating iteration vectors... [2 x 369.5 KB]
TOTAL: [1.3 MB]

Starting iterations...

Power method: 74 iterations in 0.04 seconds (average 0.000486, setup 0.01)

Printing steady-state probabilities in plain text format to file "../../../../CZK_project/Output/t=0.1_median_constant/hybrid/ph_10_4300_1E-5"...

Time for steady-state probability computation: 1.782 seconds.

