PRISM
=====

Version: 4.4
Date: Thu Jun 14 06:23:37 EDT 2018
Hostname: storm-eval
Memory limits: cudd=1g, java(heap)=910.5m
Command line: prism -hybrid -epsilon 1E-10 -maxiters 100000000 -power -absolute -const 'k=25000,timeout=0.1,lambda=6.93147180559945309400' ../../CZK_project/Model/queue_withptf_ctmc.sm -ss -exportss ../../CZK_project/Output/t=0.1_median_constant/hybrid/ph_10_25000_1E-10

Parsing model file "../../CZK_project/Model/queue_withptf_ctmc.sm"...

Type:        CTMC
Modules:     main trigger 
Variables:   qSize i 

---------------------------------------------------------------------

Computing steady-state probabilities...

Building model...
Model constants: k=25000,timeout=0.1,lambda=6.9314718056

Computing reachable states...

Reachability (BFS): 275000 iterations in 12.28 seconds (average 0.000045, setup 0.00)

Time for model construction: 48.938 seconds.

Type:        CTMC
States:      275000 (1 initial)
Transitions: 525000

Rate matrix: 218 nodes (3 terminal), 525000 minterms, vars: 19r/19c

SCCs: 1, BSCCs: 1, non-BSCC states: 0
BSCC sizes: 1:275000

Initial states all in one BSCC (so no reachability probabilities computed)

Computing probabilities...
Engine: Hybrid

Building power method iteration matrix MTBDD... [nodes=292] [5.7 Kb]
Building hybrid MTBDD matrix... [levels=19, nodes=332] [15.6 KB]
Adding explicit sparse matrices... [levels=15, num=5, compact] [805.7 KB]
Allocating iteration vectors... [2 x 2.1 MB]
TOTAL: [5.0 MB]

Starting iterations...
Iteration 1780: max diff=0.000000, 5.00 sec so far
Iteration 3632: max diff=0.000000, 10.01 sec so far
Iteration 5502: max diff=0.000000, 15.01 sec so far
Iteration 7377: max diff=0.000000, 20.02 sec so far
Iteration 9245: max diff=0.000000, 25.02 sec so far
Iteration 11098: max diff=0.000000, 30.02 sec so far
Iteration 12967: max diff=0.000000, 35.03 sec so far
Iteration 14828: max diff=0.000000, 40.03 sec so far
Iteration 16713: max diff=0.000000, 45.04 sec so far
Iteration 18586: max diff=0.000000, 50.04 sec so far
Iteration 20449: max diff=0.000000, 55.04 sec so far
Iteration 22328: max diff=0.000000, 60.05 sec so far
Iteration 24210: max diff=0.000000, 65.05 sec so far
Iteration 26081: max diff=0.000000, 70.06 sec so far
Iteration 27948: max diff=0.000000, 75.06 sec so far
Iteration 29801: max diff=0.000000, 80.06 sec so far
Iteration 31634: max diff=0.000000, 85.07 sec so far
Iteration 33504: max diff=0.000000, 90.07 sec so far
Iteration 35375: max diff=0.000000, 95.08 sec so far
Iteration 37237: max diff=0.000000, 100.08 sec so far
Iteration 39100: max diff=0.000000, 105.08 sec so far
Iteration 40970: max diff=0.000000, 110.09 sec so far
Iteration 42847: max diff=0.000000, 115.09 sec so far
Iteration 44711: max diff=0.000000, 120.10 sec so far
Iteration 46577: max diff=0.000000, 125.10 sec so far
Iteration 48445: max diff=0.000000, 130.10 sec so far
Iteration 50309: max diff=0.000000, 135.11 sec so far
Iteration 52174: max diff=0.000000, 140.11 sec so far
Iteration 54049: max diff=0.000000, 145.12 sec so far
Iteration 55915: max diff=0.000000, 150.12 sec so far
Iteration 57770: max diff=0.000000, 155.12 sec so far
Iteration 59638: max diff=0.000000, 160.13 sec so far
Iteration 61501: max diff=0.000000, 165.13 sec so far
Iteration 63365: max diff=0.000000, 170.14 sec so far
Iteration 65233: max diff=0.000000, 175.14 sec so far
Iteration 67106: max diff=0.000000, 180.14 sec so far
Iteration 68975: max diff=0.000000, 185.15 sec so far
Iteration 70846: max diff=0.000000, 190.15 sec so far
Iteration 72713: max diff=0.000000, 195.16 sec so far
Iteration 74538: max diff=0.000000, 200.16 sec so far
Iteration 76389: max diff=0.000000, 205.16 sec so far
Iteration 78251: max diff=0.000000, 210.17 sec so far
Iteration 80102: max diff=0.000000, 215.17 sec so far
Iteration 81929: max diff=0.000000, 220.18 sec so far
Iteration 83729: max diff=0.000000, 225.18 sec so far
Iteration 85571: max diff=0.000000, 230.18 sec so far
Iteration 87415: max diff=0.000000, 235.19 sec so far
Iteration 89272: max diff=0.000000, 240.19 sec so far
Iteration 91129: max diff=0.000000, 245.20 sec so far
Iteration 92978: max diff=0.000000, 250.20 sec so far
Iteration 94852: max diff=0.000000, 255.20 sec so far
Iteration 96741: max diff=0.000000, 260.21 sec so far
Iteration 98622: max diff=0.000000, 265.21 sec so far
Iteration 100498: max diff=0.000000, 270.22 sec so far
Iteration 102317: max diff=0.000000, 275.22 sec so far
Iteration 104162: max diff=0.000000, 280.22 sec so far
Iteration 105981: max diff=0.000000, 285.23 sec so far
Iteration 107785: max diff=0.000000, 290.23 sec so far
Iteration 109648: max diff=0.000000, 295.24 sec so far
Iteration 111515: max diff=0.000000, 300.24 sec so far
Iteration 113393: max diff=0.000000, 305.24 sec so far
Iteration 115066: max diff=0.000000, 310.25 sec so far
Iteration 116624: max diff=0.000000, 315.25 sec so far
Iteration 118169: max diff=0.000000, 320.26 sec so far
Iteration 119658: max diff=0.000000, 325.26 sec so far
Iteration 121188: max diff=0.000000, 330.26 sec so far
Iteration 122758: max diff=0.000000, 335.27 sec so far
Iteration 124280: max diff=0.000000, 340.27 sec so far
Iteration 125804: max diff=0.000000, 345.28 sec so far
Iteration 127318: max diff=0.000000, 350.28 sec so far
Iteration 128872: max diff=0.000000, 355.28 sec so far
Iteration 130409: max diff=0.000000, 360.29 sec so far
Iteration 131951: max diff=0.000000, 365.29 sec so far
Iteration 133481: max diff=0.000000, 370.30 sec so far
Iteration 135006: max diff=0.000000, 375.30 sec so far
Iteration 136506: max diff=0.000000, 380.30 sec so far
Iteration 138015: max diff=0.000000, 385.31 sec so far
Iteration 139515: max diff=0.000000, 390.31 sec so far
Iteration 141036: max diff=0.000000, 395.32 sec so far
Iteration 142524: max diff=0.000000, 400.32 sec so far
Iteration 144022: max diff=0.000000, 405.32 sec so far
Iteration 145581: max diff=0.000000, 410.33 sec so far
Iteration 147118: max diff=0.000000, 415.34 sec so far
Iteration 148608: max diff=0.000000, 420.34 sec so far
Iteration 150119: max diff=0.000000, 425.34 sec so far
Iteration 151639: max diff=0.000000, 430.35 sec so far
Iteration 153120: max diff=0.000000, 435.35 sec so far
Iteration 154646: max diff=0.000000, 440.36 sec so far
Iteration 156119: max diff=0.000000, 445.36 sec so far
Iteration 157644: max diff=0.000000, 450.36 sec so far
Iteration 159197: max diff=0.000000, 455.37 sec so far
Iteration 160710: max diff=0.000000, 460.37 sec so far
Iteration 162270: max diff=0.000000, 465.38 sec so far
Iteration 163810: max diff=0.000000, 470.38 sec so far
Iteration 165358: max diff=0.000000, 475.38 sec so far
Iteration 166908: max diff=0.000000, 480.39 sec so far
Iteration 168462: max diff=0.000000, 485.39 sec so far
Iteration 170010: max diff=0.000000, 490.40 sec so far
Iteration 171551: max diff=0.000000, 495.40 sec so far
Iteration 173083: max diff=0.000000, 500.40 sec so far
Iteration 174613: max diff=0.000000, 505.41 sec so far
Iteration 176098: max diff=0.000000, 510.41 sec so far
Iteration 177630: max diff=0.000000, 515.42 sec so far
Iteration 179148: max diff=0.000000, 520.42 sec so far
Iteration 180670: max diff=0.000000, 525.42 sec so far
Iteration 182218: max diff=0.000000, 530.43 sec so far
Iteration 183746: max diff=0.000000, 535.43 sec so far
Iteration 185272: max diff=0.000000, 540.44 sec so far
Iteration 186823: max diff=0.000000, 545.44 sec so far
Iteration 188362: max diff=0.000000, 550.44 sec so far
Iteration 189894: max diff=0.000000, 555.45 sec so far
Iteration 191435: max diff=0.000000, 560.45 sec so far
Iteration 192899: max diff=0.000000, 565.46 sec so far
Iteration 194325: max diff=0.000000, 570.46 sec so far
Iteration 195868: max diff=0.000000, 575.46 sec so far
Iteration 197314: max diff=0.000000, 580.47 sec so far
Iteration 198856: max diff=0.000000, 585.47 sec so far
Iteration 200402: max diff=0.000000, 590.48 sec so far
Iteration 201963: max diff=0.000000, 595.48 sec so far
Iteration 203500: max diff=0.000000, 600.48 sec so far
Iteration 204999: max diff=0.000000, 605.49 sec so far
Iteration 206511: max diff=0.000000, 610.49 sec so far
Iteration 208007: max diff=0.000000, 615.50 sec so far
Iteration 209543: max diff=0.000000, 620.50 sec so far
Iteration 211091: max diff=0.000000, 625.50 sec so far
Iteration 212637: max diff=0.000000, 630.51 sec so far
Iteration 214112: max diff=0.000000, 635.51 sec so far
Iteration 215336: max diff=0.000000, 640.52 sec so far
Iteration 216874: max diff=0.000000, 645.52 sec so far
Iteration 218427: max diff=0.000000, 650.52 sec so far
Iteration 219967: max diff=0.000000, 655.53 sec so far
Iteration 221500: max diff=0.000000, 660.54 sec so far
Iteration 223030: max diff=0.000000, 665.54 sec so far
Iteration 224555: max diff=0.000000, 670.54 sec so far
Iteration 226070: max diff=0.000000, 675.55 sec so far
Iteration 227578: max diff=0.000000, 680.55 sec so far
Iteration 229115: max diff=0.000000, 685.56 sec so far
Iteration 230646: max diff=0.000000, 690.56 sec so far
Iteration 232185: max diff=0.000000, 695.56 sec so far
Iteration 233685: max diff=0.000000, 700.57 sec so far
Iteration 235227: max diff=0.000000, 705.58 sec so far
Iteration 236761: max diff=0.000000, 710.58 sec so far
Iteration 238300: max diff=0.000000, 715.58 sec so far
Iteration 239812: max diff=0.000000, 720.59 sec so far
Iteration 241348: max diff=0.000000, 725.59 sec so far
Iteration 242782: max diff=0.000000, 730.60 sec so far
Iteration 244316: max diff=0.000000, 735.60 sec so far
Iteration 245874: max diff=0.000000, 740.60 sec so far
Iteration 247285: max diff=0.000000, 745.61 sec so far
Iteration 248830: max diff=0.000000, 750.61 sec so far
Iteration 250372: max diff=0.000000, 755.62 sec so far
Iteration 251767: max diff=0.000000, 760.62 sec so far
Iteration 253316: max diff=0.000000, 765.62 sec so far
Iteration 254890: max diff=0.000000, 770.63 sec so far
Iteration 256094: max diff=0.000000, 775.63 sec so far
Iteration 257609: max diff=0.000000, 780.64 sec so far
Iteration 259150: max diff=0.000000, 785.64 sec so far
Iteration 260654: max diff=0.000000, 790.65 sec so far
Iteration 262195: max diff=0.000000, 795.65 sec so far
Iteration 263765: max diff=0.000000, 800.66 sec so far
Iteration 265326: max diff=0.000000, 805.66 sec so far
Iteration 266860: max diff=0.000000, 810.67 sec so far
Iteration 268409: max diff=0.000000, 815.67 sec so far
Iteration 269933: max diff=0.000000, 820.68 sec so far
Iteration 271478: max diff=0.000000, 825.68 sec so far
Iteration 272780: max diff=0.000000, 830.68 sec so far
Iteration 274277: max diff=0.000000, 835.69 sec so far
Iteration 275760: max diff=0.000000, 840.69 sec so far
Iteration 277248: max diff=0.000000, 845.70 sec so far
Iteration 278756: max diff=0.000000, 850.70 sec so far
Iteration 280305: max diff=0.000000, 855.70 sec so far
Iteration 281845: max diff=0.000000, 860.71 sec so far
Iteration 283393: max diff=0.000000, 865.71 sec so far
Iteration 284937: max diff=0.000000, 870.72 sec so far
Iteration 286478: max diff=0.000000, 875.72 sec so far
Iteration 288002: max diff=0.000000, 880.72 sec so far
Iteration 289523: max diff=0.000000, 885.73 sec so far
Iteration 291072: max diff=0.000000, 890.73 sec so far
Iteration 292578: max diff=0.000000, 895.74 sec so far
Iteration 294144: max diff=0.000000, 900.74 sec so far
Iteration 295881: max diff=0.000000, 905.74 sec so far
Iteration 297835: max diff=0.000000, 910.75 sec so far
Iteration 299807: max diff=0.000000, 915.75 sec so far
Iteration 301774: max diff=0.000000, 920.76 sec so far
Iteration 303741: max diff=0.000000, 925.76 sec so far
Iteration 305698: max diff=0.000000, 930.76 sec so far
Iteration 307660: max diff=0.000000, 935.77 sec so far
Iteration 309639: max diff=0.000000, 940.77 sec so far
Iteration 311620: max diff=0.000000, 945.78 sec so far
Iteration 313606: max diff=0.000000, 950.78 sec so far
Iteration 315583: max diff=0.000000, 955.78 sec so far
Iteration 317562: max diff=0.000000, 960.79 sec so far
Iteration 319519: max diff=0.000000, 965.79 sec so far
Iteration 321488: max diff=0.000000, 970.80 sec so far
Iteration 323461: max diff=0.000000, 975.80 sec so far
Iteration 325399: max diff=0.000000, 980.80 sec so far
Iteration 327339: max diff=0.000000, 985.81 sec so far
Iteration 329286: max diff=0.000000, 990.81 sec so far
Iteration 331244: max diff=0.000000, 995.82 sec so far
Iteration 333201: max diff=0.000000, 1000.82 sec so far
Iteration 335152: max diff=0.000000, 1005.82 sec so far
Iteration 337128: max diff=0.000000, 1010.83 sec so far
Iteration 339056: max diff=0.000000, 1015.83 sec so far
Iteration 341035: max diff=0.000000, 1020.84 sec so far
Iteration 343006: max diff=0.000000, 1025.84 sec so far
Iteration 344984: max diff=0.000000, 1030.84 sec so far
Iteration 346964: max diff=0.000000, 1035.85 sec so far
Iteration 348946: max diff=0.000000, 1040.85 sec so far
Iteration 350918: max diff=0.000000, 1045.86 sec so far
Iteration 352891: max diff=0.000000, 1050.86 sec so far
Iteration 354850: max diff=0.000000, 1055.86 sec so far
Iteration 356811: max diff=0.000000, 1060.87 sec so far
Iteration 358783: max diff=0.000000, 1065.87 sec so far
Iteration 360754: max diff=0.000000, 1070.88 sec so far
Iteration 362714: max diff=0.000000, 1075.88 sec so far
Iteration 364672: max diff=0.000000, 1080.88 sec so far
Iteration 366649: max diff=0.000000, 1085.89 sec so far
Iteration 368630: max diff=0.000000, 1090.89 sec so far
Iteration 370606: max diff=0.000000, 1095.90 sec so far
Iteration 372583: max diff=0.000000, 1100.90 sec so far
Iteration 374562: max diff=0.000000, 1105.90 sec so far
Iteration 376545: max diff=0.000000, 1110.91 sec so far
Iteration 378473: max diff=0.000000, 1115.91 sec so far
Iteration 380347: max diff=0.000000, 1120.92 sec so far
Iteration 382328: max diff=0.000000, 1125.92 sec so far
Iteration 384303: max diff=0.000000, 1130.92 sec so far
Iteration 386282: max diff=0.000000, 1135.93 sec so far
Iteration 388252: max diff=0.000000, 1140.93 sec so far
Iteration 390221: max diff=0.000000, 1145.94 sec so far
Iteration 392181: max diff=0.000000, 1150.94 sec so far
Iteration 394140: max diff=0.000000, 1155.94 sec so far
Iteration 396093: max diff=0.000000, 1160.95 sec so far
Iteration 398055: max diff=0.000000, 1165.95 sec so far
Iteration 400022: max diff=0.000000, 1170.96 sec so far
Iteration 402000: max diff=0.000000, 1175.96 sec so far
Iteration 403962: max diff=0.000000, 1180.96 sec so far
Iteration 405941: max diff=0.000000, 1185.97 sec so far
Iteration 407920: max diff=0.000000, 1190.97 sec so far
Iteration 409903: max diff=0.000000, 1195.98 sec so far
Iteration 411885: max diff=0.000000, 1200.98 sec so far
Iteration 413865: max diff=0.000000, 1205.98 sec so far
Iteration 415842: max diff=0.000000, 1210.99 sec so far
Iteration 417823: max diff=0.000000, 1215.99 sec so far
Iteration 419788: max diff=0.000000, 1221.00 sec so far
Iteration 421743: max diff=0.000000, 1226.00 sec so far
Iteration 423713: max diff=0.000000, 1231.00 sec so far
Iteration 425672: max diff=0.000000, 1236.01 sec so far
Iteration 427623: max diff=0.000000, 1241.01 sec so far
Iteration 429579: max diff=0.000000, 1246.02 sec so far
Iteration 431557: max diff=0.000000, 1251.02 sec so far
Iteration 433539: max diff=0.000000, 1256.02 sec so far
Iteration 435520: max diff=0.000000, 1261.03 sec so far
Iteration 437492: max diff=0.000000, 1266.03 sec so far
Iteration 439465: max diff=0.000000, 1271.04 sec so far
Iteration 441442: max diff=0.000000, 1276.04 sec so far
Iteration 443419: max diff=0.000000, 1281.04 sec so far
Iteration 445394: max diff=0.000000, 1286.05 sec so far
Iteration 447372: max diff=0.000000, 1291.05 sec so far
Iteration 449348: max diff=0.000000, 1296.06 sec so far
Iteration 451324: max diff=0.000000, 1301.06 sec so far
Iteration 453303: max diff=0.000000, 1306.06 sec so far
Iteration 455277: max diff=0.000000, 1311.07 sec so far
Iteration 457237: max diff=0.000000, 1316.07 sec so far
Iteration 459191: max diff=0.000000, 1321.08 sec so far
Iteration 461155: max diff=0.000000, 1326.08 sec so far
Iteration 463115: max diff=0.000000, 1331.08 sec so far
Iteration 465085: max diff=0.000000, 1336.09 sec so far
Iteration 467059: max diff=0.000000, 1341.09 sec so far
Iteration 469033: max diff=0.000000, 1346.10 sec so far
Iteration 470995: max diff=0.000000, 1351.10 sec so far
Iteration 472958: max diff=0.000000, 1356.10 sec so far
Iteration 474936: max diff=0.000000, 1361.11 sec so far
Iteration 476918: max diff=0.000000, 1366.11 sec so far
Iteration 478900: max diff=0.000000, 1371.12 sec so far
Iteration 480875: max diff=0.000000, 1376.12 sec so far
Iteration 482847: max diff=0.000000, 1381.12 sec so far
Iteration 484826: max diff=0.000000, 1386.13 sec so far
Iteration 486804: max diff=0.000000, 1391.13 sec so far
Iteration 488781: max diff=0.000000, 1396.14 sec so far
Iteration 490748: max diff=0.000000, 1401.14 sec so far
Iteration 492707: max diff=0.000000, 1406.14 sec so far
Iteration 494669: max diff=0.000000, 1411.15 sec so far
Iteration 496622: max diff=0.000000, 1416.15 sec so far
Iteration 498595: max diff=0.000000, 1421.16 sec so far
Iteration 500578: max diff=0.000000, 1426.16 sec so far
Iteration 502560: max diff=0.000000, 1431.16 sec so far
Iteration 504527: max diff=0.000000, 1436.17 sec so far
Iteration 506513: max diff=0.000000, 1441.17 sec so far
Iteration 508490: max diff=0.000000, 1446.18 sec so far
Iteration 510452: max diff=0.000000, 1451.18 sec so far
Iteration 512432: max diff=0.000000, 1456.18 sec so far
Iteration 514410: max diff=0.000000, 1461.19 sec so far
Iteration 516387: max diff=0.000000, 1466.19 sec so far
Iteration 518368: max diff=0.000000, 1471.20 sec so far
Iteration 520351: max diff=0.000000, 1476.20 sec so far
Iteration 522324: max diff=0.000000, 1481.20 sec so far
Iteration 524305: max diff=0.000000, 1486.21 sec so far
Iteration 526282: max diff=0.000000, 1491.21 sec so far
Iteration 528260: max diff=0.000000, 1496.22 sec so far
Iteration 530223: max diff=0.000000, 1501.22 sec so far
Iteration 532183: max diff=0.000000, 1506.22 sec so far
Iteration 534159: max diff=0.000000, 1511.23 sec so far
Iteration 536137: max diff=0.000000, 1516.23 sec so far
Iteration 538116: max diff=0.000000, 1521.24 sec so far
Iteration 540095: max diff=0.000000, 1526.24 sec so far
Iteration 542059: max diff=0.000000, 1531.24 sec so far
Iteration 544040: max diff=0.000000, 1536.25 sec so far
Iteration 546011: max diff=0.000000, 1541.25 sec so far
Iteration 547960: max diff=0.000000, 1546.26 sec so far
Iteration 549942: max diff=0.000000, 1551.26 sec so far
Iteration 551926: max diff=0.000000, 1556.26 sec so far
Iteration 553907: max diff=0.000000, 1561.27 sec so far
Iteration 555885: max diff=0.000000, 1566.27 sec so far
Iteration 557858: max diff=0.000000, 1571.28 sec so far
Iteration 559844: max diff=0.000000, 1576.28 sec so far
Iteration 561819: max diff=0.000000, 1581.28 sec so far
Iteration 563802: max diff=0.000000, 1586.29 sec so far
Iteration 565781: max diff=0.000000, 1591.29 sec so far
Iteration 567760: max diff=0.000000, 1596.30 sec so far
Iteration 569732: max diff=0.000000, 1601.30 sec so far
Iteration 571712: max diff=0.000000, 1606.30 sec so far
Iteration 573690: max diff=0.000000, 1611.31 sec so far
Iteration 575673: max diff=0.000000, 1616.31 sec so far
Iteration 577623: max diff=0.000000, 1621.32 sec so far
Iteration 579598: max diff=0.000000, 1626.32 sec so far
Iteration 581574: max diff=0.000000, 1631.32 sec so far
Iteration 583550: max diff=0.000000, 1636.33 sec so far
Iteration 585530: max diff=0.000000, 1641.33 sec so far
Iteration 587506: max diff=0.000000, 1646.34 sec so far
Iteration 589487: max diff=0.000000, 1651.34 sec so far
Iteration 591470: max diff=0.000000, 1656.34 sec so far
Iteration 593451: max diff=0.000000, 1661.35 sec so far
Iteration 595433: max diff=0.000000, 1666.35 sec so far
Iteration 597415: max diff=0.000000, 1671.36 sec so far
Iteration 599397: max diff=0.000000, 1676.36 sec so far
Iteration 601379: max diff=0.000000, 1681.36 sec so far
Iteration 603363: max diff=0.000000, 1686.37 sec so far
Iteration 605347: max diff=0.000000, 1691.37 sec so far
Iteration 607333: max diff=0.000000, 1696.38 sec so far
Iteration 609320: max diff=0.000000, 1701.38 sec so far
Iteration 611303: max diff=0.000000, 1706.38 sec so far
Iteration 613284: max diff=0.000000, 1711.39 sec so far
Iteration 615267: max diff=0.000000, 1716.39 sec so far
Iteration 617251: max diff=0.000000, 1721.40 sec so far
Iteration 619232: max diff=0.000000, 1726.40 sec so far
Iteration 621214: max diff=0.000000, 1731.40 sec so far
Iteration 623199: max diff=0.000000, 1736.41 sec so far
Iteration 625180: max diff=0.000000, 1741.41 sec so far
Iteration 627161: max diff=0.000000, 1746.42 sec so far
Iteration 629147: max diff=0.000000, 1751.42 sec so far
Iteration 631133: max diff=0.000000, 1756.42 sec so far
Iteration 633115: max diff=0.000000, 1761.43 sec so far
Iteration 635099: max diff=0.000000, 1766.43 sec so far
Iteration 637082: max diff=0.000000, 1771.44 sec so far
Iteration 639065: max diff=0.000000, 1776.44 sec so far
Iteration 641046: max diff=0.000000, 1781.44 sec so far
Iteration 643031: max diff=0.000000, 1786.45 sec so far
Iteration 645010: max diff=0.000000, 1791.45 sec so far
Iteration 646997: max diff=0.000000, 1796.46 sec so far
Iteration 648983: max diff=0.000000, 1801.46 sec so far
Iteration 650963: max diff=0.000000, 1806.46 sec so far
Iteration 652944: max diff=0.000000, 1811.47 sec so far
Iteration 654934: max diff=0.000000, 1816.47 sec so far
Iteration 656914: max diff=0.000000, 1821.48 sec so far
Iteration 658891: max diff=0.000000, 1826.48 sec so far
Iteration 660871: max diff=0.000000, 1831.48 sec so far
Iteration 662854: max diff=0.000000, 1836.49 sec so far
Iteration 664827: max diff=0.000000, 1841.49 sec so far
Iteration 666810: max diff=0.000000, 1846.50 sec so far
Iteration 668790: max diff=0.000000, 1851.50 sec so far
Iteration 670773: max diff=0.000000, 1856.50 sec so far
Iteration 672753: max diff=0.000000, 1861.51 sec so far
Iteration 674729: max diff=0.000000, 1866.51 sec so far
Iteration 676701: max diff=0.000000, 1871.52 sec so far
Iteration 678680: max diff=0.000000, 1876.52 sec so far
Iteration 680659: max diff=0.000000, 1881.52 sec so far
Iteration 682633: max diff=0.000000, 1886.53 sec so far
Iteration 684614: max diff=0.000000, 1891.53 sec so far
Iteration 686590: max diff=0.000000, 1896.54 sec so far
Iteration 688554: max diff=0.000000, 1901.54 sec so far
Iteration 690528: max diff=0.000000, 1906.54 sec so far
Iteration 692502: max diff=0.000000, 1911.55 sec so far
Iteration 694474: max diff=0.000000, 1916.55 sec so far
Iteration 696451: max diff=0.000000, 1921.56 sec so far
Iteration 698429: max diff=0.000000, 1926.56 sec so far
Iteration 700400: max diff=0.000000, 1931.56 sec so far
Iteration 702380: max diff=0.000000, 1936.57 sec so far
Iteration 704359: max diff=0.000000, 1941.57 sec so far
Iteration 706348: max diff=0.000000, 1946.58 sec so far
Iteration 708332: max diff=0.000000, 1951.58 sec so far
Iteration 710314: max diff=0.000000, 1956.58 sec so far
Iteration 712291: max diff=0.000000, 1961.59 sec so far
Iteration 714274: max diff=0.000000, 1966.59 sec so far
Iteration 716253: max diff=0.000000, 1971.60 sec so far
Iteration 718239: max diff=0.000000, 1976.60 sec so far
Iteration 720208: max diff=0.000000, 1981.60 sec so far
Iteration 722190: max diff=0.000000, 1986.61 sec so far
Iteration 724172: max diff=0.000000, 1991.61 sec so far
Iteration 726151: max diff=0.000000, 1996.62 sec so far
Iteration 728133: max diff=0.000000, 2001.62 sec so far
Iteration 730119: max diff=0.000000, 2006.62 sec so far
Iteration 732103: max diff=0.000000, 2011.63 sec so far
Iteration 734085: max diff=0.000000, 2016.63 sec so far
Iteration 736064: max diff=0.000000, 2021.64 sec so far
Iteration 738050: max diff=0.000000, 2026.64 sec so far
Iteration 740038: max diff=0.000000, 2031.64 sec so far
Iteration 742020: max diff=0.000000, 2036.65 sec so far
Iteration 744004: max diff=0.000000, 2041.65 sec so far
Iteration 745986: max diff=0.000000, 2046.66 sec so far
Iteration 747969: max diff=0.000000, 2051.66 sec so far
Iteration 749956: max diff=0.000000, 2056.66 sec so far
Iteration 751938: max diff=0.000000, 2061.67 sec so far
Iteration 753911: max diff=0.000000, 2066.67 sec so far
Iteration 755891: max diff=0.000000, 2071.68 sec so far
Iteration 757875: max diff=0.000000, 2076.68 sec so far
Iteration 759852: max diff=0.000000, 2081.68 sec so far
Iteration 761834: max diff=0.000000, 2086.69 sec so far
Iteration 763814: max diff=0.000000, 2091.69 sec so far
Iteration 765799: max diff=0.000000, 2096.70 sec so far
Iteration 767777: max diff=0.000000, 2101.70 sec so far
Iteration 769461: max diff=0.000000, 2106.70 sec so far
Iteration 771136: max diff=0.000000, 2111.71 sec so far
Iteration 772804: max diff=0.000000, 2116.72 sec so far
Iteration 774471: max diff=0.000000, 2121.72 sec so far
Iteration 776133: max diff=0.000000, 2126.72 sec so far
Iteration 777801: max diff=0.000000, 2131.73 sec so far
Iteration 779431: max diff=0.000000, 2136.73 sec so far
Iteration 781039: max diff=0.000000, 2141.74 sec so far
Iteration 782694: max diff=0.000000, 2146.74 sec so far
Iteration 784355: max diff=0.000000, 2151.74 sec so far
Iteration 786014: max diff=0.000000, 2156.75 sec so far
Iteration 787655: max diff=0.000000, 2161.75 sec so far
Iteration 789287: max diff=0.000000, 2166.76 sec so far
Iteration 790930: max diff=0.000000, 2171.76 sec so far
Iteration 792602: max diff=0.000000, 2176.76 sec so far
Iteration 794264: max diff=0.000000, 2181.77 sec so far
Iteration 795929: max diff=0.000000, 2186.77 sec so far
Iteration 797603: max diff=0.000000, 2191.78 sec so far
Iteration 799268: max diff=0.000000, 2196.78 sec so far
Iteration 800910: max diff=0.000000, 2201.78 sec so far
Iteration 802571: max diff=0.000000, 2206.79 sec so far
Iteration 804220: max diff=0.000000, 2211.79 sec so far
Iteration 805880: max diff=0.000000, 2216.80 sec so far
Iteration 807543: max diff=0.000000, 2221.80 sec so far
Iteration 809202: max diff=0.000000, 2226.80 sec so far
Iteration 810860: max diff=0.000000, 2231.81 sec so far
Iteration 812524: max diff=0.000000, 2236.81 sec so far
Iteration 814138: max diff=0.000000, 2241.82 sec so far
Iteration 815775: max diff=0.000000, 2246.82 sec so far
Iteration 817457: max diff=0.000000, 2251.82 sec so far
Iteration 819116: max diff=0.000000, 2256.83 sec so far
Iteration 820765: max diff=0.000000, 2261.83 sec so far
Iteration 822422: max diff=0.000000, 2266.84 sec so far
Iteration 823976: max diff=0.000000, 2271.84 sec so far
Iteration 825614: max diff=0.000000, 2276.84 sec so far
Iteration 827241: max diff=0.000000, 2281.85 sec so far
Iteration 828882: max diff=0.000000, 2286.85 sec so far
Iteration 830518: max diff=0.000000, 2291.86 sec so far
Iteration 832150: max diff=0.000000, 2296.86 sec so far
Iteration 833778: max diff=0.000000, 2301.86 sec so far
Iteration 835417: max diff=0.000000, 2306.87 sec so far
Iteration 836964: max diff=0.000000, 2311.88 sec so far
Iteration 838629: max diff=0.000000, 2316.88 sec so far
Iteration 840305: max diff=0.000000, 2321.89 sec so far
Iteration 841973: max diff=0.000000, 2326.89 sec so far
Iteration 843653: max diff=0.000000, 2331.90 sec so far
Iteration 845335: max diff=0.000000, 2336.90 sec so far
Iteration 846991: max diff=0.000000, 2341.90 sec so far
Iteration 848662: max diff=0.000000, 2346.91 sec so far
Iteration 850321: max diff=0.000000, 2351.91 sec so far
Iteration 851982: max diff=0.000000, 2356.92 sec so far
Iteration 853643: max diff=0.000000, 2361.92 sec so far
Iteration 855331: max diff=0.000000, 2366.92 sec so far
Iteration 857013: max diff=0.000000, 2371.93 sec so far
Iteration 858680: max diff=0.000000, 2376.93 sec so far
Iteration 860349: max diff=0.000000, 2381.94 sec so far
Iteration 862011: max diff=0.000000, 2386.94 sec so far
Iteration 863671: max diff=0.000000, 2391.94 sec so far
Iteration 865347: max diff=0.000000, 2396.95 sec so far
Iteration 867016: max diff=0.000000, 2401.95 sec so far
Iteration 868677: max diff=0.000000, 2406.96 sec so far
Iteration 870339: max diff=0.000000, 2411.96 sec so far
Iteration 872009: max diff=0.000000, 2416.96 sec so far
Iteration 873685: max diff=0.000000, 2421.97 sec so far
Iteration 875352: max diff=0.000000, 2426.97 sec so far
Iteration 877010: max diff=0.000000, 2431.98 sec so far
Iteration 878664: max diff=0.000000, 2436.98 sec so far
Iteration 880145: max diff=0.000000, 2441.99 sec so far
Iteration 881503: max diff=0.000000, 2446.99 sec so far
Iteration 883031: max diff=0.000000, 2452.00 sec so far
Iteration 884686: max diff=0.000000, 2457.00 sec so far
Iteration 886358: max diff=0.000000, 2462.00 sec so far
Iteration 888008: max diff=0.000000, 2467.01 sec so far
Iteration 889658: max diff=0.000000, 2472.01 sec so far
Iteration 891330: max diff=0.000000, 2477.02 sec so far
Iteration 892990: max diff=0.000000, 2482.02 sec so far
Iteration 894630: max diff=0.000000, 2487.02 sec so far
Iteration 896290: max diff=0.000000, 2492.03 sec so far
Iteration 897949: max diff=0.000000, 2497.03 sec so far
Iteration 899606: max diff=0.000000, 2502.04 sec so far
Iteration 901247: max diff=0.000000, 2507.04 sec so far
Iteration 902913: max diff=0.000000, 2512.04 sec so far
Iteration 904575: max diff=0.000000, 2517.05 sec so far
Iteration 906245: max diff=0.000000, 2522.05 sec so far
Iteration 907906: max diff=0.000000, 2527.06 sec so far
Iteration 909376: max diff=0.000000, 2532.06 sec so far
Iteration 911016: max diff=0.000000, 2537.06 sec so far
Iteration 912688: max diff=0.000000, 2542.07 sec so far
Iteration 914356: max diff=0.000000, 2547.07 sec so far
Iteration 916009: max diff=0.000000, 2552.08 sec so far
Iteration 917688: max diff=0.000000, 2557.08 sec so far
Iteration 919281: max diff=0.000000, 2562.08 sec so far
Iteration 920906: max diff=0.000000, 2567.09 sec so far
Iteration 922573: max diff=0.000000, 2572.09 sec so far
Iteration 924241: max diff=0.000000, 2577.10 sec so far
Iteration 925898: max diff=0.000000, 2582.10 sec so far
Iteration 927569: max diff=0.000000, 2587.11 sec so far
Iteration 929243: max diff=0.000000, 2592.11 sec so far
Iteration 930909: max diff=0.000000, 2597.12 sec so far
Iteration 932570: max diff=0.000000, 2602.12 sec so far
Iteration 934252: max diff=0.000000, 2607.12 sec so far
Iteration 935916: max diff=0.000000, 2612.13 sec so far
Iteration 937566: max diff=0.000000, 2617.13 sec so far
Iteration 939235: max diff=0.000000, 2622.14 sec so far
Iteration 940896: max diff=0.000000, 2627.14 sec so far
Iteration 942549: max diff=0.000000, 2632.14 sec so far
Iteration 944234: max diff=0.000000, 2637.15 sec so far
Iteration 945907: max diff=0.000000, 2642.15 sec so far
Iteration 947565: max diff=0.000000, 2647.16 sec so far
Iteration 949233: max diff=0.000000, 2652.16 sec so far
Iteration 950915: max diff=0.000000, 2657.16 sec so far
Iteration 952576: max diff=0.000000, 2662.17 sec so far
Iteration 954230: max diff=0.000000, 2667.17 sec so far
Iteration 955900: max diff=0.000000, 2672.18 sec so far
Iteration 957565: max diff=0.000000, 2677.18 sec so far
Iteration 959221: max diff=0.000000, 2682.18 sec so far
Iteration 960896: max diff=0.000000, 2687.19 sec so far
Iteration 962563: max diff=0.000000, 2692.19 sec so far
Iteration 964222: max diff=0.000000, 2697.20 sec so far
Iteration 966060: max diff=0.000000, 2702.20 sec so far
Iteration 968043: max diff=0.000000, 2707.20 sec so far
Iteration 970025: max diff=0.000000, 2712.21 sec so far
Iteration 972005: max diff=0.000000, 2717.21 sec so far
Iteration 973989: max diff=0.000000, 2722.22 sec so far
Iteration 975974: max diff=0.000000, 2727.22 sec so far
Iteration 977953: max diff=0.000000, 2732.22 sec so far
Iteration 979934: max diff=0.000000, 2737.23 sec so far
Iteration 981917: max diff=0.000000, 2742.23 sec so far
Iteration 983899: max diff=0.000000, 2747.24 sec so far
Iteration 985878: max diff=0.000000, 2752.24 sec so far
Iteration 987860: max diff=0.000000, 2757.24 sec so far
Iteration 989836: max diff=0.000000, 2762.25 sec so far
Iteration 991816: max diff=0.000000, 2767.25 sec so far
Iteration 993793: max diff=0.000000, 2772.26 sec so far
Iteration 995772: max diff=0.000000, 2777.26 sec so far
Iteration 997734: max diff=0.000000, 2782.26 sec so far
Iteration 999667: max diff=0.000000, 2787.27 sec so far
Iteration 1001613: max diff=0.000000, 2792.27 sec so far
Iteration 1003559: max diff=0.000000, 2797.28 sec so far
Iteration 1005516: max diff=0.000000, 2802.28 sec so far
Iteration 1007483: max diff=0.000000, 2807.28 sec so far
Iteration 1009463: max diff=0.000000, 2812.29 sec so far
Iteration 1011441: max diff=0.000000, 2817.29 sec so far
Iteration 1013419: max diff=0.000000, 2822.30 sec so far
Iteration 1015407: max diff=0.000000, 2827.30 sec so far
Iteration 1017389: max diff=0.000000, 2832.30 sec so far
Iteration 1019359: max diff=0.000000, 2837.31 sec so far
Iteration 1021342: max diff=0.000000, 2842.31 sec so far
Iteration 1023326: max diff=0.000000, 2847.32 sec so far
Iteration 1025310: max diff=0.000000, 2852.32 sec so far
Iteration 1027294: max diff=0.000000, 2857.32 sec so far
Iteration 1029282: max diff=0.000000, 2862.33 sec so far
Iteration 1031255: max diff=0.000000, 2867.33 sec so far
Iteration 1033242: max diff=0.000000, 2872.34 sec so far
Iteration 1035223: max diff=0.000000, 2877.34 sec so far
Iteration 1037205: max diff=0.000000, 2882.34 sec so far
Iteration 1039187: max diff=0.000000, 2887.35 sec so far
Iteration 1041172: max diff=0.000000, 2892.35 sec so far
Iteration 1043154: max diff=0.000000, 2897.36 sec so far
Iteration 1045132: max diff=0.000000, 2902.36 sec so far
Iteration 1047109: max diff=0.000000, 2907.36 sec so far
Iteration 1049093: max diff=0.000000, 2912.37 sec so far
Iteration 1051085: max diff=0.000000, 2917.37 sec so far
Iteration 1053072: max diff=0.000000, 2922.38 sec so far
Iteration 1055045: max diff=0.000000, 2927.38 sec so far
Iteration 1057031: max diff=0.000000, 2932.38 sec so far
Iteration 1059014: max diff=0.000000, 2937.39 sec so far
Iteration 1060999: max diff=0.000000, 2942.39 sec so far
Iteration 1062981: max diff=0.000000, 2947.40 sec so far
Iteration 1064968: max diff=0.000000, 2952.40 sec so far
Iteration 1066953: max diff=0.000000, 2957.40 sec so far
Iteration 1068933: max diff=0.000000, 2962.41 sec so far
Iteration 1070913: max diff=0.000000, 2967.41 sec so far
Iteration 1072893: max diff=0.000000, 2972.42 sec so far
Iteration 1074871: max diff=0.000000, 2977.42 sec so far
Iteration 1076850: max diff=0.000000, 2982.42 sec so far
Iteration 1078834: max diff=0.000000, 2987.43 sec so far
Iteration 1080819: max diff=0.000000, 2992.43 sec so far
Iteration 1082802: max diff=0.000000, 2997.44 sec so far
Iteration 1084781: max diff=0.000000, 3002.44 sec so far
Iteration 1086771: max diff=0.000000, 3007.44 sec so far
Iteration 1088757: max diff=0.000000, 3012.45 sec so far
Iteration 1090736: max diff=0.000000, 3017.45 sec so far
Iteration 1092716: max diff=0.000000, 3022.46 sec so far
Iteration 1094697: max diff=0.000000, 3027.46 sec so far
Iteration 1096676: max diff=0.000000, 3032.46 sec so far
Iteration 1098658: max diff=0.000000, 3037.47 sec so far
Iteration 1100638: max diff=0.000000, 3042.47 sec so far
Iteration 1102616: max diff=0.000000, 3047.48 sec so far
Iteration 1104598: max diff=0.000000, 3052.48 sec so far
Iteration 1106582: max diff=0.000000, 3057.48 sec so far
Iteration 1108565: max diff=0.000000, 3062.49 sec so far
Iteration 1110541: max diff=0.000000, 3067.49 sec so far
Iteration 1112522: max diff=0.000000, 3072.50 sec so far
Iteration 1114503: max diff=0.000000, 3077.50 sec so far
Iteration 1116484: max diff=0.000000, 3082.50 sec so far
Iteration 1118462: max diff=0.000000, 3087.51 sec so far
Iteration 1120441: max diff=0.000000, 3092.51 sec so far
Iteration 1122421: max diff=0.000000, 3097.52 sec so far
Iteration 1124404: max diff=0.000000, 3102.52 sec so far
Iteration 1126367: max diff=0.000000, 3107.52 sec so far
Iteration 1128349: max diff=0.000000, 3112.53 sec so far
Iteration 1130330: max diff=0.000000, 3117.53 sec so far
Iteration 1132312: max diff=0.000000, 3122.54 sec so far
Iteration 1134291: max diff=0.000000, 3127.54 sec so far
Iteration 1136267: max diff=0.000000, 3132.54 sec so far
Iteration 1138244: max diff=0.000000, 3137.55 sec so far
Iteration 1140225: max diff=0.000000, 3142.55 sec so far
Iteration 1142204: max diff=0.000000, 3147.56 sec so far
Iteration 1144190: max diff=0.000000, 3152.56 sec so far
Iteration 1146172: max diff=0.000000, 3157.56 sec so far
Iteration 1148151: max diff=0.000000, 3162.57 sec so far
Iteration 1150128: max diff=0.000000, 3167.57 sec so far
Iteration 1152116: max diff=0.000000, 3172.58 sec so far
Iteration 1154102: max diff=0.000000, 3177.58 sec so far
Iteration 1156086: max diff=0.000000, 3182.58 sec so far
Iteration 1158066: max diff=0.000000, 3187.59 sec so far
Iteration 1160050: max diff=0.000000, 3192.59 sec so far
Iteration 1162035: max diff=0.000000, 3197.60 sec so far
Iteration 1164019: max diff=0.000000, 3202.60 sec so far
Iteration 1166003: max diff=0.000000, 3207.60 sec so far
Iteration 1167990: max diff=0.000000, 3212.61 sec so far
Iteration 1169973: max diff=0.000000, 3217.61 sec so far
Iteration 1171959: max diff=0.000000, 3222.62 sec so far
Iteration 1173935: max diff=0.000000, 3227.62 sec so far
Iteration 1175915: max diff=0.000000, 3232.62 sec so far
Iteration 1177895: max diff=0.000000, 3237.63 sec so far
Iteration 1179872: max diff=0.000000, 3242.63 sec so far
Iteration 1181851: max diff=0.000000, 3247.64 sec so far
Iteration 1183825: max diff=0.000000, 3252.64 sec so far
Iteration 1185803: max diff=0.000000, 3257.64 sec so far
Iteration 1187784: max diff=0.000000, 3262.65 sec so far
Iteration 1189754: max diff=0.000000, 3267.65 sec so far
Iteration 1191738: max diff=0.000000, 3272.66 sec so far
Iteration 1193712: max diff=0.000000, 3277.66 sec so far
Iteration 1195684: max diff=0.000000, 3282.66 sec so far
Iteration 1197650: max diff=0.000000, 3287.67 sec so far
Iteration 1199632: max diff=0.000000, 3292.67 sec so far
Iteration 1201606: max diff=0.000000, 3297.68 sec so far
Iteration 1203353: max diff=0.000000, 3302.68 sec so far
Iteration 1205097: max diff=0.000000, 3307.68 sec so far
Iteration 1206808: max diff=0.000000, 3312.69 sec so far
Iteration 1208471: max diff=0.000000, 3317.69 sec so far
Iteration 1210212: max diff=0.000000, 3322.70 sec so far
Iteration 1211903: max diff=0.000000, 3327.70 sec so far
Iteration 1213606: max diff=0.000000, 3332.70 sec so far
Iteration 1215328: max diff=0.000000, 3337.71 sec so far
Iteration 1217062: max diff=0.000000, 3342.71 sec so far
Iteration 1218750: max diff=0.000000, 3347.72 sec so far
Iteration 1220478: max diff=0.000000, 3352.72 sec so far
Iteration 1222198: max diff=0.000000, 3357.72 sec so far
Iteration 1223917: max diff=0.000000, 3362.73 sec so far
Iteration 1225631: max diff=0.000000, 3367.73 sec so far
Iteration 1227358: max diff=0.000000, 3372.74 sec so far
Iteration 1229065: max diff=0.000000, 3377.74 sec so far
Iteration 1230773: max diff=0.000000, 3382.74 sec so far
Iteration 1232487: max diff=0.000000, 3387.75 sec so far
Iteration 1234196: max diff=0.000000, 3392.75 sec so far
Iteration 1235897: max diff=0.000000, 3397.76 sec so far
Iteration 1237621: max diff=0.000000, 3402.76 sec so far
Iteration 1239326: max diff=0.000000, 3407.76 sec so far
Iteration 1241037: max diff=0.000000, 3412.77 sec so far
Iteration 1242756: max diff=0.000000, 3417.77 sec so far
Iteration 1244477: max diff=0.000000, 3422.78 sec so far
Iteration 1246158: max diff=0.000000, 3427.78 sec so far
Iteration 1247840: max diff=0.000000, 3432.78 sec so far
Iteration 1249559: max diff=0.000000, 3437.79 sec so far
Iteration 1251273: max diff=0.000000, 3442.79 sec so far
Iteration 1252993: max diff=0.000000, 3447.80 sec so far
Iteration 1254732: max diff=0.000000, 3452.80 sec so far
Iteration 1256431: max diff=0.000000, 3457.80 sec so far
Iteration 1258092: max diff=0.000000, 3462.81 sec so far
Iteration 1259757: max diff=0.000000, 3467.81 sec so far
Iteration 1261428: max diff=0.000000, 3472.82 sec so far
Iteration 1263120: max diff=0.000000, 3477.82 sec so far
Iteration 1264789: max diff=0.000000, 3482.82 sec so far
Iteration 1266448: max diff=0.000000, 3487.83 sec so far
Iteration 1268129: max diff=0.000000, 3492.83 sec so far
Iteration 1269835: max diff=0.000000, 3497.84 sec so far
Iteration 1271521: max diff=0.000000, 3502.84 sec so far
Iteration 1273215: max diff=0.000000, 3507.84 sec so far
Iteration 1274933: max diff=0.000000, 3512.85 sec so far
Iteration 1276627: max diff=0.000000, 3517.85 sec so far
Iteration 1278288: max diff=0.000000, 3522.86 sec so far
Iteration 1279965: max diff=0.000000, 3527.86 sec so far
Iteration 1281699: max diff=0.000000, 3532.86 sec so far
Iteration 1283380: max diff=0.000000, 3537.87 sec so far
Iteration 1285061: max diff=0.000000, 3542.87 sec so far
Iteration 1286741: max diff=0.000000, 3547.88 sec so far
Iteration 1288445: max diff=0.000000, 3552.88 sec so far
Iteration 1290140: max diff=0.000000, 3557.88 sec so far
Iteration 1291871: max diff=0.000000, 3562.89 sec so far
Iteration 1293594: max diff=0.000000, 3567.89 sec so far
Iteration 1295311: max diff=0.000000, 3572.90 sec so far
Iteration 1297029: max diff=0.000000, 3577.90 sec so far
Iteration 1298737: max diff=0.000000, 3582.90 sec so far
Iteration 1300423: max diff=0.000000, 3587.91 sec so far
Iteration 1302146: max diff=0.000000, 3592.91 sec so far
Iteration 1303870: max diff=0.000000, 3597.92 sec so far
Iteration 1305546: max diff=0.000000, 3602.92 sec so far
Iteration 1307264: max diff=0.000000, 3607.92 sec so far
Iteration 1308996: max diff=0.000000, 3612.93 sec so far
Iteration 1310552: max diff=0.000000, 3617.93 sec so far
Iteration 1312105: max diff=0.000000, 3622.94 sec so far
Iteration 1313813: max diff=0.000000, 3627.94 sec so far
Iteration 1315516: max diff=0.000000, 3632.94 sec so far
Iteration 1317200: max diff=0.000000, 3637.95 sec so far
Iteration 1318863: max diff=0.000000, 3642.95 sec so far
Iteration 1320565: max diff=0.000000, 3647.96 sec so far
Iteration 1322276: max diff=0.000000, 3652.96 sec so far
Iteration 1324003: max diff=0.000000, 3657.96 sec so far
Iteration 1325702: max diff=0.000000, 3662.97 sec so far
Iteration 1327398: max diff=0.000000, 3667.97 sec so far
Iteration 1329103: max diff=0.000000, 3672.98 sec so far
Iteration 1330791: max diff=0.000000, 3677.98 sec so far
Iteration 1332512: max diff=0.000000, 3682.98 sec so far
Iteration 1334230: max diff=0.000000, 3687.99 sec so far
Iteration 1335960: max diff=0.000000, 3692.99 sec so far

Power method: 1335990 iterations in 3693.08 seconds (average 0.002764, setup 0.01)

Printing steady-state probabilities in plain text format to file "../../CZK_project/Output/t=0.1_median_constant/hybrid/ph_10_25000_1E-10"...

Time for steady-state probability computation: 3717.921 seconds.

