PRISM
=====

Version: 4.4.GSMP
Date: Mon Jun 04 14:02:39 CEST 2018
Hostname: thomas
Memory limits: cudd=1g, java(heap)=910.5m
Command line: prism -hybrid -epsilon 1E-5 -maxiters 100000000 -power -absolute -const 'k=1900,timeout=0.1,lambda=6.93147180559945309400' ../../../../CZK_project/Model/queue_withptf_ctmc.sm -ss -exportss ../../../../CZK_project/Output/t=0.1_median_constant/hybrid/ph_10_1900_1E-5

Parsing model file "../../../../CZK_project/Model/queue_withptf_ctmc.sm"...

Type:        CTMC
Modules:     main trigger 
Variables:   qSize i 

---------------------------------------------------------------------

Computing steady-state probabilities...

Building model...
Model constants: k=1900,timeout=0.1,lambda=6.9314718056

Computing reachable states...

Reachability (BFS): 20900 iterations in 0.44 seconds (average 0.000021, setup 0.00)

Time for model construction: 0.676 seconds.

Type:        CTMC
States:      20900 (1 initial)
Transitions: 39900

Rate matrix: 168 nodes (3 terminal), 39900 minterms, vars: 15r/15c

SCCs: 1, BSCCs: 1, non-BSCC states: 0
BSCC sizes: 1:20900

Initial states all in one BSCC (so no reachability probabilities computed)

Computing probabilities...
Engine: Hybrid

Building power method iteration matrix MTBDD... [nodes=224] [4.4 Kb]
Building hybrid MTBDD matrix... [levels=15, nodes=261] [12.2 KB]
Adding explicit sparse matrices... [levels=15, num=1, compact] [257.9 KB]
Allocating iteration vectors... [2 x 163.3 KB]
TOTAL: [596.7 KB]

Starting iterations...

Power method: 354 iterations in 0.08 seconds (average 0.000215, setup 0.00)

Printing steady-state probabilities in plain text format to file "../../../../CZK_project/Output/t=0.1_median_constant/hybrid/ph_10_1900_1E-5"...

Time for steady-state probability computation: 0.691 seconds.

