PRISM
=====

Version: 4.4.GSMP
Date: Thu May 24 09:50:37 CEST 2018
Hostname: thomas
Memory limits: cudd=1g, java(heap)=910.5m
Command line: prism -hybrid -epsilon 1e-5 -maxiters 100000000 -power -absolute -const 'k=150,timeout=0.1,lambda=6.9314718100' ../../../../CZK_project/Model/queue_withptf_ctmc.sm -ss -exportss ../../../../CZK_project/Log/t=0.1_median/hybrid/ph_10_150_1E-5

Parsing model file "../../../../CZK_project/Model/queue_withptf_ctmc.sm"...

Type:        CTMC
Modules:     main trigger 
Variables:   qSize i 

---------------------------------------------------------------------

Computing steady-state probabilities...

Building model...
Model constants: k=150,timeout=0.1,lambda=6.93147181

Computing reachable states...

Reachability (BFS): 1501 iterations in 0.02 seconds (average 0.000011, setup 0.00)

Time for model construction: 0.034 seconds.

Type:        CTMC
States:      1501 (1 initial)
Transitions: 2851

Rate matrix: 145 nodes (3 terminal), 2851 minterms, vars: 12r/12c

SCCs: 1, BSCCs: 1, non-BSCC states: 0
BSCC sizes: 1:1501

Initial states all in one BSCC (so no reachability probabilities computed)

Computing probabilities...
Engine: Hybrid

Building power method iteration matrix MTBDD... [nodes=207] [4.0 Kb]
Building hybrid MTBDD matrix... [levels=12, nodes=246] [11.5 KB]
Adding explicit sparse matrices... [levels=12, num=1, compact] [18.5 KB]
Allocating iteration vectors... [2 x 11.7 KB]
TOTAL: [53.5 KB]

Starting iterations...

Power method: 4426 iterations in 0.06 seconds (average 0.000014, setup 0.00)

Printing steady-state probabilities in plain text format to file "../../../../CZK_project/Log/t=0.1_median/hybrid/ph_10_150_1E-5"...

Time for steady-state probability computation: 0.106 seconds.

