PRISM
=====

Version: 4.4
Date: Mon Jun 18 23:34:18 EDT 2018
Hostname: storm-eval
Memory limits: cudd=1g, java(heap)=910.5m
Command line: prism -hybrid -epsilon 1E-5 -maxiters 100000000 -power -absolute -const 'k=3,timeout=0.1,lambda=6.93147180559945309400' ../../CZK_project/Model/queue_withptf_ctmc.sm -ss -exportss ../../CZK_project/Output/t=0.1_median_1E-5_constant/hybrid/ph_10_3_1E-5

Parsing model file "../../CZK_project/Model/queue_withptf_ctmc.sm"...

Type:        CTMC
Modules:     main trigger 
Variables:   qSize i 

---------------------------------------------------------------------

Computing steady-state probabilities...

Building model...
Model constants: k=3,timeout=0.1,lambda=6.9314718056

Computing reachable states...

Reachability (BFS): 33 iterations in 0.00 seconds (average 0.000121, setup 0.00)

Time for model construction: 0.01 seconds.

Type:        CTMC
States:      33 (1 initial)
Transitions: 63

Rate matrix: 50 nodes (3 terminal), 63 minterms, vars: 6r/6c

SCCs: 1, BSCCs: 1, non-BSCC states: 0
BSCC sizes: 1:33

Initial states all in one BSCC (so no reachability probabilities computed)

Computing probabilities...
Engine: Hybrid

Building power method iteration matrix MTBDD... [nodes=69] [1.3 Kb]
Building hybrid MTBDD matrix... [levels=6, nodes=78] [3.7 KB]
Adding explicit sparse matrices... [levels=6, num=1, compact] [0.4 KB]
Allocating iteration vectors... [2 x 0.3 KB]
TOTAL: [4.6 KB]

Starting iterations...

Power method: 236 iterations in 0.00 seconds (average 0.000000, setup 0.00)

Printing steady-state probabilities in plain text format to file "../../CZK_project/Output/t=0.1_median_1E-5_constant/hybrid/ph_10_3_1E-5"...

Time for steady-state probability computation: 0.007 seconds.

