PRISM
=====

Version: 4.4
Date: Tue Jun 19 13:13:40 EDT 2018
Hostname: storm-eval
Memory limits: cudd=1g, java(heap)=910.5m
Command line: prism -hybrid -epsilon 4e-11 -maxiters 100000000 -power -absolute -const 'k=25000,timeout=0.1,lambda=6.93147180559945309400' ../../CZK_project/Model/queue_withptf_ctmc.sm -ss -exportss ../../CZK_project/Output/t=0.1_median_1E-6_dynamic/hybrid/ph_10_25000_1E-6

Parsing model file "../../CZK_project/Model/queue_withptf_ctmc.sm"...

Type:        CTMC
Modules:     main trigger 
Variables:   qSize i 

---------------------------------------------------------------------

Computing steady-state probabilities...

Building model...
Model constants: k=25000,timeout=0.1,lambda=6.9314718056

Computing reachable states...

Reachability (BFS): 275000 iterations in 11.53 seconds (average 0.000042, setup 0.00)

Time for model construction: 54.733 seconds.

Type:        CTMC
States:      275000 (1 initial)
Transitions: 525000

Rate matrix: 218 nodes (3 terminal), 525000 minterms, vars: 19r/19c

SCCs: 1, BSCCs: 1, non-BSCC states: 0
BSCC sizes: 1:275000

Initial states all in one BSCC (so no reachability probabilities computed)

Computing probabilities...
Engine: Hybrid

Building power method iteration matrix MTBDD... [nodes=292] [5.7 Kb]
Building hybrid MTBDD matrix... [levels=19, nodes=332] [15.6 KB]
Adding explicit sparse matrices... [levels=15, num=5, compact] [805.7 KB]
Allocating iteration vectors... [2 x 2.1 MB]
TOTAL: [5.0 MB]

Starting iterations...
Iteration 1759: max diff=0.000000, 5.00 sec so far
Iteration 3534: max diff=0.000000, 10.01 sec so far
Iteration 5301: max diff=0.000000, 15.01 sec so far
Iteration 7063: max diff=0.000000, 20.02 sec so far
Iteration 8816: max diff=0.000000, 25.02 sec so far
Iteration 10574: max diff=0.000000, 30.02 sec so far
Iteration 12337: max diff=0.000000, 35.03 sec so far
Iteration 14095: max diff=0.000000, 40.03 sec so far
Iteration 15847: max diff=0.000000, 45.04 sec so far
Iteration 17594: max diff=0.000000, 50.04 sec so far
Iteration 19369: max diff=0.000000, 55.04 sec so far
Iteration 21117: max diff=0.000000, 60.05 sec so far
Iteration 22869: max diff=0.000000, 65.05 sec so far
Iteration 24633: max diff=0.000000, 70.06 sec so far
Iteration 26378: max diff=0.000000, 75.06 sec so far
Iteration 28133: max diff=0.000000, 80.06 sec so far
Iteration 29889: max diff=0.000000, 85.07 sec so far
Iteration 31640: max diff=0.000000, 90.07 sec so far
Iteration 33384: max diff=0.000000, 95.08 sec so far
Iteration 35134: max diff=0.000000, 100.08 sec so far
Iteration 36904: max diff=0.000000, 105.08 sec so far
Iteration 38649: max diff=0.000000, 110.09 sec so far
Iteration 40396: max diff=0.000000, 115.09 sec so far
Iteration 42153: max diff=0.000000, 120.10 sec so far
Iteration 43895: max diff=0.000000, 125.10 sec so far
Iteration 45640: max diff=0.000000, 130.10 sec so far
Iteration 47427: max diff=0.000000, 135.11 sec so far
Iteration 49184: max diff=0.000000, 140.11 sec so far
Iteration 50675: max diff=0.000000, 145.12 sec so far
Iteration 52024: max diff=0.000000, 150.12 sec so far
Iteration 53396: max diff=0.000000, 155.12 sec so far
Iteration 54748: max diff=0.000000, 160.13 sec so far
Iteration 56112: max diff=0.000000, 165.13 sec so far
Iteration 57497: max diff=0.000000, 170.14 sec so far
Iteration 58919: max diff=0.000000, 175.14 sec so far
Iteration 60315: max diff=0.000000, 180.14 sec so far
Iteration 61679: max diff=0.000000, 185.15 sec so far
Iteration 63103: max diff=0.000000, 190.15 sec so far
Iteration 64487: max diff=0.000000, 195.16 sec so far
Iteration 65834: max diff=0.000000, 200.16 sec so far
Iteration 67187: max diff=0.000000, 205.16 sec so far
Iteration 68533: max diff=0.000000, 210.17 sec so far
Iteration 69881: max diff=0.000000, 215.17 sec so far
Iteration 71251: max diff=0.000000, 220.18 sec so far
Iteration 72618: max diff=0.000000, 225.18 sec so far
Iteration 73994: max diff=0.000000, 230.18 sec so far
Iteration 75370: max diff=0.000000, 235.19 sec so far
Iteration 76741: max diff=0.000000, 240.19 sec so far
Iteration 78101: max diff=0.000000, 245.20 sec so far
Iteration 79449: max diff=0.000000, 250.20 sec so far
Iteration 80792: max diff=0.000000, 255.20 sec so far
Iteration 82136: max diff=0.000000, 260.21 sec so far
Iteration 83493: max diff=0.000000, 265.21 sec so far
Iteration 84842: max diff=0.000000, 270.22 sec so far
Iteration 86190: max diff=0.000000, 275.22 sec so far
Iteration 87550: max diff=0.000000, 280.22 sec so far
Iteration 88957: max diff=0.000000, 285.23 sec so far
Iteration 90365: max diff=0.000000, 290.23 sec so far
Iteration 91708: max diff=0.000000, 295.24 sec so far
Iteration 93053: max diff=0.000000, 300.24 sec so far
Iteration 94397: max diff=0.000000, 305.24 sec so far
Iteration 95744: max diff=0.000000, 310.25 sec so far
Iteration 97093: max diff=0.000000, 315.26 sec so far
Iteration 98448: max diff=0.000000, 320.26 sec so far
Iteration 99805: max diff=0.000000, 325.26 sec so far
Iteration 101159: max diff=0.000000, 330.27 sec so far
Iteration 102505: max diff=0.000000, 335.27 sec so far
Iteration 103850: max diff=0.000000, 340.28 sec so far
Iteration 105206: max diff=0.000000, 345.28 sec so far
Iteration 106556: max diff=0.000000, 350.28 sec so far
Iteration 107922: max diff=0.000000, 355.29 sec so far
Iteration 109269: max diff=0.000000, 360.30 sec so far
Iteration 110605: max diff=0.000000, 365.30 sec so far
Iteration 111964: max diff=0.000000, 370.30 sec so far
Iteration 113312: max diff=0.000000, 375.31 sec so far
Iteration 114664: max diff=0.000000, 380.31 sec so far
Iteration 116019: max diff=0.000000, 385.32 sec so far
Iteration 117372: max diff=0.000000, 390.32 sec so far
Iteration 118713: max diff=0.000000, 395.32 sec so far
Iteration 120050: max diff=0.000000, 400.33 sec so far
Iteration 121384: max diff=0.000000, 405.33 sec so far
Iteration 122760: max diff=0.000000, 410.34 sec so far
Iteration 124152: max diff=0.000000, 415.34 sec so far
Iteration 125514: max diff=0.000000, 420.34 sec so far
Iteration 126851: max diff=0.000000, 425.35 sec so far
Iteration 128199: max diff=0.000000, 430.35 sec so far
Iteration 129542: max diff=0.000000, 435.36 sec so far
Iteration 130862: max diff=0.000000, 440.36 sec so far
Iteration 132102: max diff=0.000000, 445.37 sec so far
Iteration 133470: max diff=0.000000, 450.37 sec so far
Iteration 134814: max diff=0.000000, 455.38 sec so far
Iteration 136166: max diff=0.000000, 460.38 sec so far
Iteration 137526: max diff=0.000000, 465.38 sec so far
Iteration 138891: max diff=0.000000, 470.39 sec so far
Iteration 140259: max diff=0.000000, 475.39 sec so far
Iteration 141629: max diff=0.000000, 480.40 sec so far
Iteration 142995: max diff=0.000000, 485.40 sec so far
Iteration 144350: max diff=0.000000, 490.40 sec so far
Iteration 145703: max diff=0.000000, 495.41 sec so far
Iteration 147047: max diff=0.000000, 500.41 sec so far
Iteration 148394: max diff=0.000000, 505.42 sec so far
Iteration 149747: max diff=0.000000, 510.42 sec so far
Iteration 151099: max diff=0.000000, 515.43 sec so far
Iteration 152448: max diff=0.000000, 520.43 sec so far
Iteration 153800: max diff=0.000000, 525.44 sec so far
Iteration 155148: max diff=0.000000, 530.44 sec so far
Iteration 156496: max diff=0.000000, 535.44 sec so far
Iteration 157836: max diff=0.000000, 540.45 sec so far
Iteration 159098: max diff=0.000000, 545.45 sec so far
Iteration 160274: max diff=0.000000, 550.46 sec so far
Iteration 161599: max diff=0.000000, 555.46 sec so far
Iteration 162946: max diff=0.000000, 560.47 sec so far
Iteration 164298: max diff=0.000000, 565.47 sec so far
Iteration 165650: max diff=0.000000, 570.48 sec so far
Iteration 167007: max diff=0.000000, 575.48 sec so far
Iteration 168362: max diff=0.000000, 580.48 sec so far
Iteration 169711: max diff=0.000000, 585.49 sec so far
Iteration 171023: max diff=0.000000, 590.49 sec so far
Iteration 172373: max diff=0.000000, 595.50 sec so far
Iteration 173722: max diff=0.000000, 600.50 sec so far
Iteration 175079: max diff=0.000000, 605.51 sec so far
Iteration 176442: max diff=0.000000, 610.52 sec so far
Iteration 177790: max diff=0.000000, 615.52 sec so far
Iteration 179145: max diff=0.000000, 620.52 sec so far
Iteration 180484: max diff=0.000000, 625.53 sec so far
Iteration 181833: max diff=0.000000, 630.53 sec so far
Iteration 183179: max diff=0.000000, 635.54 sec so far
Iteration 184532: max diff=0.000000, 640.54 sec so far
Iteration 185885: max diff=0.000000, 645.55 sec so far
Iteration 187239: max diff=0.000000, 650.55 sec so far
Iteration 188583: max diff=0.000000, 655.56 sec so far
Iteration 189926: max diff=0.000000, 660.56 sec so far
Iteration 191264: max diff=0.000000, 665.56 sec so far
Iteration 192609: max diff=0.000000, 670.57 sec so far
Iteration 193950: max diff=0.000000, 675.57 sec so far
Iteration 195286: max diff=0.000000, 680.58 sec so far
Iteration 196648: max diff=0.000000, 685.58 sec so far
Iteration 197999: max diff=0.000000, 690.58 sec so far
Iteration 199330: max diff=0.000000, 695.59 sec so far
Iteration 200675: max diff=0.000000, 700.59 sec so far
Iteration 201981: max diff=0.000000, 705.60 sec so far
Iteration 203314: max diff=0.000000, 710.60 sec so far
Iteration 204660: max diff=0.000000, 715.60 sec so far
Iteration 206023: max diff=0.000000, 720.61 sec so far
Iteration 207378: max diff=0.000000, 725.61 sec so far
Iteration 208886: max diff=0.000000, 730.62 sec so far
Iteration 210469: max diff=0.000000, 735.62 sec so far
Iteration 212070: max diff=0.000000, 740.62 sec so far
Iteration 213634: max diff=0.000000, 745.63 sec so far
Iteration 215245: max diff=0.000000, 750.63 sec so far
Iteration 216844: max diff=0.000000, 755.64 sec so far
Iteration 218478: max diff=0.000000, 760.64 sec so far
Iteration 220117: max diff=0.000000, 765.64 sec so far
Iteration 221723: max diff=0.000000, 770.65 sec so far
Iteration 223324: max diff=0.000000, 775.65 sec so far
Iteration 224893: max diff=0.000000, 780.66 sec so far
Iteration 226474: max diff=0.000000, 785.66 sec so far
Iteration 228120: max diff=0.000000, 790.66 sec so far
Iteration 229758: max diff=0.000000, 795.67 sec so far
Iteration 231390: max diff=0.000000, 800.67 sec so far
Iteration 233040: max diff=0.000000, 805.68 sec so far
Iteration 234687: max diff=0.000000, 810.68 sec so far
Iteration 236313: max diff=0.000000, 815.68 sec so far
Iteration 237962: max diff=0.000000, 820.69 sec so far
Iteration 239588: max diff=0.000000, 825.69 sec so far
Iteration 241168: max diff=0.000000, 830.70 sec so far
Iteration 242726: max diff=0.000000, 835.70 sec so far
Iteration 244253: max diff=0.000000, 840.70 sec so far
Iteration 245793: max diff=0.000000, 845.71 sec so far
Iteration 247300: max diff=0.000000, 850.71 sec so far
Iteration 248746: max diff=0.000000, 855.72 sec so far
Iteration 250227: max diff=0.000000, 860.72 sec so far
Iteration 251741: max diff=0.000000, 865.72 sec so far
Iteration 253271: max diff=0.000000, 870.73 sec so far
Iteration 254819: max diff=0.000000, 875.73 sec so far
Iteration 256351: max diff=0.000000, 880.74 sec so far
Iteration 257856: max diff=0.000000, 885.74 sec so far
Iteration 259418: max diff=0.000000, 890.74 sec so far
Iteration 260942: max diff=0.000000, 895.75 sec so far
Iteration 262456: max diff=0.000000, 900.75 sec so far
Iteration 263933: max diff=0.000000, 905.76 sec so far
Iteration 265412: max diff=0.000000, 910.76 sec so far
Iteration 266921: max diff=0.000000, 915.76 sec so far
Iteration 268478: max diff=0.000000, 920.77 sec so far
Iteration 270024: max diff=0.000000, 925.77 sec so far
Iteration 271528: max diff=0.000000, 930.78 sec so far
Iteration 273019: max diff=0.000000, 935.78 sec so far
Iteration 274517: max diff=0.000000, 940.79 sec so far
Iteration 276014: max diff=0.000000, 945.79 sec so far
Iteration 277568: max diff=0.000000, 950.80 sec so far
Iteration 279070: max diff=0.000000, 955.80 sec so far
Iteration 280525: max diff=0.000000, 960.80 sec so far
Iteration 282070: max diff=0.000000, 965.81 sec so far
Iteration 283560: max diff=0.000000, 970.81 sec so far
Iteration 285019: max diff=0.000000, 975.82 sec so far
Iteration 286440: max diff=0.000000, 980.82 sec so far
Iteration 287942: max diff=0.000000, 985.83 sec so far
Iteration 289494: max diff=0.000000, 990.83 sec so far
Iteration 291011: max diff=0.000000, 995.84 sec so far
Iteration 292430: max diff=0.000000, 1000.84 sec so far
Iteration 293855: max diff=0.000000, 1005.85 sec so far
Iteration 295402: max diff=0.000000, 1010.85 sec so far
Iteration 296905: max diff=0.000000, 1015.86 sec so far
Iteration 298404: max diff=0.000000, 1020.86 sec so far
Iteration 299893: max diff=0.000000, 1025.86 sec so far
Iteration 301357: max diff=0.000000, 1030.87 sec so far
Iteration 302826: max diff=0.000000, 1035.87 sec so far
Iteration 304223: max diff=0.000000, 1040.88 sec so far
Iteration 305564: max diff=0.000000, 1045.88 sec so far
Iteration 306909: max diff=0.000000, 1050.88 sec so far
Iteration 308286: max diff=0.000000, 1055.89 sec so far
Iteration 309792: max diff=0.000000, 1060.89 sec so far
Iteration 311304: max diff=0.000000, 1065.90 sec so far
Iteration 312818: max diff=0.000000, 1070.90 sec so far
Iteration 314314: max diff=0.000000, 1075.90 sec so far
Iteration 315758: max diff=0.000000, 1080.91 sec so far
Iteration 317211: max diff=0.000000, 1085.91 sec so far
Iteration 318691: max diff=0.000000, 1090.92 sec so far
Iteration 320178: max diff=0.000000, 1095.92 sec so far
Iteration 321685: max diff=0.000000, 1100.92 sec so far
Iteration 323195: max diff=0.000000, 1105.93 sec so far
Iteration 324727: max diff=0.000000, 1110.93 sec so far
Iteration 326250: max diff=0.000000, 1115.94 sec so far
Iteration 327766: max diff=0.000000, 1120.94 sec so far
Iteration 329272: max diff=0.000000, 1125.94 sec so far
Iteration 330742: max diff=0.000000, 1130.95 sec so far
Iteration 332245: max diff=0.000000, 1135.95 sec so far
Iteration 333752: max diff=0.000000, 1140.96 sec so far
Iteration 335259: max diff=0.000000, 1145.96 sec so far
Iteration 336765: max diff=0.000000, 1150.96 sec so far
Iteration 338276: max diff=0.000000, 1155.97 sec so far
Iteration 339780: max diff=0.000000, 1160.97 sec so far
Iteration 341241: max diff=0.000000, 1165.98 sec so far
Iteration 342723: max diff=0.000000, 1170.98 sec so far
Iteration 344230: max diff=0.000000, 1175.98 sec so far
Iteration 345753: max diff=0.000000, 1180.99 sec so far
Iteration 347287: max diff=0.000000, 1185.99 sec so far
Iteration 348858: max diff=0.000000, 1191.00 sec so far
Iteration 350395: max diff=0.000000, 1196.00 sec so far
Iteration 351922: max diff=0.000000, 1201.00 sec so far
Iteration 353451: max diff=0.000000, 1206.01 sec so far
Iteration 354984: max diff=0.000000, 1211.01 sec so far
Iteration 356564: max diff=0.000000, 1216.02 sec so far
Iteration 358125: max diff=0.000000, 1221.02 sec so far
Iteration 359675: max diff=0.000000, 1226.02 sec so far
Iteration 361204: max diff=0.000000, 1231.03 sec so far
Iteration 362730: max diff=0.000000, 1236.03 sec so far
Iteration 364281: max diff=0.000000, 1241.04 sec so far
Iteration 365833: max diff=0.000000, 1246.04 sec so far
Iteration 367379: max diff=0.000000, 1251.04 sec so far
Iteration 368903: max diff=0.000000, 1256.05 sec so far
Iteration 370434: max diff=0.000000, 1261.05 sec so far
Iteration 371981: max diff=0.000000, 1266.06 sec so far
Iteration 373550: max diff=0.000000, 1271.06 sec so far
Iteration 375094: max diff=0.000000, 1276.06 sec so far
Iteration 376658: max diff=0.000000, 1281.07 sec so far
Iteration 378211: max diff=0.000000, 1286.07 sec so far
Iteration 379810: max diff=0.000000, 1291.08 sec so far
Iteration 381431: max diff=0.000000, 1296.08 sec so far
Iteration 382897: max diff=0.000000, 1301.08 sec so far
Iteration 384418: max diff=0.000000, 1306.09 sec so far
Iteration 385976: max diff=0.000000, 1311.09 sec so far
Iteration 387404: max diff=0.000000, 1316.10 sec so far
Iteration 388864: max diff=0.000000, 1321.10 sec so far
Iteration 390272: max diff=0.000000, 1326.10 sec so far
Iteration 391683: max diff=0.000000, 1331.11 sec so far
Iteration 393108: max diff=0.000000, 1336.12 sec so far
Iteration 394597: max diff=0.000000, 1341.12 sec so far
Iteration 396078: max diff=0.000000, 1346.12 sec so far
Iteration 397515: max diff=0.000000, 1351.13 sec so far
Iteration 398930: max diff=0.000000, 1356.13 sec so far
Iteration 400339: max diff=0.000000, 1361.14 sec so far
Iteration 401773: max diff=0.000000, 1366.14 sec so far
Iteration 403212: max diff=0.000000, 1371.14 sec so far
Iteration 404631: max diff=0.000000, 1376.15 sec so far
Iteration 406104: max diff=0.000000, 1381.15 sec so far
Iteration 407597: max diff=0.000000, 1386.16 sec so far
Iteration 409084: max diff=0.000000, 1391.16 sec so far
Iteration 410584: max diff=0.000000, 1396.16 sec so far
Iteration 412067: max diff=0.000000, 1401.17 sec so far
Iteration 413563: max diff=0.000000, 1406.17 sec so far
Iteration 415073: max diff=0.000000, 1411.18 sec so far
Iteration 416567: max diff=0.000000, 1416.18 sec so far
Iteration 418065: max diff=0.000000, 1421.18 sec so far
Iteration 419513: max diff=0.000000, 1426.19 sec so far
Iteration 420937: max diff=0.000000, 1431.19 sec so far
Iteration 422367: max diff=0.000000, 1436.20 sec so far
Iteration 423716: max diff=0.000000, 1441.20 sec so far
Iteration 425108: max diff=0.000000, 1446.20 sec so far
Iteration 426520: max diff=0.000000, 1451.21 sec so far
Iteration 427944: max diff=0.000000, 1456.21 sec so far
Iteration 429352: max diff=0.000000, 1461.22 sec so far
Iteration 430779: max diff=0.000000, 1466.22 sec so far
Iteration 432194: max diff=0.000000, 1471.22 sec so far
Iteration 433623: max diff=0.000000, 1476.23 sec so far
Iteration 435049: max diff=0.000000, 1481.23 sec so far
Iteration 436465: max diff=0.000000, 1486.24 sec so far
Iteration 437880: max diff=0.000000, 1491.24 sec so far
Iteration 439275: max diff=0.000000, 1496.24 sec so far
Iteration 440698: max diff=0.000000, 1501.25 sec so far
Iteration 442108: max diff=0.000000, 1506.25 sec so far
Iteration 443528: max diff=0.000000, 1511.26 sec so far
Iteration 444975: max diff=0.000000, 1516.26 sec so far
Iteration 446387: max diff=0.000000, 1521.26 sec so far
Iteration 447822: max diff=0.000000, 1526.27 sec so far
Iteration 449274: max diff=0.000000, 1531.27 sec so far
Iteration 450700: max diff=0.000000, 1536.28 sec so far
Iteration 452124: max diff=0.000000, 1541.28 sec so far
Iteration 453532: max diff=0.000000, 1546.28 sec so far
Iteration 454949: max diff=0.000000, 1551.29 sec so far
Iteration 456354: max diff=0.000000, 1556.29 sec so far
Iteration 457762: max diff=0.000000, 1561.30 sec so far
Iteration 459190: max diff=0.000000, 1566.30 sec so far
Iteration 460616: max diff=0.000000, 1571.30 sec so far
Iteration 462054: max diff=0.000000, 1576.31 sec so far
Iteration 463545: max diff=0.000000, 1581.31 sec so far
Iteration 465024: max diff=0.000000, 1586.32 sec so far
Iteration 466516: max diff=0.000000, 1591.32 sec so far
Iteration 467996: max diff=0.000000, 1596.32 sec so far
Iteration 469490: max diff=0.000000, 1601.33 sec so far
Iteration 470968: max diff=0.000000, 1606.33 sec so far
Iteration 472445: max diff=0.000000, 1611.34 sec so far
Iteration 473921: max diff=0.000000, 1616.34 sec so far
Iteration 475418: max diff=0.000000, 1621.34 sec so far
Iteration 476902: max diff=0.000000, 1626.35 sec so far
Iteration 478385: max diff=0.000000, 1631.35 sec so far
Iteration 479878: max diff=0.000000, 1636.36 sec so far
Iteration 481384: max diff=0.000000, 1641.36 sec so far
Iteration 482892: max diff=0.000000, 1646.36 sec so far
Iteration 484378: max diff=0.000000, 1651.37 sec so far
Iteration 485841: max diff=0.000000, 1656.37 sec so far
Iteration 487268: max diff=0.000000, 1661.38 sec so far
Iteration 488685: max diff=0.000000, 1666.38 sec so far
Iteration 490105: max diff=0.000000, 1671.38 sec so far
Iteration 491535: max diff=0.000000, 1676.39 sec so far
Iteration 492946: max diff=0.000000, 1681.39 sec so far
Iteration 494370: max diff=0.000000, 1686.40 sec so far
Iteration 495821: max diff=0.000000, 1691.40 sec so far
Iteration 497248: max diff=0.000000, 1696.40 sec so far
Iteration 498675: max diff=0.000000, 1701.41 sec so far
Iteration 500102: max diff=0.000000, 1706.41 sec so far
Iteration 501517: max diff=0.000000, 1711.42 sec so far
Iteration 502939: max diff=0.000000, 1716.42 sec so far
Iteration 504378: max diff=0.000000, 1721.42 sec so far
Iteration 505799: max diff=0.000000, 1726.43 sec so far
Iteration 507221: max diff=0.000000, 1731.43 sec so far
Iteration 508653: max diff=0.000000, 1736.44 sec so far
Iteration 510068: max diff=0.000000, 1741.44 sec so far
Iteration 511486: max diff=0.000000, 1746.44 sec so far
Iteration 512928: max diff=0.000000, 1751.45 sec so far
Iteration 514350: max diff=0.000000, 1756.45 sec so far
Iteration 515760: max diff=0.000000, 1761.46 sec so far
Iteration 517232: max diff=0.000000, 1766.46 sec so far
Iteration 518706: max diff=0.000000, 1771.46 sec so far
Iteration 520172: max diff=0.000000, 1776.47 sec so far
Iteration 521656: max diff=0.000000, 1781.47 sec so far
Iteration 523136: max diff=0.000000, 1786.48 sec so far
Iteration 524615: max diff=0.000000, 1791.48 sec so far
Iteration 526074: max diff=0.000000, 1796.48 sec so far
Iteration 527564: max diff=0.000000, 1801.49 sec so far
Iteration 529042: max diff=0.000000, 1806.49 sec so far
Iteration 530520: max diff=0.000000, 1811.50 sec so far
Iteration 531983: max diff=0.000000, 1816.50 sec so far
Iteration 533624: max diff=0.000000, 1821.50 sec so far
Iteration 535386: max diff=0.000000, 1826.51 sec so far
Iteration 537169: max diff=0.000000, 1831.51 sec so far
Iteration 538941: max diff=0.000000, 1836.52 sec so far
Iteration 540720: max diff=0.000000, 1841.52 sec so far
Iteration 542476: max diff=0.000000, 1846.52 sec so far
Iteration 544226: max diff=0.000000, 1851.53 sec so far
Iteration 546003: max diff=0.000000, 1856.53 sec so far
Iteration 547794: max diff=0.000000, 1861.54 sec so far
Iteration 549576: max diff=0.000000, 1866.54 sec so far
Iteration 551352: max diff=0.000000, 1871.54 sec so far
Iteration 553102: max diff=0.000000, 1876.55 sec so far
Iteration 554855: max diff=0.000000, 1881.55 sec so far
Iteration 556608: max diff=0.000000, 1886.56 sec so far
Iteration 558366: max diff=0.000000, 1891.56 sec so far
Iteration 560110: max diff=0.000000, 1896.56 sec so far
Iteration 561848: max diff=0.000000, 1901.57 sec so far
Iteration 563605: max diff=0.000000, 1906.57 sec so far
Iteration 565355: max diff=0.000000, 1911.58 sec so far
Iteration 567104: max diff=0.000000, 1916.58 sec so far
Iteration 568876: max diff=0.000000, 1921.58 sec so far
Iteration 570632: max diff=0.000000, 1926.59 sec so far
Iteration 572381: max diff=0.000000, 1931.59 sec so far
Iteration 574138: max diff=0.000000, 1936.60 sec so far
Iteration 575884: max diff=0.000000, 1941.60 sec so far
Iteration 577619: max diff=0.000000, 1946.60 sec so far
Iteration 579354: max diff=0.000000, 1951.61 sec so far
Iteration 581100: max diff=0.000000, 1956.61 sec so far
Iteration 582850: max diff=0.000000, 1961.62 sec so far
Iteration 584595: max diff=0.000000, 1966.62 sec so far
Iteration 586340: max diff=0.000000, 1971.62 sec so far
Iteration 588106: max diff=0.000000, 1976.63 sec so far
Iteration 589847: max diff=0.000000, 1981.63 sec so far
Iteration 591598: max diff=0.000000, 1986.64 sec so far
Iteration 593351: max diff=0.000000, 1991.64 sec so far
Iteration 595093: max diff=0.000000, 1996.64 sec so far
Iteration 596833: max diff=0.000000, 2001.65 sec so far
Iteration 598607: max diff=0.000000, 2006.65 sec so far
Iteration 600355: max diff=0.000000, 2011.66 sec so far
Iteration 602115: max diff=0.000000, 2016.66 sec so far
Iteration 603893: max diff=0.000000, 2021.66 sec so far
Iteration 605662: max diff=0.000000, 2026.67 sec so far
Iteration 607437: max diff=0.000000, 2031.67 sec so far
Iteration 609230: max diff=0.000000, 2036.68 sec so far
Iteration 611001: max diff=0.000000, 2041.68 sec so far
Iteration 612762: max diff=0.000000, 2046.68 sec so far
Iteration 614537: max diff=0.000000, 2051.69 sec so far
Iteration 616278: max diff=0.000000, 2056.69 sec so far
Iteration 618017: max diff=0.000000, 2061.70 sec so far
Iteration 619770: max diff=0.000000, 2066.70 sec so far
Iteration 621498: max diff=0.000000, 2071.70 sec so far
Iteration 623234: max diff=0.000000, 2076.71 sec so far
Iteration 624966: max diff=0.000000, 2081.71 sec so far
Iteration 626697: max diff=0.000000, 2086.72 sec so far
Iteration 628434: max diff=0.000000, 2091.72 sec so far
Iteration 630211: max diff=0.000000, 2096.72 sec so far
Iteration 631957: max diff=0.000000, 2101.73 sec so far
Iteration 633705: max diff=0.000000, 2106.73 sec so far
Iteration 635463: max diff=0.000000, 2111.74 sec so far
Iteration 637218: max diff=0.000000, 2116.74 sec so far
Iteration 638971: max diff=0.000000, 2121.74 sec so far
Iteration 640723: max diff=0.000000, 2126.75 sec so far
Iteration 642469: max diff=0.000000, 2131.75 sec so far
Iteration 644222: max diff=0.000000, 2136.76 sec so far
Iteration 645968: max diff=0.000000, 2141.76 sec so far
Iteration 647716: max diff=0.000000, 2146.76 sec so far
Iteration 649480: max diff=0.000000, 2151.77 sec so far
Iteration 651236: max diff=0.000000, 2156.77 sec so far
Iteration 652981: max diff=0.000000, 2161.78 sec so far
Iteration 654735: max diff=0.000000, 2166.78 sec so far
Iteration 656476: max diff=0.000000, 2171.78 sec so far
Iteration 658239: max diff=0.000000, 2176.79 sec so far
Iteration 660011: max diff=0.000000, 2181.79 sec so far
Iteration 661788: max diff=0.000000, 2186.80 sec so far
Iteration 663554: max diff=0.000000, 2191.80 sec so far
Iteration 665300: max diff=0.000000, 2196.80 sec so far
Iteration 667054: max diff=0.000000, 2201.81 sec so far
Iteration 668802: max diff=0.000000, 2206.81 sec so far
Iteration 670543: max diff=0.000000, 2211.82 sec so far
Iteration 672287: max diff=0.000000, 2216.82 sec so far
Iteration 674018: max diff=0.000000, 2221.82 sec so far
Iteration 675772: max diff=0.000000, 2226.83 sec so far
Iteration 677520: max diff=0.000000, 2231.83 sec so far
Iteration 679272: max diff=0.000000, 2236.84 sec so far
Iteration 681025: max diff=0.000000, 2241.84 sec so far
Iteration 682768: max diff=0.000000, 2246.84 sec so far
Iteration 684516: max diff=0.000000, 2251.85 sec so far
Iteration 686264: max diff=0.000000, 2256.85 sec so far
Iteration 688009: max diff=0.000000, 2261.86 sec so far
Iteration 689760: max diff=0.000000, 2266.86 sec so far
Iteration 691502: max diff=0.000000, 2271.86 sec so far
Iteration 693250: max diff=0.000000, 2276.87 sec so far
Iteration 694994: max diff=0.000000, 2281.87 sec so far
Iteration 696773: max diff=0.000000, 2286.88 sec so far
Iteration 698541: max diff=0.000000, 2291.88 sec so far
Iteration 700322: max diff=0.000000, 2296.88 sec so far
Iteration 702102: max diff=0.000000, 2301.89 sec so far
Iteration 703888: max diff=0.000000, 2306.89 sec so far
Iteration 705655: max diff=0.000000, 2311.90 sec so far
Iteration 707413: max diff=0.000000, 2316.90 sec so far
Iteration 709146: max diff=0.000000, 2321.90 sec so far
Iteration 710921: max diff=0.000000, 2326.91 sec so far
Iteration 712679: max diff=0.000000, 2331.91 sec so far
Iteration 714345: max diff=0.000000, 2336.92 sec so far
Iteration 716083: max diff=0.000000, 2341.92 sec so far
Iteration 717807: max diff=0.000000, 2346.92 sec so far
Iteration 719538: max diff=0.000000, 2351.93 sec so far
Iteration 721309: max diff=0.000000, 2356.93 sec so far
Iteration 723053: max diff=0.000000, 2361.94 sec so far
Iteration 724824: max diff=0.000000, 2366.94 sec so far
Iteration 726508: max diff=0.000000, 2371.94 sec so far
Iteration 727968: max diff=0.000000, 2376.95 sec so far
Iteration 729413: max diff=0.000000, 2381.95 sec so far
Iteration 730826: max diff=0.000000, 2386.96 sec so far
Iteration 732223: max diff=0.000000, 2391.96 sec so far
Iteration 733613: max diff=0.000000, 2396.97 sec so far
Iteration 735032: max diff=0.000000, 2401.97 sec so far
Iteration 736433: max diff=0.000000, 2406.98 sec so far
Iteration 737870: max diff=0.000000, 2411.98 sec so far
Iteration 739303: max diff=0.000000, 2416.99 sec so far
Iteration 740753: max diff=0.000000, 2421.99 sec so far
Iteration 742210: max diff=0.000000, 2427.00 sec so far
Iteration 743671: max diff=0.000000, 2432.00 sec so far
Iteration 745158: max diff=0.000000, 2437.00 sec so far
Iteration 746649: max diff=0.000000, 2442.01 sec so far
Iteration 748132: max diff=0.000000, 2447.01 sec so far
Iteration 749621: max diff=0.000000, 2452.02 sec so far
Iteration 751111: max diff=0.000000, 2457.02 sec so far
Iteration 752588: max diff=0.000000, 2462.02 sec so far
Iteration 754081: max diff=0.000000, 2467.03 sec so far
Iteration 755566: max diff=0.000000, 2472.03 sec so far
Iteration 757074: max diff=0.000000, 2477.04 sec so far
Iteration 758543: max diff=0.000000, 2482.04 sec so far
Iteration 760018: max diff=0.000000, 2487.04 sec so far
Iteration 761490: max diff=0.000000, 2492.05 sec so far
Iteration 762986: max diff=0.000000, 2497.05 sec so far
Iteration 764478: max diff=0.000000, 2502.06 sec so far
Iteration 765977: max diff=0.000000, 2507.06 sec so far
Iteration 767471: max diff=0.000000, 2512.06 sec so far
Iteration 768957: max diff=0.000000, 2517.07 sec so far
Iteration 770450: max diff=0.000000, 2522.07 sec so far
Iteration 771925: max diff=0.000000, 2527.08 sec so far
Iteration 773414: max diff=0.000000, 2532.08 sec so far
Iteration 774900: max diff=0.000000, 2537.08 sec so far
Iteration 776379: max diff=0.000000, 2542.09 sec so far
Iteration 777848: max diff=0.000000, 2547.09 sec so far
Iteration 779331: max diff=0.000000, 2552.10 sec so far
Iteration 780792: max diff=0.000000, 2557.10 sec so far
Iteration 782217: max diff=0.000000, 2562.10 sec so far
Iteration 783584: max diff=0.000000, 2567.11 sec so far
Iteration 785071: max diff=0.000000, 2572.11 sec so far
Iteration 786524: max diff=0.000000, 2577.12 sec so far
Iteration 787978: max diff=0.000000, 2582.12 sec so far
Iteration 789462: max diff=0.000000, 2587.12 sec so far
Iteration 790945: max diff=0.000000, 2592.13 sec so far
Iteration 792422: max diff=0.000000, 2597.13 sec so far
Iteration 793840: max diff=0.000000, 2602.14 sec so far
Iteration 795281: max diff=0.000000, 2607.14 sec so far
Iteration 796743: max diff=0.000000, 2612.14 sec so far
Iteration 798156: max diff=0.000000, 2617.15 sec so far
Iteration 799583: max diff=0.000000, 2622.15 sec so far
Iteration 801046: max diff=0.000000, 2627.16 sec so far
Iteration 802528: max diff=0.000000, 2632.16 sec so far
Iteration 804013: max diff=0.000000, 2637.16 sec so far
Iteration 805504: max diff=0.000000, 2642.17 sec so far
Iteration 806928: max diff=0.000000, 2647.17 sec so far
Iteration 808339: max diff=0.000000, 2652.18 sec so far
Iteration 809771: max diff=0.000000, 2657.18 sec so far
Iteration 811209: max diff=0.000000, 2662.18 sec so far
Iteration 812626: max diff=0.000000, 2667.19 sec so far
Iteration 814042: max diff=0.000000, 2672.19 sec so far
Iteration 815460: max diff=0.000000, 2677.20 sec so far
Iteration 816887: max diff=0.000000, 2682.20 sec so far
Iteration 818314: max diff=0.000000, 2687.20 sec so far
Iteration 819732: max diff=0.000000, 2692.21 sec so far
Iteration 821140: max diff=0.000000, 2697.21 sec so far
Iteration 822522: max diff=0.000000, 2702.22 sec so far
Iteration 823906: max diff=0.000000, 2707.22 sec so far
Iteration 825296: max diff=0.000000, 2712.22 sec so far
Iteration 826716: max diff=0.000000, 2717.23 sec so far
Iteration 828044: max diff=0.000000, 2722.23 sec so far
Iteration 829362: max diff=0.000000, 2727.24 sec so far
Iteration 830667: max diff=0.000000, 2732.24 sec so far
Iteration 832053: max diff=0.000000, 2737.24 sec so far
Iteration 833482: max diff=0.000000, 2742.25 sec so far
Iteration 834898: max diff=0.000000, 2747.25 sec so far
Iteration 836345: max diff=0.000000, 2752.26 sec so far
Iteration 837766: max diff=0.000000, 2757.26 sec so far
Iteration 839197: max diff=0.000000, 2762.26 sec so far
Iteration 840681: max diff=0.000000, 2767.27 sec so far
Iteration 842155: max diff=0.000000, 2772.27 sec so far
Iteration 843601: max diff=0.000000, 2777.28 sec so far
Iteration 845077: max diff=0.000000, 2782.28 sec so far
Iteration 846562: max diff=0.000000, 2787.28 sec so far
Iteration 848015: max diff=0.000000, 2792.29 sec so far
Iteration 849500: max diff=0.000000, 2797.29 sec so far
Iteration 850998: max diff=0.000000, 2802.30 sec so far
Iteration 852480: max diff=0.000000, 2807.30 sec so far
Iteration 853961: max diff=0.000000, 2812.30 sec so far
Iteration 855444: max diff=0.000000, 2817.31 sec so far
Iteration 856919: max diff=0.000000, 2822.31 sec so far
Iteration 858403: max diff=0.000000, 2827.32 sec so far
Iteration 859894: max diff=0.000000, 2832.32 sec so far
Iteration 861365: max diff=0.000000, 2837.32 sec so far
Iteration 862840: max diff=0.000000, 2842.33 sec so far
Iteration 864328: max diff=0.000000, 2847.33 sec so far
Iteration 865815: max diff=0.000000, 2852.34 sec so far
Iteration 867313: max diff=0.000000, 2857.34 sec so far
Iteration 868787: max diff=0.000000, 2862.34 sec so far
Iteration 870308: max diff=0.000000, 2867.35 sec so far
Iteration 871753: max diff=0.000000, 2872.35 sec so far
Iteration 873235: max diff=0.000000, 2877.36 sec so far
Iteration 874696: max diff=0.000000, 2882.36 sec so far
Iteration 876273: max diff=0.000000, 2887.36 sec so far
Iteration 877801: max diff=0.000000, 2892.37 sec so far
Iteration 879247: max diff=0.000000, 2897.37 sec so far
Iteration 880692: max diff=0.000000, 2902.38 sec so far
Iteration 882206: max diff=0.000000, 2907.38 sec so far
Iteration 883671: max diff=0.000000, 2912.38 sec so far
Iteration 885140: max diff=0.000000, 2917.39 sec so far
Iteration 886636: max diff=0.000000, 2922.39 sec so far
Iteration 888127: max diff=0.000000, 2927.40 sec so far
Iteration 889635: max diff=0.000000, 2932.40 sec so far
Iteration 891209: max diff=0.000000, 2937.40 sec so far
Iteration 892631: max diff=0.000000, 2942.41 sec so far
Iteration 894074: max diff=0.000000, 2947.41 sec so far
Iteration 895625: max diff=0.000000, 2952.42 sec so far
Iteration 897065: max diff=0.000000, 2957.42 sec so far
Iteration 898449: max diff=0.000000, 2962.42 sec so far
Iteration 899872: max diff=0.000000, 2967.43 sec so far
Iteration 901364: max diff=0.000000, 2972.43 sec so far
Iteration 902860: max diff=0.000000, 2977.44 sec so far
Iteration 904383: max diff=0.000000, 2982.44 sec so far
Iteration 905842: max diff=0.000000, 2987.45 sec so far
Iteration 907383: max diff=0.000000, 2992.45 sec so far
Iteration 908954: max diff=0.000000, 2997.46 sec so far
Iteration 910449: max diff=0.000000, 3002.46 sec so far
Iteration 911924: max diff=0.000000, 3007.46 sec so far
Iteration 913455: max diff=0.000000, 3012.47 sec so far
Iteration 915032: max diff=0.000000, 3017.47 sec so far
Iteration 916485: max diff=0.000000, 3022.48 sec so far
Iteration 917931: max diff=0.000000, 3027.48 sec so far
Iteration 919437: max diff=0.000000, 3032.48 sec so far
Iteration 920933: max diff=0.000000, 3037.49 sec so far
Iteration 922450: max diff=0.000000, 3042.49 sec so far
Iteration 923896: max diff=0.000000, 3047.50 sec so far
Iteration 925380: max diff=0.000000, 3052.50 sec so far
Iteration 926853: max diff=0.000000, 3057.50 sec so far
Iteration 928294: max diff=0.000000, 3062.51 sec so far
Iteration 929813: max diff=0.000000, 3067.51 sec so far
Iteration 931302: max diff=0.000000, 3072.52 sec so far
Iteration 932830: max diff=0.000000, 3077.52 sec so far
Iteration 934364: max diff=0.000000, 3082.52 sec so far
Iteration 935853: max diff=0.000000, 3087.53 sec so far
Iteration 937329: max diff=0.000000, 3092.53 sec so far
Iteration 938748: max diff=0.000000, 3097.54 sec so far
Iteration 940195: max diff=0.000000, 3102.54 sec so far
Iteration 941589: max diff=0.000000, 3107.54 sec so far
Iteration 943024: max diff=0.000000, 3112.55 sec so far
Iteration 944521: max diff=0.000000, 3117.55 sec so far
Iteration 946017: max diff=0.000000, 3122.56 sec so far
Iteration 947478: max diff=0.000000, 3127.56 sec so far
Iteration 948895: max diff=0.000000, 3132.56 sec so far
Iteration 950321: max diff=0.000000, 3137.57 sec so far
Iteration 951834: max diff=0.000000, 3142.58 sec so far
Iteration 953265: max diff=0.000000, 3147.58 sec so far
Iteration 954763: max diff=0.000000, 3152.58 sec so far
Iteration 956242: max diff=0.000000, 3157.59 sec so far
Iteration 957789: max diff=0.000000, 3162.59 sec so far
Iteration 959324: max diff=0.000000, 3167.60 sec so far
Iteration 960785: max diff=0.000000, 3172.60 sec so far
Iteration 962274: max diff=0.000000, 3177.60 sec so far
Iteration 963767: max diff=0.000000, 3182.61 sec so far
Iteration 965284: max diff=0.000000, 3187.61 sec so far
Iteration 966798: max diff=0.000000, 3192.62 sec so far
Iteration 968266: max diff=0.000000, 3197.62 sec so far
Iteration 969741: max diff=0.000000, 3202.62 sec so far
Iteration 971249: max diff=0.000000, 3207.63 sec so far
Iteration 972724: max diff=0.000000, 3212.63 sec so far
Iteration 974216: max diff=0.000000, 3217.64 sec so far
Iteration 975687: max diff=0.000000, 3222.64 sec so far
Iteration 977210: max diff=0.000000, 3227.64 sec so far
Iteration 978681: max diff=0.000000, 3232.65 sec so far
Iteration 980162: max diff=0.000000, 3237.65 sec so far
Iteration 981682: max diff=0.000000, 3242.66 sec so far
Iteration 983159: max diff=0.000000, 3247.66 sec so far
Iteration 984678: max diff=0.000000, 3252.66 sec so far
Iteration 986123: max diff=0.000000, 3257.67 sec so far
Iteration 987676: max diff=0.000000, 3262.67 sec so far
Iteration 989250: max diff=0.000000, 3267.68 sec so far
Iteration 990798: max diff=0.000000, 3272.68 sec so far
Iteration 992343: max diff=0.000000, 3277.68 sec so far
Iteration 993857: max diff=0.000000, 3282.69 sec so far
Iteration 995356: max diff=0.000000, 3287.69 sec so far
Iteration 996920: max diff=0.000000, 3292.70 sec so far
Iteration 998443: max diff=0.000000, 3297.70 sec so far
Iteration 1000010: max diff=0.000000, 3302.70 sec so far
Iteration 1001560: max diff=0.000000, 3307.71 sec so far
Iteration 1003175: max diff=0.000000, 3312.71 sec so far
Iteration 1004674: max diff=0.000000, 3317.72 sec so far
Iteration 1006197: max diff=0.000000, 3322.72 sec so far
Iteration 1007666: max diff=0.000000, 3327.72 sec so far
Iteration 1009160: max diff=0.000000, 3332.73 sec so far
Iteration 1010664: max diff=0.000000, 3337.73 sec so far
Iteration 1012196: max diff=0.000000, 3342.74 sec so far
Iteration 1013723: max diff=0.000000, 3347.74 sec so far
Iteration 1015249: max diff=0.000000, 3352.74 sec so far
Iteration 1016720: max diff=0.000000, 3357.75 sec so far
Iteration 1018292: max diff=0.000000, 3362.75 sec so far
Iteration 1019840: max diff=0.000000, 3367.76 sec so far
Iteration 1021371: max diff=0.000000, 3372.76 sec so far
Iteration 1022863: max diff=0.000000, 3377.76 sec so far
Iteration 1024441: max diff=0.000000, 3382.77 sec so far
Iteration 1026006: max diff=0.000000, 3387.77 sec so far
Iteration 1027566: max diff=0.000000, 3392.78 sec so far
Iteration 1029059: max diff=0.000000, 3397.78 sec so far
Iteration 1030613: max diff=0.000000, 3402.78 sec so far
Iteration 1032129: max diff=0.000000, 3407.79 sec so far
Iteration 1033650: max diff=0.000000, 3412.79 sec so far
Iteration 1035157: max diff=0.000000, 3417.80 sec so far
Iteration 1036569: max diff=0.000000, 3422.80 sec so far
Iteration 1038055: max diff=0.000000, 3427.80 sec so far
Iteration 1039503: max diff=0.000000, 3432.81 sec so far
Iteration 1040998: max diff=0.000000, 3437.81 sec so far
Iteration 1042501: max diff=0.000000, 3442.82 sec so far
Iteration 1043971: max diff=0.000000, 3447.82 sec so far
Iteration 1045451: max diff=0.000000, 3452.82 sec so far
Iteration 1046901: max diff=0.000000, 3457.83 sec so far
Iteration 1048414: max diff=0.000000, 3462.83 sec so far
Iteration 1049917: max diff=0.000000, 3467.84 sec so far
Iteration 1051372: max diff=0.000000, 3472.84 sec so far
Iteration 1052903: max diff=0.000000, 3477.84 sec so far
Iteration 1054378: max diff=0.000000, 3482.85 sec so far
Iteration 1055871: max diff=0.000000, 3487.85 sec so far
Iteration 1057357: max diff=0.000000, 3492.86 sec so far
Iteration 1058838: max diff=0.000000, 3497.86 sec so far
Iteration 1060353: max diff=0.000000, 3502.86 sec so far
Iteration 1061840: max diff=0.000000, 3507.87 sec so far
Iteration 1063319: max diff=0.000000, 3512.87 sec so far
Iteration 1064806: max diff=0.000000, 3517.88 sec so far
Iteration 1066245: max diff=0.000000, 3522.88 sec so far
Iteration 1067744: max diff=0.000000, 3527.88 sec so far
Iteration 1069227: max diff=0.000000, 3532.89 sec so far
Iteration 1070738: max diff=0.000000, 3537.89 sec so far
Iteration 1072228: max diff=0.000000, 3542.90 sec so far
Iteration 1073762: max diff=0.000000, 3547.90 sec so far
Iteration 1075298: max diff=0.000000, 3552.90 sec so far
Iteration 1076758: max diff=0.000000, 3557.91 sec so far
Iteration 1078197: max diff=0.000000, 3562.91 sec so far
Iteration 1079616: max diff=0.000000, 3567.92 sec so far
Iteration 1081000: max diff=0.000000, 3572.92 sec so far
Iteration 1082518: max diff=0.000000, 3577.93 sec so far
Iteration 1083940: max diff=0.000000, 3582.93 sec so far
Iteration 1085491: max diff=0.000000, 3587.94 sec so far
Iteration 1086881: max diff=0.000000, 3592.94 sec so far
Iteration 1088348: max diff=0.000000, 3597.94 sec so far
Iteration 1089782: max diff=0.000000, 3602.95 sec so far
Iteration 1091272: max diff=0.000000, 3607.95 sec so far
Iteration 1092814: max diff=0.000000, 3612.96 sec so far
Iteration 1094351: max diff=0.000000, 3617.96 sec so far
Iteration 1095854: max diff=0.000000, 3622.97 sec so far
Iteration 1097282: max diff=0.000000, 3627.97 sec so far
Iteration 1098832: max diff=0.000000, 3632.98 sec so far
Iteration 1100371: max diff=0.000000, 3637.98 sec so far
Iteration 1101910: max diff=0.000000, 3642.98 sec so far
Iteration 1103495: max diff=0.000000, 3647.99 sec so far
Iteration 1105060: max diff=0.000000, 3652.99 sec so far
Iteration 1106507: max diff=0.000000, 3658.00 sec so far
Iteration 1107990: max diff=0.000000, 3663.00 sec so far
Iteration 1109455: max diff=0.000000, 3668.00 sec so far
Iteration 1110924: max diff=0.000000, 3673.01 sec so far
Iteration 1112346: max diff=0.000000, 3678.02 sec so far
Iteration 1113834: max diff=0.000000, 3683.02 sec so far
Iteration 1115347: max diff=0.000000, 3688.02 sec so far
Iteration 1116821: max diff=0.000000, 3693.03 sec so far
Iteration 1118272: max diff=0.000000, 3698.03 sec so far
Iteration 1119721: max diff=0.000000, 3703.04 sec so far
Iteration 1121209: max diff=0.000000, 3708.04 sec so far
Iteration 1122663: max diff=0.000000, 3713.04 sec so far
Iteration 1124230: max diff=0.000000, 3718.05 sec so far
Iteration 1125799: max diff=0.000000, 3723.05 sec so far
Iteration 1127381: max diff=0.000000, 3728.06 sec so far
Iteration 1128963: max diff=0.000000, 3733.06 sec so far
Iteration 1130490: max diff=0.000000, 3738.06 sec so far
Iteration 1132050: max diff=0.000000, 3743.07 sec so far
Iteration 1133566: max diff=0.000000, 3748.07 sec so far
Iteration 1135102: max diff=0.000000, 3753.08 sec so far
Iteration 1136563: max diff=0.000000, 3758.08 sec so far
Iteration 1138116: max diff=0.000000, 3763.08 sec so far
Iteration 1139705: max diff=0.000000, 3768.09 sec so far
Iteration 1141257: max diff=0.000000, 3773.09 sec so far
Iteration 1142769: max diff=0.000000, 3778.10 sec so far
Iteration 1144242: max diff=0.000000, 3783.10 sec so far
Iteration 1145670: max diff=0.000000, 3788.10 sec so far
Iteration 1147142: max diff=0.000000, 3793.11 sec so far
Iteration 1148730: max diff=0.000000, 3798.11 sec so far
Iteration 1150243: max diff=0.000000, 3803.12 sec so far
Iteration 1151726: max diff=0.000000, 3808.12 sec so far
Iteration 1153150: max diff=0.000000, 3813.12 sec so far
Iteration 1154590: max diff=0.000000, 3818.13 sec so far
Iteration 1156125: max diff=0.000000, 3823.13 sec so far
Iteration 1157589: max diff=0.000000, 3828.14 sec so far
Iteration 1159015: max diff=0.000000, 3833.14 sec so far
Iteration 1160586: max diff=0.000000, 3838.14 sec so far
Iteration 1162069: max diff=0.000000, 3843.15 sec so far
Iteration 1163605: max diff=0.000000, 3848.16 sec so far
Iteration 1165093: max diff=0.000000, 3853.16 sec so far
Iteration 1166574: max diff=0.000000, 3858.16 sec so far
Iteration 1168075: max diff=0.000000, 3863.17 sec so far
Iteration 1169610: max diff=0.000000, 3868.17 sec so far
Iteration 1171108: max diff=0.000000, 3873.18 sec so far
Iteration 1172615: max diff=0.000000, 3878.18 sec so far
Iteration 1174092: max diff=0.000000, 3883.18 sec so far
Iteration 1175577: max diff=0.000000, 3888.19 sec so far
Iteration 1177068: max diff=0.000000, 3893.19 sec so far
Iteration 1178549: max diff=0.000000, 3898.20 sec so far
Iteration 1179982: max diff=0.000000, 3903.20 sec so far
Iteration 1181577: max diff=0.000000, 3908.20 sec so far
Iteration 1183102: max diff=0.000000, 3913.21 sec so far
Iteration 1184602: max diff=0.000000, 3918.21 sec so far
Iteration 1186144: max diff=0.000000, 3923.22 sec so far
Iteration 1187605: max diff=0.000000, 3928.22 sec so far
Iteration 1189086: max diff=0.000000, 3933.22 sec so far
Iteration 1190545: max diff=0.000000, 3938.23 sec so far
Iteration 1192009: max diff=0.000000, 3943.23 sec so far
Iteration 1193547: max diff=0.000000, 3948.24 sec so far
Iteration 1195147: max diff=0.000000, 3953.24 sec so far
Iteration 1196668: max diff=0.000000, 3958.24 sec so far
Iteration 1198135: max diff=0.000000, 3963.25 sec so far
Iteration 1199608: max diff=0.000000, 3968.25 sec so far
Iteration 1201045: max diff=0.000000, 3973.26 sec so far
Iteration 1202550: max diff=0.000000, 3978.26 sec so far
Iteration 1204042: max diff=0.000000, 3983.26 sec so far
Iteration 1205568: max diff=0.000000, 3988.27 sec so far
Iteration 1207059: max diff=0.000000, 3993.27 sec so far
Iteration 1208613: max diff=0.000000, 3998.28 sec so far
Iteration 1210068: max diff=0.000000, 4003.28 sec so far
Iteration 1211426: max diff=0.000000, 4008.29 sec so far
Iteration 1212896: max diff=0.000000, 4013.30 sec so far
Iteration 1214354: max diff=0.000000, 4018.30 sec so far
Iteration 1215784: max diff=0.000000, 4023.30 sec so far
Iteration 1217063: max diff=0.000000, 4028.31 sec so far
Iteration 1218334: max diff=0.000000, 4033.32 sec so far
Iteration 1219610: max diff=0.000000, 4038.32 sec so far
Iteration 1220897: max diff=0.000000, 4043.32 sec so far
Iteration 1222190: max diff=0.000000, 4048.33 sec so far
Iteration 1223499: max diff=0.000000, 4053.33 sec so far
Iteration 1224739: max diff=0.000000, 4058.34 sec so far
Iteration 1226086: max diff=0.000000, 4063.34 sec so far
Iteration 1227456: max diff=0.000000, 4068.34 sec so far
Iteration 1228850: max diff=0.000000, 4073.35 sec so far
Iteration 1230242: max diff=0.000000, 4078.35 sec so far
Iteration 1231573: max diff=0.000000, 4083.36 sec so far
Iteration 1232910: max diff=0.000000, 4088.36 sec so far
Iteration 1234210: max diff=0.000000, 4093.36 sec so far
Iteration 1235552: max diff=0.000000, 4098.37 sec so far
Iteration 1236876: max diff=0.000000, 4103.37 sec so far
Iteration 1238166: max diff=0.000000, 4108.38 sec so far
Iteration 1239473: max diff=0.000000, 4113.38 sec so far
Iteration 1240780: max diff=0.000000, 4118.38 sec so far
Iteration 1242043: max diff=0.000000, 4123.39 sec so far
Iteration 1243361: max diff=0.000000, 4128.39 sec so far
Iteration 1244636: max diff=0.000000, 4133.40 sec so far
Iteration 1245975: max diff=0.000000, 4138.40 sec so far
Iteration 1247270: max diff=0.000000, 4143.41 sec so far
Iteration 1248610: max diff=0.000000, 4148.41 sec so far
Iteration 1249939: max diff=0.000000, 4153.42 sec so far
Iteration 1251220: max diff=0.000000, 4158.42 sec so far
Iteration 1252546: max diff=0.000000, 4163.42 sec so far
Iteration 1253883: max diff=0.000000, 4168.43 sec so far
Iteration 1255264: max diff=0.000000, 4173.43 sec so far
Iteration 1256554: max diff=0.000000, 4178.44 sec so far
Iteration 1257875: max diff=0.000000, 4183.44 sec so far
Iteration 1259164: max diff=0.000000, 4188.44 sec so far
Iteration 1260538: max diff=0.000000, 4193.45 sec so far
Iteration 1261873: max diff=0.000000, 4198.46 sec so far
Iteration 1263198: max diff=0.000000, 4203.46 sec so far
Iteration 1264507: max diff=0.000000, 4208.47 sec so far
Iteration 1265865: max diff=0.000000, 4213.47 sec so far
Iteration 1267133: max diff=0.000000, 4218.48 sec so far
Iteration 1268455: max diff=0.000000, 4223.48 sec so far
Iteration 1269762: max diff=0.000000, 4228.48 sec so far
Iteration 1271054: max diff=0.000000, 4233.49 sec so far
Iteration 1272455: max diff=0.000000, 4238.49 sec so far
Iteration 1273684: max diff=0.000000, 4243.50 sec so far
Iteration 1275042: max diff=0.000000, 4248.50 sec so far
Iteration 1276386: max diff=0.000000, 4253.50 sec so far
Iteration 1277735: max diff=0.000000, 4258.51 sec so far
Iteration 1279023: max diff=0.000000, 4263.51 sec so far
Iteration 1280383: max diff=0.000000, 4268.52 sec so far
Iteration 1281815: max diff=0.000000, 4273.52 sec so far
Iteration 1283156: max diff=0.000000, 4278.52 sec so far
Iteration 1284568: max diff=0.000000, 4283.53 sec so far
Iteration 1285946: max diff=0.000000, 4288.53 sec so far
Iteration 1287354: max diff=0.000000, 4293.54 sec so far
Iteration 1288687: max diff=0.000000, 4298.54 sec so far
Iteration 1290075: max diff=0.000000, 4303.54 sec so far
Iteration 1291418: max diff=0.000000, 4308.55 sec so far
Iteration 1292749: max diff=0.000000, 4313.55 sec so far
Iteration 1294086: max diff=0.000000, 4318.56 sec so far
Iteration 1295384: max diff=0.000000, 4323.56 sec so far
Iteration 1296807: max diff=0.000000, 4328.56 sec so far
Iteration 1298221: max diff=0.000000, 4333.57 sec so far
Iteration 1299581: max diff=0.000000, 4338.58 sec so far
Iteration 1300909: max diff=0.000000, 4343.58 sec so far
Iteration 1302215: max diff=0.000000, 4348.58 sec so far
Iteration 1303513: max diff=0.000000, 4353.59 sec so far
Iteration 1304870: max diff=0.000000, 4358.59 sec so far
Iteration 1306201: max diff=0.000000, 4363.60 sec so far
Iteration 1307531: max diff=0.000000, 4368.60 sec so far
Iteration 1308873: max diff=0.000000, 4373.60 sec so far
Iteration 1310228: max diff=0.000000, 4378.61 sec so far
Iteration 1311592: max diff=0.000000, 4383.62 sec so far
Iteration 1312896: max diff=0.000000, 4388.62 sec so far
Iteration 1314305: max diff=0.000000, 4393.62 sec so far
Iteration 1315651: max diff=0.000000, 4398.63 sec so far
Iteration 1317022: max diff=0.000000, 4403.64 sec so far
Iteration 1318421: max diff=0.000000, 4408.64 sec so far
Iteration 1319755: max diff=0.000000, 4413.64 sec so far
Iteration 1321087: max diff=0.000000, 4418.65 sec so far
Iteration 1322430: max diff=0.000000, 4423.65 sec so far
Iteration 1323737: max diff=0.000000, 4428.66 sec so far
Iteration 1325054: max diff=0.000000, 4433.66 sec so far
Iteration 1326405: max diff=0.000000, 4438.66 sec so far
Iteration 1327705: max diff=0.000000, 4443.67 sec so far
Iteration 1329042: max diff=0.000000, 4448.67 sec so far
Iteration 1330371: max diff=0.000000, 4453.68 sec so far
Iteration 1331698: max diff=0.000000, 4458.68 sec so far
Iteration 1332834: max diff=0.000000, 4463.69 sec so far
Iteration 1334148: max diff=0.000000, 4468.69 sec so far
Iteration 1335455: max diff=0.000000, 4473.70 sec so far
Iteration 1336808: max diff=0.000000, 4478.70 sec so far
Iteration 1338140: max diff=0.000000, 4483.70 sec so far
Iteration 1339459: max diff=0.000000, 4488.71 sec so far
Iteration 1340833: max diff=0.000000, 4493.71 sec so far
Iteration 1342108: max diff=0.000000, 4498.72 sec so far
Iteration 1343363: max diff=0.000000, 4503.72 sec so far
Iteration 1344905: max diff=0.000000, 4508.72 sec so far
Iteration 1346489: max diff=0.000000, 4513.73 sec so far
Iteration 1348098: max diff=0.000000, 4518.73 sec so far
Iteration 1349732: max diff=0.000000, 4523.74 sec so far
Iteration 1351378: max diff=0.000000, 4528.74 sec so far
Iteration 1353031: max diff=0.000000, 4533.74 sec so far
Iteration 1354691: max diff=0.000000, 4538.75 sec so far
Iteration 1356355: max diff=0.000000, 4543.75 sec so far
Iteration 1358029: max diff=0.000000, 4548.76 sec so far
Iteration 1359695: max diff=0.000000, 4553.76 sec so far
Iteration 1361350: max diff=0.000000, 4558.76 sec so far
Iteration 1363011: max diff=0.000000, 4563.77 sec so far
Iteration 1364668: max diff=0.000000, 4568.77 sec so far
Iteration 1366295: max diff=0.000000, 4573.78 sec so far
Iteration 1367928: max diff=0.000000, 4578.78 sec so far
Iteration 1369577: max diff=0.000000, 4583.78 sec so far
Iteration 1371213: max diff=0.000000, 4588.79 sec so far
Iteration 1372832: max diff=0.000000, 4593.79 sec so far
Iteration 1374468: max diff=0.000000, 4598.80 sec so far
Iteration 1376097: max diff=0.000000, 4603.80 sec so far
Iteration 1377731: max diff=0.000000, 4608.80 sec so far
Iteration 1379380: max diff=0.000000, 4613.81 sec so far
Iteration 1381017: max diff=0.000000, 4618.81 sec so far
Iteration 1382653: max diff=0.000000, 4623.82 sec so far
Iteration 1384306: max diff=0.000000, 4628.82 sec so far
Iteration 1385943: max diff=0.000000, 4633.82 sec so far
Iteration 1387568: max diff=0.000000, 4638.83 sec so far
Iteration 1389226: max diff=0.000000, 4643.83 sec so far
Iteration 1390868: max diff=0.000000, 4648.84 sec so far
Iteration 1392504: max diff=0.000000, 4653.84 sec so far
Iteration 1394150: max diff=0.000000, 4658.85 sec so far
Iteration 1395788: max diff=0.000000, 4663.85 sec so far
Iteration 1397433: max diff=0.000000, 4668.86 sec so far
Iteration 1399105: max diff=0.000000, 4673.86 sec so far
Iteration 1400746: max diff=0.000000, 4678.86 sec so far
Iteration 1402385: max diff=0.000000, 4683.87 sec so far
Iteration 1404043: max diff=0.000000, 4688.87 sec so far
Iteration 1405679: max diff=0.000000, 4693.88 sec so far
Iteration 1407317: max diff=0.000000, 4698.88 sec so far
Iteration 1408968: max diff=0.000000, 4703.88 sec so far
Iteration 1410610: max diff=0.000000, 4708.89 sec so far
Iteration 1412244: max diff=0.000000, 4713.89 sec so far
Iteration 1413875: max diff=0.000000, 4718.90 sec so far
Iteration 1415508: max diff=0.000000, 4723.90 sec so far
Iteration 1417136: max diff=0.000000, 4728.90 sec so far
Iteration 1418767: max diff=0.000000, 4733.91 sec so far
Iteration 1420415: max diff=0.000000, 4738.91 sec so far
Iteration 1422055: max diff=0.000000, 4743.92 sec so far
Iteration 1423687: max diff=0.000000, 4748.92 sec so far
Iteration 1425313: max diff=0.000000, 4753.92 sec so far
Iteration 1426935: max diff=0.000000, 4758.93 sec so far
Iteration 1428551: max diff=0.000000, 4763.93 sec so far
Iteration 1430191: max diff=0.000000, 4768.94 sec so far
Iteration 1431819: max diff=0.000000, 4773.94 sec so far
Iteration 1433446: max diff=0.000000, 4778.94 sec so far
Iteration 1435085: max diff=0.000000, 4783.95 sec so far
Iteration 1436700: max diff=0.000000, 4788.95 sec so far
Iteration 1438319: max diff=0.000000, 4793.96 sec so far
Iteration 1439957: max diff=0.000000, 4798.96 sec so far
Iteration 1441551: max diff=0.000000, 4803.96 sec so far
Iteration 1443183: max diff=0.000000, 4808.97 sec so far
Iteration 1444830: max diff=0.000000, 4813.97 sec so far
Iteration 1446474: max diff=0.000000, 4818.98 sec so far
Iteration 1448115: max diff=0.000000, 4823.98 sec so far
Iteration 1449762: max diff=0.000000, 4828.98 sec so far
Iteration 1451407: max diff=0.000000, 4833.99 sec so far
Iteration 1453048: max diff=0.000000, 4838.99 sec so far
Iteration 1454688: max diff=0.000000, 4844.00 sec so far
Iteration 1456320: max diff=0.000000, 4849.00 sec so far
Iteration 1457973: max diff=0.000000, 4854.01 sec so far
Iteration 1459664: max diff=0.000000, 4859.01 sec so far
Iteration 1461318: max diff=0.000000, 4864.02 sec so far
Iteration 1462966: max diff=0.000000, 4869.02 sec so far
Iteration 1464631: max diff=0.000000, 4874.02 sec so far
Iteration 1466275: max diff=0.000000, 4879.03 sec so far
Iteration 1467926: max diff=0.000000, 4884.03 sec so far
Iteration 1469607: max diff=0.000000, 4889.04 sec so far
Iteration 1471257: max diff=0.000000, 4894.04 sec so far
Iteration 1472907: max diff=0.000000, 4899.04 sec so far
Iteration 1474571: max diff=0.000000, 4904.05 sec so far
Iteration 1476210: max diff=0.000000, 4909.05 sec so far
Iteration 1477875: max diff=0.000000, 4914.06 sec so far
Iteration 1479552: max diff=0.000000, 4919.06 sec so far
Iteration 1481197: max diff=0.000000, 4924.06 sec so far
Iteration 1482853: max diff=0.000000, 4929.07 sec so far
Iteration 1484512: max diff=0.000000, 4934.07 sec so far
Iteration 1486163: max diff=0.000000, 4939.08 sec so far
Iteration 1487818: max diff=0.000000, 4944.08 sec so far
Iteration 1489488: max diff=0.000000, 4949.08 sec so far
Iteration 1491134: max diff=0.000000, 4954.09 sec so far
Iteration 1492768: max diff=0.000000, 4959.09 sec so far
Iteration 1494431: max diff=0.000000, 4964.10 sec so far
Iteration 1496079: max diff=0.000000, 4969.10 sec so far
Iteration 1497725: max diff=0.000000, 4974.10 sec so far
Iteration 1499374: max diff=0.000000, 4979.11 sec so far
Iteration 1501025: max diff=0.000000, 4984.11 sec so far
Iteration 1502678: max diff=0.000000, 4989.12 sec so far
Iteration 1504323: max diff=0.000000, 4994.12 sec so far
Iteration 1505968: max diff=0.000000, 4999.12 sec so far
Iteration 1507597: max diff=0.000000, 5004.13 sec so far
Iteration 1509238: max diff=0.000000, 5009.13 sec so far
Iteration 1510882: max diff=0.000000, 5014.14 sec so far
Iteration 1512524: max diff=0.000000, 5019.14 sec so far
Iteration 1514166: max diff=0.000000, 5024.14 sec so far
Iteration 1515804: max diff=0.000000, 5029.15 sec so far
Iteration 1517446: max diff=0.000000, 5034.15 sec so far
Iteration 1519092: max diff=0.000000, 5039.16 sec so far
Iteration 1520754: max diff=0.000000, 5044.16 sec so far
Iteration 1522394: max diff=0.000000, 5049.16 sec so far
Iteration 1524034: max diff=0.000000, 5054.17 sec so far
Iteration 1525672: max diff=0.000000, 5059.17 sec so far
Iteration 1527320: max diff=0.000000, 5064.18 sec so far
Iteration 1528973: max diff=0.000000, 5069.18 sec so far
Iteration 1530616: max diff=0.000000, 5074.19 sec so far
Iteration 1532204: max diff=0.000000, 5079.19 sec so far
Iteration 1533842: max diff=0.000000, 5084.20 sec so far
Iteration 1535490: max diff=0.000000, 5089.20 sec so far
Iteration 1537125: max diff=0.000000, 5094.20 sec so far

Power method: 1537931 iterations in 5096.67 seconds (average 0.003314, setup 0.01)

Printing steady-state probabilities in plain text format to file "../../CZK_project/Output/t=0.1_median_1E-6_dynamic/hybrid/ph_10_25000_1E-6"...

Time for steady-state probability computation: 5584.396 seconds.

