PRISM
=====

Version: 4.4
Date: Tue Jun 19 14:47:41 EDT 2018
Hostname: storm-eval
Memory limits: cudd=1g, java(heap)=910.5m
Command line: prism -hybrid -epsilon 3.33333e-11 -maxiters 100000000 -power -absolute -const 'k=30000,timeout=0.1,lambda=6.93147180559945309400' ../../CZK_project/Model/queue_withptf_ctmc.sm -ss -exportss ../../CZK_project/Output/t=0.1_median_1E-6_dynamic/hybrid/ph_10_30000_1E-6

Parsing model file "../../CZK_project/Model/queue_withptf_ctmc.sm"...

Type:        CTMC
Modules:     main trigger 
Variables:   qSize i 

---------------------------------------------------------------------

Computing steady-state probabilities...

Building model...
Model constants: k=30000,timeout=0.1,lambda=6.9314718056

Computing reachable states...

Reachability (BFS): 330000 iterations in 16.54 seconds (average 0.000050, setup 0.00)

Time for model construction: 91.589 seconds.

Type:        CTMC
States:      330000 (1 initial)
Transitions: 630000

Rate matrix: 212 nodes (3 terminal), 630000 minterms, vars: 19r/19c

SCCs: 1, BSCCs: 1, non-BSCC states: 0
BSCC sizes: 1:330000

Initial states all in one BSCC (so no reachability probabilities computed)

Computing probabilities...
Engine: Hybrid

Building power method iteration matrix MTBDD... [nodes=284] [5.5 Kb]
Building hybrid MTBDD matrix... [levels=19, nodes=325] [15.2 KB]
Adding explicit sparse matrices... [levels=15, num=5, compact] [966.8 KB]
Allocating iteration vectors... [2 x 2.5 MB]
TOTAL: [6.0 MB]

Starting iterations...
Iteration 1325: max diff=0.000000, 5.00 sec so far
Iteration 2645: max diff=0.000000, 10.01 sec so far
Iteration 3931: max diff=0.000000, 15.01 sec so far
Iteration 5212: max diff=0.000000, 20.02 sec so far
Iteration 6491: max diff=0.000000, 25.02 sec so far
Iteration 7758: max diff=0.000000, 30.02 sec so far
Iteration 9032: max diff=0.000000, 35.03 sec so far
Iteration 10300: max diff=0.000000, 40.03 sec so far
Iteration 11574: max diff=0.000000, 45.04 sec so far
Iteration 12841: max diff=0.000000, 50.04 sec so far
Iteration 14115: max diff=0.000000, 55.04 sec so far
Iteration 15393: max diff=0.000000, 60.05 sec so far
Iteration 16666: max diff=0.000000, 65.05 sec so far
Iteration 17943: max diff=0.000000, 70.06 sec so far
Iteration 19218: max diff=0.000000, 75.06 sec so far
Iteration 20499: max diff=0.000000, 80.07 sec so far
Iteration 21778: max diff=0.000000, 85.07 sec so far
Iteration 23044: max diff=0.000000, 90.08 sec so far
Iteration 24309: max diff=0.000000, 95.08 sec so far
Iteration 25574: max diff=0.000000, 100.08 sec so far
Iteration 26844: max diff=0.000000, 105.09 sec so far
Iteration 28111: max diff=0.000000, 110.10 sec so far
Iteration 29376: max diff=0.000000, 115.10 sec so far
Iteration 30647: max diff=0.000000, 120.11 sec so far
Iteration 31911: max diff=0.000000, 125.11 sec so far
Iteration 33177: max diff=0.000000, 130.12 sec so far
Iteration 34438: max diff=0.000000, 135.12 sec so far
Iteration 35708: max diff=0.000000, 140.12 sec so far
Iteration 36971: max diff=0.000000, 145.13 sec so far
Iteration 38238: max diff=0.000000, 150.13 sec so far
Iteration 39500: max diff=0.000000, 155.14 sec so far
Iteration 40759: max diff=0.000000, 160.14 sec so far
Iteration 42024: max diff=0.000000, 165.14 sec so far
Iteration 43286: max diff=0.000000, 170.15 sec so far
Iteration 44542: max diff=0.000000, 175.15 sec so far
Iteration 45813: max diff=0.000000, 180.16 sec so far
Iteration 47090: max diff=0.000000, 185.16 sec so far
Iteration 48355: max diff=0.000000, 190.16 sec so far
Iteration 49630: max diff=0.000000, 195.17 sec so far
Iteration 50892: max diff=0.000000, 200.17 sec so far
Iteration 52150: max diff=0.000000, 205.18 sec so far
Iteration 53414: max diff=0.000000, 210.18 sec so far
Iteration 54686: max diff=0.000000, 215.18 sec so far
Iteration 55949: max diff=0.000000, 220.19 sec so far
Iteration 57227: max diff=0.000000, 225.19 sec so far
Iteration 58485: max diff=0.000000, 230.20 sec so far
Iteration 59748: max diff=0.000000, 235.20 sec so far
Iteration 61019: max diff=0.000000, 240.21 sec so far
Iteration 62266: max diff=0.000000, 245.21 sec so far
Iteration 63526: max diff=0.000000, 250.22 sec so far
Iteration 64794: max diff=0.000000, 255.22 sec so far
Iteration 66061: max diff=0.000000, 260.23 sec so far
Iteration 67327: max diff=0.000000, 265.24 sec so far
Iteration 68592: max diff=0.000000, 270.24 sec so far
Iteration 69857: max diff=0.000000, 275.24 sec so far
Iteration 71118: max diff=0.000000, 280.25 sec so far
Iteration 72372: max diff=0.000000, 285.25 sec so far
Iteration 73637: max diff=0.000000, 290.26 sec so far
Iteration 74913: max diff=0.000000, 295.26 sec so far
Iteration 76196: max diff=0.000000, 300.27 sec so far
Iteration 77526: max diff=0.000000, 305.27 sec so far
Iteration 78871: max diff=0.000000, 310.28 sec so far
Iteration 80215: max diff=0.000000, 315.28 sec so far
Iteration 81558: max diff=0.000000, 320.28 sec so far
Iteration 82840: max diff=0.000000, 325.29 sec so far
Iteration 84118: max diff=0.000000, 330.29 sec so far
Iteration 85405: max diff=0.000000, 335.30 sec so far
Iteration 86730: max diff=0.000000, 340.30 sec so far
Iteration 88017: max diff=0.000000, 345.30 sec so far
Iteration 89288: max diff=0.000000, 350.31 sec so far
Iteration 90581: max diff=0.000000, 355.31 sec so far
Iteration 91865: max diff=0.000000, 360.32 sec so far
Iteration 93147: max diff=0.000000, 365.32 sec so far
Iteration 94431: max diff=0.000000, 370.32 sec so far
Iteration 95715: max diff=0.000000, 375.33 sec so far
Iteration 96996: max diff=0.000000, 380.33 sec so far
Iteration 98283: max diff=0.000000, 385.34 sec so far
Iteration 99563: max diff=0.000000, 390.34 sec so far
Iteration 100840: max diff=0.000000, 395.34 sec so far
Iteration 102120: max diff=0.000000, 400.35 sec so far
Iteration 103396: max diff=0.000000, 405.36 sec so far
Iteration 104677: max diff=0.000000, 410.36 sec so far
Iteration 105954: max diff=0.000000, 415.36 sec so far
Iteration 107231: max diff=0.000000, 420.37 sec so far
Iteration 108521: max diff=0.000000, 425.37 sec so far
Iteration 109800: max diff=0.000000, 430.38 sec so far
Iteration 111139: max diff=0.000000, 435.38 sec so far
Iteration 112520: max diff=0.000000, 440.38 sec so far
Iteration 113884: max diff=0.000000, 445.39 sec so far
Iteration 115267: max diff=0.000000, 450.39 sec so far
Iteration 116650: max diff=0.000000, 455.40 sec so far
Iteration 118033: max diff=0.000000, 460.40 sec so far
Iteration 119411: max diff=0.000000, 465.40 sec so far
Iteration 120787: max diff=0.000000, 470.41 sec so far
Iteration 122175: max diff=0.000000, 475.41 sec so far
Iteration 123552: max diff=0.000000, 480.42 sec so far
Iteration 124927: max diff=0.000000, 485.42 sec so far
Iteration 126312: max diff=0.000000, 490.42 sec so far
Iteration 127693: max diff=0.000000, 495.43 sec so far
Iteration 129071: max diff=0.000000, 500.43 sec so far
Iteration 130455: max diff=0.000000, 505.44 sec so far
Iteration 131837: max diff=0.000000, 510.44 sec so far
Iteration 133220: max diff=0.000000, 515.44 sec so far
Iteration 134613: max diff=0.000000, 520.45 sec so far
Iteration 135987: max diff=0.000000, 525.45 sec so far
Iteration 137364: max diff=0.000000, 530.46 sec so far
Iteration 138746: max diff=0.000000, 535.46 sec so far
Iteration 140134: max diff=0.000000, 540.46 sec so far
Iteration 141516: max diff=0.000000, 545.47 sec so far
Iteration 142895: max diff=0.000000, 550.47 sec so far
Iteration 144284: max diff=0.000000, 555.48 sec so far
Iteration 145660: max diff=0.000000, 560.48 sec so far
Iteration 147038: max diff=0.000000, 565.48 sec so far
Iteration 148420: max diff=0.000000, 570.49 sec so far
Iteration 149803: max diff=0.000000, 575.49 sec so far
Iteration 151190: max diff=0.000000, 580.50 sec so far
Iteration 152589: max diff=0.000000, 585.50 sec so far
Iteration 153971: max diff=0.000000, 590.50 sec so far
Iteration 155351: max diff=0.000000, 595.51 sec so far
Iteration 156737: max diff=0.000000, 600.51 sec so far
Iteration 158112: max diff=0.000000, 605.52 sec so far
Iteration 159488: max diff=0.000000, 610.52 sec so far
Iteration 160866: max diff=0.000000, 615.52 sec so far
Iteration 162241: max diff=0.000000, 620.53 sec so far
Iteration 163618: max diff=0.000000, 625.53 sec so far
Iteration 164990: max diff=0.000000, 630.54 sec so far
Iteration 166371: max diff=0.000000, 635.54 sec so far
Iteration 167752: max diff=0.000000, 640.54 sec so far
Iteration 169122: max diff=0.000000, 645.55 sec so far
Iteration 170504: max diff=0.000000, 650.55 sec so far
Iteration 171881: max diff=0.000000, 655.56 sec so far
Iteration 173253: max diff=0.000000, 660.56 sec so far
Iteration 174627: max diff=0.000000, 665.56 sec so far
Iteration 175997: max diff=0.000000, 670.57 sec so far
Iteration 177372: max diff=0.000000, 675.57 sec so far
Iteration 178755: max diff=0.000000, 680.58 sec so far
Iteration 180127: max diff=0.000000, 685.58 sec so far
Iteration 181500: max diff=0.000000, 690.58 sec so far
Iteration 182872: max diff=0.000000, 695.59 sec so far
Iteration 184239: max diff=0.000000, 700.59 sec so far
Iteration 185613: max diff=0.000000, 705.60 sec so far
Iteration 186987: max diff=0.000000, 710.60 sec so far
Iteration 188370: max diff=0.000000, 715.60 sec so far
Iteration 189741: max diff=0.000000, 720.61 sec so far
Iteration 191106: max diff=0.000000, 725.61 sec so far
Iteration 192479: max diff=0.000000, 730.62 sec so far
Iteration 193846: max diff=0.000000, 735.62 sec so far
Iteration 195214: max diff=0.000000, 740.62 sec so far
Iteration 196585: max diff=0.000000, 745.63 sec so far
Iteration 197974: max diff=0.000000, 750.63 sec so far
Iteration 199349: max diff=0.000000, 755.64 sec so far
Iteration 200728: max diff=0.000000, 760.64 sec so far
Iteration 202114: max diff=0.000000, 765.64 sec so far
Iteration 203494: max diff=0.000000, 770.65 sec so far
Iteration 204877: max diff=0.000000, 775.65 sec so far
Iteration 206257: max diff=0.000000, 780.66 sec so far
Iteration 207647: max diff=0.000000, 785.66 sec so far
Iteration 209024: max diff=0.000000, 790.66 sec so far
Iteration 210411: max diff=0.000000, 795.67 sec so far
Iteration 211795: max diff=0.000000, 800.67 sec so far
Iteration 213174: max diff=0.000000, 805.68 sec so far
Iteration 214552: max diff=0.000000, 810.68 sec so far
Iteration 215948: max diff=0.000000, 815.68 sec so far
Iteration 217331: max diff=0.000000, 820.69 sec so far
Iteration 218715: max diff=0.000000, 825.69 sec so far
Iteration 220094: max diff=0.000000, 830.70 sec so far
Iteration 221467: max diff=0.000000, 835.70 sec so far
Iteration 222848: max diff=0.000000, 840.70 sec so far
Iteration 224232: max diff=0.000000, 845.71 sec so far
Iteration 225617: max diff=0.000000, 850.71 sec so far
Iteration 227002: max diff=0.000000, 855.72 sec so far
Iteration 228384: max diff=0.000000, 860.72 sec so far
Iteration 229764: max diff=0.000000, 865.72 sec so far
Iteration 231149: max diff=0.000000, 870.73 sec so far
Iteration 232537: max diff=0.000000, 875.73 sec so far
Iteration 233920: max diff=0.000000, 880.74 sec so far
Iteration 235304: max diff=0.000000, 885.74 sec so far
Iteration 236701: max diff=0.000000, 890.74 sec so far
Iteration 238086: max diff=0.000000, 895.75 sec so far
Iteration 239472: max diff=0.000000, 900.75 sec so far
Iteration 240855: max diff=0.000000, 905.76 sec so far
Iteration 242232: max diff=0.000000, 910.76 sec so far
Iteration 243611: max diff=0.000000, 915.76 sec so far
Iteration 244989: max diff=0.000000, 920.77 sec so far
Iteration 246372: max diff=0.000000, 925.77 sec so far
Iteration 247754: max diff=0.000000, 930.78 sec so far
Iteration 249131: max diff=0.000000, 935.78 sec so far
Iteration 250519: max diff=0.000000, 940.78 sec so far
Iteration 251898: max diff=0.000000, 945.79 sec so far
Iteration 253274: max diff=0.000000, 950.79 sec so far
Iteration 254649: max diff=0.000000, 955.80 sec so far
Iteration 256027: max diff=0.000000, 960.80 sec so far
Iteration 257408: max diff=0.000000, 965.80 sec so far
Iteration 258783: max diff=0.000000, 970.81 sec so far
Iteration 260165: max diff=0.000000, 975.81 sec so far
Iteration 261542: max diff=0.000000, 980.82 sec so far
Iteration 262908: max diff=0.000000, 985.82 sec so far
Iteration 264278: max diff=0.000000, 990.82 sec so far
Iteration 265654: max diff=0.000000, 995.83 sec so far
Iteration 267026: max diff=0.000000, 1000.83 sec so far
Iteration 268396: max diff=0.000000, 1005.84 sec so far
Iteration 269777: max diff=0.000000, 1010.84 sec so far
Iteration 271151: max diff=0.000000, 1015.84 sec so far
Iteration 272527: max diff=0.000000, 1020.85 sec so far
Iteration 273910: max diff=0.000000, 1025.85 sec so far
Iteration 275279: max diff=0.000000, 1030.86 sec so far
Iteration 276658: max diff=0.000000, 1035.86 sec so far
Iteration 278025: max diff=0.000000, 1040.86 sec so far
Iteration 279399: max diff=0.000000, 1045.87 sec so far
Iteration 280768: max diff=0.000000, 1050.87 sec so far
Iteration 282147: max diff=0.000000, 1055.88 sec so far
Iteration 283507: max diff=0.000000, 1060.88 sec so far
Iteration 284879: max diff=0.000000, 1065.88 sec so far
Iteration 286264: max diff=0.000000, 1070.89 sec so far
Iteration 287644: max diff=0.000000, 1075.90 sec so far
Iteration 289016: max diff=0.000000, 1080.90 sec so far
Iteration 290393: max diff=0.000000, 1085.90 sec so far
Iteration 291769: max diff=0.000000, 1090.91 sec so far
Iteration 293143: max diff=0.000000, 1095.91 sec so far
Iteration 294510: max diff=0.000000, 1100.92 sec so far
Iteration 295893: max diff=0.000000, 1105.92 sec so far
Iteration 297263: max diff=0.000000, 1110.92 sec so far
Iteration 298633: max diff=0.000000, 1115.93 sec so far
Iteration 300018: max diff=0.000000, 1120.93 sec so far
Iteration 301391: max diff=0.000000, 1125.94 sec so far
Iteration 302760: max diff=0.000000, 1130.94 sec so far
Iteration 304139: max diff=0.000000, 1135.94 sec so far
Iteration 305508: max diff=0.000000, 1140.95 sec so far
Iteration 306879: max diff=0.000000, 1145.95 sec so far
Iteration 308252: max diff=0.000000, 1150.96 sec so far
Iteration 309615: max diff=0.000000, 1155.96 sec so far
Iteration 310980: max diff=0.000000, 1160.96 sec so far
Iteration 312351: max diff=0.000000, 1165.97 sec so far
Iteration 313731: max diff=0.000000, 1170.97 sec so far
Iteration 315114: max diff=0.000000, 1175.98 sec so far
Iteration 316485: max diff=0.000000, 1180.98 sec so far
Iteration 317866: max diff=0.000000, 1185.98 sec so far
Iteration 319240: max diff=0.000000, 1190.99 sec so far
Iteration 320602: max diff=0.000000, 1195.99 sec so far
Iteration 321976: max diff=0.000000, 1201.00 sec so far
Iteration 323344: max diff=0.000000, 1206.00 sec so far
Iteration 324695: max diff=0.000000, 1211.00 sec so far
Iteration 326070: max diff=0.000000, 1216.01 sec so far
Iteration 327429: max diff=0.000000, 1221.01 sec so far
Iteration 328783: max diff=0.000000, 1226.02 sec so far
Iteration 330156: max diff=0.000000, 1231.02 sec so far
Iteration 331515: max diff=0.000000, 1236.02 sec so far
Iteration 332866: max diff=0.000000, 1241.03 sec so far
Iteration 334239: max diff=0.000000, 1246.03 sec so far
Iteration 335601: max diff=0.000000, 1251.04 sec so far
Iteration 336964: max diff=0.000000, 1256.04 sec so far
Iteration 338332: max diff=0.000000, 1261.04 sec so far
Iteration 339700: max diff=0.000000, 1266.05 sec so far
Iteration 341056: max diff=0.000000, 1271.05 sec so far
Iteration 342408: max diff=0.000000, 1276.06 sec so far
Iteration 343773: max diff=0.000000, 1281.06 sec so far
Iteration 345138: max diff=0.000000, 1286.06 sec so far
Iteration 346501: max diff=0.000000, 1291.07 sec so far
Iteration 347881: max diff=0.000000, 1296.07 sec so far
Iteration 349243: max diff=0.000000, 1301.08 sec so far
Iteration 350607: max diff=0.000000, 1306.08 sec so far
Iteration 351964: max diff=0.000000, 1311.08 sec so far
Iteration 353330: max diff=0.000000, 1316.09 sec so far
Iteration 354689: max diff=0.000000, 1321.09 sec so far
Iteration 356059: max diff=0.000000, 1326.10 sec so far
Iteration 357420: max diff=0.000000, 1331.10 sec so far
Iteration 358794: max diff=0.000000, 1336.10 sec so far
Iteration 360157: max diff=0.000000, 1341.11 sec so far
Iteration 361525: max diff=0.000000, 1346.11 sec so far
Iteration 362899: max diff=0.000000, 1351.12 sec so far
Iteration 364283: max diff=0.000000, 1356.12 sec so far
Iteration 365650: max diff=0.000000, 1361.12 sec so far
Iteration 367017: max diff=0.000000, 1366.13 sec so far
Iteration 368381: max diff=0.000000, 1371.13 sec so far
Iteration 369757: max diff=0.000000, 1376.14 sec so far
Iteration 371141: max diff=0.000000, 1381.14 sec so far
Iteration 372509: max diff=0.000000, 1386.14 sec so far
Iteration 373896: max diff=0.000000, 1391.15 sec so far
Iteration 375265: max diff=0.000000, 1396.15 sec so far
Iteration 376640: max diff=0.000000, 1401.16 sec so far
Iteration 378011: max diff=0.000000, 1406.16 sec so far
Iteration 379381: max diff=0.000000, 1411.16 sec so far
Iteration 380747: max diff=0.000000, 1416.17 sec so far
Iteration 382135: max diff=0.000000, 1421.17 sec so far
Iteration 383512: max diff=0.000000, 1426.18 sec so far
Iteration 384882: max diff=0.000000, 1431.18 sec so far
Iteration 386258: max diff=0.000000, 1436.18 sec so far
Iteration 387630: max diff=0.000000, 1441.19 sec so far
Iteration 388991: max diff=0.000000, 1446.19 sec so far
Iteration 390355: max diff=0.000000, 1451.20 sec so far
Iteration 391730: max diff=0.000000, 1456.20 sec so far
Iteration 393086: max diff=0.000000, 1461.20 sec so far
Iteration 394466: max diff=0.000000, 1466.21 sec so far
Iteration 395847: max diff=0.000000, 1471.21 sec so far
Iteration 397215: max diff=0.000000, 1476.22 sec so far
Iteration 398586: max diff=0.000000, 1481.22 sec so far
Iteration 399975: max diff=0.000000, 1486.22 sec so far
Iteration 401342: max diff=0.000000, 1491.23 sec so far
Iteration 402701: max diff=0.000000, 1496.23 sec so far
Iteration 404076: max diff=0.000000, 1501.24 sec so far
Iteration 405443: max diff=0.000000, 1506.24 sec so far
Iteration 406814: max diff=0.000000, 1511.24 sec so far
Iteration 408187: max diff=0.000000, 1516.25 sec so far
Iteration 409559: max diff=0.000000, 1521.25 sec so far
Iteration 410925: max diff=0.000000, 1526.26 sec so far
Iteration 412290: max diff=0.000000, 1531.26 sec so far
Iteration 413657: max diff=0.000000, 1536.26 sec so far
Iteration 415024: max diff=0.000000, 1541.27 sec so far
Iteration 416396: max diff=0.000000, 1546.27 sec so far
Iteration 417769: max diff=0.000000, 1551.28 sec so far
Iteration 419128: max diff=0.000000, 1556.28 sec so far
Iteration 420492: max diff=0.000000, 1561.28 sec so far
Iteration 421873: max diff=0.000000, 1566.29 sec so far
Iteration 423241: max diff=0.000000, 1571.29 sec so far
Iteration 424609: max diff=0.000000, 1576.30 sec so far
Iteration 425979: max diff=0.000000, 1581.30 sec so far
Iteration 427354: max diff=0.000000, 1586.30 sec so far
Iteration 428723: max diff=0.000000, 1591.31 sec so far
Iteration 430089: max diff=0.000000, 1596.31 sec so far
Iteration 431459: max diff=0.000000, 1601.32 sec so far
Iteration 432827: max diff=0.000000, 1606.32 sec so far
Iteration 434193: max diff=0.000000, 1611.32 sec so far
Iteration 435545: max diff=0.000000, 1616.33 sec so far
Iteration 436850: max diff=0.000000, 1621.33 sec so far
Iteration 438144: max diff=0.000000, 1626.34 sec so far
Iteration 439472: max diff=0.000000, 1631.34 sec so far
Iteration 440818: max diff=0.000000, 1636.34 sec so far
Iteration 442168: max diff=0.000000, 1641.35 sec so far
Iteration 443502: max diff=0.000000, 1646.35 sec so far
Iteration 444862: max diff=0.000000, 1651.36 sec so far
Iteration 446210: max diff=0.000000, 1656.36 sec so far
Iteration 447572: max diff=0.000000, 1661.36 sec so far
Iteration 448923: max diff=0.000000, 1666.37 sec so far
Iteration 450278: max diff=0.000000, 1671.37 sec so far
Iteration 451636: max diff=0.000000, 1676.38 sec so far
Iteration 452994: max diff=0.000000, 1681.38 sec so far
Iteration 454348: max diff=0.000000, 1686.38 sec so far
Iteration 455711: max diff=0.000000, 1691.39 sec so far
Iteration 457057: max diff=0.000000, 1696.39 sec so far
Iteration 458415: max diff=0.000000, 1701.40 sec so far
Iteration 459763: max diff=0.000000, 1706.40 sec so far
Iteration 461123: max diff=0.000000, 1711.40 sec so far
Iteration 462477: max diff=0.000000, 1716.41 sec so far
Iteration 463843: max diff=0.000000, 1721.41 sec so far
Iteration 465212: max diff=0.000000, 1726.42 sec so far
Iteration 466572: max diff=0.000000, 1731.42 sec so far
Iteration 467928: max diff=0.000000, 1736.42 sec so far
Iteration 469292: max diff=0.000000, 1741.43 sec so far
Iteration 470649: max diff=0.000000, 1746.43 sec so far
Iteration 471991: max diff=0.000000, 1751.44 sec so far
Iteration 473337: max diff=0.000000, 1756.44 sec so far
Iteration 474673: max diff=0.000000, 1761.44 sec so far
Iteration 476017: max diff=0.000000, 1766.45 sec so far
Iteration 477359: max diff=0.000000, 1771.45 sec so far
Iteration 478698: max diff=0.000000, 1776.46 sec so far
Iteration 480047: max diff=0.000000, 1781.46 sec so far
Iteration 481404: max diff=0.000000, 1786.46 sec so far
Iteration 482741: max diff=0.000000, 1791.47 sec so far
Iteration 484083: max diff=0.000000, 1796.47 sec so far
Iteration 485432: max diff=0.000000, 1801.48 sec so far
Iteration 486773: max diff=0.000000, 1806.48 sec so far
Iteration 488114: max diff=0.000000, 1811.48 sec so far
Iteration 489460: max diff=0.000000, 1816.49 sec so far
Iteration 490805: max diff=0.000000, 1821.49 sec so far
Iteration 492142: max diff=0.000000, 1826.50 sec so far
Iteration 493488: max diff=0.000000, 1831.50 sec so far
Iteration 494835: max diff=0.000000, 1836.50 sec so far
Iteration 496172: max diff=0.000000, 1841.51 sec so far
Iteration 497524: max diff=0.000000, 1846.51 sec so far
Iteration 498858: max diff=0.000000, 1851.52 sec so far
Iteration 500197: max diff=0.000000, 1856.52 sec so far
Iteration 501535: max diff=0.000000, 1861.52 sec so far
Iteration 502874: max diff=0.000000, 1866.53 sec so far
Iteration 504211: max diff=0.000000, 1871.53 sec so far
Iteration 505555: max diff=0.000000, 1876.54 sec so far
Iteration 506897: max diff=0.000000, 1881.54 sec so far
Iteration 508235: max diff=0.000000, 1886.54 sec so far
Iteration 509575: max diff=0.000000, 1891.55 sec so far
Iteration 510925: max diff=0.000000, 1896.55 sec so far
Iteration 512266: max diff=0.000000, 1901.56 sec so far
Iteration 513609: max diff=0.000000, 1906.56 sec so far
Iteration 514950: max diff=0.000000, 1911.56 sec so far
Iteration 516288: max diff=0.000000, 1916.57 sec so far
Iteration 517622: max diff=0.000000, 1921.57 sec so far
Iteration 518963: max diff=0.000000, 1926.58 sec so far
Iteration 520309: max diff=0.000000, 1931.58 sec so far
Iteration 521648: max diff=0.000000, 1936.58 sec so far
Iteration 522994: max diff=0.000000, 1941.59 sec so far
Iteration 524337: max diff=0.000000, 1946.59 sec so far
Iteration 525682: max diff=0.000000, 1951.60 sec so far
Iteration 527033: max diff=0.000000, 1956.60 sec so far
Iteration 528379: max diff=0.000000, 1961.60 sec so far
Iteration 529722: max diff=0.000000, 1966.61 sec so far
Iteration 531075: max diff=0.000000, 1971.61 sec so far
Iteration 532421: max diff=0.000000, 1976.62 sec so far
Iteration 533766: max diff=0.000000, 1981.62 sec so far
Iteration 535114: max diff=0.000000, 1986.62 sec so far
Iteration 536457: max diff=0.000000, 1991.63 sec so far
Iteration 537802: max diff=0.000000, 1996.63 sec so far
Iteration 539157: max diff=0.000000, 2001.64 sec so far
Iteration 540497: max diff=0.000000, 2006.64 sec so far
Iteration 541844: max diff=0.000000, 2011.64 sec so far
Iteration 543196: max diff=0.000000, 2016.65 sec so far
Iteration 544542: max diff=0.000000, 2021.65 sec so far
Iteration 545902: max diff=0.000000, 2026.66 sec so far
Iteration 547260: max diff=0.000000, 2031.66 sec so far
Iteration 548623: max diff=0.000000, 2036.66 sec so far
Iteration 549980: max diff=0.000000, 2041.67 sec so far
Iteration 551341: max diff=0.000000, 2046.67 sec so far
Iteration 552702: max diff=0.000000, 2051.68 sec so far
Iteration 554066: max diff=0.000000, 2056.68 sec so far
Iteration 555433: max diff=0.000000, 2061.68 sec so far
Iteration 556796: max diff=0.000000, 2066.69 sec so far
Iteration 558153: max diff=0.000000, 2071.70 sec so far
Iteration 559509: max diff=0.000000, 2076.70 sec so far
Iteration 560868: max diff=0.000000, 2081.70 sec so far
Iteration 562220: max diff=0.000000, 2086.71 sec so far
Iteration 563575: max diff=0.000000, 2091.71 sec so far
Iteration 564938: max diff=0.000000, 2096.72 sec so far
Iteration 566292: max diff=0.000000, 2101.72 sec so far
Iteration 567641: max diff=0.000000, 2106.72 sec so far
Iteration 568992: max diff=0.000000, 2111.73 sec so far
Iteration 570351: max diff=0.000000, 2116.73 sec so far
Iteration 571720: max diff=0.000000, 2121.74 sec so far
Iteration 573107: max diff=0.000000, 2126.74 sec so far
Iteration 574492: max diff=0.000000, 2131.74 sec so far
Iteration 575866: max diff=0.000000, 2136.75 sec so far
Iteration 577246: max diff=0.000000, 2141.75 sec so far
Iteration 578608: max diff=0.000000, 2146.76 sec so far
Iteration 579960: max diff=0.000000, 2151.76 sec so far
Iteration 581238: max diff=0.000000, 2156.76 sec so far
Iteration 582545: max diff=0.000000, 2161.77 sec so far
Iteration 583863: max diff=0.000000, 2166.77 sec so far
Iteration 585209: max diff=0.000000, 2171.78 sec so far
Iteration 586559: max diff=0.000000, 2176.78 sec so far
Iteration 587906: max diff=0.000000, 2181.78 sec so far
Iteration 589265: max diff=0.000000, 2186.79 sec so far
Iteration 590622: max diff=0.000000, 2191.79 sec so far
Iteration 591970: max diff=0.000000, 2196.80 sec so far
Iteration 593321: max diff=0.000000, 2201.80 sec so far
Iteration 594671: max diff=0.000000, 2206.80 sec so far
Iteration 596016: max diff=0.000000, 2211.81 sec so far
Iteration 597357: max diff=0.000000, 2216.81 sec so far
Iteration 598716: max diff=0.000000, 2221.82 sec so far
Iteration 600080: max diff=0.000000, 2226.82 sec so far
Iteration 601451: max diff=0.000000, 2231.82 sec so far
Iteration 602816: max diff=0.000000, 2236.83 sec so far
Iteration 604143: max diff=0.000000, 2241.83 sec so far
Iteration 605507: max diff=0.000000, 2246.84 sec so far
Iteration 606843: max diff=0.000000, 2251.84 sec so far
Iteration 608214: max diff=0.000000, 2256.85 sec so far
Iteration 609592: max diff=0.000000, 2261.85 sec so far
Iteration 610970: max diff=0.000000, 2266.86 sec so far
Iteration 612337: max diff=0.000000, 2271.86 sec so far
Iteration 613709: max diff=0.000000, 2276.86 sec so far
Iteration 615084: max diff=0.000000, 2281.87 sec so far
Iteration 616474: max diff=0.000000, 2286.87 sec so far
Iteration 617850: max diff=0.000000, 2291.88 sec so far
Iteration 619211: max diff=0.000000, 2296.88 sec so far
Iteration 620585: max diff=0.000000, 2301.88 sec so far
Iteration 621910: max diff=0.000000, 2306.89 sec so far
Iteration 623248: max diff=0.000000, 2311.89 sec so far
Iteration 624593: max diff=0.000000, 2316.90 sec so far
Iteration 625903: max diff=0.000000, 2321.90 sec so far
Iteration 627202: max diff=0.000000, 2326.91 sec so far
Iteration 628553: max diff=0.000000, 2331.91 sec so far
Iteration 629913: max diff=0.000000, 2336.92 sec so far
Iteration 631281: max diff=0.000000, 2341.92 sec so far
Iteration 632669: max diff=0.000000, 2346.92 sec so far
Iteration 634039: max diff=0.000000, 2351.93 sec so far
Iteration 635419: max diff=0.000000, 2356.93 sec so far
Iteration 636789: max diff=0.000000, 2361.94 sec so far
Iteration 638175: max diff=0.000000, 2366.94 sec so far
Iteration 639542: max diff=0.000000, 2371.94 sec so far
Iteration 640917: max diff=0.000000, 2376.95 sec so far
Iteration 642283: max diff=0.000000, 2381.95 sec so far
Iteration 643656: max diff=0.000000, 2386.96 sec so far
Iteration 644998: max diff=0.000000, 2391.96 sec so far
Iteration 646323: max diff=0.000000, 2396.96 sec so far
Iteration 647662: max diff=0.000000, 2401.97 sec so far
Iteration 648977: max diff=0.000000, 2406.97 sec so far
Iteration 650340: max diff=0.000000, 2411.98 sec so far
Iteration 651673: max diff=0.000000, 2416.98 sec so far
Iteration 653046: max diff=0.000000, 2421.98 sec so far
Iteration 654418: max diff=0.000000, 2426.99 sec so far
Iteration 655789: max diff=0.000000, 2431.99 sec so far
Iteration 657162: max diff=0.000000, 2437.00 sec so far
Iteration 658506: max diff=0.000000, 2442.00 sec so far
Iteration 659838: max diff=0.000000, 2447.00 sec so far
Iteration 661195: max diff=0.000000, 2452.01 sec so far
Iteration 662569: max diff=0.000000, 2457.01 sec so far
Iteration 663910: max diff=0.000000, 2462.02 sec so far
Iteration 665256: max diff=0.000000, 2467.02 sec so far
Iteration 666634: max diff=0.000000, 2472.02 sec so far
Iteration 668001: max diff=0.000000, 2477.03 sec so far
Iteration 669370: max diff=0.000000, 2482.03 sec so far
Iteration 670734: max diff=0.000000, 2487.04 sec so far
Iteration 672089: max diff=0.000000, 2492.04 sec so far
Iteration 673466: max diff=0.000000, 2497.04 sec so far
Iteration 674848: max diff=0.000000, 2502.05 sec so far
Iteration 676224: max diff=0.000000, 2507.05 sec so far
Iteration 677596: max diff=0.000000, 2512.06 sec so far
Iteration 678976: max diff=0.000000, 2517.06 sec so far
Iteration 680317: max diff=0.000000, 2522.06 sec so far
Iteration 681660: max diff=0.000000, 2527.07 sec so far
Iteration 683021: max diff=0.000000, 2532.07 sec so far
Iteration 684345: max diff=0.000000, 2537.08 sec so far
Iteration 685689: max diff=0.000000, 2542.08 sec so far
Iteration 687050: max diff=0.000000, 2547.08 sec so far
Iteration 688418: max diff=0.000000, 2552.09 sec so far
Iteration 689771: max diff=0.000000, 2557.09 sec so far
Iteration 691153: max diff=0.000000, 2562.10 sec so far
Iteration 692474: max diff=0.000000, 2567.10 sec so far
Iteration 693841: max diff=0.000000, 2572.10 sec so far
Iteration 695210: max diff=0.000000, 2577.11 sec so far
Iteration 696596: max diff=0.000000, 2582.11 sec so far
Iteration 697968: max diff=0.000000, 2587.12 sec so far
Iteration 699336: max diff=0.000000, 2592.12 sec so far
Iteration 700712: max diff=0.000000, 2597.12 sec so far
Iteration 702085: max diff=0.000000, 2602.13 sec so far
Iteration 703468: max diff=0.000000, 2607.13 sec so far
Iteration 704861: max diff=0.000000, 2612.14 sec so far
Iteration 706238: max diff=0.000000, 2617.14 sec so far
Iteration 707592: max diff=0.000000, 2622.14 sec so far
Iteration 708924: max diff=0.000000, 2627.15 sec so far
Iteration 710242: max diff=0.000000, 2632.15 sec so far
Iteration 711559: max diff=0.000000, 2637.16 sec so far
Iteration 712894: max diff=0.000000, 2642.16 sec so far
Iteration 714239: max diff=0.000000, 2647.16 sec so far
Iteration 715610: max diff=0.000000, 2652.17 sec so far
Iteration 716982: max diff=0.000000, 2657.17 sec so far
Iteration 718340: max diff=0.000000, 2662.18 sec so far
Iteration 719710: max diff=0.000000, 2667.18 sec so far
Iteration 721084: max diff=0.000000, 2672.18 sec so far
Iteration 722466: max diff=0.000000, 2677.19 sec so far
Iteration 723858: max diff=0.000000, 2682.19 sec so far
Iteration 725238: max diff=0.000000, 2687.20 sec so far
Iteration 726632: max diff=0.000000, 2692.20 sec so far
Iteration 728017: max diff=0.000000, 2697.20 sec so far
Iteration 729393: max diff=0.000000, 2702.21 sec so far
Iteration 730749: max diff=0.000000, 2707.21 sec so far
Iteration 732073: max diff=0.000000, 2712.22 sec so far
Iteration 733398: max diff=0.000000, 2717.22 sec so far
Iteration 734746: max diff=0.000000, 2722.22 sec so far
Iteration 736099: max diff=0.000000, 2727.23 sec so far
Iteration 737478: max diff=0.000000, 2732.23 sec so far
Iteration 738855: max diff=0.000000, 2737.24 sec so far
Iteration 740187: max diff=0.000000, 2742.24 sec so far
Iteration 741553: max diff=0.000000, 2747.24 sec so far
Iteration 742893: max diff=0.000000, 2752.25 sec so far
Iteration 744265: max diff=0.000000, 2757.25 sec so far
Iteration 745653: max diff=0.000000, 2762.26 sec so far
Iteration 747050: max diff=0.000000, 2767.26 sec so far
Iteration 748417: max diff=0.000000, 2772.26 sec so far
Iteration 749796: max diff=0.000000, 2777.27 sec so far
Iteration 751182: max diff=0.000000, 2782.27 sec so far
Iteration 752547: max diff=0.000000, 2787.28 sec so far
Iteration 753905: max diff=0.000000, 2792.28 sec so far
Iteration 755240: max diff=0.000000, 2797.28 sec so far
Iteration 756542: max diff=0.000000, 2802.29 sec so far
Iteration 757841: max diff=0.000000, 2807.29 sec so far
Iteration 759142: max diff=0.000000, 2812.30 sec so far
Iteration 760439: max diff=0.000000, 2817.30 sec so far
Iteration 761736: max diff=0.000000, 2822.31 sec so far
Iteration 763047: max diff=0.000000, 2827.31 sec so far
Iteration 764345: max diff=0.000000, 2832.32 sec so far
Iteration 765645: max diff=0.000000, 2837.32 sec so far
Iteration 766963: max diff=0.000000, 2842.32 sec so far
Iteration 768287: max diff=0.000000, 2847.33 sec so far
Iteration 769579: max diff=0.000000, 2852.33 sec so far
Iteration 770901: max diff=0.000000, 2857.34 sec so far
Iteration 772210: max diff=0.000000, 2862.34 sec so far
Iteration 773514: max diff=0.000000, 2867.34 sec so far
Iteration 774839: max diff=0.000000, 2872.35 sec so far
Iteration 776161: max diff=0.000000, 2877.35 sec so far
Iteration 777475: max diff=0.000000, 2882.36 sec so far
Iteration 778810: max diff=0.000000, 2887.36 sec so far
Iteration 780129: max diff=0.000000, 2892.36 sec so far
Iteration 781451: max diff=0.000000, 2897.37 sec so far
Iteration 782782: max diff=0.000000, 2902.37 sec so far
Iteration 784104: max diff=0.000000, 2907.38 sec so far
Iteration 785421: max diff=0.000000, 2912.38 sec so far
Iteration 786760: max diff=0.000000, 2917.38 sec so far
Iteration 788077: max diff=0.000000, 2922.39 sec so far
Iteration 789392: max diff=0.000000, 2927.39 sec so far
Iteration 790708: max diff=0.000000, 2932.40 sec so far
Iteration 792026: max diff=0.000000, 2937.40 sec so far
Iteration 793345: max diff=0.000000, 2942.40 sec so far
Iteration 794655: max diff=0.000000, 2947.41 sec so far
Iteration 795945: max diff=0.000000, 2952.41 sec so far
Iteration 797232: max diff=0.000000, 2957.42 sec so far
Iteration 798540: max diff=0.000000, 2962.42 sec so far
Iteration 799829: max diff=0.000000, 2967.42 sec so far
Iteration 801116: max diff=0.000000, 2972.43 sec so far
Iteration 802409: max diff=0.000000, 2977.43 sec so far
Iteration 803711: max diff=0.000000, 2982.44 sec so far
Iteration 805007: max diff=0.000000, 2987.44 sec so far
Iteration 806307: max diff=0.000000, 2992.44 sec so far
Iteration 807600: max diff=0.000000, 2997.45 sec so far
Iteration 808899: max diff=0.000000, 3002.45 sec so far
Iteration 810202: max diff=0.000000, 3007.46 sec so far
Iteration 811499: max diff=0.000000, 3012.46 sec so far
Iteration 812786: max diff=0.000000, 3017.46 sec so far
Iteration 814073: max diff=0.000000, 3022.47 sec so far
Iteration 815357: max diff=0.000000, 3027.47 sec so far
Iteration 816650: max diff=0.000000, 3032.48 sec so far
Iteration 817936: max diff=0.000000, 3037.48 sec so far
Iteration 819220: max diff=0.000000, 3042.48 sec so far
Iteration 820501: max diff=0.000000, 3047.49 sec so far
Iteration 821784: max diff=0.000000, 3052.49 sec so far
Iteration 823075: max diff=0.000000, 3057.50 sec so far
Iteration 824366: max diff=0.000000, 3062.50 sec so far
Iteration 825654: max diff=0.000000, 3067.50 sec so far
Iteration 826949: max diff=0.000000, 3072.51 sec so far
Iteration 828237: max diff=0.000000, 3077.51 sec so far
Iteration 829527: max diff=0.000000, 3082.52 sec so far
Iteration 830827: max diff=0.000000, 3087.52 sec so far
Iteration 832126: max diff=0.000000, 3092.52 sec so far
Iteration 833437: max diff=0.000000, 3097.53 sec so far
Iteration 834737: max diff=0.000000, 3102.53 sec so far
Iteration 836026: max diff=0.000000, 3107.54 sec so far
Iteration 837319: max diff=0.000000, 3112.54 sec so far
Iteration 838616: max diff=0.000000, 3117.54 sec so far
Iteration 839919: max diff=0.000000, 3122.55 sec so far
Iteration 841218: max diff=0.000000, 3127.55 sec so far
Iteration 842516: max diff=0.000000, 3132.56 sec so far
Iteration 843806: max diff=0.000000, 3137.56 sec so far
Iteration 845103: max diff=0.000000, 3142.56 sec so far
Iteration 846395: max diff=0.000000, 3147.57 sec so far
Iteration 847691: max diff=0.000000, 3152.57 sec so far
Iteration 848985: max diff=0.000000, 3157.58 sec so far
Iteration 850295: max diff=0.000000, 3162.58 sec so far
Iteration 851620: max diff=0.000000, 3167.58 sec so far
Iteration 852938: max diff=0.000000, 3172.59 sec so far
Iteration 854257: max diff=0.000000, 3177.59 sec so far
Iteration 855566: max diff=0.000000, 3182.60 sec so far
Iteration 856868: max diff=0.000000, 3187.60 sec so far
Iteration 858177: max diff=0.000000, 3192.60 sec so far
Iteration 859490: max diff=0.000000, 3197.61 sec so far
Iteration 860817: max diff=0.000000, 3202.61 sec so far
Iteration 862124: max diff=0.000000, 3207.62 sec so far
Iteration 863414: max diff=0.000000, 3212.62 sec so far
Iteration 864711: max diff=0.000000, 3217.62 sec so far
Iteration 866019: max diff=0.000000, 3222.63 sec so far
Iteration 867333: max diff=0.000000, 3227.63 sec so far
Iteration 868646: max diff=0.000000, 3232.64 sec so far
Iteration 869966: max diff=0.000000, 3237.64 sec so far
Iteration 871293: max diff=0.000000, 3242.64 sec so far
Iteration 872607: max diff=0.000000, 3247.65 sec so far
Iteration 873923: max diff=0.000000, 3252.65 sec so far
Iteration 875231: max diff=0.000000, 3257.66 sec so far
Iteration 876536: max diff=0.000000, 3262.66 sec so far
Iteration 877835: max diff=0.000000, 3267.66 sec so far
Iteration 879133: max diff=0.000000, 3272.67 sec so far
Iteration 880451: max diff=0.000000, 3277.67 sec so far
Iteration 881757: max diff=0.000000, 3282.68 sec so far
Iteration 883070: max diff=0.000000, 3287.68 sec so far
Iteration 884398: max diff=0.000000, 3292.69 sec so far
Iteration 885697: max diff=0.000000, 3297.69 sec so far
Iteration 886991: max diff=0.000000, 3302.70 sec so far
Iteration 888290: max diff=0.000000, 3307.70 sec so far
Iteration 889600: max diff=0.000000, 3312.70 sec so far
Iteration 890914: max diff=0.000000, 3317.71 sec so far
Iteration 892236: max diff=0.000000, 3322.71 sec so far
Iteration 893558: max diff=0.000000, 3327.72 sec so far
Iteration 894873: max diff=0.000000, 3332.72 sec so far
Iteration 896172: max diff=0.000000, 3337.72 sec so far
Iteration 897486: max diff=0.000000, 3342.73 sec so far
Iteration 898795: max diff=0.000000, 3347.73 sec so far
Iteration 900119: max diff=0.000000, 3352.74 sec so far
Iteration 901436: max diff=0.000000, 3357.74 sec so far
Iteration 902616: max diff=0.000000, 3362.75 sec so far
Iteration 903843: max diff=0.000000, 3367.75 sec so far
Iteration 905056: max diff=0.000000, 3372.76 sec so far
Iteration 906238: max diff=0.000000, 3377.76 sec so far
Iteration 907430: max diff=0.000000, 3382.77 sec so far
Iteration 908685: max diff=0.000000, 3387.77 sec so far
Iteration 909975: max diff=0.000000, 3392.78 sec so far
Iteration 911254: max diff=0.000000, 3397.78 sec so far
Iteration 912491: max diff=0.000000, 3402.79 sec so far
Iteration 913674: max diff=0.000000, 3407.79 sec so far
Iteration 914863: max diff=0.000000, 3412.80 sec so far
Iteration 916065: max diff=0.000000, 3417.80 sec so far
Iteration 917279: max diff=0.000000, 3422.81 sec so far
Iteration 918414: max diff=0.000000, 3427.81 sec so far
Iteration 919590: max diff=0.000000, 3432.82 sec so far
Iteration 920801: max diff=0.000000, 3437.82 sec so far
Iteration 922026: max diff=0.000000, 3442.83 sec so far
Iteration 923266: max diff=0.000000, 3447.83 sec so far
Iteration 924523: max diff=0.000000, 3452.84 sec so far
Iteration 925710: max diff=0.000000, 3457.84 sec so far
Iteration 926953: max diff=0.000000, 3462.84 sec so far
Iteration 928189: max diff=0.000000, 3467.85 sec so far
Iteration 929418: max diff=0.000000, 3472.86 sec so far
Iteration 930653: max diff=0.000000, 3477.86 sec so far
Iteration 931854: max diff=0.000000, 3482.86 sec so far
Iteration 933020: max diff=0.000000, 3487.87 sec so far
Iteration 934222: max diff=0.000000, 3492.88 sec so far
Iteration 935389: max diff=0.000000, 3497.88 sec so far
Iteration 936569: max diff=0.000000, 3502.88 sec so far
Iteration 937751: max diff=0.000000, 3507.89 sec so far
Iteration 938984: max diff=0.000000, 3512.89 sec so far
Iteration 940185: max diff=0.000000, 3517.90 sec so far
Iteration 941390: max diff=0.000000, 3522.90 sec so far
Iteration 942578: max diff=0.000000, 3527.90 sec so far
Iteration 943770: max diff=0.000000, 3532.91 sec so far
Iteration 944984: max diff=0.000000, 3537.91 sec so far
Iteration 946247: max diff=0.000000, 3542.92 sec so far
Iteration 947473: max diff=0.000000, 3547.92 sec so far
Iteration 948655: max diff=0.000000, 3552.93 sec so far
Iteration 949896: max diff=0.000000, 3557.93 sec so far
Iteration 951105: max diff=0.000000, 3562.94 sec so far
Iteration 952351: max diff=0.000000, 3567.94 sec so far
Iteration 953578: max diff=0.000000, 3572.94 sec so far
Iteration 954795: max diff=0.000000, 3577.95 sec so far
Iteration 956044: max diff=0.000000, 3582.95 sec so far
Iteration 957266: max diff=0.000000, 3587.96 sec so far
Iteration 958457: max diff=0.000000, 3592.96 sec so far
Iteration 959674: max diff=0.000000, 3597.96 sec so far
Iteration 960862: max diff=0.000000, 3602.97 sec so far
Iteration 962014: max diff=0.000000, 3607.97 sec so far
Iteration 963187: max diff=0.000000, 3612.98 sec so far
Iteration 964403: max diff=0.000000, 3617.98 sec so far
Iteration 965621: max diff=0.000000, 3622.98 sec so far
Iteration 966802: max diff=0.000000, 3627.99 sec so far
Iteration 967971: max diff=0.000000, 3632.99 sec so far
Iteration 969132: max diff=0.000000, 3638.00 sec so far
Iteration 970349: max diff=0.000000, 3643.00 sec so far
Iteration 971542: max diff=0.000000, 3648.00 sec so far
Iteration 972735: max diff=0.000000, 3653.01 sec so far
Iteration 973927: max diff=0.000000, 3658.02 sec so far
Iteration 975101: max diff=0.000000, 3663.02 sec so far
Iteration 976324: max diff=0.000000, 3668.02 sec so far
Iteration 977541: max diff=0.000000, 3673.03 sec so far
Iteration 978749: max diff=0.000000, 3678.03 sec so far
Iteration 979921: max diff=0.000000, 3683.04 sec so far
Iteration 981101: max diff=0.000000, 3688.04 sec so far
Iteration 982332: max diff=0.000000, 3693.04 sec so far
Iteration 983561: max diff=0.000000, 3698.05 sec so far
Iteration 984744: max diff=0.000000, 3703.06 sec so far
Iteration 985908: max diff=0.000000, 3708.06 sec so far
Iteration 987138: max diff=0.000000, 3713.06 sec so far
Iteration 988353: max diff=0.000000, 3718.07 sec so far
Iteration 989599: max diff=0.000000, 3723.07 sec so far
Iteration 990809: max diff=0.000000, 3728.08 sec so far
Iteration 992022: max diff=0.000000, 3733.08 sec so far
Iteration 993237: max diff=0.000000, 3738.08 sec so far
Iteration 994435: max diff=0.000000, 3743.09 sec so far
Iteration 995665: max diff=0.000000, 3748.09 sec so far
Iteration 996882: max diff=0.000000, 3753.10 sec so far
Iteration 998099: max diff=0.000000, 3758.10 sec so far
Iteration 999263: max diff=0.000000, 3763.11 sec so far
Iteration 1000443: max diff=0.000000, 3768.11 sec so far
Iteration 1001666: max diff=0.000000, 3773.12 sec so far
Iteration 1002843: max diff=0.000000, 3778.12 sec so far
Iteration 1004078: max diff=0.000000, 3783.12 sec so far
Iteration 1005321: max diff=0.000000, 3788.13 sec so far
Iteration 1006552: max diff=0.000000, 3793.13 sec so far
Iteration 1007771: max diff=0.000000, 3798.14 sec so far
Iteration 1009020: max diff=0.000000, 3803.14 sec so far
Iteration 1010189: max diff=0.000000, 3808.14 sec so far
Iteration 1011360: max diff=0.000000, 3813.15 sec so far
Iteration 1012502: max diff=0.000000, 3818.15 sec so far
Iteration 1013709: max diff=0.000000, 3823.16 sec so far
Iteration 1014920: max diff=0.000000, 3828.16 sec so far
Iteration 1016153: max diff=0.000000, 3833.16 sec so far
Iteration 1017317: max diff=0.000000, 3838.17 sec so far
Iteration 1018523: max diff=0.000000, 3843.17 sec so far
Iteration 1019723: max diff=0.000000, 3848.18 sec so far
Iteration 1021092: max diff=0.000000, 3853.18 sec so far
Iteration 1022464: max diff=0.000000, 3858.18 sec so far
Iteration 1023848: max diff=0.000000, 3863.19 sec so far
Iteration 1025224: max diff=0.000000, 3868.19 sec so far
Iteration 1026597: max diff=0.000000, 3873.20 sec so far
Iteration 1027979: max diff=0.000000, 3878.20 sec so far
Iteration 1029350: max diff=0.000000, 3883.20 sec so far
Iteration 1030723: max diff=0.000000, 3888.21 sec so far
Iteration 1032089: max diff=0.000000, 3893.21 sec so far
Iteration 1033457: max diff=0.000000, 3898.22 sec so far
Iteration 1034826: max diff=0.000000, 3903.22 sec so far
Iteration 1036195: max diff=0.000000, 3908.22 sec so far
Iteration 1037569: max diff=0.000000, 3913.23 sec so far
Iteration 1038926: max diff=0.000000, 3918.23 sec so far
Iteration 1040293: max diff=0.000000, 3923.24 sec so far
Iteration 1041656: max diff=0.000000, 3928.24 sec so far
Iteration 1043023: max diff=0.000000, 3933.24 sec so far
Iteration 1044383: max diff=0.000000, 3938.25 sec so far
Iteration 1045755: max diff=0.000000, 3943.25 sec so far
Iteration 1047126: max diff=0.000000, 3948.26 sec so far
Iteration 1048505: max diff=0.000000, 3953.26 sec so far
Iteration 1049874: max diff=0.000000, 3958.26 sec so far
Iteration 1051244: max diff=0.000000, 3963.27 sec so far
Iteration 1052608: max diff=0.000000, 3968.27 sec so far
Iteration 1053975: max diff=0.000000, 3973.28 sec so far
Iteration 1055331: max diff=0.000000, 3978.28 sec so far
Iteration 1056709: max diff=0.000000, 3983.28 sec so far
Iteration 1058080: max diff=0.000000, 3988.29 sec so far
Iteration 1059449: max diff=0.000000, 3993.29 sec so far
Iteration 1060831: max diff=0.000000, 3998.30 sec so far
Iteration 1062211: max diff=0.000000, 4003.30 sec so far
Iteration 1063585: max diff=0.000000, 4008.30 sec so far
Iteration 1064951: max diff=0.000000, 4013.31 sec so far
Iteration 1066322: max diff=0.000000, 4018.31 sec so far
Iteration 1067688: max diff=0.000000, 4023.32 sec so far
Iteration 1069055: max diff=0.000000, 4028.32 sec so far
Iteration 1070415: max diff=0.000000, 4033.32 sec so far
Iteration 1071772: max diff=0.000000, 4038.33 sec so far
Iteration 1073145: max diff=0.000000, 4043.33 sec so far
Iteration 1074520: max diff=0.000000, 4048.34 sec so far
Iteration 1075898: max diff=0.000000, 4053.34 sec so far
Iteration 1077280: max diff=0.000000, 4058.34 sec so far
Iteration 1078652: max diff=0.000000, 4063.35 sec so far
Iteration 1080023: max diff=0.000000, 4068.35 sec so far
Iteration 1081389: max diff=0.000000, 4073.36 sec so far
Iteration 1082753: max diff=0.000000, 4078.36 sec so far
Iteration 1084133: max diff=0.000000, 4083.36 sec so far
Iteration 1085501: max diff=0.000000, 4088.37 sec so far
Iteration 1086871: max diff=0.000000, 4093.37 sec so far
Iteration 1088247: max diff=0.000000, 4098.38 sec so far
Iteration 1089610: max diff=0.000000, 4103.38 sec so far
Iteration 1090976: max diff=0.000000, 4108.38 sec so far
Iteration 1092343: max diff=0.000000, 4113.39 sec so far
Iteration 1093716: max diff=0.000000, 4118.39 sec so far
Iteration 1095083: max diff=0.000000, 4123.40 sec so far
Iteration 1096462: max diff=0.000000, 4128.40 sec so far
Iteration 1097835: max diff=0.000000, 4133.40 sec so far
Iteration 1099206: max diff=0.000000, 4138.41 sec so far
Iteration 1100581: max diff=0.000000, 4143.41 sec so far
Iteration 1101946: max diff=0.000000, 4148.42 sec so far
Iteration 1103320: max diff=0.000000, 4153.42 sec so far
Iteration 1104692: max diff=0.000000, 4158.42 sec so far
Iteration 1106070: max diff=0.000000, 4163.43 sec so far
Iteration 1107438: max diff=0.000000, 4168.43 sec so far
Iteration 1108810: max diff=0.000000, 4173.44 sec so far
Iteration 1110194: max diff=0.000000, 4178.44 sec so far
Iteration 1111567: max diff=0.000000, 4183.44 sec so far
Iteration 1112944: max diff=0.000000, 4188.45 sec so far
Iteration 1114329: max diff=0.000000, 4193.45 sec so far
Iteration 1115707: max diff=0.000000, 4198.46 sec so far
Iteration 1117082: max diff=0.000000, 4203.46 sec so far
Iteration 1118461: max diff=0.000000, 4208.46 sec so far
Iteration 1119832: max diff=0.000000, 4213.47 sec so far
Iteration 1121210: max diff=0.000000, 4218.47 sec so far
Iteration 1122601: max diff=0.000000, 4223.48 sec so far
Iteration 1123978: max diff=0.000000, 4228.48 sec so far
Iteration 1125355: max diff=0.000000, 4233.48 sec so far
Iteration 1126731: max diff=0.000000, 4238.49 sec so far
Iteration 1128104: max diff=0.000000, 4243.49 sec so far
Iteration 1129482: max diff=0.000000, 4248.50 sec so far
Iteration 1130857: max diff=0.000000, 4253.50 sec so far
Iteration 1132235: max diff=0.000000, 4258.50 sec so far
Iteration 1133608: max diff=0.000000, 4263.51 sec so far
Iteration 1134973: max diff=0.000000, 4268.51 sec so far
Iteration 1136350: max diff=0.000000, 4273.52 sec so far
Iteration 1137729: max diff=0.000000, 4278.52 sec so far
Iteration 1139103: max diff=0.000000, 4283.52 sec so far
Iteration 1140496: max diff=0.000000, 4288.53 sec so far
Iteration 1141868: max diff=0.000000, 4293.53 sec so far
Iteration 1143254: max diff=0.000000, 4298.54 sec so far
Iteration 1144634: max diff=0.000000, 4303.54 sec so far
Iteration 1146007: max diff=0.000000, 4308.54 sec so far
Iteration 1147379: max diff=0.000000, 4313.55 sec so far
Iteration 1148760: max diff=0.000000, 4318.55 sec so far
Iteration 1150140: max diff=0.000000, 4323.56 sec so far
Iteration 1151511: max diff=0.000000, 4328.56 sec so far
Iteration 1152881: max diff=0.000000, 4333.56 sec so far
Iteration 1154258: max diff=0.000000, 4338.57 sec so far
Iteration 1155631: max diff=0.000000, 4343.57 sec so far
Iteration 1157007: max diff=0.000000, 4348.58 sec so far
Iteration 1158388: max diff=0.000000, 4353.58 sec so far
Iteration 1159758: max diff=0.000000, 4358.58 sec so far
Iteration 1161131: max diff=0.000000, 4363.59 sec so far
Iteration 1162513: max diff=0.000000, 4368.59 sec so far
Iteration 1163877: max diff=0.000000, 4373.60 sec so far
Iteration 1165233: max diff=0.000000, 4378.60 sec so far
Iteration 1166614: max diff=0.000000, 4383.60 sec so far
Iteration 1167975: max diff=0.000000, 4388.61 sec so far
Iteration 1169335: max diff=0.000000, 4393.61 sec so far
Iteration 1170696: max diff=0.000000, 4398.62 sec so far
Iteration 1172056: max diff=0.000000, 4403.62 sec so far
Iteration 1173415: max diff=0.000000, 4408.62 sec so far
Iteration 1174779: max diff=0.000000, 4413.63 sec so far
Iteration 1176149: max diff=0.000000, 4418.63 sec so far
Iteration 1177508: max diff=0.000000, 4423.64 sec so far
Iteration 1178875: max diff=0.000000, 4428.64 sec so far
Iteration 1180237: max diff=0.000000, 4433.64 sec so far
Iteration 1181596: max diff=0.000000, 4438.65 sec so far
Iteration 1182924: max diff=0.000000, 4443.65 sec so far
Iteration 1184250: max diff=0.000000, 4448.66 sec so far
Iteration 1185586: max diff=0.000000, 4453.66 sec so far
Iteration 1186920: max diff=0.000000, 4458.66 sec so far
Iteration 1188244: max diff=0.000000, 4463.67 sec so far
Iteration 1189579: max diff=0.000000, 4468.67 sec so far
Iteration 1190953: max diff=0.000000, 4473.68 sec so far
Iteration 1192338: max diff=0.000000, 4478.68 sec so far
Iteration 1193700: max diff=0.000000, 4483.68 sec so far
Iteration 1195080: max diff=0.000000, 4488.69 sec so far
Iteration 1196447: max diff=0.000000, 4493.69 sec so far
Iteration 1197812: max diff=0.000000, 4498.70 sec so far
Iteration 1199184: max diff=0.000000, 4503.70 sec so far
Iteration 1200562: max diff=0.000000, 4508.70 sec so far
Iteration 1201943: max diff=0.000000, 4513.71 sec so far
Iteration 1203319: max diff=0.000000, 4518.71 sec so far
Iteration 1204704: max diff=0.000000, 4523.72 sec so far
Iteration 1206076: max diff=0.000000, 4528.72 sec so far
Iteration 1207452: max diff=0.000000, 4533.72 sec so far
Iteration 1208827: max diff=0.000000, 4538.73 sec so far
Iteration 1210162: max diff=0.000000, 4543.73 sec so far
Iteration 1211493: max diff=0.000000, 4548.74 sec so far
Iteration 1212822: max diff=0.000000, 4553.74 sec so far
Iteration 1214154: max diff=0.000000, 4558.74 sec so far
Iteration 1215525: max diff=0.000000, 4563.75 sec so far
Iteration 1216902: max diff=0.000000, 4568.75 sec so far
Iteration 1218272: max diff=0.000000, 4573.76 sec so far
Iteration 1219594: max diff=0.000000, 4578.76 sec so far
Iteration 1220955: max diff=0.000000, 4583.76 sec so far
Iteration 1222330: max diff=0.000000, 4588.77 sec so far
Iteration 1223705: max diff=0.000000, 4593.77 sec so far
Iteration 1225079: max diff=0.000000, 4598.78 sec so far
Iteration 1226464: max diff=0.000000, 4603.78 sec so far
Iteration 1227823: max diff=0.000000, 4608.78 sec so far
Iteration 1229194: max diff=0.000000, 4613.79 sec so far
Iteration 1230551: max diff=0.000000, 4618.79 sec so far
Iteration 1231907: max diff=0.000000, 4623.80 sec so far
Iteration 1233267: max diff=0.000000, 4628.80 sec so far
Iteration 1234637: max diff=0.000000, 4633.80 sec so far
Iteration 1235994: max diff=0.000000, 4638.81 sec so far
Iteration 1237325: max diff=0.000000, 4643.81 sec so far
Iteration 1238648: max diff=0.000000, 4648.82 sec so far
Iteration 1239997: max diff=0.000000, 4653.82 sec so far
Iteration 1241368: max diff=0.000000, 4658.82 sec so far
Iteration 1242740: max diff=0.000000, 4663.83 sec so far
Iteration 1244122: max diff=0.000000, 4668.83 sec so far
Iteration 1245461: max diff=0.000000, 4673.84 sec so far
Iteration 1246799: max diff=0.000000, 4678.84 sec so far
Iteration 1248164: max diff=0.000000, 4683.84 sec so far
Iteration 1249536: max diff=0.000000, 4688.85 sec so far
Iteration 1250906: max diff=0.000000, 4693.85 sec so far
Iteration 1252232: max diff=0.000000, 4698.86 sec so far
Iteration 1253558: max diff=0.000000, 4703.86 sec so far
Iteration 1254899: max diff=0.000000, 4708.86 sec so far
Iteration 1256228: max diff=0.000000, 4713.87 sec so far
Iteration 1257594: max diff=0.000000, 4718.87 sec so far
Iteration 1258969: max diff=0.000000, 4723.88 sec so far
Iteration 1260330: max diff=0.000000, 4728.88 sec so far
Iteration 1261685: max diff=0.000000, 4733.88 sec so far
Iteration 1263051: max diff=0.000000, 4738.89 sec so far
Iteration 1264356: max diff=0.000000, 4743.89 sec so far
Iteration 1265709: max diff=0.000000, 4748.90 sec so far
Iteration 1267081: max diff=0.000000, 4753.90 sec so far
Iteration 1268459: max diff=0.000000, 4758.90 sec so far
Iteration 1269848: max diff=0.000000, 4763.91 sec so far
Iteration 1271237: max diff=0.000000, 4768.91 sec so far
Iteration 1272625: max diff=0.000000, 4773.92 sec so far
Iteration 1274008: max diff=0.000000, 4778.92 sec so far
Iteration 1275389: max diff=0.000000, 4783.92 sec so far
Iteration 1276767: max diff=0.000000, 4788.93 sec so far
Iteration 1278161: max diff=0.000000, 4793.93 sec so far
Iteration 1279534: max diff=0.000000, 4798.94 sec so far
Iteration 1280860: max diff=0.000000, 4803.94 sec so far
Iteration 1282192: max diff=0.000000, 4808.94 sec so far
Iteration 1283520: max diff=0.000000, 4813.95 sec so far
Iteration 1284871: max diff=0.000000, 4818.95 sec so far
Iteration 1286255: max diff=0.000000, 4823.96 sec so far
Iteration 1287641: max diff=0.000000, 4828.96 sec so far
Iteration 1289019: max diff=0.000000, 4833.96 sec so far
Iteration 1290398: max diff=0.000000, 4838.97 sec so far
Iteration 1291781: max diff=0.000000, 4843.97 sec so far
Iteration 1293143: max diff=0.000000, 4848.98 sec so far
Iteration 1294474: max diff=0.000000, 4853.98 sec so far
Iteration 1295804: max diff=0.000000, 4858.98 sec so far
Iteration 1297144: max diff=0.000000, 4863.99 sec so far
Iteration 1298512: max diff=0.000000, 4868.99 sec so far
Iteration 1299861: max diff=0.000000, 4874.00 sec so far
Iteration 1301191: max diff=0.000000, 4879.00 sec so far
Iteration 1302555: max diff=0.000000, 4884.00 sec so far
Iteration 1303941: max diff=0.000000, 4889.01 sec so far
Iteration 1305307: max diff=0.000000, 4894.01 sec so far
Iteration 1306666: max diff=0.000000, 4899.02 sec so far
Iteration 1307995: max diff=0.000000, 4904.02 sec so far
Iteration 1309308: max diff=0.000000, 4909.02 sec so far
Iteration 1310616: max diff=0.000000, 4914.03 sec so far
Iteration 1311936: max diff=0.000000, 4919.03 sec so far
Iteration 1313306: max diff=0.000000, 4924.04 sec so far
Iteration 1314661: max diff=0.000000, 4929.04 sec so far
Iteration 1316007: max diff=0.000000, 4934.04 sec so far
Iteration 1317380: max diff=0.000000, 4939.05 sec so far
Iteration 1318746: max diff=0.000000, 4944.05 sec so far
Iteration 1320103: max diff=0.000000, 4949.06 sec so far
Iteration 1321464: max diff=0.000000, 4954.06 sec so far
Iteration 1322841: max diff=0.000000, 4959.06 sec so far
Iteration 1324227: max diff=0.000000, 4964.07 sec so far
Iteration 1325599: max diff=0.000000, 4969.07 sec so far
Iteration 1326964: max diff=0.000000, 4974.08 sec so far
Iteration 1328343: max diff=0.000000, 4979.08 sec so far
Iteration 1329706: max diff=0.000000, 4984.08 sec so far
Iteration 1331072: max diff=0.000000, 4989.09 sec so far
Iteration 1332436: max diff=0.000000, 4994.09 sec so far
Iteration 1333748: max diff=0.000000, 4999.10 sec so far
Iteration 1335068: max diff=0.000000, 5004.10 sec so far
Iteration 1336399: max diff=0.000000, 5009.10 sec so far
Iteration 1337730: max diff=0.000000, 5014.11 sec so far
Iteration 1339060: max diff=0.000000, 5019.11 sec so far
Iteration 1340419: max diff=0.000000, 5024.12 sec so far
Iteration 1341648: max diff=0.000000, 5029.12 sec so far
Iteration 1342760: max diff=0.000000, 5034.12 sec so far
Iteration 1343890: max diff=0.000000, 5039.13 sec so far
Iteration 1345022: max diff=0.000000, 5044.13 sec so far
Iteration 1346143: max diff=0.000000, 5049.14 sec so far
Iteration 1347270: max diff=0.000000, 5054.14 sec so far
Iteration 1348360: max diff=0.000000, 5059.14 sec so far
Iteration 1349473: max diff=0.000000, 5064.15 sec so far
Iteration 1350598: max diff=0.000000, 5069.15 sec so far
Iteration 1351735: max diff=0.000000, 5074.16 sec so far
Iteration 1352855: max diff=0.000000, 5079.16 sec so far
Iteration 1353992: max diff=0.000000, 5084.17 sec so far
Iteration 1355111: max diff=0.000000, 5089.17 sec so far
Iteration 1356220: max diff=0.000000, 5094.18 sec so far
Iteration 1357308: max diff=0.000000, 5099.18 sec so far
Iteration 1358396: max diff=0.000000, 5104.19 sec so far
Iteration 1359483: max diff=0.000000, 5109.20 sec so far
Iteration 1360581: max diff=0.000000, 5114.20 sec so far
Iteration 1361690: max diff=0.000000, 5119.20 sec so far
Iteration 1362808: max diff=0.000000, 5124.21 sec so far
Iteration 1363934: max diff=0.000000, 5129.22 sec so far
Iteration 1365057: max diff=0.000000, 5134.22 sec so far
Iteration 1366188: max diff=0.000000, 5139.22 sec so far
Iteration 1367305: max diff=0.000000, 5144.23 sec so far
Iteration 1368423: max diff=0.000000, 5149.24 sec so far
Iteration 1369556: max diff=0.000000, 5154.24 sec so far
Iteration 1370679: max diff=0.000000, 5159.24 sec so far
Iteration 1371798: max diff=0.000000, 5164.25 sec so far
Iteration 1372928: max diff=0.000000, 5169.25 sec so far
Iteration 1374044: max diff=0.000000, 5174.26 sec so far
Iteration 1375162: max diff=0.000000, 5179.26 sec so far
Iteration 1376277: max diff=0.000000, 5184.27 sec so far
Iteration 1377391: max diff=0.000000, 5189.27 sec so far
Iteration 1378511: max diff=0.000000, 5194.28 sec so far
Iteration 1379639: max diff=0.000000, 5199.28 sec so far
Iteration 1380746: max diff=0.000000, 5204.28 sec so far
Iteration 1381859: max diff=0.000000, 5209.29 sec so far
Iteration 1382980: max diff=0.000000, 5214.29 sec so far
Iteration 1384115: max diff=0.000000, 5219.30 sec so far
Iteration 1385237: max diff=0.000000, 5224.30 sec so far
Iteration 1386391: max diff=0.000000, 5229.31 sec so far
Iteration 1387492: max diff=0.000000, 5234.31 sec so far
Iteration 1388609: max diff=0.000000, 5239.32 sec so far
Iteration 1389702: max diff=0.000000, 5244.32 sec so far
Iteration 1390816: max diff=0.000000, 5249.33 sec so far
Iteration 1391934: max diff=0.000000, 5254.34 sec so far
Iteration 1393048: max diff=0.000000, 5259.34 sec so far
Iteration 1394136: max diff=0.000000, 5264.35 sec so far
Iteration 1395222: max diff=0.000000, 5269.35 sec so far
Iteration 1396303: max diff=0.000000, 5274.36 sec so far
Iteration 1397397: max diff=0.000000, 5279.36 sec so far
Iteration 1398526: max diff=0.000000, 5284.36 sec so far
Iteration 1399642: max diff=0.000000, 5289.37 sec so far
Iteration 1400761: max diff=0.000000, 5294.38 sec so far
Iteration 1401872: max diff=0.000000, 5299.38 sec so far
Iteration 1402989: max diff=0.000000, 5304.39 sec so far
Iteration 1404111: max diff=0.000000, 5309.40 sec so far
Iteration 1405232: max diff=0.000000, 5314.40 sec so far
Iteration 1406215: max diff=0.000000, 5319.40 sec so far
Iteration 1407197: max diff=0.000000, 5324.41 sec so far
Iteration 1408300: max diff=0.000000, 5329.41 sec so far
Iteration 1409327: max diff=0.000000, 5334.42 sec so far
Iteration 1410448: max diff=0.000000, 5339.43 sec so far
Iteration 1411575: max diff=0.000000, 5344.43 sec so far
Iteration 1412694: max diff=0.000000, 5349.44 sec so far
Iteration 1413808: max diff=0.000000, 5354.44 sec so far
Iteration 1414934: max diff=0.000000, 5359.45 sec so far
Iteration 1416055: max diff=0.000000, 5364.45 sec so far
Iteration 1417186: max diff=0.000000, 5369.46 sec so far
Iteration 1418306: max diff=0.000000, 5374.46 sec so far
Iteration 1419434: max diff=0.000000, 5379.47 sec so far
Iteration 1420558: max diff=0.000000, 5384.47 sec so far
Iteration 1421680: max diff=0.000000, 5389.48 sec so far
Iteration 1422818: max diff=0.000000, 5394.48 sec so far
Iteration 1423941: max diff=0.000000, 5399.49 sec so far
Iteration 1425054: max diff=0.000000, 5404.49 sec so far
Iteration 1426176: max diff=0.000000, 5409.50 sec so far
Iteration 1427294: max diff=0.000000, 5414.50 sec so far
Iteration 1428413: max diff=0.000000, 5419.51 sec so far
Iteration 1429537: max diff=0.000000, 5424.51 sec so far
Iteration 1430655: max diff=0.000000, 5429.52 sec so far
Iteration 1431771: max diff=0.000000, 5434.52 sec so far
Iteration 1432900: max diff=0.000000, 5439.52 sec so far
Iteration 1434019: max diff=0.000000, 5444.53 sec so far
Iteration 1435127: max diff=0.000000, 5449.53 sec so far
Iteration 1436240: max diff=0.000000, 5454.54 sec so far
Iteration 1437363: max diff=0.000000, 5459.54 sec so far
Iteration 1438534: max diff=0.000000, 5464.54 sec so far
Iteration 1439715: max diff=0.000000, 5469.55 sec so far
Iteration 1440866: max diff=0.000000, 5474.55 sec so far
Iteration 1442000: max diff=0.000000, 5479.56 sec so far
Iteration 1443165: max diff=0.000000, 5484.56 sec so far
Iteration 1444288: max diff=0.000000, 5489.56 sec so far
Iteration 1445396: max diff=0.000000, 5494.57 sec so far
Iteration 1446521: max diff=0.000000, 5499.57 sec so far
Iteration 1447635: max diff=0.000000, 5504.58 sec so far
Iteration 1448744: max diff=0.000000, 5509.58 sec so far
Iteration 1449862: max diff=0.000000, 5514.58 sec so far
Iteration 1450971: max diff=0.000000, 5519.59 sec so far
Iteration 1452093: max diff=0.000000, 5524.60 sec so far
Iteration 1453215: max diff=0.000000, 5529.60 sec so far
Iteration 1454333: max diff=0.000000, 5534.61 sec so far
Iteration 1455444: max diff=0.000000, 5539.61 sec so far
Iteration 1456558: max diff=0.000000, 5544.62 sec so far
Iteration 1457673: max diff=0.000000, 5549.62 sec so far
Iteration 1458785: max diff=0.000000, 5554.63 sec so far
Iteration 1459899: max diff=0.000000, 5559.64 sec so far
Iteration 1461034: max diff=0.000000, 5564.64 sec so far
Iteration 1462179: max diff=0.000000, 5569.65 sec so far
Iteration 1463315: max diff=0.000000, 5574.65 sec so far
Iteration 1464435: max diff=0.000000, 5579.66 sec so far
Iteration 1465564: max diff=0.000000, 5584.66 sec so far
Iteration 1466699: max diff=0.000000, 5589.67 sec so far
Iteration 1467825: max diff=0.000000, 5594.67 sec so far
Iteration 1468962: max diff=0.000000, 5599.68 sec so far
Iteration 1470095: max diff=0.000000, 5604.68 sec so far
Iteration 1471228: max diff=0.000000, 5609.68 sec so far
Iteration 1472345: max diff=0.000000, 5614.69 sec so far
Iteration 1473481: max diff=0.000000, 5619.70 sec so far
Iteration 1474611: max diff=0.000000, 5624.70 sec so far
Iteration 1475732: max diff=0.000000, 5629.70 sec so far
Iteration 1476871: max diff=0.000000, 5634.71 sec so far
Iteration 1478000: max diff=0.000000, 5639.72 sec so far
Iteration 1479119: max diff=0.000000, 5644.72 sec so far
Iteration 1480243: max diff=0.000000, 5649.72 sec so far
Iteration 1481369: max diff=0.000000, 5654.73 sec so far
Iteration 1482446: max diff=0.000000, 5659.73 sec so far
Iteration 1483545: max diff=0.000000, 5664.74 sec so far
Iteration 1484618: max diff=0.000000, 5669.74 sec so far
Iteration 1485749: max diff=0.000000, 5674.75 sec so far
Iteration 1486871: max diff=0.000000, 5679.75 sec so far
Iteration 1487993: max diff=0.000000, 5684.76 sec so far
Iteration 1489129: max diff=0.000000, 5689.76 sec so far
Iteration 1490259: max diff=0.000000, 5694.76 sec so far
Iteration 1491385: max diff=0.000000, 5699.77 sec so far
Iteration 1492513: max diff=0.000000, 5704.77 sec so far
Iteration 1493626: max diff=0.000000, 5709.78 sec so far
Iteration 1494708: max diff=0.000000, 5714.78 sec so far
Iteration 1495808: max diff=0.000000, 5719.78 sec so far
Iteration 1496905: max diff=0.000000, 5724.79 sec so far
Iteration 1498022: max diff=0.000000, 5729.80 sec so far
Iteration 1499143: max diff=0.000000, 5734.80 sec so far
Iteration 1500272: max diff=0.000000, 5739.80 sec so far
Iteration 1501404: max diff=0.000000, 5744.81 sec so far
Iteration 1502518: max diff=0.000000, 5749.81 sec so far
Iteration 1503608: max diff=0.000000, 5754.82 sec so far
Iteration 1504698: max diff=0.000000, 5759.82 sec so far
Iteration 1505817: max diff=0.000000, 5764.82 sec so far
Iteration 1506941: max diff=0.000000, 5769.83 sec so far
Iteration 1508050: max diff=0.000000, 5774.83 sec so far
Iteration 1509158: max diff=0.000000, 5779.84 sec so far
Iteration 1510276: max diff=0.000000, 5784.84 sec so far
Iteration 1511398: max diff=0.000000, 5789.84 sec so far
Iteration 1512520: max diff=0.000000, 5794.85 sec so far
Iteration 1513634: max diff=0.000000, 5799.86 sec so far
Iteration 1514747: max diff=0.000000, 5804.86 sec so far
Iteration 1515844: max diff=0.000000, 5809.86 sec so far
Iteration 1516968: max diff=0.000000, 5814.87 sec so far
Iteration 1518093: max diff=0.000000, 5819.87 sec so far
Iteration 1519180: max diff=0.000000, 5824.88 sec so far
Iteration 1520321: max diff=0.000000, 5829.88 sec so far
Iteration 1521454: max diff=0.000000, 5834.88 sec so far
Iteration 1522577: max diff=0.000000, 5839.89 sec so far
Iteration 1523709: max diff=0.000000, 5844.89 sec so far
Iteration 1524819: max diff=0.000000, 5849.90 sec so far
Iteration 1525938: max diff=0.000000, 5854.90 sec so far
Iteration 1527078: max diff=0.000000, 5859.91 sec so far
Iteration 1528202: max diff=0.000000, 5864.91 sec so far
Iteration 1529331: max diff=0.000000, 5869.92 sec so far
Iteration 1530410: max diff=0.000000, 5874.92 sec so far
Iteration 1531500: max diff=0.000000, 5879.92 sec so far
Iteration 1532618: max diff=0.000000, 5884.93 sec so far
Iteration 1533744: max diff=0.000000, 5889.93 sec so far
Iteration 1534868: max diff=0.000000, 5894.94 sec so far
Iteration 1535942: max diff=0.000000, 5899.94 sec so far
Iteration 1537017: max diff=0.000000, 5904.94 sec so far
Iteration 1538127: max diff=0.000000, 5909.95 sec so far
Iteration 1539254: max diff=0.000000, 5914.96 sec so far
Iteration 1540333: max diff=0.000000, 5919.96 sec so far
Iteration 1541446: max diff=0.000000, 5924.96 sec so far
Iteration 1542579: max diff=0.000000, 5929.97 sec so far
Iteration 1543709: max diff=0.000000, 5934.97 sec so far
Iteration 1544856: max diff=0.000000, 5939.98 sec so far
Iteration 1545985: max diff=0.000000, 5944.98 sec so far
Iteration 1547104: max diff=0.000000, 5949.98 sec so far
Iteration 1548231: max diff=0.000000, 5954.99 sec so far
Iteration 1549363: max diff=0.000000, 5959.99 sec so far
Iteration 1550487: max diff=0.000000, 5965.00 sec so far
Iteration 1551639: max diff=0.000000, 5970.00 sec so far
Iteration 1552757: max diff=0.000000, 5975.00 sec so far
Iteration 1553879: max diff=0.000000, 5980.01 sec so far
Iteration 1554995: max diff=0.000000, 5985.02 sec so far
Iteration 1556122: max diff=0.000000, 5990.02 sec so far
Iteration 1557253: max diff=0.000000, 5995.02 sec so far
Iteration 1558376: max diff=0.000000, 6000.03 sec so far
Iteration 1559496: max diff=0.000000, 6005.03 sec so far
Iteration 1560627: max diff=0.000000, 6010.04 sec so far
Iteration 1561732: max diff=0.000000, 6015.04 sec so far
Iteration 1562858: max diff=0.000000, 6020.05 sec so far
Iteration 1563984: max diff=0.000000, 6025.05 sec so far
Iteration 1565103: max diff=0.000000, 6030.06 sec so far
Iteration 1566210: max diff=0.000000, 6035.06 sec so far
Iteration 1567337: max diff=0.000000, 6040.06 sec so far
Iteration 1568499: max diff=0.000000, 6045.07 sec so far
Iteration 1569644: max diff=0.000000, 6050.07 sec so far
Iteration 1570767: max diff=0.000000, 6055.08 sec so far
Iteration 1571884: max diff=0.000000, 6060.08 sec so far
Iteration 1573041: max diff=0.000000, 6065.08 sec so far
Iteration 1574202: max diff=0.000000, 6070.09 sec so far
Iteration 1575422: max diff=0.000000, 6075.09 sec so far
Iteration 1576633: max diff=0.000000, 6080.10 sec so far
Iteration 1577902: max diff=0.000000, 6085.10 sec so far
Iteration 1579086: max diff=0.000000, 6090.10 sec so far
Iteration 1580327: max diff=0.000000, 6095.11 sec so far
Iteration 1581647: max diff=0.000000, 6100.11 sec so far
Iteration 1582895: max diff=0.000000, 6105.12 sec so far
Iteration 1584206: max diff=0.000000, 6110.12 sec so far
Iteration 1585492: max diff=0.000000, 6115.12 sec so far
Iteration 1586575: max diff=0.000000, 6120.13 sec so far
Iteration 1587861: max diff=0.000000, 6125.14 sec so far
Iteration 1589129: max diff=0.000000, 6130.14 sec so far
Iteration 1590317: max diff=0.000000, 6135.14 sec so far
Iteration 1591515: max diff=0.000000, 6140.15 sec so far
Iteration 1592738: max diff=0.000000, 6145.15 sec so far
Iteration 1594004: max diff=0.000000, 6150.16 sec so far
Iteration 1595342: max diff=0.000000, 6155.16 sec so far
Iteration 1596512: max diff=0.000000, 6160.16 sec so far
Iteration 1597906: max diff=0.000000, 6165.17 sec so far
Iteration 1599114: max diff=0.000000, 6170.17 sec so far
Iteration 1600357: max diff=0.000000, 6175.18 sec so far
Iteration 1601655: max diff=0.000000, 6180.18 sec so far
Iteration 1602861: max diff=0.000000, 6185.18 sec so far
Iteration 1604170: max diff=0.000000, 6190.19 sec so far
Iteration 1605436: max diff=0.000000, 6195.19 sec so far
Iteration 1606627: max diff=0.000000, 6200.20 sec so far
Iteration 1607966: max diff=0.000000, 6205.20 sec so far
Iteration 1609217: max diff=0.000000, 6210.20 sec so far
Iteration 1610468: max diff=0.000000, 6215.21 sec so far
Iteration 1611805: max diff=0.000000, 6220.21 sec so far
Iteration 1613043: max diff=0.000000, 6225.22 sec so far
Iteration 1614336: max diff=0.000000, 6230.22 sec so far
Iteration 1615513: max diff=0.000000, 6235.22 sec so far
Iteration 1616745: max diff=0.000000, 6240.23 sec so far
Iteration 1618024: max diff=0.000000, 6245.23 sec so far
Iteration 1619200: max diff=0.000000, 6250.24 sec so far
Iteration 1620493: max diff=0.000000, 6255.24 sec so far
Iteration 1621767: max diff=0.000000, 6260.24 sec so far
Iteration 1622934: max diff=0.000000, 6265.25 sec so far
Iteration 1624192: max diff=0.000000, 6270.26 sec so far
Iteration 1625391: max diff=0.000000, 6275.26 sec so far
Iteration 1626568: max diff=0.000000, 6280.26 sec so far
Iteration 1627877: max diff=0.000000, 6285.27 sec so far
Iteration 1629086: max diff=0.000000, 6290.27 sec so far
Iteration 1630326: max diff=0.000000, 6295.28 sec so far
Iteration 1631635: max diff=0.000000, 6300.28 sec so far
Iteration 1632844: max diff=0.000000, 6305.28 sec so far
Iteration 1634224: max diff=0.000000, 6310.29 sec so far
Iteration 1635427: max diff=0.000000, 6315.29 sec so far
Iteration 1636669: max diff=0.000000, 6320.30 sec so far
Iteration 1637971: max diff=0.000000, 6325.30 sec so far
Iteration 1639184: max diff=0.000000, 6330.30 sec so far
Iteration 1640477: max diff=0.000000, 6335.31 sec so far
Iteration 1641723: max diff=0.000000, 6340.31 sec so far
Iteration 1642899: max diff=0.000000, 6345.32 sec so far
Iteration 1644169: max diff=0.000000, 6350.32 sec so far
Iteration 1645373: max diff=0.000000, 6355.32 sec so far
Iteration 1646637: max diff=0.000000, 6360.33 sec so far
Iteration 1647937: max diff=0.000000, 6365.33 sec so far
Iteration 1649156: max diff=0.000000, 6370.34 sec so far
Iteration 1650338: max diff=0.000000, 6375.34 sec so far
Iteration 1651649: max diff=0.000000, 6380.34 sec so far
Iteration 1652803: max diff=0.000000, 6385.35 sec so far
Iteration 1654018: max diff=0.000000, 6390.36 sec so far
Iteration 1655355: max diff=0.000000, 6395.36 sec so far
Iteration 1656541: max diff=0.000000, 6400.36 sec so far
Iteration 1657852: max diff=0.000000, 6405.37 sec so far
Iteration 1659152: max diff=0.000000, 6410.37 sec so far
Iteration 1660273: max diff=0.000000, 6415.38 sec so far
Iteration 1661563: max diff=0.000000, 6420.38 sec so far
Iteration 1662816: max diff=0.000000, 6425.38 sec so far
Iteration 1664028: max diff=0.000000, 6430.39 sec so far
Iteration 1665349: max diff=0.000000, 6435.39 sec so far
Iteration 1666530: max diff=0.000000, 6440.40 sec so far
Iteration 1667786: max diff=0.000000, 6445.40 sec so far
Iteration 1669130: max diff=0.000000, 6450.40 sec so far
Iteration 1670373: max diff=0.000000, 6455.41 sec so far
Iteration 1671590: max diff=0.000000, 6460.41 sec so far
Iteration 1672931: max diff=0.000000, 6465.42 sec so far
Iteration 1674087: max diff=0.000000, 6470.42 sec so far
Iteration 1675381: max diff=0.000000, 6475.42 sec so far
Iteration 1676628: max diff=0.000000, 6480.43 sec so far
Iteration 1677826: max diff=0.000000, 6485.43 sec so far
Iteration 1679132: max diff=0.000000, 6490.44 sec so far
Iteration 1680246: max diff=0.000000, 6495.44 sec so far
Iteration 1681451: max diff=0.000000, 6500.44 sec so far
Iteration 1682756: max diff=0.000000, 6505.45 sec so far
Iteration 1683966: max diff=0.000000, 6510.45 sec so far
Iteration 1685187: max diff=0.000000, 6515.46 sec so far
Iteration 1686483: max diff=0.000000, 6520.46 sec so far
Iteration 1687635: max diff=0.000000, 6525.46 sec so far
Iteration 1688934: max diff=0.000000, 6530.47 sec so far
Iteration 1690254: max diff=0.000000, 6535.47 sec so far
Iteration 1691345: max diff=0.000000, 6540.48 sec so far
Iteration 1692706: max diff=0.000000, 6545.48 sec so far
Iteration 1693850: max diff=0.000000, 6550.48 sec so far
Iteration 1695065: max diff=0.000000, 6555.49 sec so far
Iteration 1696378: max diff=0.000000, 6560.50 sec so far
Iteration 1697470: max diff=0.000000, 6565.50 sec so far
Iteration 1698704: max diff=0.000000, 6570.50 sec so far
Iteration 1699951: max diff=0.000000, 6575.51 sec so far
Iteration 1701066: max diff=0.000000, 6580.51 sec so far
Iteration 1702322: max diff=0.000000, 6585.52 sec so far
Iteration 1703551: max diff=0.000000, 6590.52 sec so far
Iteration 1704786: max diff=0.000000, 6595.52 sec so far
Iteration 1706090: max diff=0.000000, 6600.53 sec so far
Iteration 1707242: max diff=0.000000, 6605.53 sec so far
Iteration 1708481: max diff=0.000000, 6610.54 sec so far
Iteration 1709783: max diff=0.000000, 6615.54 sec so far
Iteration 1710979: max diff=0.000000, 6620.55 sec so far
Iteration 1712234: max diff=0.000000, 6625.55 sec so far
Iteration 1713594: max diff=0.000000, 6630.56 sec so far
Iteration 1714805: max diff=0.000000, 6635.56 sec so far
Iteration 1716081: max diff=0.000000, 6640.56 sec so far
Iteration 1717386: max diff=0.000000, 6645.57 sec so far
Iteration 1718683: max diff=0.000000, 6650.57 sec so far
Iteration 1719965: max diff=0.000000, 6655.58 sec so far
Iteration 1721252: max diff=0.000000, 6660.58 sec so far
Iteration 1722537: max diff=0.000000, 6665.58 sec so far
Iteration 1723825: max diff=0.000000, 6670.59 sec so far
Iteration 1725123: max diff=0.000000, 6675.59 sec so far
Iteration 1726428: max diff=0.000000, 6680.60 sec so far
Iteration 1727732: max diff=0.000000, 6685.60 sec so far
Iteration 1729034: max diff=0.000000, 6690.60 sec so far
Iteration 1730339: max diff=0.000000, 6695.61 sec so far
Iteration 1731640: max diff=0.000000, 6700.61 sec so far
Iteration 1732944: max diff=0.000000, 6705.62 sec so far
Iteration 1734252: max diff=0.000000, 6710.62 sec so far
Iteration 1735555: max diff=0.000000, 6715.62 sec so far
Iteration 1736867: max diff=0.000000, 6720.63 sec so far
Iteration 1738176: max diff=0.000000, 6725.63 sec so far
Iteration 1739485: max diff=0.000000, 6730.64 sec so far
Iteration 1740787: max diff=0.000000, 6735.64 sec so far
Iteration 1742109: max diff=0.000000, 6740.64 sec so far
Iteration 1743434: max diff=0.000000, 6745.65 sec so far
Iteration 1744751: max diff=0.000000, 6750.65 sec so far
Iteration 1746074: max diff=0.000000, 6755.66 sec so far
Iteration 1747385: max diff=0.000000, 6760.66 sec so far
Iteration 1748692: max diff=0.000000, 6765.67 sec so far
Iteration 1750002: max diff=0.000000, 6770.67 sec so far
Iteration 1751322: max diff=0.000000, 6775.68 sec so far
Iteration 1752648: max diff=0.000000, 6780.68 sec so far
Iteration 1753980: max diff=0.000000, 6785.68 sec so far
Iteration 1755281: max diff=0.000000, 6790.69 sec so far
Iteration 1756586: max diff=0.000000, 6795.69 sec so far
Iteration 1757882: max diff=0.000000, 6800.70 sec so far
Iteration 1759184: max diff=0.000000, 6805.70 sec so far
Iteration 1760486: max diff=0.000000, 6810.70 sec so far
Iteration 1761782: max diff=0.000000, 6815.71 sec so far
Iteration 1763100: max diff=0.000000, 6820.71 sec so far
Iteration 1764409: max diff=0.000000, 6825.72 sec so far
Iteration 1765735: max diff=0.000000, 6830.72 sec so far
Iteration 1767055: max diff=0.000000, 6835.72 sec so far
Iteration 1768357: max diff=0.000000, 6840.73 sec so far
Iteration 1769662: max diff=0.000000, 6845.73 sec so far
Iteration 1770972: max diff=0.000000, 6850.74 sec so far
Iteration 1772275: max diff=0.000000, 6855.74 sec so far
Iteration 1773556: max diff=0.000000, 6860.74 sec so far
Iteration 1774840: max diff=0.000000, 6865.75 sec so far
Iteration 1776110: max diff=0.000000, 6870.75 sec so far
Iteration 1777393: max diff=0.000000, 6875.76 sec so far
Iteration 1778674: max diff=0.000000, 6880.76 sec so far
Iteration 1779959: max diff=0.000000, 6885.76 sec so far
Iteration 1781252: max diff=0.000000, 6890.77 sec so far
Iteration 1782551: max diff=0.000000, 6895.77 sec so far
Iteration 1783850: max diff=0.000000, 6900.78 sec so far
Iteration 1785149: max diff=0.000000, 6905.78 sec so far
Iteration 1786448: max diff=0.000000, 6910.78 sec so far
Iteration 1787752: max diff=0.000000, 6915.79 sec so far
Iteration 1789048: max diff=0.000000, 6920.79 sec so far
Iteration 1790343: max diff=0.000000, 6925.80 sec so far
Iteration 1791639: max diff=0.000000, 6930.80 sec so far
Iteration 1792941: max diff=0.000000, 6935.80 sec so far
Iteration 1794233: max diff=0.000000, 6940.81 sec so far
Iteration 1795532: max diff=0.000000, 6945.81 sec so far
Iteration 1796827: max diff=0.000000, 6950.82 sec so far
Iteration 1798130: max diff=0.000000, 6955.82 sec so far
Iteration 1799434: max diff=0.000000, 6960.82 sec so far
Iteration 1800739: max diff=0.000000, 6965.83 sec so far
Iteration 1802054: max diff=0.000000, 6970.83 sec so far
Iteration 1803363: max diff=0.000000, 6975.84 sec so far
Iteration 1804669: max diff=0.000000, 6980.84 sec so far
Iteration 1805973: max diff=0.000000, 6985.85 sec so far
Iteration 1807281: max diff=0.000000, 6990.85 sec so far
Iteration 1808585: max diff=0.000000, 6995.86 sec so far
Iteration 1809889: max diff=0.000000, 7000.86 sec so far
Iteration 1811196: max diff=0.000000, 7005.86 sec so far
Iteration 1812501: max diff=0.000000, 7010.87 sec so far
Iteration 1813804: max diff=0.000000, 7015.87 sec so far
Iteration 1815102: max diff=0.000000, 7020.88 sec so far

Power method: 1816236 iterations in 7025.23 seconds (average 0.003868, setup 0.01)

Printing steady-state probabilities in plain text format to file "../../CZK_project/Output/t=0.1_median_1E-6_dynamic/hybrid/ph_10_30000_1E-6"...

Time for steady-state probability computation: 7469.137 seconds.

