PRISM
=====

Version: 4.4
Date: Tue Jun 19 11:39:38 EDT 2018
Hostname: storm-eval
Memory limits: cudd=1g, java(heap)=910.5m
Command line: prism -hybrid -epsilon 2e-10 -maxiters 100000000 -power -absolute -const 'k=5000,timeout=0.1,lambda=6.93147180559945309400' ../../CZK_project/Model/queue_withptf_ctmc.sm -ss -exportss ../../CZK_project/Output/t=0.1_median_1E-6_dynamic/hybrid/ph_10_5000_1E-6

Parsing model file "../../CZK_project/Model/queue_withptf_ctmc.sm"...

Type:        CTMC
Modules:     main trigger 
Variables:   qSize i 

---------------------------------------------------------------------

Computing steady-state probabilities...

Building model...
Model constants: k=5000,timeout=0.1,lambda=6.9314718056

Computing reachable states...

Reachability (BFS): 55000 iterations in 1.79 seconds (average 0.000033, setup 0.00)

Time for model construction: 3.787 seconds.

Type:        CTMC
States:      55000 (1 initial)
Transitions: 105000

Rate matrix: 190 nodes (3 terminal), 105000 minterms, vars: 17r/17c

SCCs: 1, BSCCs: 1, non-BSCC states: 0
BSCC sizes: 1:55000

Initial states all in one BSCC (so no reachability probabilities computed)

Computing probabilities...
Engine: Hybrid

Building power method iteration matrix MTBDD... [nodes=254] [5.0 Kb]
Building hybrid MTBDD matrix... [levels=17, nodes=287] [13.5 KB]
Adding explicit sparse matrices... [levels=17, num=1, compact] [678.7 KB]
Allocating iteration vectors... [2 x 429.7 KB]
TOTAL: [1.5 MB]

Starting iterations...
Iteration 10573: max diff=0.000001, 5.00 sec so far
Iteration 20942: max diff=0.000000, 10.01 sec so far
Iteration 31604: max diff=0.000000, 15.01 sec so far
Iteration 42242: max diff=0.000000, 20.02 sec so far
Iteration 52871: max diff=0.000000, 25.02 sec so far
Iteration 63460: max diff=0.000000, 30.02 sec so far
Iteration 74089: max diff=0.000000, 35.03 sec so far
Iteration 84766: max diff=0.000000, 40.03 sec so far
Iteration 95316: max diff=0.000000, 45.04 sec so far
Iteration 105941: max diff=0.000000, 50.04 sec so far
Iteration 116666: max diff=0.000000, 55.04 sec so far
Iteration 127338: max diff=0.000000, 60.05 sec so far
Iteration 138040: max diff=0.000000, 65.05 sec so far
Iteration 148743: max diff=0.000000, 70.06 sec so far
Iteration 159424: max diff=0.000000, 75.06 sec so far
Iteration 170110: max diff=0.000000, 80.06 sec so far
Iteration 180800: max diff=0.000000, 85.07 sec so far
Iteration 191502: max diff=0.000000, 90.07 sec so far
Iteration 203053: max diff=0.000000, 95.08 sec so far
Iteration 214087: max diff=0.000000, 100.08 sec so far
Iteration 224657: max diff=0.000000, 105.08 sec so far
Iteration 235318: max diff=0.000000, 110.09 sec so far
Iteration 246022: max diff=0.000000, 115.09 sec so far
Iteration 256656: max diff=0.000000, 120.10 sec so far
Iteration 267138: max diff=0.000000, 125.10 sec so far
Iteration 277948: max diff=0.000000, 130.10 sec so far
Iteration 288780: max diff=0.000000, 135.11 sec so far
Iteration 299449: max diff=0.000000, 140.11 sec so far
Iteration 310567: max diff=0.000000, 145.12 sec so far
Iteration 321532: max diff=0.000000, 150.12 sec so far
Iteration 332382: max diff=0.000000, 155.12 sec so far

Power method: 342962 iterations in 159.94 seconds (average 0.000466, setup 0.01)

Printing steady-state probabilities in plain text format to file "../../CZK_project/Output/t=0.1_median_1E-6_dynamic/hybrid/ph_10_5000_1E-6"...

Time for steady-state probability computation: 171.769 seconds.

