PRISM
=====

Version: 4.4
Date: Tue Jun 19 11:34:49 EDT 2018
Hostname: storm-eval
Memory limits: cudd=1g, java(heap)=910.5m
Command line: prism -hybrid -epsilon 5e-07 -maxiters 100000000 -power -absolute -const 'k=2,timeout=0.1,lambda=6.93147180559945309400' ../../CZK_project/Model/queue_withptf_ctmc.sm -ss -exportss ../../CZK_project/Output/t=0.1_median_1E-6_dynamic/hybrid/ph_10_2_1E-6

Parsing model file "../../CZK_project/Model/queue_withptf_ctmc.sm"...

Type:        CTMC
Modules:     main trigger 
Variables:   qSize i 

---------------------------------------------------------------------

Computing steady-state probabilities...

Building model...
Model constants: k=2,timeout=0.1,lambda=6.9314718056

Computing reachable states...

Reachability (BFS): 22 iterations in 0.00 seconds (average 0.000000, setup 0.00)

Time for model construction: 0.022 seconds.

Type:        CTMC
States:      22 (1 initial)
Transitions: 42

Rate matrix: 49 nodes (3 terminal), 42 minterms, vars: 6r/6c

SCCs: 1, BSCCs: 1, non-BSCC states: 0
BSCC sizes: 1:22

Initial states all in one BSCC (so no reachability probabilities computed)

Computing probabilities...
Engine: Hybrid

Building power method iteration matrix MTBDD... [nodes=62] [1.2 Kb]
Building hybrid MTBDD matrix... [levels=6, nodes=69] [3.2 KB]
Adding explicit sparse matrices... [levels=6, num=1, compact] [0.3 KB]
Allocating iteration vectors... [2 x 0.2 KB]
TOTAL: [3.9 KB]

Starting iterations...

Power method: 272 iterations in 0.00 seconds (average 0.000000, setup 0.00)

Printing steady-state probabilities in plain text format to file "../../CZK_project/Output/t=0.1_median_1E-6_dynamic/hybrid/ph_10_2_1E-6"...

Time for steady-state probability computation: 0.009 seconds.

