PRISM
=====

Version: 4.4
Date: Tue Jun 19 11:37:46 EDT 2018
Hostname: storm-eval
Memory limits: cudd=1g, java(heap)=910.5m
Command line: prism -hybrid -epsilon 2.5e-10 -maxiters 100000000 -power -absolute -const 'k=4000,timeout=0.1,lambda=6.93147180559945309400' ../../CZK_project/Model/queue_withptf_ctmc.sm -ss -exportss ../../CZK_project/Output/t=0.1_median_1E-6_dynamic/hybrid/ph_10_4000_1E-6

Parsing model file "../../CZK_project/Model/queue_withptf_ctmc.sm"...

Type:        CTMC
Modules:     main trigger 
Variables:   qSize i 

---------------------------------------------------------------------

Computing steady-state probabilities...

Building model...
Model constants: k=4000,timeout=0.1,lambda=6.9314718056

Computing reachable states...

Reachability (BFS): 44000 iterations in 1.25 seconds (average 0.000028, setup 0.00)

Time for model construction: 2.535 seconds.

Type:        CTMC
States:      44000 (1 initial)
Transitions: 84000

Rate matrix: 164 nodes (3 terminal), 84000 minterms, vars: 16r/16c

SCCs: 1, BSCCs: 1, non-BSCC states: 0
BSCC sizes: 1:44000

Initial states all in one BSCC (so no reachability probabilities computed)

Computing probabilities...
Engine: Hybrid

Building power method iteration matrix MTBDD... [nodes=219] [4.3 Kb]
Building hybrid MTBDD matrix... [levels=16, nodes=249] [11.7 KB]
Adding explicit sparse matrices... [levels=16, num=1, compact] [543.0 KB]
Allocating iteration vectors... [2 x 343.8 KB]
TOTAL: [1.2 MB]

Starting iterations...
Iteration 13290: max diff=0.000000, 5.00 sec so far
Iteration 26766: max diff=0.000000, 10.01 sec so far
Iteration 40142: max diff=0.000000, 15.01 sec so far
Iteration 53584: max diff=0.000000, 20.02 sec so far
Iteration 67016: max diff=0.000000, 25.02 sec so far
Iteration 80492: max diff=0.000000, 30.02 sec so far
Iteration 93870: max diff=0.000000, 35.03 sec so far
Iteration 107265: max diff=0.000000, 40.03 sec so far
Iteration 120679: max diff=0.000000, 45.04 sec so far
Iteration 134097: max diff=0.000000, 50.04 sec so far
Iteration 147513: max diff=0.000000, 55.04 sec so far
Iteration 161002: max diff=0.000000, 60.05 sec so far
Iteration 174394: max diff=0.000000, 65.05 sec so far
Iteration 187808: max diff=0.000000, 70.06 sec so far
Iteration 201258: max diff=0.000000, 75.06 sec so far
Iteration 214629: max diff=0.000000, 80.06 sec so far
Iteration 228097: max diff=0.000000, 85.07 sec so far
Iteration 241501: max diff=0.000000, 90.07 sec so far
Iteration 254848: max diff=0.000000, 95.08 sec so far
Iteration 268208: max diff=0.000000, 100.08 sec so far

Power method: 278398 iterations in 103.89 seconds (average 0.000373, setup 0.00)

Printing steady-state probabilities in plain text format to file "../../CZK_project/Output/t=0.1_median_1E-6_dynamic/hybrid/ph_10_4000_1E-6"...

Time for steady-state probability computation: 107.412 seconds.

