PRISM
=====

Version: 4.4
Date: Mon Jul 09 08:45:11 EDT 2018
Hostname: storm-eval
Memory limits: cudd=1g, java(heap)=910.5m
Command line: prism -hybrid -epsilon 5e-09 -maxiters 100000000 -power -absolute -const k=200 ../../CZK_project/Model/benchmark/devel/firstRejuvenation/firstRejuvenation_CTMC.pm -ss -exportss ../../CZK_project/Output/firstRejuvenation_1E-6_dynamic/hybrid/ph_200_1E-6

Parsing model file "../../CZK_project/Model/benchmark/devel/firstRejuvenation/firstRejuvenation_CTMC.pm"...

Type:        CTMC
Modules:     firstRejuvenation trigger 
Variables:   status avail maintenance i 

---------------------------------------------------------------------

Computing steady-state probabilities...

Building model...
Model constants: k=200

Computing reachable states...

Reachability (BFS): 401 iterations in 0.01 seconds (average 0.000020, setup 0.00)

Time for model construction: 0.03 seconds.

Type:        CTMC
States:      1000 (1 initial)
Transitions: 1400

Rate matrix: 281 nodes (7 terminal), 1400 minterms, vars: 12r/12c

SCCs: 1, BSCCs: 1, non-BSCC states: 0
BSCC sizes: 1:1000

Initial states all in one BSCC (so no reachability probabilities computed)

Computing probabilities...
Engine: Hybrid

Building power method iteration matrix MTBDD... [nodes=330] [6.4 Kb]
Building hybrid MTBDD matrix... [levels=12, nodes=356] [16.7 KB]
Adding explicit sparse matrices... [levels=12, num=1, compact] [10.4 KB]
Allocating iteration vectors... [2 x 7.8 KB]
TOTAL: [42.8 KB]

Starting iterations...
Iteration 749115: max diff=0.000000, 5.00 sec so far
Iteration 1505566: max diff=0.000000, 10.01 sec so far
Iteration 2264017: max diff=0.000000, 15.01 sec so far
Iteration 3033941: max diff=0.000000, 20.02 sec so far
Iteration 3794386: max diff=0.000000, 25.02 sec so far
Iteration 4555290: max diff=0.000000, 30.02 sec so far
Iteration 5306535: max diff=0.000000, 35.03 sec so far

Power method: 5916625 iterations in 39.04 seconds (average 0.000007, setup 0.00)

Printing steady-state probabilities in plain text format to file "../../CZK_project/Output/firstRejuvenation_1E-6_dynamic/hybrid/ph_200_1E-6"...

Time for steady-state probability computation: 41.351 seconds.

