PRISM
=====

Version: 4.4
Date: Wed Jul 11 06:09:28 EDT 2018
Hostname: storm-eval
Memory limits: cudd=1g, java(heap)=910.5m
Command line: prism -hybrid -epsilon 5e-10 -maxiters 100000000 -power -absolute -const k=2000 ../../CZK_project/Model/benchmark/devel/firstRejuvenation/firstRejuvenation_CTMC.pm -ss -exportss ../../CZK_project/Output/firstRejuvenation_1E-6_dynamic/hybrid/ph_2000_1E-6

Parsing model file "../../CZK_project/Model/benchmark/devel/firstRejuvenation/firstRejuvenation_CTMC.pm"...

Type:        CTMC
Modules:     firstRejuvenation trigger 
Variables:   status avail maintenance i 

---------------------------------------------------------------------

Computing steady-state probabilities...

Building model...
Model constants: k=2000

Computing reachable states...

Reachability (BFS): 4001 iterations in 0.16 seconds (average 0.000041, setup 0.00)

Time for model construction: 0.533 seconds.

Type:        CTMC
States:      10000 (1 initial)
Transitions: 14000

Rate matrix: 358 nodes (7 terminal), 14000 minterms, vars: 15r/15c

SCCs: 1, BSCCs: 1, non-BSCC states: 0
BSCC sizes: 1:10000

Initial states all in one BSCC (so no reachability probabilities computed)

Computing probabilities...
Engine: Hybrid

Building power method iteration matrix MTBDD... [nodes=422] [8.2 Kb]
Building hybrid MTBDD matrix... [levels=15, nodes=483] [22.6 KB]
Adding explicit sparse matrices... [levels=15, num=1, compact] [132.9 KB]
Allocating iteration vectors... [2 x 78.1 KB]
TOTAL: [311.8 KB]

Starting iterations...
Iteration 74226: max diff=0.000001, 5.00 sec so far
Iteration 148378: max diff=0.000001, 10.01 sec so far
Iteration 222096: max diff=0.000000, 15.01 sec so far
Iteration 296243: max diff=0.000000, 20.02 sec so far
Iteration 370784: max diff=0.000000, 25.02 sec so far
Iteration 445022: max diff=0.000000, 30.02 sec so far
Iteration 518528: max diff=0.000000, 35.03 sec so far
Iteration 592444: max diff=0.000000, 40.03 sec so far
Iteration 666309: max diff=0.000000, 45.04 sec so far
Iteration 738825: max diff=0.000000, 50.04 sec so far
Iteration 811398: max diff=0.000000, 55.04 sec so far
Iteration 884323: max diff=0.000000, 60.05 sec so far
Iteration 957721: max diff=0.000000, 65.05 sec so far
Iteration 1030995: max diff=0.000000, 70.06 sec so far
Iteration 1103339: max diff=0.000000, 75.06 sec so far
Iteration 1177119: max diff=0.000000, 80.06 sec so far
Iteration 1248571: max diff=0.000000, 85.07 sec so far
Iteration 1318984: max diff=0.000000, 90.07 sec so far
Iteration 1392816: max diff=0.000000, 95.08 sec so far
Iteration 1465576: max diff=0.000000, 100.08 sec so far
Iteration 1535720: max diff=0.000000, 105.08 sec so far
Iteration 1609519: max diff=0.000000, 110.09 sec so far
Iteration 1683155: max diff=0.000000, 115.09 sec so far
Iteration 1756864: max diff=0.000000, 120.10 sec so far
Iteration 1829479: max diff=0.000000, 125.10 sec so far
Iteration 1901243: max diff=0.000000, 130.10 sec so far
Iteration 1974587: max diff=0.000000, 135.11 sec so far
Iteration 2047924: max diff=0.000000, 140.11 sec so far
Iteration 2121176: max diff=0.000000, 145.12 sec so far
Iteration 2194450: max diff=0.000000, 150.12 sec so far
Iteration 2267200: max diff=0.000000, 155.12 sec so far
Iteration 2338869: max diff=0.000000, 160.13 sec so far
Iteration 2411535: max diff=0.000000, 165.13 sec so far
Iteration 2484114: max diff=0.000000, 170.14 sec so far
Iteration 2554689: max diff=0.000000, 175.14 sec so far
Iteration 2625081: max diff=0.000000, 180.14 sec so far
Iteration 2698838: max diff=0.000000, 185.15 sec so far
Iteration 2772293: max diff=0.000000, 190.15 sec so far
Iteration 2845688: max diff=0.000000, 195.16 sec so far
Iteration 2920181: max diff=0.000000, 200.16 sec so far
Iteration 2992388: max diff=0.000000, 205.16 sec so far
Iteration 3063902: max diff=0.000000, 210.17 sec so far
Iteration 3136635: max diff=0.000000, 215.17 sec so far
Iteration 3209532: max diff=0.000000, 220.18 sec so far
Iteration 3281944: max diff=0.000000, 225.18 sec so far
Iteration 3355149: max diff=0.000000, 230.18 sec so far
Iteration 3429169: max diff=0.000000, 235.19 sec so far
Iteration 3500378: max diff=0.000000, 240.19 sec so far
Iteration 3573116: max diff=0.000000, 245.20 sec so far
Iteration 3647516: max diff=0.000000, 250.20 sec so far
Iteration 3722093: max diff=0.000000, 255.20 sec so far
Iteration 3796314: max diff=0.000000, 260.21 sec so far
Iteration 3870909: max diff=0.000000, 265.21 sec so far
Iteration 3944014: max diff=0.000000, 270.22 sec so far
Iteration 4016955: max diff=0.000000, 275.22 sec so far
Iteration 4088810: max diff=0.000000, 280.22 sec so far
Iteration 4160608: max diff=0.000000, 285.23 sec so far
Iteration 4234282: max diff=0.000000, 290.23 sec so far
Iteration 4308331: max diff=0.000000, 295.24 sec so far
Iteration 4381952: max diff=0.000000, 300.24 sec so far
Iteration 4455910: max diff=0.000000, 305.24 sec so far
Iteration 4528918: max diff=0.000000, 310.25 sec so far
Iteration 4602869: max diff=0.000000, 315.25 sec so far
Iteration 4676899: max diff=0.000000, 320.26 sec so far
Iteration 4750783: max diff=0.000000, 325.26 sec so far
Iteration 4824605: max diff=0.000000, 330.26 sec so far
Iteration 4898375: max diff=0.000000, 335.27 sec so far
Iteration 4972458: max diff=0.000000, 340.27 sec so far
Iteration 5046360: max diff=0.000000, 345.28 sec so far
Iteration 5120176: max diff=0.000000, 350.28 sec so far
Iteration 5194321: max diff=0.000000, 355.28 sec so far
Iteration 5268694: max diff=0.000000, 360.29 sec so far
Iteration 5342353: max diff=0.000000, 365.29 sec so far
Iteration 5416571: max diff=0.000000, 370.30 sec so far
Iteration 5491232: max diff=0.000000, 375.30 sec so far
Iteration 5565406: max diff=0.000000, 380.30 sec so far
Iteration 5640056: max diff=0.000000, 385.31 sec so far
Iteration 5714577: max diff=0.000000, 390.31 sec so far
Iteration 5788544: max diff=0.000000, 395.32 sec so far
Iteration 5862260: max diff=0.000000, 400.32 sec so far
Iteration 5935993: max diff=0.000000, 405.32 sec so far
Iteration 6009789: max diff=0.000000, 410.33 sec so far
Iteration 6083472: max diff=0.000000, 415.33 sec so far
Iteration 6157993: max diff=0.000000, 420.34 sec so far
Iteration 6232068: max diff=0.000000, 425.34 sec so far
Iteration 6305976: max diff=0.000000, 430.34 sec so far
Iteration 6380183: max diff=0.000000, 435.35 sec so far
Iteration 6452560: max diff=0.000000, 440.35 sec so far
Iteration 6526295: max diff=0.000000, 445.36 sec so far
Iteration 6600598: max diff=0.000000, 450.36 sec so far
Iteration 6674737: max diff=0.000000, 455.36 sec so far
Iteration 6748464: max diff=0.000000, 460.37 sec so far
Iteration 6822319: max diff=0.000000, 465.37 sec so far
Iteration 6896146: max diff=0.000000, 470.38 sec so far
Iteration 6970235: max diff=0.000000, 475.38 sec so far
Iteration 7044265: max diff=0.000000, 480.38 sec so far
Iteration 7118947: max diff=0.000000, 485.39 sec so far
Iteration 7192450: max diff=0.000000, 490.39 sec so far
Iteration 7266765: max diff=0.000000, 495.40 sec so far
Iteration 7340546: max diff=0.000000, 500.40 sec so far
Iteration 7414440: max diff=0.000000, 505.40 sec so far
Iteration 7488073: max diff=0.000000, 510.41 sec so far
Iteration 7562225: max diff=0.000000, 515.41 sec so far
Iteration 7634958: max diff=0.000000, 520.42 sec so far
Iteration 7708552: max diff=0.000000, 525.42 sec so far
Iteration 7781565: max diff=0.000000, 530.42 sec so far
Iteration 7854379: max diff=0.000000, 535.43 sec so far
Iteration 7927473: max diff=0.000000, 540.43 sec so far
Iteration 8000504: max diff=0.000000, 545.44 sec so far
Iteration 8074349: max diff=0.000000, 550.44 sec so far
Iteration 8147230: max diff=0.000000, 555.44 sec so far
Iteration 8220274: max diff=0.000000, 560.45 sec so far
Iteration 8293563: max diff=0.000000, 565.45 sec so far
Iteration 8367780: max diff=0.000000, 570.46 sec so far
Iteration 8441001: max diff=0.000000, 575.46 sec so far
Iteration 8512882: max diff=0.000000, 580.46 sec so far
Iteration 8586042: max diff=0.000000, 585.47 sec so far
Iteration 8658786: max diff=0.000000, 590.47 sec so far
Iteration 8731252: max diff=0.000000, 595.48 sec so far
Iteration 8803610: max diff=0.000000, 600.48 sec so far
Iteration 8877065: max diff=0.000000, 605.48 sec so far
Iteration 8950465: max diff=0.000000, 610.49 sec so far
Iteration 9024177: max diff=0.000000, 615.49 sec so far
Iteration 9098038: max diff=0.000000, 620.50 sec so far
Iteration 9171517: max diff=0.000000, 625.50 sec so far
Iteration 9244805: max diff=0.000000, 630.50 sec so far
Iteration 9318779: max diff=0.000000, 635.51 sec so far
Iteration 9391924: max diff=0.000000, 640.51 sec so far
Iteration 9465367: max diff=0.000000, 645.52 sec so far
Iteration 9539368: max diff=0.000000, 650.52 sec so far
Iteration 9613191: max diff=0.000000, 655.52 sec so far
Iteration 9686286: max diff=0.000000, 660.53 sec so far
Iteration 9759969: max diff=0.000000, 665.53 sec so far
Iteration 9834011: max diff=0.000000, 670.54 sec so far
Iteration 9907774: max diff=0.000000, 675.54 sec so far
Iteration 9981574: max diff=0.000000, 680.54 sec so far
Iteration 10055240: max diff=0.000000, 685.55 sec so far
Iteration 10128681: max diff=0.000000, 690.55 sec so far
Iteration 10201844: max diff=0.000000, 695.56 sec so far
Iteration 10275723: max diff=0.000000, 700.56 sec so far
Iteration 10349499: max diff=0.000000, 705.56 sec so far
Iteration 10423328: max diff=0.000000, 710.57 sec so far
Iteration 10497741: max diff=0.000000, 715.57 sec so far
Iteration 10571087: max diff=0.000000, 720.58 sec so far
Iteration 10644844: max diff=0.000000, 725.58 sec so far
Iteration 10718664: max diff=0.000000, 730.58 sec so far
Iteration 10792493: max diff=0.000000, 735.59 sec so far
Iteration 10865689: max diff=0.000000, 740.59 sec so far
Iteration 10939369: max diff=0.000000, 745.60 sec so far
Iteration 11012821: max diff=0.000000, 750.60 sec so far
Iteration 11086329: max diff=0.000000, 755.60 sec so far
Iteration 11159492: max diff=0.000000, 760.61 sec so far
Iteration 11232765: max diff=0.000000, 765.61 sec so far
Iteration 11306420: max diff=0.000000, 770.62 sec so far
Iteration 11378279: max diff=0.000000, 775.62 sec so far
Iteration 11452264: max diff=0.000000, 780.62 sec so far
Iteration 11525803: max diff=0.000000, 785.63 sec so far
Iteration 11598036: max diff=0.000000, 790.63 sec so far
Iteration 11671129: max diff=0.000000, 795.64 sec so far
Iteration 11744689: max diff=0.000000, 800.64 sec so far
Iteration 11818618: max diff=0.000000, 805.64 sec so far
Iteration 11891715: max diff=0.000000, 810.65 sec so far
Iteration 11965413: max diff=0.000000, 815.65 sec so far
Iteration 12038416: max diff=0.000000, 820.66 sec so far
Iteration 12111536: max diff=0.000000, 825.66 sec so far
Iteration 12185379: max diff=0.000000, 830.66 sec so far
Iteration 12258884: max diff=0.000000, 835.67 sec so far
Iteration 12332155: max diff=0.000000, 840.67 sec so far
Iteration 12405766: max diff=0.000000, 845.68 sec so far
Iteration 12479754: max diff=0.000000, 850.68 sec so far
Iteration 12553554: max diff=0.000000, 855.68 sec so far
Iteration 12626836: max diff=0.000000, 860.69 sec so far
Iteration 12700735: max diff=0.000000, 865.69 sec so far
Iteration 12774013: max diff=0.000000, 870.70 sec so far
Iteration 12848200: max diff=0.000000, 875.70 sec so far
Iteration 12922087: max diff=0.000000, 880.70 sec so far
Iteration 12995154: max diff=0.000000, 885.71 sec so far
Iteration 13068819: max diff=0.000000, 890.71 sec so far
Iteration 13142526: max diff=0.000000, 895.72 sec so far
Iteration 13215970: max diff=0.000000, 900.72 sec so far
Iteration 13290232: max diff=0.000000, 905.72 sec so far
Iteration 13363584: max diff=0.000000, 910.73 sec so far
Iteration 13437384: max diff=0.000000, 915.73 sec so far
Iteration 13511059: max diff=0.000000, 920.74 sec so far
Iteration 13584750: max diff=0.000000, 925.74 sec so far
Iteration 13657184: max diff=0.000000, 930.74 sec so far
Iteration 13730757: max diff=0.000000, 935.75 sec so far
Iteration 13804210: max diff=0.000000, 940.75 sec so far
Iteration 13878079: max diff=0.000000, 945.76 sec so far
Iteration 13952061: max diff=0.000000, 950.76 sec so far
Iteration 14025911: max diff=0.000000, 955.76 sec so far
Iteration 14099756: max diff=0.000000, 960.77 sec so far
Iteration 14173477: max diff=0.000000, 965.77 sec so far
Iteration 14247384: max diff=0.000000, 970.78 sec so far
Iteration 14321068: max diff=0.000000, 975.78 sec so far
Iteration 14394271: max diff=0.000000, 980.78 sec so far
Iteration 14468020: max diff=0.000000, 985.79 sec so far
Iteration 14541397: max diff=0.000000, 990.79 sec so far
Iteration 14614799: max diff=0.000000, 995.80 sec so far
Iteration 14688622: max diff=0.000000, 1000.80 sec so far
Iteration 14762193: max diff=0.000000, 1005.80 sec so far
Iteration 14835549: max diff=0.000000, 1010.81 sec so far
Iteration 14907643: max diff=0.000000, 1015.81 sec so far
Iteration 14978504: max diff=0.000000, 1020.82 sec so far
Iteration 15052178: max diff=0.000000, 1025.82 sec so far
Iteration 15125914: max diff=0.000000, 1030.82 sec so far
Iteration 15199451: max diff=0.000000, 1035.83 sec so far
Iteration 15273172: max diff=0.000000, 1040.83 sec so far
Iteration 15346731: max diff=0.000000, 1045.84 sec so far
Iteration 15419150: max diff=0.000000, 1050.84 sec so far
Iteration 15491600: max diff=0.000000, 1055.84 sec so far
Iteration 15564112: max diff=0.000000, 1060.85 sec so far
Iteration 15636604: max diff=0.000000, 1065.85 sec so far
Iteration 15708663: max diff=0.000000, 1070.86 sec so far
Iteration 15782886: max diff=0.000000, 1075.86 sec so far
Iteration 15856758: max diff=0.000000, 1080.86 sec so far
Iteration 15930916: max diff=0.000000, 1085.87 sec so far
Iteration 16004878: max diff=0.000000, 1090.87 sec so far
Iteration 16078501: max diff=0.000000, 1095.88 sec so far
Iteration 16152489: max diff=0.000000, 1100.88 sec so far
Iteration 16226393: max diff=0.000000, 1105.88 sec so far
Iteration 16299954: max diff=0.000000, 1110.89 sec so far
Iteration 16368955: max diff=0.000000, 1115.89 sec so far
Iteration 16438685: max diff=0.000000, 1120.90 sec so far
Iteration 16509136: max diff=0.000000, 1125.90 sec so far
Iteration 16580943: max diff=0.000000, 1130.90 sec so far
Iteration 16652603: max diff=0.000000, 1135.91 sec so far
Iteration 16721988: max diff=0.000000, 1140.91 sec so far
Iteration 16791203: max diff=0.000000, 1145.92 sec so far
Iteration 16861577: max diff=0.000000, 1150.92 sec so far
Iteration 16931864: max diff=0.000000, 1155.92 sec so far
Iteration 17003021: max diff=0.000000, 1160.93 sec so far
Iteration 17073723: max diff=0.000000, 1165.93 sec so far
Iteration 17145342: max diff=0.000000, 1170.94 sec so far
Iteration 17216776: max diff=0.000000, 1175.94 sec so far
Iteration 17287917: max diff=0.000000, 1180.94 sec so far
Iteration 17359138: max diff=0.000000, 1185.95 sec so far
Iteration 17430684: max diff=0.000000, 1190.95 sec so far
Iteration 17502207: max diff=0.000000, 1195.96 sec so far
Iteration 17573873: max diff=0.000000, 1200.96 sec so far
Iteration 17645367: max diff=0.000000, 1205.96 sec so far
Iteration 17716360: max diff=0.000000, 1210.97 sec so far
Iteration 17787774: max diff=0.000000, 1215.97 sec so far
Iteration 17859193: max diff=0.000000, 1220.98 sec so far
Iteration 17930674: max diff=0.000000, 1225.98 sec so far
Iteration 18001307: max diff=0.000000, 1230.98 sec so far
Iteration 18072502: max diff=0.000000, 1235.99 sec so far
Iteration 18140408: max diff=0.000000, 1240.99 sec so far
Iteration 18211666: max diff=0.000000, 1246.00 sec so far
Iteration 18282916: max diff=0.000000, 1251.00 sec so far
Iteration 18354277: max diff=0.000000, 1256.00 sec so far
Iteration 18425847: max diff=0.000000, 1261.01 sec so far
Iteration 18497214: max diff=0.000000, 1266.01 sec so far
Iteration 18568666: max diff=0.000000, 1271.02 sec so far
Iteration 18640188: max diff=0.000000, 1276.02 sec so far
Iteration 18711627: max diff=0.000000, 1281.02 sec so far
Iteration 18783624: max diff=0.000000, 1286.03 sec so far
Iteration 18853827: max diff=0.000000, 1291.03 sec so far
Iteration 18925455: max diff=0.000000, 1296.04 sec so far
Iteration 18997453: max diff=0.000000, 1301.04 sec so far
Iteration 19068125: max diff=0.000000, 1306.04 sec so far
Iteration 19138643: max diff=0.000000, 1311.05 sec so far
Iteration 19209680: max diff=0.000000, 1316.05 sec so far
Iteration 19280705: max diff=0.000000, 1321.06 sec so far
Iteration 19351349: max diff=0.000000, 1326.06 sec so far
Iteration 19422172: max diff=0.000000, 1331.06 sec so far
Iteration 19492937: max diff=0.000000, 1336.07 sec so far
Iteration 19559157: max diff=0.000000, 1341.07 sec so far
Iteration 19624829: max diff=0.000000, 1346.08 sec so far
Iteration 19692791: max diff=0.000000, 1351.08 sec so far
Iteration 19763578: max diff=0.000000, 1356.08 sec so far
Iteration 19822884: max diff=0.000000, 1361.09 sec so far
Iteration 19883455: max diff=0.000000, 1366.09 sec so far
Iteration 19954918: max diff=0.000000, 1371.10 sec so far
Iteration 20026121: max diff=0.000000, 1376.10 sec so far
Iteration 20097250: max diff=0.000000, 1381.10 sec so far
Iteration 20168132: max diff=0.000000, 1386.11 sec so far
Iteration 20239258: max diff=0.000000, 1391.11 sec so far
Iteration 20310048: max diff=0.000000, 1396.12 sec so far
Iteration 20381443: max diff=0.000000, 1401.12 sec so far
Iteration 20452603: max diff=0.000000, 1406.12 sec so far
Iteration 20524231: max diff=0.000000, 1411.13 sec so far
Iteration 20595523: max diff=0.000000, 1416.13 sec so far
Iteration 20667310: max diff=0.000000, 1421.14 sec so far
Iteration 20738255: max diff=0.000000, 1426.14 sec so far
Iteration 20809539: max diff=0.000000, 1431.14 sec so far
Iteration 20880246: max diff=0.000000, 1436.15 sec so far
Iteration 20950571: max diff=0.000000, 1441.15 sec so far
Iteration 21021968: max diff=0.000000, 1446.16 sec so far
Iteration 21092933: max diff=0.000000, 1451.16 sec so far
Iteration 21164687: max diff=0.000000, 1456.16 sec so far
Iteration 21235685: max diff=0.000000, 1461.17 sec so far
Iteration 21306713: max diff=0.000000, 1466.17 sec so far
Iteration 21378199: max diff=0.000000, 1471.18 sec so far
Iteration 21448304: max diff=0.000000, 1476.18 sec so far
Iteration 21519417: max diff=0.000000, 1481.18 sec so far
Iteration 21587770: max diff=0.000000, 1486.19 sec so far
Iteration 21648959: max diff=0.000000, 1491.19 sec so far
Iteration 21721092: max diff=0.000000, 1496.20 sec so far
Iteration 21792706: max diff=0.000000, 1501.20 sec so far
Iteration 21864330: max diff=0.000000, 1506.20 sec so far
Iteration 21935150: max diff=0.000000, 1511.21 sec so far
Iteration 22006781: max diff=0.000000, 1516.21 sec so far
Iteration 22078385: max diff=0.000000, 1521.22 sec so far
Iteration 22148900: max diff=0.000000, 1526.22 sec so far
Iteration 22220258: max diff=0.000000, 1531.22 sec so far
Iteration 22291268: max diff=0.000000, 1536.23 sec so far
Iteration 22360995: max diff=0.000000, 1541.23 sec so far
Iteration 22430582: max diff=0.000000, 1546.24 sec so far
Iteration 22501742: max diff=0.000000, 1551.24 sec so far
Iteration 22572915: max diff=0.000000, 1556.24 sec so far
Iteration 22643933: max diff=0.000000, 1561.25 sec so far
Iteration 22712517: max diff=0.000000, 1566.25 sec so far
Iteration 22783491: max diff=0.000000, 1571.26 sec so far
Iteration 22854925: max diff=0.000000, 1576.26 sec so far
Iteration 22925644: max diff=0.000000, 1581.26 sec so far
Iteration 22996789: max diff=0.000000, 1586.27 sec so far
Iteration 23067589: max diff=0.000000, 1591.27 sec so far
Iteration 23138611: max diff=0.000000, 1596.28 sec so far
Iteration 23212927: max diff=0.000000, 1601.28 sec so far
Iteration 23288099: max diff=0.000000, 1606.28 sec so far
Iteration 23362651: max diff=0.000000, 1611.29 sec so far
Iteration 23437436: max diff=0.000000, 1616.29 sec so far
Iteration 23510750: max diff=0.000000, 1621.30 sec so far
Iteration 23585624: max diff=0.000000, 1626.30 sec so far
Iteration 23660759: max diff=0.000000, 1631.30 sec so far
Iteration 23735681: max diff=0.000000, 1636.31 sec so far
Iteration 23810684: max diff=0.000000, 1641.31 sec so far
Iteration 23884944: max diff=0.000000, 1646.32 sec so far
Iteration 23958372: max diff=0.000000, 1651.32 sec so far
Iteration 24033570: max diff=0.000000, 1656.32 sec so far
Iteration 24108106: max diff=0.000000, 1661.33 sec so far
Iteration 24181287: max diff=0.000000, 1666.33 sec so far
Iteration 24254535: max diff=0.000000, 1671.34 sec so far
Iteration 24328553: max diff=0.000000, 1676.34 sec so far
Iteration 24401116: max diff=0.000000, 1681.34 sec so far
Iteration 24476543: max diff=0.000000, 1686.35 sec so far
Iteration 24551399: max diff=0.000000, 1691.35 sec so far
Iteration 24626391: max diff=0.000000, 1696.36 sec so far
Iteration 24701626: max diff=0.000000, 1701.36 sec so far
Iteration 24776777: max diff=0.000000, 1706.36 sec so far
Iteration 24852067: max diff=0.000000, 1711.37 sec so far
Iteration 24927136: max diff=0.000000, 1716.37 sec so far
Iteration 25002591: max diff=0.000000, 1721.38 sec so far
Iteration 25077934: max diff=0.000000, 1726.38 sec so far
Iteration 25153329: max diff=0.000000, 1731.38 sec so far
Iteration 25228571: max diff=0.000000, 1736.39 sec so far
Iteration 25303947: max diff=0.000000, 1741.39 sec so far
Iteration 25378754: max diff=0.000000, 1746.40 sec so far
Iteration 25453732: max diff=0.000000, 1751.40 sec so far
Iteration 25528831: max diff=0.000000, 1756.40 sec so far
Iteration 25602678: max diff=0.000000, 1761.41 sec so far
Iteration 25677413: max diff=0.000000, 1766.41 sec so far
Iteration 25752309: max diff=0.000000, 1771.42 sec so far
Iteration 25827082: max diff=0.000000, 1776.42 sec so far
Iteration 25902010: max diff=0.000000, 1781.42 sec so far
Iteration 25976719: max diff=0.000000, 1786.43 sec so far
Iteration 26051554: max diff=0.000000, 1791.43 sec so far
Iteration 26126420: max diff=0.000000, 1796.44 sec so far
Iteration 26201387: max diff=0.000000, 1801.44 sec so far
Iteration 26276229: max diff=0.000000, 1806.44 sec so far
Iteration 26351074: max diff=0.000000, 1811.45 sec so far
Iteration 26426082: max diff=0.000000, 1816.45 sec so far
Iteration 26500454: max diff=0.000000, 1821.46 sec so far
Iteration 26575093: max diff=0.000000, 1826.46 sec so far
Iteration 26649922: max diff=0.000000, 1831.46 sec so far
Iteration 26724878: max diff=0.000000, 1836.47 sec so far
Iteration 26799638: max diff=0.000000, 1841.47 sec so far
Iteration 26874774: max diff=0.000000, 1846.48 sec so far
Iteration 26948668: max diff=0.000000, 1851.48 sec so far
Iteration 27019029: max diff=0.000000, 1856.48 sec so far
Iteration 27091821: max diff=0.000000, 1861.49 sec so far
Iteration 27166425: max diff=0.000000, 1866.49 sec so far
Iteration 27241504: max diff=0.000000, 1871.50 sec so far
Iteration 27316135: max diff=0.000000, 1876.50 sec so far
Iteration 27391560: max diff=0.000000, 1881.50 sec so far
Iteration 27466591: max diff=0.000000, 1886.51 sec so far
Iteration 27541670: max diff=0.000000, 1891.51 sec so far
Iteration 27616523: max diff=0.000000, 1896.52 sec so far
Iteration 27691497: max diff=0.000000, 1901.52 sec so far
Iteration 27766516: max diff=0.000000, 1906.52 sec so far
Iteration 27840010: max diff=0.000000, 1911.53 sec so far
Iteration 27914741: max diff=0.000000, 1916.53 sec so far
Iteration 27989337: max diff=0.000000, 1921.54 sec so far
Iteration 28064076: max diff=0.000000, 1926.54 sec so far
Iteration 28138973: max diff=0.000000, 1931.54 sec so far
Iteration 28214035: max diff=0.000000, 1936.55 sec so far
Iteration 28287837: max diff=0.000000, 1941.55 sec so far
Iteration 28362459: max diff=0.000000, 1946.56 sec so far
Iteration 28437464: max diff=0.000000, 1951.56 sec so far
Iteration 28512233: max diff=0.000000, 1956.56 sec so far
Iteration 28587331: max diff=0.000000, 1961.57 sec so far
Iteration 28661935: max diff=0.000000, 1966.57 sec so far
Iteration 28736925: max diff=0.000000, 1971.58 sec so far
Iteration 28811536: max diff=0.000000, 1976.58 sec so far
Iteration 28886293: max diff=0.000000, 1981.58 sec so far
Iteration 28960548: max diff=0.000000, 1986.59 sec so far
Iteration 29035800: max diff=0.000000, 1991.59 sec so far
Iteration 29110230: max diff=0.000000, 1996.60 sec so far
Iteration 29185133: max diff=0.000000, 2001.60 sec so far
Iteration 29259890: max diff=0.000000, 2006.60 sec so far
Iteration 29334715: max diff=0.000000, 2011.61 sec so far
Iteration 29409234: max diff=0.000000, 2016.61 sec so far
Iteration 29484351: max diff=0.000000, 2021.62 sec so far
Iteration 29559375: max diff=0.000000, 2026.62 sec so far
Iteration 29634389: max diff=0.000000, 2031.62 sec so far
Iteration 29708774: max diff=0.000000, 2036.63 sec so far
Iteration 29783385: max diff=0.000000, 2041.63 sec so far
Iteration 29858011: max diff=0.000000, 2046.64 sec so far
Iteration 29933204: max diff=0.000000, 2051.64 sec so far
Iteration 30008119: max diff=0.000000, 2056.64 sec so far
Iteration 30083083: max diff=0.000000, 2061.65 sec so far
Iteration 30158020: max diff=0.000000, 2066.65 sec so far
Iteration 30232991: max diff=0.000000, 2071.66 sec so far
Iteration 30308245: max diff=0.000000, 2076.66 sec so far
Iteration 30383325: max diff=0.000000, 2081.66 sec so far
Iteration 30458667: max diff=0.000000, 2086.67 sec so far
Iteration 30533458: max diff=0.000000, 2091.67 sec so far
Iteration 30608612: max diff=0.000000, 2096.68 sec so far
Iteration 30683579: max diff=0.000000, 2101.68 sec so far
Iteration 30758649: max diff=0.000000, 2106.68 sec so far
Iteration 30833279: max diff=0.000000, 2111.69 sec so far
Iteration 30908102: max diff=0.000000, 2116.69 sec so far
Iteration 30983283: max diff=0.000000, 2121.70 sec so far
Iteration 31059187: max diff=0.000000, 2126.70 sec so far
Iteration 31133824: max diff=0.000000, 2131.70 sec so far
Iteration 31209019: max diff=0.000000, 2136.71 sec so far
Iteration 31283898: max diff=0.000000, 2141.71 sec so far
Iteration 31358689: max diff=0.000000, 2146.72 sec so far
Iteration 31434118: max diff=0.000000, 2151.72 sec so far
Iteration 31509048: max diff=0.000000, 2156.72 sec so far
Iteration 31584115: max diff=0.000000, 2161.73 sec so far
Iteration 31659593: max diff=0.000000, 2166.73 sec so far
Iteration 31734590: max diff=0.000000, 2171.74 sec so far
Iteration 31809717: max diff=0.000000, 2176.74 sec so far
Iteration 31884316: max diff=0.000000, 2181.74 sec so far
Iteration 31958998: max diff=0.000000, 2186.75 sec so far
Iteration 32033784: max diff=0.000000, 2191.75 sec so far
Iteration 32107620: max diff=0.000000, 2196.76 sec so far
Iteration 32182323: max diff=0.000000, 2201.76 sec so far
Iteration 32256812: max diff=0.000000, 2206.76 sec so far
Iteration 32332229: max diff=0.000000, 2211.77 sec so far
Iteration 32407141: max diff=0.000000, 2216.77 sec so far
Iteration 32480781: max diff=0.000000, 2221.78 sec so far
Iteration 32556090: max diff=0.000000, 2226.78 sec so far
Iteration 32630776: max diff=0.000000, 2231.78 sec so far
Iteration 32705082: max diff=0.000000, 2236.79 sec so far
Iteration 32779871: max diff=0.000000, 2241.79 sec so far
Iteration 32854948: max diff=0.000000, 2246.80 sec so far
Iteration 32929894: max diff=0.000000, 2251.80 sec so far
Iteration 33004999: max diff=0.000000, 2256.80 sec so far
Iteration 33080010: max diff=0.000000, 2261.81 sec so far
Iteration 33155030: max diff=0.000000, 2266.81 sec so far
Iteration 33230236: max diff=0.000000, 2271.82 sec so far
Iteration 33305152: max diff=0.000000, 2276.82 sec so far
Iteration 33379774: max diff=0.000000, 2281.82 sec so far
Iteration 33455224: max diff=0.000000, 2286.83 sec so far
Iteration 33530155: max diff=0.000000, 2291.83 sec so far
Iteration 33605400: max diff=0.000000, 2296.84 sec so far
Iteration 33680371: max diff=0.000000, 2301.84 sec so far
Iteration 33755175: max diff=0.000000, 2306.84 sec so far
Iteration 33830156: max diff=0.000000, 2311.85 sec so far
Iteration 33905048: max diff=0.000000, 2316.85 sec so far
Iteration 33980002: max diff=0.000000, 2321.86 sec so far
Iteration 34055359: max diff=0.000000, 2326.86 sec so far
Iteration 34130711: max diff=0.000000, 2331.86 sec so far
Iteration 34205681: max diff=0.000000, 2336.87 sec so far
Iteration 34280854: max diff=0.000000, 2341.87 sec so far
Iteration 34355774: max diff=0.000000, 2346.88 sec so far
Iteration 34430703: max diff=0.000000, 2351.88 sec so far
Iteration 34505330: max diff=0.000000, 2356.88 sec so far
Iteration 34580415: max diff=0.000000, 2361.89 sec so far
Iteration 34655987: max diff=0.000000, 2366.89 sec so far
Iteration 34730996: max diff=0.000000, 2371.90 sec so far
Iteration 34806475: max diff=0.000000, 2376.90 sec so far
Iteration 34881959: max diff=0.000000, 2381.90 sec so far
Iteration 34957028: max diff=0.000000, 2386.91 sec so far
Iteration 35032238: max diff=0.000000, 2391.91 sec so far
Iteration 35107298: max diff=0.000000, 2396.92 sec so far
Iteration 35182261: max diff=0.000000, 2401.92 sec so far
Iteration 35257323: max diff=0.000000, 2406.92 sec so far
Iteration 35332335: max diff=0.000000, 2411.93 sec so far
Iteration 35407815: max diff=0.000000, 2416.93 sec so far
Iteration 35483039: max diff=0.000000, 2421.94 sec so far
Iteration 35558217: max diff=0.000000, 2426.94 sec so far
Iteration 35632919: max diff=0.000000, 2431.94 sec so far
Iteration 35707563: max diff=0.000000, 2436.95 sec so far
Iteration 35782747: max diff=0.000000, 2441.95 sec so far
Iteration 35857989: max diff=0.000000, 2446.96 sec so far
Iteration 35932991: max diff=0.000000, 2451.96 sec so far
Iteration 36007877: max diff=0.000000, 2456.96 sec so far
Iteration 36082880: max diff=0.000000, 2461.97 sec so far
Iteration 36157964: max diff=0.000000, 2466.97 sec so far
Iteration 36232790: max diff=0.000000, 2471.98 sec so far
Iteration 36305522: max diff=0.000000, 2476.98 sec so far
Iteration 36375054: max diff=0.000000, 2481.98 sec so far
Iteration 36446079: max diff=0.000000, 2486.99 sec so far
Iteration 36513770: max diff=0.000000, 2491.99 sec so far
Iteration 36585295: max diff=0.000000, 2497.00 sec so far
Iteration 36657328: max diff=0.000000, 2502.00 sec so far
Iteration 36727654: max diff=0.000000, 2507.00 sec so far
Iteration 36798835: max diff=0.000000, 2512.01 sec so far
Iteration 36869677: max diff=0.000000, 2517.01 sec so far
Iteration 36940843: max diff=0.000000, 2522.02 sec so far
Iteration 37012867: max diff=0.000000, 2527.02 sec so far
Iteration 37084286: max diff=0.000000, 2532.02 sec so far
Iteration 37155525: max diff=0.000000, 2537.03 sec so far
Iteration 37227066: max diff=0.000000, 2542.03 sec so far
Iteration 37298907: max diff=0.000000, 2547.04 sec so far
Iteration 37370789: max diff=0.000000, 2552.04 sec so far
Iteration 37442569: max diff=0.000000, 2557.04 sec so far
Iteration 37514441: max diff=0.000000, 2562.05 sec so far
Iteration 37586185: max diff=0.000000, 2567.05 sec so far
Iteration 37657574: max diff=0.000000, 2572.06 sec so far
Iteration 37729212: max diff=0.000000, 2577.06 sec so far
Iteration 37800966: max diff=0.000000, 2582.06 sec so far
Iteration 37872637: max diff=0.000000, 2587.07 sec so far
Iteration 37944443: max diff=0.000000, 2592.07 sec so far
Iteration 38016183: max diff=0.000000, 2597.08 sec so far
Iteration 38090535: max diff=0.000000, 2602.08 sec so far
Iteration 38165352: max diff=0.000000, 2607.08 sec so far
Iteration 38240398: max diff=0.000000, 2612.09 sec so far
Iteration 38315063: max diff=0.000000, 2617.09 sec so far
Iteration 38390193: max diff=0.000000, 2622.10 sec so far
Iteration 38466041: max diff=0.000000, 2627.10 sec so far
Iteration 38540927: max diff=0.000000, 2632.10 sec so far
Iteration 38616550: max diff=0.000000, 2637.11 sec so far
Iteration 38691954: max diff=0.000000, 2642.11 sec so far
Iteration 38767049: max diff=0.000000, 2647.12 sec so far
Iteration 38842042: max diff=0.000000, 2652.12 sec so far
Iteration 38917081: max diff=0.000000, 2657.12 sec so far
Iteration 38991798: max diff=0.000000, 2662.13 sec so far
Iteration 39065414: max diff=0.000000, 2667.13 sec so far
Iteration 39138412: max diff=0.000000, 2672.14 sec so far
Iteration 39213250: max diff=0.000000, 2677.14 sec so far
Iteration 39288331: max diff=0.000000, 2682.14 sec so far
Iteration 39363309: max diff=0.000000, 2687.15 sec so far
Iteration 39436699: max diff=0.000000, 2692.15 sec so far
Iteration 39511502: max diff=0.000000, 2697.16 sec so far
Iteration 39586297: max diff=0.000000, 2702.16 sec so far
Iteration 39661420: max diff=0.000000, 2707.16 sec so far
Iteration 39735991: max diff=0.000000, 2712.17 sec so far
Iteration 39810968: max diff=0.000000, 2717.17 sec so far
Iteration 39885500: max diff=0.000000, 2722.18 sec so far
Iteration 39959918: max diff=0.000000, 2727.18 sec so far
Iteration 40035311: max diff=0.000000, 2732.18 sec so far
Iteration 40109944: max diff=0.000000, 2737.19 sec so far
Iteration 40184871: max diff=0.000000, 2742.19 sec so far
Iteration 40260014: max diff=0.000000, 2747.20 sec so far
Iteration 40335019: max diff=0.000000, 2752.20 sec so far
Iteration 40409972: max diff=0.000000, 2757.20 sec so far
Iteration 40484727: max diff=0.000000, 2762.21 sec so far
Iteration 40559787: max diff=0.000000, 2767.21 sec so far
Iteration 40634775: max diff=0.000000, 2772.22 sec so far
Iteration 40709598: max diff=0.000000, 2777.22 sec so far
Iteration 40784075: max diff=0.000000, 2782.22 sec so far
Iteration 40858567: max diff=0.000000, 2787.23 sec so far
Iteration 40933425: max diff=0.000000, 2792.23 sec so far
Iteration 41008139: max diff=0.000000, 2797.24 sec so far
Iteration 41082968: max diff=0.000000, 2802.24 sec so far
Iteration 41157881: max diff=0.000000, 2807.24 sec so far
Iteration 41232605: max diff=0.000000, 2812.25 sec so far
Iteration 41307324: max diff=0.000000, 2817.25 sec so far
Iteration 41381832: max diff=0.000000, 2822.26 sec so far
Iteration 41456709: max diff=0.000000, 2827.26 sec so far
Iteration 41531410: max diff=0.000000, 2832.26 sec so far
Iteration 41606392: max diff=0.000000, 2837.27 sec so far
Iteration 41681422: max diff=0.000000, 2842.27 sec so far
Iteration 41755935: max diff=0.000000, 2847.28 sec so far
Iteration 41830993: max diff=0.000000, 2852.28 sec so far
Iteration 41905901: max diff=0.000000, 2857.28 sec so far
Iteration 41980653: max diff=0.000000, 2862.29 sec so far
Iteration 42055371: max diff=0.000000, 2867.29 sec so far
Iteration 42130198: max diff=0.000000, 2872.30 sec so far
Iteration 42205243: max diff=0.000000, 2877.30 sec so far
Iteration 42280596: max diff=0.000000, 2882.30 sec so far
Iteration 42355521: max diff=0.000000, 2887.31 sec so far
Iteration 42430539: max diff=0.000000, 2892.31 sec so far
Iteration 42505261: max diff=0.000000, 2897.32 sec so far
Iteration 42580187: max diff=0.000000, 2902.32 sec so far
Iteration 42654963: max diff=0.000000, 2907.32 sec so far
Iteration 42729775: max diff=0.000000, 2912.33 sec so far
Iteration 42804716: max diff=0.000000, 2917.33 sec so far
Iteration 42879861: max diff=0.000000, 2922.34 sec so far
Iteration 42954719: max diff=0.000000, 2927.34 sec so far
Iteration 43029329: max diff=0.000000, 2932.34 sec so far
Iteration 43104003: max diff=0.000000, 2937.35 sec so far
Iteration 43178893: max diff=0.000000, 2942.35 sec so far
Iteration 43253824: max diff=0.000000, 2947.36 sec so far
Iteration 43328858: max diff=0.000000, 2952.36 sec so far
Iteration 43403947: max diff=0.000000, 2957.36 sec so far
Iteration 43478171: max diff=0.000000, 2962.37 sec so far
Iteration 43552985: max diff=0.000000, 2967.37 sec so far
Iteration 43628025: max diff=0.000000, 2972.38 sec so far
Iteration 43702834: max diff=0.000000, 2977.38 sec so far
Iteration 43777710: max diff=0.000000, 2982.38 sec so far
Iteration 43852662: max diff=0.000000, 2987.39 sec so far
Iteration 43927503: max diff=0.000000, 2992.39 sec so far
Iteration 44002238: max diff=0.000000, 2997.40 sec so far
Iteration 44077608: max diff=0.000000, 3002.40 sec so far
Iteration 44152283: max diff=0.000000, 3007.40 sec so far
Iteration 44227287: max diff=0.000000, 3012.41 sec so far
Iteration 44302339: max diff=0.000000, 3017.41 sec so far
Iteration 44377150: max diff=0.000000, 3022.42 sec so far
Iteration 44452810: max diff=0.000000, 3027.42 sec so far
Iteration 44527828: max diff=0.000000, 3032.42 sec so far
Iteration 44602180: max diff=0.000000, 3037.43 sec so far
Iteration 44677235: max diff=0.000000, 3042.43 sec so far
Iteration 44751857: max diff=0.000000, 3047.44 sec so far
Iteration 44826997: max diff=0.000000, 3052.44 sec so far
Iteration 44901826: max diff=0.000000, 3057.44 sec so far
Iteration 44976621: max diff=0.000000, 3062.45 sec so far
Iteration 45051383: max diff=0.000000, 3067.45 sec so far
Iteration 45126121: max diff=0.000000, 3072.46 sec so far
Iteration 45200728: max diff=0.000000, 3077.46 sec so far
Iteration 45275964: max diff=0.000000, 3082.46 sec so far
Iteration 45350925: max diff=0.000000, 3087.47 sec so far
Iteration 45425484: max diff=0.000000, 3092.47 sec so far
Iteration 45500311: max diff=0.000000, 3097.48 sec so far
Iteration 45575658: max diff=0.000000, 3102.48 sec so far
Iteration 45650532: max diff=0.000000, 3107.48 sec so far
Iteration 45725532: max diff=0.000000, 3112.49 sec so far
Iteration 45800831: max diff=0.000000, 3117.49 sec so far
Iteration 45875546: max diff=0.000000, 3122.50 sec so far
Iteration 45950786: max diff=0.000000, 3127.50 sec so far
Iteration 46025826: max diff=0.000000, 3132.50 sec so far
Iteration 46100794: max diff=0.000000, 3137.51 sec so far
Iteration 46175974: max diff=0.000000, 3142.51 sec so far
Iteration 46251076: max diff=0.000000, 3147.52 sec so far
Iteration 46325900: max diff=0.000000, 3152.52 sec so far
Iteration 46400730: max diff=0.000000, 3157.52 sec so far
Iteration 46475573: max diff=0.000000, 3162.53 sec so far
Iteration 46550648: max diff=0.000000, 3167.53 sec so far
Iteration 46625673: max diff=0.000000, 3172.54 sec so far
Iteration 46700879: max diff=0.000000, 3177.54 sec so far
Iteration 46776474: max diff=0.000000, 3182.54 sec so far
Iteration 46851363: max diff=0.000000, 3187.55 sec so far
Iteration 46926832: max diff=0.000000, 3192.55 sec so far
Iteration 47001851: max diff=0.000000, 3197.56 sec so far
Iteration 47076574: max diff=0.000000, 3202.56 sec so far
Iteration 47151477: max diff=0.000000, 3207.56 sec so far
Iteration 47226844: max diff=0.000000, 3212.57 sec so far
Iteration 47301698: max diff=0.000000, 3217.57 sec so far
Iteration 47376676: max diff=0.000000, 3222.58 sec so far
Iteration 47451944: max diff=0.000000, 3227.58 sec so far
Iteration 47526872: max diff=0.000000, 3232.58 sec so far
Iteration 47601975: max diff=0.000000, 3237.59 sec so far
Iteration 47677234: max diff=0.000000, 3242.59 sec so far
Iteration 47752266: max diff=0.000000, 3247.60 sec so far
Iteration 47827410: max diff=0.000000, 3252.60 sec so far
Iteration 47902666: max diff=0.000000, 3257.60 sec so far
Iteration 47977996: max diff=0.000000, 3262.61 sec so far
Iteration 48053110: max diff=0.000000, 3267.61 sec so far
Iteration 48128376: max diff=0.000000, 3272.62 sec so far
Iteration 48203057: max diff=0.000000, 3277.62 sec so far
Iteration 48278392: max diff=0.000000, 3282.62 sec so far
Iteration 48353919: max diff=0.000000, 3287.63 sec so far
Iteration 48429126: max diff=0.000000, 3292.63 sec so far
Iteration 48504037: max diff=0.000000, 3297.64 sec so far
Iteration 48579025: max diff=0.000000, 3302.64 sec so far
Iteration 48654416: max diff=0.000000, 3307.64 sec so far
Iteration 48729677: max diff=0.000000, 3312.65 sec so far
Iteration 48804732: max diff=0.000000, 3317.65 sec so far
Iteration 48879859: max diff=0.000000, 3322.66 sec so far
Iteration 48953941: max diff=0.000000, 3327.66 sec so far
Iteration 49027200: max diff=0.000000, 3332.66 sec so far
Iteration 49100278: max diff=0.000000, 3337.67 sec so far
Iteration 49174668: max diff=0.000000, 3342.67 sec so far
Iteration 49248247: max diff=0.000000, 3347.68 sec so far
Iteration 49322534: max diff=0.000000, 3352.68 sec so far
Iteration 49396550: max diff=0.000000, 3357.68 sec so far
Iteration 49470605: max diff=0.000000, 3362.69 sec so far
Iteration 49544773: max diff=0.000000, 3367.69 sec so far
Iteration 49618038: max diff=0.000000, 3372.70 sec so far
Iteration 49691593: max diff=0.000000, 3377.70 sec so far
Iteration 49765208: max diff=0.000000, 3382.70 sec so far
Iteration 49839191: max diff=0.000000, 3387.71 sec so far
Iteration 49912889: max diff=0.000000, 3392.71 sec so far
Iteration 49986665: max diff=0.000000, 3397.72 sec so far
Iteration 50060311: max diff=0.000000, 3402.72 sec so far
Iteration 50134441: max diff=0.000000, 3407.72 sec so far
Iteration 50208247: max diff=0.000000, 3412.73 sec so far
Iteration 50282201: max diff=0.000000, 3417.73 sec so far
Iteration 50355515: max diff=0.000000, 3422.74 sec so far
Iteration 50429624: max diff=0.000000, 3427.74 sec so far
Iteration 50503549: max diff=0.000000, 3432.74 sec so far
Iteration 50577561: max diff=0.000000, 3437.75 sec so far
Iteration 50651537: max diff=0.000000, 3442.75 sec so far
Iteration 50725415: max diff=0.000000, 3447.76 sec so far
Iteration 50799161: max diff=0.000000, 3452.76 sec so far
Iteration 50873163: max diff=0.000000, 3457.76 sec so far
Iteration 50947096: max diff=0.000000, 3462.77 sec so far
Iteration 51021067: max diff=0.000000, 3467.77 sec so far
Iteration 51095031: max diff=0.000000, 3472.78 sec so far
Iteration 51169163: max diff=0.000000, 3477.78 sec so far
Iteration 51242859: max diff=0.000000, 3482.78 sec so far
Iteration 51316804: max diff=0.000000, 3487.79 sec so far
Iteration 51390521: max diff=0.000000, 3492.79 sec so far
Iteration 51464640: max diff=0.000000, 3497.80 sec so far
Iteration 51538297: max diff=0.000000, 3502.80 sec so far
Iteration 51611963: max diff=0.000000, 3507.80 sec so far
Iteration 51685870: max diff=0.000000, 3512.81 sec so far
Iteration 51759818: max diff=0.000000, 3517.81 sec so far
Iteration 51833460: max diff=0.000000, 3522.82 sec so far
Iteration 51907173: max diff=0.000000, 3527.82 sec so far
Iteration 51981039: max diff=0.000000, 3532.82 sec so far
Iteration 52054900: max diff=0.000000, 3537.83 sec so far
Iteration 52128856: max diff=0.000000, 3542.83 sec so far
Iteration 52202906: max diff=0.000000, 3547.84 sec so far
Iteration 52276837: max diff=0.000000, 3552.84 sec so far
Iteration 52350923: max diff=0.000000, 3557.84 sec so far
Iteration 52424294: max diff=0.000000, 3562.85 sec so far
Iteration 52498205: max diff=0.000000, 3567.85 sec so far
Iteration 52572406: max diff=0.000000, 3572.86 sec so far
Iteration 52646188: max diff=0.000000, 3577.86 sec so far
Iteration 52720400: max diff=0.000000, 3582.86 sec so far
Iteration 52794107: max diff=0.000000, 3587.87 sec so far
Iteration 52867852: max diff=0.000000, 3592.87 sec so far
Iteration 52942370: max diff=0.000000, 3597.88 sec so far
Iteration 53017208: max diff=0.000000, 3602.88 sec so far
Iteration 53092086: max diff=0.000000, 3607.88 sec so far
Iteration 53167049: max diff=0.000000, 3612.89 sec so far
Iteration 53242027: max diff=0.000000, 3617.89 sec so far
Iteration 53315636: max diff=0.000000, 3622.90 sec so far
Iteration 53390278: max diff=0.000000, 3627.90 sec so far
Iteration 53465506: max diff=0.000000, 3632.90 sec so far
Iteration 53540307: max diff=0.000000, 3637.91 sec so far
Iteration 53615061: max diff=0.000000, 3642.91 sec so far
Iteration 53689892: max diff=0.000000, 3647.92 sec so far
Iteration 53764644: max diff=0.000000, 3652.92 sec so far
Iteration 53839303: max diff=0.000000, 3657.92 sec so far
Iteration 53914309: max diff=0.000000, 3662.93 sec so far
Iteration 53988930: max diff=0.000000, 3667.93 sec so far
Iteration 54063992: max diff=0.000000, 3672.94 sec so far
Iteration 54138760: max diff=0.000000, 3677.94 sec so far
Iteration 54213675: max diff=0.000000, 3682.94 sec so far
Iteration 54288718: max diff=0.000000, 3687.95 sec so far
Iteration 54361958: max diff=0.000000, 3692.95 sec so far
Iteration 54437023: max diff=0.000000, 3697.96 sec so far
Iteration 54512438: max diff=0.000000, 3702.96 sec so far
Iteration 54587740: max diff=0.000000, 3707.96 sec so far
Iteration 54662613: max diff=0.000000, 3712.97 sec so far
Iteration 54738079: max diff=0.000000, 3717.97 sec so far
Iteration 54812841: max diff=0.000000, 3722.98 sec so far
Iteration 54887613: max diff=0.000000, 3727.98 sec so far
Iteration 54962944: max diff=0.000000, 3732.98 sec so far
Iteration 55038230: max diff=0.000000, 3737.99 sec so far
Iteration 55113087: max diff=0.000000, 3742.99 sec so far
Iteration 55188312: max diff=0.000000, 3748.00 sec so far
Iteration 55264027: max diff=0.000000, 3753.00 sec so far
Iteration 55339358: max diff=0.000000, 3758.00 sec so far
Iteration 55414365: max diff=0.000000, 3763.01 sec so far
Iteration 55489466: max diff=0.000000, 3768.01 sec so far
Iteration 55564612: max diff=0.000000, 3773.02 sec so far
Iteration 55639793: max diff=0.000000, 3778.02 sec so far
Iteration 55714994: max diff=0.000000, 3783.02 sec so far
Iteration 55790143: max diff=0.000000, 3788.03 sec so far
Iteration 55865437: max diff=0.000000, 3793.03 sec so far
Iteration 55940518: max diff=0.000000, 3798.04 sec so far
Iteration 56015481: max diff=0.000000, 3803.04 sec so far
Iteration 56090272: max diff=0.000000, 3808.04 sec so far
Iteration 56165365: max diff=0.000000, 3813.05 sec so far
Iteration 56240408: max diff=0.000000, 3818.05 sec so far
Iteration 56315610: max diff=0.000000, 3823.06 sec so far
Iteration 56390642: max diff=0.000000, 3828.06 sec so far
Iteration 56465822: max diff=0.000000, 3833.06 sec so far
Iteration 56540903: max diff=0.000000, 3838.07 sec so far
Iteration 56616261: max diff=0.000000, 3843.07 sec so far
Iteration 56690878: max diff=0.000000, 3848.08 sec so far
Iteration 56765783: max diff=0.000000, 3853.08 sec so far
Iteration 56841122: max diff=0.000000, 3858.08 sec so far
Iteration 56916499: max diff=0.000000, 3863.09 sec so far
Iteration 56991399: max diff=0.000000, 3868.09 sec so far
Iteration 57066705: max diff=0.000000, 3873.10 sec so far
Iteration 57141817: max diff=0.000000, 3878.10 sec so far
Iteration 57216982: max diff=0.000000, 3883.10 sec so far
Iteration 57292051: max diff=0.000000, 3888.11 sec so far
Iteration 57366819: max diff=0.000000, 3893.11 sec so far
Iteration 57441780: max diff=0.000000, 3898.12 sec so far
Iteration 57515843: max diff=0.000000, 3903.12 sec so far
Iteration 57590350: max diff=0.000000, 3908.12 sec so far
Iteration 57664640: max diff=0.000000, 3913.13 sec so far
Iteration 57739487: max diff=0.000000, 3918.13 sec so far
Iteration 57813033: max diff=0.000000, 3923.14 sec so far
Iteration 57887974: max diff=0.000000, 3928.14 sec so far
Iteration 57962681: max diff=0.000000, 3933.14 sec so far
Iteration 58038009: max diff=0.000000, 3938.15 sec so far
Iteration 58112831: max diff=0.000000, 3943.15 sec so far
Iteration 58186031: max diff=0.000000, 3948.16 sec so far
Iteration 58260978: max diff=0.000000, 3953.16 sec so far
Iteration 58334939: max diff=0.000000, 3958.16 sec so far
Iteration 58409446: max diff=0.000000, 3963.17 sec so far
Iteration 58484252: max diff=0.000000, 3968.17 sec so far
Iteration 58559105: max diff=0.000000, 3973.18 sec so far
Iteration 58633978: max diff=0.000000, 3978.18 sec so far
Iteration 58708996: max diff=0.000000, 3983.18 sec so far
Iteration 58784105: max diff=0.000000, 3988.19 sec so far
Iteration 58859146: max diff=0.000000, 3993.19 sec so far
Iteration 58934042: max diff=0.000000, 3998.20 sec so far
Iteration 59008963: max diff=0.000000, 4003.20 sec so far
Iteration 59083816: max diff=0.000000, 4008.20 sec so far
Iteration 59158842: max diff=0.000000, 4013.21 sec so far
Iteration 59233796: max diff=0.000000, 4018.21 sec so far
Iteration 59308783: max diff=0.000000, 4023.22 sec so far

Power method: 59366238 iterations in 4027.06 seconds (average 0.000068, setup 0.00)

Printing steady-state probabilities in plain text format to file "../../CZK_project/Output/firstRejuvenation_1E-6_dynamic/hybrid/ph_2000_1E-6"...

Time for steady-state probability computation: 4072.501 seconds.

