PRISM
=====

Version: 4.4
Date: Wed Jul 11 05:00:45 EDT 2018
Hostname: storm-eval
Memory limits: cudd=1g, java(heap)=910.5m
Command line: prism -hybrid -epsilon 3.33333e-08 -maxiters 100000000 -power -absolute -const k=30 ../../CZK_project/Model/benchmark/devel/firstRejuvenation/firstRejuvenation_CTMC.pm -ss -exportss ../../CZK_project/Output/firstRejuvenation_1E-6_dynamic/hybrid/ph_30_1E-6

Parsing model file "../../CZK_project/Model/benchmark/devel/firstRejuvenation/firstRejuvenation_CTMC.pm"...

Type:        CTMC
Modules:     firstRejuvenation trigger 
Variables:   status avail maintenance i 

---------------------------------------------------------------------

Computing steady-state probabilities...

Building model...
Model constants: k=30

Computing reachable states...

Reachability (BFS): 61 iterations in 0.00 seconds (average 0.000066, setup 0.00)

Time for model construction: 0.013 seconds.

Type:        CTMC
States:      150 (1 initial)
Transitions: 210

Rate matrix: 190 nodes (7 terminal), 210 minterms, vars: 9r/9c

SCCs: 1, BSCCs: 1, non-BSCC states: 0
BSCC sizes: 1:150

Initial states all in one BSCC (so no reachability probabilities computed)

Computing probabilities...
Engine: Hybrid

Building power method iteration matrix MTBDD... [nodes=224] [4.4 Kb]
Building hybrid MTBDD matrix... [levels=9, nodes=251] [11.8 KB]
Adding explicit sparse matrices... [levels=9, num=1, compact] [1.6 KB]
Allocating iteration vectors... [2 x 1.2 KB]
TOTAL: [15.7 KB]

Starting iterations...

Power method: 369513 iterations in 0.40 seconds (average 0.000001, setup 0.00)

Printing steady-state probabilities in plain text format to file "../../CZK_project/Output/firstRejuvenation_1E-6_dynamic/hybrid/ph_30_1E-6"...

Time for steady-state probability computation: 0.526 seconds.

