PRISM
=====

Version: 4.4
Date: Wed Jul 11 05:04:12 EDT 2018
Hostname: storm-eval
Memory limits: cudd=1g, java(heap)=910.5m
Command line: prism -hybrid -epsilon 2.5e-09 -maxiters 100000000 -power -absolute -const k=400 ../../CZK_project/Model/benchmark/devel/firstRejuvenation/firstRejuvenation_CTMC.pm -ss -exportss ../../CZK_project/Output/firstRejuvenation_1E-6_dynamic/hybrid/ph_400_1E-6

Parsing model file "../../CZK_project/Model/benchmark/devel/firstRejuvenation/firstRejuvenation_CTMC.pm"...

Type:        CTMC
Modules:     firstRejuvenation trigger 
Variables:   status avail maintenance i 

---------------------------------------------------------------------

Computing steady-state probabilities...

Building model...
Model constants: k=400

Computing reachable states...

Reachability (BFS): 801 iterations in 0.02 seconds (average 0.000025, setup 0.00)

Time for model construction: 0.053 seconds.

Type:        CTMC
States:      2000 (1 initial)
Transitions: 2800

Rate matrix: 288 nodes (7 terminal), 2800 minterms, vars: 13r/13c

SCCs: 1, BSCCs: 1, non-BSCC states: 0
BSCC sizes: 1:2000

Initial states all in one BSCC (so no reachability probabilities computed)

Computing probabilities...
Engine: Hybrid

Building power method iteration matrix MTBDD... [nodes=342] [6.7 Kb]
Building hybrid MTBDD matrix... [levels=13, nodes=374] [17.5 KB]
Adding explicit sparse matrices... [levels=13, num=1, compact] [26.6 KB]
Allocating iteration vectors... [2 x 15.6 KB]
TOTAL: [75.4 KB]

Starting iterations...
Iteration 371772: max diff=0.000000, 5.00 sec so far
Iteration 740704: max diff=0.000000, 10.01 sec so far
Iteration 1121644: max diff=0.000000, 15.01 sec so far
Iteration 1482786: max diff=0.000000, 20.02 sec so far
Iteration 1858835: max diff=0.000000, 25.02 sec so far
Iteration 2233795: max diff=0.000000, 30.02 sec so far
Iteration 2613708: max diff=0.000000, 35.03 sec so far
Iteration 2989254: max diff=0.000000, 40.03 sec so far
Iteration 3365591: max diff=0.000000, 45.04 sec so far
Iteration 3740339: max diff=0.000000, 50.04 sec so far
Iteration 4115940: max diff=0.000000, 55.04 sec so far
Iteration 4492747: max diff=0.000000, 60.05 sec so far
Iteration 4869679: max diff=0.000000, 65.05 sec so far
Iteration 5244402: max diff=0.000000, 70.06 sec so far
Iteration 5619800: max diff=0.000000, 75.06 sec so far
Iteration 5993494: max diff=0.000000, 80.06 sec so far
Iteration 6368530: max diff=0.000000, 85.07 sec so far
Iteration 6745268: max diff=0.000000, 90.07 sec so far
Iteration 7122579: max diff=0.000000, 95.08 sec so far
Iteration 7497051: max diff=0.000000, 100.08 sec so far
Iteration 7870831: max diff=0.000000, 105.08 sec so far
Iteration 8246085: max diff=0.000000, 110.09 sec so far
Iteration 8623645: max diff=0.000000, 115.09 sec so far
Iteration 8998549: max diff=0.000000, 120.10 sec so far
Iteration 9373237: max diff=0.000000, 125.10 sec so far
Iteration 9748369: max diff=0.000000, 130.10 sec so far
Iteration 10126214: max diff=0.000000, 135.11 sec so far
Iteration 10501008: max diff=0.000000, 140.11 sec so far
Iteration 10880652: max diff=0.000000, 145.12 sec so far
Iteration 11257248: max diff=0.000000, 150.12 sec so far
Iteration 11636894: max diff=0.000000, 155.12 sec so far
Iteration 12013647: max diff=0.000000, 160.13 sec so far
Iteration 12385427: max diff=0.000000, 165.13 sec so far

Power method: 12647051 iterations in 168.60 seconds (average 0.000013, setup 0.00)

Printing steady-state probabilities in plain text format to file "../../CZK_project/Output/firstRejuvenation_1E-6_dynamic/hybrid/ph_400_1E-6"...

Time for steady-state probability computation: 173.919 seconds.

