PRISM
=====

Version: 4.4
Date: Wed Jul 11 05:00:13 EDT 2018
Hostname: storm-eval
Memory limits: cudd=1g, java(heap)=910.5m
Command line: prism -hybrid -epsilon 2.5e-07 -maxiters 100000000 -power -absolute -const k=4 ../../CZK_project/Model/benchmark/devel/firstRejuvenation/firstRejuvenation_CTMC.pm -ss -exportss ../../CZK_project/Output/firstRejuvenation_1E-6_dynamic/hybrid/ph_4_1E-6

Parsing model file "../../CZK_project/Model/benchmark/devel/firstRejuvenation/firstRejuvenation_CTMC.pm"...

Type:        CTMC
Modules:     firstRejuvenation trigger 
Variables:   status avail maintenance i 

---------------------------------------------------------------------

Computing steady-state probabilities...

Building model...
Model constants: k=4

Computing reachable states...

Reachability (BFS): 9 iterations in 0.00 seconds (average 0.000000, setup 0.00)

Time for model construction: 0.012 seconds.

Type:        CTMC
States:      20 (1 initial)
Transitions: 28

Rate matrix: 103 nodes (7 terminal), 28 minterms, vars: 7r/7c

SCCs: 1, BSCCs: 1, non-BSCC states: 0
BSCC sizes: 1:20

Initial states all in one BSCC (so no reachability probabilities computed)

Computing probabilities...
Engine: Hybrid

Building power method iteration matrix MTBDD... [nodes=124] [2.4 Kb]
Building hybrid MTBDD matrix... [levels=7, nodes=126] [5.9 KB]
Adding explicit sparse matrices... [levels=7, num=1, compact] [0.3 KB]
Allocating iteration vectors... [2 x 0.2 KB]
TOTAL: [6.5 KB]

Starting iterations...

Power method: 13694 iterations in 0.01 seconds (average 0.000001, setup 0.00)

Printing steady-state probabilities in plain text format to file "../../CZK_project/Output/firstRejuvenation_1E-6_dynamic/hybrid/ph_4_1E-6"...

Time for steady-state probability computation: 0.013 seconds.

