PRISM
=====

Version: 4.4
Date: Wed Jul 11 05:07:10 EDT 2018
Hostname: storm-eval
Memory limits: cudd=1g, java(heap)=910.5m
Command line: prism -hybrid -epsilon 2e-09 -maxiters 100000000 -power -absolute -const k=500 ../../CZK_project/Model/benchmark/devel/firstRejuvenation/firstRejuvenation_CTMC.pm -ss -exportss ../../CZK_project/Output/firstRejuvenation_1E-6_dynamic/hybrid/ph_500_1E-6

Parsing model file "../../CZK_project/Model/benchmark/devel/firstRejuvenation/firstRejuvenation_CTMC.pm"...

Type:        CTMC
Modules:     firstRejuvenation trigger 
Variables:   status avail maintenance i 

---------------------------------------------------------------------

Computing steady-state probabilities...

Building model...
Model constants: k=500

Computing reachable states...

Reachability (BFS): 1001 iterations in 0.03 seconds (average 0.000028, setup 0.00)

Time for model construction: 0.066 seconds.

Type:        CTMC
States:      2500 (1 initial)
Transitions: 3500

Rate matrix: 316 nodes (7 terminal), 3500 minterms, vars: 13r/13c

SCCs: 1, BSCCs: 1, non-BSCC states: 0
BSCC sizes: 1:2500

Initial states all in one BSCC (so no reachability probabilities computed)

Computing probabilities...
Engine: Hybrid

Building power method iteration matrix MTBDD... [nodes=370] [7.2 Kb]
Building hybrid MTBDD matrix... [levels=13, nodes=429] [20.1 KB]
Adding explicit sparse matrices... [levels=13, num=1, compact] [33.3 KB]
Allocating iteration vectors... [2 x 19.5 KB]
TOTAL: [92.5 KB]

Starting iterations...
Iteration 299674: max diff=0.000000, 5.00 sec so far
Iteration 599742: max diff=0.000000, 10.01 sec so far
Iteration 898069: max diff=0.000000, 15.01 sec so far
Iteration 1200316: max diff=0.000000, 20.02 sec so far
Iteration 1500561: max diff=0.000000, 25.02 sec so far
Iteration 1800549: max diff=0.000000, 30.02 sec so far
Iteration 2101432: max diff=0.000000, 35.03 sec so far
Iteration 2399009: max diff=0.000000, 40.03 sec so far
Iteration 2699012: max diff=0.000000, 45.04 sec so far
Iteration 2999069: max diff=0.000000, 50.04 sec so far
Iteration 3298645: max diff=0.000000, 55.04 sec so far
Iteration 3598351: max diff=0.000000, 60.05 sec so far
Iteration 3896252: max diff=0.000000, 65.05 sec so far
Iteration 4196405: max diff=0.000000, 70.06 sec so far
Iteration 4496006: max diff=0.000000, 75.06 sec so far
Iteration 4797606: max diff=0.000000, 80.06 sec so far
Iteration 5098969: max diff=0.000000, 85.07 sec so far
Iteration 5398839: max diff=0.000000, 90.07 sec so far
Iteration 5698825: max diff=0.000000, 95.08 sec so far
Iteration 6001009: max diff=0.000000, 100.08 sec so far
Iteration 6301731: max diff=0.000000, 105.08 sec so far
Iteration 6601034: max diff=0.000000, 110.09 sec so far
Iteration 6901315: max diff=0.000000, 115.09 sec so far
Iteration 7199687: max diff=0.000000, 120.10 sec so far
Iteration 7500256: max diff=0.000000, 125.10 sec so far
Iteration 7799921: max diff=0.000000, 130.10 sec so far
Iteration 8098024: max diff=0.000000, 135.11 sec so far
Iteration 8397539: max diff=0.000000, 140.11 sec so far
Iteration 8698700: max diff=0.000000, 145.12 sec so far
Iteration 9000673: max diff=0.000000, 150.12 sec so far
Iteration 9300097: max diff=0.000000, 155.12 sec so far
Iteration 9598752: max diff=0.000000, 160.13 sec so far
Iteration 9897646: max diff=0.000000, 165.13 sec so far
Iteration 10198435: max diff=0.000000, 170.14 sec so far
Iteration 10496282: max diff=0.000000, 175.14 sec so far
Iteration 10797473: max diff=0.000000, 180.14 sec so far
Iteration 11094528: max diff=0.000000, 185.15 sec so far
Iteration 11393901: max diff=0.000000, 190.15 sec so far
Iteration 11694542: max diff=0.000000, 195.16 sec so far
Iteration 11993795: max diff=0.000000, 200.16 sec so far
Iteration 12294675: max diff=0.000000, 205.16 sec so far
Iteration 12593374: max diff=0.000000, 210.17 sec so far
Iteration 12894400: max diff=0.000000, 215.17 sec so far
Iteration 13192528: max diff=0.000000, 220.18 sec so far
Iteration 13490169: max diff=0.000000, 225.18 sec so far
Iteration 13787647: max diff=0.000000, 230.18 sec so far
Iteration 14087125: max diff=0.000000, 235.19 sec so far
Iteration 14386486: max diff=0.000000, 240.19 sec so far
Iteration 14684492: max diff=0.000000, 245.20 sec so far
Iteration 14985126: max diff=0.000000, 250.20 sec so far
Iteration 15283459: max diff=0.000000, 255.20 sec so far
Iteration 15580418: max diff=0.000000, 260.21 sec so far

Power method: 15808300 iterations in 264.04 seconds (average 0.000017, setup 0.00)

Printing steady-state probabilities in plain text format to file "../../CZK_project/Output/firstRejuvenation_1E-6_dynamic/hybrid/ph_500_1E-6"...

Time for steady-state probability computation: 270.397 seconds.

