PRISM
=====

Version: 4.4
Date: Mon Jul 09 08:44:24 EDT 2018
Hostname: storm-eval
Memory limits: cudd=1g, java(heap)=910.5m
Command line: prism -hybrid -epsilon 2e-08 -maxiters 100000000 -power -absolute -const k=50 ../../CZK_project/Model/benchmark/devel/firstRejuvenation/firstRejuvenation_CTMC.pm -ss -exportss ../../CZK_project/Output/firstRejuvenation_1E-6_dynamic/hybrid/ph_50_1E-6

Parsing model file "../../CZK_project/Model/benchmark/devel/firstRejuvenation/firstRejuvenation_CTMC.pm"...

Type:        CTMC
Modules:     firstRejuvenation trigger 
Variables:   status avail maintenance i 

---------------------------------------------------------------------

Computing steady-state probabilities...

Building model...
Model constants: k=50

Computing reachable states...

Reachability (BFS): 101 iterations in 0.00 seconds (average 0.000000, setup 0.00)

Time for model construction: 0.013 seconds.

Type:        CTMC
States:      250 (1 initial)
Transitions: 350

Rate matrix: 235 nodes (7 terminal), 350 minterms, vars: 10r/10c

SCCs: 1, BSCCs: 1, non-BSCC states: 0
BSCC sizes: 1:250

Initial states all in one BSCC (so no reachability probabilities computed)

Computing probabilities...
Engine: Hybrid

Building power method iteration matrix MTBDD... [nodes=274] [5.4 Kb]
Building hybrid MTBDD matrix... [levels=10, nodes=300] [14.1 KB]
Adding explicit sparse matrices... [levels=10, num=1, compact] [2.7 KB]
Allocating iteration vectors... [2 x 2.0 KB]
TOTAL: [20.6 KB]

Starting iterations...

Power method: 863224 iterations in 1.50 seconds (average 0.000002, setup 0.00)

Printing steady-state probabilities in plain text format to file "../../CZK_project/Output/firstRejuvenation_1E-6_dynamic/hybrid/ph_50_1E-6"...

Time for steady-state probability computation: 1.749 seconds.

