PRISM
=====

Version: 4.4
Date: Wed Jul 11 05:01:03 EDT 2018
Hostname: storm-eval
Memory limits: cudd=1g, java(heap)=910.5m
Command line: prism -hybrid -epsilon 1.42857e-08 -maxiters 100000000 -power -absolute -const k=70 ../../CZK_project/Model/benchmark/devel/firstRejuvenation/firstRejuvenation_CTMC.pm -ss -exportss ../../CZK_project/Output/firstRejuvenation_1E-6_dynamic/hybrid/ph_70_1E-6

Parsing model file "../../CZK_project/Model/benchmark/devel/firstRejuvenation/firstRejuvenation_CTMC.pm"...

Type:        CTMC
Modules:     firstRejuvenation trigger 
Variables:   status avail maintenance i 

---------------------------------------------------------------------

Computing steady-state probabilities...

Building model...
Model constants: k=70

Computing reachable states...

Reachability (BFS): 141 iterations in 0.00 seconds (average 0.000028, setup 0.00)

Time for model construction: 0.015 seconds.

Type:        CTMC
States:      350 (1 initial)
Transitions: 490

Rate matrix: 260 nodes (7 terminal), 490 minterms, vars: 11r/11c

SCCs: 1, BSCCs: 1, non-BSCC states: 0
BSCC sizes: 1:350

Initial states all in one BSCC (so no reachability probabilities computed)

Computing probabilities...
Engine: Hybrid

Building power method iteration matrix MTBDD... [nodes=304] [5.9 Kb]
Building hybrid MTBDD matrix... [levels=11, nodes=340] [15.9 KB]
Adding explicit sparse matrices... [levels=11, num=1, compact] [3.7 KB]
Allocating iteration vectors... [2 x 2.7 KB]
TOTAL: [25.1 KB]

Starting iterations...

Power method: 1487194 iterations in 3.46 seconds (average 0.000002, setup 0.00)

Printing steady-state probabilities in plain text format to file "../../CZK_project/Output/firstRejuvenation_1E-6_dynamic/hybrid/ph_70_1E-6"...

Time for steady-state probability computation: 4.051 seconds.

