PRISM
=====

Version: 4.4.GSMP
Date: Fri May 25 11:22:54 CEST 2018
Hostname: thomas
Memory limits: cudd=1g, java(heap)=910.5m
Command line: prism -explicit -epsilon 1E-5 -maxiters 100000000 -power -absolute -const 'k=15,timeout=0.5,lambda=1.3862943620' ../../../../CZK_project/Model/queue_withptf_gsmp.sm -ss -exportss ../../../../CZK_project/Output/t=0.5_median/explicit/ph_10_15_1E-5

Parsing model file "../../../../CZK_project/Model/queue_withptf_gsmp.sm"...

Type:        GSMP
Modules:     main trigger 
Variables:   qSize i 

---------------------------------------------------------------------

Computing steady-state probabilities...

Building model...
Model constants: k=15,timeout=0.5,lambda=1.386294362

Computing reachable states... 151 states
Reachable states exploration and model construction done in 0.025 secs.
Sorting reachable states list...

Time for model construction: 0.035 seconds.

Type:        GSMP
States:      151 (1 initial)
Transitions: 286
The model was recognized to be an ACTMC, so ACTMC method will be used!

Computing probability of reaching BSCC 1

Starting probabilistic reachability...
Calculating predecessor relation for discrete-time Markov chain...  done (0.0 seconds)
Starting Prob0...
Prob0 took 0.001 seconds.
Starting Prob1...
Prob1 took 0.0 seconds.
target=151, yes=151, no=0, maybe=0
Starting value iteration (with Power method)...
Value iteration (with Power method) took 1 iterations, 0 multiplications and 0.001 seconds.
Probabilistic reachability took 0.004 seconds.

Probability of reaching BSCC 1: 1.0

Computing steady-state probabilities for BSCC 1
Starting value iteration...
Value iteration took 826 iterations and 0.022 seconds.

Reducing ACTMC to equivalent DTMC took 0.009 seconds.
Computing steady-state probabilities for the equivalent DTMC took 0.031 seconds.

Printing steady-state probabilities in plain text format to file "../../../../CZK_project/Output/t=0.5_median/explicit/ph_10_15_1E-5"...

Time for steady-state probability computation: 0.049 seconds.

