PRISM
=====

Version: 4.4.GSMP
Date: Fri May 25 11:25:09 CEST 2018
Hostname: thomas
Memory limits: cudd=1g, java(heap)=910.5m
Command line: prism -explicit -epsilon 1E-5 -maxiters 100000000 -power -absolute -const 'k=4700,timeout=0.5,lambda=1.3862943620' ../../../../CZK_project/Model/queue_withptf_gsmp.sm -ss -exportss ../../../../CZK_project/Output/t=0.5_median/explicit/ph_10_4700_1E-5

Parsing model file "../../../../CZK_project/Model/queue_withptf_gsmp.sm"...

Type:        GSMP
Modules:     main trigger 
Variables:   qSize i 

---------------------------------------------------------------------

Computing steady-state probabilities...

Building model...
Model constants: k=4700,timeout=0.5,lambda=1.386294362

Computing reachable states... 47001 states
Reachable states exploration and model construction done in 0.526 secs.
Sorting reachable states list...

Time for model construction: 0.656 seconds.

Type:        GSMP
States:      47001 (1 initial)
Transitions: 89301
The model was recognized to be an ACTMC, so ACTMC method will be used!
