PRISM
=====

Version: 4.4.GSMP
Date: Fri May 25 11:24:53 CEST 2018
Hostname: thomas
Memory limits: cudd=1g, java(heap)=910.5m
Command line: prism -explicit -epsilon 1E-5 -maxiters 100000000 -power -absolute -const 'k=3600,timeout=0.5,lambda=1.3862943620' ../../../../CZK_project/Model/queue_withptf_gsmp.sm -ss -exportss ../../../../CZK_project/Output/t=0.5_median/explicit/ph_10_3600_1E-5

Parsing model file "../../../../CZK_project/Model/queue_withptf_gsmp.sm"...

Type:        GSMP
Modules:     main trigger 
Variables:   qSize i 

---------------------------------------------------------------------

Computing steady-state probabilities...

Building model...
Model constants: k=3600,timeout=0.5,lambda=1.386294362

Computing reachable states... 36001 states
Reachable states exploration and model construction done in 0.478 secs.
Sorting reachable states list...

Time for model construction: 0.57 seconds.

Type:        GSMP
States:      36001 (1 initial)
Transitions: 68401
The model was recognized to be an ACTMC, so ACTMC method will be used!
