PRISM
=====

Version: 4.4.GSMP
Date: Tue May 29 09:58:43 CEST 2018
Hostname: thomas
Memory limits: cudd=1g, java(heap)=910.5m
Command line: prism -hybrid -epsilon 1E-6 -maxiters 100000000 -power -absolute -const 'k=4100,timeout=0.02,lambda=34.6573590500' ../../../../CZK_project/Model/queue_withptf_ctmc.sm -ss -exportss ../../../../CZK_project/Output/t=0.02_median/hybrid/ph_10_4100_1E-6

Parsing model file "../../../../CZK_project/Model/queue_withptf_ctmc.sm"...

Type:        CTMC
Modules:     main trigger 
Variables:   qSize i 

---------------------------------------------------------------------

Computing steady-state probabilities...

Building model...
Model constants: k=4100,timeout=0.02,lambda=34.65735905

Computing reachable states...

Reachability (BFS): 41001 iterations in 1.21 seconds (average 0.000029, setup 0.00)

Time for model construction: 2.218 seconds.

Type:        CTMC
States:      41001 (1 initial)
Transitions: 77901

Rate matrix: 219 nodes (3 terminal), 77901 minterms, vars: 17r/17c

SCCs: 1, BSCCs: 1, non-BSCC states: 0
BSCC sizes: 1:41001

Initial states all in one BSCC (so no reachability probabilities computed)

Computing probabilities...
Engine: Hybrid

Building power method iteration matrix MTBDD... [nodes=314] [6.1 Kb]
Building hybrid MTBDD matrix... [levels=17, nodes=365] [17.1 KB]
Adding explicit sparse matrices... [levels=17, num=1, compact] [504.5 KB]
Allocating iteration vectors... [2 x 320.3 KB]
TOTAL: [1.1 MB]

Starting iterations...
Iteration 12749: max diff=0.000003, 5.00 sec so far
Iteration 25419: max diff=0.000003, 10.01 sec so far
Iteration 38080: max diff=0.000002, 15.01 sec so far
Iteration 50671: max diff=0.000002, 20.02 sec so far
Iteration 63370: max diff=0.000002, 25.02 sec so far
Iteration 76206: max diff=0.000002, 30.02 sec so far

Power method: 82899 iterations in 32.66 seconds (average 0.000394, setup 0.00)

Printing steady-state probabilities in plain text format to file "../../../../CZK_project/Output/t=0.02_median/hybrid/ph_10_4100_1E-6"...

Time for steady-state probability computation: 34.224 seconds.

