PRISM
=====

Version: 4.4.GSMP
Date: Tue May 29 09:49:13 CEST 2018
Hostname: thomas
Memory limits: cudd=1g, java(heap)=910.5m
Command line: prism -hybrid -epsilon 1E-6 -maxiters 100000000 -power -absolute -const 'k=40,timeout=0.02,lambda=34.6573590500' ../../../../CZK_project/Model/queue_withptf_ctmc.sm -ss -exportss ../../../../CZK_project/Output/t=0.02_median/hybrid/ph_10_40_1E-6

Parsing model file "../../../../CZK_project/Model/queue_withptf_ctmc.sm"...

Type:        CTMC
Modules:     main trigger 
Variables:   qSize i 

---------------------------------------------------------------------

Computing steady-state probabilities...

Building model...
Model constants: k=40,timeout=0.02,lambda=34.65735905

Computing reachable states...

Reachability (BFS): 401 iterations in 0.00 seconds (average 0.000010, setup 0.00)

Time for model construction: 0.015 seconds.

Type:        CTMC
States:      401 (1 initial)
Transitions: 761

Rate matrix: 101 nodes (3 terminal), 761 minterms, vars: 10r/10c

SCCs: 1, BSCCs: 1, non-BSCC states: 0
BSCC sizes: 1:401

Initial states all in one BSCC (so no reachability probabilities computed)

Computing probabilities...
Engine: Hybrid

Building power method iteration matrix MTBDD... [nodes=145] [2.8 Kb]
Building hybrid MTBDD matrix... [levels=10, nodes=166] [7.8 KB]
Adding explicit sparse matrices... [levels=10, num=1, compact] [5.0 KB]
Allocating iteration vectors... [2 x 3.1 KB]
TOTAL: [19.0 KB]

Starting iterations...

Power method: 2485 iterations in 0.01 seconds (average 0.000005, setup 0.00)

Printing steady-state probabilities in plain text format to file "../../../../CZK_project/Output/t=0.02_median/hybrid/ph_10_40_1E-6"...

Time for steady-state probability computation: 0.027 seconds.

