PRISM
=====

Version: 4.4.GSMP
Date: Tue May 29 11:31:02 CEST 2018
Hostname: thomas
Memory limits: cudd=1g, java(heap)=910.5m
Command line: prism -hybrid -epsilon 1E-6 -maxiters 100000000 -power -absolute -const 'k=43000,timeout=0.02,lambda=34.6573590500' ../../../../CZK_project/Model/queue_withptf_ctmc.sm -ss -exportss ../../../../CZK_project/Output/t=0.02_median/hybrid/ph_10_43000_1E-6

Parsing model file "../../../../CZK_project/Model/queue_withptf_ctmc.sm"...

Type:        CTMC
Modules:     main trigger 
Variables:   qSize i 

---------------------------------------------------------------------

Computing steady-state probabilities...

Building model...
Model constants: k=43000,timeout=0.02,lambda=34.65735905

Computing reachable states...

Reachability (BFS): 430001 iterations in 20.40 seconds (average 0.000047, setup 0.00)

Time for model construction: 137.169 seconds.

Type:        CTMC
States:      430001 (1 initial)
Transitions: 817001

Rate matrix: 261 nodes (3 terminal), 817001 minterms, vars: 20r/20c

SCCs: 1, BSCCs: 1, non-BSCC states: 0
BSCC sizes: 1:430001

Initial states all in one BSCC (so no reachability probabilities computed)

Computing probabilities...
Engine: Hybrid

Building power method iteration matrix MTBDD... [nodes=375] [7.3 Kb]
Building hybrid MTBDD matrix... [levels=20, nodes=460] [21.6 KB]
Adding explicit sparse matrices... [levels=14, num=12, compact] [655.9 KB]
Allocating iteration vectors... [2 x 3.3 MB]
TOTAL: [7.2 MB]

Starting iterations...
Iteration 876: max diff=0.000002, 5.00 sec so far
Iteration 1751: max diff=0.000002, 10.01 sec so far
Iteration 2625: max diff=0.000002, 15.02 sec so far
Iteration 3502: max diff=0.000002, 20.02 sec so far
Iteration 4378: max diff=0.000002, 25.03 sec so far
Iteration 5251: max diff=0.000002, 30.03 sec so far
Iteration 6124: max diff=0.000002, 35.04 sec so far
Iteration 6999: max diff=0.000002, 40.04 sec so far
Iteration 7878: max diff=0.000002, 45.04 sec so far
Iteration 8753: max diff=0.000002, 50.05 sec so far
Iteration 9605: max diff=0.000002, 55.05 sec so far
Iteration 10481: max diff=0.000002, 60.06 sec so far
Iteration 11357: max diff=0.000002, 65.06 sec so far
Iteration 12231: max diff=0.000002, 70.07 sec so far
Iteration 13106: max diff=0.000001, 75.07 sec so far
Iteration 13977: max diff=0.000001, 80.08 sec so far
Iteration 14852: max diff=0.000001, 85.09 sec so far
Iteration 15725: max diff=0.000001, 90.09 sec so far
Iteration 16602: max diff=0.000001, 95.10 sec so far
Iteration 17476: max diff=0.000001, 100.10 sec so far
Iteration 18350: max diff=0.000001, 105.11 sec so far
Iteration 19221: max diff=0.000001, 110.12 sec so far
Iteration 20088: max diff=0.000001, 115.12 sec so far
Iteration 20959: max diff=0.000001, 120.12 sec so far
Iteration 21832: max diff=0.000001, 125.13 sec so far
Iteration 22708: max diff=0.000001, 130.14 sec so far

Power method: 23231 iterations in 133.15 seconds (average 0.005731, setup 0.01)

Printing steady-state probabilities in plain text format to file "../../../../CZK_project/Output/t=0.02_median/hybrid/ph_10_43000_1E-6"...

Time for steady-state probability computation: 155.417 seconds.

