PRISM
=====

Version: 4.4.GSMP
Date: Tue May 29 10:25:34 CEST 2018
Hostname: thomas
Memory limits: cudd=1g, java(heap)=910.5m
Command line: prism -hybrid -epsilon 1E-6 -maxiters 100000000 -power -absolute -const 'k=20000,timeout=0.02,lambda=34.6573590500' ../../../../CZK_project/Model/queue_withptf_ctmc.sm -ss -exportss ../../../../CZK_project/Output/t=0.02_median/hybrid/ph_10_20000_1E-6

Parsing model file "../../../../CZK_project/Model/queue_withptf_ctmc.sm"...

Type:        CTMC
Modules:     main trigger 
Variables:   qSize i 

---------------------------------------------------------------------

Computing steady-state probabilities...

Building model...
Model constants: k=20000,timeout=0.02,lambda=34.65735905

Computing reachable states...

Reachability (BFS): 200001 iterations in 8.12 seconds (average 0.000041, setup 0.00)

Time for model construction: 28.619 seconds.

Type:        CTMC
States:      200001 (1 initial)
Transitions: 380001

Rate matrix: 233 nodes (3 terminal), 380001 minterms, vars: 19r/19c

SCCs: 1, BSCCs: 1, non-BSCC states: 0
BSCC sizes: 1:200001

Initial states all in one BSCC (so no reachability probabilities computed)

Computing probabilities...
Engine: Hybrid

Building power method iteration matrix MTBDD... [nodes=336] [6.6 Kb]
Building hybrid MTBDD matrix... [levels=19, nodes=398] [18.7 KB]
Adding explicit sparse matrices... [levels=15, num=7, compact] [488.3 KB]
Allocating iteration vectors... [2 x 1.5 MB]
TOTAL: [3.5 MB]

Starting iterations...
Iteration 2166: max diff=0.000004, 5.00 sec so far
Iteration 4322: max diff=0.000004, 10.01 sec so far
Iteration 6495: max diff=0.000003, 15.01 sec so far
Iteration 8671: max diff=0.000003, 20.02 sec so far
Iteration 10838: max diff=0.000002, 25.02 sec so far
Iteration 13000: max diff=0.000002, 30.02 sec so far
Iteration 15166: max diff=0.000001, 35.03 sec so far
Iteration 17336: max diff=0.000001, 40.03 sec so far

Power method: 18165 iterations in 41.95 seconds (average 0.002309, setup 0.01)

Printing steady-state probabilities in plain text format to file "../../../../CZK_project/Output/t=0.02_median/hybrid/ph_10_20000_1E-6"...

Time for steady-state probability computation: 51.352 seconds.

