PRISM
=====

Version: 4.4.GSMP
Date: Tue May 29 10:51:49 CEST 2018
Hostname: thomas
Memory limits: cudd=1g, java(heap)=910.5m
Command line: prism -hybrid -epsilon 1E-6 -maxiters 100000000 -power -absolute -const 'k=33000,timeout=0.02,lambda=34.6573590500' ../../../../CZK_project/Model/queue_withptf_ctmc.sm -ss -exportss ../../../../CZK_project/Output/t=0.02_median/hybrid/ph_10_33000_1E-6

Parsing model file "../../../../CZK_project/Model/queue_withptf_ctmc.sm"...

Type:        CTMC
Modules:     main trigger 
Variables:   qSize i 

---------------------------------------------------------------------

Computing steady-state probabilities...

Building model...
Model constants: k=33000,timeout=0.02,lambda=34.65735905

Computing reachable states...

Reachability (BFS): 330001 iterations in 15.13 seconds (average 0.000046, setup 0.00)

Time for model construction: 68.894 seconds.

Type:        CTMC
States:      330001 (1 initial)
Transitions: 627001

Rate matrix: 261 nodes (3 terminal), 627001 minterms, vars: 20r/20c

SCCs: 1, BSCCs: 1, non-BSCC states: 0
BSCC sizes: 1:330001

Initial states all in one BSCC (so no reachability probabilities computed)

Computing probabilities...
Engine: Hybrid

Building power method iteration matrix MTBDD... [nodes=375] [7.3 Kb]
Building hybrid MTBDD matrix... [levels=20, nodes=445] [20.9 KB]
Adding explicit sparse matrices... [levels=16, num=7, compact] [805.7 KB]
Allocating iteration vectors... [2 x 2.5 MB]
TOTAL: [5.8 MB]

Starting iterations...
Iteration 1292: max diff=0.000003, 5.00 sec so far
Iteration 2590: max diff=0.000003, 10.01 sec so far
Iteration 3887: max diff=0.000003, 15.01 sec so far
Iteration 5139: max diff=0.000002, 20.02 sec so far
Iteration 6428: max diff=0.000002, 25.02 sec so far
Iteration 7723: max diff=0.000002, 30.02 sec so far
Iteration 9020: max diff=0.000002, 35.03 sec so far
Iteration 10316: max diff=0.000002, 40.03 sec so far
Iteration 11608: max diff=0.000002, 45.04 sec so far
Iteration 12900: max diff=0.000002, 50.04 sec so far
Iteration 14195: max diff=0.000002, 55.04 sec so far
Iteration 15486: max diff=0.000001, 60.05 sec so far
Iteration 16782: max diff=0.000001, 65.05 sec so far
Iteration 18076: max diff=0.000001, 70.06 sec so far
Iteration 19369: max diff=0.000001, 75.06 sec so far
Iteration 20667: max diff=0.000001, 80.06 sec so far
Iteration 21965: max diff=0.000001, 85.07 sec so far

Power method: 22498 iterations in 87.15 seconds (average 0.003873, setup 0.01)

Printing steady-state probabilities in plain text format to file "../../../../CZK_project/Output/t=0.02_median/hybrid/ph_10_33000_1E-6"...

Time for steady-state probability computation: 104.314 seconds.

