PRISM
=====

Version: 4.4.GSMP
Date: Tue May 29 10:02:05 CEST 2018
Hostname: thomas
Memory limits: cudd=1g, java(heap)=910.5m
Command line: prism -hybrid -epsilon 1E-6 -maxiters 100000000 -power -absolute -const 'k=4600,timeout=0.02,lambda=34.6573590500' ../../../../CZK_project/Model/queue_withptf_ctmc.sm -ss -exportss ../../../../CZK_project/Output/t=0.02_median/hybrid/ph_10_4600_1E-6

Parsing model file "../../../../CZK_project/Model/queue_withptf_ctmc.sm"...

Type:        CTMC
Modules:     main trigger 
Variables:   qSize i 

---------------------------------------------------------------------

Computing steady-state probabilities...

Building model...
Model constants: k=4600,timeout=0.02,lambda=34.65735905

Computing reachable states...

Reachability (BFS): 46001 iterations in 1.39 seconds (average 0.000030, setup 0.00)

Time for model construction: 2.64 seconds.

Type:        CTMC
States:      46001 (1 initial)
Transitions: 87401

Rate matrix: 213 nodes (3 terminal), 87401 minterms, vars: 17r/17c

SCCs: 1, BSCCs: 1, non-BSCC states: 0
BSCC sizes: 1:46001

Initial states all in one BSCC (so no reachability probabilities computed)

Computing probabilities...
Engine: Hybrid

Building power method iteration matrix MTBDD... [nodes=306] [6.0 Kb]
Building hybrid MTBDD matrix... [levels=17, nodes=370] [17.3 KB]
Adding explicit sparse matrices... [levels=17, num=1, compact] [566.1 KB]
Allocating iteration vectors... [2 x 359.4 KB]
TOTAL: [1.3 MB]

Starting iterations...
Iteration 11242: max diff=0.000003, 5.00 sec so far
Iteration 22642: max diff=0.000002, 10.01 sec so far
Iteration 33991: max diff=0.000002, 15.01 sec so far
Iteration 45185: max diff=0.000002, 20.02 sec so far
Iteration 56524: max diff=0.000002, 25.02 sec so far
Iteration 67543: max diff=0.000002, 30.02 sec so far
Iteration 78759: max diff=0.000002, 35.03 sec so far

Power method: 88359 iterations in 39.25 seconds (average 0.000444, setup 0.01)

Printing steady-state probabilities in plain text format to file "../../../../CZK_project/Output/t=0.02_median/hybrid/ph_10_4600_1E-6"...

Time for steady-state probability computation: 41.031 seconds.

