PRISM
=====

Version: 4.4.GSMP
Date: Tue May 29 10:24:19 CEST 2018
Hostname: thomas
Memory limits: cudd=1g, java(heap)=910.5m
Command line: prism -hybrid -epsilon 1E-6 -maxiters 100000000 -power -absolute -const 'k=19000,timeout=0.02,lambda=34.6573590500' ../../../../CZK_project/Model/queue_withptf_ctmc.sm -ss -exportss ../../../../CZK_project/Output/t=0.02_median/hybrid/ph_10_19000_1E-6

Parsing model file "../../../../CZK_project/Model/queue_withptf_ctmc.sm"...

Type:        CTMC
Modules:     main trigger 
Variables:   qSize i 

---------------------------------------------------------------------

Computing steady-state probabilities...

Building model...
Model constants: k=19000,timeout=0.02,lambda=34.65735905

Computing reachable states...

Reachability (BFS): 190001 iterations in 7.95 seconds (average 0.000042, setup 0.00)

Time for model construction: 26.45 seconds.

Type:        CTMC
States:      190001 (1 initial)
Transitions: 361001

Rate matrix: 245 nodes (3 terminal), 361001 minterms, vars: 19r/19c

SCCs: 1, BSCCs: 1, non-BSCC states: 0
BSCC sizes: 1:190001

Initial states all in one BSCC (so no reachability probabilities computed)

Computing probabilities...
Engine: Hybrid

Building power method iteration matrix MTBDD... [nodes=352] [6.9 Kb]
Building hybrid MTBDD matrix... [levels=19, nodes=421] [19.7 KB]
Adding explicit sparse matrices... [levels=16, num=7, compact] [1002.0 KB]
Allocating iteration vectors... [2 x 1.4 MB]
TOTAL: [3.9 MB]

Starting iterations...
Iteration 2302: max diff=0.000004, 5.00 sec so far
Iteration 4528: max diff=0.000004, 10.01 sec so far
Iteration 6772: max diff=0.000003, 15.01 sec so far
Iteration 9007: max diff=0.000003, 20.02 sec so far
Iteration 11256: max diff=0.000002, 25.02 sec so far
Iteration 13518: max diff=0.000002, 30.02 sec so far
Iteration 15818: max diff=0.000001, 35.03 sec so far

Power method: 17640 iterations in 39.10 seconds (average 0.002216, setup 0.01)

Printing steady-state probabilities in plain text format to file "../../../../CZK_project/Output/t=0.02_median/hybrid/ph_10_19000_1E-6"...

Time for steady-state probability computation: 48.285 seconds.

