PRISM
=====

Version: 4.4.GSMP
Date: Tue May 29 09:49:29 CEST 2018
Hostname: thomas
Memory limits: cudd=1g, java(heap)=910.5m
Command line: prism -hybrid -epsilon 1E-6 -maxiters 100000000 -power -absolute -const 'k=200,timeout=0.02,lambda=34.6573590500' ../../../../CZK_project/Model/queue_withptf_ctmc.sm -ss -exportss ../../../../CZK_project/Output/t=0.02_median/hybrid/ph_10_200_1E-6

Parsing model file "../../../../CZK_project/Model/queue_withptf_ctmc.sm"...

Type:        CTMC
Modules:     main trigger 
Variables:   qSize i 

---------------------------------------------------------------------

Computing steady-state probabilities...

Building model...
Model constants: k=200,timeout=0.02,lambda=34.65735905

Computing reachable states...

Reachability (BFS): 2001 iterations in 0.02 seconds (average 0.000012, setup 0.00)

Time for model construction: 0.041 seconds.

Type:        CTMC
States:      2001 (1 initial)
Transitions: 3801

Rate matrix: 133 nodes (3 terminal), 3801 minterms, vars: 12r/12c

SCCs: 1, BSCCs: 1, non-BSCC states: 0
BSCC sizes: 1:2001

Initial states all in one BSCC (so no reachability probabilities computed)

Computing probabilities...
Engine: Hybrid

Building power method iteration matrix MTBDD... [nodes=191] [3.7 Kb]
Building hybrid MTBDD matrix... [levels=12, nodes=223] [10.5 KB]
Adding explicit sparse matrices... [levels=12, num=1, compact] [24.7 KB]
Allocating iteration vectors... [2 x 15.6 KB]
TOTAL: [66.4 KB]

Starting iterations...

Power method: 8942 iterations in 0.16 seconds (average 0.000018, setup 0.00)

Printing steady-state probabilities in plain text format to file "../../../../CZK_project/Output/t=0.02_median/hybrid/ph_10_200_1E-6"...

Time for steady-state probability computation: 0.223 seconds.

