PRISM
=====

Version: 4.4.GSMP
Date: Tue May 29 09:57:32 CEST 2018
Hostname: thomas
Memory limits: cudd=1g, java(heap)=910.5m
Command line: prism -hybrid -epsilon 1E-6 -maxiters 100000000 -power -absolute -const 'k=3900,timeout=0.02,lambda=34.6573590500' ../../../../CZK_project/Model/queue_withptf_ctmc.sm -ss -exportss ../../../../CZK_project/Output/t=0.02_median/hybrid/ph_10_3900_1E-6

Parsing model file "../../../../CZK_project/Model/queue_withptf_ctmc.sm"...

Type:        CTMC
Modules:     main trigger 
Variables:   qSize i 

---------------------------------------------------------------------

Computing steady-state probabilities...

Building model...
Model constants: k=3900,timeout=0.02,lambda=34.65735905

Computing reachable states...

Reachability (BFS): 39001 iterations in 1.02 seconds (average 0.000026, setup 0.00)

Time for model construction: 1.885 seconds.

Type:        CTMC
States:      39001 (1 initial)
Transitions: 74101

Rate matrix: 203 nodes (3 terminal), 74101 minterms, vars: 16r/16c

SCCs: 1, BSCCs: 1, non-BSCC states: 0
BSCC sizes: 1:39001

Initial states all in one BSCC (so no reachability probabilities computed)

Computing probabilities...
Engine: Hybrid

Building power method iteration matrix MTBDD... [nodes=291] [5.7 Kb]
Building hybrid MTBDD matrix... [levels=16, nodes=356] [16.7 KB]
Adding explicit sparse matrices... [levels=16, num=1, compact] [479.9 KB]
Allocating iteration vectors... [2 x 304.7 KB]
TOTAL: [1.1 MB]

Starting iterations...
Iteration 13495: max diff=0.000003, 5.00 sec so far
Iteration 26831: max diff=0.000003, 10.01 sec so far
Iteration 39951: max diff=0.000003, 15.01 sec so far
Iteration 53185: max diff=0.000002, 20.02 sec so far
Iteration 66468: max diff=0.000002, 25.02 sec so far
Iteration 79817: max diff=0.000001, 30.02 sec so far

Power method: 82779 iterations in 31.14 seconds (average 0.000376, setup 0.00)

Printing steady-state probabilities in plain text format to file "../../../../CZK_project/Output/t=0.02_median/hybrid/ph_10_3900_1E-6"...

Time for steady-state probability computation: 32.482 seconds.

