PRISM
=====

Version: 4.4.GSMP
Date: Tue May 29 09:50:03 CEST 2018
Hostname: thomas
Memory limits: cudd=1g, java(heap)=910.5m
Command line: prism -hybrid -epsilon 1E-6 -maxiters 100000000 -power -absolute -const 'k=1400,timeout=0.02,lambda=34.6573590500' ../../../../CZK_project/Model/queue_withptf_ctmc.sm -ss -exportss ../../../../CZK_project/Output/t=0.02_median/hybrid/ph_10_1400_1E-6

Parsing model file "../../../../CZK_project/Model/queue_withptf_ctmc.sm"...

Type:        CTMC
Modules:     main trigger 
Variables:   qSize i 

---------------------------------------------------------------------

Computing steady-state probabilities...

Building model...
Model constants: k=1400,timeout=0.02,lambda=34.65735905

Computing reachable states...

Reachability (BFS): 14001 iterations in 0.34 seconds (average 0.000024, setup 0.00)

Time for model construction: 0.549 seconds.

Type:        CTMC
States:      14001 (1 initial)
Transitions: 26601

Rate matrix: 181 nodes (3 terminal), 26601 minterms, vars: 15r/15c

SCCs: 1, BSCCs: 1, non-BSCC states: 0
BSCC sizes: 1:14001

Initial states all in one BSCC (so no reachability probabilities computed)

Computing probabilities...
Engine: Hybrid

Building power method iteration matrix MTBDD... [nodes=260] [5.1 Kb]
Building hybrid MTBDD matrix... [levels=15, nodes=313] [14.7 KB]
Adding explicit sparse matrices... [levels=15, num=1, compact] [172.3 KB]
Allocating iteration vectors... [2 x 109.4 KB]
TOTAL: [405.8 KB]

Starting iterations...
Iteration 37216: max diff=0.000002, 5.00 sec so far

Power method: 41062 iterations in 5.49 seconds (average 0.000134, setup 0.00)

Printing steady-state probabilities in plain text format to file "../../../../CZK_project/Output/t=0.02_median/hybrid/ph_10_1400_1E-6"...

Time for steady-state probability computation: 5.99 seconds.

