PRISM
=====

Version: 4.4.GSMP
Date: Tue May 29 09:49:52 CEST 2018
Hostname: thomas
Memory limits: cudd=1g, java(heap)=910.5m
Command line: prism -hybrid -epsilon 1E-6 -maxiters 100000000 -power -absolute -const 'k=1200,timeout=0.02,lambda=34.6573590500' ../../../../CZK_project/Model/queue_withptf_ctmc.sm -ss -exportss ../../../../CZK_project/Output/t=0.02_median/hybrid/ph_10_1200_1E-6

Parsing model file "../../../../CZK_project/Model/queue_withptf_ctmc.sm"...

Type:        CTMC
Modules:     main trigger 
Variables:   qSize i 

---------------------------------------------------------------------

Computing steady-state probabilities...

Building model...
Model constants: k=1200,timeout=0.02,lambda=34.65735905

Computing reachable states...

Reachability (BFS): 12001 iterations in 0.22 seconds (average 0.000018, setup 0.00)

Time for model construction: 0.333 seconds.

Type:        CTMC
States:      12001 (1 initial)
Transitions: 22801

Rate matrix: 175 nodes (3 terminal), 22801 minterms, vars: 15r/15c

SCCs: 1, BSCCs: 1, non-BSCC states: 0
BSCC sizes: 1:12001

Initial states all in one BSCC (so no reachability probabilities computed)

Computing probabilities...
Engine: Hybrid

Building power method iteration matrix MTBDD... [nodes=252] [4.9 Kb]
Building hybrid MTBDD matrix... [levels=15, nodes=297] [13.9 KB]
Adding explicit sparse matrices... [levels=15, num=1, compact] [147.7 KB]
Allocating iteration vectors... [2 x 93.8 KB]
TOTAL: [349.1 KB]

Starting iterations...

Power method: 36417 iterations in 4.07 seconds (average 0.000112, setup 0.00)

Printing steady-state probabilities in plain text format to file "../../../../CZK_project/Output/t=0.02_median/hybrid/ph_10_1200_1E-6"...

Time for steady-state probability computation: 4.434 seconds.

