PRISM
=====

Version: 4.4.GSMP
Date: Tue May 29 09:49:57 CEST 2018
Hostname: thomas
Memory limits: cudd=1g, java(heap)=910.5m
Command line: prism -hybrid -epsilon 1E-6 -maxiters 100000000 -power -absolute -const 'k=1300,timeout=0.02,lambda=34.6573590500' ../../../../CZK_project/Model/queue_withptf_ctmc.sm -ss -exportss ../../../../CZK_project/Output/t=0.02_median/hybrid/ph_10_1300_1E-6

Parsing model file "../../../../CZK_project/Model/queue_withptf_ctmc.sm"...

Type:        CTMC
Modules:     main trigger 
Variables:   qSize i 

---------------------------------------------------------------------

Computing steady-state probabilities...

Building model...
Model constants: k=1300,timeout=0.02,lambda=34.65735905

Computing reachable states...

Reachability (BFS): 13001 iterations in 0.32 seconds (average 0.000025, setup 0.00)

Time for model construction: 0.485 seconds.

Type:        CTMC
States:      13001 (1 initial)
Transitions: 24701

Rate matrix: 187 nodes (3 terminal), 24701 minterms, vars: 15r/15c

SCCs: 1, BSCCs: 1, non-BSCC states: 0
BSCC sizes: 1:13001

Initial states all in one BSCC (so no reachability probabilities computed)

Computing probabilities...
Engine: Hybrid

Building power method iteration matrix MTBDD... [nodes=268] [5.2 Kb]
Building hybrid MTBDD matrix... [levels=15, nodes=317] [14.9 KB]
Adding explicit sparse matrices... [levels=15, num=1, compact] [160.0 KB]
Allocating iteration vectors... [2 x 101.6 KB]
TOTAL: [378.0 KB]

Starting iterations...

Power method: 38139 iterations in 4.94 seconds (average 0.000129, setup 0.00)

Printing steady-state probabilities in plain text format to file "../../../../CZK_project/Output/t=0.02_median/hybrid/ph_10_1300_1E-6"...

Time for steady-state probability computation: 5.356 seconds.

