PRISM
=====

Version: 4.4.GSMP
Date: Tue May 29 10:54:43 CEST 2018
Hostname: thomas
Memory limits: cudd=1g, java(heap)=910.5m
Command line: prism -hybrid -epsilon 1E-6 -maxiters 100000000 -power -absolute -const 'k=34000,timeout=0.02,lambda=34.6573590500' ../../../../CZK_project/Model/queue_withptf_ctmc.sm -ss -exportss ../../../../CZK_project/Output/t=0.02_median/hybrid/ph_10_34000_1E-6

Parsing model file "../../../../CZK_project/Model/queue_withptf_ctmc.sm"...

Type:        CTMC
Modules:     main trigger 
Variables:   qSize i 

---------------------------------------------------------------------

Computing steady-state probabilities...

Building model...
Model constants: k=34000,timeout=0.02,lambda=34.65735905

Computing reachable states...

Reachability (BFS): 340001 iterations in 15.68 seconds (average 0.000046, setup 0.00)

Time for model construction: 72.076 seconds.

Type:        CTMC
States:      340001 (1 initial)
Transitions: 646001

Rate matrix: 255 nodes (3 terminal), 646001 minterms, vars: 20r/20c

SCCs: 1, BSCCs: 1, non-BSCC states: 0
BSCC sizes: 1:340001

Initial states all in one BSCC (so no reachability probabilities computed)

Computing probabilities...
Engine: Hybrid

Building power method iteration matrix MTBDD... [nodes=367] [7.2 Kb]
Building hybrid MTBDD matrix... [levels=20, nodes=435] [20.4 KB]
Adding explicit sparse matrices... [levels=16, num=7, compact] [830.1 KB]
Allocating iteration vectors... [2 x 2.6 MB]
TOTAL: [6.0 MB]

Starting iterations...
Iteration 1259: max diff=0.000003, 5.00 sec so far
Iteration 2522: max diff=0.000003, 10.01 sec so far
Iteration 3787: max diff=0.000002, 15.01 sec so far
Iteration 5043: max diff=0.000002, 20.02 sec so far
Iteration 6299: max diff=0.000002, 25.02 sec so far
Iteration 7558: max diff=0.000002, 30.02 sec so far
Iteration 8822: max diff=0.000002, 35.03 sec so far
Iteration 10083: max diff=0.000002, 40.03 sec so far
Iteration 11344: max diff=0.000002, 45.04 sec so far
Iteration 12604: max diff=0.000002, 50.04 sec so far
Iteration 13867: max diff=0.000002, 55.04 sec so far
Iteration 15128: max diff=0.000001, 60.05 sec so far
Iteration 16381: max diff=0.000001, 65.05 sec so far
Iteration 17639: max diff=0.000001, 70.06 sec so far
Iteration 18901: max diff=0.000001, 75.06 sec so far
Iteration 20157: max diff=0.000001, 80.06 sec so far
Iteration 21399: max diff=0.000001, 85.07 sec so far
Iteration 22657: max diff=0.000001, 90.08 sec so far

Power method: 22663 iterations in 90.10 seconds (average 0.003975, setup 0.01)

Printing steady-state probabilities in plain text format to file "../../../../CZK_project/Output/t=0.02_median/hybrid/ph_10_34000_1E-6"...

Time for steady-state probability computation: 107.659 seconds.

