PRISM
=====

Version: 4.4.GSMP
Date: Tue May 29 10:15:14 CEST 2018
Hostname: thomas
Memory limits: cudd=1g, java(heap)=910.5m
Command line: prism -hybrid -epsilon 1E-6 -maxiters 100000000 -power -absolute -const 'k=11000,timeout=0.02,lambda=34.6573590500' ../../../../CZK_project/Model/queue_withptf_ctmc.sm -ss -exportss ../../../../CZK_project/Output/t=0.02_median/hybrid/ph_10_11000_1E-6

Parsing model file "../../../../CZK_project/Model/queue_withptf_ctmc.sm"...

Type:        CTMC
Modules:     main trigger 
Variables:   qSize i 

---------------------------------------------------------------------

Computing steady-state probabilities...

Building model...
Model constants: k=11000,timeout=0.02,lambda=34.65735905

Computing reachable states...

Reachability (BFS): 110001 iterations in 3.93 seconds (average 0.000036, setup 0.00)

Time for model construction: 10.178 seconds.

Type:        CTMC
States:      110001 (1 initial)
Transitions: 209001

Rate matrix: 229 nodes (3 terminal), 209001 minterms, vars: 18r/18c

SCCs: 1, BSCCs: 1, non-BSCC states: 0
BSCC sizes: 1:110001

Initial states all in one BSCC (so no reachability probabilities computed)

Computing probabilities...
Engine: Hybrid

Building power method iteration matrix MTBDD... [nodes=329] [6.4 Kb]
Building hybrid MTBDD matrix... [levels=18, nodes=400] [18.8 KB]
Adding explicit sparse matrices... [levels=15, num=7, compact] [580.1 KB]
Allocating iteration vectors... [2 x 859.4 KB]
TOTAL: [2.3 MB]

Starting iterations...
Iteration 3801: max diff=0.000005, 5.00 sec so far
Iteration 7632: max diff=0.000003, 10.01 sec so far
Iteration 11452: max diff=0.000001, 15.01 sec so far
Iteration 15252: max diff=0.000002, 20.02 sec so far
Iteration 19000: max diff=0.000002, 25.02 sec so far
Iteration 22792: max diff=0.000001, 30.02 sec so far
Iteration 26590: max diff=0.000001, 35.03 sec so far
Iteration 30432: max diff=0.000001, 40.03 sec so far
Iteration 34263: max diff=0.000001, 45.04 sec so far
Iteration 38079: max diff=0.000001, 50.04 sec so far
Iteration 41945: max diff=0.000001, 55.04 sec so far
Iteration 45777: max diff=0.000001, 60.05 sec so far
Iteration 49597: max diff=0.000001, 65.05 sec so far
Iteration 53380: max diff=0.000001, 70.06 sec so far

Power method: 54782 iterations in 71.93 seconds (average 0.001313, setup 0.00)

Printing steady-state probabilities in plain text format to file "../../../../CZK_project/Output/t=0.02_median/hybrid/ph_10_11000_1E-6"...

Time for steady-state probability computation: 76.672 seconds.

