PRISM
=====

Version: 4.4.GSMP
Date: Tue May 29 09:54:59 CEST 2018
Hostname: thomas
Memory limits: cudd=1g, java(heap)=910.5m
Command line: prism -hybrid -epsilon 1E-6 -maxiters 100000000 -power -absolute -const 'k=3400,timeout=0.02,lambda=34.6573590500' ../../../../CZK_project/Model/queue_withptf_ctmc.sm -ss -exportss ../../../../CZK_project/Output/t=0.02_median/hybrid/ph_10_3400_1E-6

Parsing model file "../../../../CZK_project/Model/queue_withptf_ctmc.sm"...

Type:        CTMC
Modules:     main trigger 
Variables:   qSize i 

---------------------------------------------------------------------

Computing steady-state probabilities...

Building model...
Model constants: k=3400,timeout=0.02,lambda=34.65735905

Computing reachable states...

Reachability (BFS): 34001 iterations in 0.86 seconds (average 0.000025, setup 0.00)

Time for model construction: 1.572 seconds.

Type:        CTMC
States:      34001 (1 initial)
Transitions: 64601

Rate matrix: 197 nodes (3 terminal), 64601 minterms, vars: 16r/16c

SCCs: 1, BSCCs: 1, non-BSCC states: 0
BSCC sizes: 1:34001

Initial states all in one BSCC (so no reachability probabilities computed)

Computing probabilities...
Engine: Hybrid

Building power method iteration matrix MTBDD... [nodes=283] [5.5 Kb]
Building hybrid MTBDD matrix... [levels=16, nodes=337] [15.8 KB]
Adding explicit sparse matrices... [levels=16, num=1, compact] [418.4 KB]
Allocating iteration vectors... [2 x 265.6 KB]
TOTAL: [965.5 KB]

Starting iterations...
Iteration 15087: max diff=0.000003, 5.00 sec so far
Iteration 30343: max diff=0.000003, 10.01 sec so far
Iteration 45534: max diff=0.000003, 15.01 sec so far
Iteration 61127: max diff=0.000003, 20.02 sec so far

Power method: 75610 iterations in 24.69 seconds (average 0.000327, setup 0.00)

Printing steady-state probabilities in plain text format to file "../../../../CZK_project/Output/t=0.02_median/hybrid/ph_10_3400_1E-6"...

Time for steady-state probability computation: 25.883 seconds.

