PRISM
=====

Version: 4.4.GSMP
Date: Tue May 29 09:51:42 CEST 2018
Hostname: thomas
Memory limits: cudd=1g, java(heap)=910.5m
Command line: prism -hybrid -epsilon 1E-6 -maxiters 100000000 -power -absolute -const 'k=2500,timeout=0.02,lambda=34.6573590500' ../../../../CZK_project/Model/queue_withptf_ctmc.sm -ss -exportss ../../../../CZK_project/Output/t=0.02_median/hybrid/ph_10_2500_1E-6

Parsing model file "../../../../CZK_project/Model/queue_withptf_ctmc.sm"...

Type:        CTMC
Modules:     main trigger 
Variables:   qSize i 

---------------------------------------------------------------------

Computing steady-state probabilities...

Building model...
Model constants: k=2500,timeout=0.02,lambda=34.65735905

Computing reachable states...

Reachability (BFS): 25001 iterations in 0.61 seconds (average 0.000024, setup 0.00)

Time for model construction: 1.022 seconds.

Type:        CTMC
States:      25001 (1 initial)
Transitions: 47501

Rate matrix: 203 nodes (3 terminal), 47501 minterms, vars: 16r/16c

SCCs: 1, BSCCs: 1, non-BSCC states: 0
BSCC sizes: 1:25001

Initial states all in one BSCC (so no reachability probabilities computed)

Computing probabilities...
Engine: Hybrid

Building power method iteration matrix MTBDD... [nodes=291] [5.7 Kb]
Building hybrid MTBDD matrix... [levels=16, nodes=347] [16.3 KB]
Adding explicit sparse matrices... [levels=16, num=1, compact] [307.7 KB]
Allocating iteration vectors... [2 x 195.3 KB]
TOTAL: [714.6 KB]

Starting iterations...
Iteration 20721: max diff=0.000004, 5.00 sec so far
Iteration 40585: max diff=0.000003, 10.01 sec so far

Power method: 60669 iterations in 14.82 seconds (average 0.000244, setup 0.00)

Printing steady-state probabilities in plain text format to file "../../../../CZK_project/Output/t=0.02_median/hybrid/ph_10_2500_1E-6"...

Time for steady-state probability computation: 15.656 seconds.

