PRISM
=====

Version: 4.4.GSMP
Date: Tue May 29 10:37:15 CEST 2018
Hostname: thomas
Memory limits: cudd=1g, java(heap)=910.5m
Command line: prism -hybrid -epsilon 1E-6 -maxiters 100000000 -power -absolute -const 'k=27000,timeout=0.02,lambda=34.6573590500' ../../../../CZK_project/Model/queue_withptf_ctmc.sm -ss -exportss ../../../../CZK_project/Output/t=0.02_median/hybrid/ph_10_27000_1E-6

Parsing model file "../../../../CZK_project/Model/queue_withptf_ctmc.sm"...

Type:        CTMC
Modules:     main trigger 
Variables:   qSize i 

---------------------------------------------------------------------

Computing steady-state probabilities...

Building model...
Model constants: k=27000,timeout=0.02,lambda=34.65735905

Computing reachable states...

Reachability (BFS): 270001 iterations in 11.10 seconds (average 0.000041, setup 0.00)

Time for model construction: 46.351 seconds.

Type:        CTMC
States:      270001 (1 initial)
Transitions: 513001

Rate matrix: 245 nodes (3 terminal), 513001 minterms, vars: 19r/19c

SCCs: 1, BSCCs: 1, non-BSCC states: 0
BSCC sizes: 1:270001

Initial states all in one BSCC (so no reachability probabilities computed)

Computing probabilities...
Engine: Hybrid

Building power method iteration matrix MTBDD... [nodes=352] [6.9 Kb]
Building hybrid MTBDD matrix... [levels=19, nodes=427] [20.0 KB]
Adding explicit sparse matrices... [levels=15, num=7, compact] [659.2 KB]
Allocating iteration vectors... [2 x 2.1 MB]
TOTAL: [4.8 MB]

Starting iterations...
Iteration 1600: max diff=0.000003, 5.00 sec so far
Iteration 3208: max diff=0.000003, 10.01 sec so far
Iteration 4813: max diff=0.000003, 15.01 sec so far
Iteration 6416: max diff=0.000003, 20.02 sec so far
Iteration 8019: max diff=0.000002, 25.02 sec so far
Iteration 9624: max diff=0.000002, 30.02 sec so far
Iteration 11227: max diff=0.000002, 35.03 sec so far
Iteration 12830: max diff=0.000002, 40.03 sec so far
Iteration 14428: max diff=0.000002, 45.04 sec so far
Iteration 16031: max diff=0.000001, 50.04 sec so far
Iteration 17636: max diff=0.000001, 55.04 sec so far
Iteration 19241: max diff=0.000001, 60.05 sec so far
Iteration 20847: max diff=0.000001, 65.05 sec so far

Power method: 21033 iterations in 65.64 seconds (average 0.003120, setup 0.00)

Printing steady-state probabilities in plain text format to file "../../../../CZK_project/Output/t=0.02_median/hybrid/ph_10_27000_1E-6"...

Time for steady-state probability computation: 77.595 seconds.

