PRISM
=====

Version: 4.4.GSMP
Date: Tue May 29 09:59:20 CEST 2018
Hostname: thomas
Memory limits: cudd=1g, java(heap)=910.5m
Command line: prism -hybrid -epsilon 1E-6 -maxiters 100000000 -power -absolute -const 'k=4200,timeout=0.02,lambda=34.6573590500' ../../../../CZK_project/Model/queue_withptf_ctmc.sm -ss -exportss ../../../../CZK_project/Output/t=0.02_median/hybrid/ph_10_4200_1E-6

Parsing model file "../../../../CZK_project/Model/queue_withptf_ctmc.sm"...

Type:        CTMC
Modules:     main trigger 
Variables:   qSize i 

---------------------------------------------------------------------

Computing steady-state probabilities...

Building model...
Model constants: k=4200,timeout=0.02,lambda=34.65735905

Computing reachable states...

Reachability (BFS): 42001 iterations in 1.20 seconds (average 0.000028, setup 0.00)

Time for model construction: 2.207 seconds.

Type:        CTMC
States:      42001 (1 initial)
Transitions: 79801

Rate matrix: 213 nodes (3 terminal), 79801 minterms, vars: 17r/17c

SCCs: 1, BSCCs: 1, non-BSCC states: 0
BSCC sizes: 1:42001

Initial states all in one BSCC (so no reachability probabilities computed)

Computing probabilities...
Engine: Hybrid

Building power method iteration matrix MTBDD... [nodes=306] [6.0 Kb]
Building hybrid MTBDD matrix... [levels=17, nodes=361] [16.9 KB]
Adding explicit sparse matrices... [levels=17, num=1, compact] [516.8 KB]
Allocating iteration vectors... [2 x 328.1 KB]
TOTAL: [1.2 MB]

Starting iterations...
Iteration 12467: max diff=0.000003, 5.00 sec so far
Iteration 24972: max diff=0.000003, 10.01 sec so far
Iteration 37413: max diff=0.000002, 15.01 sec so far
Iteration 49856: max diff=0.000002, 20.02 sec so far
Iteration 62407: max diff=0.000002, 25.02 sec so far
Iteration 74840: max diff=0.000002, 30.02 sec so far

Power method: 84910 iterations in 34.09 seconds (average 0.000401, setup 0.00)

Printing steady-state probabilities in plain text format to file "../../../../CZK_project/Output/t=0.02_median/hybrid/ph_10_4200_1E-6"...

Time for steady-state probability computation: 35.669 seconds.

