PRISM
=====

Version: 4.4.GSMP
Date: Tue May 29 11:35:56 CEST 2018
Hostname: thomas
Memory limits: cudd=1g, java(heap)=910.5m
Command line: prism -hybrid -epsilon 1E-6 -maxiters 100000000 -power -absolute -const 'k=44000,timeout=0.02,lambda=34.6573590500' ../../../../CZK_project/Model/queue_withptf_ctmc.sm -ss -exportss ../../../../CZK_project/Output/t=0.02_median/hybrid/ph_10_44000_1E-6

Parsing model file "../../../../CZK_project/Model/queue_withptf_ctmc.sm"...

Type:        CTMC
Modules:     main trigger 
Variables:   qSize i 

---------------------------------------------------------------------

Computing steady-state probabilities...

Building model...
Model constants: k=44000,timeout=0.02,lambda=34.65735905

Computing reachable states...

Reachability (BFS): 440001 iterations in 21.45 seconds (average 0.000049, setup 0.00)

Time for model construction: 133.237 seconds.

Type:        CTMC
States:      440001 (1 initial)
Transitions: 836001

Rate matrix: 249 nodes (3 terminal), 836001 minterms, vars: 20r/20c

SCCs: 1, BSCCs: 1, non-BSCC states: 0
BSCC sizes: 1:440001

Initial states all in one BSCC (so no reachability probabilities computed)

Computing probabilities...
Engine: Hybrid

Building power method iteration matrix MTBDD... [nodes=359] [7.0 Kb]
Building hybrid MTBDD matrix... [levels=20, nodes=434] [20.3 KB]
Adding explicit sparse matrices... [levels=14, num=12, compact] [679.3 KB]
Allocating iteration vectors... [2 x 3.4 MB]
TOTAL: [7.4 MB]

Starting iterations...
Iteration 870: max diff=0.000002, 5.00 sec so far
Iteration 1739: max diff=0.000002, 10.01 sec so far
Iteration 2605: max diff=0.000002, 15.01 sec so far
Iteration 3469: max diff=0.000002, 20.02 sec so far
Iteration 4338: max diff=0.000002, 25.02 sec so far
Iteration 5203: max diff=0.000002, 30.02 sec so far
Iteration 6070: max diff=0.000002, 35.03 sec so far
Iteration 6934: max diff=0.000002, 40.03 sec so far
Iteration 7804: max diff=0.000002, 45.04 sec so far
Iteration 8674: max diff=0.000002, 50.04 sec so far
Iteration 9542: max diff=0.000002, 55.04 sec so far
Iteration 10411: max diff=0.000002, 60.05 sec so far
Iteration 11279: max diff=0.000002, 65.06 sec so far
Iteration 12145: max diff=0.000002, 70.06 sec so far
Iteration 13013: max diff=0.000001, 75.06 sec so far
Iteration 13881: max diff=0.000001, 80.07 sec so far
Iteration 14751: max diff=0.000001, 85.08 sec so far
Iteration 15621: max diff=0.000001, 90.08 sec so far
Iteration 16484: max diff=0.000001, 95.09 sec so far
Iteration 17348: max diff=0.000001, 100.09 sec so far
Iteration 18212: max diff=0.000001, 105.10 sec so far
Iteration 19076: max diff=0.000001, 110.10 sec so far
Iteration 19946: max diff=0.000001, 115.11 sec so far
Iteration 20814: max diff=0.000001, 120.11 sec so far
Iteration 21684: max diff=0.000001, 125.12 sec so far
Iteration 22552: max diff=0.000001, 130.12 sec so far

Power method: 23200 iterations in 133.86 seconds (average 0.005769, setup 0.01)

Printing steady-state probabilities in plain text format to file "../../../../CZK_project/Output/t=0.02_median/hybrid/ph_10_44000_1E-6"...

Time for steady-state probability computation: 156.442 seconds.

