PRISM
=====

Version: 4.4.GSMP
Date: Tue May 29 09:49:47 CEST 2018
Hostname: thomas
Memory limits: cudd=1g, java(heap)=910.5m
Command line: prism -hybrid -epsilon 1E-6 -maxiters 100000000 -power -absolute -const 'k=1100,timeout=0.02,lambda=34.6573590500' ../../../../CZK_project/Model/queue_withptf_ctmc.sm -ss -exportss ../../../../CZK_project/Output/t=0.02_median/hybrid/ph_10_1100_1E-6

Parsing model file "../../../../CZK_project/Model/queue_withptf_ctmc.sm"...

Type:        CTMC
Modules:     main trigger 
Variables:   qSize i 

---------------------------------------------------------------------

Computing steady-state probabilities...

Building model...
Model constants: k=1100,timeout=0.02,lambda=34.65735905

Computing reachable states...

Reachability (BFS): 11001 iterations in 0.20 seconds (average 0.000018, setup 0.00)

Time for model construction: 0.304 seconds.

Type:        CTMC
States:      11001 (1 initial)
Transitions: 20901

Rate matrix: 187 nodes (3 terminal), 20901 minterms, vars: 15r/15c

SCCs: 1, BSCCs: 1, non-BSCC states: 0
BSCC sizes: 1:11001

Initial states all in one BSCC (so no reachability probabilities computed)

Computing probabilities...
Engine: Hybrid

Building power method iteration matrix MTBDD... [nodes=268] [5.2 Kb]
Building hybrid MTBDD matrix... [levels=15, nodes=317] [14.9 KB]
Adding explicit sparse matrices... [levels=15, num=1, compact] [135.4 KB]
Allocating iteration vectors... [2 x 85.9 KB]
TOTAL: [322.1 KB]

Starting iterations...

Power method: 33397 iterations in 3.24 seconds (average 0.000097, setup 0.00)

Printing steady-state probabilities in plain text format to file "../../../../CZK_project/Output/t=0.02_median/hybrid/ph_10_1100_1E-6"...

Time for steady-state probability computation: 3.568 seconds.

