PRISM
=====

Version: 4.4.GSMP
Date: Tue May 29 11:05:20 CEST 2018
Hostname: thomas
Memory limits: cudd=1g, java(heap)=910.5m
Command line: prism -hybrid -epsilon 1E-6 -maxiters 100000000 -power -absolute -const 'k=37000,timeout=0.02,lambda=34.6573590500' ../../../../CZK_project/Model/queue_withptf_ctmc.sm -ss -exportss ../../../../CZK_project/Output/t=0.02_median/hybrid/ph_10_37000_1E-6

Parsing model file "../../../../CZK_project/Model/queue_withptf_ctmc.sm"...

Type:        CTMC
Modules:     main trigger 
Variables:   qSize i 

---------------------------------------------------------------------

Computing steady-state probabilities...

Building model...
Model constants: k=37000,timeout=0.02,lambda=34.65735905

Computing reachable states...

Reachability (BFS): 370001 iterations in 16.96 seconds (average 0.000046, setup 0.00)

Time for model construction: 87.725 seconds.

Type:        CTMC
States:      370001 (1 initial)
Transitions: 703001

Rate matrix: 261 nodes (3 terminal), 703001 minterms, vars: 20r/20c

SCCs: 1, BSCCs: 1, non-BSCC states: 0
BSCC sizes: 1:370001

Initial states all in one BSCC (so no reachability probabilities computed)

Computing probabilities...
Engine: Hybrid

Building power method iteration matrix MTBDD... [nodes=375] [7.3 Kb]
Building hybrid MTBDD matrix... [levels=20, nodes=442] [20.7 KB]
Adding explicit sparse matrices... [levels=16, num=7, compact] [903.4 KB]
Allocating iteration vectors... [2 x 2.8 MB]
TOTAL: [6.5 MB]

Starting iterations...
Iteration 1100: max diff=0.000003, 5.00 sec so far
Iteration 2212: max diff=0.000002, 10.01 sec so far
Iteration 3317: max diff=0.000002, 15.02 sec so far
Iteration 4346: max diff=0.000002, 20.02 sec so far
Iteration 5453: max diff=0.000002, 25.02 sec so far
Iteration 6590: max diff=0.000002, 30.03 sec so far
Iteration 7719: max diff=0.000002, 35.03 sec so far
Iteration 8840: max diff=0.000002, 40.04 sec so far
Iteration 9954: max diff=0.000002, 45.04 sec so far
Iteration 11078: max diff=0.000002, 50.05 sec so far
Iteration 12160: max diff=0.000002, 55.06 sec so far
Iteration 13298: max diff=0.000002, 60.06 sec so far
Iteration 14424: max diff=0.000001, 65.06 sec so far
Iteration 15532: max diff=0.000001, 70.07 sec so far
Iteration 16629: max diff=0.000001, 75.07 sec so far
Iteration 17756: max diff=0.000001, 80.08 sec so far
Iteration 18900: max diff=0.000001, 85.08 sec so far
Iteration 20012: max diff=0.000001, 90.08 sec so far
Iteration 21139: max diff=0.000001, 95.09 sec so far
Iteration 22276: max diff=0.000001, 100.09 sec so far

Power method: 23030 iterations in 103.45 seconds (average 0.004491, setup 0.01)

Printing steady-state probabilities in plain text format to file "../../../../CZK_project/Output/t=0.02_median/hybrid/ph_10_37000_1E-6"...

Time for steady-state probability computation: 121.679 seconds.

