PRISM
=====

Version: 4.4.GSMP
Date: Tue May 29 09:50:25 CEST 2018
Hostname: thomas
Memory limits: cudd=1g, java(heap)=910.5m
Command line: prism -hybrid -epsilon 1E-6 -maxiters 100000000 -power -absolute -const 'k=1700,timeout=0.02,lambda=34.6573590500' ../../../../CZK_project/Model/queue_withptf_ctmc.sm -ss -exportss ../../../../CZK_project/Output/t=0.02_median/hybrid/ph_10_1700_1E-6

Parsing model file "../../../../CZK_project/Model/queue_withptf_ctmc.sm"...

Type:        CTMC
Modules:     main trigger 
Variables:   qSize i 

---------------------------------------------------------------------

Computing steady-state probabilities...

Building model...
Model constants: k=1700,timeout=0.02,lambda=34.65735905

Computing reachable states...

Reachability (BFS): 17001 iterations in 0.33 seconds (average 0.000020, setup 0.00)

Time for model construction: 0.524 seconds.

Type:        CTMC
States:      17001 (1 initial)
Transitions: 32301

Rate matrix: 187 nodes (3 terminal), 32301 minterms, vars: 15r/15c

SCCs: 1, BSCCs: 1, non-BSCC states: 0
BSCC sizes: 1:17001

Initial states all in one BSCC (so no reachability probabilities computed)

Computing probabilities...
Engine: Hybrid

Building power method iteration matrix MTBDD... [nodes=268] [5.2 Kb]
Building hybrid MTBDD matrix... [levels=15, nodes=320] [15.0 KB]
Adding explicit sparse matrices... [levels=15, num=1, compact] [209.2 KB]
Allocating iteration vectors... [2 x 132.8 KB]
TOTAL: [489.9 KB]

Starting iterations...
Iteration 30499: max diff=0.000005, 5.00 sec so far

Power method: 46423 iterations in 7.62 seconds (average 0.000164, setup 0.00)

Printing steady-state probabilities in plain text format to file "../../../../CZK_project/Output/t=0.02_median/hybrid/ph_10_1700_1E-6"...

Time for steady-state probability computation: 8.117 seconds.

