PRISM
=====

Version: 4.4.GSMP
Date: Tue May 29 10:13:01 CEST 2018
Hostname: thomas
Memory limits: cudd=1g, java(heap)=910.5m
Command line: prism -hybrid -epsilon 1E-6 -maxiters 100000000 -power -absolute -const 'k=10000,timeout=0.02,lambda=34.6573590500' ../../../../CZK_project/Model/queue_withptf_ctmc.sm -ss -exportss ../../../../CZK_project/Output/t=0.02_median/hybrid/ph_10_10000_1E-6

Parsing model file "../../../../CZK_project/Model/queue_withptf_ctmc.sm"...

Type:        CTMC
Modules:     main trigger 
Variables:   qSize i 

---------------------------------------------------------------------

Computing steady-state probabilities...

Building model...
Model constants: k=10000,timeout=0.02,lambda=34.65735905

Computing reachable states...

Reachability (BFS): 100001 iterations in 3.61 seconds (average 0.000036, setup 0.00)

Time for model construction: 9.026 seconds.

Type:        CTMC
States:      100001 (1 initial)
Transitions: 190001

Rate matrix: 223 nodes (3 terminal), 190001 minterms, vars: 18r/18c

SCCs: 1, BSCCs: 1, non-BSCC states: 0
BSCC sizes: 1:100001

Initial states all in one BSCC (so no reachability probabilities computed)

Computing probabilities...
Engine: Hybrid

Building power method iteration matrix MTBDD... [nodes=321] [6.3 Kb]
Building hybrid MTBDD matrix... [levels=18, nodes=381] [17.9 KB]
Adding explicit sparse matrices... [levels=15, num=7, compact] [527.4 KB]
Allocating iteration vectors... [2 x 781.3 KB]
TOTAL: [2.1 MB]

Starting iterations...
Iteration 4156: max diff=0.000005, 5.00 sec so far
Iteration 8375: max diff=0.000002, 10.01 sec so far
Iteration 12546: max diff=0.000002, 15.01 sec so far
Iteration 16772: max diff=0.000002, 20.02 sec so far
Iteration 21036: max diff=0.000001, 25.02 sec so far
Iteration 25305: max diff=0.000001, 30.02 sec so far
Iteration 29560: max diff=0.000001, 35.03 sec so far
Iteration 33818: max diff=0.000001, 40.03 sec so far
Iteration 38073: max diff=0.000001, 45.04 sec so far
Iteration 42306: max diff=0.000001, 50.04 sec so far
Iteration 46471: max diff=0.000001, 55.04 sec so far
Iteration 50662: max diff=0.000001, 60.05 sec so far
Iteration 54842: max diff=0.000001, 65.05 sec so far
Iteration 59101: max diff=0.000001, 70.06 sec so far
Iteration 63375: max diff=0.000001, 75.06 sec so far
Iteration 67623: max diff=0.000001, 80.06 sec so far
Iteration 71857: max diff=0.000001, 85.07 sec so far
Iteration 76115: max diff=0.000001, 90.07 sec so far
Iteration 80307: max diff=0.000001, 95.08 sec so far
Iteration 84437: max diff=0.000001, 100.08 sec so far
Iteration 88456: max diff=0.000001, 105.08 sec so far
Iteration 92537: max diff=0.000001, 110.09 sec so far
Iteration 96751: max diff=0.000001, 115.09 sec so far

Power method: 100936 iterations in 120.06 seconds (average 0.001189, setup 0.01)

Printing steady-state probabilities in plain text format to file "../../../../CZK_project/Output/t=0.02_median/hybrid/ph_10_10000_1E-6"...

Time for steady-state probability computation: 124.314 seconds.

