PRISM
=====

Version: 4.4.GSMP
Date: Tue May 29 09:49:16 CEST 2018
Hostname: thomas
Memory limits: cudd=1g, java(heap)=910.5m
Command line: prism -hybrid -epsilon 1E-6 -maxiters 100000000 -power -absolute -const 'k=55,timeout=0.02,lambda=34.6573590500' ../../../../CZK_project/Model/queue_withptf_ctmc.sm -ss -exportss ../../../../CZK_project/Output/t=0.02_median/hybrid/ph_10_55_1E-6

Parsing model file "../../../../CZK_project/Model/queue_withptf_ctmc.sm"...

Type:        CTMC
Modules:     main trigger 
Variables:   qSize i 

---------------------------------------------------------------------

Computing steady-state probabilities...

Building model...
Model constants: k=55,timeout=0.02,lambda=34.65735905

Computing reachable states...

Reachability (BFS): 551 iterations in 0.00 seconds (average 0.000007, setup 0.00)

Time for model construction: 0.017 seconds.

Type:        CTMC
States:      551 (1 initial)
Transitions: 1046

Rate matrix: 115 nodes (3 terminal), 1046 minterms, vars: 10r/10c

SCCs: 1, BSCCs: 1, non-BSCC states: 0
BSCC sizes: 1:551

Initial states all in one BSCC (so no reachability probabilities computed)

Computing probabilities...
Engine: Hybrid

Building power method iteration matrix MTBDD... [nodes=168] [3.3 Kb]
Building hybrid MTBDD matrix... [levels=10, nodes=204] [9.6 KB]
Adding explicit sparse matrices... [levels=10, num=1, compact] [6.8 KB]
Allocating iteration vectors... [2 x 4.3 KB]
TOTAL: [25.0 KB]

Starting iterations...

Power method: 3170 iterations in 0.02 seconds (average 0.000005, setup 0.00)

Printing steady-state probabilities in plain text format to file "../../../../CZK_project/Output/t=0.02_median/hybrid/ph_10_55_1E-6"...

Time for steady-state probability computation: 0.037 seconds.

