PRISM
=====

Version: 4.4.GSMP
Date: Tue May 29 09:49:10 CEST 2018
Hostname: thomas
Memory limits: cudd=1g, java(heap)=910.5m
Command line: prism -hybrid -epsilon 1E-6 -maxiters 100000000 -power -absolute -const 'k=30,timeout=0.02,lambda=34.6573590500' ../../../../CZK_project/Model/queue_withptf_ctmc.sm -ss -exportss ../../../../CZK_project/Output/t=0.02_median/hybrid/ph_10_30_1E-6

Parsing model file "../../../../CZK_project/Model/queue_withptf_ctmc.sm"...

Type:        CTMC
Modules:     main trigger 
Variables:   qSize i 

---------------------------------------------------------------------

Computing steady-state probabilities...

Building model...
Model constants: k=30,timeout=0.02,lambda=34.65735905

Computing reachable states...

Reachability (BFS): 301 iterations in 0.00 seconds (average 0.000000, setup 0.00)

Time for model construction: 0.014 seconds.

Type:        CTMC
States:      301 (1 initial)
Transitions: 571

Rate matrix: 97 nodes (3 terminal), 571 minterms, vars: 9r/9c

SCCs: 1, BSCCs: 1, non-BSCC states: 0
BSCC sizes: 1:301

Initial states all in one BSCC (so no reachability probabilities computed)

Computing probabilities...
Engine: Hybrid

Building power method iteration matrix MTBDD... [nodes=138] [2.7 Kb]
Building hybrid MTBDD matrix... [levels=9, nodes=165] [7.7 KB]
Adding explicit sparse matrices... [levels=9, num=1, compact] [3.7 KB]
Allocating iteration vectors... [2 x 2.4 KB]
TOTAL: [16.2 KB]

Starting iterations...

Power method: 1972 iterations in 0.01 seconds (average 0.000004, setup 0.00)

Printing steady-state probabilities in plain text format to file "../../../../CZK_project/Output/t=0.02_median/hybrid/ph_10_30_1E-6"...

Time for steady-state probability computation: 0.02 seconds.

