PRISM
=====

Version: 4.4.GSMP
Date: Tue May 29 09:50:17 CEST 2018
Hostname: thomas
Memory limits: cudd=1g, java(heap)=910.5m
Command line: prism -hybrid -epsilon 1E-6 -maxiters 100000000 -power -absolute -const 'k=1600,timeout=0.02,lambda=34.6573590500' ../../../../CZK_project/Model/queue_withptf_ctmc.sm -ss -exportss ../../../../CZK_project/Output/t=0.02_median/hybrid/ph_10_1600_1E-6

Parsing model file "../../../../CZK_project/Model/queue_withptf_ctmc.sm"...

Type:        CTMC
Modules:     main trigger 
Variables:   qSize i 

---------------------------------------------------------------------

Computing steady-state probabilities...

Building model...
Model constants: k=1600,timeout=0.02,lambda=34.65735905

Computing reachable states...

Reachability (BFS): 16001 iterations in 0.29 seconds (average 0.000018, setup 0.00)

Time for model construction: 0.472 seconds.

Type:        CTMC
States:      16001 (1 initial)
Transitions: 30401

Rate matrix: 163 nodes (3 terminal), 30401 minterms, vars: 15r/15c

SCCs: 1, BSCCs: 1, non-BSCC states: 0
BSCC sizes: 1:16001

Initial states all in one BSCC (so no reachability probabilities computed)

Computing probabilities...
Engine: Hybrid

Building power method iteration matrix MTBDD... [nodes=236] [4.6 Kb]
Building hybrid MTBDD matrix... [levels=15, nodes=274] [12.8 KB]
Adding explicit sparse matrices... [levels=15, num=1, compact] [196.9 KB]
Allocating iteration vectors... [2 x 125.0 KB]
TOTAL: [459.8 KB]

Starting iterations...
Iteration 34216: max diff=0.000003, 5.00 sec so far

Power method: 45304 iterations in 6.65 seconds (average 0.000147, setup 0.00)

Printing steady-state probabilities in plain text format to file "../../../../CZK_project/Output/t=0.02_median/hybrid/ph_10_1600_1E-6"...

Time for steady-state probability computation: 7.173 seconds.

