PRISM
=====

Version: 4.4.GSMP
Date: Tue May 29 11:56:44 CEST 2018
Hostname: thomas
Memory limits: cudd=1g, java(heap)=910.5m
Command line: prism -hybrid -epsilon 1E-6 -maxiters 100000000 -power -absolute -const 'k=48000,timeout=0.02,lambda=34.6573590500' ../../../../CZK_project/Model/queue_withptf_ctmc.sm -ss -exportss ../../../../CZK_project/Output/t=0.02_median/hybrid/ph_10_48000_1E-6

Parsing model file "../../../../CZK_project/Model/queue_withptf_ctmc.sm"...

Type:        CTMC
Modules:     main trigger 
Variables:   qSize i 

---------------------------------------------------------------------

Computing steady-state probabilities...

Building model...
Model constants: k=48000,timeout=0.02,lambda=34.65735905

Computing reachable states...

Reachability (BFS): 480001 iterations in 20.62 seconds (average 0.000043, setup 0.00)

Time for model construction: 176.973 seconds.

Type:        CTMC
States:      480001 (1 initial)
Transitions: 912001

Rate matrix: 237 nodes (3 terminal), 912001 minterms, vars: 20r/20c

SCCs: 1, BSCCs: 1, non-BSCC states: 0
BSCC sizes: 1:480001

Initial states all in one BSCC (so no reachability probabilities computed)

Computing probabilities...
Engine: Hybrid

Building power method iteration matrix MTBDD... [nodes=343] [6.7 Kb]
Building hybrid MTBDD matrix... [levels=20, nodes=411] [19.3 KB]
Adding explicit sparse matrices... [levels=14, num=12, compact] [773.0 KB]
Allocating iteration vectors... [2 x 3.7 MB]
TOTAL: [8.1 MB]

Starting iterations...
Iteration 777: max diff=0.000002, 5.00 sec so far
Iteration 1558: max diff=0.000002, 10.01 sec so far
Iteration 2338: max diff=0.000002, 15.02 sec so far
Iteration 3124: max diff=0.000002, 20.02 sec so far
Iteration 3904: max diff=0.000002, 25.03 sec so far
Iteration 4687: max diff=0.000002, 30.03 sec so far
Iteration 5469: max diff=0.000002, 35.04 sec so far
Iteration 6251: max diff=0.000002, 40.05 sec so far
Iteration 7029: max diff=0.000002, 45.05 sec so far
Iteration 7808: max diff=0.000002, 50.06 sec so far
Iteration 8587: max diff=0.000002, 55.06 sec so far
Iteration 9369: max diff=0.000002, 60.07 sec so far
Iteration 10150: max diff=0.000002, 65.08 sec so far
Iteration 10928: max diff=0.000001, 70.08 sec so far
Iteration 11707: max diff=0.000001, 75.09 sec so far
Iteration 12484: max diff=0.000001, 80.09 sec so far
Iteration 13264: max diff=0.000001, 85.10 sec so far
Iteration 14046: max diff=0.000001, 90.11 sec so far
Iteration 14824: max diff=0.000001, 95.11 sec so far
Iteration 15603: max diff=0.000001, 100.12 sec so far
Iteration 16381: max diff=0.000001, 105.12 sec so far
Iteration 17161: max diff=0.000001, 110.13 sec so far
Iteration 17940: max diff=0.000001, 115.14 sec so far
Iteration 18723: max diff=0.000001, 120.14 sec so far
Iteration 19501: max diff=0.000001, 125.14 sec so far
Iteration 20281: max diff=0.000001, 130.15 sec so far
Iteration 21061: max diff=0.000001, 135.15 sec so far
Iteration 21842: max diff=0.000001, 140.16 sec so far
Iteration 22625: max diff=0.000001, 145.17 sec so far

Power method: 22899 iterations in 146.94 seconds (average 0.006416, setup 0.01)

Printing steady-state probabilities in plain text format to file "../../../../CZK_project/Output/t=0.02_median/hybrid/ph_10_48000_1E-6"...

Time for steady-state probability computation: 170.157 seconds.

