PRISM
=====

Version: 4.4.GSMP
Date: Tue May 29 10:19:59 CEST 2018
Hostname: thomas
Memory limits: cudd=1g, java(heap)=910.5m
Command line: prism -hybrid -epsilon 1E-6 -maxiters 100000000 -power -absolute -const 'k=15000,timeout=0.02,lambda=34.6573590500' ../../../../CZK_project/Model/queue_withptf_ctmc.sm -ss -exportss ../../../../CZK_project/Output/t=0.02_median/hybrid/ph_10_15000_1E-6

Parsing model file "../../../../CZK_project/Model/queue_withptf_ctmc.sm"...

Type:        CTMC
Modules:     main trigger 
Variables:   qSize i 

---------------------------------------------------------------------

Computing steady-state probabilities...

Building model...
Model constants: k=15000,timeout=0.02,lambda=34.65735905

Computing reachable states...

Reachability (BFS): 150001 iterations in 5.73 seconds (average 0.000038, setup 0.00)

Time for model construction: 17.753 seconds.

Type:        CTMC
States:      150001 (1 initial)
Transitions: 285001

Rate matrix: 229 nodes (3 terminal), 285001 minterms, vars: 18r/18c

SCCs: 1, BSCCs: 1, non-BSCC states: 0
BSCC sizes: 1:150001

Initial states all in one BSCC (so no reachability probabilities computed)

Computing probabilities...
Engine: Hybrid

Building power method iteration matrix MTBDD... [nodes=329] [6.4 Kb]
Building hybrid MTBDD matrix... [levels=18, nodes=397] [18.6 KB]
Adding explicit sparse matrices... [levels=15, num=7, compact] [791.1 KB]
Allocating iteration vectors... [2 x 1.1 MB]
TOTAL: [3.1 MB]

Starting iterations...
Iteration 2951: max diff=0.000005, 5.00 sec so far
Iteration 5902: max diff=0.000004, 10.01 sec so far
Iteration 8865: max diff=0.000003, 15.01 sec so far
Iteration 11822: max diff=0.000002, 20.02 sec so far
Iteration 14671: max diff=0.000001, 25.02 sec so far
Iteration 17558: max diff=0.000001, 30.02 sec so far
Iteration 20444: max diff=0.000001, 35.03 sec so far
Iteration 23328: max diff=0.000001, 40.03 sec so far
Iteration 26251: max diff=0.000001, 45.04 sec so far

Power method: 28112 iterations in 48.20 seconds (average 0.001714, setup 0.01)

Printing steady-state probabilities in plain text format to file "../../../../CZK_project/Output/t=0.02_median/hybrid/ph_10_15000_1E-6"...

Time for steady-state probability computation: 54.582 seconds.

