PRISM
=====

Version: 4.4.GSMP
Date: Tue May 29 09:49:26 CEST 2018
Hostname: thomas
Memory limits: cudd=1g, java(heap)=910.5m
Command line: prism -hybrid -epsilon 1E-6 -maxiters 100000000 -power -absolute -const 'k=95,timeout=0.02,lambda=34.6573590500' ../../../../CZK_project/Model/queue_withptf_ctmc.sm -ss -exportss ../../../../CZK_project/Output/t=0.02_median/hybrid/ph_10_95_1E-6

Parsing model file "../../../../CZK_project/Model/queue_withptf_ctmc.sm"...

Type:        CTMC
Modules:     main trigger 
Variables:   qSize i 

---------------------------------------------------------------------

Computing steady-state probabilities...

Building model...
Model constants: k=95,timeout=0.02,lambda=34.65735905

Computing reachable states...

Reachability (BFS): 951 iterations in 0.01 seconds (average 0.000008, setup 0.00)

Time for model construction: 0.023 seconds.

Type:        CTMC
States:      951 (1 initial)
Transitions: 1806

Rate matrix: 131 nodes (3 terminal), 1806 minterms, vars: 11r/11c

SCCs: 1, BSCCs: 1, non-BSCC states: 0
BSCC sizes: 1:951

Initial states all in one BSCC (so no reachability probabilities computed)

Computing probabilities...
Engine: Hybrid

Building power method iteration matrix MTBDD... [nodes=191] [3.7 Kb]
Building hybrid MTBDD matrix... [levels=11, nodes=234] [11.0 KB]
Adding explicit sparse matrices... [levels=11, num=1, compact] [11.7 KB]
Allocating iteration vectors... [2 x 7.4 KB]
TOTAL: [37.6 KB]

Starting iterations...

Power method: 4949 iterations in 0.05 seconds (average 0.000010, setup 0.00)

Printing steady-state probabilities in plain text format to file "../../../../CZK_project/Output/t=0.02_median/hybrid/ph_10_95_1E-6"...

Time for steady-state probability computation: 0.074 seconds.

