PRISM
=====

Version: 4.4.GSMP
Date: Tue May 29 10:21:11 CEST 2018
Hostname: thomas
Memory limits: cudd=1g, java(heap)=910.5m
Command line: prism -hybrid -epsilon 1E-6 -maxiters 100000000 -power -absolute -const 'k=16000,timeout=0.02,lambda=34.6573590500' ../../../../CZK_project/Model/queue_withptf_ctmc.sm -ss -exportss ../../../../CZK_project/Output/t=0.02_median/hybrid/ph_10_16000_1E-6

Parsing model file "../../../../CZK_project/Model/queue_withptf_ctmc.sm"...

Type:        CTMC
Modules:     main trigger 
Variables:   qSize i 

---------------------------------------------------------------------

Computing steady-state probabilities...

Building model...
Model constants: k=16000,timeout=0.02,lambda=34.65735905

Computing reachable states...

Reachability (BFS): 160001 iterations in 5.75 seconds (average 0.000036, setup 0.00)

Time for model construction: 19.165 seconds.

Type:        CTMC
States:      160001 (1 initial)
Transitions: 304001

Rate matrix: 205 nodes (3 terminal), 304001 minterms, vars: 18r/18c

SCCs: 1, BSCCs: 1, non-BSCC states: 0
BSCC sizes: 1:160001

Initial states all in one BSCC (so no reachability probabilities computed)

Computing probabilities...
Engine: Hybrid

Building power method iteration matrix MTBDD... [nodes=297] [5.8 Kb]
Building hybrid MTBDD matrix... [levels=18, nodes=354] [16.6 KB]
Adding explicit sparse matrices... [levels=15, num=7, compact] [843.8 KB]
Allocating iteration vectors... [2 x 1.2 MB]
TOTAL: [3.3 MB]

Starting iterations...
Iteration 2758: max diff=0.000005, 5.00 sec so far
Iteration 5461: max diff=0.000004, 10.01 sec so far
Iteration 8126: max diff=0.000003, 15.01 sec so far
Iteration 10805: max diff=0.000002, 20.02 sec so far
Iteration 13481: max diff=0.000001, 25.02 sec so far

Power method: 15873 iterations in 29.52 seconds (average 0.001859, setup 0.01)

Printing steady-state probabilities in plain text format to file "../../../../CZK_project/Output/t=0.02_median/hybrid/ph_10_16000_1E-6"...

Time for steady-state probability computation: 36.273 seconds.

