PRISM
=====

Version: 4.4.GSMP
Date: Tue May 29 09:49:07 CEST 2018
Hostname: thomas
Memory limits: cudd=1g, java(heap)=910.5m
Command line: prism -hybrid -epsilon 1E-6 -maxiters 100000000 -power -absolute -const 'k=15,timeout=0.02,lambda=34.6573590500' ../../../../CZK_project/Model/queue_withptf_ctmc.sm -ss -exportss ../../../../CZK_project/Output/t=0.02_median/hybrid/ph_10_15_1E-6

Parsing model file "../../../../CZK_project/Model/queue_withptf_ctmc.sm"...

Type:        CTMC
Modules:     main trigger 
Variables:   qSize i 

---------------------------------------------------------------------

Computing steady-state probabilities...

Building model...
Model constants: k=15,timeout=0.02,lambda=34.65735905

Computing reachable states...

Reachability (BFS): 151 iterations in 0.00 seconds (average 0.000026, setup 0.00)

Time for model construction: 0.013 seconds.

Type:        CTMC
States:      151 (1 initial)
Transitions: 286

Rate matrix: 83 nodes (3 terminal), 286 minterms, vars: 8r/8c

SCCs: 1, BSCCs: 1, non-BSCC states: 0
BSCC sizes: 1:151

Initial states all in one BSCC (so no reachability probabilities computed)

Computing probabilities...
Engine: Hybrid

Building power method iteration matrix MTBDD... [nodes=122] [2.4 Kb]
Building hybrid MTBDD matrix... [levels=8, nodes=147] [6.9 KB]
Adding explicit sparse matrices... [levels=8, num=1, compact] [1.9 KB]
Allocating iteration vectors... [2 x 1.2 KB]
TOTAL: [11.1 KB]

Starting iterations...

Power method: 1160 iterations in 0.00 seconds (average 0.000003, setup 0.00)

Printing steady-state probabilities in plain text format to file "../../../../CZK_project/Output/t=0.02_median/hybrid/ph_10_15_1E-6"...

Time for steady-state probability computation: 0.013 seconds.

