PRISM
=====

Version: 4.4.GSMP
Date: Tue May 29 09:55:27 CEST 2018
Hostname: thomas
Memory limits: cudd=1g, java(heap)=910.5m
Command line: prism -hybrid -epsilon 1E-6 -maxiters 100000000 -power -absolute -const 'k=3500,timeout=0.02,lambda=34.6573590500' ../../../../CZK_project/Model/queue_withptf_ctmc.sm -ss -exportss ../../../../CZK_project/Output/t=0.02_median/hybrid/ph_10_3500_1E-6

Parsing model file "../../../../CZK_project/Model/queue_withptf_ctmc.sm"...

Type:        CTMC
Modules:     main trigger 
Variables:   qSize i 

---------------------------------------------------------------------

Computing steady-state probabilities...

Building model...
Model constants: k=3500,timeout=0.02,lambda=34.65735905

Computing reachable states...

Reachability (BFS): 35001 iterations in 0.92 seconds (average 0.000026, setup 0.00)

Time for model construction: 1.661 seconds.

Type:        CTMC
States:      35001 (1 initial)
Transitions: 66501

Rate matrix: 203 nodes (3 terminal), 66501 minterms, vars: 16r/16c

SCCs: 1, BSCCs: 1, non-BSCC states: 0
BSCC sizes: 1:35001

Initial states all in one BSCC (so no reachability probabilities computed)

Computing probabilities...
Engine: Hybrid

Building power method iteration matrix MTBDD... [nodes=291] [5.7 Kb]
Building hybrid MTBDD matrix... [levels=16, nodes=353] [16.5 KB]
Adding explicit sparse matrices... [levels=16, num=1, compact] [430.7 KB]
Allocating iteration vectors... [2 x 273.4 KB]
TOTAL: [994.1 KB]

Starting iterations...
Iteration 14837: max diff=0.000003, 5.00 sec so far
Iteration 29928: max diff=0.000003, 10.01 sec so far
Iteration 45001: max diff=0.000003, 15.01 sec so far
Iteration 60080: max diff=0.000003, 20.02 sec so far
Iteration 74788: max diff=0.000001, 25.02 sec so far

Power method: 77828 iterations in 26.06 seconds (average 0.000335, setup 0.01)

Printing steady-state probabilities in plain text format to file "../../../../CZK_project/Output/t=0.02_median/hybrid/ph_10_3500_1E-6"...

Time for steady-state probability computation: 27.293 seconds.

