PRISM
=====

Version: 4.4.GSMP
Date: Tue May 29 10:07:15 CEST 2018
Hostname: thomas
Memory limits: cudd=1g, java(heap)=910.5m
Command line: prism -hybrid -epsilon 1E-6 -maxiters 100000000 -power -absolute -const 'k=7000,timeout=0.02,lambda=34.6573590500' ../../../../CZK_project/Model/queue_withptf_ctmc.sm -ss -exportss ../../../../CZK_project/Output/t=0.02_median/hybrid/ph_10_7000_1E-6

Parsing model file "../../../../CZK_project/Model/queue_withptf_ctmc.sm"...

Type:        CTMC
Modules:     main trigger 
Variables:   qSize i 

---------------------------------------------------------------------

Computing steady-state probabilities...

Building model...
Model constants: k=7000,timeout=0.02,lambda=34.65735905

Computing reachable states...

Reachability (BFS): 70001 iterations in 2.50 seconds (average 0.000036, setup 0.00)

Time for model construction: 5.521 seconds.

Type:        CTMC
States:      70001 (1 initial)
Transitions: 133001

Rate matrix: 213 nodes (3 terminal), 133001 minterms, vars: 17r/17c

SCCs: 1, BSCCs: 1, non-BSCC states: 0
BSCC sizes: 1:70001

Initial states all in one BSCC (so no reachability probabilities computed)

Computing probabilities...
Engine: Hybrid

Building power method iteration matrix MTBDD... [nodes=306] [6.0 Kb]
Building hybrid MTBDD matrix... [levels=17, nodes=370] [17.3 KB]
Adding explicit sparse matrices... [levels=17, num=1, compact] [861.4 KB]
Allocating iteration vectors... [2 x 546.9 KB]
TOTAL: [1.9 MB]

Starting iterations...
Iteration 7319: max diff=0.000002, 5.00 sec so far
Iteration 14459: max diff=0.000002, 10.01 sec so far
Iteration 21639: max diff=0.000002, 15.01 sec so far
Iteration 28735: max diff=0.000002, 20.02 sec so far
Iteration 35928: max diff=0.000002, 25.02 sec so far
Iteration 43271: max diff=0.000002, 30.02 sec so far
Iteration 50219: max diff=0.000001, 35.03 sec so far
Iteration 57414: max diff=0.000001, 40.03 sec so far
Iteration 64899: max diff=0.000001, 45.04 sec so far
Iteration 72294: max diff=0.000001, 50.04 sec so far
Iteration 79558: max diff=0.000001, 55.04 sec so far
Iteration 86963: max diff=0.000001, 60.05 sec so far
Iteration 94209: max diff=0.000001, 65.05 sec so far
Iteration 101555: max diff=0.000001, 70.06 sec so far
Iteration 108869: max diff=0.000001, 75.06 sec so far

Power method: 113171 iterations in 77.96 seconds (average 0.000689, setup 0.01)

Printing steady-state probabilities in plain text format to file "../../../../CZK_project/Output/t=0.02_median/hybrid/ph_10_7000_1E-6"...

Time for steady-state probability computation: 80.627 seconds.

