PRISM
=====

Version: 4.4.GSMP
Date: Tue May 29 10:48:58 CEST 2018
Hostname: thomas
Memory limits: cudd=1g, java(heap)=910.5m
Command line: prism -hybrid -epsilon 1E-6 -maxiters 100000000 -power -absolute -const 'k=32000,timeout=0.02,lambda=34.6573590500' ../../../../CZK_project/Model/queue_withptf_ctmc.sm -ss -exportss ../../../../CZK_project/Output/t=0.02_median/hybrid/ph_10_32000_1E-6

Parsing model file "../../../../CZK_project/Model/queue_withptf_ctmc.sm"...

Type:        CTMC
Modules:     main trigger 
Variables:   qSize i 

---------------------------------------------------------------------

Computing steady-state probabilities...

Building model...
Model constants: k=32000,timeout=0.02,lambda=34.65735905

Computing reachable states...

Reachability (BFS): 320001 iterations in 13.42 seconds (average 0.000042, setup 0.00)

Time for model construction: 65.808 seconds.

Type:        CTMC
States:      320001 (1 initial)
Transitions: 608001

Rate matrix: 215 nodes (3 terminal), 608001 minterms, vars: 19r/19c

SCCs: 1, BSCCs: 1, non-BSCC states: 0
BSCC sizes: 1:320001

Initial states all in one BSCC (so no reachability probabilities computed)

Computing probabilities...
Engine: Hybrid

Building power method iteration matrix MTBDD... [nodes=312] [6.1 Kb]
Building hybrid MTBDD matrix... [levels=19, nodes=371] [17.4 KB]
Adding explicit sparse matrices... [levels=15, num=7, compact] [781.3 KB]
Allocating iteration vectors... [2 x 2.4 MB]
TOTAL: [5.7 MB]

Starting iterations...
Iteration 1216: max diff=0.000003, 5.00 sec so far
Iteration 2503: max diff=0.000003, 10.01 sec so far
Iteration 3771: max diff=0.000003, 15.01 sec so far
Iteration 5050: max diff=0.000002, 20.02 sec so far
Iteration 6380: max diff=0.000002, 25.02 sec so far
Iteration 7572: max diff=0.000002, 30.02 sec so far
Iteration 8752: max diff=0.000002, 35.03 sec so far
Iteration 9949: max diff=0.000002, 40.03 sec so far
Iteration 11162: max diff=0.000002, 45.04 sec so far
Iteration 12377: max diff=0.000002, 50.04 sec so far
Iteration 13586: max diff=0.000002, 55.04 sec so far
Iteration 14899: max diff=0.000002, 60.05 sec so far
Iteration 16154: max diff=0.000001, 65.05 sec so far
Iteration 17413: max diff=0.000001, 70.06 sec so far
Iteration 18648: max diff=0.000001, 75.06 sec so far
Iteration 19925: max diff=0.000001, 80.06 sec so far
Iteration 21114: max diff=0.000001, 85.07 sec so far

Power method: 22312 iterations in 89.69 seconds (average 0.004020, setup 0.00)

Printing steady-state probabilities in plain text format to file "../../../../CZK_project/Output/t=0.02_median/hybrid/ph_10_32000_1E-6"...

Time for steady-state probability computation: 104.928 seconds.

