PRISM
=====

Version: 4.4.GSMP
Date: Tue May 29 09:51:20 CEST 2018
Hostname: thomas
Memory limits: cudd=1g, java(heap)=910.5m
Command line: prism -hybrid -epsilon 1E-6 -maxiters 100000000 -power -absolute -const 'k=2200,timeout=0.02,lambda=34.6573590500' ../../../../CZK_project/Model/queue_withptf_ctmc.sm -ss -exportss ../../../../CZK_project/Output/t=0.02_median/hybrid/ph_10_2200_1E-6

Parsing model file "../../../../CZK_project/Model/queue_withptf_ctmc.sm"...

Type:        CTMC
Modules:     main trigger 
Variables:   qSize i 

---------------------------------------------------------------------

Computing steady-state probabilities...

Building model...
Model constants: k=2200,timeout=0.02,lambda=34.65735905

Computing reachable states...

Reachability (BFS): 22001 iterations in 0.51 seconds (average 0.000023, setup 0.00)

Time for model construction: 0.838 seconds.

Type:        CTMC
States:      22001 (1 initial)
Transitions: 41801

Rate matrix: 197 nodes (3 terminal), 41801 minterms, vars: 16r/16c

SCCs: 1, BSCCs: 1, non-BSCC states: 0
BSCC sizes: 1:22001

Initial states all in one BSCC (so no reachability probabilities computed)

Computing probabilities...
Engine: Hybrid

Building power method iteration matrix MTBDD... [nodes=283] [5.5 Kb]
Building hybrid MTBDD matrix... [levels=16, nodes=334] [15.7 KB]
Adding explicit sparse matrices... [levels=16, num=1, compact] [270.8 KB]
Allocating iteration vectors... [2 x 171.9 KB]
TOTAL: [630.2 KB]

Starting iterations...
Iteration 23755: max diff=0.000005, 5.00 sec so far
Iteration 47374: max diff=0.000002, 10.01 sec so far

Power method: 55617 iterations in 11.70 seconds (average 0.000210, setup 0.00)

Printing steady-state probabilities in plain text format to file "../../../../CZK_project/Output/t=0.02_median/hybrid/ph_10_2200_1E-6"...

Time for steady-state probability computation: 12.422 seconds.

