PRISM
=====

Version: 4.4.GSMP
Date: Tue May 29 10:33:24 CEST 2018
Hostname: thomas
Memory limits: cudd=1g, java(heap)=910.5m
Command line: prism -hybrid -epsilon 1E-6 -maxiters 100000000 -power -absolute -const 'k=25000,timeout=0.02,lambda=34.6573590500' ../../../../CZK_project/Model/queue_withptf_ctmc.sm -ss -exportss ../../../../CZK_project/Output/t=0.02_median/hybrid/ph_10_25000_1E-6

Parsing model file "../../../../CZK_project/Model/queue_withptf_ctmc.sm"...

Type:        CTMC
Modules:     main trigger 
Variables:   qSize i 

---------------------------------------------------------------------

Computing steady-state probabilities...

Building model...
Model constants: k=25000,timeout=0.02,lambda=34.65735905

Computing reachable states...

Reachability (BFS): 250001 iterations in 10.13 seconds (average 0.000041, setup 0.00)

Time for model construction: 40.434 seconds.

Type:        CTMC
States:      250001 (1 initial)
Transitions: 475001

Rate matrix: 245 nodes (3 terminal), 475001 minterms, vars: 19r/19c

SCCs: 1, BSCCs: 1, non-BSCC states: 0
BSCC sizes: 1:250001

Initial states all in one BSCC (so no reachability probabilities computed)

Computing probabilities...
Engine: Hybrid

Building power method iteration matrix MTBDD... [nodes=352] [6.9 Kb]
Building hybrid MTBDD matrix... [levels=19, nodes=421] [19.7 KB]
Adding explicit sparse matrices... [levels=15, num=7, compact] [610.4 KB]
Allocating iteration vectors... [2 x 1.9 MB]
TOTAL: [4.4 MB]

Starting iterations...
Iteration 1732: max diff=0.000004, 5.00 sec so far
Iteration 3459: max diff=0.000003, 10.01 sec so far
Iteration 5193: max diff=0.000003, 15.01 sec so far
Iteration 6893: max diff=0.000003, 20.02 sec so far
Iteration 8624: max diff=0.000002, 25.02 sec so far
Iteration 10355: max diff=0.000002, 30.02 sec so far
Iteration 12059: max diff=0.000002, 35.03 sec so far
Iteration 13790: max diff=0.000002, 40.03 sec so far
Iteration 15520: max diff=0.000001, 45.04 sec so far
Iteration 17255: max diff=0.000001, 50.04 sec so far
Iteration 18981: max diff=0.000001, 55.04 sec so far

Power method: 20349 iterations in 59.00 seconds (average 0.002899, setup 0.01)

Printing steady-state probabilities in plain text format to file "../../../../CZK_project/Output/t=0.02_median/hybrid/ph_10_25000_1E-6"...

Time for steady-state probability computation: 70.791 seconds.

