PRISM
=====

Version: 4.4.GSMP
Date: Tue May 29 09:54:33 CEST 2018
Hostname: thomas
Memory limits: cudd=1g, java(heap)=910.5m
Command line: prism -hybrid -epsilon 1E-6 -maxiters 100000000 -power -absolute -const 'k=3300,timeout=0.02,lambda=34.6573590500' ../../../../CZK_project/Model/queue_withptf_ctmc.sm -ss -exportss ../../../../CZK_project/Output/t=0.02_median/hybrid/ph_10_3300_1E-6

Parsing model file "../../../../CZK_project/Model/queue_withptf_ctmc.sm"...

Type:        CTMC
Modules:     main trigger 
Variables:   qSize i 

---------------------------------------------------------------------

Computing steady-state probabilities...

Building model...
Model constants: k=3300,timeout=0.02,lambda=34.65735905

Computing reachable states...

Reachability (BFS): 33001 iterations in 0.86 seconds (average 0.000026, setup 0.00)

Time for model construction: 1.526 seconds.

Type:        CTMC
States:      33001 (1 initial)
Transitions: 62701

Rate matrix: 203 nodes (3 terminal), 62701 minterms, vars: 16r/16c

SCCs: 1, BSCCs: 1, non-BSCC states: 0
BSCC sizes: 1:33001

Initial states all in one BSCC (so no reachability probabilities computed)

Computing probabilities...
Engine: Hybrid

Building power method iteration matrix MTBDD... [nodes=291] [5.7 Kb]
Building hybrid MTBDD matrix... [levels=16, nodes=350] [16.4 KB]
Adding explicit sparse matrices... [levels=16, num=1, compact] [406.1 KB]
Allocating iteration vectors... [2 x 257.8 KB]
TOTAL: [938.1 KB]

Starting iterations...
Iteration 15797: max diff=0.000003, 5.00 sec so far
Iteration 31541: max diff=0.000003, 10.01 sec so far
Iteration 47273: max diff=0.000003, 15.01 sec so far
Iteration 63018: max diff=0.000003, 20.02 sec so far

Power method: 73393 iterations in 23.34 seconds (average 0.000318, setup 0.00)

Printing steady-state probabilities in plain text format to file "../../../../CZK_project/Output/t=0.02_median/hybrid/ph_10_3300_1E-6"...

Time for steady-state probability computation: 24.492 seconds.

