PRISM
=====

Version: 4.4.GSMP
Date: Tue May 29 09:49:38 CEST 2018
Hostname: thomas
Memory limits: cudd=1g, java(heap)=910.5m
Command line: prism -hybrid -epsilon 1E-6 -maxiters 100000000 -power -absolute -const 'k=800,timeout=0.02,lambda=34.6573590500' ../../../../CZK_project/Model/queue_withptf_ctmc.sm -ss -exportss ../../../../CZK_project/Output/t=0.02_median/hybrid/ph_10_800_1E-6

Parsing model file "../../../../CZK_project/Model/queue_withptf_ctmc.sm"...

Type:        CTMC
Modules:     main trigger 
Variables:   qSize i 

---------------------------------------------------------------------

Computing steady-state probabilities...

Building model...
Model constants: k=800,timeout=0.02,lambda=34.65735905

Computing reachable states...

Reachability (BFS): 8001 iterations in 0.12 seconds (average 0.000015, setup 0.00)

Time for model construction: 0.189 seconds.

Type:        CTMC
States:      8001 (1 initial)
Transitions: 15201

Rate matrix: 153 nodes (3 terminal), 15201 minterms, vars: 14r/14c

SCCs: 1, BSCCs: 1, non-BSCC states: 0
BSCC sizes: 1:8001

Initial states all in one BSCC (so no reachability probabilities computed)

Computing probabilities...
Engine: Hybrid

Building power method iteration matrix MTBDD... [nodes=221] [4.3 Kb]
Building hybrid MTBDD matrix... [levels=14, nodes=257] [12.0 KB]
Adding explicit sparse matrices... [levels=14, num=1, compact] [98.5 KB]
Allocating iteration vectors... [2 x 62.5 KB]
TOTAL: [235.5 KB]

Starting iterations...

Power method: 26720 iterations in 1.92 seconds (average 0.000072, setup 0.00)

Printing steady-state probabilities in plain text format to file "../../../../CZK_project/Output/t=0.02_median/hybrid/ph_10_800_1E-6"...

Time for steady-state probability computation: 2.122 seconds.

