PRISM
=====

Version: 4.4.GSMP
Date: Tue May 29 11:21:12 CEST 2018
Hostname: thomas
Memory limits: cudd=1g, java(heap)=910.5m
Command line: prism -hybrid -epsilon 1E-6 -maxiters 100000000 -power -absolute -const 'k=41000,timeout=0.02,lambda=34.6573590500' ../../../../CZK_project/Model/queue_withptf_ctmc.sm -ss -exportss ../../../../CZK_project/Output/t=0.02_median/hybrid/ph_10_41000_1E-6

Parsing model file "../../../../CZK_project/Model/queue_withptf_ctmc.sm"...

Type:        CTMC
Modules:     main trigger 
Variables:   qSize i 

---------------------------------------------------------------------

Computing steady-state probabilities...

Building model...
Model constants: k=41000,timeout=0.02,lambda=34.65735905

Computing reachable states...

Reachability (BFS): 410001 iterations in 19.06 seconds (average 0.000046, setup 0.00)

Time for model construction: 159.995 seconds.

Type:        CTMC
States:      410001 (1 initial)
Transitions: 779001

Rate matrix: 261 nodes (3 terminal), 779001 minterms, vars: 20r/20c

SCCs: 1, BSCCs: 1, non-BSCC states: 0
BSCC sizes: 1:410001

Initial states all in one BSCC (so no reachability probabilities computed)

Computing probabilities...
Engine: Hybrid

Building power method iteration matrix MTBDD... [nodes=375] [7.3 Kb]
Building hybrid MTBDD matrix... [levels=20, nodes=442] [20.7 KB]
Adding explicit sparse matrices... [levels=16, num=7, compact] [1001.0 KB]
Allocating iteration vectors... [2 x 3.1 MB]
TOTAL: [7.3 MB]

Starting iterations...
Iteration 895: max diff=0.000002, 5.00 sec so far
Iteration 1786: max diff=0.000002, 10.01 sec so far
Iteration 2683: max diff=0.000002, 15.01 sec so far
Iteration 3584: max diff=0.000002, 20.02 sec so far
Iteration 4478: max diff=0.000002, 25.03 sec so far
Iteration 5367: max diff=0.000002, 30.03 sec so far
Iteration 6257: max diff=0.000002, 35.04 sec so far
Iteration 7158: max diff=0.000002, 40.04 sec so far
Iteration 8057: max diff=0.000002, 45.05 sec so far
Iteration 8965: max diff=0.000002, 50.06 sec so far
Iteration 9873: max diff=0.000002, 55.06 sec so far
Iteration 10782: max diff=0.000002, 60.07 sec so far
Iteration 11691: max diff=0.000002, 65.07 sec so far
Iteration 12600: max diff=0.000002, 70.08 sec so far
Iteration 13510: max diff=0.000001, 75.08 sec so far
Iteration 14405: max diff=0.000001, 80.08 sec so far
Iteration 15299: max diff=0.000001, 85.09 sec so far
Iteration 16204: max diff=0.000001, 90.10 sec so far
Iteration 17115: max diff=0.000001, 95.10 sec so far
Iteration 18024: max diff=0.000001, 100.10 sec so far
Iteration 18936: max diff=0.000001, 105.11 sec so far
Iteration 19837: max diff=0.000001, 110.11 sec so far
Iteration 20743: max diff=0.000001, 115.12 sec so far
Iteration 21646: max diff=0.000001, 120.12 sec so far
Iteration 22555: max diff=0.000001, 125.13 sec so far

Power method: 23240 iterations in 128.95 seconds (average 0.005548, setup 0.02)

Printing steady-state probabilities in plain text format to file "../../../../CZK_project/Output/t=0.02_median/hybrid/ph_10_41000_1E-6"...

Time for steady-state probability computation: 150.674 seconds.

