PRISM
=====

Version: 4.4.GSMP
Date: Tue May 29 09:53:20 CEST 2018
Hostname: thomas
Memory limits: cudd=1g, java(heap)=910.5m
Command line: prism -hybrid -epsilon 1E-6 -maxiters 100000000 -power -absolute -const 'k=3000,timeout=0.02,lambda=34.6573590500' ../../../../CZK_project/Model/queue_withptf_ctmc.sm -ss -exportss ../../../../CZK_project/Output/t=0.02_median/hybrid/ph_10_3000_1E-6

Parsing model file "../../../../CZK_project/Model/queue_withptf_ctmc.sm"...

Type:        CTMC
Modules:     main trigger 
Variables:   qSize i 

---------------------------------------------------------------------

Computing steady-state probabilities...

Building model...
Model constants: k=3000,timeout=0.02,lambda=34.65735905

Computing reachable states...

Reachability (BFS): 30001 iterations in 0.73 seconds (average 0.000024, setup 0.00)

Time for model construction: 1.289 seconds.

Type:        CTMC
States:      30001 (1 initial)
Transitions: 57001

Rate matrix: 197 nodes (3 terminal), 57001 minterms, vars: 16r/16c

SCCs: 1, BSCCs: 1, non-BSCC states: 0
BSCC sizes: 1:30001

Initial states all in one BSCC (so no reachability probabilities computed)

Computing probabilities...
Engine: Hybrid

Building power method iteration matrix MTBDD... [nodes=283] [5.5 Kb]
Building hybrid MTBDD matrix... [levels=16, nodes=343] [16.1 KB]
Adding explicit sparse matrices... [levels=16, num=1, compact] [369.2 KB]
Allocating iteration vectors... [2 x 234.4 KB]
TOTAL: [854.0 KB]

Starting iterations...
Iteration 16505: max diff=0.000004, 5.00 sec so far
Iteration 32896: max diff=0.000003, 10.01 sec so far
Iteration 49363: max diff=0.000002, 15.01 sec so far
Iteration 65702: max diff=0.000002, 20.02 sec so far

Power method: 69751 iterations in 21.20 seconds (average 0.000304, setup 0.00)

Printing steady-state probabilities in plain text format to file "../../../../CZK_project/Output/t=0.02_median/hybrid/ph_10_3000_1E-6"...

Time for steady-state probability computation: 22.194 seconds.

