PRISM
=====

Version: 4.4.GSMP
Date: Tue May 29 10:28:23 CEST 2018
Hostname: thomas
Memory limits: cudd=1g, java(heap)=910.5m
Command line: prism -hybrid -epsilon 1E-6 -maxiters 100000000 -power -absolute -const 'k=22000,timeout=0.02,lambda=34.6573590500' ../../../../CZK_project/Model/queue_withptf_ctmc.sm -ss -exportss ../../../../CZK_project/Output/t=0.02_median/hybrid/ph_10_22000_1E-6

Parsing model file "../../../../CZK_project/Model/queue_withptf_ctmc.sm"...

Type:        CTMC
Modules:     main trigger 
Variables:   qSize i 

---------------------------------------------------------------------

Computing steady-state probabilities...

Building model...
Model constants: k=22000,timeout=0.02,lambda=34.65735905

Computing reachable states...

Reachability (BFS): 220001 iterations in 9.97 seconds (average 0.000045, setup 0.00)

Time for model construction: 36.499 seconds.

Type:        CTMC
States:      220001 (1 initial)
Transitions: 418001

Rate matrix: 239 nodes (3 terminal), 418001 minterms, vars: 19r/19c

SCCs: 1, BSCCs: 1, non-BSCC states: 0
BSCC sizes: 1:220001

Initial states all in one BSCC (so no reachability probabilities computed)

Computing probabilities...
Engine: Hybrid

Building power method iteration matrix MTBDD... [nodes=344] [6.7 Kb]
Building hybrid MTBDD matrix... [levels=19, nodes=417] [19.5 KB]
Adding explicit sparse matrices... [levels=15, num=7, compact] [537.2 KB]
Allocating iteration vectors... [2 x 1.7 MB]
TOTAL: [3.9 MB]

Starting iterations...
Iteration 1953: max diff=0.000004, 5.00 sec so far
Iteration 3910: max diff=0.000003, 10.01 sec so far
Iteration 5879: max diff=0.000003, 15.01 sec so far
Iteration 7854: max diff=0.000003, 20.02 sec so far
Iteration 9828: max diff=0.000002, 25.02 sec so far
Iteration 11796: max diff=0.000002, 30.02 sec so far
Iteration 13772: max diff=0.000002, 35.03 sec so far
Iteration 15747: max diff=0.000001, 40.03 sec so far
Iteration 17718: max diff=0.000001, 45.04 sec so far

Power method: 19124 iterations in 48.60 seconds (average 0.002541, setup 0.00)

Printing steady-state probabilities in plain text format to file "../../../../CZK_project/Output/t=0.02_median/hybrid/ph_10_22000_1E-6"...

Time for steady-state probability computation: 60.077 seconds.

