PRISM
=====

Version: 4.4.GSMP
Date: Tue May 29 09:55:56 CEST 2018
Hostname: thomas
Memory limits: cudd=1g, java(heap)=910.5m
Command line: prism -hybrid -epsilon 1E-6 -maxiters 100000000 -power -absolute -const 'k=3600,timeout=0.02,lambda=34.6573590500' ../../../../CZK_project/Model/queue_withptf_ctmc.sm -ss -exportss ../../../../CZK_project/Output/t=0.02_median/hybrid/ph_10_3600_1E-6

Parsing model file "../../../../CZK_project/Model/queue_withptf_ctmc.sm"...

Type:        CTMC
Modules:     main trigger 
Variables:   qSize i 

---------------------------------------------------------------------

Computing steady-state probabilities...

Building model...
Model constants: k=3600,timeout=0.02,lambda=34.65735905

Computing reachable states...

Reachability (BFS): 36001 iterations in 0.88 seconds (average 0.000024, setup 0.00)

Time for model construction: 1.604 seconds.

Type:        CTMC
States:      36001 (1 initial)
Transitions: 68401

Rate matrix: 191 nodes (3 terminal), 68401 minterms, vars: 16r/16c

SCCs: 1, BSCCs: 1, non-BSCC states: 0
BSCC sizes: 1:36001

Initial states all in one BSCC (so no reachability probabilities computed)

Computing probabilities...
Engine: Hybrid

Building power method iteration matrix MTBDD... [nodes=275] [5.4 Kb]
Building hybrid MTBDD matrix... [levels=16, nodes=324] [15.2 KB]
Adding explicit sparse matrices... [levels=16, num=1, compact] [443.0 KB]
Allocating iteration vectors... [2 x 281.3 KB]
TOTAL: [1020.7 KB]

Starting iterations...
Iteration 14653: max diff=0.000003, 5.00 sec so far
Iteration 29103: max diff=0.000003, 10.01 sec so far
Iteration 43675: max diff=0.000003, 15.01 sec so far
Iteration 58066: max diff=0.000003, 20.02 sec so far
Iteration 72425: max diff=0.000002, 25.02 sec so far

Power method: 76436 iterations in 26.41 seconds (average 0.000345, setup 0.00)

Printing steady-state probabilities in plain text format to file "../../../../CZK_project/Output/t=0.02_median/hybrid/ph_10_3600_1E-6"...

Time for steady-state probability computation: 27.638 seconds.

