PRISM
=====

Version: 4.4.GSMP
Date: Tue May 29 10:18:53 CEST 2018
Hostname: thomas
Memory limits: cudd=1g, java(heap)=910.5m
Command line: prism -hybrid -epsilon 1E-6 -maxiters 100000000 -power -absolute -const 'k=14000,timeout=0.02,lambda=34.6573590500' ../../../../CZK_project/Model/queue_withptf_ctmc.sm -ss -exportss ../../../../CZK_project/Output/t=0.02_median/hybrid/ph_10_14000_1E-6

Parsing model file "../../../../CZK_project/Model/queue_withptf_ctmc.sm"...

Type:        CTMC
Modules:     main trigger 
Variables:   qSize i 

---------------------------------------------------------------------

Computing steady-state probabilities...

Building model...
Model constants: k=14000,timeout=0.02,lambda=34.65735905

Computing reachable states...

Reachability (BFS): 140001 iterations in 5.13 seconds (average 0.000037, setup 0.00)

Time for model construction: 15.047 seconds.

Type:        CTMC
States:      140001 (1 initial)
Transitions: 266001

Rate matrix: 223 nodes (3 terminal), 266001 minterms, vars: 18r/18c

SCCs: 1, BSCCs: 1, non-BSCC states: 0
BSCC sizes: 1:140001

Initial states all in one BSCC (so no reachability probabilities computed)

Computing probabilities...
Engine: Hybrid

Building power method iteration matrix MTBDD... [nodes=321] [6.3 Kb]
Building hybrid MTBDD matrix... [levels=18, nodes=387] [18.1 KB]
Adding explicit sparse matrices... [levels=15, num=7, compact] [738.3 KB]
Allocating iteration vectors... [2 x 1.1 MB]
TOTAL: [2.9 MB]

Starting iterations...
Iteration 2991: max diff=0.000005, 5.00 sec so far
Iteration 5996: max diff=0.000004, 10.01 sec so far
Iteration 9114: max diff=0.000003, 15.01 sec so far
Iteration 12305: max diff=0.000002, 20.02 sec so far
Iteration 15404: max diff=0.000001, 25.02 sec so far
Iteration 18583: max diff=0.000001, 30.02 sec so far
Iteration 21656: max diff=0.000001, 35.03 sec so far
Iteration 24714: max diff=0.000001, 40.03 sec so far

Power method: 27222 iterations in 44.04 seconds (average 0.001618, setup 0.00)

Printing steady-state probabilities in plain text format to file "../../../../CZK_project/Output/t=0.02_median/hybrid/ph_10_14000_1E-6"...

Time for steady-state probability computation: 49.97 seconds.

