PRISM
=====

Version: 4.4.GSMP
Date: Tue May 29 11:26:24 CEST 2018
Hostname: thomas
Memory limits: cudd=1g, java(heap)=910.5m
Command line: prism -hybrid -epsilon 1E-6 -maxiters 100000000 -power -absolute -const 'k=42000,timeout=0.02,lambda=34.6573590500' ../../../../CZK_project/Model/queue_withptf_ctmc.sm -ss -exportss ../../../../CZK_project/Output/t=0.02_median/hybrid/ph_10_42000_1E-6

Parsing model file "../../../../CZK_project/Model/queue_withptf_ctmc.sm"...

Type:        CTMC
Modules:     main trigger 
Variables:   qSize i 

---------------------------------------------------------------------

Computing steady-state probabilities...

Building model...
Model constants: k=42000,timeout=0.02,lambda=34.65735905

Computing reachable states...

Reachability (BFS): 420001 iterations in 19.75 seconds (average 0.000047, setup 0.00)

Time for model construction: 127.245 seconds.

Type:        CTMC
States:      420001 (1 initial)
Transitions: 798001

Rate matrix: 255 nodes (3 terminal), 798001 minterms, vars: 20r/20c

SCCs: 1, BSCCs: 1, non-BSCC states: 0
BSCC sizes: 1:420001

Initial states all in one BSCC (so no reachability probabilities computed)

Computing probabilities...
Engine: Hybrid

Building power method iteration matrix MTBDD... [nodes=367] [7.2 Kb]
Building hybrid MTBDD matrix... [levels=20, nodes=432] [20.2 KB]
Adding explicit sparse matrices... [levels=15, num=11, compact] [1016.4 KB]
Allocating iteration vectors... [2 x 3.2 MB]
TOTAL: [7.4 MB]

Starting iterations...
Iteration 973: max diff=0.000002, 5.01 sec so far
Iteration 1914: max diff=0.000002, 10.02 sec so far
Iteration 2840: max diff=0.000002, 15.02 sec so far
Iteration 3775: max diff=0.000002, 20.02 sec so far
Iteration 4709: max diff=0.000002, 25.03 sec so far
Iteration 5657: max diff=0.000002, 30.03 sec so far
Iteration 6603: max diff=0.000002, 35.04 sec so far
Iteration 7553: max diff=0.000002, 40.04 sec so far
Iteration 8493: max diff=0.000002, 45.05 sec so far
Iteration 9402: max diff=0.000002, 50.05 sec so far
Iteration 10316: max diff=0.000002, 55.06 sec so far
Iteration 11247: max diff=0.000002, 60.06 sec so far
Iteration 12176: max diff=0.000002, 65.07 sec so far
Iteration 13074: max diff=0.000001, 70.07 sec so far
Iteration 13972: max diff=0.000001, 75.08 sec so far
Iteration 14864: max diff=0.000001, 80.08 sec so far
Iteration 15795: max diff=0.000001, 85.09 sec so far
Iteration 16696: max diff=0.000001, 90.09 sec so far
Iteration 17525: max diff=0.000001, 95.10 sec so far
Iteration 18374: max diff=0.000001, 100.10 sec so far
Iteration 19173: max diff=0.000001, 105.11 sec so far
Iteration 20010: max diff=0.000001, 110.11 sec so far
Iteration 20861: max diff=0.000001, 115.12 sec so far
Iteration 21716: max diff=0.000001, 120.12 sec so far
Iteration 22566: max diff=0.000001, 125.13 sec so far

Power method: 23245 iterations in 129.16 seconds (average 0.005556, setup 0.01)

Printing steady-state probabilities in plain text format to file "../../../../CZK_project/Output/t=0.02_median/hybrid/ph_10_42000_1E-6"...

Time for steady-state probability computation: 150.355 seconds.

