PRISM
=====

Version: 4.4.GSMP
Date: Tue May 29 11:40:47 CEST 2018
Hostname: thomas
Memory limits: cudd=1g, java(heap)=910.5m
Command line: prism -hybrid -epsilon 1E-6 -maxiters 100000000 -power -absolute -const 'k=45000,timeout=0.02,lambda=34.6573590500' ../../../../CZK_project/Model/queue_withptf_ctmc.sm -ss -exportss ../../../../CZK_project/Output/t=0.02_median/hybrid/ph_10_45000_1E-6

Parsing model file "../../../../CZK_project/Model/queue_withptf_ctmc.sm"...

Type:        CTMC
Modules:     main trigger 
Variables:   qSize i 

---------------------------------------------------------------------

Computing steady-state probabilities...

Building model...
Model constants: k=45000,timeout=0.02,lambda=34.65735905

Computing reachable states...

Reachability (BFS): 450001 iterations in 21.94 seconds (average 0.000049, setup 0.00)

Time for model construction: 134.489 seconds.

Type:        CTMC
States:      450001 (1 initial)
Transitions: 855001

Rate matrix: 261 nodes (3 terminal), 855001 minterms, vars: 20r/20c

SCCs: 1, BSCCs: 1, non-BSCC states: 0
BSCC sizes: 1:450001

Initial states all in one BSCC (so no reachability probabilities computed)

Computing probabilities...
Engine: Hybrid

Building power method iteration matrix MTBDD... [nodes=375] [7.3 Kb]
Building hybrid MTBDD matrix... [levels=20, nodes=457] [21.4 KB]
Adding explicit sparse matrices... [levels=14, num=12, compact] [702.7 KB]
Allocating iteration vectors... [2 x 3.4 MB]
TOTAL: [7.6 MB]

Starting iterations...
Iteration 848: max diff=0.000002, 5.00 sec so far
Iteration 1693: max diff=0.000002, 10.01 sec so far
Iteration 2538: max diff=0.000002, 15.02 sec so far
Iteration 3383: max diff=0.000002, 20.02 sec so far
Iteration 4231: max diff=0.000002, 25.03 sec so far
Iteration 5077: max diff=0.000002, 30.04 sec so far
Iteration 5921: max diff=0.000002, 35.04 sec so far
Iteration 6764: max diff=0.000002, 40.04 sec so far
Iteration 7612: max diff=0.000002, 45.05 sec so far
Iteration 8465: max diff=0.000002, 50.06 sec so far
Iteration 9319: max diff=0.000002, 55.06 sec so far
Iteration 10168: max diff=0.000002, 60.06 sec so far
Iteration 11017: max diff=0.000002, 65.07 sec so far
Iteration 11866: max diff=0.000002, 70.07 sec so far
Iteration 12715: max diff=0.000001, 75.08 sec so far
Iteration 13560: max diff=0.000001, 80.08 sec so far
Iteration 14409: max diff=0.000001, 85.09 sec so far
Iteration 15260: max diff=0.000001, 90.10 sec so far
Iteration 16110: max diff=0.000001, 95.10 sec so far
Iteration 16964: max diff=0.000001, 100.11 sec so far
Iteration 17813: max diff=0.000001, 105.11 sec so far
Iteration 18661: max diff=0.000001, 110.12 sec so far
Iteration 19516: max diff=0.000001, 115.12 sec so far
Iteration 20366: max diff=0.000001, 120.13 sec so far
Iteration 21213: max diff=0.000001, 125.13 sec so far
Iteration 22064: max diff=0.000001, 130.14 sec so far
Iteration 22913: max diff=0.000001, 135.14 sec so far

Power method: 23150 iterations in 136.54 seconds (average 0.005898, setup 0.01)

Printing steady-state probabilities in plain text format to file "../../../../CZK_project/Output/t=0.02_median/hybrid/ph_10_45000_1E-6"...

Time for steady-state probability computation: 160.173 seconds.

