PRISM
=====

Version: 4.4.GSMP
Date: Tue May 29 09:52:38 CEST 2018
Hostname: thomas
Memory limits: cudd=1g, java(heap)=910.5m
Command line: prism -hybrid -epsilon 1E-6 -maxiters 100000000 -power -absolute -const 'k=2800,timeout=0.02,lambda=34.6573590500' ../../../../CZK_project/Model/queue_withptf_ctmc.sm -ss -exportss ../../../../CZK_project/Output/t=0.02_median/hybrid/ph_10_2800_1E-6

Parsing model file "../../../../CZK_project/Model/queue_withptf_ctmc.sm"...

Type:        CTMC
Modules:     main trigger 
Variables:   qSize i 

---------------------------------------------------------------------

Computing steady-state probabilities...

Building model...
Model constants: k=2800,timeout=0.02,lambda=34.65735905

Computing reachable states...

Reachability (BFS): 28001 iterations in 0.66 seconds (average 0.000024, setup 0.00)

Time for model construction: 1.139 seconds.

Type:        CTMC
States:      28001 (1 initial)
Transitions: 53201

Rate matrix: 191 nodes (3 terminal), 53201 minterms, vars: 16r/16c

SCCs: 1, BSCCs: 1, non-BSCC states: 0
BSCC sizes: 1:28001

Initial states all in one BSCC (so no reachability probabilities computed)

Computing probabilities...
Engine: Hybrid

Building power method iteration matrix MTBDD... [nodes=275] [5.4 Kb]
Building hybrid MTBDD matrix... [levels=16, nodes=330] [15.5 KB]
Adding explicit sparse matrices... [levels=16, num=1, compact] [344.6 KB]
Allocating iteration vectors... [2 x 218.8 KB]
TOTAL: [797.6 KB]

Starting iterations...
Iteration 18002: max diff=0.000004, 5.00 sec so far
Iteration 36183: max diff=0.000004, 10.01 sec so far
Iteration 54755: max diff=0.000002, 15.01 sec so far

Power method: 65119 iterations in 17.75 seconds (average 0.000273, setup 0.00)

Printing steady-state probabilities in plain text format to file "../../../../CZK_project/Output/t=0.02_median/hybrid/ph_10_2800_1E-6"...

Time for steady-state probability computation: 18.699 seconds.

