PRISM
=====

Version: 4.4.GSMP
Date: Tue May 29 09:49:08 CEST 2018
Hostname: thomas
Memory limits: cudd=1g, java(heap)=910.5m
Command line: prism -hybrid -epsilon 1E-6 -maxiters 100000000 -power -absolute -const 'k=20,timeout=0.02,lambda=34.6573590500' ../../../../CZK_project/Model/queue_withptf_ctmc.sm -ss -exportss ../../../../CZK_project/Output/t=0.02_median/hybrid/ph_10_20_1E-6

Parsing model file "../../../../CZK_project/Model/queue_withptf_ctmc.sm"...

Type:        CTMC
Modules:     main trigger 
Variables:   qSize i 

---------------------------------------------------------------------

Computing steady-state probabilities...

Building model...
Model constants: k=20,timeout=0.02,lambda=34.65735905

Computing reachable states...

Reachability (BFS): 201 iterations in 0.00 seconds (average 0.000020, setup 0.00)

Time for model construction: 0.013 seconds.

Type:        CTMC
States:      201 (1 initial)
Transitions: 381

Rate matrix: 91 nodes (3 terminal), 381 minterms, vars: 9r/9c

SCCs: 1, BSCCs: 1, non-BSCC states: 0
BSCC sizes: 1:201

Initial states all in one BSCC (so no reachability probabilities computed)

Computing probabilities...
Engine: Hybrid

Building power method iteration matrix MTBDD... [nodes=130] [2.5 Kb]
Building hybrid MTBDD matrix... [levels=9, nodes=149] [7.0 KB]
Adding explicit sparse matrices... [levels=9, num=1, compact] [2.5 KB]
Allocating iteration vectors... [2 x 1.6 KB]
TOTAL: [12.6 KB]

Starting iterations...

Power method: 1460 iterations in 0.00 seconds (average 0.000003, setup 0.00)

Printing steady-state probabilities in plain text format to file "../../../../CZK_project/Output/t=0.02_median/hybrid/ph_10_20_1E-6"...

Time for steady-state probability computation: 0.015 seconds.

