PRISM
=====

Version: 4.4.GSMP
Date: Tue May 29 09:50:34 CEST 2018
Hostname: thomas
Memory limits: cudd=1g, java(heap)=910.5m
Command line: prism -hybrid -epsilon 1E-6 -maxiters 100000000 -power -absolute -const 'k=1800,timeout=0.02,lambda=34.6573590500' ../../../../CZK_project/Model/queue_withptf_ctmc.sm -ss -exportss ../../../../CZK_project/Output/t=0.02_median/hybrid/ph_10_1800_1E-6

Parsing model file "../../../../CZK_project/Model/queue_withptf_ctmc.sm"...

Type:        CTMC
Modules:     main trigger 
Variables:   qSize i 

---------------------------------------------------------------------

Computing steady-state probabilities...

Building model...
Model constants: k=1800,timeout=0.02,lambda=34.65735905

Computing reachable states...

Reachability (BFS): 18001 iterations in 0.38 seconds (average 0.000021, setup 0.00)

Time for model construction: 0.586 seconds.

Type:        CTMC
States:      18001 (1 initial)
Transitions: 34201

Rate matrix: 181 nodes (3 terminal), 34201 minterms, vars: 15r/15c

SCCs: 1, BSCCs: 1, non-BSCC states: 0
BSCC sizes: 1:18001

Initial states all in one BSCC (so no reachability probabilities computed)

Computing probabilities...
Engine: Hybrid

Building power method iteration matrix MTBDD... [nodes=260] [5.1 Kb]
Building hybrid MTBDD matrix... [levels=15, nodes=307] [14.4 KB]
Adding explicit sparse matrices... [levels=15, num=1, compact] [221.5 KB]
Allocating iteration vectors... [2 x 140.6 KB]
TOTAL: [517.2 KB]

Starting iterations...
Iteration 27493: max diff=0.000004, 5.00 sec so far

Power method: 49144 iterations in 8.85 seconds (average 0.000180, setup 0.00)

Printing steady-state probabilities in plain text format to file "../../../../CZK_project/Output/t=0.02_median/hybrid/ph_10_1800_1E-6"...

Time for steady-state probability computation: 9.405 seconds.

