PRISM
=====

Version: 4.4.GSMP
Date: Tue May 29 09:58:07 CEST 2018
Hostname: thomas
Memory limits: cudd=1g, java(heap)=910.5m
Command line: prism -hybrid -epsilon 1E-6 -maxiters 100000000 -power -absolute -const 'k=4000,timeout=0.02,lambda=34.6573590500' ../../../../CZK_project/Model/queue_withptf_ctmc.sm -ss -exportss ../../../../CZK_project/Output/t=0.02_median/hybrid/ph_10_4000_1E-6

Parsing model file "../../../../CZK_project/Model/queue_withptf_ctmc.sm"...

Type:        CTMC
Modules:     main trigger 
Variables:   qSize i 

---------------------------------------------------------------------

Computing steady-state probabilities...

Building model...
Model constants: k=4000,timeout=0.02,lambda=34.65735905

Computing reachable states...

Reachability (BFS): 40001 iterations in 1.03 seconds (average 0.000026, setup 0.00)

Time for model construction: 1.961 seconds.

Type:        CTMC
States:      40001 (1 initial)
Transitions: 76001

Rate matrix: 185 nodes (3 terminal), 76001 minterms, vars: 16r/16c

SCCs: 1, BSCCs: 1, non-BSCC states: 0
BSCC sizes: 1:40001

Initial states all in one BSCC (so no reachability probabilities computed)

Computing probabilities...
Engine: Hybrid

Building power method iteration matrix MTBDD... [nodes=267] [5.2 Kb]
Building hybrid MTBDD matrix... [levels=16, nodes=320] [15.0 KB]
Adding explicit sparse matrices... [levels=16, num=1, compact] [492.2 KB]
Allocating iteration vectors... [2 x 312.5 KB]
TOTAL: [1.1 MB]

Starting iterations...
Iteration 13033: max diff=0.000003, 5.00 sec so far
Iteration 26199: max diff=0.000003, 10.01 sec so far
Iteration 39296: max diff=0.000003, 15.01 sec so far
Iteration 52438: max diff=0.000003, 20.02 sec so far
Iteration 65511: max diff=0.000002, 25.02 sec so far
Iteration 78606: max diff=0.000002, 30.02 sec so far

Power method: 84897 iterations in 32.48 seconds (average 0.000382, setup 0.00)

Printing steady-state probabilities in plain text format to file "../../../../CZK_project/Output/t=0.02_median/hybrid/ph_10_4000_1E-6"...

Time for steady-state probability computation: 33.91 seconds.

