PRISM
=====

Version: 4.4.GSMP
Date: Tue May 29 10:02:49 CEST 2018
Hostname: thomas
Memory limits: cudd=1g, java(heap)=910.5m
Command line: prism -hybrid -epsilon 1E-6 -maxiters 100000000 -power -absolute -const 'k=4700,timeout=0.02,lambda=34.6573590500' ../../../../CZK_project/Model/queue_withptf_ctmc.sm -ss -exportss ../../../../CZK_project/Output/t=0.02_median/hybrid/ph_10_4700_1E-6

Parsing model file "../../../../CZK_project/Model/queue_withptf_ctmc.sm"...

Type:        CTMC
Modules:     main trigger 
Variables:   qSize i 

---------------------------------------------------------------------

Computing steady-state probabilities...

Building model...
Model constants: k=4700,timeout=0.02,lambda=34.65735905

Computing reachable states...

Reachability (BFS): 47001 iterations in 1.37 seconds (average 0.000029, setup 0.00)

Time for model construction: 2.631 seconds.

Type:        CTMC
States:      47001 (1 initial)
Transitions: 89301

Rate matrix: 219 nodes (3 terminal), 89301 minterms, vars: 17r/17c

SCCs: 1, BSCCs: 1, non-BSCC states: 0
BSCC sizes: 1:47001

Initial states all in one BSCC (so no reachability probabilities computed)

Computing probabilities...
Engine: Hybrid

Building power method iteration matrix MTBDD... [nodes=314] [6.1 Kb]
Building hybrid MTBDD matrix... [levels=17, nodes=377] [17.7 KB]
Adding explicit sparse matrices... [levels=17, num=1, compact] [578.4 KB]
Allocating iteration vectors... [2 x 367.2 KB]
TOTAL: [1.3 MB]

Starting iterations...
Iteration 11183: max diff=0.000003, 5.00 sec so far
Iteration 22308: max diff=0.000002, 10.01 sec so far
Iteration 33261: max diff=0.000002, 15.01 sec so far
Iteration 44177: max diff=0.000002, 20.02 sec so far
Iteration 55008: max diff=0.000002, 25.02 sec so far
Iteration 65973: max diff=0.000002, 30.02 sec so far
Iteration 77020: max diff=0.000002, 35.03 sec so far
Iteration 88025: max diff=0.000002, 40.03 sec so far

Power method: 90266 iterations in 41.06 seconds (average 0.000455, setup 0.01)

Printing steady-state probabilities in plain text format to file "../../../../CZK_project/Output/t=0.02_median/hybrid/ph_10_4700_1E-6"...

Time for steady-state probability computation: 42.857 seconds.

