PRISM
=====

Version: 4.4.GSMP
Date: Tue May 29 10:06:08 CEST 2018
Hostname: thomas
Memory limits: cudd=1g, java(heap)=910.5m
Command line: prism -hybrid -epsilon 1E-6 -maxiters 100000000 -power -absolute -const 'k=6000,timeout=0.02,lambda=34.6573590500' ../../../../CZK_project/Model/queue_withptf_ctmc.sm -ss -exportss ../../../../CZK_project/Output/t=0.02_median/hybrid/ph_10_6000_1E-6

Parsing model file "../../../../CZK_project/Model/queue_withptf_ctmc.sm"...

Type:        CTMC
Modules:     main trigger 
Variables:   qSize i 

---------------------------------------------------------------------

Computing steady-state probabilities...

Building model...
Model constants: k=6000,timeout=0.02,lambda=34.65735905

Computing reachable states...

Reachability (BFS): 60001 iterations in 1.80 seconds (average 0.000030, setup 0.00)

Time for model construction: 3.725 seconds.

Type:        CTMC
States:      60001 (1 initial)
Transitions: 114001

Rate matrix: 207 nodes (3 terminal), 114001 minterms, vars: 17r/17c

SCCs: 1, BSCCs: 1, non-BSCC states: 0
BSCC sizes: 1:60001

Initial states all in one BSCC (so no reachability probabilities computed)

Computing probabilities...
Engine: Hybrid

Building power method iteration matrix MTBDD... [nodes=298] [5.8 Kb]
Building hybrid MTBDD matrix... [levels=17, nodes=360] [16.9 KB]
Adding explicit sparse matrices... [levels=17, num=1, compact] [738.3 KB]
Allocating iteration vectors... [2 x 468.8 KB]
TOTAL: [1.7 MB]

Starting iterations...
Iteration 8632: max diff=0.000003, 5.00 sec so far
Iteration 17044: max diff=0.000002, 10.01 sec so far
Iteration 25724: max diff=0.000002, 15.01 sec so far
Iteration 34269: max diff=0.000002, 20.02 sec so far
Iteration 42859: max diff=0.000002, 25.02 sec so far
Iteration 51315: max diff=0.000002, 30.02 sec so far
Iteration 59906: max diff=0.000002, 35.03 sec so far
Iteration 68510: max diff=0.000002, 40.03 sec so far
Iteration 76946: max diff=0.000002, 45.04 sec so far
Iteration 85475: max diff=0.000001, 50.04 sec so far
Iteration 93908: max diff=0.000001, 55.04 sec so far
Iteration 101478: max diff=0.000001, 60.05 sec so far

Power method: 103087 iterations in 61.10 seconds (average 0.000593, setup 0.01)

Printing steady-state probabilities in plain text format to file "../../../../CZK_project/Output/t=0.02_median/hybrid/ph_10_6000_1E-6"...

Time for steady-state probability computation: 63.415 seconds.

