PRISM
=====

Version: 4.4.GSMP
Date: Tue May 29 10:00:38 CEST 2018
Hostname: thomas
Memory limits: cudd=1g, java(heap)=910.5m
Command line: prism -hybrid -epsilon 1E-6 -maxiters 100000000 -power -absolute -const 'k=4400,timeout=0.02,lambda=34.6573590500' ../../../../CZK_project/Model/queue_withptf_ctmc.sm -ss -exportss ../../../../CZK_project/Output/t=0.02_median/hybrid/ph_10_4400_1E-6

Parsing model file "../../../../CZK_project/Model/queue_withptf_ctmc.sm"...

Type:        CTMC
Modules:     main trigger 
Variables:   qSize i 

---------------------------------------------------------------------

Computing steady-state probabilities...

Building model...
Model constants: k=4400,timeout=0.02,lambda=34.65735905

Computing reachable states...

Reachability (BFS): 44001 iterations in 1.29 seconds (average 0.000029, setup 0.00)

Time for model construction: 2.441 seconds.

Type:        CTMC
States:      44001 (1 initial)
Transitions: 83601

Rate matrix: 207 nodes (3 terminal), 83601 minterms, vars: 17r/17c

SCCs: 1, BSCCs: 1, non-BSCC states: 0
BSCC sizes: 1:44001

Initial states all in one BSCC (so no reachability probabilities computed)

Computing probabilities...
Engine: Hybrid

Building power method iteration matrix MTBDD... [nodes=298] [5.8 Kb]
Building hybrid MTBDD matrix... [levels=17, nodes=351] [16.5 KB]
Adding explicit sparse matrices... [levels=17, num=1, compact] [541.5 KB]
Allocating iteration vectors... [2 x 343.8 KB]
TOTAL: [1.2 MB]

Starting iterations...
Iteration 11843: max diff=0.000003, 5.00 sec so far
Iteration 23858: max diff=0.000003, 10.01 sec so far
Iteration 35451: max diff=0.000002, 15.01 sec so far
Iteration 46942: max diff=0.000002, 20.02 sec so far
Iteration 58654: max diff=0.000002, 25.02 sec so far
Iteration 70424: max diff=0.000002, 30.02 sec so far
Iteration 82226: max diff=0.000002, 35.03 sec so far

Power method: 88940 iterations in 37.87 seconds (average 0.000426, setup 0.00)

Printing steady-state probabilities in plain text format to file "../../../../CZK_project/Output/t=0.02_median/hybrid/ph_10_4400_1E-6"...

Time for steady-state probability computation: 39.604 seconds.

