PRISM
=====

Version: 4.4.GSMP
Date: Tue May 29 10:03:35 CEST 2018
Hostname: thomas
Memory limits: cudd=1g, java(heap)=910.5m
Command line: prism -hybrid -epsilon 1E-6 -maxiters 100000000 -power -absolute -const 'k=4800,timeout=0.02,lambda=34.6573590500' ../../../../CZK_project/Model/queue_withptf_ctmc.sm -ss -exportss ../../../../CZK_project/Output/t=0.02_median/hybrid/ph_10_4800_1E-6

Parsing model file "../../../../CZK_project/Model/queue_withptf_ctmc.sm"...

Type:        CTMC
Modules:     main trigger 
Variables:   qSize i 

---------------------------------------------------------------------

Computing steady-state probabilities...

Building model...
Model constants: k=4800,timeout=0.02,lambda=34.65735905

Computing reachable states...

Reachability (BFS): 48001 iterations in 1.42 seconds (average 0.000030, setup 0.00)

Time for model construction: 2.879 seconds.

Type:        CTMC
States:      48001 (1 initial)
Transitions: 91201

Rate matrix: 195 nodes (3 terminal), 91201 minterms, vars: 17r/17c

SCCs: 1, BSCCs: 1, non-BSCC states: 0
BSCC sizes: 1:48001

Initial states all in one BSCC (so no reachability probabilities computed)

Computing probabilities...
Engine: Hybrid

Building power method iteration matrix MTBDD... [nodes=282] [5.5 Kb]
Building hybrid MTBDD matrix... [levels=17, nodes=331] [15.5 KB]
Adding explicit sparse matrices... [levels=17, num=1, compact] [590.7 KB]
Allocating iteration vectors... [2 x 375.0 KB]
TOTAL: [1.3 MB]

Starting iterations...
Iteration 10657: max diff=0.000003, 5.00 sec so far
Iteration 21590: max diff=0.000002, 10.01 sec so far
Iteration 32193: max diff=0.000002, 15.01 sec so far
Iteration 42897: max diff=0.000002, 20.02 sec so far
Iteration 53410: max diff=0.000002, 25.02 sec so far
Iteration 64135: max diff=0.000002, 30.02 sec so far
Iteration 74862: max diff=0.000002, 35.03 sec so far
Iteration 85589: max diff=0.000002, 40.03 sec so far

Power method: 92179 iterations in 43.11 seconds (average 0.000468, setup 0.01)

Printing steady-state probabilities in plain text format to file "../../../../CZK_project/Output/t=0.02_median/hybrid/ph_10_4800_1E-6"...

Time for steady-state probability computation: 44.958 seconds.

