PRISM
=====

Version: 4.4.GSMP
Date: Tue May 29 11:45:42 CEST 2018
Hostname: thomas
Memory limits: cudd=1g, java(heap)=910.5m
Command line: prism -hybrid -epsilon 1E-6 -maxiters 100000000 -power -absolute -const 'k=46000,timeout=0.02,lambda=34.6573590500' ../../../../CZK_project/Model/queue_withptf_ctmc.sm -ss -exportss ../../../../CZK_project/Output/t=0.02_median/hybrid/ph_10_46000_1E-6

Parsing model file "../../../../CZK_project/Model/queue_withptf_ctmc.sm"...

Type:        CTMC
Modules:     main trigger 
Variables:   qSize i 

---------------------------------------------------------------------

Computing steady-state probabilities...

Building model...
Model constants: k=46000,timeout=0.02,lambda=34.65735905

Computing reachable states...

Reachability (BFS): 460001 iterations in 21.58 seconds (average 0.000047, setup 0.00)

Time for model construction: 137.831 seconds.

Type:        CTMC
States:      460001 (1 initial)
Transitions: 874001

Rate matrix: 255 nodes (3 terminal), 874001 minterms, vars: 20r/20c

SCCs: 1, BSCCs: 1, non-BSCC states: 0
BSCC sizes: 1:460001

Initial states all in one BSCC (so no reachability probabilities computed)

Computing probabilities...
Engine: Hybrid

Building power method iteration matrix MTBDD... [nodes=367] [7.2 Kb]
Building hybrid MTBDD matrix... [levels=20, nodes=444] [20.8 KB]
Adding explicit sparse matrices... [levels=14, num=12, compact] [726.2 KB]
Allocating iteration vectors... [2 x 3.5 MB]
TOTAL: [7.7 MB]

Starting iterations...
Iteration 829: max diff=0.000002, 5.00 sec so far
Iteration 1576: max diff=0.000002, 10.01 sec so far
Iteration 2318: max diff=0.000002, 15.02 sec so far
Iteration 3141: max diff=0.000002, 20.02 sec so far
Iteration 3957: max diff=0.000002, 25.02 sec so far
Iteration 4776: max diff=0.000002, 30.03 sec so far
Iteration 5596: max diff=0.000002, 35.03 sec so far
Iteration 6414: max diff=0.000002, 40.04 sec so far
Iteration 7229: max diff=0.000002, 45.04 sec so far
Iteration 8043: max diff=0.000002, 50.05 sec so far
Iteration 8856: max diff=0.000002, 55.06 sec so far
Iteration 9670: max diff=0.000002, 60.06 sec so far
Iteration 10485: max diff=0.000002, 65.07 sec so far
Iteration 11299: max diff=0.000002, 70.07 sec so far
Iteration 12111: max diff=0.000001, 75.08 sec so far
Iteration 12926: max diff=0.000001, 80.08 sec so far
Iteration 13741: max diff=0.000001, 85.08 sec so far
Iteration 14554: max diff=0.000001, 90.09 sec so far
Iteration 15369: max diff=0.000001, 95.09 sec so far
Iteration 16184: max diff=0.000001, 100.10 sec so far
Iteration 16998: max diff=0.000001, 105.11 sec so far
Iteration 17811: max diff=0.000001, 110.12 sec so far
Iteration 18625: max diff=0.000001, 115.12 sec so far
Iteration 19437: max diff=0.000001, 120.12 sec so far
Iteration 20252: max diff=0.000001, 125.13 sec so far
Iteration 21065: max diff=0.000001, 130.13 sec so far
Iteration 21880: max diff=0.000001, 135.14 sec so far
Iteration 22691: max diff=0.000001, 140.14 sec so far

Power method: 23084 iterations in 142.56 seconds (average 0.006175, setup 0.01)

Printing steady-state probabilities in plain text format to file "../../../../CZK_project/Output/t=0.02_median/hybrid/ph_10_46000_1E-6"...

Time for steady-state probability computation: 165.998 seconds.

