PRISM
=====

Version: 4.4.GSMP
Date: Tue May 29 11:08:51 CEST 2018
Hostname: thomas
Memory limits: cudd=1g, java(heap)=910.5m
Command line: prism -hybrid -epsilon 1E-6 -maxiters 100000000 -power -absolute -const 'k=38000,timeout=0.02,lambda=34.6573590500' ../../../../CZK_project/Model/queue_withptf_ctmc.sm -ss -exportss ../../../../CZK_project/Output/t=0.02_median/hybrid/ph_10_38000_1E-6

Parsing model file "../../../../CZK_project/Model/queue_withptf_ctmc.sm"...

Type:        CTMC
Modules:     main trigger 
Variables:   qSize i 

---------------------------------------------------------------------

Computing steady-state probabilities...

Building model...
Model constants: k=38000,timeout=0.02,lambda=34.65735905

Computing reachable states...

Reachability (BFS): 380001 iterations in 17.26 seconds (average 0.000045, setup 0.00)

Time for model construction: 123.609 seconds.

Type:        CTMC
States:      380001 (1 initial)
Transitions: 722001

Rate matrix: 255 nodes (3 terminal), 722001 minterms, vars: 20r/20c

SCCs: 1, BSCCs: 1, non-BSCC states: 0
BSCC sizes: 1:380001

Initial states all in one BSCC (so no reachability probabilities computed)

Computing probabilities...
Engine: Hybrid

Building power method iteration matrix MTBDD... [nodes=367] [7.2 Kb]
Building hybrid MTBDD matrix... [levels=20, nodes=438] [20.5 KB]
Adding explicit sparse matrices... [levels=16, num=7, compact] [927.8 KB]
Allocating iteration vectors... [2 x 2.9 MB]
TOTAL: [6.7 MB]

Starting iterations...
Iteration 1102: max diff=0.000003, 5.00 sec so far
Iteration 2209: max diff=0.000002, 10.01 sec so far
Iteration 3318: max diff=0.000002, 15.01 sec so far
Iteration 4425: max diff=0.000002, 20.02 sec so far
Iteration 5514: max diff=0.000002, 25.02 sec so far
Iteration 6625: max diff=0.000002, 30.02 sec so far
Iteration 7671: max diff=0.000002, 35.03 sec so far
Iteration 8737: max diff=0.000002, 40.03 sec so far
Iteration 9856: max diff=0.000002, 45.04 sec so far
Iteration 10978: max diff=0.000002, 50.04 sec so far
Iteration 12099: max diff=0.000002, 55.04 sec so far
Iteration 13222: max diff=0.000002, 60.05 sec so far
Iteration 14337: max diff=0.000001, 65.05 sec so far
Iteration 15458: max diff=0.000001, 70.06 sec so far
Iteration 16581: max diff=0.000001, 75.06 sec so far
Iteration 17705: max diff=0.000001, 80.06 sec so far
Iteration 18826: max diff=0.000001, 85.07 sec so far
Iteration 19947: max diff=0.000001, 90.07 sec so far
Iteration 21070: max diff=0.000001, 95.08 sec so far
Iteration 22190: max diff=0.000001, 100.08 sec so far

Power method: 23112 iterations in 104.21 seconds (average 0.004508, setup 0.01)

Printing steady-state probabilities in plain text format to file "../../../../CZK_project/Output/t=0.02_median/hybrid/ph_10_38000_1E-6"...

Time for steady-state probability computation: 123.645 seconds.

