PRISM
=====

Version: 4.4.GSMP
Date: Tue May 29 10:16:42 CEST 2018
Hostname: thomas
Memory limits: cudd=1g, java(heap)=910.5m
Command line: prism -hybrid -epsilon 1E-6 -maxiters 100000000 -power -absolute -const 'k=12000,timeout=0.02,lambda=34.6573590500' ../../../../CZK_project/Model/queue_withptf_ctmc.sm -ss -exportss ../../../../CZK_project/Output/t=0.02_median/hybrid/ph_10_12000_1E-6

Parsing model file "../../../../CZK_project/Model/queue_withptf_ctmc.sm"...

Type:        CTMC
Modules:     main trigger 
Variables:   qSize i 

---------------------------------------------------------------------

Computing steady-state probabilities...

Building model...
Model constants: k=12000,timeout=0.02,lambda=34.65735905

Computing reachable states...

Reachability (BFS): 120001 iterations in 4.43 seconds (average 0.000037, setup 0.00)

Time for model construction: 12.262 seconds.

Type:        CTMC
States:      120001 (1 initial)
Transitions: 228001

Rate matrix: 217 nodes (3 terminal), 228001 minterms, vars: 18r/18c

SCCs: 1, BSCCs: 1, non-BSCC states: 0
BSCC sizes: 1:120001

Initial states all in one BSCC (so no reachability probabilities computed)

Computing probabilities...
Engine: Hybrid

Building power method iteration matrix MTBDD... [nodes=313] [6.1 Kb]
Building hybrid MTBDD matrix... [levels=18, nodes=377] [17.7 KB]
Adding explicit sparse matrices... [levels=15, num=7, compact] [632.9 KB]
Allocating iteration vectors... [2 x 937.5 KB]
TOTAL: [2.5 MB]

Starting iterations...
Iteration 3485: max diff=0.000005, 5.00 sec so far
Iteration 6928: max diff=0.000003, 10.01 sec so far
Iteration 10436: max diff=0.000002, 15.01 sec so far
Iteration 13981: max diff=0.000001, 20.02 sec so far
Iteration 17516: max diff=0.000002, 25.02 sec so far
Iteration 20978: max diff=0.000001, 30.02 sec so far
Iteration 24478: max diff=0.000001, 35.03 sec so far
Iteration 27989: max diff=0.000001, 40.03 sec so far
Iteration 31478: max diff=0.000001, 45.04 sec so far
Iteration 34864: max diff=0.000001, 50.04 sec so far

Power method: 36058 iterations in 51.77 seconds (average 0.001436, setup 0.01)

Printing steady-state probabilities in plain text format to file "../../../../CZK_project/Output/t=0.02_median/hybrid/ph_10_12000_1E-6"...

Time for steady-state probability computation: 56.888 seconds.

