PRISM
=====

Version: 4.4.GSMP
Date: Tue May 29 12:02:32 CEST 2018
Hostname: thomas
Memory limits: cudd=1g, java(heap)=910.5m
Command line: prism -hybrid -epsilon 1E-6 -maxiters 100000000 -power -absolute -const 'k=49000,timeout=0.02,lambda=34.6573590500' ../../../../CZK_project/Model/queue_withptf_ctmc.sm -ss -exportss ../../../../CZK_project/Output/t=0.02_median/hybrid/ph_10_49000_1E-6

Parsing model file "../../../../CZK_project/Model/queue_withptf_ctmc.sm"...

Type:        CTMC
Modules:     main trigger 
Variables:   qSize i 

---------------------------------------------------------------------

Computing steady-state probabilities...

Building model...
Model constants: k=49000,timeout=0.02,lambda=34.65735905

Computing reachable states...

Reachability (BFS): 490001 iterations in 21.00 seconds (average 0.000043, setup 0.00)

Time for model construction: 181.992 seconds.

Type:        CTMC
States:      490001 (1 initial)
Transitions: 931001

Rate matrix: 261 nodes (3 terminal), 931001 minterms, vars: 20r/20c

SCCs: 1, BSCCs: 1, non-BSCC states: 0
BSCC sizes: 1:490001

Initial states all in one BSCC (so no reachability probabilities computed)

Computing probabilities...
Engine: Hybrid

Building power method iteration matrix MTBDD... [nodes=375] [7.3 Kb]
Building hybrid MTBDD matrix... [levels=20, nodes=460] [21.6 KB]
Adding explicit sparse matrices... [levels=14, num=12, compact] [796.5 KB]
Allocating iteration vectors... [2 x 3.7 MB]
TOTAL: [8.3 MB]

Starting iterations...
Iteration 764: max diff=0.000002, 5.00 sec so far
Iteration 1534: max diff=0.000002, 10.01 sec so far
Iteration 2306: max diff=0.000002, 15.01 sec so far
Iteration 3076: max diff=0.000002, 20.02 sec so far
Iteration 3845: max diff=0.000002, 25.03 sec so far
Iteration 4615: max diff=0.000002, 30.03 sec so far
Iteration 5387: max diff=0.000002, 35.04 sec so far
Iteration 6157: max diff=0.000002, 40.04 sec so far
Iteration 6924: max diff=0.000002, 45.05 sec so far
Iteration 7692: max diff=0.000002, 50.05 sec so far
Iteration 8465: max diff=0.000002, 55.06 sec so far
Iteration 9235: max diff=0.000002, 60.07 sec so far
Iteration 10003: max diff=0.000002, 65.07 sec so far
Iteration 10773: max diff=0.000001, 70.08 sec so far
Iteration 11541: max diff=0.000001, 75.08 sec so far
Iteration 12312: max diff=0.000001, 80.09 sec so far
Iteration 13081: max diff=0.000001, 85.10 sec so far
Iteration 13854: max diff=0.000001, 90.10 sec so far
Iteration 14626: max diff=0.000001, 95.11 sec so far
Iteration 15396: max diff=0.000001, 100.11 sec so far
Iteration 16169: max diff=0.000001, 105.12 sec so far
Iteration 16944: max diff=0.000001, 110.12 sec so far
Iteration 17719: max diff=0.000001, 115.13 sec so far
Iteration 18488: max diff=0.000001, 120.13 sec so far
Iteration 19255: max diff=0.000001, 125.14 sec so far
Iteration 20026: max diff=0.000001, 130.14 sec so far
Iteration 20798: max diff=0.000001, 135.15 sec so far
Iteration 21571: max diff=0.000001, 140.15 sec so far
Iteration 22345: max diff=0.000001, 145.16 sec so far

Power method: 22782 iterations in 147.99 seconds (average 0.006495, setup 0.01)

Printing steady-state probabilities in plain text format to file "../../../../CZK_project/Output/t=0.02_median/hybrid/ph_10_49000_1E-6"...

Time for steady-state probability computation: 171.605 seconds.

