PRISM
=====

Version: 4.4.GSMP
Date: Tue May 29 10:05:15 CEST 2018
Hostname: thomas
Memory limits: cudd=1g, java(heap)=910.5m
Command line: prism -hybrid -epsilon 1E-6 -maxiters 100000000 -power -absolute -const 'k=5000,timeout=0.02,lambda=34.6573590500' ../../../../CZK_project/Model/queue_withptf_ctmc.sm -ss -exportss ../../../../CZK_project/Output/t=0.02_median/hybrid/ph_10_5000_1E-6

Parsing model file "../../../../CZK_project/Model/queue_withptf_ctmc.sm"...

Type:        CTMC
Modules:     main trigger 
Variables:   qSize i 

---------------------------------------------------------------------

Computing steady-state probabilities...

Building model...
Model constants: k=5000,timeout=0.02,lambda=34.65735905

Computing reachable states...

Reachability (BFS): 50001 iterations in 1.57 seconds (average 0.000031, setup 0.00)

Time for model construction: 2.927 seconds.

Type:        CTMC
States:      50001 (1 initial)
Transitions: 95001

Rate matrix: 213 nodes (3 terminal), 95001 minterms, vars: 17r/17c

SCCs: 1, BSCCs: 1, non-BSCC states: 0
BSCC sizes: 1:50001

Initial states all in one BSCC (so no reachability probabilities computed)

Computing probabilities...
Engine: Hybrid

Building power method iteration matrix MTBDD... [nodes=306] [6.0 Kb]
Building hybrid MTBDD matrix... [levels=17, nodes=364] [17.1 KB]
Adding explicit sparse matrices... [levels=17, num=1, compact] [615.3 KB]
Allocating iteration vectors... [2 x 390.6 KB]
TOTAL: [1.4 MB]

Starting iterations...
Iteration 9951: max diff=0.000003, 5.00 sec so far
Iteration 20275: max diff=0.000002, 10.01 sec so far
Iteration 30695: max diff=0.000002, 15.01 sec so far
Iteration 40754: max diff=0.000002, 20.02 sec so far
Iteration 50969: max diff=0.000002, 25.02 sec so far
Iteration 61345: max diff=0.000002, 30.02 sec so far
Iteration 71527: max diff=0.000002, 35.03 sec so far
Iteration 81903: max diff=0.000001, 40.03 sec so far
Iteration 91961: max diff=0.000001, 45.04 sec so far

Power method: 96009 iterations in 46.98 seconds (average 0.000489, setup 0.01)

Printing steady-state probabilities in plain text format to file "../../../../CZK_project/Output/t=0.02_median/hybrid/ph_10_5000_1E-6"...

Time for steady-state probability computation: 49.081 seconds.

