PRISM
=====

Version: 4.4.GSMP
Date: Tue May 29 09:56:59 CEST 2018
Hostname: thomas
Memory limits: cudd=1g, java(heap)=910.5m
Command line: prism -hybrid -epsilon 1E-6 -maxiters 100000000 -power -absolute -const 'k=3800,timeout=0.02,lambda=34.6573590500' ../../../../CZK_project/Model/queue_withptf_ctmc.sm -ss -exportss ../../../../CZK_project/Output/t=0.02_median/hybrid/ph_10_3800_1E-6

Parsing model file "../../../../CZK_project/Model/queue_withptf_ctmc.sm"...

Type:        CTMC
Modules:     main trigger 
Variables:   qSize i 

---------------------------------------------------------------------

Computing steady-state probabilities...

Building model...
Model constants: k=3800,timeout=0.02,lambda=34.65735905

Computing reachable states...

Reachability (BFS): 38001 iterations in 1.01 seconds (average 0.000027, setup 0.00)

Time for model construction: 1.886 seconds.

Type:        CTMC
States:      38001 (1 initial)
Transitions: 72201

Rate matrix: 197 nodes (3 terminal), 72201 minterms, vars: 16r/16c

SCCs: 1, BSCCs: 1, non-BSCC states: 0
BSCC sizes: 1:38001

Initial states all in one BSCC (so no reachability probabilities computed)

Computing probabilities...
Engine: Hybrid

Building power method iteration matrix MTBDD... [nodes=283] [5.5 Kb]
Building hybrid MTBDD matrix... [levels=16, nodes=343] [16.1 KB]
Adding explicit sparse matrices... [levels=16, num=1, compact] [467.6 KB]
Allocating iteration vectors... [2 x 296.9 KB]
TOTAL: [1.1 MB]

Starting iterations...
Iteration 13910: max diff=0.000003, 5.00 sec so far
Iteration 27702: max diff=0.000003, 10.01 sec so far
Iteration 41298: max diff=0.000003, 15.01 sec so far
Iteration 54642: max diff=0.000002, 20.02 sec so far
Iteration 68057: max diff=0.000002, 25.02 sec so far

Power method: 80662 iterations in 29.74 seconds (average 0.000369, setup 0.00)

Printing steady-state probabilities in plain text format to file "../../../../CZK_project/Output/t=0.02_median/hybrid/ph_10_3800_1E-6"...

Time for steady-state probability computation: 31.111 seconds.

