PRISM
=====

Version: 4.4.GSMP
Date: Tue May 29 09:56:26 CEST 2018
Hostname: thomas
Memory limits: cudd=1g, java(heap)=910.5m
Command line: prism -hybrid -epsilon 1E-6 -maxiters 100000000 -power -absolute -const 'k=3700,timeout=0.02,lambda=34.6573590500' ../../../../CZK_project/Model/queue_withptf_ctmc.sm -ss -exportss ../../../../CZK_project/Output/t=0.02_median/hybrid/ph_10_3700_1E-6

Parsing model file "../../../../CZK_project/Model/queue_withptf_ctmc.sm"...

Type:        CTMC
Modules:     main trigger 
Variables:   qSize i 

---------------------------------------------------------------------

Computing steady-state probabilities...

Building model...
Model constants: k=3700,timeout=0.02,lambda=34.65735905

Computing reachable states...

Reachability (BFS): 37001 iterations in 0.96 seconds (average 0.000026, setup 0.00)

Time for model construction: 1.796 seconds.

Type:        CTMC
States:      37001 (1 initial)
Transitions: 70301

Rate matrix: 203 nodes (3 terminal), 70301 minterms, vars: 16r/16c

SCCs: 1, BSCCs: 1, non-BSCC states: 0
BSCC sizes: 1:37001

Initial states all in one BSCC (so no reachability probabilities computed)

Computing probabilities...
Engine: Hybrid

Building power method iteration matrix MTBDD... [nodes=291] [5.7 Kb]
Building hybrid MTBDD matrix... [levels=16, nodes=353] [16.5 KB]
Adding explicit sparse matrices... [levels=16, num=1, compact] [455.3 KB]
Allocating iteration vectors... [2 x 289.1 KB]
TOTAL: [1.0 MB]

Starting iterations...
Iteration 13683: max diff=0.000003, 5.00 sec so far
Iteration 27336: max diff=0.000003, 10.01 sec so far
Iteration 41101: max diff=0.000003, 15.01 sec so far
Iteration 54641: max diff=0.000003, 20.02 sec so far
Iteration 68104: max diff=0.000002, 25.02 sec so far

Power method: 78547 iterations in 28.88 seconds (average 0.000368, setup 0.01)

Printing steady-state probabilities in plain text format to file "../../../../CZK_project/Output/t=0.02_median/hybrid/ph_10_3700_1E-6"...

Time for steady-state probability computation: 30.173 seconds.

