PRISM
=====

Version: 4.4.GSMP
Date: Tue May 29 10:31:38 CEST 2018
Hostname: thomas
Memory limits: cudd=1g, java(heap)=910.5m
Command line: prism -hybrid -epsilon 1E-6 -maxiters 100000000 -power -absolute -const 'k=24000,timeout=0.02,lambda=34.6573590500' ../../../../CZK_project/Model/queue_withptf_ctmc.sm -ss -exportss ../../../../CZK_project/Output/t=0.02_median/hybrid/ph_10_24000_1E-6

Parsing model file "../../../../CZK_project/Model/queue_withptf_ctmc.sm"...

Type:        CTMC
Modules:     main trigger 
Variables:   qSize i 

---------------------------------------------------------------------

Computing steady-state probabilities...

Building model...
Model constants: k=24000,timeout=0.02,lambda=34.65735905

Computing reachable states...

Reachability (BFS): 240001 iterations in 9.87 seconds (average 0.000041, setup 0.00)

Time for model construction: 38.15 seconds.

Type:        CTMC
States:      240001 (1 initial)
Transitions: 456001

Rate matrix: 227 nodes (3 terminal), 456001 minterms, vars: 19r/19c

SCCs: 1, BSCCs: 1, non-BSCC states: 0
BSCC sizes: 1:240001

Initial states all in one BSCC (so no reachability probabilities computed)

Computing probabilities...
Engine: Hybrid

Building power method iteration matrix MTBDD... [nodes=328] [6.4 Kb]
Building hybrid MTBDD matrix... [levels=19, nodes=394] [18.5 KB]
Adding explicit sparse matrices... [levels=15, num=7, compact] [586.0 KB]
Allocating iteration vectors... [2 x 1.8 MB]
TOTAL: [4.3 MB]

Starting iterations...
Iteration 1791: max diff=0.000004, 5.00 sec so far
Iteration 3588: max diff=0.000003, 10.01 sec so far
Iteration 5357: max diff=0.000003, 15.01 sec so far
Iteration 7159: max diff=0.000003, 20.02 sec so far
Iteration 8954: max diff=0.000002, 25.02 sec so far
Iteration 10753: max diff=0.000002, 30.02 sec so far
Iteration 12550: max diff=0.000002, 35.03 sec so far
Iteration 14352: max diff=0.000002, 40.03 sec so far
Iteration 16151: max diff=0.000001, 45.04 sec so far
Iteration 17941: max diff=0.000001, 50.04 sec so far
Iteration 19741: max diff=0.000001, 55.04 sec so far

Power method: 19968 iterations in 55.68 seconds (average 0.002788, setup 0.01)

Printing steady-state probabilities in plain text format to file "../../../../CZK_project/Output/t=0.02_median/hybrid/ph_10_24000_1E-6"...

Time for steady-state probability computation: 66.962 seconds.

