PRISM
=====

Version: 4.4.GSMP
Date: Tue May 29 10:17:51 CEST 2018
Hostname: thomas
Memory limits: cudd=1g, java(heap)=910.5m
Command line: prism -hybrid -epsilon 1E-6 -maxiters 100000000 -power -absolute -const 'k=13000,timeout=0.02,lambda=34.6573590500' ../../../../CZK_project/Model/queue_withptf_ctmc.sm -ss -exportss ../../../../CZK_project/Output/t=0.02_median/hybrid/ph_10_13000_1E-6

Parsing model file "../../../../CZK_project/Model/queue_withptf_ctmc.sm"...

Type:        CTMC
Modules:     main trigger 
Variables:   qSize i 

---------------------------------------------------------------------

Computing steady-state probabilities...

Building model...
Model constants: k=13000,timeout=0.02,lambda=34.65735905

Computing reachable states...

Reachability (BFS): 130001 iterations in 4.90 seconds (average 0.000038, setup 0.00)

Time for model construction: 14.007 seconds.

Type:        CTMC
States:      130001 (1 initial)
Transitions: 247001

Rate matrix: 229 nodes (3 terminal), 247001 minterms, vars: 18r/18c

SCCs: 1, BSCCs: 1, non-BSCC states: 0
BSCC sizes: 1:130001

Initial states all in one BSCC (so no reachability probabilities computed)

Computing probabilities...
Engine: Hybrid

Building power method iteration matrix MTBDD... [nodes=329] [6.4 Kb]
Building hybrid MTBDD matrix... [levels=18, nodes=394] [18.5 KB]
Adding explicit sparse matrices... [levels=15, num=7, compact] [685.6 KB]
Allocating iteration vectors... [2 x 1015.6 KB]
TOTAL: [2.7 MB]

Starting iterations...
Iteration 3136: max diff=0.000005, 5.00 sec so far
Iteration 6273: max diff=0.000004, 10.01 sec so far
Iteration 9437: max diff=0.000002, 15.01 sec so far
Iteration 12596: max diff=0.000001, 20.02 sec so far
Iteration 15750: max diff=0.000001, 25.02 sec so far
Iteration 18900: max diff=0.000001, 30.02 sec so far
Iteration 22139: max diff=0.000001, 35.03 sec so far
Iteration 25373: max diff=0.000001, 40.03 sec so far

Power method: 26144 iterations in 41.24 seconds (average 0.001577, setup 0.00)

Printing steady-state probabilities in plain text format to file "../../../../CZK_project/Output/t=0.02_median/hybrid/ph_10_13000_1E-6"...

Time for steady-state probability computation: 46.985 seconds.

