PRISM
=====

Version: 4.4.GSMP
Date: Tue May 29 10:43:53 CEST 2018
Hostname: thomas
Memory limits: cudd=1g, java(heap)=910.5m
Command line: prism -hybrid -epsilon 1E-6 -maxiters 100000000 -power -absolute -const 'k=30000,timeout=0.02,lambda=34.6573590500' ../../../../CZK_project/Model/queue_withptf_ctmc.sm -ss -exportss ../../../../CZK_project/Output/t=0.02_median/hybrid/ph_10_30000_1E-6

Parsing model file "../../../../CZK_project/Model/queue_withptf_ctmc.sm"...

Type:        CTMC
Modules:     main trigger 
Variables:   qSize i 

---------------------------------------------------------------------

Computing steady-state probabilities...

Building model...
Model constants: k=30000,timeout=0.02,lambda=34.65735905

Computing reachable states...

Reachability (BFS): 300001 iterations in 12.39 seconds (average 0.000041, setup 0.00)

Time for model construction: 56.003 seconds.

Type:        CTMC
States:      300001 (1 initial)
Transitions: 570001

Rate matrix: 239 nodes (3 terminal), 570001 minterms, vars: 19r/19c

SCCs: 1, BSCCs: 1, non-BSCC states: 0
BSCC sizes: 1:300001

Initial states all in one BSCC (so no reachability probabilities computed)

Computing probabilities...
Engine: Hybrid

Building power method iteration matrix MTBDD... [nodes=344] [6.7 Kb]
Building hybrid MTBDD matrix... [levels=19, nodes=414] [19.4 KB]
Adding explicit sparse matrices... [levels=15, num=7, compact] [732.5 KB]
Allocating iteration vectors... [2 x 2.3 MB]
TOTAL: [5.3 MB]

Starting iterations...
Iteration 1439: max diff=0.000003, 5.00 sec so far
Iteration 2873: max diff=0.000003, 10.01 sec so far
Iteration 4308: max diff=0.000003, 15.01 sec so far
Iteration 5750: max diff=0.000003, 20.02 sec so far
Iteration 7184: max diff=0.000002, 25.02 sec so far
Iteration 8621: max diff=0.000002, 30.02 sec so far
Iteration 10063: max diff=0.000002, 35.03 sec so far
Iteration 11505: max diff=0.000002, 40.03 sec so far
Iteration 12942: max diff=0.000002, 45.04 sec so far
Iteration 14374: max diff=0.000002, 50.04 sec so far
Iteration 15816: max diff=0.000001, 55.04 sec so far
Iteration 17256: max diff=0.000001, 60.05 sec so far
Iteration 18698: max diff=0.000001, 65.05 sec so far
Iteration 20120: max diff=0.000001, 70.06 sec so far
Iteration 21556: max diff=0.000001, 75.06 sec so far

Power method: 21871 iterations in 76.17 seconds (average 0.003482, setup 0.01)

Printing steady-state probabilities in plain text format to file "../../../../CZK_project/Output/t=0.02_median/hybrid/ph_10_30000_1E-6"...

Time for steady-state probability computation: 89.356 seconds.

