PRISM
=====

Version: 4.4.GSMP
Date: Tue May 29 10:01:21 CEST 2018
Hostname: thomas
Memory limits: cudd=1g, java(heap)=910.5m
Command line: prism -hybrid -epsilon 1E-6 -maxiters 100000000 -power -absolute -const 'k=4500,timeout=0.02,lambda=34.6573590500' ../../../../CZK_project/Model/queue_withptf_ctmc.sm -ss -exportss ../../../../CZK_project/Output/t=0.02_median/hybrid/ph_10_4500_1E-6

Parsing model file "../../../../CZK_project/Model/queue_withptf_ctmc.sm"...

Type:        CTMC
Modules:     main trigger 
Variables:   qSize i 

---------------------------------------------------------------------

Computing steady-state probabilities...

Building model...
Model constants: k=4500,timeout=0.02,lambda=34.65735905

Computing reachable states...

Reachability (BFS): 45001 iterations in 1.40 seconds (average 0.000031, setup 0.00)

Time for model construction: 2.633 seconds.

Type:        CTMC
States:      45001 (1 initial)
Transitions: 85501

Rate matrix: 219 nodes (3 terminal), 85501 minterms, vars: 17r/17c

SCCs: 1, BSCCs: 1, non-BSCC states: 0
BSCC sizes: 1:45001

Initial states all in one BSCC (so no reachability probabilities computed)

Computing probabilities...
Engine: Hybrid

Building power method iteration matrix MTBDD... [nodes=314] [6.1 Kb]
Building hybrid MTBDD matrix... [levels=17, nodes=374] [17.5 KB]
Adding explicit sparse matrices... [levels=17, num=1, compact] [553.8 KB]
Allocating iteration vectors... [2 x 351.6 KB]
TOTAL: [1.2 MB]

Starting iterations...
Iteration 11578: max diff=0.000003, 5.00 sec so far
Iteration 23025: max diff=0.000002, 10.01 sec so far
Iteration 34445: max diff=0.000002, 15.01 sec so far
Iteration 45869: max diff=0.000002, 20.02 sec so far
Iteration 57532: max diff=0.000002, 25.02 sec so far
Iteration 68913: max diff=0.000002, 30.02 sec so far
Iteration 80267: max diff=0.000002, 35.03 sec so far

Power method: 90957 iterations in 39.59 seconds (average 0.000435, setup 0.01)

Printing steady-state probabilities in plain text format to file "../../../../CZK_project/Output/t=0.02_median/hybrid/ph_10_4500_1E-6"...

Time for steady-state probability computation: 41.342 seconds.

