PRISM
=====

Version: 4.4.GSMP
Date: Tue May 29 09:52:58 CEST 2018
Hostname: thomas
Memory limits: cudd=1g, java(heap)=910.5m
Command line: prism -hybrid -epsilon 1E-6 -maxiters 100000000 -power -absolute -const 'k=2900,timeout=0.02,lambda=34.6573590500' ../../../../CZK_project/Model/queue_withptf_ctmc.sm -ss -exportss ../../../../CZK_project/Output/t=0.02_median/hybrid/ph_10_2900_1E-6

Parsing model file "../../../../CZK_project/Model/queue_withptf_ctmc.sm"...

Type:        CTMC
Modules:     main trigger 
Variables:   qSize i 

---------------------------------------------------------------------

Computing steady-state probabilities...

Building model...
Model constants: k=2900,timeout=0.02,lambda=34.65735905

Computing reachable states...

Reachability (BFS): 29001 iterations in 0.70 seconds (average 0.000024, setup 0.00)

Time for model construction: 1.217 seconds.

Type:        CTMC
States:      29001 (1 initial)
Transitions: 55101

Rate matrix: 203 nodes (3 terminal), 55101 minterms, vars: 16r/16c

SCCs: 1, BSCCs: 1, non-BSCC states: 0
BSCC sizes: 1:29001

Initial states all in one BSCC (so no reachability probabilities computed)

Computing probabilities...
Engine: Hybrid

Building power method iteration matrix MTBDD... [nodes=291] [5.7 Kb]
Building hybrid MTBDD matrix... [levels=16, nodes=350] [16.4 KB]
Adding explicit sparse matrices... [levels=16, num=1, compact] [356.9 KB]
Allocating iteration vectors... [2 x 226.6 KB]
TOTAL: [826.4 KB]

Starting iterations...
Iteration 18119: max diff=0.000004, 5.00 sec so far
Iteration 36167: max diff=0.000003, 10.01 sec so far
Iteration 54463: max diff=0.000003, 15.01 sec so far

Power method: 67433 iterations in 18.72 seconds (average 0.000278, setup 0.00)

Printing steady-state probabilities in plain text format to file "../../../../CZK_project/Output/t=0.02_median/hybrid/ph_10_2900_1E-6"...

Time for steady-state probability computation: 19.704 seconds.

