PRISM
=====

Version: 4.4.GSMP
Date: Tue May 29 09:51:07 CEST 2018
Hostname: thomas
Memory limits: cudd=1g, java(heap)=910.5m
Command line: prism -hybrid -epsilon 1E-6 -maxiters 100000000 -power -absolute -const 'k=2100,timeout=0.02,lambda=34.6573590500' ../../../../CZK_project/Model/queue_withptf_ctmc.sm -ss -exportss ../../../../CZK_project/Output/t=0.02_median/hybrid/ph_10_2100_1E-6

Parsing model file "../../../../CZK_project/Model/queue_withptf_ctmc.sm"...

Type:        CTMC
Modules:     main trigger 
Variables:   qSize i 

---------------------------------------------------------------------

Computing steady-state probabilities...

Building model...
Model constants: k=2100,timeout=0.02,lambda=34.65735905

Computing reachable states...

Reachability (BFS): 21001 iterations in 0.50 seconds (average 0.000024, setup 0.00)

Time for model construction: 0.79 seconds.

Type:        CTMC
States:      21001 (1 initial)
Transitions: 39901

Rate matrix: 203 nodes (3 terminal), 39901 minterms, vars: 16r/16c

SCCs: 1, BSCCs: 1, non-BSCC states: 0
BSCC sizes: 1:21001

Initial states all in one BSCC (so no reachability probabilities computed)

Computing probabilities...
Engine: Hybrid

Building power method iteration matrix MTBDD... [nodes=291] [5.7 Kb]
Building hybrid MTBDD matrix... [levels=16, nodes=344] [16.1 KB]
Adding explicit sparse matrices... [levels=16, num=1, compact] [258.4 KB]
Allocating iteration vectors... [2 x 164.1 KB]
TOTAL: [602.7 KB]

Starting iterations...
Iteration 25267: max diff=0.000005, 5.00 sec so far
Iteration 50195: max diff=0.000002, 10.01 sec so far

Power method: 55203 iterations in 11.00 seconds (average 0.000199, setup 0.00)

Printing steady-state probabilities in plain text format to file "../../../../CZK_project/Output/t=0.02_median/hybrid/ph_10_2100_1E-6"...

Time for steady-state probability computation: 11.684 seconds.

