PRISM
=====

Version: 4.4
Date: Sun Jun 17 02:51:06 EDT 2018
Hostname: storm-eval
Memory limits: cudd=1g, java(heap)=910.5m
Command line: prism -hybrid -epsilon 1E-15 -maxiters 100000000 -power -absolute -const 'k=4000,timeout=0.2,lambda=3.46573590279972654700' ../../CZK_project/Model/queue_withptf_ctmc.sm -ss -exportss ../../CZK_project/Output/t=0.2_median_constant/hybrid/ph_10_4000_1E-15

Parsing model file "../../CZK_project/Model/queue_withptf_ctmc.sm"...

Type:        CTMC
Modules:     main trigger 
Variables:   qSize i 

---------------------------------------------------------------------

Computing steady-state probabilities...

Building model...
Model constants: k=4000,timeout=0.2,lambda=3.4657359028

Computing reachable states...

Reachability (BFS): 44000 iterations in 1.84 seconds (average 0.000042, setup 0.00)

Time for model construction: 3.566 seconds.

Type:        CTMC
States:      44000 (1 initial)
Transitions: 84000

Rate matrix: 164 nodes (3 terminal), 84000 minterms, vars: 16r/16c

SCCs: 1, BSCCs: 1, non-BSCC states: 0
BSCC sizes: 1:44000

Initial states all in one BSCC (so no reachability probabilities computed)

Computing probabilities...
Engine: Hybrid

Building power method iteration matrix MTBDD... [nodes=219] [4.3 Kb]
Building hybrid MTBDD matrix... [levels=16, nodes=249] [11.7 KB]
Adding explicit sparse matrices... [levels=16, num=1, compact] [543.0 KB]
Allocating iteration vectors... [2 x 343.8 KB]
TOTAL: [1.2 MB]

Starting iterations...
Iteration 12733: max diff=0.000001, 5.00 sec so far
Iteration 25515: max diff=0.000000, 10.01 sec so far
Iteration 38180: max diff=0.000000, 15.01 sec so far
Iteration 50994: max diff=0.000000, 20.02 sec so far
Iteration 63459: max diff=0.000000, 25.02 sec so far
Iteration 76288: max diff=0.000000, 30.02 sec so far
Iteration 89138: max diff=0.000000, 35.03 sec so far
Iteration 101986: max diff=0.000000, 40.03 sec so far
Iteration 114871: max diff=0.000000, 45.04 sec so far
Iteration 127701: max diff=0.000000, 50.04 sec so far
Iteration 140586: max diff=0.000000, 55.04 sec so far
Iteration 153493: max diff=0.000000, 60.05 sec so far
Iteration 166358: max diff=0.000000, 65.05 sec so far
Iteration 179299: max diff=0.000000, 70.06 sec so far
Iteration 192123: max diff=0.000000, 75.06 sec so far
Iteration 205025: max diff=0.000000, 80.06 sec so far
Iteration 217965: max diff=0.000000, 85.07 sec so far
Iteration 230823: max diff=0.000000, 90.07 sec so far
Iteration 243686: max diff=0.000000, 95.08 sec so far
Iteration 256540: max diff=0.000000, 100.08 sec so far
Iteration 269407: max diff=0.000000, 105.08 sec so far
Iteration 282325: max diff=0.000000, 110.09 sec so far
Iteration 295130: max diff=0.000000, 115.09 sec so far
Iteration 307996: max diff=0.000000, 120.10 sec so far
Iteration 320818: max diff=0.000000, 125.10 sec so far
Iteration 333719: max diff=0.000000, 130.10 sec so far
Iteration 346645: max diff=0.000000, 135.11 sec so far
Iteration 359541: max diff=0.000000, 140.11 sec so far
Iteration 372418: max diff=0.000000, 145.12 sec so far
Iteration 385376: max diff=0.000000, 150.12 sec so far
Iteration 398256: max diff=0.000000, 155.12 sec so far
Iteration 411131: max diff=0.000000, 160.13 sec so far
Iteration 424071: max diff=0.000000, 165.13 sec so far
Iteration 436890: max diff=0.000000, 170.14 sec so far
Iteration 448884: max diff=0.000000, 175.14 sec so far
Iteration 461632: max diff=0.000000, 180.14 sec so far
Iteration 474458: max diff=0.000000, 185.15 sec so far
Iteration 487246: max diff=0.000000, 190.15 sec so far
Iteration 500060: max diff=0.000000, 195.16 sec so far
Iteration 512862: max diff=0.000000, 200.16 sec so far
Iteration 522604: max diff=0.000000, 205.16 sec so far
Iteration 535151: max diff=0.000000, 210.17 sec so far
Iteration 547728: max diff=0.000000, 215.17 sec so far
Iteration 560184: max diff=0.000000, 220.18 sec so far
Iteration 572883: max diff=0.000000, 225.18 sec so far
Iteration 585401: max diff=0.000000, 230.18 sec so far
Iteration 597860: max diff=0.000000, 235.19 sec so far
Iteration 610393: max diff=0.000000, 240.19 sec so far
Iteration 623054: max diff=0.000000, 245.20 sec so far
Iteration 635598: max diff=0.000000, 250.20 sec so far
Iteration 647381: max diff=0.000000, 255.20 sec so far
Iteration 659863: max diff=0.000000, 260.21 sec so far
Iteration 672672: max diff=0.000000, 265.21 sec so far
Iteration 685639: max diff=0.000000, 270.22 sec so far
Iteration 698538: max diff=0.000000, 275.22 sec so far
Iteration 711305: max diff=0.000000, 280.22 sec so far
Iteration 724019: max diff=0.000000, 285.23 sec so far

Power method: 731324 iterations in 287.97 seconds (average 0.000394, setup 0.01)

Printing steady-state probabilities in plain text format to file "../../CZK_project/Output/t=0.2_median_constant/hybrid/ph_10_4000_1E-15"...

Time for steady-state probability computation: 291.84 seconds.

