PRISM
=====

Version: 4.4
Date: Sun Jun 17 03:36:32 EDT 2018
Hostname: storm-eval
Memory limits: cudd=1g, java(heap)=910.5m
Command line: prism -hybrid -epsilon 1E-15 -maxiters 100000000 -power -absolute -const 'k=15000,timeout=0.2,lambda=3.46573590279972654700' ../../CZK_project/Model/queue_withptf_ctmc.sm -ss -exportss ../../CZK_project/Output/t=0.2_median_constant/hybrid/ph_10_15000_1E-15

Parsing model file "../../CZK_project/Model/queue_withptf_ctmc.sm"...

Type:        CTMC
Modules:     main trigger 
Variables:   qSize i 

---------------------------------------------------------------------

Computing steady-state probabilities...

Building model...
Model constants: k=15000,timeout=0.2,lambda=3.4657359028

Computing reachable states...

Reachability (BFS): 165000 iterations in 5.22 seconds (average 0.000032, setup 0.00)

Time for model construction: 14.047 seconds.

Type:        CTMC
States:      165000 (1 initial)
Transitions: 315000

Rate matrix: 204 nodes (3 terminal), 315000 minterms, vars: 18r/18c

SCCs: 1, BSCCs: 1, non-BSCC states: 0
BSCC sizes: 1:165000

Initial states all in one BSCC (so no reachability probabilities computed)

Computing probabilities...
Engine: Hybrid

Building power method iteration matrix MTBDD... [nodes=273] [5.3 Kb]
Building hybrid MTBDD matrix... [levels=18, nodes=314] [14.7 KB]
Adding explicit sparse matrices... [levels=15, num=7, compact] [996.1 KB]
Allocating iteration vectors... [2 x 1.3 MB]
TOTAL: [3.5 MB]

Starting iterations...
Iteration 3305: max diff=0.000000, 5.00 sec so far
Iteration 6589: max diff=0.000000, 10.01 sec so far
Iteration 9881: max diff=0.000000, 15.01 sec so far
Iteration 13166: max diff=0.000000, 20.02 sec so far
Iteration 16456: max diff=0.000000, 25.02 sec so far
Iteration 19749: max diff=0.000000, 30.02 sec so far
Iteration 23040: max diff=0.000000, 35.03 sec so far
Iteration 26327: max diff=0.000000, 40.03 sec so far
Iteration 29620: max diff=0.000000, 45.04 sec so far
Iteration 32919: max diff=0.000000, 50.04 sec so far
Iteration 36215: max diff=0.000000, 55.04 sec so far
Iteration 39508: max diff=0.000000, 60.05 sec so far
Iteration 42807: max diff=0.000000, 65.05 sec so far
Iteration 46103: max diff=0.000000, 70.06 sec so far
Iteration 49399: max diff=0.000000, 75.06 sec so far
Iteration 52692: max diff=0.000000, 80.06 sec so far
Iteration 55980: max diff=0.000000, 85.07 sec so far
Iteration 59284: max diff=0.000000, 90.07 sec so far
Iteration 62582: max diff=0.000000, 95.08 sec so far
Iteration 65886: max diff=0.000000, 100.08 sec so far
Iteration 69181: max diff=0.000000, 105.08 sec so far
Iteration 72483: max diff=0.000000, 110.09 sec so far
Iteration 75772: max diff=0.000000, 115.09 sec so far
Iteration 79070: max diff=0.000000, 120.10 sec so far
Iteration 82359: max diff=0.000000, 125.10 sec so far
Iteration 85652: max diff=0.000000, 130.10 sec so far
Iteration 88945: max diff=0.000000, 135.11 sec so far
Iteration 92237: max diff=0.000000, 140.11 sec so far
Iteration 95523: max diff=0.000000, 145.12 sec so far
Iteration 98813: max diff=0.000000, 150.12 sec so far
Iteration 102117: max diff=0.000000, 155.12 sec so far
Iteration 105424: max diff=0.000000, 160.13 sec so far
Iteration 108720: max diff=0.000000, 165.13 sec so far
Iteration 112016: max diff=0.000000, 170.14 sec so far
Iteration 115308: max diff=0.000000, 175.14 sec so far
Iteration 118595: max diff=0.000000, 180.14 sec so far
Iteration 121912: max diff=0.000000, 185.15 sec so far
Iteration 125208: max diff=0.000000, 190.15 sec so far
Iteration 128498: max diff=0.000000, 195.16 sec so far
Iteration 131793: max diff=0.000000, 200.16 sec so far
Iteration 135076: max diff=0.000000, 205.16 sec so far
Iteration 138379: max diff=0.000000, 210.17 sec so far
Iteration 141693: max diff=0.000000, 215.17 sec so far
Iteration 145007: max diff=0.000000, 220.18 sec so far
Iteration 148309: max diff=0.000000, 225.18 sec so far
Iteration 151626: max diff=0.000000, 230.18 sec so far
Iteration 154896: max diff=0.000000, 235.19 sec so far
Iteration 158203: max diff=0.000000, 240.19 sec so far
Iteration 161522: max diff=0.000000, 245.20 sec so far
Iteration 164833: max diff=0.000000, 250.20 sec so far
Iteration 168133: max diff=0.000000, 255.20 sec so far
Iteration 171437: max diff=0.000000, 260.21 sec so far
Iteration 174731: max diff=0.000000, 265.21 sec so far
Iteration 178031: max diff=0.000000, 270.22 sec so far
Iteration 181337: max diff=0.000000, 275.22 sec so far
Iteration 184644: max diff=0.000000, 280.22 sec so far
Iteration 187954: max diff=0.000000, 285.23 sec so far
Iteration 191259: max diff=0.000000, 290.23 sec so far
Iteration 194569: max diff=0.000000, 295.24 sec so far
Iteration 197867: max diff=0.000000, 300.24 sec so far
Iteration 201180: max diff=0.000000, 305.24 sec so far
Iteration 204486: max diff=0.000000, 310.25 sec so far
Iteration 207792: max diff=0.000000, 315.25 sec so far
Iteration 211097: max diff=0.000000, 320.26 sec so far
Iteration 214395: max diff=0.000000, 325.26 sec so far
Iteration 217698: max diff=0.000000, 330.26 sec so far
Iteration 221006: max diff=0.000000, 335.27 sec so far
Iteration 224313: max diff=0.000000, 340.27 sec so far
Iteration 227621: max diff=0.000000, 345.28 sec so far
Iteration 230934: max diff=0.000000, 350.28 sec so far
Iteration 234247: max diff=0.000000, 355.28 sec so far
Iteration 237564: max diff=0.000000, 360.29 sec so far
Iteration 240874: max diff=0.000000, 365.29 sec so far
Iteration 244192: max diff=0.000000, 370.30 sec so far
Iteration 247507: max diff=0.000000, 375.30 sec so far
Iteration 250817: max diff=0.000000, 380.30 sec so far
Iteration 254133: max diff=0.000000, 385.31 sec so far
Iteration 257444: max diff=0.000000, 390.31 sec so far
Iteration 260762: max diff=0.000000, 395.32 sec so far
Iteration 264072: max diff=0.000000, 400.32 sec so far
Iteration 267378: max diff=0.000000, 405.32 sec so far
Iteration 270695: max diff=0.000000, 410.33 sec so far
Iteration 273999: max diff=0.000000, 415.33 sec so far
Iteration 277301: max diff=0.000000, 420.34 sec so far
Iteration 280614: max diff=0.000000, 425.34 sec so far
Iteration 283931: max diff=0.000000, 430.34 sec so far
Iteration 287244: max diff=0.000000, 435.35 sec so far
Iteration 290549: max diff=0.000000, 440.35 sec so far
Iteration 293849: max diff=0.000000, 445.36 sec so far
Iteration 297136: max diff=0.000000, 450.36 sec so far
Iteration 300442: max diff=0.000000, 455.36 sec so far
Iteration 303760: max diff=0.000000, 460.37 sec so far
Iteration 307051: max diff=0.000000, 465.37 sec so far
Iteration 310306: max diff=0.000000, 470.38 sec so far
Iteration 313625: max diff=0.000000, 475.38 sec so far
Iteration 316942: max diff=0.000000, 480.38 sec so far
Iteration 320243: max diff=0.000000, 485.39 sec so far
Iteration 323556: max diff=0.000000, 490.39 sec so far
Iteration 326858: max diff=0.000000, 495.40 sec so far
Iteration 330163: max diff=0.000000, 500.40 sec so far
Iteration 333457: max diff=0.000000, 505.40 sec so far
Iteration 336774: max diff=0.000000, 510.41 sec so far
Iteration 340088: max diff=0.000000, 515.41 sec so far
Iteration 343392: max diff=0.000000, 520.42 sec so far
Iteration 346696: max diff=0.000000, 525.42 sec so far
Iteration 350002: max diff=0.000000, 530.42 sec so far
Iteration 353315: max diff=0.000000, 535.43 sec so far
Iteration 356619: max diff=0.000000, 540.43 sec so far
Iteration 359917: max diff=0.000000, 545.44 sec so far
Iteration 362776: max diff=0.000000, 550.44 sec so far
Iteration 365567: max diff=0.000000, 555.44 sec so far
Iteration 368395: max diff=0.000000, 560.45 sec so far
Iteration 371195: max diff=0.000000, 565.45 sec so far
Iteration 373915: max diff=0.000000, 570.46 sec so far
Iteration 376762: max diff=0.000000, 575.46 sec so far
Iteration 379604: max diff=0.000000, 580.46 sec so far
Iteration 382398: max diff=0.000000, 585.47 sec so far
Iteration 385309: max diff=0.000000, 590.47 sec so far
Iteration 388169: max diff=0.000000, 595.48 sec so far
Iteration 391021: max diff=0.000000, 600.48 sec so far
Iteration 393927: max diff=0.000000, 605.48 sec so far
Iteration 396796: max diff=0.000000, 610.49 sec so far
Iteration 399654: max diff=0.000000, 615.49 sec so far
Iteration 402552: max diff=0.000000, 620.50 sec so far
Iteration 405352: max diff=0.000000, 625.50 sec so far
Iteration 407981: max diff=0.000000, 630.50 sec so far
Iteration 410846: max diff=0.000000, 635.51 sec so far
Iteration 413658: max diff=0.000000, 640.51 sec so far
Iteration 416487: max diff=0.000000, 645.52 sec so far
Iteration 419375: max diff=0.000000, 650.52 sec so far
Iteration 422245: max diff=0.000000, 655.52 sec so far
Iteration 425137: max diff=0.000000, 660.53 sec so far
Iteration 427972: max diff=0.000000, 665.53 sec so far
Iteration 430898: max diff=0.000000, 670.54 sec so far
Iteration 433804: max diff=0.000000, 675.54 sec so far
Iteration 436729: max diff=0.000000, 680.54 sec so far
Iteration 439641: max diff=0.000000, 685.55 sec so far
Iteration 442530: max diff=0.000000, 690.55 sec so far
Iteration 445093: max diff=0.000000, 695.56 sec so far
Iteration 448016: max diff=0.000000, 700.56 sec so far
Iteration 450745: max diff=0.000000, 705.56 sec so far
Iteration 453422: max diff=0.000000, 710.57 sec so far
Iteration 456321: max diff=0.000000, 715.57 sec so far
Iteration 459242: max diff=0.000000, 720.58 sec so far
Iteration 462117: max diff=0.000000, 725.58 sec so far
Iteration 465004: max diff=0.000000, 730.58 sec so far
Iteration 467884: max diff=0.000000, 735.59 sec so far
Iteration 470830: max diff=0.000000, 740.59 sec so far
Iteration 473741: max diff=0.000000, 745.60 sec so far
Iteration 476625: max diff=0.000000, 750.60 sec so far
Iteration 479502: max diff=0.000000, 755.60 sec so far
Iteration 482404: max diff=0.000000, 760.61 sec so far
Iteration 485274: max diff=0.000000, 765.61 sec so far
Iteration 488147: max diff=0.000000, 770.62 sec so far
Iteration 491103: max diff=0.000000, 775.62 sec so far
Iteration 493986: max diff=0.000000, 780.62 sec so far
Iteration 496882: max diff=0.000000, 785.63 sec so far
Iteration 499736: max diff=0.000000, 790.63 sec so far
Iteration 502605: max diff=0.000000, 795.64 sec so far
Iteration 505502: max diff=0.000000, 800.64 sec so far
Iteration 508395: max diff=0.000000, 805.64 sec so far
Iteration 511250: max diff=0.000000, 810.65 sec so far
Iteration 514137: max diff=0.000000, 815.65 sec so far
Iteration 517041: max diff=0.000000, 820.66 sec so far
Iteration 519859: max diff=0.000000, 825.66 sec so far
Iteration 522614: max diff=0.000000, 830.66 sec so far
Iteration 525496: max diff=0.000000, 835.67 sec so far
Iteration 528393: max diff=0.000000, 840.67 sec so far
Iteration 531250: max diff=0.000000, 845.68 sec so far
Iteration 534171: max diff=0.000000, 850.68 sec so far
Iteration 537095: max diff=0.000000, 855.68 sec so far
Iteration 539956: max diff=0.000000, 860.69 sec so far
Iteration 542848: max diff=0.000000, 865.69 sec so far
Iteration 545729: max diff=0.000000, 870.70 sec so far
Iteration 548614: max diff=0.000000, 875.70 sec so far
Iteration 551491: max diff=0.000000, 880.70 sec so far
Iteration 554360: max diff=0.000000, 885.71 sec so far
Iteration 557229: max diff=0.000000, 890.71 sec so far
Iteration 560107: max diff=0.000000, 895.72 sec so far
Iteration 562987: max diff=0.000000, 900.72 sec so far
Iteration 565854: max diff=0.000000, 905.72 sec so far
Iteration 568722: max diff=0.000000, 910.73 sec so far
Iteration 571596: max diff=0.000000, 915.73 sec so far
Iteration 574464: max diff=0.000000, 920.74 sec so far
Iteration 577343: max diff=0.000000, 925.74 sec so far
Iteration 580215: max diff=0.000000, 930.74 sec so far
Iteration 583095: max diff=0.000000, 935.75 sec so far
Iteration 585981: max diff=0.000000, 940.75 sec so far
Iteration 588895: max diff=0.000000, 945.76 sec so far
Iteration 591786: max diff=0.000000, 950.76 sec so far
Iteration 594672: max diff=0.000000, 955.76 sec so far
Iteration 597582: max diff=0.000000, 960.77 sec so far
Iteration 600465: max diff=0.000000, 965.77 sec so far
Iteration 603321: max diff=0.000000, 970.78 sec so far
Iteration 606218: max diff=0.000000, 975.78 sec so far
Iteration 609099: max diff=0.000000, 980.78 sec so far
Iteration 611993: max diff=0.000000, 985.79 sec so far
Iteration 614875: max diff=0.000000, 990.79 sec so far
Iteration 617791: max diff=0.000000, 995.80 sec so far
Iteration 620698: max diff=0.000000, 1000.80 sec so far
Iteration 623601: max diff=0.000000, 1005.80 sec so far
Iteration 626476: max diff=0.000000, 1010.81 sec so far
Iteration 629354: max diff=0.000000, 1015.81 sec so far
Iteration 632259: max diff=0.000000, 1020.82 sec so far
Iteration 635146: max diff=0.000000, 1025.82 sec so far
Iteration 638022: max diff=0.000000, 1030.82 sec so far
Iteration 640916: max diff=0.000000, 1035.83 sec so far
Iteration 643819: max diff=0.000000, 1040.83 sec so far
Iteration 646691: max diff=0.000000, 1045.84 sec so far
Iteration 649539: max diff=0.000000, 1050.84 sec so far
Iteration 652429: max diff=0.000000, 1055.84 sec so far
Iteration 655323: max diff=0.000000, 1060.85 sec so far
Iteration 658186: max diff=0.000000, 1065.85 sec so far
Iteration 661056: max diff=0.000000, 1070.86 sec so far
Iteration 663929: max diff=0.000000, 1075.86 sec so far
Iteration 666804: max diff=0.000000, 1080.86 sec so far
Iteration 669709: max diff=0.000000, 1085.87 sec so far
Iteration 672580: max diff=0.000000, 1090.87 sec so far
Iteration 675390: max diff=0.000000, 1095.88 sec so far
Iteration 678147: max diff=0.000000, 1100.88 sec so far
Iteration 681033: max diff=0.000000, 1105.88 sec so far
Iteration 683935: max diff=0.000000, 1110.89 sec so far
Iteration 686795: max diff=0.000000, 1115.89 sec so far
Iteration 689669: max diff=0.000000, 1120.90 sec so far
Iteration 692579: max diff=0.000000, 1125.90 sec so far
Iteration 695463: max diff=0.000000, 1130.90 sec so far
Iteration 698335: max diff=0.000000, 1135.91 sec so far
Iteration 701229: max diff=0.000000, 1140.91 sec so far
Iteration 704067: max diff=0.000000, 1145.92 sec so far
Iteration 706919: max diff=0.000000, 1150.92 sec so far
Iteration 709729: max diff=0.000000, 1155.92 sec so far
Iteration 712561: max diff=0.000000, 1160.93 sec so far
Iteration 715354: max diff=0.000000, 1165.93 sec so far
Iteration 718189: max diff=0.000000, 1170.94 sec so far
Iteration 720795: max diff=0.000000, 1175.94 sec so far
Iteration 723661: max diff=0.000000, 1180.94 sec so far
Iteration 726563: max diff=0.000000, 1185.95 sec so far
Iteration 729429: max diff=0.000000, 1190.95 sec so far
Iteration 732228: max diff=0.000000, 1195.96 sec so far
Iteration 734997: max diff=0.000000, 1200.96 sec so far
Iteration 737879: max diff=0.000000, 1205.96 sec so far
Iteration 740734: max diff=0.000000, 1210.97 sec so far
Iteration 743604: max diff=0.000000, 1215.97 sec so far
Iteration 746448: max diff=0.000000, 1220.98 sec so far
Iteration 749251: max diff=0.000000, 1225.98 sec so far
Iteration 752119: max diff=0.000000, 1230.98 sec so far
Iteration 754988: max diff=0.000000, 1235.99 sec so far
Iteration 757797: max diff=0.000000, 1240.99 sec so far
Iteration 760636: max diff=0.000000, 1246.00 sec so far
Iteration 763527: max diff=0.000000, 1251.00 sec so far
Iteration 766401: max diff=0.000000, 1256.00 sec so far
Iteration 769323: max diff=0.000000, 1261.01 sec so far
Iteration 772190: max diff=0.000000, 1266.01 sec so far
Iteration 775087: max diff=0.000000, 1271.02 sec so far
Iteration 777979: max diff=0.000000, 1276.02 sec so far
Iteration 780875: max diff=0.000000, 1281.02 sec so far
Iteration 783779: max diff=0.000000, 1286.03 sec so far
Iteration 786646: max diff=0.000000, 1291.03 sec so far
Iteration 789521: max diff=0.000000, 1296.04 sec so far
Iteration 792441: max diff=0.000000, 1301.04 sec so far
Iteration 795330: max diff=0.000000, 1306.04 sec so far
Iteration 798222: max diff=0.000000, 1311.05 sec so far
Iteration 801176: max diff=0.000000, 1316.05 sec so far
Iteration 804028: max diff=0.000000, 1321.06 sec so far
Iteration 806902: max diff=0.000000, 1326.06 sec so far
Iteration 809784: max diff=0.000000, 1331.06 sec so far
Iteration 812653: max diff=0.000000, 1336.07 sec so far
Iteration 815538: max diff=0.000000, 1341.07 sec so far
Iteration 818459: max diff=0.000000, 1346.08 sec so far
Iteration 821380: max diff=0.000000, 1351.08 sec so far
Iteration 824276: max diff=0.000000, 1356.08 sec so far
Iteration 827139: max diff=0.000000, 1361.09 sec so far
Iteration 830032: max diff=0.000000, 1366.09 sec so far
Iteration 832897: max diff=0.000000, 1371.10 sec so far
Iteration 835755: max diff=0.000000, 1376.10 sec so far
Iteration 838652: max diff=0.000000, 1381.10 sec so far
Iteration 841549: max diff=0.000000, 1386.11 sec so far
Iteration 844427: max diff=0.000000, 1391.11 sec so far
Iteration 847358: max diff=0.000000, 1396.12 sec so far
Iteration 850247: max diff=0.000000, 1401.12 sec so far
Iteration 853133: max diff=0.000000, 1406.12 sec so far
Iteration 856002: max diff=0.000000, 1411.13 sec so far
Iteration 858903: max diff=0.000000, 1416.13 sec so far
Iteration 861767: max diff=0.000000, 1421.14 sec so far
Iteration 864633: max diff=0.000000, 1426.14 sec so far
Iteration 867536: max diff=0.000000, 1431.14 sec so far
Iteration 870421: max diff=0.000000, 1436.15 sec so far
Iteration 873259: max diff=0.000000, 1441.15 sec so far
Iteration 876142: max diff=0.000000, 1446.16 sec so far
Iteration 878949: max diff=0.000000, 1451.16 sec so far
Iteration 881818: max diff=0.000000, 1456.16 sec so far
Iteration 884682: max diff=0.000000, 1461.17 sec so far
Iteration 887475: max diff=0.000000, 1466.17 sec so far
Iteration 890303: max diff=0.000000, 1471.18 sec so far
Iteration 892876: max diff=0.000000, 1476.18 sec so far
Iteration 895676: max diff=0.000000, 1481.18 sec so far
Iteration 898468: max diff=0.000000, 1486.19 sec so far
Iteration 901343: max diff=0.000000, 1491.19 sec so far
Iteration 904233: max diff=0.000000, 1496.20 sec so far
Iteration 907063: max diff=0.000000, 1501.20 sec so far
Iteration 909937: max diff=0.000000, 1506.20 sec so far
Iteration 912836: max diff=0.000000, 1511.21 sec so far
Iteration 915702: max diff=0.000000, 1516.21 sec so far
Iteration 918556: max diff=0.000000, 1521.22 sec so far
Iteration 921469: max diff=0.000000, 1526.22 sec so far
Iteration 924286: max diff=0.000000, 1531.22 sec so far
Iteration 927099: max diff=0.000000, 1536.23 sec so far
Iteration 929958: max diff=0.000000, 1541.23 sec so far
Iteration 932674: max diff=0.000000, 1546.24 sec so far
Iteration 935167: max diff=0.000000, 1551.24 sec so far
Iteration 937673: max diff=0.000000, 1556.24 sec so far
Iteration 940142: max diff=0.000000, 1561.25 sec so far
Iteration 943051: max diff=0.000000, 1566.25 sec so far
Iteration 945914: max diff=0.000000, 1571.26 sec so far
Iteration 948783: max diff=0.000000, 1576.26 sec so far
Iteration 951679: max diff=0.000000, 1581.26 sec so far
Iteration 954573: max diff=0.000000, 1586.27 sec so far
Iteration 957437: max diff=0.000000, 1591.27 sec so far
Iteration 960313: max diff=0.000000, 1596.28 sec so far
Iteration 963247: max diff=0.000000, 1601.28 sec so far
Iteration 966137: max diff=0.000000, 1606.28 sec so far
Iteration 969026: max diff=0.000000, 1611.29 sec so far
Iteration 971933: max diff=0.000000, 1616.29 sec so far
Iteration 974815: max diff=0.000000, 1621.30 sec so far
Iteration 977726: max diff=0.000000, 1626.30 sec so far
Iteration 980607: max diff=0.000000, 1631.30 sec so far
Iteration 983470: max diff=0.000000, 1636.31 sec so far
Iteration 986335: max diff=0.000000, 1641.31 sec so far
Iteration 989233: max diff=0.000000, 1646.32 sec so far
Iteration 992115: max diff=0.000000, 1651.32 sec so far
Iteration 994969: max diff=0.000000, 1656.32 sec so far
Iteration 997743: max diff=0.000000, 1661.33 sec so far
Iteration 1000524: max diff=0.000000, 1666.33 sec so far
Iteration 1003327: max diff=0.000000, 1671.34 sec so far
Iteration 1006124: max diff=0.000000, 1676.34 sec so far
Iteration 1008914: max diff=0.000000, 1681.34 sec so far
Iteration 1011762: max diff=0.000000, 1686.35 sec so far
Iteration 1014630: max diff=0.000000, 1691.35 sec so far
Iteration 1017498: max diff=0.000000, 1696.36 sec so far
Iteration 1020312: max diff=0.000000, 1701.36 sec so far
Iteration 1023227: max diff=0.000000, 1706.36 sec so far
Iteration 1026109: max diff=0.000000, 1711.37 sec so far
Iteration 1028972: max diff=0.000000, 1716.37 sec so far
Iteration 1031885: max diff=0.000000, 1721.38 sec so far
Iteration 1034757: max diff=0.000000, 1726.38 sec so far
Iteration 1037643: max diff=0.000000, 1731.38 sec so far
Iteration 1040527: max diff=0.000000, 1736.39 sec so far
Iteration 1043520: max diff=0.000000, 1741.39 sec so far
Iteration 1046645: max diff=0.000000, 1746.40 sec so far
Iteration 1049793: max diff=0.000000, 1751.40 sec so far
Iteration 1052936: max diff=0.000000, 1756.40 sec so far
Iteration 1056077: max diff=0.000000, 1761.41 sec so far
Iteration 1059217: max diff=0.000000, 1766.41 sec so far
Iteration 1062343: max diff=0.000000, 1771.42 sec so far
Iteration 1065489: max diff=0.000000, 1776.42 sec so far
Iteration 1068606: max diff=0.000000, 1781.42 sec so far
Iteration 1071753: max diff=0.000000, 1786.43 sec so far
Iteration 1074867: max diff=0.000000, 1791.43 sec so far
Iteration 1077945: max diff=0.000000, 1796.44 sec so far
Iteration 1080948: max diff=0.000000, 1801.44 sec so far
Iteration 1084040: max diff=0.000000, 1806.44 sec so far
Iteration 1087136: max diff=0.000000, 1811.45 sec so far
Iteration 1090220: max diff=0.000000, 1816.45 sec so far
Iteration 1093265: max diff=0.000000, 1821.46 sec so far
Iteration 1096080: max diff=0.000000, 1826.46 sec so far
Iteration 1099091: max diff=0.000000, 1831.46 sec so far
Iteration 1102202: max diff=0.000000, 1836.47 sec so far
Iteration 1105295: max diff=0.000000, 1841.47 sec so far
Iteration 1108393: max diff=0.000000, 1846.48 sec so far
Iteration 1111485: max diff=0.000000, 1851.48 sec so far
Iteration 1114569: max diff=0.000000, 1856.48 sec so far
Iteration 1117630: max diff=0.000000, 1861.49 sec so far
Iteration 1120673: max diff=0.000000, 1866.49 sec so far
Iteration 1123757: max diff=0.000000, 1871.50 sec so far
Iteration 1126844: max diff=0.000000, 1876.50 sec so far
Iteration 1129931: max diff=0.000000, 1881.50 sec so far
Iteration 1133017: max diff=0.000000, 1886.51 sec so far
Iteration 1136111: max diff=0.000000, 1891.51 sec so far
Iteration 1139055: max diff=0.000000, 1896.52 sec so far
Iteration 1142130: max diff=0.000000, 1901.52 sec so far
Iteration 1145234: max diff=0.000000, 1906.52 sec so far
Iteration 1148273: max diff=0.000000, 1911.53 sec so far
Iteration 1151332: max diff=0.000000, 1916.53 sec so far
Iteration 1154424: max diff=0.000000, 1921.54 sec so far
Iteration 1157509: max diff=0.000000, 1926.54 sec so far
Iteration 1160573: max diff=0.000000, 1931.54 sec so far
Iteration 1163496: max diff=0.000000, 1936.55 sec so far
Iteration 1166416: max diff=0.000000, 1941.55 sec so far
Iteration 1169474: max diff=0.000000, 1946.56 sec so far
Iteration 1172597: max diff=0.000000, 1951.56 sec so far
Iteration 1175718: max diff=0.000000, 1956.56 sec so far
Iteration 1178885: max diff=0.000000, 1961.57 sec so far
Iteration 1182012: max diff=0.000000, 1966.57 sec so far
Iteration 1185166: max diff=0.000000, 1971.58 sec so far
Iteration 1188320: max diff=0.000000, 1976.58 sec so far
Iteration 1191483: max diff=0.000000, 1981.58 sec so far
Iteration 1194637: max diff=0.000000, 1986.59 sec so far
Iteration 1197767: max diff=0.000000, 1991.59 sec so far
Iteration 1200917: max diff=0.000000, 1996.60 sec so far
Iteration 1204048: max diff=0.000000, 2001.60 sec so far
Iteration 1207186: max diff=0.000000, 2006.60 sec so far
Iteration 1210351: max diff=0.000000, 2011.61 sec so far
Iteration 1213509: max diff=0.000000, 2016.61 sec so far
Iteration 1216663: max diff=0.000000, 2021.62 sec so far
Iteration 1219828: max diff=0.000000, 2026.62 sec so far
Iteration 1222880: max diff=0.000000, 2031.62 sec so far
Iteration 1225937: max diff=0.000000, 2036.63 sec so far
Iteration 1229075: max diff=0.000000, 2041.63 sec so far
Iteration 1232229: max diff=0.000000, 2046.64 sec so far
Iteration 1235374: max diff=0.000000, 2051.64 sec so far
Iteration 1238514: max diff=0.000000, 2056.64 sec so far
Iteration 1241640: max diff=0.000000, 2061.65 sec so far
Iteration 1244781: max diff=0.000000, 2066.65 sec so far
Iteration 1247921: max diff=0.000000, 2071.66 sec so far
Iteration 1251041: max diff=0.000000, 2076.66 sec so far
Iteration 1254145: max diff=0.000000, 2081.66 sec so far
Iteration 1257263: max diff=0.000000, 2086.67 sec so far
Iteration 1260340: max diff=0.000000, 2091.67 sec so far
Iteration 1263401: max diff=0.000000, 2096.68 sec so far
Iteration 1266494: max diff=0.000000, 2101.68 sec so far
Iteration 1269536: max diff=0.000000, 2106.68 sec so far
Iteration 1272673: max diff=0.000000, 2111.69 sec so far
Iteration 1275802: max diff=0.000000, 2116.69 sec so far
Iteration 1278953: max diff=0.000000, 2121.70 sec so far
Iteration 1282066: max diff=0.000000, 2126.70 sec so far
Iteration 1285210: max diff=0.000000, 2131.70 sec so far
Iteration 1288363: max diff=0.000000, 2136.71 sec so far
Iteration 1291530: max diff=0.000000, 2141.71 sec so far
Iteration 1294685: max diff=0.000000, 2146.72 sec so far
Iteration 1297837: max diff=0.000000, 2151.72 sec so far
Iteration 1301000: max diff=0.000000, 2156.72 sec so far
Iteration 1304159: max diff=0.000000, 2161.73 sec so far
Iteration 1307307: max diff=0.000000, 2166.73 sec so far
Iteration 1310435: max diff=0.000000, 2171.74 sec so far
Iteration 1313526: max diff=0.000000, 2176.74 sec so far
Iteration 1316598: max diff=0.000000, 2181.74 sec so far
Iteration 1319680: max diff=0.000000, 2186.75 sec so far
Iteration 1322778: max diff=0.000000, 2191.75 sec so far
Iteration 1325834: max diff=0.000000, 2196.76 sec so far
Iteration 1328945: max diff=0.000000, 2201.76 sec so far
Iteration 1332058: max diff=0.000000, 2206.76 sec so far
Iteration 1335152: max diff=0.000000, 2211.77 sec so far
Iteration 1338271: max diff=0.000000, 2216.77 sec so far
Iteration 1341429: max diff=0.000000, 2221.78 sec so far
Iteration 1344578: max diff=0.000000, 2226.78 sec so far
Iteration 1347732: max diff=0.000000, 2231.78 sec so far
Iteration 1350888: max diff=0.000000, 2236.79 sec so far
Iteration 1354049: max diff=0.000000, 2241.79 sec so far
Iteration 1357205: max diff=0.000000, 2246.80 sec so far
Iteration 1360361: max diff=0.000000, 2251.80 sec so far
Iteration 1363513: max diff=0.000000, 2256.80 sec so far
Iteration 1366642: max diff=0.000000, 2261.81 sec so far
Iteration 1369805: max diff=0.000000, 2266.81 sec so far
Iteration 1372967: max diff=0.000000, 2271.82 sec so far
Iteration 1376111: max diff=0.000000, 2276.82 sec so far
Iteration 1379249: max diff=0.000000, 2281.82 sec so far
Iteration 1382408: max diff=0.000000, 2286.83 sec so far
Iteration 1385550: max diff=0.000000, 2291.83 sec so far
Iteration 1388683: max diff=0.000000, 2296.84 sec so far
Iteration 1391836: max diff=0.000000, 2301.84 sec so far
Iteration 1394986: max diff=0.000000, 2306.84 sec so far
Iteration 1398137: max diff=0.000000, 2311.85 sec so far
Iteration 1401272: max diff=0.000000, 2316.85 sec so far
Iteration 1404284: max diff=0.000000, 2321.86 sec so far
Iteration 1407355: max diff=0.000000, 2326.86 sec so far
Iteration 1410456: max diff=0.000000, 2331.86 sec so far
Iteration 1413557: max diff=0.000000, 2336.87 sec so far
Iteration 1416808: max diff=0.000000, 2341.87 sec so far
Iteration 1420053: max diff=0.000000, 2346.88 sec so far
Iteration 1423330: max diff=0.000000, 2351.88 sec so far
Iteration 1426615: max diff=0.000000, 2356.88 sec so far
Iteration 1429927: max diff=0.000000, 2361.89 sec so far
Iteration 1433194: max diff=0.000000, 2366.89 sec so far
Iteration 1436474: max diff=0.000000, 2371.90 sec so far
Iteration 1439761: max diff=0.000000, 2376.90 sec so far
Iteration 1443055: max diff=0.000000, 2381.90 sec so far
Iteration 1446356: max diff=0.000000, 2386.91 sec so far
Iteration 1449660: max diff=0.000000, 2391.91 sec so far
Iteration 1452960: max diff=0.000000, 2396.92 sec so far
Iteration 1456270: max diff=0.000000, 2401.92 sec so far
Iteration 1459566: max diff=0.000000, 2406.92 sec so far
Iteration 1462805: max diff=0.000000, 2411.93 sec so far
Iteration 1466074: max diff=0.000000, 2416.93 sec so far
Iteration 1469299: max diff=0.000000, 2421.94 sec so far
Iteration 1472583: max diff=0.000000, 2426.94 sec so far
Iteration 1475876: max diff=0.000000, 2431.94 sec so far
Iteration 1479149: max diff=0.000000, 2436.95 sec so far
Iteration 1482454: max diff=0.000000, 2441.95 sec so far
Iteration 1485727: max diff=0.000000, 2446.96 sec so far
Iteration 1488982: max diff=0.000000, 2451.96 sec so far
Iteration 1492254: max diff=0.000000, 2456.96 sec so far
Iteration 1495542: max diff=0.000000, 2461.97 sec so far
Iteration 1498830: max diff=0.000000, 2466.97 sec so far
Iteration 1502107: max diff=0.000000, 2471.98 sec so far
Iteration 1505414: max diff=0.000000, 2476.98 sec so far
Iteration 1508728: max diff=0.000000, 2481.98 sec so far
Iteration 1512047: max diff=0.000000, 2486.99 sec so far
Iteration 1515327: max diff=0.000000, 2491.99 sec so far
Iteration 1518560: max diff=0.000000, 2497.00 sec so far
Iteration 1521830: max diff=0.000000, 2502.00 sec so far
Iteration 1525065: max diff=0.000000, 2507.00 sec so far
Iteration 1528287: max diff=0.000000, 2512.01 sec so far
Iteration 1531562: max diff=0.000000, 2517.01 sec so far
Iteration 1534844: max diff=0.000000, 2522.02 sec so far
Iteration 1538081: max diff=0.000000, 2527.02 sec so far
Iteration 1541399: max diff=0.000000, 2532.02 sec so far
Iteration 1544707: max diff=0.000000, 2537.03 sec so far
Iteration 1548020: max diff=0.000000, 2542.03 sec so far
Iteration 1551326: max diff=0.000000, 2547.04 sec so far
Iteration 1554632: max diff=0.000000, 2552.04 sec so far
Iteration 1557943: max diff=0.000000, 2557.04 sec so far
Iteration 1561237: max diff=0.000000, 2562.05 sec so far
Iteration 1564517: max diff=0.000000, 2567.05 sec so far
Iteration 1567806: max diff=0.000000, 2572.06 sec so far
Iteration 1571076: max diff=0.000000, 2577.06 sec so far
Iteration 1574323: max diff=0.000000, 2582.06 sec so far
Iteration 1577584: max diff=0.000000, 2587.07 sec so far
Iteration 1580836: max diff=0.000000, 2592.07 sec so far
Iteration 1584105: max diff=0.000000, 2597.08 sec so far
Iteration 1587395: max diff=0.000000, 2602.08 sec so far
Iteration 1590667: max diff=0.000000, 2607.08 sec so far
Iteration 1593962: max diff=0.000000, 2612.09 sec so far
Iteration 1597262: max diff=0.000000, 2617.09 sec so far
Iteration 1600555: max diff=0.000000, 2622.10 sec so far
Iteration 1603851: max diff=0.000000, 2627.10 sec so far
Iteration 1607148: max diff=0.000000, 2632.10 sec so far
Iteration 1610459: max diff=0.000000, 2637.11 sec so far
Iteration 1613752: max diff=0.000000, 2642.11 sec so far
Iteration 1617028: max diff=0.000000, 2647.12 sec so far
Iteration 1620295: max diff=0.000000, 2652.12 sec so far
Iteration 1623561: max diff=0.000000, 2657.12 sec so far
Iteration 1626842: max diff=0.000000, 2662.13 sec so far
Iteration 1630154: max diff=0.000000, 2667.13 sec so far
Iteration 1633459: max diff=0.000000, 2672.14 sec so far
Iteration 1636755: max diff=0.000000, 2677.14 sec so far
Iteration 1640062: max diff=0.000000, 2682.14 sec so far
Iteration 1643376: max diff=0.000000, 2687.15 sec so far
Iteration 1646663: max diff=0.000000, 2692.15 sec so far
Iteration 1649925: max diff=0.000000, 2697.16 sec so far
Iteration 1653186: max diff=0.000000, 2702.16 sec so far
Iteration 1656460: max diff=0.000000, 2707.16 sec so far
Iteration 1659743: max diff=0.000000, 2712.17 sec so far
Iteration 1663046: max diff=0.000000, 2717.17 sec so far
Iteration 1666357: max diff=0.000000, 2722.18 sec so far
Iteration 1669630: max diff=0.000000, 2727.18 sec so far
Iteration 1672912: max diff=0.000000, 2732.18 sec so far
Iteration 1676213: max diff=0.000000, 2737.19 sec so far
Iteration 1679542: max diff=0.000000, 2742.19 sec so far
Iteration 1682853: max diff=0.000000, 2747.20 sec so far
Iteration 1686165: max diff=0.000000, 2752.20 sec so far
Iteration 1689475: max diff=0.000000, 2757.20 sec so far
Iteration 1692786: max diff=0.000000, 2762.21 sec so far
Iteration 1696097: max diff=0.000000, 2767.21 sec so far
Iteration 1699414: max diff=0.000000, 2772.22 sec so far
Iteration 1702725: max diff=0.000000, 2777.22 sec so far
Iteration 1706039: max diff=0.000000, 2782.22 sec so far
Iteration 1709344: max diff=0.000000, 2787.23 sec so far
Iteration 1712618: max diff=0.000000, 2792.23 sec so far
Iteration 1715879: max diff=0.000000, 2797.24 sec so far
Iteration 1719156: max diff=0.000000, 2802.24 sec so far
Iteration 1722433: max diff=0.000000, 2807.24 sec so far
Iteration 1725743: max diff=0.000000, 2812.25 sec so far
Iteration 1729050: max diff=0.000000, 2817.25 sec so far
Iteration 1732356: max diff=0.000000, 2822.26 sec so far
Iteration 1735659: max diff=0.000000, 2827.26 sec so far
Iteration 1738968: max diff=0.000000, 2832.26 sec so far
Iteration 1742285: max diff=0.000000, 2837.27 sec so far
Iteration 1745606: max diff=0.000000, 2842.27 sec so far
Iteration 1748911: max diff=0.000000, 2847.28 sec so far
Iteration 1752182: max diff=0.000000, 2852.28 sec so far
Iteration 1755456: max diff=0.000000, 2857.28 sec so far
Iteration 1758709: max diff=0.000000, 2862.29 sec so far
Iteration 1762000: max diff=0.000000, 2867.29 sec so far
Iteration 1765257: max diff=0.000000, 2872.30 sec so far
Iteration 1768546: max diff=0.000000, 2877.30 sec so far
Iteration 1771850: max diff=0.000000, 2882.30 sec so far
Iteration 1775065: max diff=0.000000, 2887.31 sec so far
Iteration 1778356: max diff=0.000000, 2892.31 sec so far
Iteration 1781662: max diff=0.000000, 2897.32 sec so far
Iteration 1784971: max diff=0.000000, 2902.32 sec so far
Iteration 1788271: max diff=0.000000, 2907.32 sec so far
Iteration 1791523: max diff=0.000000, 2912.33 sec so far
Iteration 1794828: max diff=0.000000, 2917.33 sec so far
Iteration 1798145: max diff=0.000000, 2922.34 sec so far
Iteration 1801453: max diff=0.000000, 2927.34 sec so far
Iteration 1804760: max diff=0.000000, 2932.34 sec so far
Iteration 1807930: max diff=0.000000, 2937.35 sec so far
Iteration 1811114: max diff=0.000000, 2942.35 sec so far
Iteration 1814318: max diff=0.000000, 2947.36 sec so far
Iteration 1817526: max diff=0.000000, 2952.36 sec so far
Iteration 1820737: max diff=0.000000, 2957.36 sec so far
Iteration 1823945: max diff=0.000000, 2962.37 sec so far
Iteration 1827138: max diff=0.000000, 2967.37 sec so far
Iteration 1830328: max diff=0.000000, 2972.38 sec so far
Iteration 1833519: max diff=0.000000, 2977.38 sec so far
Iteration 1836726: max diff=0.000000, 2982.38 sec so far
Iteration 1839912: max diff=0.000000, 2987.39 sec so far
Iteration 1843112: max diff=0.000000, 2992.39 sec so far
Iteration 1846307: max diff=0.000000, 2997.40 sec so far
Iteration 1849508: max diff=0.000000, 3002.40 sec so far
Iteration 1852701: max diff=0.000000, 3007.40 sec so far
Iteration 1855894: max diff=0.000000, 3012.41 sec so far
Iteration 1859102: max diff=0.000000, 3017.41 sec so far
Iteration 1862299: max diff=0.000000, 3022.42 sec so far
Iteration 1865493: max diff=0.000000, 3027.42 sec so far
Iteration 1868703: max diff=0.000000, 3032.42 sec so far
Iteration 1871930: max diff=0.000000, 3037.43 sec so far
Iteration 1875143: max diff=0.000000, 3042.43 sec so far
Iteration 1878351: max diff=0.000000, 3047.44 sec so far
Iteration 1881571: max diff=0.000000, 3052.44 sec so far
Iteration 1884773: max diff=0.000000, 3057.44 sec so far
Iteration 1887988: max diff=0.000000, 3062.45 sec so far
Iteration 1891215: max diff=0.000000, 3067.45 sec so far
Iteration 1894429: max diff=0.000000, 3072.46 sec so far
Iteration 1897636: max diff=0.000000, 3077.46 sec so far
Iteration 1900845: max diff=0.000000, 3082.46 sec so far
Iteration 1904067: max diff=0.000000, 3087.47 sec so far
Iteration 1907287: max diff=0.000000, 3092.47 sec so far
Iteration 1910499: max diff=0.000000, 3097.48 sec so far
Iteration 1913718: max diff=0.000000, 3102.48 sec so far
Iteration 1916945: max diff=0.000000, 3107.48 sec so far
Iteration 1920168: max diff=0.000000, 3112.49 sec so far
Iteration 1923372: max diff=0.000000, 3117.49 sec so far
Iteration 1926576: max diff=0.000000, 3122.50 sec so far
Iteration 1929792: max diff=0.000000, 3127.50 sec so far
Iteration 1932989: max diff=0.000000, 3132.50 sec so far
Iteration 1936224: max diff=0.000000, 3137.51 sec so far
Iteration 1939442: max diff=0.000000, 3142.51 sec so far
Iteration 1942657: max diff=0.000000, 3147.52 sec so far
Iteration 1945878: max diff=0.000000, 3152.52 sec so far
Iteration 1949097: max diff=0.000000, 3157.52 sec so far
Iteration 1952321: max diff=0.000000, 3162.53 sec so far
Iteration 1955551: max diff=0.000000, 3167.53 sec so far
Iteration 1958771: max diff=0.000000, 3172.54 sec so far
Iteration 1961966: max diff=0.000000, 3177.54 sec so far
Iteration 1965171: max diff=0.000000, 3182.54 sec so far
Iteration 1968365: max diff=0.000000, 3187.55 sec so far
Iteration 1971557: max diff=0.000000, 3192.55 sec so far
Iteration 1974768: max diff=0.000000, 3197.56 sec so far
Iteration 1977971: max diff=0.000000, 3202.56 sec so far
Iteration 1981171: max diff=0.000000, 3207.56 sec so far
Iteration 1984374: max diff=0.000000, 3212.57 sec so far
Iteration 1987580: max diff=0.000000, 3217.57 sec so far
Iteration 1990785: max diff=0.000000, 3222.58 sec so far
Iteration 1993986: max diff=0.000000, 3227.58 sec so far
Iteration 1997197: max diff=0.000000, 3232.58 sec so far
Iteration 2000403: max diff=0.000000, 3237.59 sec so far
Iteration 2003610: max diff=0.000000, 3242.59 sec so far
Iteration 2006814: max diff=0.000000, 3247.60 sec so far
Iteration 2010020: max diff=0.000000, 3252.60 sec so far
Iteration 2013226: max diff=0.000000, 3257.60 sec so far
Iteration 2016438: max diff=0.000000, 3262.61 sec so far
Iteration 2019644: max diff=0.000000, 3267.61 sec so far
Iteration 2022853: max diff=0.000000, 3272.62 sec so far
Iteration 2026065: max diff=0.000000, 3277.62 sec so far
Iteration 2029274: max diff=0.000000, 3282.62 sec so far
Iteration 2032493: max diff=0.000000, 3287.63 sec so far
Iteration 2035698: max diff=0.000000, 3292.63 sec so far
Iteration 2038887: max diff=0.000000, 3297.64 sec so far
Iteration 2042096: max diff=0.000000, 3302.64 sec so far
Iteration 2045292: max diff=0.000000, 3307.64 sec so far
Iteration 2048496: max diff=0.000000, 3312.65 sec so far
Iteration 2051701: max diff=0.000000, 3317.65 sec so far
Iteration 2054901: max diff=0.000000, 3322.66 sec so far
Iteration 2058095: max diff=0.000000, 3327.66 sec so far
Iteration 2061302: max diff=0.000000, 3332.66 sec so far
Iteration 2064499: max diff=0.000000, 3337.67 sec so far
Iteration 2067676: max diff=0.000000, 3342.67 sec so far
Iteration 2070858: max diff=0.000000, 3347.68 sec so far
Iteration 2074035: max diff=0.000000, 3352.68 sec so far
Iteration 2077230: max diff=0.000000, 3357.68 sec so far
Iteration 2080434: max diff=0.000000, 3362.69 sec so far
Iteration 2083570: max diff=0.000000, 3367.69 sec so far
Iteration 2086766: max diff=0.000000, 3372.70 sec so far
Iteration 2089952: max diff=0.000000, 3377.70 sec so far
Iteration 2093152: max diff=0.000000, 3382.70 sec so far
Iteration 2096373: max diff=0.000000, 3387.71 sec so far
Iteration 2099587: max diff=0.000000, 3392.71 sec so far
Iteration 2102806: max diff=0.000000, 3397.72 sec so far
Iteration 2106031: max diff=0.000000, 3402.72 sec so far
Iteration 2109247: max diff=0.000000, 3407.72 sec so far
Iteration 2112459: max diff=0.000000, 3412.73 sec so far
Iteration 2115651: max diff=0.000000, 3417.73 sec so far
Iteration 2118803: max diff=0.000000, 3422.74 sec so far
Iteration 2122017: max diff=0.000000, 3427.74 sec so far
Iteration 2125227: max diff=0.000000, 3432.74 sec so far
Iteration 2128278: max diff=0.000000, 3437.75 sec so far
Iteration 2131268: max diff=0.000000, 3442.75 sec so far
Iteration 2134322: max diff=0.000000, 3447.76 sec so far
Iteration 2137539: max diff=0.000000, 3452.76 sec so far
Iteration 2140753: max diff=0.000000, 3457.76 sec so far
Iteration 2143959: max diff=0.000000, 3462.77 sec so far
Iteration 2147167: max diff=0.000000, 3467.77 sec so far
Iteration 2150372: max diff=0.000000, 3472.78 sec so far
Iteration 2153584: max diff=0.000000, 3477.78 sec so far
Iteration 2156789: max diff=0.000000, 3482.78 sec so far
Iteration 2159991: max diff=0.000000, 3487.79 sec so far
Iteration 2163194: max diff=0.000000, 3492.79 sec so far
Iteration 2166396: max diff=0.000000, 3497.80 sec so far
Iteration 2169594: max diff=0.000000, 3502.80 sec so far
Iteration 2172808: max diff=0.000000, 3507.80 sec so far
Iteration 2176017: max diff=0.000000, 3512.81 sec so far
Iteration 2179216: max diff=0.000000, 3517.81 sec so far
Iteration 2182434: max diff=0.000000, 3522.82 sec so far
Iteration 2185616: max diff=0.000000, 3527.82 sec so far
Iteration 2188810: max diff=0.000000, 3532.82 sec so far
Iteration 2191951: max diff=0.000000, 3537.83 sec so far
Iteration 2195050: max diff=0.000000, 3542.83 sec so far
Iteration 2198281: max diff=0.000000, 3547.84 sec so far
Iteration 2201464: max diff=0.000000, 3552.84 sec so far
Iteration 2204628: max diff=0.000000, 3557.84 sec so far
Iteration 2207836: max diff=0.000000, 3562.85 sec so far
Iteration 2211020: max diff=0.000000, 3567.85 sec so far
Iteration 2214194: max diff=0.000000, 3572.86 sec so far
Iteration 2217445: max diff=0.000000, 3577.86 sec so far
Iteration 2220593: max diff=0.000000, 3582.86 sec so far
Iteration 2223804: max diff=0.000000, 3587.87 sec so far
Iteration 2226951: max diff=0.000000, 3592.87 sec so far
Iteration 2230031: max diff=0.000000, 3597.88 sec so far
Iteration 2233229: max diff=0.000000, 3602.88 sec so far
Iteration 2236426: max diff=0.000000, 3607.88 sec so far
Iteration 2239607: max diff=0.000000, 3612.89 sec so far
Iteration 2242793: max diff=0.000000, 3617.89 sec so far
Iteration 2245921: max diff=0.000000, 3622.90 sec so far
Iteration 2249077: max diff=0.000000, 3627.90 sec so far
Iteration 2252305: max diff=0.000000, 3632.90 sec so far
Iteration 2255571: max diff=0.000000, 3637.91 sec so far
Iteration 2258751: max diff=0.000000, 3642.91 sec so far
Iteration 2261832: max diff=0.000000, 3647.92 sec so far
Iteration 2265039: max diff=0.000000, 3652.92 sec so far
Iteration 2268217: max diff=0.000000, 3657.92 sec so far
Iteration 2271472: max diff=0.000000, 3662.93 sec so far
Iteration 2274682: max diff=0.000000, 3667.93 sec so far
Iteration 2277875: max diff=0.000000, 3672.94 sec so far
Iteration 2281089: max diff=0.000000, 3677.94 sec so far
Iteration 2284272: max diff=0.000000, 3682.94 sec so far
Iteration 2287533: max diff=0.000000, 3687.95 sec so far
Iteration 2290674: max diff=0.000000, 3692.95 sec so far
Iteration 2293922: max diff=0.000000, 3697.96 sec so far
Iteration 2297029: max diff=0.000000, 3702.96 sec so far
Iteration 2300239: max diff=0.000000, 3707.96 sec so far
Iteration 2303507: max diff=0.000000, 3712.97 sec so far
Iteration 2306703: max diff=0.000000, 3717.97 sec so far
Iteration 2309941: max diff=0.000000, 3722.98 sec so far
Iteration 2313202: max diff=0.000000, 3727.98 sec so far
Iteration 2316478: max diff=0.000000, 3732.98 sec so far
Iteration 2319716: max diff=0.000000, 3737.99 sec so far
Iteration 2322753: max diff=0.000000, 3742.99 sec so far
Iteration 2325962: max diff=0.000000, 3748.00 sec so far
Iteration 2329135: max diff=0.000000, 3753.00 sec so far
Iteration 2332367: max diff=0.000000, 3758.00 sec so far
Iteration 2335596: max diff=0.000000, 3763.01 sec so far
Iteration 2338840: max diff=0.000000, 3768.01 sec so far
Iteration 2341991: max diff=0.000000, 3773.02 sec so far
Iteration 2345110: max diff=0.000000, 3778.02 sec so far
Iteration 2348197: max diff=0.000000, 3783.02 sec so far
Iteration 2351428: max diff=0.000000, 3788.03 sec so far
Iteration 2354557: max diff=0.000000, 3793.03 sec so far
Iteration 2357795: max diff=0.000000, 3798.04 sec so far
Iteration 2360973: max diff=0.000000, 3803.04 sec so far
Iteration 2364115: max diff=0.000000, 3808.04 sec so far
Iteration 2367273: max diff=0.000000, 3813.05 sec so far
Iteration 2370528: max diff=0.000000, 3818.05 sec so far
Iteration 2373729: max diff=0.000000, 3823.06 sec so far
Iteration 2376937: max diff=0.000000, 3828.06 sec so far
Iteration 2380044: max diff=0.000000, 3833.06 sec so far
Iteration 2383256: max diff=0.000000, 3838.07 sec so far
Iteration 2386486: max diff=0.000000, 3843.07 sec so far
Iteration 2389622: max diff=0.000000, 3848.08 sec so far
Iteration 2392707: max diff=0.000000, 3853.08 sec so far
Iteration 2395884: max diff=0.000000, 3858.08 sec so far
Iteration 2399107: max diff=0.000000, 3863.09 sec so far
Iteration 2402298: max diff=0.000000, 3868.09 sec so far
Iteration 2405447: max diff=0.000000, 3873.10 sec so far
Iteration 2408696: max diff=0.000000, 3878.10 sec so far
Iteration 2411852: max diff=0.000000, 3883.10 sec so far
Iteration 2414976: max diff=0.000000, 3888.11 sec so far
Iteration 2418065: max diff=0.000000, 3893.11 sec so far
Iteration 2421291: max diff=0.000000, 3898.12 sec so far
Iteration 2424443: max diff=0.000000, 3903.12 sec so far
Iteration 2427596: max diff=0.000000, 3908.12 sec so far
Iteration 2430812: max diff=0.000000, 3913.13 sec so far
Iteration 2434014: max diff=0.000000, 3918.13 sec so far
Iteration 2437187: max diff=0.000000, 3923.14 sec so far
Iteration 2440374: max diff=0.000000, 3928.14 sec so far
Iteration 2443563: max diff=0.000000, 3933.14 sec so far
Iteration 2446786: max diff=0.000000, 3938.15 sec so far
Iteration 2450034: max diff=0.000000, 3943.15 sec so far
Iteration 2453296: max diff=0.000000, 3948.16 sec so far
Iteration 2456505: max diff=0.000000, 3953.16 sec so far
Iteration 2459644: max diff=0.000000, 3958.16 sec so far
Iteration 2462882: max diff=0.000000, 3963.17 sec so far
Iteration 2466096: max diff=0.000000, 3968.17 sec so far

Power method: 2469196 iterations in 3972.98 seconds (average 0.001609, setup 0.01)

Printing steady-state probabilities in plain text format to file "../../CZK_project/Output/t=0.2_median_constant/hybrid/ph_10_15000_1E-15"...

Time for steady-state probability computation: 3991.586 seconds.

