PRISM
=====

Version: 4.4
Date: Sun Jun 17 02:45:10 EDT 2018
Hostname: storm-eval
Memory limits: cudd=1g, java(heap)=910.5m
Command line: prism -hybrid -epsilon 1E-15 -maxiters 100000000 -power -absolute -const 'k=4,timeout=0.2,lambda=3.46573590279972654700' ../../CZK_project/Model/queue_withptf_ctmc.sm -ss -exportss ../../CZK_project/Output/t=0.2_median_constant/hybrid/ph_10_4_1E-15

Parsing model file "../../CZK_project/Model/queue_withptf_ctmc.sm"...

Type:        CTMC
Modules:     main trigger 
Variables:   qSize i 

---------------------------------------------------------------------

Computing steady-state probabilities...

Building model...
Model constants: k=4,timeout=0.2,lambda=3.4657359028

Computing reachable states...

Reachability (BFS): 44 iterations in 0.00 seconds (average 0.000000, setup 0.00)

Time for model construction: 0.017 seconds.

Type:        CTMC
States:      44 (1 initial)
Transitions: 84

Rate matrix: 58 nodes (3 terminal), 84 minterms, vars: 7r/7c

SCCs: 1, BSCCs: 1, non-BSCC states: 0
BSCC sizes: 1:44

Initial states all in one BSCC (so no reachability probabilities computed)

Computing probabilities...
Engine: Hybrid

Building power method iteration matrix MTBDD... [nodes=73] [1.4 Kb]
Building hybrid MTBDD matrix... [levels=7, nodes=80] [3.8 KB]
Adding explicit sparse matrices... [levels=7, num=1, compact] [0.6 KB]
Allocating iteration vectors... [2 x 0.3 KB]
TOTAL: [5.0 KB]

Starting iterations...

Power method: 1375 iterations in 0.00 seconds (average 0.000003, setup 0.00)

Printing steady-state probabilities in plain text format to file "../../CZK_project/Output/t=0.2_median_constant/hybrid/ph_10_4_1E-15"...

Time for steady-state probability computation: 0.008 seconds.

