PRISM
=====

Version: 4.4
Date: Sun Jun 17 04:43:19 EDT 2018
Hostname: storm-eval
Memory limits: cudd=1g, java(heap)=910.5m
Command line: prism -hybrid -epsilon 1E-15 -maxiters 100000000 -power -absolute -const 'k=20000,timeout=0.2,lambda=3.46573590279972654700' ../../CZK_project/Model/queue_withptf_ctmc.sm -ss -exportss ../../CZK_project/Output/t=0.2_median_constant/hybrid/ph_10_20000_1E-15

Parsing model file "../../CZK_project/Model/queue_withptf_ctmc.sm"...

Type:        CTMC
Modules:     main trigger 
Variables:   qSize i 

---------------------------------------------------------------------

Computing steady-state probabilities...

Building model...
Model constants: k=20000,timeout=0.2,lambda=3.4657359028

Computing reachable states...

Reachability (BFS): 220000 iterations in 8.49 seconds (average 0.000039, setup 0.00)

Time for model construction: 26.138 seconds.

Type:        CTMC
States:      220000 (1 initial)
Transitions: 420000

Rate matrix: 206 nodes (3 terminal), 420000 minterms, vars: 19r/19c

SCCs: 1, BSCCs: 1, non-BSCC states: 0
BSCC sizes: 1:220000

Initial states all in one BSCC (so no reachability probabilities computed)

Computing probabilities...
Engine: Hybrid

Building power method iteration matrix MTBDD... [nodes=276] [5.4 Kb]
Building hybrid MTBDD matrix... [levels=19, nodes=309] [14.5 KB]
Adding explicit sparse matrices... [levels=15, num=5, compact] [644.6 KB]
Allocating iteration vectors... [2 x 1.7 MB]
TOTAL: [4.0 MB]

Starting iterations...
Iteration 2301: max diff=0.000000, 5.00 sec so far
Iteration 4727: max diff=0.000000, 10.01 sec so far
Iteration 7074: max diff=0.000000, 15.01 sec so far
Iteration 9318: max diff=0.000000, 20.02 sec so far
Iteration 11611: max diff=0.000000, 25.02 sec so far
Iteration 13984: max diff=0.000000, 30.02 sec so far
Iteration 16194: max diff=0.000000, 35.03 sec so far
Iteration 18487: max diff=0.000000, 40.03 sec so far
Iteration 20798: max diff=0.000000, 45.04 sec so far
Iteration 23135: max diff=0.000000, 50.04 sec so far
Iteration 25520: max diff=0.000000, 55.04 sec so far
Iteration 27971: max diff=0.000000, 60.05 sec so far
Iteration 30361: max diff=0.000000, 65.05 sec so far
Iteration 32683: max diff=0.000000, 70.06 sec so far
Iteration 34990: max diff=0.000000, 75.06 sec so far
Iteration 37407: max diff=0.000000, 80.06 sec so far
Iteration 39741: max diff=0.000000, 85.07 sec so far
Iteration 42077: max diff=0.000000, 90.07 sec so far
Iteration 44489: max diff=0.000000, 95.08 sec so far
Iteration 46887: max diff=0.000000, 100.08 sec so far
Iteration 49241: max diff=0.000000, 105.08 sec so far
Iteration 51637: max diff=0.000000, 110.09 sec so far
Iteration 53959: max diff=0.000000, 115.09 sec so far
Iteration 56359: max diff=0.000000, 120.10 sec so far
Iteration 58598: max diff=0.000000, 125.10 sec so far
Iteration 60662: max diff=0.000000, 130.10 sec so far
Iteration 62593: max diff=0.000000, 135.11 sec so far
Iteration 64652: max diff=0.000000, 140.11 sec so far
Iteration 66649: max diff=0.000000, 145.12 sec so far
Iteration 68693: max diff=0.000000, 150.12 sec so far
Iteration 70738: max diff=0.000000, 155.12 sec so far
Iteration 72755: max diff=0.000000, 160.13 sec so far
Iteration 74540: max diff=0.000000, 165.13 sec so far
Iteration 76389: max diff=0.000000, 170.14 sec so far
Iteration 78445: max diff=0.000000, 175.14 sec so far
Iteration 80501: max diff=0.000000, 180.14 sec so far
Iteration 82550: max diff=0.000000, 185.15 sec so far
Iteration 84595: max diff=0.000000, 190.15 sec so far
Iteration 86634: max diff=0.000000, 195.16 sec so far
Iteration 88677: max diff=0.000000, 200.16 sec so far
Iteration 90694: max diff=0.000000, 205.16 sec so far
Iteration 92636: max diff=0.000000, 210.17 sec so far
Iteration 94686: max diff=0.000000, 215.17 sec so far
Iteration 96757: max diff=0.000000, 220.18 sec so far
Iteration 98835: max diff=0.000000, 225.18 sec so far
Iteration 100848: max diff=0.000000, 230.18 sec so far
Iteration 102889: max diff=0.000000, 235.19 sec so far
Iteration 104955: max diff=0.000000, 240.19 sec so far
Iteration 107007: max diff=0.000000, 245.20 sec so far
Iteration 109057: max diff=0.000000, 250.20 sec so far
Iteration 111135: max diff=0.000000, 255.20 sec so far
Iteration 113182: max diff=0.000000, 260.21 sec so far
Iteration 115236: max diff=0.000000, 265.21 sec so far
Iteration 117318: max diff=0.000000, 270.22 sec so far
Iteration 119371: max diff=0.000000, 275.22 sec so far
Iteration 121410: max diff=0.000000, 280.22 sec so far
Iteration 123457: max diff=0.000000, 285.23 sec so far
Iteration 125504: max diff=0.000000, 290.23 sec so far
Iteration 127544: max diff=0.000000, 295.24 sec so far
Iteration 129588: max diff=0.000000, 300.24 sec so far
Iteration 131640: max diff=0.000000, 305.24 sec so far
Iteration 133693: max diff=0.000000, 310.25 sec so far
Iteration 135773: max diff=0.000000, 315.25 sec so far
Iteration 137826: max diff=0.000000, 320.26 sec so far
Iteration 139849: max diff=0.000000, 325.26 sec so far
Iteration 141895: max diff=0.000000, 330.26 sec so far
Iteration 143962: max diff=0.000000, 335.27 sec so far
Iteration 146019: max diff=0.000000, 340.27 sec so far
Iteration 148054: max diff=0.000000, 345.28 sec so far
Iteration 150123: max diff=0.000000, 350.28 sec so far
Iteration 152193: max diff=0.000000, 355.28 sec so far
Iteration 154013: max diff=0.000000, 360.29 sec so far
Iteration 156060: max diff=0.000000, 365.29 sec so far
Iteration 158087: max diff=0.000000, 370.30 sec so far
Iteration 160070: max diff=0.000000, 375.30 sec so far
Iteration 162104: max diff=0.000000, 380.30 sec so far
Iteration 164173: max diff=0.000000, 385.31 sec so far
Iteration 166204: max diff=0.000000, 390.31 sec so far
Iteration 168216: max diff=0.000000, 395.32 sec so far
Iteration 170290: max diff=0.000000, 400.32 sec so far
Iteration 172351: max diff=0.000000, 405.32 sec so far
Iteration 174399: max diff=0.000000, 410.33 sec so far
Iteration 176460: max diff=0.000000, 415.33 sec so far
Iteration 178516: max diff=0.000000, 420.34 sec so far
Iteration 180550: max diff=0.000000, 425.34 sec so far
Iteration 182590: max diff=0.000000, 430.34 sec so far
Iteration 184654: max diff=0.000000, 435.35 sec so far
Iteration 186712: max diff=0.000000, 440.35 sec so far
Iteration 188763: max diff=0.000000, 445.36 sec so far
Iteration 190820: max diff=0.000000, 450.36 sec so far
Iteration 192869: max diff=0.000000, 455.36 sec so far
Iteration 194893: max diff=0.000000, 460.37 sec so far
Iteration 196969: max diff=0.000000, 465.37 sec so far
Iteration 198935: max diff=0.000000, 470.38 sec so far
Iteration 200873: max diff=0.000000, 475.38 sec so far
Iteration 202819: max diff=0.000000, 480.38 sec so far
Iteration 204634: max diff=0.000000, 485.39 sec so far
Iteration 206528: max diff=0.000000, 490.39 sec so far
Iteration 208521: max diff=0.000000, 495.40 sec so far
Iteration 210401: max diff=0.000000, 500.40 sec so far
Iteration 212272: max diff=0.000000, 505.40 sec so far
Iteration 214291: max diff=0.000000, 510.41 sec so far
Iteration 216363: max diff=0.000000, 515.41 sec so far
Iteration 218409: max diff=0.000000, 520.42 sec so far
Iteration 220464: max diff=0.000000, 525.42 sec so far
Iteration 222542: max diff=0.000000, 530.42 sec so far
Iteration 224605: max diff=0.000000, 535.43 sec so far
Iteration 226653: max diff=0.000000, 540.43 sec so far
Iteration 228731: max diff=0.000000, 545.44 sec so far
Iteration 230787: max diff=0.000000, 550.44 sec so far
Iteration 232827: max diff=0.000000, 555.44 sec so far
Iteration 234876: max diff=0.000000, 560.45 sec so far
Iteration 236925: max diff=0.000000, 565.45 sec so far
Iteration 238829: max diff=0.000000, 570.46 sec so far
Iteration 240891: max diff=0.000000, 575.46 sec so far
Iteration 242959: max diff=0.000000, 580.46 sec so far
Iteration 245017: max diff=0.000000, 585.47 sec so far
Iteration 247061: max diff=0.000000, 590.47 sec so far
Iteration 249119: max diff=0.000000, 595.48 sec so far
Iteration 251184: max diff=0.000000, 600.48 sec so far
Iteration 253223: max diff=0.000000, 605.48 sec so far
Iteration 255284: max diff=0.000000, 610.49 sec so far
Iteration 257330: max diff=0.000000, 615.49 sec so far
Iteration 259380: max diff=0.000000, 620.50 sec so far
Iteration 261438: max diff=0.000000, 625.50 sec so far
Iteration 263479: max diff=0.000000, 630.50 sec so far
Iteration 265520: max diff=0.000000, 635.51 sec so far
Iteration 267582: max diff=0.000000, 640.51 sec so far
Iteration 269642: max diff=0.000000, 645.52 sec so far
Iteration 271708: max diff=0.000000, 650.52 sec so far
Iteration 273747: max diff=0.000000, 655.52 sec so far
Iteration 275785: max diff=0.000000, 660.53 sec so far
Iteration 277821: max diff=0.000000, 665.53 sec so far
Iteration 279734: max diff=0.000000, 670.54 sec so far
Iteration 281664: max diff=0.000000, 675.54 sec so far
Iteration 283599: max diff=0.000000, 680.54 sec so far
Iteration 285511: max diff=0.000000, 685.55 sec so far
Iteration 287494: max diff=0.000000, 690.55 sec so far
Iteration 289549: max diff=0.000000, 695.56 sec so far
Iteration 291583: max diff=0.000000, 700.56 sec so far
Iteration 293646: max diff=0.000000, 705.56 sec so far
Iteration 295704: max diff=0.000000, 710.57 sec so far
Iteration 297704: max diff=0.000000, 715.57 sec so far
Iteration 299771: max diff=0.000000, 720.58 sec so far
Iteration 302206: max diff=0.000000, 725.58 sec so far
Iteration 304639: max diff=0.000000, 730.58 sec so far
Iteration 307073: max diff=0.000000, 735.59 sec so far
Iteration 309488: max diff=0.000000, 740.59 sec so far
Iteration 311924: max diff=0.000000, 745.60 sec so far
Iteration 314360: max diff=0.000000, 750.60 sec so far
Iteration 316817: max diff=0.000000, 755.60 sec so far
Iteration 319227: max diff=0.000000, 760.61 sec so far
Iteration 321660: max diff=0.000000, 765.61 sec so far
Iteration 324081: max diff=0.000000, 770.62 sec so far
Iteration 326505: max diff=0.000000, 775.62 sec so far
Iteration 328927: max diff=0.000000, 780.62 sec so far
Iteration 331363: max diff=0.000000, 785.63 sec so far
Iteration 333787: max diff=0.000000, 790.63 sec so far
Iteration 336209: max diff=0.000000, 795.64 sec so far
Iteration 338674: max diff=0.000000, 800.64 sec so far
Iteration 341107: max diff=0.000000, 805.64 sec so far
Iteration 343549: max diff=0.000000, 810.65 sec so far
Iteration 345991: max diff=0.000000, 815.65 sec so far
Iteration 348299: max diff=0.000000, 820.66 sec so far
Iteration 350524: max diff=0.000000, 825.66 sec so far
Iteration 352733: max diff=0.000000, 830.66 sec so far
Iteration 354953: max diff=0.000000, 835.67 sec so far
Iteration 357166: max diff=0.000000, 840.67 sec so far
Iteration 359544: max diff=0.000000, 845.68 sec so far
Iteration 361942: max diff=0.000000, 850.68 sec so far
Iteration 364273: max diff=0.000000, 855.68 sec so far
Iteration 366622: max diff=0.000000, 860.69 sec so far
Iteration 368959: max diff=0.000000, 865.69 sec so far
Iteration 371369: max diff=0.000000, 870.70 sec so far
Iteration 373799: max diff=0.000000, 875.70 sec so far
Iteration 376238: max diff=0.000000, 880.70 sec so far
Iteration 378695: max diff=0.000000, 885.71 sec so far
Iteration 381123: max diff=0.000000, 890.71 sec so far
Iteration 383563: max diff=0.000000, 895.72 sec so far
Iteration 386009: max diff=0.000000, 900.72 sec so far
Iteration 388438: max diff=0.000000, 905.72 sec so far
Iteration 390851: max diff=0.000000, 910.73 sec so far
Iteration 393281: max diff=0.000000, 915.73 sec so far
Iteration 395725: max diff=0.000000, 920.74 sec so far
Iteration 398187: max diff=0.000000, 925.74 sec so far
Iteration 400615: max diff=0.000000, 930.74 sec so far
Iteration 403055: max diff=0.000000, 935.75 sec so far
Iteration 405494: max diff=0.000000, 940.75 sec so far
Iteration 407935: max diff=0.000000, 945.76 sec so far
Iteration 410387: max diff=0.000000, 950.76 sec so far
Iteration 412822: max diff=0.000000, 955.76 sec so far
Iteration 415248: max diff=0.000000, 960.77 sec so far
Iteration 417722: max diff=0.000000, 965.77 sec so far
Iteration 420164: max diff=0.000000, 970.78 sec so far
Iteration 422599: max diff=0.000000, 975.78 sec so far
Iteration 425031: max diff=0.000000, 980.78 sec so far
Iteration 427468: max diff=0.000000, 985.79 sec so far
Iteration 429907: max diff=0.000000, 990.79 sec so far
Iteration 432344: max diff=0.000000, 995.80 sec so far
Iteration 434786: max diff=0.000000, 1000.80 sec so far
Iteration 437210: max diff=0.000000, 1005.80 sec so far
Iteration 439667: max diff=0.000000, 1010.81 sec so far
Iteration 442124: max diff=0.000000, 1015.81 sec so far
Iteration 444556: max diff=0.000000, 1020.82 sec so far
Iteration 446998: max diff=0.000000, 1025.82 sec so far
Iteration 449429: max diff=0.000000, 1030.82 sec so far
Iteration 451864: max diff=0.000000, 1035.83 sec so far
Iteration 454311: max diff=0.000000, 1040.83 sec so far
Iteration 456742: max diff=0.000000, 1045.84 sec so far
Iteration 459170: max diff=0.000000, 1050.84 sec so far
Iteration 461612: max diff=0.000000, 1055.84 sec so far
Iteration 464070: max diff=0.000000, 1060.85 sec so far
Iteration 466502: max diff=0.000000, 1065.85 sec so far
Iteration 468938: max diff=0.000000, 1070.86 sec so far
Iteration 471372: max diff=0.000000, 1075.86 sec so far
Iteration 473812: max diff=0.000000, 1080.86 sec so far
Iteration 476249: max diff=0.000000, 1085.87 sec so far
Iteration 478685: max diff=0.000000, 1090.87 sec so far
Iteration 481139: max diff=0.000000, 1095.88 sec so far
Iteration 483559: max diff=0.000000, 1100.88 sec so far
Iteration 485992: max diff=0.000000, 1105.88 sec so far
Iteration 488428: max diff=0.000000, 1110.89 sec so far
Iteration 490868: max diff=0.000000, 1115.89 sec so far
Iteration 493307: max diff=0.000000, 1120.90 sec so far
Iteration 495740: max diff=0.000000, 1125.90 sec so far
Iteration 498169: max diff=0.000000, 1130.90 sec so far
Iteration 500611: max diff=0.000000, 1135.91 sec so far
Iteration 503086: max diff=0.000000, 1140.91 sec so far
Iteration 505516: max diff=0.000000, 1145.92 sec so far
Iteration 507956: max diff=0.000000, 1150.92 sec so far
Iteration 510388: max diff=0.000000, 1155.92 sec so far
Iteration 512822: max diff=0.000000, 1160.93 sec so far
Iteration 515264: max diff=0.000000, 1165.93 sec so far
Iteration 517700: max diff=0.000000, 1170.94 sec so far
Iteration 520117: max diff=0.000000, 1175.94 sec so far
Iteration 522519: max diff=0.000000, 1180.94 sec so far
Iteration 524911: max diff=0.000000, 1185.95 sec so far
Iteration 527356: max diff=0.000000, 1190.95 sec so far
Iteration 529814: max diff=0.000000, 1195.96 sec so far
Iteration 532248: max diff=0.000000, 1200.96 sec so far
Iteration 534682: max diff=0.000000, 1205.96 sec so far
Iteration 537108: max diff=0.000000, 1210.97 sec so far
Iteration 539548: max diff=0.000000, 1215.97 sec so far
Iteration 541993: max diff=0.000000, 1220.98 sec so far
Iteration 544421: max diff=0.000000, 1225.98 sec so far
Iteration 546856: max diff=0.000000, 1230.98 sec so far
Iteration 549306: max diff=0.000000, 1235.99 sec so far
Iteration 551741: max diff=0.000000, 1240.99 sec so far
Iteration 554159: max diff=0.000000, 1246.00 sec so far
Iteration 556595: max diff=0.000000, 1251.00 sec so far
Iteration 559043: max diff=0.000000, 1256.00 sec so far
Iteration 561490: max diff=0.000000, 1261.01 sec so far
Iteration 563954: max diff=0.000000, 1266.01 sec so far
Iteration 566412: max diff=0.000000, 1271.02 sec so far
Iteration 568858: max diff=0.000000, 1276.02 sec so far
Iteration 571313: max diff=0.000000, 1281.02 sec so far
Iteration 573752: max diff=0.000000, 1286.03 sec so far
Iteration 576196: max diff=0.000000, 1291.03 sec so far
Iteration 578637: max diff=0.000000, 1296.04 sec so far
Iteration 581074: max diff=0.000000, 1301.04 sec so far
Iteration 583522: max diff=0.000000, 1306.04 sec so far
Iteration 585995: max diff=0.000000, 1311.05 sec so far
Iteration 588443: max diff=0.000000, 1316.05 sec so far
Iteration 590854: max diff=0.000000, 1321.06 sec so far
Iteration 593244: max diff=0.000000, 1326.06 sec so far
Iteration 595643: max diff=0.000000, 1331.06 sec so far
Iteration 598030: max diff=0.000000, 1336.07 sec so far
Iteration 600418: max diff=0.000000, 1341.07 sec so far
Iteration 602803: max diff=0.000000, 1346.08 sec so far
Iteration 605187: max diff=0.000000, 1351.08 sec so far
Iteration 607565: max diff=0.000000, 1356.08 sec so far
Iteration 609913: max diff=0.000000, 1361.09 sec so far
Iteration 612289: max diff=0.000000, 1366.09 sec so far
Iteration 614663: max diff=0.000000, 1371.10 sec so far
Iteration 617040: max diff=0.000000, 1376.10 sec so far
Iteration 619409: max diff=0.000000, 1381.10 sec so far
Iteration 621760: max diff=0.000000, 1386.11 sec so far
Iteration 624115: max diff=0.000000, 1391.11 sec so far
Iteration 626447: max diff=0.000000, 1396.12 sec so far
Iteration 628806: max diff=0.000000, 1401.12 sec so far
Iteration 631174: max diff=0.000000, 1406.12 sec so far
Iteration 633505: max diff=0.000000, 1411.13 sec so far
Iteration 635887: max diff=0.000000, 1416.13 sec so far
Iteration 638258: max diff=0.000000, 1421.14 sec so far
Iteration 640645: max diff=0.000000, 1426.14 sec so far
Iteration 643035: max diff=0.000000, 1431.14 sec so far
Iteration 645440: max diff=0.000000, 1436.15 sec so far
Iteration 647836: max diff=0.000000, 1441.15 sec so far
Iteration 650220: max diff=0.000000, 1446.16 sec so far
Iteration 652600: max diff=0.000000, 1451.16 sec so far
Iteration 654992: max diff=0.000000, 1456.16 sec so far
Iteration 657375: max diff=0.000000, 1461.17 sec so far
Iteration 659753: max diff=0.000000, 1466.17 sec so far
Iteration 662136: max diff=0.000000, 1471.18 sec so far
Iteration 664520: max diff=0.000000, 1476.18 sec so far
Iteration 666901: max diff=0.000000, 1481.18 sec so far
Iteration 669281: max diff=0.000000, 1486.19 sec so far
Iteration 671659: max diff=0.000000, 1491.19 sec so far
Iteration 674034: max diff=0.000000, 1496.20 sec so far
Iteration 676421: max diff=0.000000, 1501.20 sec so far
Iteration 678812: max diff=0.000000, 1506.20 sec so far
Iteration 681199: max diff=0.000000, 1511.21 sec so far
Iteration 683579: max diff=0.000000, 1516.21 sec so far
Iteration 685962: max diff=0.000000, 1521.22 sec so far
Iteration 688347: max diff=0.000000, 1526.22 sec so far
Iteration 690732: max diff=0.000000, 1531.22 sec so far
Iteration 693117: max diff=0.000000, 1536.23 sec so far
Iteration 695499: max diff=0.000000, 1541.23 sec so far
Iteration 697879: max diff=0.000000, 1546.24 sec so far
Iteration 700259: max diff=0.000000, 1551.24 sec so far
Iteration 702638: max diff=0.000000, 1556.24 sec so far
Iteration 704994: max diff=0.000000, 1561.25 sec so far
Iteration 707362: max diff=0.000000, 1566.25 sec so far
Iteration 709742: max diff=0.000000, 1571.26 sec so far
Iteration 712114: max diff=0.000000, 1576.26 sec so far
Iteration 714492: max diff=0.000000, 1581.26 sec so far
Iteration 716870: max diff=0.000000, 1586.27 sec so far
Iteration 719249: max diff=0.000000, 1591.27 sec so far
Iteration 721623: max diff=0.000000, 1596.28 sec so far
Iteration 723994: max diff=0.000000, 1601.28 sec so far
Iteration 726372: max diff=0.000000, 1606.28 sec so far
Iteration 728745: max diff=0.000000, 1611.29 sec so far
Iteration 731121: max diff=0.000000, 1616.29 sec so far
Iteration 733492: max diff=0.000000, 1621.30 sec so far
Iteration 735868: max diff=0.000000, 1626.30 sec so far
Iteration 738240: max diff=0.000000, 1631.30 sec so far
Iteration 740619: max diff=0.000000, 1636.31 sec so far
Iteration 742982: max diff=0.000000, 1641.31 sec so far
Iteration 745351: max diff=0.000000, 1646.32 sec so far
Iteration 747727: max diff=0.000000, 1651.32 sec so far
Iteration 750098: max diff=0.000000, 1656.32 sec so far
Iteration 752467: max diff=0.000000, 1661.33 sec so far
Iteration 754840: max diff=0.000000, 1666.33 sec so far
Iteration 757190: max diff=0.000000, 1671.34 sec so far
Iteration 759533: max diff=0.000000, 1676.34 sec so far
Iteration 761849: max diff=0.000000, 1681.34 sec so far
Iteration 764173: max diff=0.000000, 1686.35 sec so far
Iteration 766500: max diff=0.000000, 1691.35 sec so far
Iteration 768822: max diff=0.000000, 1696.36 sec so far
Iteration 771173: max diff=0.000000, 1701.36 sec so far
Iteration 773520: max diff=0.000000, 1706.36 sec so far
Iteration 775875: max diff=0.000000, 1711.37 sec so far
Iteration 778238: max diff=0.000000, 1716.37 sec so far
Iteration 780596: max diff=0.000000, 1721.38 sec so far
Iteration 782952: max diff=0.000000, 1726.38 sec so far
Iteration 785302: max diff=0.000000, 1731.38 sec so far
Iteration 787635: max diff=0.000000, 1736.39 sec so far
Iteration 790015: max diff=0.000000, 1741.39 sec so far
Iteration 792408: max diff=0.000000, 1746.40 sec so far
Iteration 794781: max diff=0.000000, 1751.40 sec so far
Iteration 797103: max diff=0.000000, 1756.40 sec so far
Iteration 799433: max diff=0.000000, 1761.41 sec so far
Iteration 801779: max diff=0.000000, 1766.41 sec so far
Iteration 804142: max diff=0.000000, 1771.42 sec so far
Iteration 806508: max diff=0.000000, 1776.42 sec so far
Iteration 808842: max diff=0.000000, 1781.42 sec so far
Iteration 811196: max diff=0.000000, 1786.43 sec so far
Iteration 813557: max diff=0.000000, 1791.43 sec so far
Iteration 815952: max diff=0.000000, 1796.44 sec so far
Iteration 818336: max diff=0.000000, 1801.44 sec so far
Iteration 820733: max diff=0.000000, 1806.44 sec so far
Iteration 823084: max diff=0.000000, 1811.45 sec so far
Iteration 825461: max diff=0.000000, 1816.45 sec so far
Iteration 827847: max diff=0.000000, 1821.46 sec so far
Iteration 830240: max diff=0.000000, 1826.46 sec so far
Iteration 832634: max diff=0.000000, 1831.46 sec so far
Iteration 835023: max diff=0.000000, 1836.47 sec so far
Iteration 837415: max diff=0.000000, 1841.47 sec so far
Iteration 839803: max diff=0.000000, 1846.48 sec so far
Iteration 842194: max diff=0.000000, 1851.48 sec so far
Iteration 844588: max diff=0.000000, 1856.48 sec so far
Iteration 846977: max diff=0.000000, 1861.49 sec so far
Iteration 849371: max diff=0.000000, 1866.49 sec so far
Iteration 851767: max diff=0.000000, 1871.50 sec so far
Iteration 854134: max diff=0.000000, 1876.50 sec so far
Iteration 856489: max diff=0.000000, 1881.50 sec so far
Iteration 858855: max diff=0.000000, 1886.51 sec so far
Iteration 861223: max diff=0.000000, 1891.51 sec so far
Iteration 863593: max diff=0.000000, 1896.52 sec so far
Iteration 865967: max diff=0.000000, 1901.52 sec so far
Iteration 868353: max diff=0.000000, 1906.52 sec so far
Iteration 870724: max diff=0.000000, 1911.53 sec so far
Iteration 873116: max diff=0.000000, 1916.53 sec so far
Iteration 875573: max diff=0.000000, 1921.54 sec so far
Iteration 878060: max diff=0.000000, 1926.54 sec so far
Iteration 880535: max diff=0.000000, 1931.54 sec so far
Iteration 883007: max diff=0.000000, 1936.55 sec so far
Iteration 885477: max diff=0.000000, 1941.55 sec so far
Iteration 887956: max diff=0.000000, 1946.56 sec so far
Iteration 890433: max diff=0.000000, 1951.56 sec so far
Iteration 892908: max diff=0.000000, 1956.56 sec so far
Iteration 895385: max diff=0.000000, 1961.57 sec so far
Iteration 897861: max diff=0.000000, 1966.57 sec so far
Iteration 900341: max diff=0.000000, 1971.58 sec so far
Iteration 902819: max diff=0.000000, 1976.58 sec so far
Iteration 905293: max diff=0.000000, 1981.58 sec so far
Iteration 907774: max diff=0.000000, 1986.59 sec so far
Iteration 910250: max diff=0.000000, 1991.59 sec so far
Iteration 912727: max diff=0.000000, 1996.60 sec so far
Iteration 915204: max diff=0.000000, 2001.60 sec so far
Iteration 917680: max diff=0.000000, 2006.60 sec so far
Iteration 920158: max diff=0.000000, 2011.61 sec so far
Iteration 922641: max diff=0.000000, 2016.61 sec so far
Iteration 925129: max diff=0.000000, 2021.62 sec so far
Iteration 927615: max diff=0.000000, 2026.62 sec so far
Iteration 930105: max diff=0.000000, 2031.62 sec so far
Iteration 932586: max diff=0.000000, 2036.63 sec so far
Iteration 935070: max diff=0.000000, 2041.63 sec so far
Iteration 937555: max diff=0.000000, 2046.64 sec so far
Iteration 940041: max diff=0.000000, 2051.64 sec so far
Iteration 942524: max diff=0.000000, 2056.64 sec so far
Iteration 944933: max diff=0.000000, 2061.65 sec so far
Iteration 947399: max diff=0.000000, 2066.65 sec so far
Iteration 949885: max diff=0.000000, 2071.66 sec so far
Iteration 952368: max diff=0.000000, 2076.66 sec so far
Iteration 954857: max diff=0.000000, 2081.66 sec so far
Iteration 957339: max diff=0.000000, 2086.67 sec so far
Iteration 959824: max diff=0.000000, 2091.67 sec so far
Iteration 962304: max diff=0.000000, 2096.68 sec so far
Iteration 964787: max diff=0.000000, 2101.68 sec so far
Iteration 967280: max diff=0.000000, 2106.68 sec so far
Iteration 969760: max diff=0.000000, 2111.69 sec so far
Iteration 972245: max diff=0.000000, 2116.69 sec so far
Iteration 974730: max diff=0.000000, 2121.70 sec so far
Iteration 977214: max diff=0.000000, 2126.70 sec so far
Iteration 979698: max diff=0.000000, 2131.70 sec so far
Iteration 982183: max diff=0.000000, 2136.71 sec so far
Iteration 984677: max diff=0.000000, 2141.71 sec so far
Iteration 987162: max diff=0.000000, 2146.72 sec so far
Iteration 989643: max diff=0.000000, 2151.72 sec so far
Iteration 992138: max diff=0.000000, 2156.72 sec so far
Iteration 994607: max diff=0.000000, 2161.73 sec so far
Iteration 997091: max diff=0.000000, 2166.73 sec so far
Iteration 999568: max diff=0.000000, 2171.74 sec so far
Iteration 1002046: max diff=0.000000, 2176.74 sec so far
Iteration 1004526: max diff=0.000000, 2181.74 sec so far
Iteration 1007004: max diff=0.000000, 2186.75 sec so far
Iteration 1009486: max diff=0.000000, 2191.75 sec so far
Iteration 1011967: max diff=0.000000, 2196.76 sec so far
Iteration 1014447: max diff=0.000000, 2201.76 sec so far
Iteration 1016926: max diff=0.000000, 2206.76 sec so far
Iteration 1019395: max diff=0.000000, 2211.77 sec so far
Iteration 1021870: max diff=0.000000, 2216.77 sec so far
Iteration 1024354: max diff=0.000000, 2221.78 sec so far
Iteration 1026834: max diff=0.000000, 2226.78 sec so far
Iteration 1029312: max diff=0.000000, 2231.78 sec so far
Iteration 1031792: max diff=0.000000, 2236.79 sec so far
Iteration 1034268: max diff=0.000000, 2241.79 sec so far
Iteration 1036742: max diff=0.000000, 2246.80 sec so far
Iteration 1039221: max diff=0.000000, 2251.80 sec so far
Iteration 1041695: max diff=0.000000, 2256.80 sec so far
Iteration 1044170: max diff=0.000000, 2261.81 sec so far
Iteration 1046642: max diff=0.000000, 2266.81 sec so far
Iteration 1049121: max diff=0.000000, 2271.82 sec so far
Iteration 1051600: max diff=0.000000, 2276.82 sec so far
Iteration 1054062: max diff=0.000000, 2281.82 sec so far
Iteration 1056505: max diff=0.000000, 2286.83 sec so far
Iteration 1058969: max diff=0.000000, 2291.83 sec so far
Iteration 1061390: max diff=0.000000, 2296.84 sec so far
Iteration 1063859: max diff=0.000000, 2301.84 sec so far
Iteration 1066319: max diff=0.000000, 2306.84 sec so far
Iteration 1068747: max diff=0.000000, 2311.85 sec so far
Iteration 1071228: max diff=0.000000, 2316.85 sec so far
Iteration 1073709: max diff=0.000000, 2321.86 sec so far
Iteration 1076188: max diff=0.000000, 2326.86 sec so far
Iteration 1078664: max diff=0.000000, 2331.86 sec so far
Iteration 1081146: max diff=0.000000, 2336.87 sec so far
Iteration 1083632: max diff=0.000000, 2341.87 sec so far
Iteration 1086111: max diff=0.000000, 2346.88 sec so far
Iteration 1088594: max diff=0.000000, 2351.88 sec so far
Iteration 1091073: max diff=0.000000, 2356.88 sec so far
Iteration 1093558: max diff=0.000000, 2361.89 sec so far
Iteration 1096031: max diff=0.000000, 2366.89 sec so far
Iteration 1098508: max diff=0.000000, 2371.90 sec so far
Iteration 1100983: max diff=0.000000, 2376.90 sec so far
Iteration 1103472: max diff=0.000000, 2381.90 sec so far
Iteration 1105953: max diff=0.000000, 2386.91 sec so far
Iteration 1108429: max diff=0.000000, 2391.91 sec so far
Iteration 1110911: max diff=0.000000, 2396.92 sec so far
Iteration 1113403: max diff=0.000000, 2401.92 sec so far
Iteration 1115887: max diff=0.000000, 2406.92 sec so far
Iteration 1118366: max diff=0.000000, 2411.93 sec so far
Iteration 1120852: max diff=0.000000, 2416.93 sec so far
Iteration 1123334: max diff=0.000000, 2421.94 sec so far
Iteration 1125799: max diff=0.000000, 2426.94 sec so far
Iteration 1128277: max diff=0.000000, 2431.94 sec so far
Iteration 1130761: max diff=0.000000, 2436.95 sec so far
Iteration 1133237: max diff=0.000000, 2441.95 sec so far
Iteration 1135720: max diff=0.000000, 2446.96 sec so far
Iteration 1138206: max diff=0.000000, 2451.96 sec so far
Iteration 1140686: max diff=0.000000, 2456.96 sec so far
Iteration 1143168: max diff=0.000000, 2461.97 sec so far
Iteration 1145648: max diff=0.000000, 2466.97 sec so far
Iteration 1148126: max diff=0.000000, 2471.98 sec so far
Iteration 1150615: max diff=0.000000, 2476.98 sec so far
Iteration 1153092: max diff=0.000000, 2481.98 sec so far
Iteration 1155536: max diff=0.000000, 2486.99 sec so far
Iteration 1158015: max diff=0.000000, 2491.99 sec so far
Iteration 1160491: max diff=0.000000, 2497.00 sec so far
Iteration 1162962: max diff=0.000000, 2502.00 sec so far
Iteration 1165432: max diff=0.000000, 2507.00 sec so far
Iteration 1167898: max diff=0.000000, 2512.01 sec so far
Iteration 1170356: max diff=0.000000, 2517.01 sec so far
Iteration 1172767: max diff=0.000000, 2522.02 sec so far
Iteration 1175211: max diff=0.000000, 2527.02 sec so far
Iteration 1177656: max diff=0.000000, 2532.02 sec so far
Iteration 1180079: max diff=0.000000, 2537.03 sec so far
Iteration 1182512: max diff=0.000000, 2542.03 sec so far
Iteration 1184935: max diff=0.000000, 2547.04 sec so far
Iteration 1187337: max diff=0.000000, 2552.04 sec so far
Iteration 1189776: max diff=0.000000, 2557.04 sec so far
Iteration 1192226: max diff=0.000000, 2562.05 sec so far
Iteration 1194629: max diff=0.000000, 2567.05 sec so far
Iteration 1197054: max diff=0.000000, 2572.06 sec so far
Iteration 1199474: max diff=0.000000, 2577.06 sec so far
Iteration 1201909: max diff=0.000000, 2582.06 sec so far
Iteration 1204338: max diff=0.000000, 2587.07 sec so far
Iteration 1206776: max diff=0.000000, 2592.07 sec so far
Iteration 1209206: max diff=0.000000, 2597.08 sec so far
Iteration 1211648: max diff=0.000000, 2602.08 sec so far
Iteration 1214085: max diff=0.000000, 2607.08 sec so far
Iteration 1216488: max diff=0.000000, 2612.09 sec so far
Iteration 1218893: max diff=0.000000, 2617.09 sec so far
Iteration 1221290: max diff=0.000000, 2622.10 sec so far
Iteration 1223723: max diff=0.000000, 2627.10 sec so far
Iteration 1226162: max diff=0.000000, 2632.10 sec so far
Iteration 1228601: max diff=0.000000, 2637.11 sec so far
Iteration 1231054: max diff=0.000000, 2642.11 sec so far
Iteration 1233464: max diff=0.000000, 2647.12 sec so far
Iteration 1235902: max diff=0.000000, 2652.12 sec so far
Iteration 1238343: max diff=0.000000, 2657.12 sec so far
Iteration 1240762: max diff=0.000000, 2662.13 sec so far
Iteration 1243186: max diff=0.000000, 2667.13 sec so far
Iteration 1245622: max diff=0.000000, 2672.14 sec so far
Iteration 1248034: max diff=0.000000, 2677.14 sec so far
Iteration 1250458: max diff=0.000000, 2682.14 sec so far
Iteration 1252861: max diff=0.000000, 2687.15 sec so far
Iteration 1255273: max diff=0.000000, 2692.15 sec so far
Iteration 1257712: max diff=0.000000, 2697.16 sec so far
Iteration 1260158: max diff=0.000000, 2702.16 sec so far
Iteration 1262569: max diff=0.000000, 2707.16 sec so far
Iteration 1264976: max diff=0.000000, 2712.17 sec so far
Iteration 1267400: max diff=0.000000, 2717.17 sec so far
Iteration 1269817: max diff=0.000000, 2722.18 sec so far
Iteration 1272241: max diff=0.000000, 2727.18 sec so far
Iteration 1274686: max diff=0.000000, 2732.18 sec so far
Iteration 1277122: max diff=0.000000, 2737.19 sec so far
Iteration 1279563: max diff=0.000000, 2742.19 sec so far
Iteration 1282007: max diff=0.000000, 2747.20 sec so far
Iteration 1284437: max diff=0.000000, 2752.20 sec so far
Iteration 1286873: max diff=0.000000, 2757.20 sec so far
Iteration 1289339: max diff=0.000000, 2762.21 sec so far
Iteration 1291765: max diff=0.000000, 2767.21 sec so far
Iteration 1294203: max diff=0.000000, 2772.22 sec so far
Iteration 1296632: max diff=0.000000, 2777.22 sec so far
Iteration 1299059: max diff=0.000000, 2782.22 sec so far
Iteration 1301496: max diff=0.000000, 2787.23 sec so far
Iteration 1303928: max diff=0.000000, 2792.23 sec so far
Iteration 1306365: max diff=0.000000, 2797.24 sec so far
Iteration 1308793: max diff=0.000000, 2802.24 sec so far
Iteration 1311222: max diff=0.000000, 2807.24 sec so far
Iteration 1313643: max diff=0.000000, 2812.25 sec so far
Iteration 1316092: max diff=0.000000, 2817.25 sec so far
Iteration 1318496: max diff=0.000000, 2822.26 sec so far
Iteration 1320899: max diff=0.000000, 2827.26 sec so far
Iteration 1323330: max diff=0.000000, 2832.26 sec so far
Iteration 1325746: max diff=0.000000, 2837.27 sec so far
Iteration 1328103: max diff=0.000000, 2842.27 sec so far
Iteration 1330537: max diff=0.000000, 2847.28 sec so far
Iteration 1332997: max diff=0.000000, 2852.28 sec so far
Iteration 1335437: max diff=0.000000, 2857.28 sec so far
Iteration 1337885: max diff=0.000000, 2862.29 sec so far
Iteration 1340291: max diff=0.000000, 2867.29 sec so far
Iteration 1342696: max diff=0.000000, 2872.30 sec so far
Iteration 1345110: max diff=0.000000, 2877.30 sec so far
Iteration 1347509: max diff=0.000000, 2882.30 sec so far
Iteration 1349923: max diff=0.000000, 2887.31 sec so far
Iteration 1352329: max diff=0.000000, 2892.31 sec so far
Iteration 1354725: max diff=0.000000, 2897.32 sec so far
Iteration 1357145: max diff=0.000000, 2902.32 sec so far
Iteration 1359579: max diff=0.000000, 2907.32 sec so far
Iteration 1362017: max diff=0.000000, 2912.33 sec so far
Iteration 1364464: max diff=0.000000, 2917.33 sec so far
Iteration 1366911: max diff=0.000000, 2922.34 sec so far
Iteration 1369341: max diff=0.000000, 2927.34 sec so far
Iteration 1371787: max diff=0.000000, 2932.34 sec so far
Iteration 1374245: max diff=0.000000, 2937.35 sec so far
Iteration 1376679: max diff=0.000000, 2942.35 sec so far
Iteration 1379101: max diff=0.000000, 2947.36 sec so far
Iteration 1381522: max diff=0.000000, 2952.36 sec so far
Iteration 1383957: max diff=0.000000, 2957.36 sec so far
Iteration 1386387: max diff=0.000000, 2962.37 sec so far
Iteration 1388808: max diff=0.000000, 2967.37 sec so far
Iteration 1391247: max diff=0.000000, 2972.38 sec so far
Iteration 1393693: max diff=0.000000, 2977.38 sec so far
Iteration 1396079: max diff=0.000000, 2982.38 sec so far
Iteration 1398503: max diff=0.000000, 2987.39 sec so far
Iteration 1400944: max diff=0.000000, 2992.39 sec so far
Iteration 1403383: max diff=0.000000, 2997.40 sec so far
Iteration 1405813: max diff=0.000000, 3002.40 sec so far
Iteration 1408247: max diff=0.000000, 3007.40 sec so far
Iteration 1410680: max diff=0.000000, 3012.41 sec so far
Iteration 1413113: max diff=0.000000, 3017.41 sec so far
Iteration 1415570: max diff=0.000000, 3022.42 sec so far
Iteration 1418028: max diff=0.000000, 3027.42 sec so far
Iteration 1420464: max diff=0.000000, 3032.42 sec so far
Iteration 1422900: max diff=0.000000, 3037.43 sec so far
Iteration 1425333: max diff=0.000000, 3042.43 sec so far
Iteration 1427766: max diff=0.000000, 3047.44 sec so far
Iteration 1430209: max diff=0.000000, 3052.44 sec so far
Iteration 1432647: max diff=0.000000, 3057.44 sec so far
Iteration 1435064: max diff=0.000000, 3062.45 sec so far
Iteration 1437513: max diff=0.000000, 3067.45 sec so far
Iteration 1439957: max diff=0.000000, 3072.46 sec so far
Iteration 1442368: max diff=0.000000, 3077.46 sec so far
Iteration 1444791: max diff=0.000000, 3082.46 sec so far
Iteration 1447187: max diff=0.000000, 3087.47 sec so far
Iteration 1449596: max diff=0.000000, 3092.47 sec so far
Iteration 1452037: max diff=0.000000, 3097.48 sec so far
Iteration 1454480: max diff=0.000000, 3102.48 sec so far
Iteration 1456925: max diff=0.000000, 3107.48 sec so far
Iteration 1459358: max diff=0.000000, 3112.49 sec so far
Iteration 1461559: max diff=0.000000, 3117.49 sec so far
Iteration 1463546: max diff=0.000000, 3122.50 sec so far
Iteration 1465510: max diff=0.000000, 3127.50 sec so far
Iteration 1467494: max diff=0.000000, 3132.50 sec so far
Iteration 1469434: max diff=0.000000, 3137.51 sec so far
Iteration 1471413: max diff=0.000000, 3142.51 sec so far
Iteration 1473384: max diff=0.000000, 3147.52 sec so far
Iteration 1475377: max diff=0.000000, 3152.52 sec so far
Iteration 1477401: max diff=0.000000, 3157.52 sec so far
Iteration 1479422: max diff=0.000000, 3162.53 sec so far
Iteration 1481453: max diff=0.000000, 3167.53 sec so far
Iteration 1483452: max diff=0.000000, 3172.54 sec so far
Iteration 1485427: max diff=0.000000, 3177.54 sec so far
Iteration 1487459: max diff=0.000000, 3182.54 sec so far
Iteration 1489493: max diff=0.000000, 3187.55 sec so far
Iteration 1491522: max diff=0.000000, 3192.55 sec so far
Iteration 1493552: max diff=0.000000, 3197.56 sec so far
Iteration 1495590: max diff=0.000000, 3202.56 sec so far
Iteration 1497636: max diff=0.000000, 3207.56 sec so far
Iteration 1499685: max diff=0.000000, 3212.57 sec so far
Iteration 1501742: max diff=0.000000, 3217.57 sec so far
Iteration 1503777: max diff=0.000000, 3222.58 sec so far
Iteration 1505812: max diff=0.000000, 3227.58 sec so far
Iteration 1507857: max diff=0.000000, 3232.58 sec so far
Iteration 1509903: max diff=0.000000, 3237.59 sec so far
Iteration 1511939: max diff=0.000000, 3242.59 sec so far
Iteration 1513991: max diff=0.000000, 3247.60 sec so far
Iteration 1515680: max diff=0.000000, 3252.60 sec so far
Iteration 1517215: max diff=0.000000, 3257.60 sec so far
Iteration 1519215: max diff=0.000000, 3262.61 sec so far
Iteration 1521241: max diff=0.000000, 3267.61 sec so far
Iteration 1523269: max diff=0.000000, 3272.62 sec so far
Iteration 1525310: max diff=0.000000, 3277.62 sec so far
Iteration 1527373: max diff=0.000000, 3282.62 sec so far
Iteration 1529401: max diff=0.000000, 3287.63 sec so far
Iteration 1531438: max diff=0.000000, 3292.63 sec so far
Iteration 1533492: max diff=0.000000, 3297.64 sec so far
Iteration 1535547: max diff=0.000000, 3302.64 sec so far
Iteration 1537583: max diff=0.000000, 3307.64 sec so far
Iteration 1539631: max diff=0.000000, 3312.65 sec so far
Iteration 1541676: max diff=0.000000, 3317.65 sec so far
Iteration 1543673: max diff=0.000000, 3322.66 sec so far
Iteration 1545554: max diff=0.000000, 3327.66 sec so far
Iteration 1547456: max diff=0.000000, 3332.67 sec so far
Iteration 1549343: max diff=0.000000, 3337.67 sec so far
Iteration 1551205: max diff=0.000000, 3342.68 sec so far
Iteration 1553091: max diff=0.000000, 3347.68 sec so far
Iteration 1555010: max diff=0.000000, 3352.68 sec so far
Iteration 1557062: max diff=0.000000, 3357.69 sec so far
Iteration 1559080: max diff=0.000000, 3362.69 sec so far
Iteration 1561111: max diff=0.000000, 3367.70 sec so far
Iteration 1563152: max diff=0.000000, 3372.70 sec so far
Iteration 1565199: max diff=0.000000, 3377.70 sec so far
Iteration 1567231: max diff=0.000000, 3382.71 sec so far
Iteration 1569276: max diff=0.000000, 3387.71 sec so far
Iteration 1571306: max diff=0.000000, 3392.72 sec so far
Iteration 1573351: max diff=0.000000, 3397.72 sec so far
Iteration 1575385: max diff=0.000000, 3402.72 sec so far
Iteration 1577427: max diff=0.000000, 3407.73 sec so far
Iteration 1579448: max diff=0.000000, 3412.73 sec so far
Iteration 1581478: max diff=0.000000, 3417.74 sec so far
Iteration 1583526: max diff=0.000000, 3422.74 sec so far
Iteration 1585560: max diff=0.000000, 3427.74 sec so far
Iteration 1587579: max diff=0.000000, 3432.75 sec so far
Iteration 1589607: max diff=0.000000, 3437.75 sec so far
Iteration 1591640: max diff=0.000000, 3442.76 sec so far
Iteration 1593669: max diff=0.000000, 3447.76 sec so far
Iteration 1595714: max diff=0.000000, 3452.76 sec so far
Iteration 1597737: max diff=0.000000, 3457.77 sec so far
Iteration 1599764: max diff=0.000000, 3462.77 sec so far
Iteration 1601773: max diff=0.000000, 3467.78 sec so far
Iteration 1603812: max diff=0.000000, 3472.78 sec so far
Iteration 1605853: max diff=0.000000, 3477.78 sec so far
Iteration 1607898: max diff=0.000000, 3482.79 sec so far
Iteration 1609928: max diff=0.000000, 3487.79 sec so far
Iteration 1611968: max diff=0.000000, 3492.80 sec so far
Iteration 1613986: max diff=0.000000, 3497.80 sec so far
Iteration 1616022: max diff=0.000000, 3502.80 sec so far
Iteration 1618051: max diff=0.000000, 3507.81 sec so far
Iteration 1620096: max diff=0.000000, 3512.81 sec so far
Iteration 1622148: max diff=0.000000, 3517.82 sec so far
Iteration 1624110: max diff=0.000000, 3522.82 sec so far
Iteration 1626135: max diff=0.000000, 3527.82 sec so far
Iteration 1628182: max diff=0.000000, 3532.83 sec so far
Iteration 1630231: max diff=0.000000, 3537.83 sec so far
Iteration 1632261: max diff=0.000000, 3542.84 sec so far
Iteration 1634311: max diff=0.000000, 3547.84 sec so far
Iteration 1636346: max diff=0.000000, 3552.84 sec so far
Iteration 1638379: max diff=0.000000, 3557.85 sec so far
Iteration 1640338: max diff=0.000000, 3562.85 sec so far
Iteration 1642225: max diff=0.000000, 3567.86 sec so far
Iteration 1644233: max diff=0.000000, 3572.86 sec so far
Iteration 1646285: max diff=0.000000, 3577.86 sec so far
Iteration 1648327: max diff=0.000000, 3582.87 sec so far
Iteration 1650357: max diff=0.000000, 3587.87 sec so far
Iteration 1652391: max diff=0.000000, 3592.88 sec so far
Iteration 1654434: max diff=0.000000, 3597.88 sec so far
Iteration 1656458: max diff=0.000000, 3602.88 sec so far
Iteration 1658482: max diff=0.000000, 3607.89 sec so far
Iteration 1660520: max diff=0.000000, 3612.89 sec so far
Iteration 1662568: max diff=0.000000, 3617.90 sec so far
Iteration 1664601: max diff=0.000000, 3622.90 sec so far
Iteration 1666607: max diff=0.000000, 3627.90 sec so far
Iteration 1668622: max diff=0.000000, 3632.91 sec so far
Iteration 1670623: max diff=0.000000, 3637.91 sec so far
Iteration 1672597: max diff=0.000000, 3642.92 sec so far
Iteration 1674215: max diff=0.000000, 3647.92 sec so far
Iteration 1676187: max diff=0.000000, 3652.92 sec so far
Iteration 1678211: max diff=0.000000, 3657.93 sec so far
Iteration 1680249: max diff=0.000000, 3662.93 sec so far
Iteration 1682264: max diff=0.000000, 3667.94 sec so far
Iteration 1684298: max diff=0.000000, 3672.94 sec so far
Iteration 1686307: max diff=0.000000, 3677.94 sec so far
Iteration 1688317: max diff=0.000000, 3682.95 sec so far
Iteration 1690345: max diff=0.000000, 3687.95 sec so far
Iteration 1692384: max diff=0.000000, 3692.96 sec so far
Iteration 1694325: max diff=0.000000, 3697.96 sec so far
Iteration 1696286: max diff=0.000000, 3702.96 sec so far
Iteration 1698316: max diff=0.000000, 3707.97 sec so far
Iteration 1700335: max diff=0.000000, 3712.97 sec so far
Iteration 1702370: max diff=0.000000, 3717.98 sec so far
Iteration 1704302: max diff=0.000000, 3722.98 sec so far
Iteration 1706407: max diff=0.000000, 3727.98 sec so far
Iteration 1708496: max diff=0.000000, 3732.99 sec so far
Iteration 1710592: max diff=0.000000, 3737.99 sec so far
Iteration 1712693: max diff=0.000000, 3743.00 sec so far
Iteration 1714785: max diff=0.000000, 3748.00 sec so far
Iteration 1716874: max diff=0.000000, 3753.00 sec so far
Iteration 1718893: max diff=0.000000, 3758.01 sec so far
Iteration 1720944: max diff=0.000000, 3763.01 sec so far
Iteration 1723011: max diff=0.000000, 3768.02 sec so far
Iteration 1725091: max diff=0.000000, 3773.02 sec so far
Iteration 1727162: max diff=0.000000, 3778.02 sec so far
Iteration 1729209: max diff=0.000000, 3783.03 sec so far
Iteration 1731297: max diff=0.000000, 3788.03 sec so far
Iteration 1733393: max diff=0.000000, 3793.04 sec so far
Iteration 1735426: max diff=0.000000, 3798.04 sec so far
Iteration 1737502: max diff=0.000000, 3803.04 sec so far
Iteration 1739584: max diff=0.000000, 3808.05 sec so far
Iteration 1741702: max diff=0.000000, 3813.05 sec so far
Iteration 1743825: max diff=0.000000, 3818.06 sec so far
Iteration 1745933: max diff=0.000000, 3823.06 sec so far
Iteration 1747963: max diff=0.000000, 3828.06 sec so far
Iteration 1750001: max diff=0.000000, 3833.07 sec so far
Iteration 1751567: max diff=0.000000, 3838.07 sec so far
Iteration 1753107: max diff=0.000000, 3843.08 sec so far
Iteration 1754656: max diff=0.000000, 3848.08 sec so far
Iteration 1756198: max diff=0.000000, 3853.09 sec so far
Iteration 1758184: max diff=0.000000, 3858.09 sec so far
Iteration 1760137: max diff=0.000000, 3863.10 sec so far
Iteration 1762128: max diff=0.000000, 3868.10 sec so far
Iteration 1764152: max diff=0.000000, 3873.10 sec so far
Iteration 1766163: max diff=0.000000, 3878.11 sec so far
Iteration 1768224: max diff=0.000000, 3883.11 sec so far
Iteration 1770275: max diff=0.000000, 3888.12 sec so far
Iteration 1772264: max diff=0.000000, 3893.12 sec so far
Iteration 1774225: max diff=0.000000, 3898.12 sec so far
Iteration 1776207: max diff=0.000000, 3903.13 sec so far
Iteration 1778233: max diff=0.000000, 3908.13 sec so far
Iteration 1780301: max diff=0.000000, 3913.14 sec so far
Iteration 1782337: max diff=0.000000, 3918.14 sec so far
Iteration 1784363: max diff=0.000000, 3923.14 sec so far
Iteration 1786394: max diff=0.000000, 3928.15 sec so far
Iteration 1788411: max diff=0.000000, 3933.15 sec so far
Iteration 1790413: max diff=0.000000, 3938.16 sec so far
Iteration 1792475: max diff=0.000000, 3943.16 sec so far
Iteration 1794517: max diff=0.000000, 3948.16 sec so far
Iteration 1796562: max diff=0.000000, 3953.17 sec so far
Iteration 1798610: max diff=0.000000, 3958.17 sec so far
Iteration 1800643: max diff=0.000000, 3963.18 sec so far
Iteration 1802667: max diff=0.000000, 3968.18 sec so far
Iteration 1804702: max diff=0.000000, 3973.18 sec so far
Iteration 1806738: max diff=0.000000, 3978.19 sec so far
Iteration 1808700: max diff=0.000000, 3983.19 sec so far
Iteration 1810754: max diff=0.000000, 3988.20 sec so far
Iteration 1812789: max diff=0.000000, 3993.20 sec so far
Iteration 1814788: max diff=0.000000, 3998.20 sec so far
Iteration 1816765: max diff=0.000000, 4003.21 sec so far
Iteration 1818458: max diff=0.000000, 4008.21 sec so far
Iteration 1820506: max diff=0.000000, 4013.22 sec so far
Iteration 1822550: max diff=0.000000, 4018.22 sec so far
Iteration 1824591: max diff=0.000000, 4023.22 sec so far
Iteration 1826624: max diff=0.000000, 4028.23 sec so far
Iteration 1828666: max diff=0.000000, 4033.23 sec so far
Iteration 1830715: max diff=0.000000, 4038.24 sec so far
Iteration 1832753: max diff=0.000000, 4043.24 sec so far
Iteration 1834772: max diff=0.000000, 4048.24 sec so far
Iteration 1836804: max diff=0.000000, 4053.25 sec so far
Iteration 1838813: max diff=0.000000, 4058.25 sec so far
Iteration 1840740: max diff=0.000000, 4063.26 sec so far
Iteration 1842774: max diff=0.000000, 4068.26 sec so far
Iteration 1844723: max diff=0.000000, 4073.26 sec so far
Iteration 1846736: max diff=0.000000, 4078.27 sec so far
Iteration 1848775: max diff=0.000000, 4083.27 sec so far
Iteration 1850780: max diff=0.000000, 4088.28 sec so far
Iteration 1852851: max diff=0.000000, 4093.28 sec so far
Iteration 1854890: max diff=0.000000, 4098.28 sec so far
Iteration 1856929: max diff=0.000000, 4103.29 sec so far
Iteration 1858957: max diff=0.000000, 4108.29 sec so far
Iteration 1861027: max diff=0.000000, 4113.30 sec so far
Iteration 1863123: max diff=0.000000, 4118.30 sec so far
Iteration 1865232: max diff=0.000000, 4123.30 sec so far
Iteration 1867265: max diff=0.000000, 4128.31 sec so far
Iteration 1869314: max diff=0.000000, 4133.31 sec so far
Iteration 1871360: max diff=0.000000, 4138.32 sec so far
Iteration 1873398: max diff=0.000000, 4143.32 sec so far
Iteration 1875441: max diff=0.000000, 4148.32 sec so far
Iteration 1877486: max diff=0.000000, 4153.33 sec so far
Iteration 1879430: max diff=0.000000, 4158.33 sec so far
Iteration 1881431: max diff=0.000000, 4163.34 sec so far
Iteration 1883476: max diff=0.000000, 4168.34 sec so far
Iteration 1885524: max diff=0.000000, 4173.34 sec so far
Iteration 1887549: max diff=0.000000, 4178.35 sec so far
Iteration 1889381: max diff=0.000000, 4183.35 sec so far
Iteration 1891406: max diff=0.000000, 4188.36 sec so far
Iteration 1893370: max diff=0.000000, 4193.36 sec so far
Iteration 1895349: max diff=0.000000, 4198.36 sec so far
Iteration 1897443: max diff=0.000000, 4203.37 sec so far
Iteration 1899555: max diff=0.000000, 4208.37 sec so far
Iteration 1901668: max diff=0.000000, 4213.38 sec so far
Iteration 1903782: max diff=0.000000, 4218.38 sec so far
Iteration 1905896: max diff=0.000000, 4223.38 sec so far
Iteration 1907939: max diff=0.000000, 4228.39 sec so far
Iteration 1909920: max diff=0.000000, 4233.39 sec so far
Iteration 1911961: max diff=0.000000, 4238.40 sec so far
Iteration 1914074: max diff=0.000000, 4243.40 sec so far
Iteration 1916166: max diff=0.000000, 4248.40 sec so far
Iteration 1918263: max diff=0.000000, 4253.41 sec so far
Iteration 1920352: max diff=0.000000, 4258.41 sec so far
Iteration 1922298: max diff=0.000000, 4263.42 sec so far
Iteration 1924299: max diff=0.000000, 4268.42 sec so far
Iteration 1926037: max diff=0.000000, 4273.42 sec so far
Iteration 1927949: max diff=0.000000, 4278.43 sec so far
Iteration 1930054: max diff=0.000000, 4283.43 sec so far
Iteration 1932140: max diff=0.000000, 4288.44 sec so far
Iteration 1934249: max diff=0.000000, 4293.44 sec so far
Iteration 1936267: max diff=0.000000, 4298.44 sec so far
Iteration 1938335: max diff=0.000000, 4303.45 sec so far
Iteration 1940436: max diff=0.000000, 4308.45 sec so far
Iteration 1942708: max diff=0.000000, 4313.46 sec so far
Iteration 1945133: max diff=0.000000, 4318.46 sec so far
Iteration 1947575: max diff=0.000000, 4323.46 sec so far
Iteration 1950024: max diff=0.000000, 4328.47 sec so far
Iteration 1952473: max diff=0.000000, 4333.47 sec so far
Iteration 1954909: max diff=0.000000, 4338.48 sec so far
Iteration 1957355: max diff=0.000000, 4343.48 sec so far
Iteration 1959776: max diff=0.000000, 4348.48 sec so far
Iteration 1962217: max diff=0.000000, 4353.49 sec so far
Iteration 1964562: max diff=0.000000, 4358.49 sec so far
Iteration 1966740: max diff=0.000000, 4363.50 sec so far
Iteration 1968918: max diff=0.000000, 4368.50 sec so far
Iteration 1971164: max diff=0.000000, 4373.50 sec so far
Iteration 1973422: max diff=0.000000, 4378.51 sec so far
Iteration 1975613: max diff=0.000000, 4383.51 sec so far
Iteration 1977809: max diff=0.000000, 4388.52 sec so far
Iteration 1980010: max diff=0.000000, 4393.52 sec so far
Iteration 1982195: max diff=0.000000, 4398.52 sec so far
Iteration 1984365: max diff=0.000000, 4403.53 sec so far
Iteration 1986562: max diff=0.000000, 4408.53 sec so far
Iteration 1988763: max diff=0.000000, 4413.54 sec so far
Iteration 1990972: max diff=0.000000, 4418.54 sec so far
Iteration 1993191: max diff=0.000000, 4423.54 sec so far
Iteration 1995455: max diff=0.000000, 4428.55 sec so far
Iteration 1997766: max diff=0.000000, 4433.55 sec so far
Iteration 2000198: max diff=0.000000, 4438.56 sec so far
Iteration 2002686: max diff=0.000000, 4443.56 sec so far
Iteration 2005144: max diff=0.000000, 4448.56 sec so far
Iteration 2007600: max diff=0.000000, 4453.57 sec so far
Iteration 2010071: max diff=0.000000, 4458.57 sec so far
Iteration 2012525: max diff=0.000000, 4463.58 sec so far
Iteration 2014980: max diff=0.000000, 4468.58 sec so far
Iteration 2017459: max diff=0.000000, 4473.58 sec so far
Iteration 2019822: max diff=0.000000, 4478.59 sec so far
Iteration 2022083: max diff=0.000000, 4483.59 sec so far
Iteration 2024329: max diff=0.000000, 4488.60 sec so far
Iteration 2026599: max diff=0.000000, 4493.60 sec so far
Iteration 2028821: max diff=0.000000, 4498.60 sec so far
Iteration 2031041: max diff=0.000000, 4503.61 sec so far
Iteration 2033261: max diff=0.000000, 4508.61 sec so far
Iteration 2035489: max diff=0.000000, 4513.62 sec so far
Iteration 2037721: max diff=0.000000, 4518.62 sec so far
Iteration 2039945: max diff=0.000000, 4523.62 sec so far
Iteration 2042175: max diff=0.000000, 4528.63 sec so far
Iteration 2044388: max diff=0.000000, 4533.63 sec so far
Iteration 2046595: max diff=0.000000, 4538.64 sec so far
Iteration 2048819: max diff=0.000000, 4543.64 sec so far
Iteration 2050831: max diff=0.000000, 4548.64 sec so far
Iteration 2053148: max diff=0.000000, 4553.65 sec so far
Iteration 2055595: max diff=0.000000, 4558.65 sec so far
Iteration 2058039: max diff=0.000000, 4563.66 sec so far
Iteration 2060518: max diff=0.000000, 4568.66 sec so far
Iteration 2062984: max diff=0.000000, 4573.66 sec so far
Iteration 2065438: max diff=0.000000, 4578.67 sec so far
Iteration 2067885: max diff=0.000000, 4583.67 sec so far
Iteration 2070336: max diff=0.000000, 4588.68 sec so far
Iteration 2072781: max diff=0.000000, 4593.68 sec so far
Iteration 2075128: max diff=0.000000, 4598.68 sec so far
Iteration 2077391: max diff=0.000000, 4603.69 sec so far
Iteration 2079640: max diff=0.000000, 4608.69 sec so far
Iteration 2081905: max diff=0.000000, 4613.70 sec so far
Iteration 2084163: max diff=0.000000, 4618.70 sec so far
Iteration 2086409: max diff=0.000000, 4623.70 sec so far
Iteration 2088645: max diff=0.000000, 4628.71 sec so far
Iteration 2090899: max diff=0.000000, 4633.71 sec so far
Iteration 2093145: max diff=0.000000, 4638.72 sec so far
Iteration 2095382: max diff=0.000000, 4643.72 sec so far
Iteration 2097615: max diff=0.000000, 4648.72 sec so far
Iteration 2099863: max diff=0.000000, 4653.73 sec so far
Iteration 2102110: max diff=0.000000, 4658.73 sec so far
Iteration 2104356: max diff=0.000000, 4663.74 sec so far
Iteration 2106516: max diff=0.000000, 4668.74 sec so far
Iteration 2108752: max diff=0.000000, 4673.74 sec so far
Iteration 2111198: max diff=0.000000, 4678.75 sec so far
Iteration 2113638: max diff=0.000000, 4683.75 sec so far
Iteration 2116086: max diff=0.000000, 4688.76 sec so far
Iteration 2118536: max diff=0.000000, 4693.76 sec so far
Iteration 2120990: max diff=0.000000, 4698.76 sec so far
Iteration 2123451: max diff=0.000000, 4703.77 sec so far
Iteration 2125890: max diff=0.000000, 4708.77 sec so far
Iteration 2128355: max diff=0.000000, 4713.78 sec so far
Iteration 2130422: max diff=0.000000, 4718.78 sec so far
Iteration 2132546: max diff=0.000000, 4723.78 sec so far
Iteration 2134796: max diff=0.000000, 4728.79 sec so far
Iteration 2137064: max diff=0.000000, 4733.79 sec so far
Iteration 2139316: max diff=0.000000, 4738.80 sec so far
Iteration 2141565: max diff=0.000000, 4743.80 sec so far
Iteration 2143831: max diff=0.000000, 4748.80 sec so far
Iteration 2146022: max diff=0.000000, 4753.81 sec so far
Iteration 2148220: max diff=0.000000, 4758.81 sec so far
Iteration 2150440: max diff=0.000000, 4763.82 sec so far
Iteration 2152675: max diff=0.000000, 4768.82 sec so far
Iteration 2154898: max diff=0.000000, 4773.82 sec so far
Iteration 2157126: max diff=0.000000, 4778.83 sec so far
Iteration 2159342: max diff=0.000000, 4783.83 sec so far
Iteration 2161564: max diff=0.000000, 4788.84 sec so far
Iteration 2163885: max diff=0.000000, 4793.84 sec so far
Iteration 2166333: max diff=0.000000, 4798.84 sec so far
Iteration 2168791: max diff=0.000000, 4803.85 sec so far
Iteration 2171239: max diff=0.000000, 4808.85 sec so far
Iteration 2173706: max diff=0.000000, 4813.86 sec so far
Iteration 2176167: max diff=0.000000, 4818.86 sec so far
Iteration 2178621: max diff=0.000000, 4823.86 sec so far
Iteration 2181129: max diff=0.000000, 4828.87 sec so far
Iteration 2183591: max diff=0.000000, 4833.87 sec so far
Iteration 2185897: max diff=0.000000, 4838.88 sec so far
Iteration 2188170: max diff=0.000000, 4843.88 sec so far
Iteration 2190407: max diff=0.000000, 4848.88 sec so far
Iteration 2192654: max diff=0.000000, 4853.89 sec so far
Iteration 2194911: max diff=0.000000, 4858.89 sec so far
Iteration 2197159: max diff=0.000000, 4863.90 sec so far
Iteration 2199339: max diff=0.000000, 4868.90 sec so far
Iteration 2201557: max diff=0.000000, 4873.90 sec so far
Iteration 2203814: max diff=0.000000, 4878.91 sec so far
Iteration 2206051: max diff=0.000000, 4883.91 sec so far
Iteration 2208300: max diff=0.000000, 4888.92 sec so far
Iteration 2210560: max diff=0.000000, 4893.92 sec so far
Iteration 2212818: max diff=0.000000, 4898.92 sec so far
Iteration 2215070: max diff=0.000000, 4903.93 sec so far
Iteration 2217201: max diff=0.000000, 4908.93 sec so far
Iteration 2219180: max diff=0.000000, 4913.94 sec so far
Iteration 2221061: max diff=0.000000, 4918.94 sec so far
Iteration 2222993: max diff=0.000000, 4923.94 sec so far
Iteration 2224995: max diff=0.000000, 4928.95 sec so far
Iteration 2226723: max diff=0.000000, 4933.95 sec so far
Iteration 2228698: max diff=0.000000, 4938.96 sec so far
Iteration 2230629: max diff=0.000000, 4943.96 sec so far
Iteration 2232572: max diff=0.000000, 4948.96 sec so far
Iteration 2234379: max diff=0.000000, 4953.97 sec so far
Iteration 2236402: max diff=0.000000, 4958.97 sec so far
Iteration 2238413: max diff=0.000000, 4963.98 sec so far
Iteration 2240392: max diff=0.000000, 4968.98 sec so far
Iteration 2242369: max diff=0.000000, 4973.98 sec so far
Iteration 2244323: max diff=0.000000, 4978.99 sec so far
Iteration 2246293: max diff=0.000000, 4983.99 sec so far
Iteration 2248292: max diff=0.000000, 4989.00 sec so far
Iteration 2250276: max diff=0.000000, 4994.00 sec so far
Iteration 2252279: max diff=0.000000, 4999.00 sec so far
Iteration 2254276: max diff=0.000000, 5004.01 sec so far
Iteration 2256268: max diff=0.000000, 5009.01 sec so far
Iteration 2258031: max diff=0.000000, 5014.02 sec so far
Iteration 2259852: max diff=0.000000, 5019.02 sec so far
Iteration 2261739: max diff=0.000000, 5024.02 sec so far
Iteration 2263762: max diff=0.000000, 5029.03 sec so far
Iteration 2265631: max diff=0.000000, 5034.03 sec so far
Iteration 2267392: max diff=0.000000, 5039.04 sec so far
Iteration 2269269: max diff=0.000000, 5044.04 sec so far
Iteration 2271231: max diff=0.000000, 5049.04 sec so far
Iteration 2273149: max diff=0.000000, 5054.05 sec so far
Iteration 2274915: max diff=0.000000, 5059.05 sec so far
Iteration 2276841: max diff=0.000000, 5064.06 sec so far
Iteration 2278742: max diff=0.000000, 5069.06 sec so far
Iteration 2280653: max diff=0.000000, 5074.06 sec so far
Iteration 2282456: max diff=0.000000, 5079.07 sec so far
Iteration 2284416: max diff=0.000000, 5084.07 sec so far
Iteration 2286383: max diff=0.000000, 5089.08 sec so far
Iteration 2288324: max diff=0.000000, 5094.08 sec so far
Iteration 2290311: max diff=0.000000, 5099.08 sec so far
Iteration 2292250: max diff=0.000000, 5104.09 sec so far
Iteration 2294201: max diff=0.000000, 5109.09 sec so far
Iteration 2296168: max diff=0.000000, 5114.10 sec so far
Iteration 2298171: max diff=0.000000, 5119.10 sec so far
Iteration 2300164: max diff=0.000000, 5124.10 sec so far
Iteration 2302098: max diff=0.000000, 5129.11 sec so far
Iteration 2304053: max diff=0.000000, 5134.11 sec so far
Iteration 2306009: max diff=0.000000, 5139.12 sec so far
Iteration 2307924: max diff=0.000000, 5144.12 sec so far
Iteration 2309848: max diff=0.000000, 5149.12 sec so far
Iteration 2311864: max diff=0.000000, 5154.13 sec so far
Iteration 2313845: max diff=0.000000, 5159.13 sec so far
Iteration 2315793: max diff=0.000000, 5164.14 sec so far
Iteration 2317703: max diff=0.000000, 5169.14 sec so far
Iteration 2319690: max diff=0.000000, 5174.15 sec so far
Iteration 2321666: max diff=0.000000, 5179.15 sec so far
Iteration 2323631: max diff=0.000000, 5184.16 sec so far
Iteration 2325612: max diff=0.000000, 5189.16 sec so far
Iteration 2327575: max diff=0.000000, 5194.16 sec so far
Iteration 2329465: max diff=0.000000, 5199.17 sec so far
Iteration 2331376: max diff=0.000000, 5204.17 sec so far
Iteration 2333299: max diff=0.000000, 5209.18 sec so far
Iteration 2335075: max diff=0.000000, 5214.18 sec so far
Iteration 2337007: max diff=0.000000, 5219.19 sec so far
Iteration 2338922: max diff=0.000000, 5224.19 sec so far
Iteration 2340950: max diff=0.000000, 5229.20 sec so far
Iteration 2342963: max diff=0.000000, 5234.20 sec so far
Iteration 2344952: max diff=0.000000, 5239.20 sec so far
Iteration 2346967: max diff=0.000000, 5244.21 sec so far
Iteration 2348958: max diff=0.000000, 5249.21 sec so far
Iteration 2350875: max diff=0.000000, 5254.22 sec so far
Iteration 2352899: max diff=0.000000, 5259.22 sec so far
Iteration 2354852: max diff=0.000000, 5264.22 sec so far
Iteration 2356861: max diff=0.000000, 5269.23 sec so far
Iteration 2358795: max diff=0.000000, 5274.23 sec so far
Iteration 2360789: max diff=0.000000, 5279.24 sec so far
Iteration 2362776: max diff=0.000000, 5284.24 sec so far
Iteration 2364788: max diff=0.000000, 5289.24 sec so far
Iteration 2366797: max diff=0.000000, 5294.25 sec so far
Iteration 2368823: max diff=0.000000, 5299.25 sec so far
Iteration 2370854: max diff=0.000000, 5304.26 sec so far
Iteration 2372859: max diff=0.000000, 5309.26 sec so far
Iteration 2374931: max diff=0.000000, 5314.26 sec so far
Iteration 2377000: max diff=0.000000, 5319.27 sec so far
Iteration 2379039: max diff=0.000000, 5324.27 sec so far
Iteration 2381057: max diff=0.000000, 5329.28 sec so far
Iteration 2383042: max diff=0.000000, 5334.28 sec so far
Iteration 2385041: max diff=0.000000, 5339.28 sec so far
Iteration 2387050: max diff=0.000000, 5344.29 sec so far
Iteration 2389085: max diff=0.000000, 5349.29 sec so far
Iteration 2391144: max diff=0.000000, 5354.30 sec so far
Iteration 2393225: max diff=0.000000, 5359.30 sec so far
Iteration 2395255: max diff=0.000000, 5364.30 sec so far
Iteration 2397266: max diff=0.000000, 5369.31 sec so far
Iteration 2399257: max diff=0.000000, 5374.31 sec so far
Iteration 2401210: max diff=0.000000, 5379.32 sec so far
Iteration 2403182: max diff=0.000000, 5384.32 sec so far
Iteration 2405089: max diff=0.000000, 5389.32 sec so far
Iteration 2407074: max diff=0.000000, 5394.33 sec so far
Iteration 2409136: max diff=0.000000, 5399.33 sec so far
Iteration 2411179: max diff=0.000000, 5404.34 sec so far
Iteration 2413172: max diff=0.000000, 5409.34 sec so far
Iteration 2415177: max diff=0.000000, 5414.34 sec so far
Iteration 2417186: max diff=0.000000, 5419.35 sec so far
Iteration 2419205: max diff=0.000000, 5424.35 sec so far
Iteration 2421256: max diff=0.000000, 5429.36 sec so far
Iteration 2423253: max diff=0.000000, 5434.36 sec so far
Iteration 2425285: max diff=0.000000, 5439.36 sec so far
Iteration 2427289: max diff=0.000000, 5444.37 sec so far
Iteration 2429317: max diff=0.000000, 5449.37 sec so far
Iteration 2431332: max diff=0.000000, 5454.38 sec so far
Iteration 2433360: max diff=0.000000, 5459.38 sec so far
Iteration 2435352: max diff=0.000000, 5464.38 sec so far
Iteration 2437346: max diff=0.000000, 5469.39 sec so far
Iteration 2439353: max diff=0.000000, 5474.39 sec so far
Iteration 2441402: max diff=0.000000, 5479.40 sec so far
Iteration 2443424: max diff=0.000000, 5484.40 sec so far
Iteration 2445470: max diff=0.000000, 5489.40 sec so far
Iteration 2447487: max diff=0.000000, 5494.41 sec so far
Iteration 2449512: max diff=0.000000, 5499.41 sec so far
Iteration 2451542: max diff=0.000000, 5504.42 sec so far
Iteration 2453910: max diff=0.000000, 5509.42 sec so far
Iteration 2456235: max diff=0.000000, 5514.42 sec so far
Iteration 2458616: max diff=0.000000, 5519.43 sec so far
Iteration 2461034: max diff=0.000000, 5524.43 sec so far
Iteration 2463383: max diff=0.000000, 5529.44 sec so far
Iteration 2465676: max diff=0.000000, 5534.44 sec so far
Iteration 2467997: max diff=0.000000, 5539.44 sec so far
Iteration 2470309: max diff=0.000000, 5544.45 sec so far
Iteration 2472731: max diff=0.000000, 5549.45 sec so far
Iteration 2475075: max diff=0.000000, 5554.46 sec so far
Iteration 2477394: max diff=0.000000, 5559.46 sec so far
Iteration 2479719: max diff=0.000000, 5564.46 sec so far
Iteration 2482142: max diff=0.000000, 5569.47 sec so far
Iteration 2484489: max diff=0.000000, 5574.47 sec so far
Iteration 2486769: max diff=0.000000, 5579.48 sec so far
Iteration 2489095: max diff=0.000000, 5584.48 sec so far
Iteration 2491503: max diff=0.000000, 5589.48 sec so far
Iteration 2493876: max diff=0.000000, 5594.49 sec so far
Iteration 2496258: max diff=0.000000, 5599.49 sec so far
Iteration 2498623: max diff=0.000000, 5604.50 sec so far
Iteration 2500898: max diff=0.000000, 5609.50 sec so far
Iteration 2503224: max diff=0.000000, 5614.50 sec so far
Iteration 2505611: max diff=0.000000, 5619.51 sec so far
Iteration 2508042: max diff=0.000000, 5624.51 sec so far
Iteration 2510359: max diff=0.000000, 5629.52 sec so far
Iteration 2512706: max diff=0.000000, 5634.52 sec so far
Iteration 2515061: max diff=0.000000, 5639.52 sec so far
Iteration 2517404: max diff=0.000000, 5644.53 sec so far
Iteration 2519753: max diff=0.000000, 5649.53 sec so far
Iteration 2522165: max diff=0.000000, 5654.54 sec so far
Iteration 2524590: max diff=0.000000, 5659.54 sec so far
Iteration 2527000: max diff=0.000000, 5664.54 sec so far
Iteration 2529365: max diff=0.000000, 5669.55 sec so far
Iteration 2531657: max diff=0.000000, 5674.55 sec so far
Iteration 2534052: max diff=0.000000, 5679.56 sec so far
Iteration 2536414: max diff=0.000000, 5684.56 sec so far
Iteration 2538762: max diff=0.000000, 5689.56 sec so far
Iteration 2541096: max diff=0.000000, 5694.57 sec so far
Iteration 2543455: max diff=0.000000, 5699.57 sec so far
Iteration 2545841: max diff=0.000000, 5704.58 sec so far
Iteration 2548223: max diff=0.000000, 5709.58 sec so far
Iteration 2550517: max diff=0.000000, 5714.58 sec so far
Iteration 2552817: max diff=0.000000, 5719.59 sec so far
Iteration 2555205: max diff=0.000000, 5724.59 sec so far
Iteration 2557548: max diff=0.000000, 5729.60 sec so far
Iteration 2559988: max diff=0.000000, 5734.60 sec so far
Iteration 2562322: max diff=0.000000, 5739.60 sec so far
Iteration 2564633: max diff=0.000000, 5744.61 sec so far
Iteration 2566902: max diff=0.000000, 5749.61 sec so far
Iteration 2569281: max diff=0.000000, 5754.62 sec so far
Iteration 2571665: max diff=0.000000, 5759.62 sec so far
Iteration 2574076: max diff=0.000000, 5764.62 sec so far
Iteration 2576385: max diff=0.000000, 5769.63 sec so far
Iteration 2578707: max diff=0.000000, 5774.63 sec so far
Iteration 2581093: max diff=0.000000, 5779.64 sec so far
Iteration 2583495: max diff=0.000000, 5784.64 sec so far
Iteration 2585913: max diff=0.000000, 5789.64 sec so far
Iteration 2588222: max diff=0.000000, 5794.65 sec so far
Iteration 2590535: max diff=0.000000, 5799.65 sec so far
Iteration 2592824: max diff=0.000000, 5804.66 sec so far
Iteration 2595260: max diff=0.000000, 5809.66 sec so far
Iteration 2597568: max diff=0.000000, 5814.66 sec so far
Iteration 2599946: max diff=0.000000, 5819.67 sec so far
Iteration 2602335: max diff=0.000000, 5824.67 sec so far
Iteration 2604701: max diff=0.000000, 5829.68 sec so far
Iteration 2607071: max diff=0.000000, 5834.68 sec so far
Iteration 2609459: max diff=0.000000, 5839.68 sec so far
Iteration 2611829: max diff=0.000000, 5844.69 sec so far
Iteration 2614236: max diff=0.000000, 5849.69 sec so far
Iteration 2616582: max diff=0.000000, 5854.70 sec so far
Iteration 2619014: max diff=0.000000, 5859.70 sec so far
Iteration 2621454: max diff=0.000000, 5864.70 sec so far
Iteration 2623820: max diff=0.000000, 5869.71 sec so far
Iteration 2626177: max diff=0.000000, 5874.71 sec so far
Iteration 2628486: max diff=0.000000, 5879.72 sec so far
Iteration 2630894: max diff=0.000000, 5884.72 sec so far
Iteration 2633260: max diff=0.000000, 5889.72 sec so far
Iteration 2635624: max diff=0.000000, 5894.73 sec so far
Iteration 2638059: max diff=0.000000, 5899.73 sec so far
Iteration 2640423: max diff=0.000000, 5904.74 sec so far
Iteration 2642769: max diff=0.000000, 5909.74 sec so far
Iteration 2645108: max diff=0.000000, 5914.74 sec so far
Iteration 2647415: max diff=0.000000, 5919.75 sec so far
Iteration 2649830: max diff=0.000000, 5924.75 sec so far
Iteration 2652264: max diff=0.000000, 5929.76 sec so far
Iteration 2654690: max diff=0.000000, 5934.76 sec so far
Iteration 2657105: max diff=0.000000, 5939.76 sec so far
Iteration 2659527: max diff=0.000000, 5944.77 sec so far
Iteration 2661915: max diff=0.000000, 5949.77 sec so far
Iteration 2664324: max diff=0.000000, 5954.78 sec so far
Iteration 2666654: max diff=0.000000, 5959.78 sec so far
Iteration 2669033: max diff=0.000000, 5964.78 sec so far
Iteration 2671461: max diff=0.000000, 5969.79 sec so far
Iteration 2673829: max diff=0.000000, 5974.79 sec so far
Iteration 2676216: max diff=0.000000, 5979.80 sec so far
Iteration 2678434: max diff=0.000000, 5984.80 sec so far
Iteration 2680783: max diff=0.000000, 5989.80 sec so far
Iteration 2683115: max diff=0.000000, 5994.81 sec so far
Iteration 2685470: max diff=0.000000, 5999.81 sec so far
Iteration 2687864: max diff=0.000000, 6004.82 sec so far
Iteration 2690238: max diff=0.000000, 6009.82 sec so far
Iteration 2692627: max diff=0.000000, 6014.82 sec so far
Iteration 2694962: max diff=0.000000, 6019.83 sec so far
Iteration 2697383: max diff=0.000000, 6024.83 sec so far
Iteration 2699734: max diff=0.000000, 6029.84 sec so far
Iteration 2702115: max diff=0.000000, 6034.84 sec so far
Iteration 2704494: max diff=0.000000, 6039.84 sec so far
Iteration 2706831: max diff=0.000000, 6044.85 sec so far
Iteration 2709216: max diff=0.000000, 6049.85 sec so far
Iteration 2711603: max diff=0.000000, 6054.86 sec so far
Iteration 2713899: max diff=0.000000, 6059.86 sec so far
Iteration 2716327: max diff=0.000000, 6064.86 sec so far
Iteration 2718688: max diff=0.000000, 6069.87 sec so far
Iteration 2721063: max diff=0.000000, 6074.87 sec so far
Iteration 2723399: max diff=0.000000, 6079.88 sec so far
Iteration 2725739: max diff=0.000000, 6084.88 sec so far
Iteration 2728152: max diff=0.000000, 6089.88 sec so far
Iteration 2730579: max diff=0.000000, 6094.89 sec so far
Iteration 2732890: max diff=0.000000, 6099.89 sec so far
Iteration 2735097: max diff=0.000000, 6104.90 sec so far
Iteration 2737193: max diff=0.000000, 6109.90 sec so far
Iteration 2739294: max diff=0.000000, 6114.90 sec so far
Iteration 2741326: max diff=0.000000, 6119.91 sec so far
Iteration 2743347: max diff=0.000000, 6124.91 sec so far
Iteration 2745416: max diff=0.000000, 6129.92 sec so far
Iteration 2747502: max diff=0.000000, 6134.92 sec so far
Iteration 2749609: max diff=0.000000, 6139.92 sec so far
Iteration 2751722: max diff=0.000000, 6144.93 sec so far
Iteration 2753802: max diff=0.000000, 6149.93 sec so far
Iteration 2755887: max diff=0.000000, 6154.94 sec so far
Iteration 2757999: max diff=0.000000, 6159.94 sec so far
Iteration 2760068: max diff=0.000000, 6164.94 sec so far
Iteration 2762150: max diff=0.000000, 6169.95 sec so far
Iteration 2764203: max diff=0.000000, 6174.95 sec so far
Iteration 2766288: max diff=0.000000, 6179.96 sec so far
Iteration 2768395: max diff=0.000000, 6184.96 sec so far
Iteration 2770508: max diff=0.000000, 6189.96 sec so far
Iteration 2772611: max diff=0.000000, 6194.97 sec so far
Iteration 2774687: max diff=0.000000, 6199.97 sec so far
Iteration 2776828: max diff=0.000000, 6204.98 sec so far
Iteration 2778961: max diff=0.000000, 6209.98 sec so far
Iteration 2780843: max diff=0.000000, 6214.98 sec so far
Iteration 2782900: max diff=0.000000, 6219.99 sec so far
Iteration 2784552: max diff=0.000000, 6224.99 sec so far
Iteration 2786197: max diff=0.000000, 6230.00 sec so far
Iteration 2788293: max diff=0.000000, 6235.00 sec so far
Iteration 2790409: max diff=0.000000, 6240.00 sec so far
Iteration 2792520: max diff=0.000000, 6245.01 sec so far
Iteration 2794637: max diff=0.000000, 6250.01 sec so far
Iteration 2796769: max diff=0.000000, 6255.02 sec so far
Iteration 2798840: max diff=0.000000, 6260.02 sec so far
Iteration 2800935: max diff=0.000000, 6265.02 sec so far
Iteration 2803044: max diff=0.000000, 6270.03 sec so far
Iteration 2805141: max diff=0.000000, 6275.03 sec so far
Iteration 2807204: max diff=0.000000, 6280.04 sec so far
Iteration 2809320: max diff=0.000000, 6285.04 sec so far
Iteration 2811438: max diff=0.000000, 6290.04 sec so far
Iteration 2813558: max diff=0.000000, 6295.05 sec so far
Iteration 2815652: max diff=0.000000, 6300.05 sec so far
Iteration 2817744: max diff=0.000000, 6305.06 sec so far
Iteration 2819852: max diff=0.000000, 6310.06 sec so far
Iteration 2821947: max diff=0.000000, 6315.06 sec so far
Iteration 2824042: max diff=0.000000, 6320.07 sec so far
Iteration 2826142: max diff=0.000000, 6325.07 sec so far
Iteration 2828246: max diff=0.000000, 6330.08 sec so far
Iteration 2830360: max diff=0.000000, 6335.08 sec so far
Iteration 2832451: max diff=0.000000, 6340.08 sec so far
Iteration 2834529: max diff=0.000000, 6345.09 sec so far
Iteration 2836637: max diff=0.000000, 6350.09 sec so far
Iteration 2838732: max diff=0.000000, 6355.10 sec so far
Iteration 2840806: max diff=0.000000, 6360.10 sec so far
Iteration 2842901: max diff=0.000000, 6365.10 sec so far
Iteration 2844975: max diff=0.000000, 6370.11 sec so far
Iteration 2847058: max diff=0.000000, 6375.11 sec so far
Iteration 2849199: max diff=0.000000, 6380.12 sec so far
Iteration 2851216: max diff=0.000000, 6385.12 sec so far
Iteration 2853311: max diff=0.000000, 6390.12 sec so far
Iteration 2855412: max diff=0.000000, 6395.13 sec so far
Iteration 2857533: max diff=0.000000, 6400.13 sec so far
Iteration 2859636: max diff=0.000000, 6405.14 sec so far
Iteration 2861730: max diff=0.000000, 6410.14 sec so far
Iteration 2863846: max diff=0.000000, 6415.14 sec so far
Iteration 2865959: max diff=0.000000, 6420.15 sec so far
Iteration 2868058: max diff=0.000000, 6425.15 sec so far
Iteration 2870165: max diff=0.000000, 6430.16 sec so far
Iteration 2872261: max diff=0.000000, 6435.16 sec so far
Iteration 2874385: max diff=0.000000, 6440.16 sec so far
Iteration 2876487: max diff=0.000000, 6445.17 sec so far
Iteration 2878590: max diff=0.000000, 6450.17 sec so far
Iteration 2880672: max diff=0.000000, 6455.18 sec so far
Iteration 2882746: max diff=0.000000, 6460.18 sec so far
Iteration 2884833: max diff=0.000000, 6465.18 sec so far
Iteration 2886914: max diff=0.000000, 6470.19 sec so far
Iteration 2888997: max diff=0.000000, 6475.19 sec so far
Iteration 2891084: max diff=0.000000, 6480.20 sec so far
Iteration 2893167: max diff=0.000000, 6485.20 sec so far
Iteration 2895233: max diff=0.000000, 6490.20 sec so far
Iteration 2897311: max diff=0.000000, 6495.21 sec so far
Iteration 2899411: max diff=0.000000, 6500.21 sec so far
Iteration 2901495: max diff=0.000000, 6505.22 sec so far
Iteration 2903602: max diff=0.000000, 6510.22 sec so far
Iteration 2905733: max diff=0.000000, 6515.22 sec so far
Iteration 2907838: max diff=0.000000, 6520.23 sec so far
Iteration 2909962: max diff=0.000000, 6525.23 sec so far
Iteration 2912044: max diff=0.000000, 6530.24 sec so far
Iteration 2914119: max diff=0.000000, 6535.24 sec so far
Iteration 2916213: max diff=0.000000, 6540.24 sec so far
Iteration 2918301: max diff=0.000000, 6545.25 sec so far
Iteration 2920389: max diff=0.000000, 6550.25 sec so far
Iteration 2922484: max diff=0.000000, 6555.26 sec so far
Iteration 2924605: max diff=0.000000, 6560.26 sec so far
Iteration 2926710: max diff=0.000000, 6565.26 sec so far
Iteration 2928827: max diff=0.000000, 6570.27 sec so far
Iteration 2930931: max diff=0.000000, 6575.27 sec so far
Iteration 2933023: max diff=0.000000, 6580.28 sec so far
Iteration 2935125: max diff=0.000000, 6585.28 sec so far
Iteration 2937232: max diff=0.000000, 6590.28 sec so far
Iteration 2939335: max diff=0.000000, 6595.29 sec so far
Iteration 2941425: max diff=0.000000, 6600.29 sec so far
Iteration 2943520: max diff=0.000000, 6605.30 sec so far
Iteration 2945613: max diff=0.000000, 6610.30 sec so far
Iteration 2947700: max diff=0.000000, 6615.30 sec so far
Iteration 2949793: max diff=0.000000, 6620.31 sec so far
Iteration 2951896: max diff=0.000000, 6625.31 sec so far
Iteration 2953992: max diff=0.000000, 6630.32 sec so far
Iteration 2956093: max diff=0.000000, 6635.32 sec so far
Iteration 2958190: max diff=0.000000, 6640.32 sec so far
Iteration 2960289: max diff=0.000000, 6645.33 sec so far
Iteration 2962373: max diff=0.000000, 6650.33 sec so far
Iteration 2964466: max diff=0.000000, 6655.34 sec so far
Iteration 2966533: max diff=0.000000, 6660.34 sec so far
Iteration 2968628: max diff=0.000000, 6665.34 sec so far
Iteration 2970701: max diff=0.000000, 6670.35 sec so far
Iteration 2972801: max diff=0.000000, 6675.35 sec so far
Iteration 2974898: max diff=0.000000, 6680.36 sec so far
Iteration 2976977: max diff=0.000000, 6685.36 sec so far
Iteration 2979044: max diff=0.000000, 6690.36 sec so far
Iteration 2981080: max diff=0.000000, 6695.37 sec so far
Iteration 2983095: max diff=0.000000, 6700.37 sec so far
Iteration 2985362: max diff=0.000000, 6705.38 sec so far
Iteration 2987638: max diff=0.000000, 6710.38 sec so far
Iteration 2989886: max diff=0.000000, 6715.38 sec so far
Iteration 2992156: max diff=0.000000, 6720.39 sec so far
Iteration 2994416: max diff=0.000000, 6725.39 sec so far
Iteration 2996670: max diff=0.000000, 6730.40 sec so far
Iteration 2998943: max diff=0.000000, 6735.40 sec so far
Iteration 3001200: max diff=0.000000, 6740.40 sec so far
Iteration 3003458: max diff=0.000000, 6745.41 sec so far
Iteration 3005725: max diff=0.000000, 6750.41 sec so far
Iteration 3008064: max diff=0.000000, 6755.42 sec so far
Iteration 3010387: max diff=0.000000, 6760.42 sec so far
Iteration 3012717: max diff=0.000000, 6765.42 sec so far
Iteration 3015051: max diff=0.000000, 6770.43 sec so far
Iteration 3017396: max diff=0.000000, 6775.43 sec so far
Iteration 3019733: max diff=0.000000, 6780.44 sec so far
Iteration 3022055: max diff=0.000000, 6785.44 sec so far
Iteration 3024379: max diff=0.000000, 6790.44 sec so far
Iteration 3026722: max diff=0.000000, 6795.45 sec so far
Iteration 3029061: max diff=0.000000, 6800.45 sec so far
Iteration 3031397: max diff=0.000000, 6805.46 sec so far
Iteration 3033732: max diff=0.000000, 6810.46 sec so far
Iteration 3036069: max diff=0.000000, 6815.46 sec so far
Iteration 3038404: max diff=0.000000, 6820.47 sec so far
Iteration 3040732: max diff=0.000000, 6825.47 sec so far
Iteration 3043069: max diff=0.000000, 6830.48 sec so far
Iteration 3045388: max diff=0.000000, 6835.48 sec so far
Iteration 3047705: max diff=0.000000, 6840.48 sec so far
Iteration 3050040: max diff=0.000000, 6845.49 sec so far
Iteration 3052354: max diff=0.000000, 6850.50 sec so far
Iteration 3054676: max diff=0.000000, 6855.50 sec so far
Iteration 3057006: max diff=0.000000, 6860.50 sec so far
Iteration 3059323: max diff=0.000000, 6865.51 sec so far
Iteration 3061647: max diff=0.000000, 6870.51 sec so far
Iteration 3063971: max diff=0.000000, 6875.52 sec so far
Iteration 3066297: max diff=0.000000, 6880.52 sec so far
Iteration 3068628: max diff=0.000000, 6885.52 sec so far
Iteration 3070953: max diff=0.000000, 6890.53 sec so far
Iteration 3073273: max diff=0.000000, 6895.53 sec so far
Iteration 3075548: max diff=0.000000, 6900.54 sec so far
Iteration 3077819: max diff=0.000000, 6905.54 sec so far
Iteration 3080082: max diff=0.000000, 6910.54 sec so far
Iteration 3082343: max diff=0.000000, 6915.55 sec so far
Iteration 3084604: max diff=0.000000, 6920.55 sec so far
Iteration 3086875: max diff=0.000000, 6925.56 sec so far
Iteration 3089140: max diff=0.000000, 6930.56 sec so far
Iteration 3091396: max diff=0.000000, 6935.56 sec so far
Iteration 3093659: max diff=0.000000, 6940.57 sec so far
Iteration 3095916: max diff=0.000000, 6945.57 sec so far
Iteration 3098183: max diff=0.000000, 6950.58 sec so far
Iteration 3100445: max diff=0.000000, 6955.58 sec so far
Iteration 3102704: max diff=0.000000, 6960.58 sec so far
Iteration 3104965: max diff=0.000000, 6965.59 sec so far
Iteration 3107219: max diff=0.000000, 6970.59 sec so far
Iteration 3109474: max diff=0.000000, 6975.60 sec so far
Iteration 3111725: max diff=0.000000, 6980.60 sec so far
Iteration 3113979: max diff=0.000000, 6985.60 sec so far
Iteration 3116241: max diff=0.000000, 6990.61 sec so far
Iteration 3118501: max diff=0.000000, 6995.61 sec so far
Iteration 3120755: max diff=0.000000, 7000.62 sec so far
Iteration 3123016: max diff=0.000000, 7005.62 sec so far
Iteration 3125283: max diff=0.000000, 7010.62 sec so far
Iteration 3127537: max diff=0.000000, 7015.63 sec so far
Iteration 3129798: max diff=0.000000, 7020.63 sec so far
Iteration 3132123: max diff=0.000000, 7025.64 sec so far
Iteration 3134445: max diff=0.000000, 7030.64 sec so far
Iteration 3136755: max diff=0.000000, 7035.64 sec so far
Iteration 3139086: max diff=0.000000, 7040.65 sec so far
Iteration 3141408: max diff=0.000000, 7045.65 sec so far
Iteration 3143724: max diff=0.000000, 7050.66 sec so far
Iteration 3146060: max diff=0.000000, 7055.66 sec so far
Iteration 3148388: max diff=0.000000, 7060.66 sec so far
Iteration 3150705: max diff=0.000000, 7065.67 sec so far
Iteration 3153035: max diff=0.000000, 7070.67 sec so far
Iteration 3155355: max diff=0.000000, 7075.68 sec so far
Iteration 3157678: max diff=0.000000, 7080.68 sec so far
Iteration 3159994: max diff=0.000000, 7085.68 sec so far
Iteration 3162320: max diff=0.000000, 7090.69 sec so far
Iteration 3164661: max diff=0.000000, 7095.69 sec so far
Iteration 3167004: max diff=0.000000, 7100.70 sec so far
Iteration 3169352: max diff=0.000000, 7105.70 sec so far
Iteration 3171681: max diff=0.000000, 7110.70 sec so far
Iteration 3174009: max diff=0.000000, 7115.71 sec so far
Iteration 3176353: max diff=0.000000, 7120.71 sec so far
Iteration 3178644: max diff=0.000000, 7125.72 sec so far
Iteration 3180971: max diff=0.000000, 7130.72 sec so far
Iteration 3183303: max diff=0.000000, 7135.72 sec so far
Iteration 3185639: max diff=0.000000, 7140.73 sec so far
Iteration 3187978: max diff=0.000000, 7145.73 sec so far
Iteration 3190318: max diff=0.000000, 7150.74 sec so far
Iteration 3192657: max diff=0.000000, 7155.74 sec so far
Iteration 3195001: max diff=0.000000, 7160.74 sec so far
Iteration 3197326: max diff=0.000000, 7165.75 sec so far
Iteration 3199669: max diff=0.000000, 7170.75 sec so far
Iteration 3202012: max diff=0.000000, 7175.76 sec so far
Iteration 3204353: max diff=0.000000, 7180.76 sec so far
Iteration 3206689: max diff=0.000000, 7185.76 sec so far
Iteration 3209023: max diff=0.000000, 7190.77 sec so far
Iteration 3211365: max diff=0.000000, 7195.77 sec so far

Power method: 3211626 iterations in 7196.32 seconds (average 0.002241, setup 0.00)

Printing steady-state probabilities in plain text format to file "../../CZK_project/Output/t=0.2_median_constant/hybrid/ph_10_20000_1E-15"...

Time for steady-state probability computation: 7230.298 seconds.

