PRISM
=====

Version: 4.4
Date: Sun Jun 17 02:45:58 EDT 2018
Hostname: storm-eval
Memory limits: cudd=1g, java(heap)=910.5m
Command line: prism -hybrid -epsilon 1E-15 -maxiters 100000000 -power -absolute -const 'k=600,timeout=0.2,lambda=3.46573590279972654700' ../../CZK_project/Model/queue_withptf_ctmc.sm -ss -exportss ../../CZK_project/Output/t=0.2_median_constant/hybrid/ph_10_600_1E-15

Parsing model file "../../CZK_project/Model/queue_withptf_ctmc.sm"...

Type:        CTMC
Modules:     main trigger 
Variables:   qSize i 

---------------------------------------------------------------------

Computing steady-state probabilities...

Building model...
Model constants: k=600,timeout=0.2,lambda=3.4657359028

Computing reachable states...

Reachability (BFS): 6600 iterations in 0.14 seconds (average 0.000021, setup 0.00)

Time for model construction: 0.209 seconds.

Type:        CTMC
States:      6600 (1 initial)
Transitions: 12600

Rate matrix: 148 nodes (3 terminal), 12600 minterms, vars: 14r/14c

SCCs: 1, BSCCs: 1, non-BSCC states: 0
BSCC sizes: 1:6600

Initial states all in one BSCC (so no reachability probabilities computed)

Computing probabilities...
Engine: Hybrid

Building power method iteration matrix MTBDD... [nodes=197] [3.8 Kb]
Building hybrid MTBDD matrix... [levels=14, nodes=221] [10.4 KB]
Adding explicit sparse matrices... [levels=14, num=1, compact] [81.5 KB]
Allocating iteration vectors... [2 x 51.6 KB]
TOTAL: [195.0 KB]

Starting iterations...
Iteration 99647: max diff=0.000000, 5.00 sec so far

Power method: 125591 iterations in 6.28 seconds (average 0.000050, setup 0.00)

Printing steady-state probabilities in plain text format to file "../../CZK_project/Output/t=0.2_median_constant/hybrid/ph_10_600_1E-15"...

Time for steady-state probability computation: 6.623 seconds.

