PRISM
=====

Version: 4.4
Date: Sun Jun 17 02:46:17 EDT 2018
Hostname: storm-eval
Memory limits: cudd=1g, java(heap)=910.5m
Command line: prism -hybrid -epsilon 1E-15 -maxiters 100000000 -power -absolute -const 'k=800,timeout=0.2,lambda=3.46573590279972654700' ../../CZK_project/Model/queue_withptf_ctmc.sm -ss -exportss ../../CZK_project/Output/t=0.2_median_constant/hybrid/ph_10_800_1E-15

Parsing model file "../../CZK_project/Model/queue_withptf_ctmc.sm"...

Type:        CTMC
Modules:     main trigger 
Variables:   qSize i 

---------------------------------------------------------------------

Computing steady-state probabilities...

Building model...
Model constants: k=800,timeout=0.2,lambda=3.4657359028

Computing reachable states...

Reachability (BFS): 8800 iterations in 0.20 seconds (average 0.000023, setup 0.00)

Time for model construction: 0.307 seconds.

Type:        CTMC
States:      8800 (1 initial)
Transitions: 16800

Rate matrix: 136 nodes (3 terminal), 16800 minterms, vars: 14r/14c

SCCs: 1, BSCCs: 1, non-BSCC states: 0
BSCC sizes: 1:8800

Initial states all in one BSCC (so no reachability probabilities computed)

Computing probabilities...
Engine: Hybrid

Building power method iteration matrix MTBDD... [nodes=181] [3.5 Kb]
Building hybrid MTBDD matrix... [levels=14, nodes=198] [9.3 KB]
Adding explicit sparse matrices... [levels=14, num=1, compact] [108.6 KB]
Allocating iteration vectors... [2 x 68.8 KB]
TOTAL: [255.4 KB]

Starting iterations...
Iteration 68805: max diff=0.000000, 5.00 sec so far
Iteration 141272: max diff=0.000000, 10.01 sec so far

Power method: 164172 iterations in 11.52 seconds (average 0.000070, setup 0.00)

Printing steady-state probabilities in plain text format to file "../../CZK_project/Output/t=0.2_median_constant/hybrid/ph_10_800_1E-15"...

Time for steady-state probability computation: 11.958 seconds.

