PRISM
=====

Version: 4.4
Date: Sun Jun 17 02:45:52 EDT 2018
Hostname: storm-eval
Memory limits: cudd=1g, java(heap)=910.5m
Command line: prism -hybrid -epsilon 1E-15 -maxiters 100000000 -power -absolute -const 'k=500,timeout=0.2,lambda=3.46573590279972654700' ../../CZK_project/Model/queue_withptf_ctmc.sm -ss -exportss ../../CZK_project/Output/t=0.2_median_constant/hybrid/ph_10_500_1E-15

Parsing model file "../../CZK_project/Model/queue_withptf_ctmc.sm"...

Type:        CTMC
Modules:     main trigger 
Variables:   qSize i 

---------------------------------------------------------------------

Computing steady-state probabilities...

Building model...
Model constants: k=500,timeout=0.2,lambda=3.4657359028

Computing reachable states...

Reachability (BFS): 5500 iterations in 0.09 seconds (average 0.000016, setup 0.00)

Time for model construction: 0.143 seconds.

Type:        CTMC
States:      5500 (1 initial)
Transitions: 10500

Rate matrix: 140 nodes (3 terminal), 10500 minterms, vars: 13r/13c

SCCs: 1, BSCCs: 1, non-BSCC states: 0
BSCC sizes: 1:5500

Initial states all in one BSCC (so no reachability probabilities computed)

Computing probabilities...
Engine: Hybrid

Building power method iteration matrix MTBDD... [nodes=186] [3.6 Kb]
Building hybrid MTBDD matrix... [levels=13, nodes=216] [10.1 KB]
Adding explicit sparse matrices... [levels=13, num=1, compact] [67.9 KB]
Allocating iteration vectors... [2 x 43.0 KB]
TOTAL: [164.0 KB]

Starting iterations...

Power method: 106165 iterations in 4.24 seconds (average 0.000040, setup 0.00)

Printing steady-state probabilities in plain text format to file "../../CZK_project/Output/t=0.2_median_constant/hybrid/ph_10_500_1E-15"...

Time for steady-state probability computation: 4.518 seconds.

