PRISM
=====

Version: 4.4.GSMP
Date: Thu May 24 11:20:17 CEST 2018
Hostname: thomas
Memory limits: cudd=1g, java(heap)=910.5m
Command line: prism -explicit -epsilon 1E-5 -maxiters 100000000 -power -absolute -const 'k=300,timeout=0.001,lambda=693.1471810000' ../../../../CZK_project/Model/queue_withptf_gsmp.sm -ss -exportss ../../../../CZK_project/Output/t=0.001_median/explicit/ph_10_300_1E-5

Parsing model file "../../../../CZK_project/Model/queue_withptf_gsmp.sm"...

Type:        GSMP
Modules:     main trigger 
Variables:   qSize i 

---------------------------------------------------------------------

Computing steady-state probabilities...

Building model...
Model constants: k=300,timeout=0.001,lambda=693.147181

Computing reachable states... 3001 states
Reachable states exploration and model construction done in 0.095 secs.
Sorting reachable states list...

Time for model construction: 0.116 seconds.

Type:        GSMP
States:      3001 (1 initial)
Transitions: 5701
The model was recognized to be an ACTMC, so ACTMC method will be used!

Computing probability of reaching BSCC 1

Starting probabilistic reachability...
Calculating predecessor relation for discrete-time Markov chain...  done (0.002 seconds)
Starting Prob0...
Prob0 took 0.004 seconds.
Starting Prob1...
Prob1 took 0.001 seconds.
target=3001, yes=3001, no=0, maybe=0
Starting value iteration (with Power method)...
Value iteration (with Power method) took 1 iterations, 0 multiplications and 0.002 seconds.
Probabilistic reachability took 0.011 seconds.

Probability of reaching BSCC 1: 1.0

Computing steady-state probabilities for BSCC 1
Starting value iteration...
Value iteration took 6942 iterations and 0.821 seconds.

Reducing ACTMC to equivalent DTMC took 0.013 seconds.
Computing steady-state probabilities for the equivalent DTMC took 0.843 seconds.

Printing steady-state probabilities in plain text format to file "../../../../CZK_project/Output/t=0.001_median/explicit/ph_10_300_1E-5"...

Time for steady-state probability computation: 0.882 seconds.

