PRISM
=====

Version: 4.4.GSMP
Date: Thu May 24 10:27:53 CEST 2018
Hostname: thomas
Memory limits: cudd=1g, java(heap)=910.5m
Command line: prism -explicit -epsilon 1E-5 -maxiters 10000000 -power -absolute -const 'k=150,timeout=0.5,lambda=2.0000000000' ../../../../CZK_project/Model/queue_withptf_gsmp.sm -ss -exportss ../../../../CZK_project/Output/t=0.5/explicit/ph_10_150_1E-5

Parsing model file "../../../../CZK_project/Model/queue_withptf_gsmp.sm"...

Type:        GSMP
Modules:     main trigger 
Variables:   qSize i 

---------------------------------------------------------------------

Computing steady-state probabilities...

Building model...
Model constants: k=150,timeout=0.5,lambda=2

Computing reachable states... 1501 states
Reachable states exploration and model construction done in 0.073 secs.
Sorting reachable states list...

Time for model construction: 0.09 seconds.

Type:        GSMP
States:      1501 (1 initial)
Transitions: 2851
The model was recognized to be an ACTMC, so ACTMC method will be used!

Computing probability of reaching BSCC 1

Starting probabilistic reachability...
Calculating predecessor relation for discrete-time Markov chain...  done (0.001 seconds)
Starting Prob0...
Prob0 took 0.004 seconds.
Starting Prob1...
Prob1 took 0.001 seconds.
target=1501, yes=1501, no=0, maybe=0
Starting value iteration (with Power method)...
Value iteration (with Power method) took 1 iterations, 0 multiplications and 0.002 seconds.
Probabilistic reachability took 0.008 seconds.

Probability of reaching BSCC 1: 1.0

Computing steady-state probabilities for BSCC 1
Starting value iteration...
Value iteration took 4491 iterations and 0.295 seconds.

Reducing ACTMC to equivalent DTMC took 0.011 seconds.
Computing steady-state probabilities for the equivalent DTMC took 0.313 seconds.

Printing steady-state probabilities in plain text format to file "../../../../CZK_project/Output/t=0.5/explicit/ph_10_150_1E-5"...

Time for steady-state probability computation: 0.339 seconds.

