PRISM
=====

Version: 4.4.GSMP
Date: Sun Jun 17 02:40:42 EDT 2018
Hostname: storm-eval
Memory limits: cudd=1g, java(heap)=910.5m
Command line: prism -explicit -epsilon 1E-10 -maxiters 100000000 -power -absolute -const 'timeout=0.2,lambda=3.46573590279972654700' ../../../CZK_project/Model/timeoutqueue.sm -ss -exportss ../../../CZK_project/Output/t=0.2_median_constant/explicit/ev_10_k_1E-10

Parsing model file "../../../CZK_project/Model/timeoutqueue.sm"...

Type:        GSMP
Modules:     main 
Variables:   qSize 

---------------------------------------------------------------------

Computing steady-state probabilities...

Building model...
Model constants: timeout=0.2,lambda=3.4657359028

Computing reachable states... 11 states
Reachable states exploration and model construction done in 0.006 secs.
Sorting reachable states list...

Time for model construction: 0.015 seconds.

Type:        GSMP
States:      11 (1 initial)
Transitions: 21
The model was recognized to be an ACTMC, so ACTMC method will be used!

Computing probability of reaching BSCC 1

Starting probabilistic reachability...
Calculating predecessor relation for discrete-time Markov chain...  done (0.0 seconds)
Starting Prob0...
Prob0 took 0.0 seconds.
Starting Prob1...
Prob1 took 0.001 seconds.
target=10, yes=11, no=0, maybe=0
Starting value iteration (with Power method)...
Value iteration (with Power method) took 1 iterations, 0 multiplications and 0.0 seconds.
Probabilistic reachability took 0.001 seconds.

Probability of reaching BSCC 1: 1.0

Computing steady-state probabilities for BSCC 1
Starting value iteration...
Value iteration took 197 iterations and 0.001 seconds.

Reducing ACTMC to equivalent DTMC took 0.206 seconds.
Computing steady-state probabilities for the equivalent DTMC took 0.004 seconds.

Printing steady-state probabilities in plain text format to file "../../../CZK_project/Output/t=0.2_median_constant/explicit/ev_10_k_1E-10"...

Time for steady-state probability computation: 0.224 seconds.

