PRISM
=====

Version: 4.4.GSMP
Date: Fri May 25 14:58:35 CEST 2018
Hostname: thomas
Memory limits: cudd=1g, java(heap)=910.5m
Command line: prism -explicit -epsilon 1E-5 -maxiters 100000000 -power -absolute -const 'k=3200,timeout=0.05,lambda=13.8629436200' ../../../../CZK_project/Model/queue_withptf_gsmp.sm -ss -exportss ../../../../CZK_project/Output/t=0.05_median/explicit/ph_10_3200_1E-5

Parsing model file "../../../../CZK_project/Model/queue_withptf_gsmp.sm"...

Type:        GSMP
Modules:     main trigger 
Variables:   qSize i 

---------------------------------------------------------------------

Computing steady-state probabilities...

Building model...
Model constants: k=3200,timeout=0.05,lambda=13.86294362

Computing reachable states... 32001 states
Reachable states exploration and model construction done in 0.411 secs.
Sorting reachable states list...

Time for model construction: 0.492 seconds.

Type:        GSMP
States:      32001 (1 initial)
Transitions: 60801
The model was recognized to be an ACTMC, so ACTMC method will be used!
