PRISM
=====

Version: 4.4.GSMP
Date: Fri May 25 14:58:25 CEST 2018
Hostname: thomas
Memory limits: cudd=1g, java(heap)=910.5m
Command line: prism -explicit -epsilon 1E-5 -maxiters 100000000 -power -absolute -const 'k=2400,timeout=0.05,lambda=13.8629436200' ../../../../CZK_project/Model/queue_withptf_gsmp.sm -ss -exportss ../../../../CZK_project/Output/t=0.05_median/explicit/ph_10_2400_1E-5

Parsing model file "../../../../CZK_project/Model/queue_withptf_gsmp.sm"...

Type:        GSMP
Modules:     main trigger 
Variables:   qSize i 

---------------------------------------------------------------------

Computing steady-state probabilities...

Building model...
Model constants: k=2400,timeout=0.05,lambda=13.86294362

Computing reachable states... 24001 states
Reachable states exploration and model construction done in 0.353 secs.
Sorting reachable states list...

Time for model construction: 0.435 seconds.

Type:        GSMP
States:      24001 (1 initial)
Transitions: 45601
The model was recognized to be an ACTMC, so ACTMC method will be used!
