PRISM
=====

Version: 4.4
Date: Mon Jul 09 08:47:37 EDT 2018
Hostname: storm-eval
Memory limits: cudd=1g, java(heap)=910.5m
Command line: prism -hybrid -epsilon 2.5e-09 -maxiters 100000000 -power -absolute -const k=400 ../../CZK_project/Model/benchmark/devel/firstRejuvenation/firstRejuvenation_CTMC.pm -ss -exportss ../../CZK_project/Output/firstRejuvenation_1E-6_dynamic/hybrid/ph_400_1E-6

Parsing model file "../../CZK_project/Model/benchmark/devel/firstRejuvenation/firstRejuvenation_CTMC.pm"...

Type:        CTMC
Modules:     firstRejuvenation trigger 
Variables:   status avail maintenance i 

---------------------------------------------------------------------

Computing steady-state probabilities...

Building model...
Model constants: k=400

Computing reachable states...

Reachability (BFS): 801 iterations in 0.02 seconds (average 0.000025, setup 0.00)

Time for model construction: 0.049 seconds.

Type:        CTMC
States:      2000 (1 initial)
Transitions: 2800

Rate matrix: 304 nodes (7 terminal), 2800 minterms, vars: 13r/13c

SCCs: 1, BSCCs: 1, non-BSCC states: 0
BSCC sizes: 1:2000

Initial states all in one BSCC (so no reachability probabilities computed)

Computing probabilities...
Engine: Hybrid

Building power method iteration matrix MTBDD... [nodes=358] [7.0 Kb]
Building hybrid MTBDD matrix... [levels=13, nodes=384] [18.0 KB]
Adding explicit sparse matrices... [levels=13, num=1, compact] [20.8 KB]
Allocating iteration vectors... [2 x 15.6 KB]
TOTAL: [70.0 KB]

Starting iterations...
Iteration 379993: max diff=0.000000, 5.00 sec so far
Iteration 763216: max diff=0.000000, 10.01 sec so far
Iteration 1141110: max diff=0.000000, 15.01 sec so far
Iteration 1526403: max diff=0.000000, 20.02 sec so far
Iteration 1907585: max diff=0.000000, 25.02 sec so far
Iteration 2281224: max diff=0.000000, 30.02 sec so far
Iteration 2658102: max diff=0.000000, 35.03 sec so far
Iteration 3038801: max diff=0.000000, 40.03 sec so far
Iteration 3405744: max diff=0.000000, 45.04 sec so far
Iteration 3784178: max diff=0.000000, 50.04 sec so far
Iteration 4164573: max diff=0.000000, 55.04 sec so far
Iteration 4541656: max diff=0.000000, 60.05 sec so far
Iteration 4919154: max diff=0.000000, 65.05 sec so far
Iteration 5291729: max diff=0.000000, 70.06 sec so far
Iteration 5664035: max diff=0.000000, 75.06 sec so far
Iteration 6038877: max diff=0.000000, 80.06 sec so far
Iteration 6416025: max diff=0.000000, 85.07 sec so far
Iteration 6794963: max diff=0.000000, 90.07 sec so far
Iteration 7170190: max diff=0.000000, 95.08 sec so far
Iteration 7544899: max diff=0.000000, 100.08 sec so far
Iteration 7922415: max diff=0.000000, 105.08 sec so far
Iteration 8297598: max diff=0.000000, 110.09 sec so far
Iteration 8672668: max diff=0.000000, 115.09 sec so far
Iteration 9050473: max diff=0.000000, 120.10 sec so far
Iteration 9427671: max diff=0.000000, 125.10 sec so far
Iteration 9806168: max diff=0.000000, 130.10 sec so far
Iteration 10183809: max diff=0.000000, 135.11 sec so far
Iteration 10560030: max diff=0.000000, 140.11 sec so far
Iteration 10936717: max diff=0.000000, 145.12 sec so far
Iteration 11315021: max diff=0.000000, 150.12 sec so far
Iteration 11695912: max diff=0.000000, 155.12 sec so far
Iteration 12071523: max diff=0.000000, 160.13 sec so far
Iteration 12451621: max diff=0.000000, 165.13 sec so far

Power method: 12628675 iterations in 167.46 seconds (average 0.000013, setup 0.00)

Printing steady-state probabilities in plain text format to file "../../CZK_project/Output/firstRejuvenation_1E-6_dynamic/hybrid/ph_400_1E-6"...

Time for steady-state probability computation: 172.239 seconds.

