PRISM
=====

Version: 4.4
Date: Tue Jun 19 00:02:06 EDT 2018
Hostname: storm-eval
Memory limits: cudd=1g, java(heap)=910.5m
Command line: prism -hybrid -epsilon 3.33333e-19 -maxiters 100000000 -power -absolute -const 'k=3000,timeout=0.1,lambda=6.93147180559945309400' ../../CZK_project/Model/queue_withptf_ctmc.sm -ss -exportss ../../CZK_project/Output/t=0.1_median_1E-15_dynamic/hybrid/ph_10_3000_1E-15

Parsing model file "../../CZK_project/Model/queue_withptf_ctmc.sm"...

Type:        CTMC
Modules:     main trigger 
Variables:   qSize i 

---------------------------------------------------------------------

Computing steady-state probabilities...

Building model...
Model constants: k=3000,timeout=0.1,lambda=6.9314718056

Computing reachable states...

Reachability (BFS): 33000 iterations in 0.72 seconds (average 0.000022, setup 0.00)

Time for model construction: 1.181 seconds.

Type:        CTMC
States:      33000 (1 initial)
Transitions: 63000

Rate matrix: 176 nodes (3 terminal), 63000 minterms, vars: 16r/16c

SCCs: 1, BSCCs: 1, non-BSCC states: 0
BSCC sizes: 1:33000

Initial states all in one BSCC (so no reachability probabilities computed)

Computing probabilities...
Engine: Hybrid

Building power method iteration matrix MTBDD... [nodes=235] [4.6 Kb]
Building hybrid MTBDD matrix... [levels=16, nodes=272] [12.8 KB]
Adding explicit sparse matrices... [levels=16, num=1, compact] [407.3 KB]
Allocating iteration vectors... [2 x 257.8 KB]
TOTAL: [935.6 KB]

Starting iterations...
Iteration 17939: max diff=0.000000, 5.00 sec so far
Iteration 35867: max diff=0.000000, 10.01 sec so far
Iteration 53796: max diff=0.000000, 15.01 sec so far
Iteration 71733: max diff=0.000000, 20.02 sec so far
Iteration 89681: max diff=0.000000, 25.02 sec so far
Iteration 107653: max diff=0.000000, 30.02 sec so far
Iteration 125757: max diff=0.000000, 35.03 sec so far
Iteration 143751: max diff=0.000000, 40.03 sec so far
Iteration 161733: max diff=0.000000, 45.04 sec so far
Iteration 179769: max diff=0.000000, 50.04 sec so far
Iteration 197808: max diff=0.000000, 55.04 sec so far
Iteration 215797: max diff=0.000000, 60.05 sec so far
Iteration 233765: max diff=0.000000, 65.05 sec so far
Iteration 251767: max diff=0.000000, 70.06 sec so far
Iteration 269818: max diff=0.000000, 75.06 sec so far
Iteration 287815: max diff=0.000000, 80.06 sec so far
Iteration 305868: max diff=0.000000, 85.07 sec so far
Iteration 323907: max diff=0.000000, 90.07 sec so far
Iteration 341842: max diff=0.000000, 95.08 sec so far
Iteration 359845: max diff=0.000000, 100.08 sec so far
Iteration 377846: max diff=0.000000, 105.08 sec so far
Iteration 395898: max diff=0.000000, 110.09 sec so far
Iteration 414034: max diff=0.000000, 115.09 sec so far
Iteration 432001: max diff=0.000000, 120.10 sec so far
Iteration 449950: max diff=0.000000, 125.10 sec so far
Iteration 467931: max diff=0.000000, 130.10 sec so far
Iteration 485899: max diff=0.000000, 135.11 sec so far
Iteration 503901: max diff=0.000000, 140.11 sec so far
Iteration 521898: max diff=0.000000, 145.12 sec so far
Iteration 539904: max diff=0.000000, 150.12 sec so far
Iteration 557932: max diff=0.000000, 155.12 sec so far
Iteration 575942: max diff=0.000000, 160.13 sec so far
Iteration 593983: max diff=0.000000, 165.13 sec so far
Iteration 611997: max diff=0.000000, 170.14 sec so far
Iteration 630041: max diff=0.000000, 175.14 sec so far
Iteration 648021: max diff=0.000000, 180.14 sec so far
Iteration 665989: max diff=0.000000, 185.15 sec so far
Iteration 684045: max diff=0.000000, 190.15 sec so far
Iteration 702085: max diff=0.000000, 195.16 sec so far
Iteration 720216: max diff=0.000000, 200.16 sec so far
Iteration 738161: max diff=0.000000, 205.16 sec so far
Iteration 756161: max diff=0.000000, 210.17 sec so far
Iteration 774188: max diff=0.000000, 215.17 sec so far
Iteration 792229: max diff=0.000000, 220.18 sec so far

Power method: 800100 iterations in 222.36 seconds (average 0.000278, setup 0.00)

Printing steady-state probabilities in plain text format to file "../../CZK_project/Output/t=0.1_median_1E-15_dynamic/hybrid/ph_10_3000_1E-15"...

Time for steady-state probability computation: 223.791 seconds.

