PRISM
=====

Version: 4.4
Date: Tue Jun 19 01:14:56 EDT 2018
Hostname: storm-eval
Memory limits: cudd=1g, java(heap)=910.5m
Command line: prism -hybrid -epsilon 6.66667e-20 -maxiters 100000000 -power -absolute -const 'k=15000,timeout=0.1,lambda=6.93147180559945309400' ../../CZK_project/Model/queue_withptf_ctmc.sm -ss -exportss ../../CZK_project/Output/t=0.1_median_1E-15_dynamic/hybrid/ph_10_15000_1E-15

Parsing model file "../../CZK_project/Model/queue_withptf_ctmc.sm"...

Type:        CTMC
Modules:     main trigger 
Variables:   qSize i 

---------------------------------------------------------------------

Computing steady-state probabilities...

Building model...
Model constants: k=15000,timeout=0.1,lambda=6.9314718056

Computing reachable states...

Reachability (BFS): 165000 iterations in 5.52 seconds (average 0.000033, setup 0.00)

Time for model construction: 15.09 seconds.

Type:        CTMC
States:      165000 (1 initial)
Transitions: 315000

Rate matrix: 204 nodes (3 terminal), 315000 minterms, vars: 18r/18c

SCCs: 1, BSCCs: 1, non-BSCC states: 0
BSCC sizes: 1:165000

Initial states all in one BSCC (so no reachability probabilities computed)

Computing probabilities...
Engine: Hybrid

Building power method iteration matrix MTBDD... [nodes=273] [5.3 Kb]
Building hybrid MTBDD matrix... [levels=18, nodes=314] [14.7 KB]
Adding explicit sparse matrices... [levels=15, num=7, compact] [996.1 KB]
Allocating iteration vectors... [2 x 1.3 MB]
TOTAL: [3.5 MB]

Starting iterations...
Iteration 3266: max diff=0.000000, 5.00 sec so far
Iteration 6531: max diff=0.000000, 10.01 sec so far
Iteration 9809: max diff=0.000000, 15.01 sec so far
Iteration 13086: max diff=0.000000, 20.02 sec so far
Iteration 16337: max diff=0.000000, 25.02 sec so far
Iteration 19598: max diff=0.000000, 30.02 sec so far
Iteration 22864: max diff=0.000000, 35.03 sec so far
Iteration 26130: max diff=0.000000, 40.03 sec so far
Iteration 29380: max diff=0.000000, 45.04 sec so far
Iteration 32633: max diff=0.000000, 50.04 sec so far
Iteration 35909: max diff=0.000000, 55.04 sec so far
Iteration 39182: max diff=0.000000, 60.05 sec so far
Iteration 42430: max diff=0.000000, 65.05 sec so far
Iteration 45681: max diff=0.000000, 70.06 sec so far
Iteration 48943: max diff=0.000000, 75.06 sec so far
Iteration 52209: max diff=0.000000, 80.06 sec so far
Iteration 55468: max diff=0.000000, 85.07 sec so far
Iteration 58728: max diff=0.000000, 90.07 sec so far
Iteration 62010: max diff=0.000000, 95.08 sec so far
Iteration 65278: max diff=0.000000, 100.08 sec so far
Iteration 68540: max diff=0.000000, 105.08 sec so far
Iteration 71802: max diff=0.000000, 110.09 sec so far
Iteration 75059: max diff=0.000000, 115.09 sec so far
Iteration 78314: max diff=0.000000, 120.10 sec so far
Iteration 81561: max diff=0.000000, 125.10 sec so far
Iteration 84828: max diff=0.000000, 130.10 sec so far
Iteration 88122: max diff=0.000000, 135.11 sec so far
Iteration 91378: max diff=0.000000, 140.11 sec so far
Iteration 94657: max diff=0.000000, 145.12 sec so far
Iteration 97921: max diff=0.000000, 150.12 sec so far
Iteration 101190: max diff=0.000000, 155.12 sec so far
Iteration 104456: max diff=0.000000, 160.13 sec so far
Iteration 107724: max diff=0.000000, 165.13 sec so far
Iteration 111027: max diff=0.000000, 170.14 sec so far
Iteration 114299: max diff=0.000000, 175.14 sec so far
Iteration 117558: max diff=0.000000, 180.14 sec so far
Iteration 120828: max diff=0.000000, 185.15 sec so far
Iteration 124084: max diff=0.000000, 190.15 sec so far
Iteration 127346: max diff=0.000000, 195.16 sec so far
Iteration 130623: max diff=0.000000, 200.16 sec so far
Iteration 133892: max diff=0.000000, 205.16 sec so far
Iteration 137190: max diff=0.000000, 210.17 sec so far
Iteration 140473: max diff=0.000000, 215.17 sec so far
Iteration 143733: max diff=0.000000, 220.18 sec so far
Iteration 147004: max diff=0.000000, 225.18 sec so far
Iteration 150266: max diff=0.000000, 230.18 sec so far
Iteration 153536: max diff=0.000000, 235.19 sec so far
Iteration 156812: max diff=0.000000, 240.19 sec so far
Iteration 160075: max diff=0.000000, 245.20 sec so far
Iteration 163355: max diff=0.000000, 250.20 sec so far
Iteration 166622: max diff=0.000000, 255.20 sec so far
Iteration 169893: max diff=0.000000, 260.21 sec so far
Iteration 173173: max diff=0.000000, 265.21 sec so far
Iteration 176268: max diff=0.000000, 270.22 sec so far
Iteration 179099: max diff=0.000000, 275.22 sec so far
Iteration 181922: max diff=0.000000, 280.22 sec so far
Iteration 184698: max diff=0.000000, 285.23 sec so far
Iteration 187445: max diff=0.000000, 290.23 sec so far
Iteration 190218: max diff=0.000000, 295.24 sec so far
Iteration 193050: max diff=0.000000, 300.24 sec so far
Iteration 195912: max diff=0.000000, 305.24 sec so far
Iteration 198728: max diff=0.000000, 310.25 sec so far
Iteration 201520: max diff=0.000000, 315.25 sec so far
Iteration 204362: max diff=0.000000, 320.26 sec so far
Iteration 207202: max diff=0.000000, 325.26 sec so far
Iteration 210043: max diff=0.000000, 330.26 sec so far
Iteration 212852: max diff=0.000000, 335.27 sec so far
Iteration 215578: max diff=0.000000, 340.27 sec so far
Iteration 218400: max diff=0.000000, 345.28 sec so far
Iteration 221196: max diff=0.000000, 350.28 sec so far
Iteration 224036: max diff=0.000000, 355.28 sec so far
Iteration 226856: max diff=0.000000, 360.29 sec so far
Iteration 229640: max diff=0.000000, 365.29 sec so far
Iteration 232459: max diff=0.000000, 370.30 sec so far
Iteration 235227: max diff=0.000000, 375.30 sec so far
Iteration 238049: max diff=0.000000, 380.30 sec so far
Iteration 240876: max diff=0.000000, 385.31 sec so far
Iteration 243693: max diff=0.000000, 390.31 sec so far
Iteration 246523: max diff=0.000000, 395.32 sec so far
Iteration 249352: max diff=0.000000, 400.32 sec so far
Iteration 252158: max diff=0.000000, 405.32 sec so far
Iteration 254945: max diff=0.000000, 410.33 sec so far
Iteration 257759: max diff=0.000000, 415.33 sec so far
Iteration 260574: max diff=0.000000, 420.34 sec so far
Iteration 263367: max diff=0.000000, 425.34 sec so far
Iteration 266187: max diff=0.000000, 430.34 sec so far
Iteration 269063: max diff=0.000000, 435.35 sec so far
Iteration 271904: max diff=0.000000, 440.35 sec so far
Iteration 274751: max diff=0.000000, 445.36 sec so far
Iteration 277579: max diff=0.000000, 450.36 sec so far
Iteration 280434: max diff=0.000000, 455.36 sec so far
Iteration 283262: max diff=0.000000, 460.37 sec so far
Iteration 286104: max diff=0.000000, 465.37 sec so far
Iteration 288937: max diff=0.000000, 470.38 sec so far
Iteration 291755: max diff=0.000000, 475.38 sec so far
Iteration 294594: max diff=0.000000, 480.38 sec so far
Iteration 297437: max diff=0.000000, 485.39 sec so far
Iteration 300257: max diff=0.000000, 490.39 sec so far
Iteration 303070: max diff=0.000000, 495.40 sec so far
Iteration 305916: max diff=0.000000, 500.40 sec so far
Iteration 308751: max diff=0.000000, 505.40 sec so far
Iteration 311569: max diff=0.000000, 510.41 sec so far
Iteration 314415: max diff=0.000000, 515.41 sec so far
Iteration 317247: max diff=0.000000, 520.42 sec so far
Iteration 320062: max diff=0.000000, 525.42 sec so far
Iteration 322912: max diff=0.000000, 530.42 sec so far
Iteration 325746: max diff=0.000000, 535.43 sec so far
Iteration 328489: max diff=0.000000, 540.43 sec so far
Iteration 331293: max diff=0.000000, 545.44 sec so far
Iteration 334064: max diff=0.000000, 550.44 sec so far
Iteration 336747: max diff=0.000000, 555.44 sec so far
Iteration 339442: max diff=0.000000, 560.45 sec so far
Iteration 342112: max diff=0.000000, 565.45 sec so far
Iteration 344805: max diff=0.000000, 570.46 sec so far
Iteration 347496: max diff=0.000000, 575.46 sec so far
Iteration 350314: max diff=0.000000, 580.46 sec so far
Iteration 353140: max diff=0.000000, 585.47 sec so far
Iteration 355920: max diff=0.000000, 590.47 sec so far
Iteration 358760: max diff=0.000000, 595.48 sec so far
Iteration 361596: max diff=0.000000, 600.48 sec so far
Iteration 364404: max diff=0.000000, 605.48 sec so far
Iteration 367179: max diff=0.000000, 610.49 sec so far
Iteration 369879: max diff=0.000000, 615.49 sec so far
Iteration 372536: max diff=0.000000, 620.50 sec so far
Iteration 375312: max diff=0.000000, 625.50 sec so far
Iteration 378157: max diff=0.000000, 630.50 sec so far
Iteration 380978: max diff=0.000000, 635.51 sec so far
Iteration 383772: max diff=0.000000, 640.51 sec so far
Iteration 386610: max diff=0.000000, 645.52 sec so far
Iteration 389419: max diff=0.000000, 650.52 sec so far
Iteration 392234: max diff=0.000000, 655.52 sec so far
Iteration 395057: max diff=0.000000, 660.53 sec so far
Iteration 397876: max diff=0.000000, 665.53 sec so far
Iteration 400689: max diff=0.000000, 670.54 sec so far
Iteration 403513: max diff=0.000000, 675.54 sec so far
Iteration 406329: max diff=0.000000, 680.54 sec so far
Iteration 409123: max diff=0.000000, 685.55 sec so far
Iteration 411925: max diff=0.000000, 690.55 sec so far
Iteration 414778: max diff=0.000000, 695.56 sec so far
Iteration 417597: max diff=0.000000, 700.56 sec so far
Iteration 420405: max diff=0.000000, 705.56 sec so far
Iteration 423215: max diff=0.000000, 710.57 sec so far
Iteration 426024: max diff=0.000000, 715.57 sec so far
Iteration 428845: max diff=0.000000, 720.58 sec so far
Iteration 431678: max diff=0.000000, 725.58 sec so far
Iteration 434494: max diff=0.000000, 730.58 sec so far
Iteration 437304: max diff=0.000000, 735.59 sec so far
Iteration 440144: max diff=0.000000, 740.59 sec so far
Iteration 442824: max diff=0.000000, 745.60 sec so far
Iteration 445432: max diff=0.000000, 750.60 sec so far
Iteration 448216: max diff=0.000000, 755.60 sec so far
Iteration 451088: max diff=0.000000, 760.61 sec so far
Iteration 453825: max diff=0.000000, 765.61 sec so far
Iteration 456641: max diff=0.000000, 770.62 sec so far
Iteration 459495: max diff=0.000000, 775.62 sec so far
Iteration 462308: max diff=0.000000, 780.62 sec so far
Iteration 465062: max diff=0.000000, 785.63 sec so far
Iteration 467860: max diff=0.000000, 790.63 sec so far
Iteration 470636: max diff=0.000000, 795.64 sec so far
Iteration 473404: max diff=0.000000, 800.64 sec so far
Iteration 476188: max diff=0.000000, 805.64 sec so far
Iteration 479003: max diff=0.000000, 810.65 sec so far
Iteration 481818: max diff=0.000000, 815.65 sec so far
Iteration 484592: max diff=0.000000, 820.66 sec so far
Iteration 487397: max diff=0.000000, 825.66 sec so far
Iteration 490188: max diff=0.000000, 830.66 sec so far
Iteration 493007: max diff=0.000000, 835.67 sec so far
Iteration 495856: max diff=0.000000, 840.67 sec so far
Iteration 498672: max diff=0.000000, 845.68 sec so far
Iteration 501464: max diff=0.000000, 850.68 sec so far
Iteration 504319: max diff=0.000000, 855.68 sec so far
Iteration 507188: max diff=0.000000, 860.69 sec so far
Iteration 510003: max diff=0.000000, 865.69 sec so far
Iteration 513269: max diff=0.000000, 870.70 sec so far
Iteration 516530: max diff=0.000000, 875.70 sec so far
Iteration 519809: max diff=0.000000, 880.70 sec so far
Iteration 523048: max diff=0.000000, 885.71 sec so far
Iteration 526319: max diff=0.000000, 890.71 sec so far
Iteration 529595: max diff=0.000000, 895.72 sec so far
Iteration 532869: max diff=0.000000, 900.72 sec so far
Iteration 536139: max diff=0.000000, 905.72 sec so far
Iteration 539419: max diff=0.000000, 910.73 sec so far
Iteration 542702: max diff=0.000000, 915.73 sec so far
Iteration 545977: max diff=0.000000, 920.74 sec so far
Iteration 549245: max diff=0.000000, 925.74 sec so far
Iteration 552520: max diff=0.000000, 930.74 sec so far
Iteration 555793: max diff=0.000000, 935.75 sec so far
Iteration 559073: max diff=0.000000, 940.75 sec so far
Iteration 562351: max diff=0.000000, 945.76 sec so far
Iteration 565637: max diff=0.000000, 950.76 sec so far
Iteration 568920: max diff=0.000000, 955.76 sec so far
Iteration 572200: max diff=0.000000, 960.77 sec so far
Iteration 575486: max diff=0.000000, 965.77 sec so far
Iteration 578771: max diff=0.000000, 970.78 sec so far
Iteration 582049: max diff=0.000000, 975.78 sec so far
Iteration 585327: max diff=0.000000, 980.78 sec so far
Iteration 588613: max diff=0.000000, 985.79 sec so far
Iteration 591898: max diff=0.000000, 990.79 sec so far
Iteration 595187: max diff=0.000000, 995.80 sec so far
Iteration 598458: max diff=0.000000, 1000.80 sec so far
Iteration 601732: max diff=0.000000, 1005.80 sec so far
Iteration 605011: max diff=0.000000, 1010.81 sec so far
Iteration 608297: max diff=0.000000, 1015.81 sec so far
Iteration 611576: max diff=0.000000, 1020.82 sec so far
Iteration 614854: max diff=0.000000, 1025.82 sec so far
Iteration 618133: max diff=0.000000, 1030.82 sec so far
Iteration 621312: max diff=0.000000, 1035.83 sec so far
Iteration 624542: max diff=0.000000, 1040.83 sec so far
Iteration 627777: max diff=0.000000, 1045.84 sec so far
Iteration 631014: max diff=0.000000, 1050.84 sec so far
Iteration 634234: max diff=0.000000, 1055.84 sec so far
Iteration 637461: max diff=0.000000, 1060.85 sec so far
Iteration 640742: max diff=0.000000, 1065.85 sec so far
Iteration 644002: max diff=0.000000, 1070.86 sec so far
Iteration 647282: max diff=0.000000, 1075.86 sec so far
Iteration 650545: max diff=0.000000, 1080.86 sec so far
Iteration 653822: max diff=0.000000, 1085.87 sec so far
Iteration 657118: max diff=0.000000, 1090.87 sec so far
Iteration 660394: max diff=0.000000, 1095.88 sec so far
Iteration 663680: max diff=0.000000, 1100.88 sec so far
Iteration 666972: max diff=0.000000, 1105.88 sec so far
Iteration 670247: max diff=0.000000, 1110.89 sec so far
Iteration 673530: max diff=0.000000, 1115.89 sec so far
Iteration 676818: max diff=0.000000, 1120.90 sec so far
Iteration 680090: max diff=0.000000, 1125.90 sec so far
Iteration 683383: max diff=0.000000, 1130.90 sec so far
Iteration 686686: max diff=0.000000, 1135.91 sec so far
Iteration 689959: max diff=0.000000, 1140.91 sec so far
Iteration 693235: max diff=0.000000, 1145.92 sec so far
Iteration 696520: max diff=0.000000, 1150.92 sec so far
Iteration 699830: max diff=0.000000, 1155.92 sec so far
Iteration 703112: max diff=0.000000, 1160.93 sec so far
Iteration 706402: max diff=0.000000, 1165.93 sec so far
Iteration 709693: max diff=0.000000, 1170.94 sec so far
Iteration 712969: max diff=0.000000, 1175.94 sec so far
Iteration 716230: max diff=0.000000, 1180.94 sec so far
Iteration 719491: max diff=0.000000, 1185.95 sec so far
Iteration 722775: max diff=0.000000, 1190.95 sec so far
Iteration 726045: max diff=0.000000, 1195.96 sec so far
Iteration 729322: max diff=0.000000, 1200.96 sec so far
Iteration 732605: max diff=0.000000, 1205.96 sec so far
Iteration 735877: max diff=0.000000, 1210.97 sec so far
Iteration 739152: max diff=0.000000, 1215.97 sec so far
Iteration 742432: max diff=0.000000, 1220.98 sec so far
Iteration 745705: max diff=0.000000, 1225.98 sec so far
Iteration 748982: max diff=0.000000, 1230.98 sec so far
Iteration 752258: max diff=0.000000, 1235.99 sec so far
Iteration 755540: max diff=0.000000, 1240.99 sec so far
Iteration 758803: max diff=0.000000, 1246.00 sec so far
Iteration 762091: max diff=0.000000, 1251.00 sec so far
Iteration 765369: max diff=0.000000, 1256.00 sec so far
Iteration 768660: max diff=0.000000, 1261.01 sec so far
Iteration 771944: max diff=0.000000, 1266.01 sec so far
Iteration 775224: max diff=0.000000, 1271.02 sec so far
Iteration 778495: max diff=0.000000, 1276.02 sec so far
Iteration 781769: max diff=0.000000, 1281.02 sec so far
Iteration 785047: max diff=0.000000, 1286.03 sec so far
Iteration 788335: max diff=0.000000, 1291.03 sec so far
Iteration 791614: max diff=0.000000, 1296.04 sec so far
Iteration 794899: max diff=0.000000, 1301.04 sec so far
Iteration 798181: max diff=0.000000, 1306.04 sec so far
Iteration 801469: max diff=0.000000, 1311.05 sec so far
Iteration 804760: max diff=0.000000, 1316.05 sec so far
Iteration 808051: max diff=0.000000, 1321.06 sec so far
Iteration 811332: max diff=0.000000, 1326.06 sec so far
Iteration 814627: max diff=0.000000, 1331.06 sec so far
Iteration 817923: max diff=0.000000, 1336.07 sec so far
Iteration 821207: max diff=0.000000, 1341.07 sec so far
Iteration 824497: max diff=0.000000, 1346.08 sec so far
Iteration 827793: max diff=0.000000, 1351.08 sec so far
Iteration 831105: max diff=0.000000, 1356.08 sec so far
Iteration 834412: max diff=0.000000, 1361.09 sec so far
Iteration 837721: max diff=0.000000, 1366.09 sec so far
Iteration 841034: max diff=0.000000, 1371.10 sec so far
Iteration 844346: max diff=0.000000, 1376.10 sec so far
Iteration 847655: max diff=0.000000, 1381.10 sec so far
Iteration 850940: max diff=0.000000, 1386.11 sec so far
Iteration 854199: max diff=0.000000, 1391.11 sec so far
Iteration 857474: max diff=0.000000, 1396.12 sec so far
Iteration 860762: max diff=0.000000, 1401.12 sec so far
Iteration 864039: max diff=0.000000, 1406.12 sec so far
Iteration 867307: max diff=0.000000, 1411.13 sec so far
Iteration 870586: max diff=0.000000, 1416.13 sec so far
Iteration 873868: max diff=0.000000, 1421.14 sec so far
Iteration 877134: max diff=0.000000, 1426.14 sec so far
Iteration 880406: max diff=0.000000, 1431.14 sec so far
Iteration 883669: max diff=0.000000, 1436.15 sec so far
Iteration 886942: max diff=0.000000, 1441.15 sec so far
Iteration 890226: max diff=0.000000, 1446.16 sec so far
Iteration 893499: max diff=0.000000, 1451.16 sec so far
Iteration 896783: max diff=0.000000, 1456.16 sec so far
Iteration 900072: max diff=0.000000, 1461.17 sec so far
Iteration 903283: max diff=0.000000, 1466.17 sec so far
Iteration 906297: max diff=0.000000, 1471.18 sec so far
Iteration 909257: max diff=0.000000, 1476.18 sec so far
Iteration 912273: max diff=0.000000, 1481.18 sec so far
Iteration 915245: max diff=0.000000, 1486.19 sec so far
Iteration 918194: max diff=0.000000, 1491.19 sec so far
Iteration 921163: max diff=0.000000, 1496.20 sec so far
Iteration 924123: max diff=0.000000, 1501.20 sec so far
Iteration 927101: max diff=0.000000, 1506.20 sec so far
Iteration 930099: max diff=0.000000, 1511.21 sec so far
Iteration 933090: max diff=0.000000, 1516.21 sec so far
Iteration 936099: max diff=0.000000, 1521.22 sec so far
Iteration 939095: max diff=0.000000, 1526.22 sec so far
Iteration 942073: max diff=0.000000, 1531.22 sec so far
Iteration 945018: max diff=0.000000, 1536.23 sec so far
Iteration 947992: max diff=0.000000, 1541.23 sec so far
Iteration 950960: max diff=0.000000, 1546.24 sec so far
Iteration 953935: max diff=0.000000, 1551.24 sec so far
Iteration 956914: max diff=0.000000, 1556.24 sec so far
Iteration 959956: max diff=0.000000, 1561.25 sec so far
Iteration 962973: max diff=0.000000, 1566.25 sec so far
Iteration 965979: max diff=0.000000, 1571.26 sec so far
Iteration 969001: max diff=0.000000, 1576.26 sec so far
Iteration 972012: max diff=0.000000, 1581.26 sec so far
Iteration 975020: max diff=0.000000, 1586.27 sec so far
Iteration 978046: max diff=0.000000, 1591.27 sec so far
Iteration 981081: max diff=0.000000, 1596.28 sec so far
Iteration 984060: max diff=0.000000, 1601.28 sec so far
Iteration 986989: max diff=0.000000, 1606.28 sec so far
Iteration 989984: max diff=0.000000, 1611.29 sec so far
Iteration 992967: max diff=0.000000, 1616.29 sec so far
Iteration 995933: max diff=0.000000, 1621.30 sec so far
Iteration 998935: max diff=0.000000, 1626.30 sec so far
Iteration 1001897: max diff=0.000000, 1631.30 sec so far
Iteration 1004824: max diff=0.000000, 1636.31 sec so far
Iteration 1007843: max diff=0.000000, 1641.31 sec so far
Iteration 1010852: max diff=0.000000, 1646.32 sec so far
Iteration 1013761: max diff=0.000000, 1651.32 sec so far
Iteration 1016681: max diff=0.000000, 1656.32 sec so far
Iteration 1019678: max diff=0.000000, 1661.33 sec so far
Iteration 1022664: max diff=0.000000, 1666.33 sec so far
Iteration 1025637: max diff=0.000000, 1671.34 sec so far
Iteration 1028636: max diff=0.000000, 1676.34 sec so far
Iteration 1031628: max diff=0.000000, 1681.34 sec so far
Iteration 1034599: max diff=0.000000, 1686.35 sec so far
Iteration 1037591: max diff=0.000000, 1691.35 sec so far
Iteration 1040560: max diff=0.000000, 1696.36 sec so far
Iteration 1043506: max diff=0.000000, 1701.36 sec so far
Iteration 1046554: max diff=0.000000, 1706.36 sec so far
Iteration 1049540: max diff=0.000000, 1711.37 sec so far
Iteration 1052510: max diff=0.000000, 1716.37 sec so far
Iteration 1055549: max diff=0.000000, 1721.38 sec so far
Iteration 1058524: max diff=0.000000, 1726.38 sec so far
Iteration 1061506: max diff=0.000000, 1731.38 sec so far
Iteration 1064491: max diff=0.000000, 1736.39 sec so far
Iteration 1067468: max diff=0.000000, 1741.39 sec so far
Iteration 1070424: max diff=0.000000, 1746.40 sec so far
Iteration 1073391: max diff=0.000000, 1751.40 sec so far
Iteration 1076366: max diff=0.000000, 1756.40 sec so far
Iteration 1079356: max diff=0.000000, 1761.41 sec so far
Iteration 1082322: max diff=0.000000, 1766.41 sec so far
Iteration 1085279: max diff=0.000000, 1771.42 sec so far
Iteration 1088234: max diff=0.000000, 1776.42 sec so far
Iteration 1091203: max diff=0.000000, 1781.42 sec so far
Iteration 1094190: max diff=0.000000, 1786.43 sec so far
Iteration 1097182: max diff=0.000000, 1791.43 sec so far
Iteration 1100153: max diff=0.000000, 1796.44 sec so far
Iteration 1103135: max diff=0.000000, 1801.44 sec so far
Iteration 1106124: max diff=0.000000, 1806.44 sec so far
Iteration 1109122: max diff=0.000000, 1811.45 sec so far
Iteration 1112107: max diff=0.000000, 1816.45 sec so far
Iteration 1115084: max diff=0.000000, 1821.46 sec so far
Iteration 1118020: max diff=0.000000, 1826.46 sec so far
Iteration 1120976: max diff=0.000000, 1831.46 sec so far
Iteration 1123941: max diff=0.000000, 1836.47 sec so far
Iteration 1126904: max diff=0.000000, 1841.47 sec so far
Iteration 1129897: max diff=0.000000, 1846.48 sec so far
Iteration 1132874: max diff=0.000000, 1851.48 sec so far
Iteration 1135829: max diff=0.000000, 1856.48 sec so far
Iteration 1138816: max diff=0.000000, 1861.49 sec so far
Iteration 1141771: max diff=0.000000, 1866.49 sec so far
Iteration 1144752: max diff=0.000000, 1871.50 sec so far
Iteration 1147725: max diff=0.000000, 1876.50 sec so far
Iteration 1150652: max diff=0.000000, 1881.50 sec so far
Iteration 1153590: max diff=0.000000, 1886.51 sec so far
Iteration 1156544: max diff=0.000000, 1891.51 sec so far
Iteration 1159508: max diff=0.000000, 1896.52 sec so far
Iteration 1162478: max diff=0.000000, 1901.52 sec so far
Iteration 1165441: max diff=0.000000, 1906.52 sec so far
Iteration 1168426: max diff=0.000000, 1911.53 sec so far
Iteration 1171430: max diff=0.000000, 1916.53 sec so far
Iteration 1174411: max diff=0.000000, 1921.54 sec so far
Iteration 1177372: max diff=0.000000, 1926.54 sec so far
Iteration 1180349: max diff=0.000000, 1931.54 sec so far
Iteration 1183326: max diff=0.000000, 1936.55 sec so far
Iteration 1186289: max diff=0.000000, 1941.55 sec so far
Iteration 1189276: max diff=0.000000, 1946.56 sec so far
Iteration 1192261: max diff=0.000000, 1951.56 sec so far
Iteration 1195247: max diff=0.000000, 1956.56 sec so far
Iteration 1198246: max diff=0.000000, 1961.57 sec so far
Iteration 1201247: max diff=0.000000, 1966.57 sec so far
Iteration 1204189: max diff=0.000000, 1971.58 sec so far
Iteration 1207184: max diff=0.000000, 1976.58 sec so far
Iteration 1210156: max diff=0.000000, 1981.58 sec so far
Iteration 1213137: max diff=0.000000, 1986.59 sec so far
Iteration 1216114: max diff=0.000000, 1991.59 sec so far
Iteration 1219101: max diff=0.000000, 1996.60 sec so far
Iteration 1222072: max diff=0.000000, 2001.60 sec so far
Iteration 1225030: max diff=0.000000, 2006.60 sec so far
Iteration 1228027: max diff=0.000000, 2011.61 sec so far
Iteration 1230996: max diff=0.000000, 2016.61 sec so far
Iteration 1234024: max diff=0.000000, 2021.62 sec so far
Iteration 1237023: max diff=0.000000, 2026.62 sec so far
Iteration 1240008: max diff=0.000000, 2031.62 sec so far
Iteration 1242995: max diff=0.000000, 2036.63 sec so far
Iteration 1245965: max diff=0.000000, 2041.63 sec so far
Iteration 1248946: max diff=0.000000, 2046.64 sec so far
Iteration 1251889: max diff=0.000000, 2051.64 sec so far
Iteration 1254870: max diff=0.000000, 2056.64 sec so far
Iteration 1257840: max diff=0.000000, 2061.65 sec so far
Iteration 1260987: max diff=0.000000, 2066.65 sec so far
Iteration 1264216: max diff=0.000000, 2071.66 sec so far
Iteration 1267414: max diff=0.000000, 2076.66 sec so far
Iteration 1270592: max diff=0.000000, 2081.66 sec so far
Iteration 1273787: max diff=0.000000, 2086.67 sec so far
Iteration 1276998: max diff=0.000000, 2091.67 sec so far
Iteration 1280206: max diff=0.000000, 2096.68 sec so far
Iteration 1283399: max diff=0.000000, 2101.68 sec so far
Iteration 1286625: max diff=0.000000, 2106.68 sec so far
Iteration 1289831: max diff=0.000000, 2111.69 sec so far
Iteration 1293035: max diff=0.000000, 2116.69 sec so far
Iteration 1296249: max diff=0.000000, 2121.70 sec so far
Iteration 1299440: max diff=0.000000, 2126.70 sec so far
Iteration 1302640: max diff=0.000000, 2131.70 sec so far
Iteration 1305852: max diff=0.000000, 2136.71 sec so far
Iteration 1309056: max diff=0.000000, 2141.71 sec so far
Iteration 1312269: max diff=0.000000, 2146.72 sec so far
Iteration 1315479: max diff=0.000000, 2151.72 sec so far
Iteration 1318683: max diff=0.000000, 2156.72 sec so far
Iteration 1321882: max diff=0.000000, 2161.73 sec so far
Iteration 1325074: max diff=0.000000, 2166.73 sec so far
Iteration 1328283: max diff=0.000000, 2171.74 sec so far
Iteration 1331471: max diff=0.000000, 2176.74 sec so far
Iteration 1334646: max diff=0.000000, 2181.74 sec so far
Iteration 1337815: max diff=0.000000, 2186.75 sec so far
Iteration 1340978: max diff=0.000000, 2191.75 sec so far
Iteration 1344130: max diff=0.000000, 2196.76 sec so far
Iteration 1347285: max diff=0.000000, 2201.76 sec so far
Iteration 1350463: max diff=0.000000, 2206.76 sec so far
Iteration 1353648: max diff=0.000000, 2211.77 sec so far
Iteration 1356845: max diff=0.000000, 2216.77 sec so far
Iteration 1360044: max diff=0.000000, 2221.78 sec so far
Iteration 1363250: max diff=0.000000, 2226.78 sec so far
Iteration 1366453: max diff=0.000000, 2231.78 sec so far
Iteration 1369649: max diff=0.000000, 2236.79 sec so far
Iteration 1372834: max diff=0.000000, 2241.79 sec so far
Iteration 1376012: max diff=0.000000, 2246.80 sec so far
Iteration 1379206: max diff=0.000000, 2251.80 sec so far
Iteration 1382385: max diff=0.000000, 2256.80 sec so far
Iteration 1385561: max diff=0.000000, 2261.81 sec so far
Iteration 1388728: max diff=0.000000, 2266.81 sec so far
Iteration 1391896: max diff=0.000000, 2271.82 sec so far
Iteration 1395076: max diff=0.000000, 2276.82 sec so far
Iteration 1398252: max diff=0.000000, 2281.82 sec so far
Iteration 1401430: max diff=0.000000, 2286.83 sec so far
Iteration 1404603: max diff=0.000000, 2291.83 sec so far
Iteration 1407769: max diff=0.000000, 2296.84 sec so far
Iteration 1410940: max diff=0.000000, 2301.84 sec so far
Iteration 1414114: max diff=0.000000, 2306.84 sec so far
Iteration 1417287: max diff=0.000000, 2311.85 sec so far
Iteration 1420469: max diff=0.000000, 2316.85 sec so far
Iteration 1423653: max diff=0.000000, 2321.86 sec so far
Iteration 1426857: max diff=0.000000, 2326.86 sec so far
Iteration 1430076: max diff=0.000000, 2331.86 sec so far
Iteration 1433292: max diff=0.000000, 2336.87 sec so far
Iteration 1436499: max diff=0.000000, 2341.87 sec so far
Iteration 1439717: max diff=0.000000, 2346.88 sec so far
Iteration 1442932: max diff=0.000000, 2351.88 sec so far
Iteration 1446158: max diff=0.000000, 2356.88 sec so far
Iteration 1449375: max diff=0.000000, 2361.89 sec so far
Iteration 1452577: max diff=0.000000, 2366.89 sec so far
Iteration 1455796: max diff=0.000000, 2371.90 sec so far
Iteration 1458997: max diff=0.000000, 2376.90 sec so far
Iteration 1462201: max diff=0.000000, 2381.90 sec so far
Iteration 1465404: max diff=0.000000, 2386.91 sec so far
Iteration 1468599: max diff=0.000000, 2391.91 sec so far
Iteration 1471795: max diff=0.000000, 2396.92 sec so far
Iteration 1475005: max diff=0.000000, 2401.92 sec so far
Iteration 1478215: max diff=0.000000, 2406.92 sec so far
Iteration 1481420: max diff=0.000000, 2411.93 sec so far
Iteration 1484623: max diff=0.000000, 2416.93 sec so far
Iteration 1487831: max diff=0.000000, 2421.94 sec so far
Iteration 1491035: max diff=0.000000, 2426.94 sec so far
Iteration 1494245: max diff=0.000000, 2431.94 sec so far
Iteration 1497439: max diff=0.000000, 2436.95 sec so far
Iteration 1500636: max diff=0.000000, 2441.95 sec so far
Iteration 1503844: max diff=0.000000, 2446.96 sec so far
Iteration 1507049: max diff=0.000000, 2451.96 sec so far
Iteration 1510244: max diff=0.000000, 2456.96 sec so far
Iteration 1513442: max diff=0.000000, 2461.97 sec so far
Iteration 1516649: max diff=0.000000, 2466.97 sec so far
Iteration 1519849: max diff=0.000000, 2471.98 sec so far
Iteration 1523048: max diff=0.000000, 2476.98 sec so far
Iteration 1526242: max diff=0.000000, 2481.98 sec so far
Iteration 1529443: max diff=0.000000, 2486.99 sec so far
Iteration 1532634: max diff=0.000000, 2491.99 sec so far
Iteration 1535842: max diff=0.000000, 2497.00 sec so far
Iteration 1539050: max diff=0.000000, 2502.00 sec so far
Iteration 1542246: max diff=0.000000, 2507.00 sec so far
Iteration 1545448: max diff=0.000000, 2512.01 sec so far
Iteration 1548633: max diff=0.000000, 2517.01 sec so far
Iteration 1551844: max diff=0.000000, 2522.02 sec so far
Iteration 1555063: max diff=0.000000, 2527.02 sec so far
Iteration 1558280: max diff=0.000000, 2532.02 sec so far
Iteration 1561492: max diff=0.000000, 2537.03 sec so far
Iteration 1564724: max diff=0.000000, 2542.03 sec so far
Iteration 1567934: max diff=0.000000, 2547.04 sec so far
Iteration 1571143: max diff=0.000000, 2552.04 sec so far
Iteration 1574339: max diff=0.000000, 2557.04 sec so far
Iteration 1577535: max diff=0.000000, 2562.05 sec so far
Iteration 1580751: max diff=0.000000, 2567.05 sec so far
Iteration 1583956: max diff=0.000000, 2572.06 sec so far
Iteration 1587166: max diff=0.000000, 2577.06 sec so far
Iteration 1590372: max diff=0.000000, 2582.06 sec so far
Iteration 1593587: max diff=0.000000, 2587.07 sec so far
Iteration 1596783: max diff=0.000000, 2592.07 sec so far
Iteration 1600004: max diff=0.000000, 2597.08 sec so far
Iteration 1603211: max diff=0.000000, 2602.08 sec so far
Iteration 1606418: max diff=0.000000, 2607.08 sec so far
Iteration 1609625: max diff=0.000000, 2612.09 sec so far
Iteration 1612843: max diff=0.000000, 2617.09 sec so far
Iteration 1616055: max diff=0.000000, 2622.10 sec so far
Iteration 1619261: max diff=0.000000, 2627.10 sec so far
Iteration 1622470: max diff=0.000000, 2632.10 sec so far
Iteration 1625682: max diff=0.000000, 2637.11 sec so far
Iteration 1628891: max diff=0.000000, 2642.11 sec so far
Iteration 1632106: max diff=0.000000, 2647.12 sec so far
Iteration 1635315: max diff=0.000000, 2652.12 sec so far
Iteration 1638522: max diff=0.000000, 2657.12 sec so far
Iteration 1641733: max diff=0.000000, 2662.13 sec so far
Iteration 1644985: max diff=0.000000, 2667.13 sec so far
Iteration 1648255: max diff=0.000000, 2672.14 sec so far
Iteration 1651506: max diff=0.000000, 2677.14 sec so far
Iteration 1654722: max diff=0.000000, 2682.14 sec so far
Iteration 1657922: max diff=0.000000, 2687.15 sec so far
Iteration 1661127: max diff=0.000000, 2692.15 sec so far
Iteration 1664314: max diff=0.000000, 2697.16 sec so far
Iteration 1667507: max diff=0.000000, 2702.16 sec so far
Iteration 1670721: max diff=0.000000, 2707.16 sec so far
Iteration 1673951: max diff=0.000000, 2712.17 sec so far
Iteration 1677170: max diff=0.000000, 2717.17 sec so far
Iteration 1680392: max diff=0.000000, 2722.18 sec so far
Iteration 1683585: max diff=0.000000, 2727.18 sec so far
Iteration 1686754: max diff=0.000000, 2732.18 sec so far
Iteration 1689958: max diff=0.000000, 2737.19 sec so far
Iteration 1693154: max diff=0.000000, 2742.19 sec so far
Iteration 1696351: max diff=0.000000, 2747.20 sec so far
Iteration 1699591: max diff=0.000000, 2752.20 sec so far
Iteration 1702828: max diff=0.000000, 2757.20 sec so far
Iteration 1706052: max diff=0.000000, 2762.21 sec so far
Iteration 1709279: max diff=0.000000, 2767.21 sec so far
Iteration 1712476: max diff=0.000000, 2772.22 sec so far
Iteration 1715702: max diff=0.000000, 2777.22 sec so far
Iteration 1718887: max diff=0.000000, 2782.22 sec so far
Iteration 1722078: max diff=0.000000, 2787.23 sec so far
Iteration 1725304: max diff=0.000000, 2792.23 sec so far
Iteration 1728527: max diff=0.000000, 2797.24 sec so far
Iteration 1731767: max diff=0.000000, 2802.24 sec so far
Iteration 1734993: max diff=0.000000, 2807.24 sec so far
Iteration 1738183: max diff=0.000000, 2812.25 sec so far
Iteration 1741389: max diff=0.000000, 2817.25 sec so far
Iteration 1744602: max diff=0.000000, 2822.26 sec so far
Iteration 1747849: max diff=0.000000, 2827.26 sec so far
Iteration 1751092: max diff=0.000000, 2832.26 sec so far
Iteration 1754342: max diff=0.000000, 2837.27 sec so far
Iteration 1757550: max diff=0.000000, 2842.27 sec so far
Iteration 1760782: max diff=0.000000, 2847.28 sec so far
Iteration 1764008: max diff=0.000000, 2852.28 sec so far
Iteration 1767235: max diff=0.000000, 2857.28 sec so far
Iteration 1770454: max diff=0.000000, 2862.29 sec so far
Iteration 1773651: max diff=0.000000, 2867.29 sec so far
Iteration 1776901: max diff=0.000000, 2872.30 sec so far
Iteration 1780167: max diff=0.000000, 2877.30 sec so far
Iteration 1783394: max diff=0.000000, 2882.30 sec so far
Iteration 1786572: max diff=0.000000, 2887.31 sec so far
Iteration 1789774: max diff=0.000000, 2892.31 sec so far
Iteration 1792990: max diff=0.000000, 2897.32 sec so far
Iteration 1796220: max diff=0.000000, 2902.32 sec so far
Iteration 1799483: max diff=0.000000, 2907.32 sec so far
Iteration 1802748: max diff=0.000000, 2912.33 sec so far
Iteration 1806005: max diff=0.000000, 2917.33 sec so far
Iteration 1809256: max diff=0.000000, 2922.34 sec so far
Iteration 1812511: max diff=0.000000, 2927.34 sec so far
Iteration 1815748: max diff=0.000000, 2932.34 sec so far
Iteration 1818978: max diff=0.000000, 2937.35 sec so far
Iteration 1822208: max diff=0.000000, 2942.35 sec so far
Iteration 1825430: max diff=0.000000, 2947.36 sec so far
Iteration 1828670: max diff=0.000000, 2952.36 sec so far
Iteration 1831945: max diff=0.000000, 2957.36 sec so far
Iteration 1835210: max diff=0.000000, 2962.37 sec so far
Iteration 1838433: max diff=0.000000, 2967.37 sec so far
Iteration 1841660: max diff=0.000000, 2972.38 sec so far
Iteration 1844889: max diff=0.000000, 2977.38 sec so far
Iteration 1848117: max diff=0.000000, 2982.38 sec so far
Iteration 1851356: max diff=0.000000, 2987.39 sec so far
Iteration 1854603: max diff=0.000000, 2992.39 sec so far
Iteration 1857854: max diff=0.000000, 2997.40 sec so far
Iteration 1861093: max diff=0.000000, 3002.40 sec so far
Iteration 1864319: max diff=0.000000, 3007.40 sec so far
Iteration 1867533: max diff=0.000000, 3012.41 sec so far
Iteration 1870761: max diff=0.000000, 3017.41 sec so far
Iteration 1873990: max diff=0.000000, 3022.42 sec so far
Iteration 1877204: max diff=0.000000, 3027.42 sec so far
Iteration 1880446: max diff=0.000000, 3032.42 sec so far
Iteration 1883699: max diff=0.000000, 3037.43 sec so far
Iteration 1886951: max diff=0.000000, 3042.43 sec so far
Iteration 1890190: max diff=0.000000, 3047.44 sec so far
Iteration 1893405: max diff=0.000000, 3052.44 sec so far
Iteration 1896605: max diff=0.000000, 3057.44 sec so far
Iteration 1899779: max diff=0.000000, 3062.45 sec so far
Iteration 1902995: max diff=0.000000, 3067.45 sec so far
Iteration 1906201: max diff=0.000000, 3072.46 sec so far
Iteration 1909429: max diff=0.000000, 3077.46 sec so far
Iteration 1912677: max diff=0.000000, 3082.46 sec so far
Iteration 1915937: max diff=0.000000, 3087.47 sec so far
Iteration 1919158: max diff=0.000000, 3092.47 sec so far
Iteration 1922371: max diff=0.000000, 3097.48 sec so far
Iteration 1925582: max diff=0.000000, 3102.48 sec so far
Iteration 1928774: max diff=0.000000, 3107.48 sec so far
Iteration 1931988: max diff=0.000000, 3112.49 sec so far
Iteration 1935190: max diff=0.000000, 3117.49 sec so far
Iteration 1938448: max diff=0.000000, 3122.50 sec so far
Iteration 1941718: max diff=0.000000, 3127.50 sec so far
Iteration 1944988: max diff=0.000000, 3132.50 sec so far
Iteration 1948220: max diff=0.000000, 3137.51 sec so far
Iteration 1951461: max diff=0.000000, 3142.51 sec so far
Iteration 1954685: max diff=0.000000, 3147.52 sec so far
Iteration 1957913: max diff=0.000000, 3152.52 sec so far
Iteration 1961136: max diff=0.000000, 3157.52 sec so far
Iteration 1964364: max diff=0.000000, 3162.53 sec so far
Iteration 1967601: max diff=0.000000, 3167.53 sec so far
Iteration 1970819: max diff=0.000000, 3172.54 sec so far
Iteration 1974023: max diff=0.000000, 3177.54 sec so far
Iteration 1977230: max diff=0.000000, 3182.54 sec so far
Iteration 1980453: max diff=0.000000, 3187.55 sec so far
Iteration 1983698: max diff=0.000000, 3192.55 sec so far
Iteration 1986941: max diff=0.000000, 3197.56 sec so far
Iteration 1990160: max diff=0.000000, 3202.56 sec so far
Iteration 1993379: max diff=0.000000, 3207.56 sec so far
Iteration 1996604: max diff=0.000000, 3212.57 sec so far
Iteration 1999852: max diff=0.000000, 3217.57 sec so far
Iteration 2003086: max diff=0.000000, 3222.58 sec so far
Iteration 2006302: max diff=0.000000, 3227.58 sec so far
Iteration 2009541: max diff=0.000000, 3232.58 sec so far
Iteration 2012806: max diff=0.000000, 3237.59 sec so far
Iteration 2016077: max diff=0.000000, 3242.59 sec so far
Iteration 2019340: max diff=0.000000, 3247.60 sec so far
Iteration 2022548: max diff=0.000000, 3252.60 sec so far
Iteration 2025760: max diff=0.000000, 3257.60 sec so far
Iteration 2028814: max diff=0.000000, 3262.61 sec so far
Iteration 2031662: max diff=0.000000, 3267.61 sec so far
Iteration 2034492: max diff=0.000000, 3272.62 sec so far
Iteration 2037317: max diff=0.000000, 3277.62 sec so far
Iteration 2040137: max diff=0.000000, 3282.62 sec so far
Iteration 2042969: max diff=0.000000, 3287.63 sec so far
Iteration 2045765: max diff=0.000000, 3292.63 sec so far
Iteration 2048613: max diff=0.000000, 3297.64 sec so far
Iteration 2051437: max diff=0.000000, 3302.64 sec so far
Iteration 2054267: max diff=0.000000, 3307.64 sec so far
Iteration 2057072: max diff=0.000000, 3312.65 sec so far
Iteration 2059910: max diff=0.000000, 3317.65 sec so far
Iteration 2062719: max diff=0.000000, 3322.66 sec so far
Iteration 2065567: max diff=0.000000, 3327.66 sec so far
Iteration 2068415: max diff=0.000000, 3332.66 sec so far
Iteration 2071226: max diff=0.000000, 3337.67 sec so far
Iteration 2074028: max diff=0.000000, 3342.67 sec so far
Iteration 2076853: max diff=0.000000, 3347.68 sec so far
Iteration 2079666: max diff=0.000000, 3352.68 sec so far
Iteration 2082458: max diff=0.000000, 3357.68 sec so far
Iteration 2085284: max diff=0.000000, 3362.69 sec so far
Iteration 2088116: max diff=0.000000, 3367.69 sec so far
Iteration 2090930: max diff=0.000000, 3372.70 sec so far
Iteration 2093755: max diff=0.000000, 3377.70 sec so far
Iteration 2096569: max diff=0.000000, 3382.70 sec so far
Iteration 2099397: max diff=0.000000, 3387.71 sec so far
Iteration 2102210: max diff=0.000000, 3392.71 sec so far
Iteration 2105037: max diff=0.000000, 3397.72 sec so far
Iteration 2107877: max diff=0.000000, 3402.72 sec so far
Iteration 2110695: max diff=0.000000, 3407.72 sec so far
Iteration 2113539: max diff=0.000000, 3412.73 sec so far
Iteration 2116377: max diff=0.000000, 3417.73 sec so far
Iteration 2119181: max diff=0.000000, 3422.74 sec so far
Iteration 2122009: max diff=0.000000, 3427.74 sec so far
Iteration 2124843: max diff=0.000000, 3432.74 sec so far
Iteration 2127676: max diff=0.000000, 3437.75 sec so far
Iteration 2130503: max diff=0.000000, 3442.75 sec so far
Iteration 2133334: max diff=0.000000, 3447.76 sec so far
Iteration 2136153: max diff=0.000000, 3452.76 sec so far
Iteration 2138971: max diff=0.000000, 3457.76 sec so far
Iteration 2141815: max diff=0.000000, 3462.77 sec so far
Iteration 2144639: max diff=0.000000, 3467.77 sec so far
Iteration 2147491: max diff=0.000000, 3472.78 sec so far
Iteration 2150328: max diff=0.000000, 3477.78 sec so far
Iteration 2153178: max diff=0.000000, 3482.78 sec so far
Iteration 2156011: max diff=0.000000, 3487.79 sec so far
Iteration 2158771: max diff=0.000000, 3492.79 sec so far
Iteration 2161558: max diff=0.000000, 3497.80 sec so far
Iteration 2164196: max diff=0.000000, 3502.80 sec so far
Iteration 2166734: max diff=0.000000, 3507.80 sec so far
Iteration 2169486: max diff=0.000000, 3512.81 sec so far
Iteration 2172292: max diff=0.000000, 3517.81 sec so far
Iteration 2175043: max diff=0.000000, 3522.82 sec so far
Iteration 2177867: max diff=0.000000, 3527.82 sec so far
Iteration 2180692: max diff=0.000000, 3532.82 sec so far
Iteration 2183370: max diff=0.000000, 3537.83 sec so far
Iteration 2186188: max diff=0.000000, 3542.83 sec so far
Iteration 2189008: max diff=0.000000, 3547.84 sec so far
Iteration 2191837: max diff=0.000000, 3552.84 sec so far
Iteration 2194688: max diff=0.000000, 3557.84 sec so far
Iteration 2197522: max diff=0.000000, 3562.85 sec so far
Iteration 2200220: max diff=0.000000, 3567.85 sec so far
Iteration 2203041: max diff=0.000000, 3572.86 sec so far
Iteration 2205870: max diff=0.000000, 3577.86 sec so far
Iteration 2208700: max diff=0.000000, 3582.86 sec so far
Iteration 2211370: max diff=0.000000, 3587.87 sec so far
Iteration 2214193: max diff=0.000000, 3592.87 sec so far
Iteration 2217003: max diff=0.000000, 3597.88 sec so far
Iteration 2219822: max diff=0.000000, 3602.88 sec so far
Iteration 2222640: max diff=0.000000, 3607.88 sec so far
Iteration 2225437: max diff=0.000000, 3612.89 sec so far
Iteration 2228248: max diff=0.000000, 3617.89 sec so far
Iteration 2231027: max diff=0.000000, 3622.90 sec so far
Iteration 2233833: max diff=0.000000, 3627.90 sec so far
Iteration 2236629: max diff=0.000000, 3632.90 sec so far
Iteration 2239453: max diff=0.000000, 3637.91 sec so far
Iteration 2242182: max diff=0.000000, 3642.91 sec so far
Iteration 2244951: max diff=0.000000, 3647.92 sec so far
Iteration 2247496: max diff=0.000000, 3652.92 sec so far
Iteration 2250075: max diff=0.000000, 3657.92 sec so far
Iteration 2252891: max diff=0.000000, 3662.93 sec so far
Iteration 2255686: max diff=0.000000, 3667.93 sec so far
Iteration 2258417: max diff=0.000000, 3672.94 sec so far
Iteration 2261213: max diff=0.000000, 3677.94 sec so far
Iteration 2264021: max diff=0.000000, 3682.94 sec so far
Iteration 2266868: max diff=0.000000, 3687.95 sec so far
Iteration 2269674: max diff=0.000000, 3692.95 sec so far
Iteration 2272481: max diff=0.000000, 3697.96 sec so far
Iteration 2275292: max diff=0.000000, 3702.96 sec so far
Iteration 2278045: max diff=0.000000, 3707.96 sec so far
Iteration 2280800: max diff=0.000000, 3712.97 sec so far
Iteration 2283598: max diff=0.000000, 3717.97 sec so far
Iteration 2286437: max diff=0.000000, 3722.98 sec so far
Iteration 2289262: max diff=0.000000, 3727.98 sec so far
Iteration 2292092: max diff=0.000000, 3732.98 sec so far
Iteration 2294931: max diff=0.000000, 3737.99 sec so far
Iteration 2297659: max diff=0.000000, 3742.99 sec so far
Iteration 2300463: max diff=0.000000, 3748.00 sec so far
Iteration 2303295: max diff=0.000000, 3753.00 sec so far
Iteration 2306117: max diff=0.000000, 3758.00 sec so far
Iteration 2308947: max diff=0.000000, 3763.01 sec so far
Iteration 2311789: max diff=0.000000, 3768.01 sec so far
Iteration 2314449: max diff=0.000000, 3773.02 sec so far
Iteration 2317121: max diff=0.000000, 3778.02 sec so far
Iteration 2319800: max diff=0.000000, 3783.02 sec so far
Iteration 2322487: max diff=0.000000, 3788.03 sec so far
Iteration 2325282: max diff=0.000000, 3793.03 sec so far
Iteration 2328115: max diff=0.000000, 3798.04 sec so far
Iteration 2330946: max diff=0.000000, 3803.04 sec so far
Iteration 2333775: max diff=0.000000, 3808.04 sec so far
Iteration 2336601: max diff=0.000000, 3813.05 sec so far
Iteration 2339474: max diff=0.000000, 3818.05 sec so far
Iteration 2342309: max diff=0.000000, 3823.06 sec so far
Iteration 2345136: max diff=0.000000, 3828.06 sec so far
Iteration 2347997: max diff=0.000000, 3833.06 sec so far
Iteration 2350842: max diff=0.000000, 3838.07 sec so far
Iteration 2353652: max diff=0.000000, 3843.07 sec so far
Iteration 2356491: max diff=0.000000, 3848.08 sec so far
Iteration 2359350: max diff=0.000000, 3853.08 sec so far
Iteration 2362169: max diff=0.000000, 3858.08 sec so far
Iteration 2365003: max diff=0.000000, 3863.09 sec so far
Iteration 2367847: max diff=0.000000, 3868.09 sec so far
Iteration 2370627: max diff=0.000000, 3873.10 sec so far
Iteration 2373452: max diff=0.000000, 3878.10 sec so far
Iteration 2376288: max diff=0.000000, 3883.10 sec so far
Iteration 2379124: max diff=0.000000, 3888.11 sec so far
Iteration 2381933: max diff=0.000000, 3893.11 sec so far
Iteration 2384687: max diff=0.000000, 3898.12 sec so far
Iteration 2387501: max diff=0.000000, 3903.12 sec so far
Iteration 2390320: max diff=0.000000, 3908.12 sec so far
Iteration 2393148: max diff=0.000000, 3913.13 sec so far
Iteration 2395976: max diff=0.000000, 3918.13 sec so far
Iteration 2398781: max diff=0.000000, 3923.14 sec so far
Iteration 2401611: max diff=0.000000, 3928.14 sec so far
Iteration 2404449: max diff=0.000000, 3933.14 sec so far
Iteration 2407203: max diff=0.000000, 3938.15 sec so far
Iteration 2409986: max diff=0.000000, 3943.15 sec so far
Iteration 2412823: max diff=0.000000, 3948.16 sec so far
Iteration 2415633: max diff=0.000000, 3953.16 sec so far
Iteration 2418428: max diff=0.000000, 3958.16 sec so far
Iteration 2421260: max diff=0.000000, 3963.17 sec so far
Iteration 2424079: max diff=0.000000, 3968.17 sec so far
Iteration 2426893: max diff=0.000000, 3973.18 sec so far
Iteration 2429627: max diff=0.000000, 3978.18 sec so far
Iteration 2432331: max diff=0.000000, 3983.18 sec so far
Iteration 2435121: max diff=0.000000, 3988.19 sec so far
Iteration 2437957: max diff=0.000000, 3993.19 sec so far
Iteration 2440767: max diff=0.000000, 3998.20 sec so far
Iteration 2443325: max diff=0.000000, 4003.20 sec so far
Iteration 2445894: max diff=0.000000, 4008.20 sec so far
Iteration 2448734: max diff=0.000000, 4013.21 sec so far
Iteration 2451564: max diff=0.000000, 4018.21 sec so far
Iteration 2454373: max diff=0.000000, 4023.22 sec so far
Iteration 2457189: max diff=0.000000, 4028.22 sec so far
Iteration 2460025: max diff=0.000000, 4033.22 sec so far
Iteration 2462841: max diff=0.000000, 4038.23 sec so far
Iteration 2465683: max diff=0.000000, 4043.23 sec so far
Iteration 2468504: max diff=0.000000, 4048.24 sec so far
Iteration 2471350: max diff=0.000000, 4053.24 sec so far
Iteration 2474165: max diff=0.000000, 4058.24 sec so far
Iteration 2477029: max diff=0.000000, 4063.25 sec so far
Iteration 2479850: max diff=0.000000, 4068.25 sec so far
Iteration 2482659: max diff=0.000000, 4073.26 sec so far
Iteration 2485507: max diff=0.000000, 4078.26 sec so far
Iteration 2488336: max diff=0.000000, 4083.26 sec so far
Iteration 2490987: max diff=0.000000, 4088.27 sec so far
Iteration 2493810: max diff=0.000000, 4093.27 sec so far
Iteration 2496631: max diff=0.000000, 4098.28 sec so far
Iteration 2499450: max diff=0.000000, 4103.28 sec so far
Iteration 2502302: max diff=0.000000, 4108.28 sec so far
Iteration 2505142: max diff=0.000000, 4113.29 sec so far
Iteration 2507923: max diff=0.000000, 4118.29 sec so far
Iteration 2510776: max diff=0.000000, 4123.30 sec so far
Iteration 2513623: max diff=0.000000, 4128.30 sec so far
Iteration 2516431: max diff=0.000000, 4133.30 sec so far
Iteration 2519204: max diff=0.000000, 4138.31 sec so far
Iteration 2522061: max diff=0.000000, 4143.31 sec so far
Iteration 2524899: max diff=0.000000, 4148.32 sec so far
Iteration 2527722: max diff=0.000000, 4153.32 sec so far
Iteration 2530552: max diff=0.000000, 4158.32 sec so far
Iteration 2533386: max diff=0.000000, 4163.33 sec so far
Iteration 2536201: max diff=0.000000, 4168.33 sec so far
Iteration 2539040: max diff=0.000000, 4173.34 sec so far
Iteration 2541873: max diff=0.000000, 4178.34 sec so far
Iteration 2544686: max diff=0.000000, 4183.34 sec so far
Iteration 2547411: max diff=0.000000, 4188.35 sec so far
Iteration 2550229: max diff=0.000000, 4193.35 sec so far
Iteration 2553026: max diff=0.000000, 4198.36 sec so far
Iteration 2555843: max diff=0.000000, 4203.36 sec so far
Iteration 2558673: max diff=0.000000, 4208.36 sec so far
Iteration 2561487: max diff=0.000000, 4213.37 sec so far
Iteration 2564298: max diff=0.000000, 4218.37 sec so far
Iteration 2567140: max diff=0.000000, 4223.38 sec so far
Iteration 2569971: max diff=0.000000, 4228.38 sec so far
Iteration 2572773: max diff=0.000000, 4233.38 sec so far
Iteration 2575570: max diff=0.000000, 4238.39 sec so far
Iteration 2578262: max diff=0.000000, 4243.39 sec so far
Iteration 2581066: max diff=0.000000, 4248.40 sec so far
Iteration 2583885: max diff=0.000000, 4253.40 sec so far
Iteration 2586680: max diff=0.000000, 4258.40 sec so far
Iteration 2589486: max diff=0.000000, 4263.41 sec so far
Iteration 2592325: max diff=0.000000, 4268.41 sec so far
Iteration 2595141: max diff=0.000000, 4273.42 sec so far
Iteration 2597961: max diff=0.000000, 4278.42 sec so far
Iteration 2600753: max diff=0.000000, 4283.42 sec so far
Iteration 2603563: max diff=0.000000, 4288.43 sec so far
Iteration 2606346: max diff=0.000000, 4293.43 sec so far
Iteration 2609156: max diff=0.000000, 4298.44 sec so far
Iteration 2611956: max diff=0.000000, 4303.44 sec so far
Iteration 2614802: max diff=0.000000, 4308.44 sec so far
Iteration 2617624: max diff=0.000000, 4313.45 sec so far
Iteration 2620470: max diff=0.000000, 4318.45 sec so far
Iteration 2623322: max diff=0.000000, 4323.46 sec so far
Iteration 2626148: max diff=0.000000, 4328.46 sec so far
Iteration 2628959: max diff=0.000000, 4333.46 sec so far
Iteration 2631737: max diff=0.000000, 4338.47 sec so far
Iteration 2634584: max diff=0.000000, 4343.47 sec so far
Iteration 2637415: max diff=0.000000, 4348.48 sec so far
Iteration 2640267: max diff=0.000000, 4353.48 sec so far
Iteration 2643089: max diff=0.000000, 4358.48 sec so far
Iteration 2645954: max diff=0.000000, 4363.49 sec so far
Iteration 2648798: max diff=0.000000, 4368.49 sec so far
Iteration 2651638: max diff=0.000000, 4373.50 sec so far
Iteration 2654481: max diff=0.000000, 4378.50 sec so far
Iteration 2657299: max diff=0.000000, 4383.50 sec so far
Iteration 2660132: max diff=0.000000, 4388.51 sec so far
Iteration 2662964: max diff=0.000000, 4393.51 sec so far
Iteration 2665792: max diff=0.000000, 4398.52 sec so far
Iteration 2668609: max diff=0.000000, 4403.52 sec so far
Iteration 2671459: max diff=0.000000, 4408.52 sec so far
Iteration 2674234: max diff=0.000000, 4413.53 sec so far
Iteration 2677047: max diff=0.000000, 4418.53 sec so far
Iteration 2679881: max diff=0.000000, 4423.54 sec so far
Iteration 2682742: max diff=0.000000, 4428.54 sec so far
Iteration 2685573: max diff=0.000000, 4433.54 sec so far
Iteration 2688403: max diff=0.000000, 4438.55 sec so far
Iteration 2691258: max diff=0.000000, 4443.55 sec so far
Iteration 2694070: max diff=0.000000, 4448.56 sec so far
Iteration 2696888: max diff=0.000000, 4453.56 sec so far
Iteration 2699987: max diff=0.000000, 4458.56 sec so far
Iteration 2703220: max diff=0.000000, 4463.57 sec so far
Iteration 2706450: max diff=0.000000, 4468.57 sec so far
Iteration 2709684: max diff=0.000000, 4473.58 sec so far
Iteration 2712908: max diff=0.000000, 4478.58 sec so far
Iteration 2716131: max diff=0.000000, 4483.58 sec so far
Iteration 2719367: max diff=0.000000, 4488.59 sec so far
Iteration 2722594: max diff=0.000000, 4493.59 sec so far
Iteration 2725822: max diff=0.000000, 4498.60 sec so far
Iteration 2729065: max diff=0.000000, 4503.60 sec so far
Iteration 2732311: max diff=0.000000, 4508.60 sec so far
Iteration 2735554: max diff=0.000000, 4513.61 sec so far
Iteration 2738778: max diff=0.000000, 4518.61 sec so far
Iteration 2742007: max diff=0.000000, 4523.62 sec so far
Iteration 2745240: max diff=0.000000, 4528.62 sec so far
Iteration 2748465: max diff=0.000000, 4533.62 sec so far
Iteration 2751699: max diff=0.000000, 4538.63 sec so far
Iteration 2754935: max diff=0.000000, 4543.63 sec so far
Iteration 2758168: max diff=0.000000, 4548.64 sec so far
Iteration 2761397: max diff=0.000000, 4553.64 sec so far
Iteration 2764618: max diff=0.000000, 4558.64 sec so far
Iteration 2767840: max diff=0.000000, 4563.65 sec so far
Iteration 2771079: max diff=0.000000, 4568.65 sec so far
Iteration 2774312: max diff=0.000000, 4573.66 sec so far
Iteration 2777538: max diff=0.000000, 4578.66 sec so far
Iteration 2780764: max diff=0.000000, 4583.66 sec so far
Iteration 2784001: max diff=0.000000, 4588.67 sec so far
Iteration 2787206: max diff=0.000000, 4593.67 sec so far
Iteration 2790404: max diff=0.000000, 4598.68 sec so far
Iteration 2793614: max diff=0.000000, 4603.68 sec so far
Iteration 2796812: max diff=0.000000, 4608.68 sec so far
Iteration 2800018: max diff=0.000000, 4613.69 sec so far
Iteration 2803263: max diff=0.000000, 4618.69 sec so far
Iteration 2806508: max diff=0.000000, 4623.70 sec so far
Iteration 2809764: max diff=0.000000, 4628.70 sec so far
Iteration 2813006: max diff=0.000000, 4633.70 sec so far
Iteration 2816249: max diff=0.000000, 4638.71 sec so far
Iteration 2819482: max diff=0.000000, 4643.71 sec so far
Iteration 2822716: max diff=0.000000, 4648.72 sec so far
Iteration 2825956: max diff=0.000000, 4653.72 sec so far
Iteration 2829192: max diff=0.000000, 4658.72 sec so far
Iteration 2832430: max diff=0.000000, 4663.73 sec so far
Iteration 2835679: max diff=0.000000, 4668.73 sec so far
Iteration 2838913: max diff=0.000000, 4673.74 sec so far
Iteration 2842153: max diff=0.000000, 4678.74 sec so far
Iteration 2845402: max diff=0.000000, 4683.74 sec so far
Iteration 2848637: max diff=0.000000, 4688.75 sec so far
Iteration 2851875: max diff=0.000000, 4693.75 sec so far
Iteration 2855119: max diff=0.000000, 4698.76 sec so far
Iteration 2858356: max diff=0.000000, 4703.76 sec so far
Iteration 2861600: max diff=0.000000, 4708.76 sec so far
Iteration 2864850: max diff=0.000000, 4713.77 sec so far
Iteration 2868106: max diff=0.000000, 4718.77 sec so far
Iteration 2871342: max diff=0.000000, 4723.78 sec so far
Iteration 2874572: max diff=0.000000, 4728.78 sec so far
Iteration 2877837: max diff=0.000000, 4733.78 sec so far
Iteration 2881080: max diff=0.000000, 4738.79 sec so far
Iteration 2884321: max diff=0.000000, 4743.79 sec so far
Iteration 2887570: max diff=0.000000, 4748.80 sec so far
Iteration 2890820: max diff=0.000000, 4753.80 sec so far
Iteration 2894052: max diff=0.000000, 4758.80 sec so far
Iteration 2897282: max diff=0.000000, 4763.81 sec so far
Iteration 2900521: max diff=0.000000, 4768.81 sec so far
Iteration 2903758: max diff=0.000000, 4773.82 sec so far
Iteration 2906994: max diff=0.000000, 4778.82 sec so far
Iteration 2910243: max diff=0.000000, 4783.82 sec so far
Iteration 2913475: max diff=0.000000, 4788.83 sec so far
Iteration 2916699: max diff=0.000000, 4793.83 sec so far
Iteration 2919927: max diff=0.000000, 4798.84 sec so far
Iteration 2923162: max diff=0.000000, 4803.84 sec so far
Iteration 2926396: max diff=0.000000, 4808.84 sec so far
Iteration 2929650: max diff=0.000000, 4813.85 sec so far
Iteration 2932873: max diff=0.000000, 4818.85 sec so far
Iteration 2936106: max diff=0.000000, 4823.86 sec so far
Iteration 2939327: max diff=0.000000, 4828.86 sec so far
Iteration 2942586: max diff=0.000000, 4833.86 sec so far
Iteration 2945822: max diff=0.000000, 4838.87 sec so far
Iteration 2949031: max diff=0.000000, 4843.87 sec so far
Iteration 2952257: max diff=0.000000, 4848.88 sec so far
Iteration 2955477: max diff=0.000000, 4853.88 sec so far
Iteration 2958682: max diff=0.000000, 4858.88 sec so far
Iteration 2961915: max diff=0.000000, 4863.89 sec so far
Iteration 2965124: max diff=0.000000, 4868.89 sec so far
Iteration 2968342: max diff=0.000000, 4873.90 sec so far
Iteration 2971567: max diff=0.000000, 4878.90 sec so far
Iteration 2974789: max diff=0.000000, 4883.90 sec so far
Iteration 2978016: max diff=0.000000, 4888.91 sec so far
Iteration 2981244: max diff=0.000000, 4893.91 sec so far
Iteration 2984476: max diff=0.000000, 4898.92 sec so far
Iteration 2987685: max diff=0.000000, 4903.92 sec so far
Iteration 2990923: max diff=0.000000, 4908.92 sec so far
Iteration 2994160: max diff=0.000000, 4913.93 sec so far
Iteration 2997399: max diff=0.000000, 4918.93 sec so far
Iteration 3000626: max diff=0.000000, 4923.94 sec so far
Iteration 3003842: max diff=0.000000, 4928.94 sec so far
Iteration 3007074: max diff=0.000000, 4933.94 sec so far
Iteration 3010291: max diff=0.000000, 4938.95 sec so far
Iteration 3013521: max diff=0.000000, 4943.95 sec so far
Iteration 3016761: max diff=0.000000, 4948.96 sec so far
Iteration 3020000: max diff=0.000000, 4953.96 sec so far
Iteration 3023247: max diff=0.000000, 4958.96 sec so far
Iteration 3026486: max diff=0.000000, 4963.97 sec so far
Iteration 3029716: max diff=0.000000, 4968.97 sec so far
Iteration 3032971: max diff=0.000000, 4973.98 sec so far
Iteration 3036209: max diff=0.000000, 4978.98 sec so far
Iteration 3039443: max diff=0.000000, 4983.98 sec so far
Iteration 3042677: max diff=0.000000, 4988.99 sec so far
Iteration 3045913: max diff=0.000000, 4993.99 sec so far
Iteration 3049148: max diff=0.000000, 4999.00 sec so far
Iteration 3052386: max diff=0.000000, 5004.00 sec so far
Iteration 3055638: max diff=0.000000, 5009.00 sec so far
Iteration 3058881: max diff=0.000000, 5014.01 sec so far
Iteration 3062114: max diff=0.000000, 5019.01 sec so far
Iteration 3065363: max diff=0.000000, 5024.02 sec so far
Iteration 3068592: max diff=0.000000, 5029.02 sec so far
Iteration 3071832: max diff=0.000000, 5034.02 sec so far
Iteration 3075086: max diff=0.000000, 5039.03 sec so far
Iteration 3078327: max diff=0.000000, 5044.03 sec so far
Iteration 3081559: max diff=0.000000, 5049.04 sec so far
Iteration 3084805: max diff=0.000000, 5054.04 sec so far
Iteration 3088045: max diff=0.000000, 5059.04 sec so far
Iteration 3091273: max diff=0.000000, 5064.05 sec so far
Iteration 3094487: max diff=0.000000, 5069.05 sec so far
Iteration 3097721: max diff=0.000000, 5074.06 sec so far
Iteration 3100933: max diff=0.000000, 5079.06 sec so far
Iteration 3104144: max diff=0.000000, 5084.06 sec so far
Iteration 3107371: max diff=0.000000, 5089.07 sec so far
Iteration 3110611: max diff=0.000000, 5094.07 sec so far
Iteration 3113867: max diff=0.000000, 5099.08 sec so far
Iteration 3117088: max diff=0.000000, 5104.08 sec so far
Iteration 3120288: max diff=0.000000, 5109.08 sec so far
Iteration 3123507: max diff=0.000000, 5114.09 sec so far
Iteration 3126710: max diff=0.000000, 5119.09 sec so far
Iteration 3129922: max diff=0.000000, 5124.10 sec so far
Iteration 3133125: max diff=0.000000, 5129.10 sec so far
Iteration 3136351: max diff=0.000000, 5134.10 sec so far
Iteration 3139566: max diff=0.000000, 5139.11 sec so far
Iteration 3142778: max diff=0.000000, 5144.11 sec so far
Iteration 3145998: max diff=0.000000, 5149.12 sec so far
Iteration 3149229: max diff=0.000000, 5154.12 sec so far
Iteration 3152439: max diff=0.000000, 5159.12 sec so far
Iteration 3155646: max diff=0.000000, 5164.13 sec so far
Iteration 3158887: max diff=0.000000, 5169.13 sec so far
Iteration 3162133: max diff=0.000000, 5174.14 sec so far
Iteration 3165348: max diff=0.000000, 5179.14 sec so far
Iteration 3168567: max diff=0.000000, 5184.14 sec so far
Iteration 3171801: max diff=0.000000, 5189.15 sec so far
Iteration 3175017: max diff=0.000000, 5194.15 sec so far
Iteration 3178231: max diff=0.000000, 5199.16 sec so far
Iteration 3181461: max diff=0.000000, 5204.16 sec so far
Iteration 3184670: max diff=0.000000, 5209.16 sec so far
Iteration 3187869: max diff=0.000000, 5214.17 sec so far
Iteration 3191089: max diff=0.000000, 5219.17 sec so far
Iteration 3194293: max diff=0.000000, 5224.18 sec so far
Iteration 3197487: max diff=0.000000, 5229.18 sec so far
Iteration 3200691: max diff=0.000000, 5234.18 sec so far
Iteration 3203895: max diff=0.000000, 5239.19 sec so far
Iteration 3206982: max diff=0.000000, 5244.19 sec so far
Iteration 3210189: max diff=0.000000, 5249.20 sec so far
Iteration 3213421: max diff=0.000000, 5254.20 sec so far
Iteration 3216642: max diff=0.000000, 5259.20 sec so far
Iteration 3219872: max diff=0.000000, 5264.21 sec so far
Iteration 3223091: max diff=0.000000, 5269.21 sec so far
Iteration 3226310: max diff=0.000000, 5274.22 sec so far
Iteration 3229533: max diff=0.000000, 5279.22 sec so far
Iteration 3232746: max diff=0.000000, 5284.22 sec so far
Iteration 3235938: max diff=0.000000, 5289.23 sec so far
Iteration 3239178: max diff=0.000000, 5294.23 sec so far
Iteration 3242409: max diff=0.000000, 5299.24 sec so far
Iteration 3245612: max diff=0.000000, 5304.24 sec so far
Iteration 3248832: max diff=0.000000, 5309.24 sec so far
Iteration 3252060: max diff=0.000000, 5314.25 sec so far
Iteration 3255271: max diff=0.000000, 5319.25 sec so far
Iteration 3258487: max diff=0.000000, 5324.26 sec so far
Iteration 3261696: max diff=0.000000, 5329.26 sec so far
Iteration 3264928: max diff=0.000000, 5334.26 sec so far
Iteration 3268150: max diff=0.000000, 5339.27 sec so far
Iteration 3271366: max diff=0.000000, 5344.27 sec so far
Iteration 3274576: max diff=0.000000, 5349.28 sec so far
Iteration 3277780: max diff=0.000000, 5354.28 sec so far
Iteration 3281013: max diff=0.000000, 5359.28 sec so far
Iteration 3284229: max diff=0.000000, 5364.29 sec so far
Iteration 3287449: max diff=0.000000, 5369.29 sec so far
Iteration 3290673: max diff=0.000000, 5374.30 sec so far
Iteration 3293878: max diff=0.000000, 5379.30 sec so far
Iteration 3297109: max diff=0.000000, 5384.30 sec so far
Iteration 3300318: max diff=0.000000, 5389.31 sec so far
Iteration 3303539: max diff=0.000000, 5394.31 sec so far
Iteration 3306751: max diff=0.000000, 5399.32 sec so far
Iteration 3309973: max diff=0.000000, 5404.32 sec so far
Iteration 3313199: max diff=0.000000, 5409.32 sec so far
Iteration 3316329: max diff=0.000000, 5414.33 sec so far
Iteration 3319491: max diff=0.000000, 5419.33 sec so far
Iteration 3322646: max diff=0.000000, 5424.34 sec so far
Iteration 3325802: max diff=0.000000, 5429.34 sec so far
Iteration 3328964: max diff=0.000000, 5434.34 sec so far
Iteration 3332098: max diff=0.000000, 5439.35 sec so far
Iteration 3335243: max diff=0.000000, 5444.35 sec so far
Iteration 3338463: max diff=0.000000, 5449.36 sec so far
Iteration 3341701: max diff=0.000000, 5454.36 sec so far
Iteration 3344953: max diff=0.000000, 5459.36 sec so far
Iteration 3348172: max diff=0.000000, 5464.37 sec so far
Iteration 3351321: max diff=0.000000, 5469.37 sec so far
Iteration 3354472: max diff=0.000000, 5474.38 sec so far
Iteration 3357592: max diff=0.000000, 5479.38 sec so far
Iteration 3360712: max diff=0.000000, 5484.38 sec so far
Iteration 3363888: max diff=0.000000, 5489.39 sec so far
Iteration 3367054: max diff=0.000000, 5494.39 sec so far
Iteration 3370231: max diff=0.000000, 5499.40 sec so far
Iteration 3373413: max diff=0.000000, 5504.40 sec so far
Iteration 3376626: max diff=0.000000, 5509.40 sec so far
Iteration 3379853: max diff=0.000000, 5514.41 sec so far
Iteration 3383078: max diff=0.000000, 5519.41 sec so far
Iteration 3386282: max diff=0.000000, 5524.42 sec so far
Iteration 3389522: max diff=0.000000, 5529.42 sec so far
Iteration 3392765: max diff=0.000000, 5534.42 sec so far
Iteration 3395961: max diff=0.000000, 5539.43 sec so far
Iteration 3399139: max diff=0.000000, 5544.43 sec so far
Iteration 3402337: max diff=0.000000, 5549.44 sec so far
Iteration 3405539: max diff=0.000000, 5554.44 sec so far
Iteration 3408744: max diff=0.000000, 5559.44 sec so far
Iteration 3411923: max diff=0.000000, 5564.45 sec so far
Iteration 3415127: max diff=0.000000, 5569.45 sec so far
Iteration 3418219: max diff=0.000000, 5574.46 sec so far
Iteration 3421374: max diff=0.000000, 5579.46 sec so far
Iteration 3424498: max diff=0.000000, 5584.46 sec so far
Iteration 3427633: max diff=0.000000, 5589.47 sec so far
Iteration 3430758: max diff=0.000000, 5594.47 sec so far
Iteration 3433891: max diff=0.000000, 5599.48 sec so far
Iteration 3437048: max diff=0.000000, 5604.48 sec so far
Iteration 3440193: max diff=0.000000, 5609.48 sec so far
Iteration 3443313: max diff=0.000000, 5614.49 sec so far
Iteration 3446436: max diff=0.000000, 5619.49 sec so far
Iteration 3449579: max diff=0.000000, 5624.50 sec so far
Iteration 3452703: max diff=0.000000, 5629.50 sec so far
Iteration 3455831: max diff=0.000000, 5634.50 sec so far
Iteration 3458921: max diff=0.000000, 5639.51 sec so far
Iteration 3462065: max diff=0.000000, 5644.51 sec so far
Iteration 3465198: max diff=0.000000, 5649.52 sec so far
Iteration 3468203: max diff=0.000000, 5654.52 sec so far
Iteration 3470683: max diff=0.000000, 5659.52 sec so far
Iteration 3473449: max diff=0.000000, 5664.53 sec so far
Iteration 3476246: max diff=0.000000, 5669.53 sec so far
Iteration 3479048: max diff=0.000000, 5674.54 sec so far
Iteration 3481930: max diff=0.000000, 5679.54 sec so far
Iteration 3484728: max diff=0.000000, 5684.54 sec so far
Iteration 3487470: max diff=0.000000, 5689.55 sec so far
Iteration 3490339: max diff=0.000000, 5694.55 sec so far
Iteration 3493210: max diff=0.000000, 5699.56 sec so far
Iteration 3496040: max diff=0.000000, 5704.56 sec so far
Iteration 3498911: max diff=0.000000, 5709.56 sec so far
Iteration 3501779: max diff=0.000000, 5714.57 sec so far
Iteration 3504141: max diff=0.000000, 5719.57 sec so far
Iteration 3507013: max diff=0.000000, 5724.58 sec so far
Iteration 3509892: max diff=0.000000, 5729.58 sec so far
Iteration 3512762: max diff=0.000000, 5734.58 sec so far
Iteration 3515592: max diff=0.000000, 5739.59 sec so far
Iteration 3518460: max diff=0.000000, 5744.59 sec so far
Iteration 3521325: max diff=0.000000, 5749.60 sec so far
Iteration 3524162: max diff=0.000000, 5754.60 sec so far
Iteration 3527046: max diff=0.000000, 5759.60 sec so far
Iteration 3529722: max diff=0.000000, 5764.61 sec so far
Iteration 3532556: max diff=0.000000, 5769.61 sec so far
Iteration 3535410: max diff=0.000000, 5774.62 sec so far
Iteration 3538198: max diff=0.000000, 5779.62 sec so far
Iteration 3541037: max diff=0.000000, 5784.62 sec so far
Iteration 3543653: max diff=0.000000, 5789.63 sec so far
Iteration 3546268: max diff=0.000000, 5794.63 sec so far
Iteration 3549005: max diff=0.000000, 5799.64 sec so far
Iteration 3551844: max diff=0.000000, 5804.64 sec so far
Iteration 3554650: max diff=0.000000, 5809.64 sec so far
Iteration 3556964: max diff=0.000000, 5814.65 sec so far
Iteration 3559842: max diff=0.000000, 5819.65 sec so far
Iteration 3562696: max diff=0.000000, 5824.66 sec so far
Iteration 3565535: max diff=0.000000, 5829.66 sec so far
Iteration 3568369: max diff=0.000000, 5834.66 sec so far
Iteration 3571240: max diff=0.000000, 5839.67 sec so far
Iteration 3574086: max diff=0.000000, 5844.67 sec so far
Iteration 3576920: max diff=0.000000, 5849.68 sec so far
Iteration 3579781: max diff=0.000000, 5854.68 sec so far
Iteration 3582578: max diff=0.000000, 5859.68 sec so far
Iteration 3585461: max diff=0.000000, 5864.69 sec so far
Iteration 3588325: max diff=0.000000, 5869.69 sec so far
Iteration 3591165: max diff=0.000000, 5874.70 sec so far
Iteration 3594029: max diff=0.000000, 5879.70 sec so far
Iteration 3596859: max diff=0.000000, 5884.70 sec so far
Iteration 3599704: max diff=0.000000, 5889.71 sec so far
Iteration 3602551: max diff=0.000000, 5894.71 sec so far
Iteration 3605309: max diff=0.000000, 5899.72 sec so far
Iteration 3608179: max diff=0.000000, 5904.72 sec so far
Iteration 3611021: max diff=0.000000, 5909.72 sec so far
Iteration 3613843: max diff=0.000000, 5914.73 sec so far
Iteration 3616677: max diff=0.000000, 5919.73 sec so far
Iteration 3619420: max diff=0.000000, 5924.74 sec so far
Iteration 3622270: max diff=0.000000, 5929.74 sec so far
Iteration 3625146: max diff=0.000000, 5934.74 sec so far
Iteration 3628048: max diff=0.000000, 5939.75 sec so far
Iteration 3630945: max diff=0.000000, 5944.75 sec so far
Iteration 3633809: max diff=0.000000, 5949.76 sec so far
Iteration 3636703: max diff=0.000000, 5954.76 sec so far
Iteration 3639607: max diff=0.000000, 5959.76 sec so far
Iteration 3642502: max diff=0.000000, 5964.77 sec so far
Iteration 3645375: max diff=0.000000, 5969.77 sec so far
Iteration 3648240: max diff=0.000000, 5974.78 sec so far
Iteration 3651161: max diff=0.000000, 5979.78 sec so far
Iteration 3654064: max diff=0.000000, 5984.78 sec so far
Iteration 3656946: max diff=0.000000, 5989.79 sec so far
Iteration 3659819: max diff=0.000000, 5994.79 sec so far
Iteration 3662706: max diff=0.000000, 5999.80 sec so far
Iteration 3665605: max diff=0.000000, 6004.80 sec so far
Iteration 3668499: max diff=0.000000, 6009.80 sec so far
Iteration 3671381: max diff=0.000000, 6014.81 sec so far
Iteration 3674256: max diff=0.000000, 6019.81 sec so far
Iteration 3677139: max diff=0.000000, 6024.82 sec so far
Iteration 3680003: max diff=0.000000, 6029.82 sec so far
Iteration 3682888: max diff=0.000000, 6034.82 sec so far
Iteration 3685774: max diff=0.000000, 6039.83 sec so far
Iteration 3688649: max diff=0.000000, 6044.83 sec so far
Iteration 3691532: max diff=0.000000, 6049.84 sec so far
Iteration 3694300: max diff=0.000000, 6054.84 sec so far
Iteration 3697163: max diff=0.000000, 6059.84 sec so far
Iteration 3700048: max diff=0.000000, 6064.85 sec so far
Iteration 3702885: max diff=0.000000, 6069.85 sec so far
Iteration 3705706: max diff=0.000000, 6074.86 sec so far
Iteration 3708595: max diff=0.000000, 6079.86 sec so far
Iteration 3711469: max diff=0.000000, 6084.86 sec so far
Iteration 3714308: max diff=0.000000, 6089.87 sec so far
Iteration 3717168: max diff=0.000000, 6094.87 sec so far
Iteration 3720041: max diff=0.000000, 6099.88 sec so far
Iteration 3722900: max diff=0.000000, 6104.88 sec so far
Iteration 3725790: max diff=0.000000, 6109.88 sec so far
Iteration 3728684: max diff=0.000000, 6114.89 sec so far
Iteration 3731578: max diff=0.000000, 6119.89 sec so far
Iteration 3734449: max diff=0.000000, 6124.90 sec so far
Iteration 3737357: max diff=0.000000, 6129.90 sec so far
Iteration 3740269: max diff=0.000000, 6134.90 sec so far
Iteration 3743150: max diff=0.000000, 6139.91 sec so far
Iteration 3746082: max diff=0.000000, 6144.91 sec so far
Iteration 3748978: max diff=0.000000, 6149.92 sec so far
Iteration 3751878: max diff=0.000000, 6154.92 sec so far
Iteration 3754780: max diff=0.000000, 6159.92 sec so far
Iteration 3757667: max diff=0.000000, 6164.93 sec so far
Iteration 3760541: max diff=0.000000, 6169.93 sec so far
Iteration 3763432: max diff=0.000000, 6174.94 sec so far
Iteration 3766342: max diff=0.000000, 6179.94 sec so far
Iteration 3769233: max diff=0.000000, 6184.94 sec so far
Iteration 3772123: max diff=0.000000, 6189.95 sec so far
Iteration 3775041: max diff=0.000000, 6194.95 sec so far
Iteration 3777929: max diff=0.000000, 6199.96 sec so far
Iteration 3780797: max diff=0.000000, 6204.96 sec so far
Iteration 3783686: max diff=0.000000, 6209.96 sec so far
Iteration 3786571: max diff=0.000000, 6214.97 sec so far
Iteration 3789423: max diff=0.000000, 6219.97 sec so far
Iteration 3792227: max diff=0.000000, 6224.98 sec so far
Iteration 3795116: max diff=0.000000, 6229.98 sec so far
Iteration 3797890: max diff=0.000000, 6234.99 sec so far
Iteration 3800321: max diff=0.000000, 6239.99 sec so far
Iteration 3803149: max diff=0.000000, 6245.00 sec so far
Iteration 3805989: max diff=0.000000, 6250.00 sec so far
Iteration 3809070: max diff=0.000000, 6255.01 sec so far
Iteration 3812234: max diff=0.000000, 6260.01 sec so far
Iteration 3815415: max diff=0.000000, 6265.02 sec so far
Iteration 3818580: max diff=0.000000, 6270.02 sec so far
Iteration 3821730: max diff=0.000000, 6275.02 sec so far
Iteration 3824899: max diff=0.000000, 6280.03 sec so far
Iteration 3828067: max diff=0.000000, 6285.03 sec so far
Iteration 3831107: max diff=0.000000, 6290.04 sec so far
Iteration 3834271: max diff=0.000000, 6295.04 sec so far
Iteration 3837402: max diff=0.000000, 6300.04 sec so far
Iteration 3840570: max diff=0.000000, 6305.05 sec so far
Iteration 3843726: max diff=0.000000, 6310.05 sec so far
Iteration 3846860: max diff=0.000000, 6315.06 sec so far
Iteration 3850025: max diff=0.000000, 6320.06 sec so far
Iteration 3853160: max diff=0.000000, 6325.06 sec so far
Iteration 3856288: max diff=0.000000, 6330.07 sec so far
Iteration 3859408: max diff=0.000000, 6335.07 sec so far
Iteration 3862544: max diff=0.000000, 6340.08 sec so far
Iteration 3865666: max diff=0.000000, 6345.08 sec so far
Iteration 3868793: max diff=0.000000, 6350.08 sec so far
Iteration 3871919: max diff=0.000000, 6355.09 sec so far
Iteration 3875048: max diff=0.000000, 6360.09 sec so far
Iteration 3878172: max diff=0.000000, 6365.10 sec so far
Iteration 3881302: max diff=0.000000, 6370.10 sec so far
Iteration 3884437: max diff=0.000000, 6375.10 sec so far
Iteration 3887597: max diff=0.000000, 6380.11 sec so far
Iteration 3890748: max diff=0.000000, 6385.11 sec so far
Iteration 3893880: max diff=0.000000, 6390.12 sec so far
Iteration 3897029: max diff=0.000000, 6395.12 sec so far
Iteration 3900184: max diff=0.000000, 6400.12 sec so far
Iteration 3903335: max diff=0.000000, 6405.13 sec so far
Iteration 3906503: max diff=0.000000, 6410.13 sec so far
Iteration 3909680: max diff=0.000000, 6415.14 sec so far
Iteration 3912835: max diff=0.000000, 6420.14 sec so far
Iteration 3916001: max diff=0.000000, 6425.14 sec so far
Iteration 3919140: max diff=0.000000, 6430.15 sec so far
Iteration 3922302: max diff=0.000000, 6435.15 sec so far
Iteration 3925475: max diff=0.000000, 6440.16 sec so far
Iteration 3928649: max diff=0.000000, 6445.16 sec so far
Iteration 3931817: max diff=0.000000, 6450.16 sec so far
Iteration 3934989: max diff=0.000000, 6455.17 sec so far
Iteration 3938175: max diff=0.000000, 6460.17 sec so far
Iteration 3941309: max diff=0.000000, 6465.18 sec so far
Iteration 3944474: max diff=0.000000, 6470.18 sec so far
Iteration 3947640: max diff=0.000000, 6475.18 sec so far
Iteration 3950810: max diff=0.000000, 6480.19 sec so far
Iteration 3953998: max diff=0.000000, 6485.19 sec so far
Iteration 3957176: max diff=0.000000, 6490.20 sec so far
Iteration 3960340: max diff=0.000000, 6495.20 sec so far
Iteration 3963513: max diff=0.000000, 6500.20 sec so far
Iteration 3966685: max diff=0.000000, 6505.21 sec so far
Iteration 3969862: max diff=0.000000, 6510.21 sec so far
Iteration 3973045: max diff=0.000000, 6515.22 sec so far
Iteration 3976213: max diff=0.000000, 6520.22 sec so far
Iteration 3979380: max diff=0.000000, 6525.22 sec so far
Iteration 3982553: max diff=0.000000, 6530.23 sec so far
Iteration 3985720: max diff=0.000000, 6535.23 sec so far
Iteration 3988891: max diff=0.000000, 6540.24 sec so far
Iteration 3992066: max diff=0.000000, 6545.24 sec so far
Iteration 3995238: max diff=0.000000, 6550.24 sec so far
Iteration 3998402: max diff=0.000000, 6555.25 sec so far
Iteration 4001578: max diff=0.000000, 6560.25 sec so far
Iteration 4004735: max diff=0.000000, 6565.26 sec so far
Iteration 4007905: max diff=0.000000, 6570.26 sec so far
Iteration 4011079: max diff=0.000000, 6575.26 sec so far
Iteration 4014255: max diff=0.000000, 6580.27 sec so far
Iteration 4017396: max diff=0.000000, 6585.27 sec so far
Iteration 4020557: max diff=0.000000, 6590.28 sec so far
Iteration 4023710: max diff=0.000000, 6595.28 sec so far
Iteration 4026880: max diff=0.000000, 6600.28 sec so far
Iteration 4030044: max diff=0.000000, 6605.29 sec so far
Iteration 4033213: max diff=0.000000, 6610.29 sec so far
Iteration 4036385: max diff=0.000000, 6615.30 sec so far
Iteration 4039551: max diff=0.000000, 6620.30 sec so far
Iteration 4042709: max diff=0.000000, 6625.30 sec so far
Iteration 4045869: max diff=0.000000, 6630.31 sec so far
Iteration 4049028: max diff=0.000000, 6635.31 sec so far
Iteration 4052186: max diff=0.000000, 6640.32 sec so far
Iteration 4055363: max diff=0.000000, 6645.32 sec so far
Iteration 4058526: max diff=0.000000, 6650.32 sec so far
Iteration 4061690: max diff=0.000000, 6655.33 sec so far
Iteration 4064844: max diff=0.000000, 6660.33 sec so far
Iteration 4067997: max diff=0.000000, 6665.34 sec so far
Iteration 4071138: max diff=0.000000, 6670.34 sec so far
Iteration 4074284: max diff=0.000000, 6675.34 sec so far
Iteration 4077442: max diff=0.000000, 6680.35 sec so far
Iteration 4080618: max diff=0.000000, 6685.35 sec so far
Iteration 4083778: max diff=0.000000, 6690.36 sec so far
Iteration 4086933: max diff=0.000000, 6695.36 sec so far
Iteration 4090104: max diff=0.000000, 6700.36 sec so far
Iteration 4093265: max diff=0.000000, 6705.37 sec so far
Iteration 4096433: max diff=0.000000, 6710.37 sec so far
Iteration 4099608: max diff=0.000000, 6715.38 sec so far
Iteration 4102795: max diff=0.000000, 6720.38 sec so far
Iteration 4105965: max diff=0.000000, 6725.38 sec so far
Iteration 4109140: max diff=0.000000, 6730.39 sec so far
Iteration 4112285: max diff=0.000000, 6735.39 sec so far
Iteration 4115354: max diff=0.000000, 6740.40 sec so far
Iteration 4118474: max diff=0.000000, 6745.40 sec so far
Iteration 4121619: max diff=0.000000, 6750.40 sec so far
Iteration 4124779: max diff=0.000000, 6755.41 sec so far
Iteration 4127948: max diff=0.000000, 6760.41 sec so far
Iteration 4131118: max diff=0.000000, 6765.42 sec so far
Iteration 4134283: max diff=0.000000, 6770.42 sec so far
Iteration 4137441: max diff=0.000000, 6775.42 sec so far
Iteration 4140591: max diff=0.000000, 6780.43 sec so far
Iteration 4143736: max diff=0.000000, 6785.43 sec so far
Iteration 4146903: max diff=0.000000, 6790.44 sec so far
Iteration 4150069: max diff=0.000000, 6795.44 sec so far
Iteration 4153256: max diff=0.000000, 6800.44 sec so far
Iteration 4156431: max diff=0.000000, 6805.45 sec so far
Iteration 4159590: max diff=0.000000, 6810.45 sec so far
Iteration 4162758: max diff=0.000000, 6815.46 sec so far
Iteration 4165917: max diff=0.000000, 6820.46 sec so far
Iteration 4169077: max diff=0.000000, 6825.46 sec so far
Iteration 4172242: max diff=0.000000, 6830.47 sec so far
Iteration 4175416: max diff=0.000000, 6835.47 sec so far
Iteration 4178597: max diff=0.000000, 6840.48 sec so far
Iteration 4181771: max diff=0.000000, 6845.48 sec so far
Iteration 4184933: max diff=0.000000, 6850.48 sec so far
Iteration 4188143: max diff=0.000000, 6855.49 sec so far
Iteration 4191369: max diff=0.000000, 6860.49 sec so far
Iteration 4194587: max diff=0.000000, 6865.50 sec so far
Iteration 4197807: max diff=0.000000, 6870.50 sec so far
Iteration 4201025: max diff=0.000000, 6875.50 sec so far
Iteration 4204235: max diff=0.000000, 6880.51 sec so far
Iteration 4207445: max diff=0.000000, 6885.51 sec so far
Iteration 4210671: max diff=0.000000, 6890.52 sec so far
Iteration 4213882: max diff=0.000000, 6895.52 sec so far
Iteration 4217082: max diff=0.000000, 6900.52 sec so far
Iteration 4220290: max diff=0.000000, 6905.53 sec so far
Iteration 4223493: max diff=0.000000, 6910.53 sec so far
Iteration 4226717: max diff=0.000000, 6915.54 sec so far
Iteration 4229933: max diff=0.000000, 6920.54 sec so far
Iteration 4233137: max diff=0.000000, 6925.54 sec so far
Iteration 4236344: max diff=0.000000, 6930.55 sec so far
Iteration 4239546: max diff=0.000000, 6935.55 sec so far
Iteration 4242767: max diff=0.000000, 6940.56 sec so far
Iteration 4245968: max diff=0.000000, 6945.56 sec so far
Iteration 4249173: max diff=0.000000, 6950.56 sec so far
Iteration 4252380: max diff=0.000000, 6955.57 sec so far
Iteration 4255586: max diff=0.000000, 6960.57 sec so far
Iteration 4258793: max diff=0.000000, 6965.58 sec so far
Iteration 4262003: max diff=0.000000, 6970.58 sec so far
Iteration 4265197: max diff=0.000000, 6975.58 sec so far
Iteration 4268408: max diff=0.000000, 6980.59 sec so far
Iteration 4271627: max diff=0.000000, 6985.59 sec so far
Iteration 4274831: max diff=0.000000, 6990.60 sec so far
Iteration 4278031: max diff=0.000000, 6995.60 sec so far
Iteration 4281250: max diff=0.000000, 7000.60 sec so far
Iteration 4284463: max diff=0.000000, 7005.61 sec so far
Iteration 4287687: max diff=0.000000, 7010.61 sec so far
Iteration 4290904: max diff=0.000000, 7015.62 sec so far
Iteration 4294123: max diff=0.000000, 7020.62 sec so far
Iteration 4297336: max diff=0.000000, 7025.62 sec so far
Iteration 4300556: max diff=0.000000, 7030.63 sec so far
Iteration 4303772: max diff=0.000000, 7035.63 sec so far
Iteration 4306988: max diff=0.000000, 7040.64 sec so far
Iteration 4310203: max diff=0.000000, 7045.64 sec so far
Iteration 4313421: max diff=0.000000, 7050.64 sec so far
Iteration 4316643: max diff=0.000000, 7055.65 sec so far
Iteration 4319851: max diff=0.000000, 7060.65 sec so far
Iteration 4323070: max diff=0.000000, 7065.66 sec so far
Iteration 4326288: max diff=0.000000, 7070.66 sec so far
Iteration 4329501: max diff=0.000000, 7075.66 sec so far
Iteration 4332716: max diff=0.000000, 7080.67 sec so far
Iteration 4335942: max diff=0.000000, 7085.67 sec so far
Iteration 4339147: max diff=0.000000, 7090.68 sec so far
Iteration 4342325: max diff=0.000000, 7095.68 sec so far
Iteration 4345535: max diff=0.000000, 7100.68 sec so far
Iteration 4348746: max diff=0.000000, 7105.69 sec so far
Iteration 4351949: max diff=0.000000, 7110.69 sec so far
Iteration 4355139: max diff=0.000000, 7115.70 sec so far
Iteration 4358336: max diff=0.000000, 7120.70 sec so far
Iteration 4361516: max diff=0.000000, 7125.70 sec so far
Iteration 4364733: max diff=0.000000, 7130.71 sec so far
Iteration 4367955: max diff=0.000000, 7135.71 sec so far
Iteration 4371177: max diff=0.000000, 7140.72 sec so far
Iteration 4374391: max diff=0.000000, 7145.72 sec so far
Iteration 4377601: max diff=0.000000, 7150.72 sec so far
Iteration 4380811: max diff=0.000000, 7155.73 sec so far
Iteration 4384030: max diff=0.000000, 7160.73 sec so far
Iteration 4387244: max diff=0.000000, 7165.74 sec so far
Iteration 4390445: max diff=0.000000, 7170.74 sec so far
Iteration 4393656: max diff=0.000000, 7175.74 sec so far
Iteration 4396869: max diff=0.000000, 7180.75 sec so far
Iteration 4400071: max diff=0.000000, 7185.75 sec so far
Iteration 4403273: max diff=0.000000, 7190.76 sec so far
Iteration 4406485: max diff=0.000000, 7195.76 sec so far
Iteration 4409694: max diff=0.000000, 7200.76 sec so far
Iteration 4412902: max diff=0.000000, 7205.77 sec so far
Iteration 4416119: max diff=0.000000, 7210.77 sec so far
Iteration 4419323: max diff=0.000000, 7215.78 sec so far
Iteration 4422527: max diff=0.000000, 7220.78 sec so far
Iteration 4425731: max diff=0.000000, 7225.78 sec so far
Iteration 4428952: max diff=0.000000, 7230.79 sec so far
Iteration 4432154: max diff=0.000000, 7235.79 sec so far
Iteration 4435364: max diff=0.000000, 7240.80 sec so far
Iteration 4438573: max diff=0.000000, 7245.80 sec so far
Iteration 4441783: max diff=0.000000, 7250.80 sec so far
Iteration 4444994: max diff=0.000000, 7255.81 sec so far
Iteration 4448175: max diff=0.000000, 7260.81 sec so far
Iteration 4451386: max diff=0.000000, 7265.82 sec so far
Iteration 4454601: max diff=0.000000, 7270.82 sec so far
Iteration 4457810: max diff=0.000000, 7275.82 sec so far
Iteration 4461009: max diff=0.000000, 7280.83 sec so far
Iteration 4464218: max diff=0.000000, 7285.83 sec so far
Iteration 4467421: max diff=0.000000, 7290.84 sec so far
Iteration 4470637: max diff=0.000000, 7295.84 sec so far
Iteration 4473852: max diff=0.000000, 7300.84 sec so far
Iteration 4477065: max diff=0.000000, 7305.85 sec so far
Iteration 4480290: max diff=0.000000, 7310.85 sec so far
Iteration 4483508: max diff=0.000000, 7315.86 sec so far
Iteration 4486718: max diff=0.000000, 7320.86 sec so far
Iteration 4489932: max diff=0.000000, 7325.86 sec so far
Iteration 4493149: max diff=0.000000, 7330.87 sec so far
Iteration 4496354: max diff=0.000000, 7335.87 sec so far
Iteration 4499575: max diff=0.000000, 7340.88 sec so far
Iteration 4502783: max diff=0.000000, 7345.88 sec so far
Iteration 4506010: max diff=0.000000, 7350.88 sec so far
Iteration 4509236: max diff=0.000000, 7355.89 sec so far
Iteration 4512461: max diff=0.000000, 7360.89 sec so far
Iteration 4515685: max diff=0.000000, 7365.90 sec so far
Iteration 4518898: max diff=0.000000, 7370.90 sec so far
Iteration 4522132: max diff=0.000000, 7375.90 sec so far
Iteration 4525351: max diff=0.000000, 7380.91 sec so far
Iteration 4528574: max diff=0.000000, 7385.91 sec so far
Iteration 4531789: max diff=0.000000, 7390.92 sec so far
Iteration 4535005: max diff=0.000000, 7395.92 sec so far
Iteration 4538220: max diff=0.000000, 7400.92 sec so far
Iteration 4541436: max diff=0.000000, 7405.93 sec so far
Iteration 4544652: max diff=0.000000, 7410.93 sec so far
Iteration 4547881: max diff=0.000000, 7415.94 sec so far
Iteration 4551080: max diff=0.000000, 7420.94 sec so far
Iteration 4554293: max diff=0.000000, 7425.94 sec so far
Iteration 4557504: max diff=0.000000, 7430.95 sec so far
Iteration 4560715: max diff=0.000000, 7435.95 sec so far
Iteration 4563920: max diff=0.000000, 7440.96 sec so far
Iteration 4567137: max diff=0.000000, 7445.96 sec so far
Iteration 4570264: max diff=0.000000, 7450.96 sec so far
Iteration 4573028: max diff=0.000000, 7455.97 sec so far
Iteration 4575704: max diff=0.000000, 7460.97 sec so far
Iteration 4577990: max diff=0.000000, 7465.98 sec so far
Iteration 4580734: max diff=0.000000, 7470.98 sec so far
Iteration 4583471: max diff=0.000000, 7475.98 sec so far
Iteration 4586209: max diff=0.000000, 7480.99 sec so far
Iteration 4588959: max diff=0.000000, 7485.99 sec so far
Iteration 4591680: max diff=0.000000, 7491.00 sec so far
Iteration 4594369: max diff=0.000000, 7496.00 sec so far
Iteration 4597069: max diff=0.000000, 7501.00 sec so far
Iteration 4599866: max diff=0.000000, 7506.01 sec so far
Iteration 4602605: max diff=0.000000, 7511.01 sec so far
Iteration 4605366: max diff=0.000000, 7516.02 sec so far
Iteration 4608126: max diff=0.000000, 7521.02 sec so far
Iteration 4610892: max diff=0.000000, 7526.02 sec so far
Iteration 4613667: max diff=0.000000, 7531.03 sec so far
Iteration 4616421: max diff=0.000000, 7536.03 sec so far
Iteration 4619166: max diff=0.000000, 7541.04 sec so far
Iteration 4621930: max diff=0.000000, 7546.04 sec so far
Iteration 4624646: max diff=0.000000, 7551.04 sec so far
Iteration 4627383: max diff=0.000000, 7556.05 sec so far
Iteration 4630146: max diff=0.000000, 7561.05 sec so far
Iteration 4632891: max diff=0.000000, 7566.06 sec so far
Iteration 4635620: max diff=0.000000, 7571.06 sec so far
Iteration 4638354: max diff=0.000000, 7576.06 sec so far
Iteration 4640956: max diff=0.000000, 7581.07 sec so far
Iteration 4643725: max diff=0.000000, 7586.07 sec so far
Iteration 4646467: max diff=0.000000, 7591.08 sec so far
Iteration 4649224: max diff=0.000000, 7596.08 sec so far
Iteration 4651969: max diff=0.000000, 7601.08 sec so far
Iteration 4654734: max diff=0.000000, 7606.09 sec so far
Iteration 4657504: max diff=0.000000, 7611.09 sec so far
Iteration 4660259: max diff=0.000000, 7616.10 sec so far
Iteration 4662898: max diff=0.000000, 7621.10 sec so far
Iteration 4665415: max diff=0.000000, 7626.10 sec so far
Iteration 4668128: max diff=0.000000, 7631.11 sec so far
Iteration 4670902: max diff=0.000000, 7636.11 sec so far
Iteration 4673650: max diff=0.000000, 7641.12 sec so far
Iteration 4676441: max diff=0.000000, 7646.12 sec so far
Iteration 4679189: max diff=0.000000, 7651.12 sec so far
Iteration 4681950: max diff=0.000000, 7656.13 sec so far
Iteration 4684712: max diff=0.000000, 7661.13 sec so far
Iteration 4687468: max diff=0.000000, 7666.14 sec so far
Iteration 4690224: max diff=0.000000, 7671.14 sec so far
Iteration 4692983: max diff=0.000000, 7676.14 sec so far
Iteration 4695723: max diff=0.000000, 7681.15 sec so far
Iteration 4698492: max diff=0.000000, 7686.15 sec so far
Iteration 4701255: max diff=0.000000, 7691.16 sec so far
Iteration 4704025: max diff=0.000000, 7696.16 sec so far
Iteration 4706752: max diff=0.000000, 7701.16 sec so far
Iteration 4709480: max diff=0.000000, 7706.17 sec so far
Iteration 4712207: max diff=0.000000, 7711.17 sec so far
Iteration 4714991: max diff=0.000000, 7716.18 sec so far
Iteration 4717757: max diff=0.000000, 7721.18 sec so far
Iteration 4720468: max diff=0.000000, 7726.18 sec so far
Iteration 4723245: max diff=0.000000, 7731.19 sec so far
Iteration 4726008: max diff=0.000000, 7736.19 sec so far
Iteration 4728802: max diff=0.000000, 7741.20 sec so far
Iteration 4731567: max diff=0.000000, 7746.20 sec so far
Iteration 4734339: max diff=0.000000, 7751.20 sec so far
Iteration 4737112: max diff=0.000000, 7756.21 sec so far
Iteration 4739861: max diff=0.000000, 7761.21 sec so far
Iteration 4742611: max diff=0.000000, 7766.22 sec so far
Iteration 4745376: max diff=0.000000, 7771.22 sec so far
Iteration 4748133: max diff=0.000000, 7776.22 sec so far
Iteration 4750877: max diff=0.000000, 7781.23 sec so far
Iteration 4753644: max diff=0.000000, 7786.23 sec so far
Iteration 4756401: max diff=0.000000, 7791.24 sec so far
Iteration 4759160: max diff=0.000000, 7796.24 sec so far
Iteration 4761916: max diff=0.000000, 7801.24 sec so far
Iteration 4764663: max diff=0.000000, 7806.25 sec so far
Iteration 4767429: max diff=0.000000, 7811.25 sec so far
Iteration 4770151: max diff=0.000000, 7816.26 sec so far
Iteration 4772905: max diff=0.000000, 7821.26 sec so far
Iteration 4775651: max diff=0.000000, 7826.26 sec so far
Iteration 4778403: max diff=0.000000, 7831.27 sec so far

Power method: 4780934 iterations in 7835.92 seconds (average 0.001639, setup 0.01)

Printing steady-state probabilities in plain text format to file "../../CZK_project/Output/t=0.1_median_1E-15_dynamic/hybrid/ph_10_15000_1E-15"...

Time for steady-state probability computation: 7861.656 seconds.

