PRISM
=====

Version: 4.4
Date: Tue Jun 19 00:23:01 EDT 2018
Hostname: storm-eval
Memory limits: cudd=1g, java(heap)=910.5m
Command line: prism -hybrid -epsilon 1e-19 -maxiters 100000000 -power -absolute -const 'k=10000,timeout=0.1,lambda=6.93147180559945309400' ../../CZK_project/Model/queue_withptf_ctmc.sm -ss -exportss ../../CZK_project/Output/t=0.1_median_1E-15_dynamic/hybrid/ph_10_10000_1E-15

Parsing model file "../../CZK_project/Model/queue_withptf_ctmc.sm"...

Type:        CTMC
Modules:     main trigger 
Variables:   qSize i 

---------------------------------------------------------------------

Computing steady-state probabilities...

Building model...
Model constants: k=10000,timeout=0.1,lambda=6.9314718056

Computing reachable states...

Reachability (BFS): 110000 iterations in 4.33 seconds (average 0.000039, setup 0.00)

Time for model construction: 10.877 seconds.

Type:        CTMC
States:      110000 (1 initial)
Transitions: 210000

Rate matrix: 198 nodes (3 terminal), 210000 minterms, vars: 18r/18c

SCCs: 1, BSCCs: 1, non-BSCC states: 0
BSCC sizes: 1:110000

Initial states all in one BSCC (so no reachability probabilities computed)

Computing probabilities...
Engine: Hybrid

Building power method iteration matrix MTBDD... [nodes=265] [5.2 Kb]
Building hybrid MTBDD matrix... [levels=18, nodes=298] [14.0 KB]
Adding explicit sparse matrices... [levels=15, num=7, compact] [664.1 KB]
Allocating iteration vectors... [2 x 859.4 KB]
TOTAL: [2.3 MB]

Starting iterations...
Iteration 4366: max diff=0.000001, 5.00 sec so far
Iteration 8651: max diff=0.000000, 10.01 sec so far
Iteration 13030: max diff=0.000000, 15.01 sec so far
Iteration 17396: max diff=0.000000, 20.02 sec so far
Iteration 21773: max diff=0.000000, 25.02 sec so far
Iteration 26141: max diff=0.000000, 30.02 sec so far
Iteration 30531: max diff=0.000000, 35.03 sec so far
Iteration 34909: max diff=0.000000, 40.03 sec so far
Iteration 39283: max diff=0.000000, 45.04 sec so far
Iteration 43654: max diff=0.000000, 50.04 sec so far
Iteration 47989: max diff=0.000000, 55.04 sec so far
Iteration 52311: max diff=0.000000, 60.05 sec so far
Iteration 56665: max diff=0.000000, 65.05 sec so far
Iteration 61055: max diff=0.000000, 70.06 sec so far
Iteration 65442: max diff=0.000000, 75.06 sec so far
Iteration 69822: max diff=0.000000, 80.06 sec so far
Iteration 74085: max diff=0.000000, 85.07 sec so far
Iteration 78223: max diff=0.000000, 90.07 sec so far
Iteration 82363: max diff=0.000000, 95.08 sec so far
Iteration 86556: max diff=0.000000, 100.08 sec so far
Iteration 90935: max diff=0.000000, 105.08 sec so far
Iteration 95088: max diff=0.000000, 110.09 sec so far
Iteration 99122: max diff=0.000000, 115.09 sec so far
Iteration 102844: max diff=0.000000, 120.10 sec so far
Iteration 106832: max diff=0.000000, 125.10 sec so far
Iteration 111210: max diff=0.000000, 130.10 sec so far
Iteration 115587: max diff=0.000000, 135.11 sec so far
Iteration 119943: max diff=0.000000, 140.11 sec so far
Iteration 124325: max diff=0.000000, 145.12 sec so far
Iteration 128686: max diff=0.000000, 150.12 sec so far
Iteration 133058: max diff=0.000000, 155.12 sec so far
Iteration 137425: max diff=0.000000, 160.13 sec so far
Iteration 141785: max diff=0.000000, 165.13 sec so far
Iteration 146152: max diff=0.000000, 170.14 sec so far
Iteration 150531: max diff=0.000000, 175.14 sec so far
Iteration 154903: max diff=0.000000, 180.14 sec so far
Iteration 159281: max diff=0.000000, 185.15 sec so far
Iteration 163661: max diff=0.000000, 190.15 sec so far
Iteration 168026: max diff=0.000000, 195.16 sec so far
Iteration 172387: max diff=0.000000, 200.16 sec so far
Iteration 176755: max diff=0.000000, 205.16 sec so far
Iteration 181129: max diff=0.000000, 210.17 sec so far
Iteration 185504: max diff=0.000000, 215.17 sec so far
Iteration 189686: max diff=0.000000, 220.18 sec so far
Iteration 194048: max diff=0.000000, 225.18 sec so far
Iteration 197585: max diff=0.000000, 230.18 sec so far
Iteration 201684: max diff=0.000000, 235.19 sec so far
Iteration 206049: max diff=0.000000, 240.19 sec so far
Iteration 210418: max diff=0.000000, 245.20 sec so far
Iteration 214805: max diff=0.000000, 250.20 sec so far
Iteration 219187: max diff=0.000000, 255.20 sec so far
Iteration 223568: max diff=0.000000, 260.21 sec so far
Iteration 227951: max diff=0.000000, 265.21 sec so far
Iteration 232322: max diff=0.000000, 270.22 sec so far
Iteration 236688: max diff=0.000000, 275.22 sec so far
Iteration 241055: max diff=0.000000, 280.22 sec so far
Iteration 245418: max diff=0.000000, 285.23 sec so far
Iteration 249781: max diff=0.000000, 290.23 sec so far
Iteration 253335: max diff=0.000000, 295.24 sec so far
Iteration 257353: max diff=0.000000, 300.24 sec so far
Iteration 261702: max diff=0.000000, 305.24 sec so far
Iteration 266028: max diff=0.000000, 310.25 sec so far
Iteration 270250: max diff=0.000000, 315.25 sec so far
Iteration 274402: max diff=0.000000, 320.26 sec so far
Iteration 278651: max diff=0.000000, 325.26 sec so far
Iteration 283031: max diff=0.000000, 330.26 sec so far
Iteration 287413: max diff=0.000000, 335.27 sec so far
Iteration 291798: max diff=0.000000, 340.27 sec so far
Iteration 296176: max diff=0.000000, 345.28 sec so far
Iteration 300572: max diff=0.000000, 350.28 sec so far
Iteration 304927: max diff=0.000000, 355.28 sec so far
Iteration 309258: max diff=0.000000, 360.29 sec so far
Iteration 313653: max diff=0.000000, 365.29 sec so far
Iteration 318057: max diff=0.000000, 370.30 sec so far
Iteration 322468: max diff=0.000000, 375.30 sec so far
Iteration 326887: max diff=0.000000, 380.30 sec so far
Iteration 331305: max diff=0.000000, 385.31 sec so far
Iteration 335658: max diff=0.000000, 390.31 sec so far
Iteration 339916: max diff=0.000000, 395.32 sec so far
Iteration 344139: max diff=0.000000, 400.32 sec so far
Iteration 348379: max diff=0.000000, 405.32 sec so far
Iteration 352607: max diff=0.000000, 410.33 sec so far
Iteration 356748: max diff=0.000000, 415.33 sec so far
Iteration 360989: max diff=0.000000, 420.34 sec so far
Iteration 365214: max diff=0.000000, 425.34 sec so far
Iteration 369448: max diff=0.000000, 430.34 sec so far
Iteration 373690: max diff=0.000000, 435.35 sec so far
Iteration 377923: max diff=0.000000, 440.35 sec so far
Iteration 382206: max diff=0.000000, 445.36 sec so far
Iteration 386448: max diff=0.000000, 450.36 sec so far
Iteration 390686: max diff=0.000000, 455.36 sec so far
Iteration 394957: max diff=0.000000, 460.37 sec so far
Iteration 399182: max diff=0.000000, 465.37 sec so far
Iteration 403434: max diff=0.000000, 470.38 sec so far
Iteration 407674: max diff=0.000000, 475.38 sec so far
Iteration 411920: max diff=0.000000, 480.38 sec so far
Iteration 416134: max diff=0.000000, 485.39 sec so far
Iteration 420350: max diff=0.000000, 490.39 sec so far
Iteration 424561: max diff=0.000000, 495.40 sec so far
Iteration 428774: max diff=0.000000, 500.40 sec so far
Iteration 432983: max diff=0.000000, 505.40 sec so far
Iteration 437213: max diff=0.000000, 510.41 sec so far
Iteration 441426: max diff=0.000000, 515.41 sec so far
Iteration 445589: max diff=0.000000, 520.42 sec so far
Iteration 449811: max diff=0.000000, 525.42 sec so far
Iteration 454046: max diff=0.000000, 530.42 sec so far
Iteration 458277: max diff=0.000000, 535.43 sec so far
Iteration 462523: max diff=0.000000, 540.43 sec so far
Iteration 466751: max diff=0.000000, 545.44 sec so far
Iteration 471013: max diff=0.000000, 550.44 sec so far
Iteration 475242: max diff=0.000000, 555.44 sec so far
Iteration 479480: max diff=0.000000, 560.45 sec so far
Iteration 483709: max diff=0.000000, 565.45 sec so far
Iteration 487924: max diff=0.000000, 570.46 sec so far
Iteration 492178: max diff=0.000000, 575.46 sec so far
Iteration 496425: max diff=0.000000, 580.46 sec so far
Iteration 500695: max diff=0.000000, 585.47 sec so far
Iteration 504944: max diff=0.000000, 590.47 sec so far
Iteration 509179: max diff=0.000000, 595.48 sec so far
Iteration 513423: max diff=0.000000, 600.48 sec so far
Iteration 517721: max diff=0.000000, 605.48 sec so far
Iteration 521960: max diff=0.000000, 610.49 sec so far
Iteration 526192: max diff=0.000000, 615.49 sec so far
Iteration 530432: max diff=0.000000, 620.50 sec so far
Iteration 534660: max diff=0.000000, 625.50 sec so far
Iteration 538894: max diff=0.000000, 630.50 sec so far
Iteration 543124: max diff=0.000000, 635.51 sec so far
Iteration 547368: max diff=0.000000, 640.51 sec so far
Iteration 551528: max diff=0.000000, 645.52 sec so far
Iteration 555771: max diff=0.000000, 650.52 sec so far
Iteration 560030: max diff=0.000000, 655.52 sec so far
Iteration 564268: max diff=0.000000, 660.53 sec so far
Iteration 568512: max diff=0.000000, 665.53 sec so far
Iteration 572772: max diff=0.000000, 670.54 sec so far
Iteration 577041: max diff=0.000000, 675.54 sec so far
Iteration 581271: max diff=0.000000, 680.54 sec so far
Iteration 585504: max diff=0.000000, 685.55 sec so far
Iteration 589758: max diff=0.000000, 690.55 sec so far
Iteration 594009: max diff=0.000000, 695.56 sec so far
Iteration 598255: max diff=0.000000, 700.56 sec so far
Iteration 602496: max diff=0.000000, 705.56 sec so far
Iteration 606722: max diff=0.000000, 710.57 sec so far
Iteration 610956: max diff=0.000000, 715.57 sec so far
Iteration 615205: max diff=0.000000, 720.58 sec so far
Iteration 619444: max diff=0.000000, 725.58 sec so far
Iteration 623683: max diff=0.000000, 730.58 sec so far
Iteration 627902: max diff=0.000000, 735.59 sec so far
Iteration 632156: max diff=0.000000, 740.59 sec so far
Iteration 636406: max diff=0.000000, 745.60 sec so far
Iteration 640642: max diff=0.000000, 750.60 sec so far
Iteration 644887: max diff=0.000000, 755.60 sec so far
Iteration 649161: max diff=0.000000, 760.61 sec so far
Iteration 653378: max diff=0.000000, 765.61 sec so far
Iteration 657621: max diff=0.000000, 770.62 sec so far
Iteration 661886: max diff=0.000000, 775.62 sec so far
Iteration 666118: max diff=0.000000, 780.62 sec so far
Iteration 670335: max diff=0.000000, 785.63 sec so far
Iteration 674569: max diff=0.000000, 790.63 sec so far
Iteration 678788: max diff=0.000000, 795.64 sec so far
Iteration 683023: max diff=0.000000, 800.64 sec so far
Iteration 687258: max diff=0.000000, 805.64 sec so far
Iteration 691496: max diff=0.000000, 810.65 sec so far
Iteration 695742: max diff=0.000000, 815.65 sec so far
Iteration 699965: max diff=0.000000, 820.66 sec so far
Iteration 704197: max diff=0.000000, 825.66 sec so far
Iteration 708429: max diff=0.000000, 830.66 sec so far
Iteration 712636: max diff=0.000000, 835.67 sec so far
Iteration 716871: max diff=0.000000, 840.67 sec so far
Iteration 721123: max diff=0.000000, 845.68 sec so far
Iteration 725366: max diff=0.000000, 850.68 sec so far
Iteration 729616: max diff=0.000000, 855.68 sec so far
Iteration 733863: max diff=0.000000, 860.69 sec so far
Iteration 738119: max diff=0.000000, 865.69 sec so far
Iteration 742369: max diff=0.000000, 870.70 sec so far
Iteration 746607: max diff=0.000000, 875.70 sec so far
Iteration 750887: max diff=0.000000, 880.70 sec so far
Iteration 755127: max diff=0.000000, 885.71 sec so far
Iteration 759346: max diff=0.000000, 890.71 sec so far
Iteration 763596: max diff=0.000000, 895.72 sec so far
Iteration 767841: max diff=0.000000, 900.72 sec so far
Iteration 772074: max diff=0.000000, 905.72 sec so far
Iteration 776224: max diff=0.000000, 910.73 sec so far
Iteration 780465: max diff=0.000000, 915.73 sec so far
Iteration 784699: max diff=0.000000, 920.74 sec so far
Iteration 788973: max diff=0.000000, 925.74 sec so far
Iteration 793144: max diff=0.000000, 930.74 sec so far
Iteration 797176: max diff=0.000000, 935.75 sec so far
Iteration 801402: max diff=0.000000, 940.75 sec so far
Iteration 805401: max diff=0.000000, 945.76 sec so far
Iteration 809638: max diff=0.000000, 950.76 sec so far
Iteration 813891: max diff=0.000000, 955.76 sec so far
Iteration 818136: max diff=0.000000, 960.77 sec so far
Iteration 822371: max diff=0.000000, 965.77 sec so far
Iteration 826612: max diff=0.000000, 970.78 sec so far
Iteration 830860: max diff=0.000000, 975.78 sec so far
Iteration 835094: max diff=0.000000, 980.78 sec so far
Iteration 839305: max diff=0.000000, 985.79 sec so far
Iteration 843760: max diff=0.000000, 990.79 sec so far
Iteration 848281: max diff=0.000000, 995.80 sec so far
Iteration 852790: max diff=0.000000, 1000.80 sec so far
Iteration 857281: max diff=0.000000, 1005.80 sec so far
Iteration 861797: max diff=0.000000, 1010.81 sec so far
Iteration 866297: max diff=0.000000, 1015.81 sec so far
Iteration 870828: max diff=0.000000, 1020.82 sec so far
Iteration 875329: max diff=0.000000, 1025.82 sec so far
Iteration 879830: max diff=0.000000, 1030.82 sec so far
Iteration 884332: max diff=0.000000, 1035.83 sec so far
Iteration 888827: max diff=0.000000, 1040.83 sec so far
Iteration 893348: max diff=0.000000, 1045.84 sec so far
Iteration 897843: max diff=0.000000, 1050.84 sec so far
Iteration 902354: max diff=0.000000, 1055.84 sec so far
Iteration 906860: max diff=0.000000, 1060.85 sec so far
Iteration 911351: max diff=0.000000, 1065.85 sec so far
Iteration 915837: max diff=0.000000, 1070.86 sec so far
Iteration 920332: max diff=0.000000, 1075.86 sec so far
Iteration 924814: max diff=0.000000, 1080.86 sec so far
Iteration 929291: max diff=0.000000, 1085.87 sec so far
Iteration 933779: max diff=0.000000, 1090.87 sec so far
Iteration 938262: max diff=0.000000, 1095.88 sec so far
Iteration 942752: max diff=0.000000, 1100.88 sec so far
Iteration 947246: max diff=0.000000, 1105.88 sec so far
Iteration 951739: max diff=0.000000, 1110.89 sec so far
Iteration 956237: max diff=0.000000, 1115.89 sec so far
Iteration 960749: max diff=0.000000, 1120.90 sec so far
Iteration 965238: max diff=0.000000, 1125.90 sec so far
Iteration 969724: max diff=0.000000, 1130.90 sec so far
Iteration 974216: max diff=0.000000, 1135.91 sec so far
Iteration 978703: max diff=0.000000, 1140.91 sec so far
Iteration 983198: max diff=0.000000, 1145.92 sec so far
Iteration 987712: max diff=0.000000, 1150.92 sec so far
Iteration 992235: max diff=0.000000, 1155.92 sec so far
Iteration 996739: max diff=0.000000, 1160.93 sec so far
Iteration 1001254: max diff=0.000000, 1165.93 sec so far
Iteration 1005759: max diff=0.000000, 1170.94 sec so far
Iteration 1010259: max diff=0.000000, 1175.94 sec so far
Iteration 1014760: max diff=0.000000, 1180.94 sec so far
Iteration 1019256: max diff=0.000000, 1185.95 sec so far
Iteration 1023759: max diff=0.000000, 1190.95 sec so far
Iteration 1028257: max diff=0.000000, 1195.96 sec so far
Iteration 1032770: max diff=0.000000, 1200.96 sec so far
Iteration 1037270: max diff=0.000000, 1205.96 sec so far
Iteration 1041770: max diff=0.000000, 1210.97 sec so far
Iteration 1046298: max diff=0.000000, 1215.97 sec so far
Iteration 1050799: max diff=0.000000, 1220.98 sec so far
Iteration 1055302: max diff=0.000000, 1225.98 sec so far
Iteration 1059809: max diff=0.000000, 1230.98 sec so far
Iteration 1064316: max diff=0.000000, 1235.99 sec so far
Iteration 1068828: max diff=0.000000, 1240.99 sec so far
Iteration 1073344: max diff=0.000000, 1246.00 sec so far
Iteration 1077844: max diff=0.000000, 1251.00 sec so far
Iteration 1082347: max diff=0.000000, 1256.00 sec so far
Iteration 1086850: max diff=0.000000, 1261.01 sec so far
Iteration 1091345: max diff=0.000000, 1266.01 sec so far
Iteration 1095862: max diff=0.000000, 1271.02 sec so far
Iteration 1100377: max diff=0.000000, 1276.02 sec so far
Iteration 1104889: max diff=0.000000, 1281.02 sec so far
Iteration 1109379: max diff=0.000000, 1286.03 sec so far
Iteration 1113881: max diff=0.000000, 1291.03 sec so far
Iteration 1118381: max diff=0.000000, 1296.04 sec so far
Iteration 1122864: max diff=0.000000, 1301.04 sec so far
Iteration 1127360: max diff=0.000000, 1306.04 sec so far
Iteration 1131810: max diff=0.000000, 1311.05 sec so far
Iteration 1136313: max diff=0.000000, 1316.05 sec so far
Iteration 1140811: max diff=0.000000, 1321.06 sec so far
Iteration 1145318: max diff=0.000000, 1326.06 sec so far
Iteration 1149828: max diff=0.000000, 1331.06 sec so far
Iteration 1154329: max diff=0.000000, 1336.07 sec so far
Iteration 1158843: max diff=0.000000, 1341.07 sec so far
Iteration 1163359: max diff=0.000000, 1346.08 sec so far
Iteration 1167851: max diff=0.000000, 1351.08 sec so far
Iteration 1172368: max diff=0.000000, 1356.08 sec so far
Iteration 1176875: max diff=0.000000, 1361.09 sec so far
Iteration 1181390: max diff=0.000000, 1366.09 sec so far
Iteration 1185882: max diff=0.000000, 1371.10 sec so far
Iteration 1190383: max diff=0.000000, 1376.10 sec so far
Iteration 1194876: max diff=0.000000, 1381.10 sec so far
Iteration 1199371: max diff=0.000000, 1386.11 sec so far
Iteration 1203868: max diff=0.000000, 1391.11 sec so far
Iteration 1208361: max diff=0.000000, 1396.12 sec so far
Iteration 1212850: max diff=0.000000, 1401.12 sec so far
Iteration 1217352: max diff=0.000000, 1406.12 sec so far
Iteration 1221848: max diff=0.000000, 1411.13 sec so far
Iteration 1226342: max diff=0.000000, 1416.13 sec so far
Iteration 1230826: max diff=0.000000, 1421.14 sec so far
Iteration 1235318: max diff=0.000000, 1426.14 sec so far
Iteration 1239813: max diff=0.000000, 1431.14 sec so far
Iteration 1244302: max diff=0.000000, 1436.15 sec so far
Iteration 1248816: max diff=0.000000, 1441.15 sec so far
Iteration 1253311: max diff=0.000000, 1446.16 sec so far
Iteration 1257816: max diff=0.000000, 1451.16 sec so far
Iteration 1262324: max diff=0.000000, 1456.16 sec so far
Iteration 1266834: max diff=0.000000, 1461.17 sec so far
Iteration 1271346: max diff=0.000000, 1466.17 sec so far
Iteration 1275840: max diff=0.000000, 1471.18 sec so far
Iteration 1280359: max diff=0.000000, 1476.18 sec so far
Iteration 1284864: max diff=0.000000, 1481.18 sec so far
Iteration 1289364: max diff=0.000000, 1486.19 sec so far
Iteration 1293874: max diff=0.000000, 1491.19 sec so far
Iteration 1298384: max diff=0.000000, 1496.20 sec so far
Iteration 1302887: max diff=0.000000, 1501.20 sec so far
Iteration 1307374: max diff=0.000000, 1506.20 sec so far
Iteration 1311868: max diff=0.000000, 1511.21 sec so far
Iteration 1316374: max diff=0.000000, 1516.21 sec so far
Iteration 1320875: max diff=0.000000, 1521.22 sec so far
Iteration 1325393: max diff=0.000000, 1526.22 sec so far
Iteration 1329887: max diff=0.000000, 1531.22 sec so far
Iteration 1334395: max diff=0.000000, 1536.23 sec so far
Iteration 1338888: max diff=0.000000, 1541.23 sec so far
Iteration 1343403: max diff=0.000000, 1546.24 sec so far
Iteration 1347914: max diff=0.000000, 1551.24 sec so far
Iteration 1352419: max diff=0.000000, 1556.24 sec so far
Iteration 1356917: max diff=0.000000, 1561.25 sec so far
Iteration 1361379: max diff=0.000000, 1566.25 sec so far
Iteration 1365825: max diff=0.000000, 1571.26 sec so far
Iteration 1370291: max diff=0.000000, 1576.26 sec so far
Iteration 1374807: max diff=0.000000, 1581.26 sec so far
Iteration 1379237: max diff=0.000000, 1586.27 sec so far
Iteration 1383385: max diff=0.000000, 1591.27 sec so far
Iteration 1387546: max diff=0.000000, 1596.28 sec so far
Iteration 1391721: max diff=0.000000, 1601.28 sec so far
Iteration 1395846: max diff=0.000000, 1606.28 sec so far
Iteration 1400020: max diff=0.000000, 1611.29 sec so far
Iteration 1404178: max diff=0.000000, 1616.29 sec so far
Iteration 1408326: max diff=0.000000, 1621.30 sec so far
Iteration 1412474: max diff=0.000000, 1626.30 sec so far
Iteration 1416636: max diff=0.000000, 1631.30 sec so far
Iteration 1420775: max diff=0.000000, 1636.31 sec so far
Iteration 1424939: max diff=0.000000, 1641.31 sec so far
Iteration 1429080: max diff=0.000000, 1646.32 sec so far
Iteration 1433235: max diff=0.000000, 1651.32 sec so far
Iteration 1437357: max diff=0.000000, 1656.32 sec so far
Iteration 1441495: max diff=0.000000, 1661.33 sec so far
Iteration 1445589: max diff=0.000000, 1666.33 sec so far
Iteration 1449594: max diff=0.000000, 1671.34 sec so far
Iteration 1453721: max diff=0.000000, 1676.34 sec so far
Iteration 1457690: max diff=0.000000, 1681.34 sec so far
Iteration 1461540: max diff=0.000000, 1686.35 sec so far
Iteration 1465686: max diff=0.000000, 1691.35 sec so far
Iteration 1469749: max diff=0.000000, 1696.36 sec so far
Iteration 1473685: max diff=0.000000, 1701.36 sec so far
Iteration 1477849: max diff=0.000000, 1706.36 sec so far
Iteration 1482010: max diff=0.000000, 1711.37 sec so far
Iteration 1486148: max diff=0.000000, 1716.37 sec so far
Iteration 1490312: max diff=0.000000, 1721.38 sec so far
Iteration 1494484: max diff=0.000000, 1726.38 sec so far
Iteration 1498681: max diff=0.000000, 1731.38 sec so far
Iteration 1502849: max diff=0.000000, 1736.39 sec so far
Iteration 1507014: max diff=0.000000, 1741.39 sec so far
Iteration 1511044: max diff=0.000000, 1746.40 sec so far
Iteration 1514991: max diff=0.000000, 1751.40 sec so far
Iteration 1519125: max diff=0.000000, 1756.40 sec so far
Iteration 1523302: max diff=0.000000, 1761.41 sec so far
Iteration 1527494: max diff=0.000000, 1766.41 sec so far
Iteration 1531666: max diff=0.000000, 1771.42 sec so far
Iteration 1535848: max diff=0.000000, 1776.42 sec so far
Iteration 1540009: max diff=0.000000, 1781.42 sec so far
Iteration 1544099: max diff=0.000000, 1786.43 sec so far
Iteration 1548294: max diff=0.000000, 1791.43 sec so far
Iteration 1552269: max diff=0.000000, 1796.44 sec so far
Iteration 1556068: max diff=0.000000, 1801.44 sec so far
Iteration 1559870: max diff=0.000000, 1806.44 sec so far
Iteration 1563807: max diff=0.000000, 1811.45 sec so far
Iteration 1567989: max diff=0.000000, 1816.45 sec so far
Iteration 1572173: max diff=0.000000, 1821.46 sec so far
Iteration 1576360: max diff=0.000000, 1826.46 sec so far
Iteration 1580511: max diff=0.000000, 1831.46 sec so far
Iteration 1584467: max diff=0.000000, 1836.47 sec so far
Iteration 1588438: max diff=0.000000, 1841.47 sec so far
Iteration 1592597: max diff=0.000000, 1846.48 sec so far
Iteration 1596759: max diff=0.000000, 1851.48 sec so far
Iteration 1600910: max diff=0.000000, 1856.48 sec so far
Iteration 1605088: max diff=0.000000, 1861.49 sec so far
Iteration 1609257: max diff=0.000000, 1866.49 sec so far
Iteration 1613378: max diff=0.000000, 1871.50 sec so far
Iteration 1617556: max diff=0.000000, 1876.50 sec so far
Iteration 1621738: max diff=0.000000, 1881.50 sec so far
Iteration 1625913: max diff=0.000000, 1886.51 sec so far
Iteration 1630071: max diff=0.000000, 1891.51 sec so far
Iteration 1634244: max diff=0.000000, 1896.52 sec so far
Iteration 1638396: max diff=0.000000, 1901.52 sec so far
Iteration 1642553: max diff=0.000000, 1906.52 sec so far
Iteration 1646719: max diff=0.000000, 1911.53 sec so far
Iteration 1650855: max diff=0.000000, 1916.53 sec so far
Iteration 1655008: max diff=0.000000, 1921.54 sec so far
Iteration 1659173: max diff=0.000000, 1926.54 sec so far
Iteration 1663310: max diff=0.000000, 1931.54 sec so far
Iteration 1667471: max diff=0.000000, 1936.55 sec so far
Iteration 1671639: max diff=0.000000, 1941.55 sec so far
Iteration 1675794: max diff=0.000000, 1946.56 sec so far
Iteration 1679934: max diff=0.000000, 1951.56 sec so far
Iteration 1684111: max diff=0.000000, 1956.56 sec so far
Iteration 1688272: max diff=0.000000, 1961.57 sec so far
Iteration 1692395: max diff=0.000000, 1966.57 sec so far
Iteration 1696545: max diff=0.000000, 1971.58 sec so far
Iteration 1700691: max diff=0.000000, 1976.58 sec so far
Iteration 1704839: max diff=0.000000, 1981.58 sec so far
Iteration 1708985: max diff=0.000000, 1986.59 sec so far
Iteration 1713149: max diff=0.000000, 1991.59 sec so far
Iteration 1717299: max diff=0.000000, 1996.60 sec so far
Iteration 1721425: max diff=0.000000, 2001.60 sec so far
Iteration 1725574: max diff=0.000000, 2006.60 sec so far
Iteration 1729698: max diff=0.000000, 2011.61 sec so far
Iteration 1733844: max diff=0.000000, 2016.61 sec so far
Iteration 1738021: max diff=0.000000, 2021.62 sec so far
Iteration 1742178: max diff=0.000000, 2026.62 sec so far
Iteration 1746317: max diff=0.000000, 2031.62 sec so far
Iteration 1750386: max diff=0.000000, 2036.63 sec so far
Iteration 1754511: max diff=0.000000, 2041.63 sec so far
Iteration 1758665: max diff=0.000000, 2046.64 sec so far
Iteration 1762851: max diff=0.000000, 2051.64 sec so far
Iteration 1767030: max diff=0.000000, 2056.64 sec so far
Iteration 1771225: max diff=0.000000, 2061.65 sec so far
Iteration 1775392: max diff=0.000000, 2066.65 sec so far
Iteration 1779577: max diff=0.000000, 2071.66 sec so far
Iteration 1783725: max diff=0.000000, 2076.66 sec so far
Iteration 1787873: max diff=0.000000, 2081.66 sec so far
Iteration 1792004: max diff=0.000000, 2086.67 sec so far
Iteration 1795861: max diff=0.000000, 2091.67 sec so far
Iteration 1799919: max diff=0.000000, 2096.68 sec so far
Iteration 1804110: max diff=0.000000, 2101.68 sec so far
Iteration 1808280: max diff=0.000000, 2106.68 sec so far
Iteration 1812448: max diff=0.000000, 2111.69 sec so far
Iteration 1816608: max diff=0.000000, 2116.69 sec so far
Iteration 1820786: max diff=0.000000, 2121.70 sec so far
Iteration 1824946: max diff=0.000000, 2126.70 sec so far
Iteration 1829121: max diff=0.000000, 2131.70 sec so far
Iteration 1833306: max diff=0.000000, 2136.71 sec so far
Iteration 1837471: max diff=0.000000, 2141.71 sec so far
Iteration 1841614: max diff=0.000000, 2146.72 sec so far
Iteration 1845796: max diff=0.000000, 2151.72 sec so far
Iteration 1849963: max diff=0.000000, 2156.72 sec so far
Iteration 1854052: max diff=0.000000, 2161.73 sec so far
Iteration 1858168: max diff=0.000000, 2166.73 sec so far
Iteration 1862352: max diff=0.000000, 2171.74 sec so far
Iteration 1866469: max diff=0.000000, 2176.74 sec so far
Iteration 1870660: max diff=0.000000, 2181.74 sec so far
Iteration 1874829: max diff=0.000000, 2186.75 sec so far
Iteration 1878896: max diff=0.000000, 2191.75 sec so far
Iteration 1882935: max diff=0.000000, 2196.76 sec so far
Iteration 1886983: max diff=0.000000, 2201.76 sec so far
Iteration 1891052: max diff=0.000000, 2206.76 sec so far
Iteration 1895081: max diff=0.000000, 2211.77 sec so far
Iteration 1899112: max diff=0.000000, 2216.77 sec so far
Iteration 1903134: max diff=0.000000, 2221.78 sec so far
Iteration 1907319: max diff=0.000000, 2226.78 sec so far
Iteration 1911513: max diff=0.000000, 2231.78 sec so far
Iteration 1915724: max diff=0.000000, 2236.79 sec so far
Iteration 1919911: max diff=0.000000, 2241.79 sec so far
Iteration 1924126: max diff=0.000000, 2246.80 sec so far
Iteration 1928322: max diff=0.000000, 2251.80 sec so far
Iteration 1932516: max diff=0.000000, 2256.80 sec so far
Iteration 1936702: max diff=0.000000, 2261.81 sec so far
Iteration 1940886: max diff=0.000000, 2266.81 sec so far
Iteration 1945060: max diff=0.000000, 2271.82 sec so far
Iteration 1949186: max diff=0.000000, 2276.82 sec so far
Iteration 1953205: max diff=0.000000, 2281.82 sec so far
Iteration 1957241: max diff=0.000000, 2286.83 sec so far
Iteration 1961274: max diff=0.000000, 2291.83 sec so far
Iteration 1965445: max diff=0.000000, 2296.84 sec so far
Iteration 1969644: max diff=0.000000, 2301.84 sec so far
Iteration 1973830: max diff=0.000000, 2306.84 sec so far
Iteration 1978033: max diff=0.000000, 2311.85 sec so far
Iteration 1982214: max diff=0.000000, 2316.85 sec so far
Iteration 1986371: max diff=0.000000, 2321.86 sec so far
Iteration 1990500: max diff=0.000000, 2326.86 sec so far
Iteration 1994638: max diff=0.000000, 2331.86 sec so far
Iteration 1998695: max diff=0.000000, 2336.87 sec so far
Iteration 2002594: max diff=0.000000, 2341.87 sec so far
Iteration 2006798: max diff=0.000000, 2346.88 sec so far
Iteration 2011010: max diff=0.000000, 2351.88 sec so far
Iteration 2015228: max diff=0.000000, 2356.88 sec so far
Iteration 2019447: max diff=0.000000, 2361.89 sec so far
Iteration 2023641: max diff=0.000000, 2366.89 sec so far
Iteration 2027833: max diff=0.000000, 2371.90 sec so far
Iteration 2032047: max diff=0.000000, 2376.90 sec so far
Iteration 2036245: max diff=0.000000, 2381.90 sec so far
Iteration 2040434: max diff=0.000000, 2386.91 sec so far
Iteration 2044632: max diff=0.000000, 2391.91 sec so far
Iteration 2048853: max diff=0.000000, 2396.92 sec so far
Iteration 2053046: max diff=0.000000, 2401.92 sec so far
Iteration 2057249: max diff=0.000000, 2406.92 sec so far
Iteration 2061462: max diff=0.000000, 2411.93 sec so far
Iteration 2065660: max diff=0.000000, 2416.93 sec so far
Iteration 2069861: max diff=0.000000, 2421.94 sec so far
Iteration 2074084: max diff=0.000000, 2426.94 sec so far
Iteration 2078302: max diff=0.000000, 2431.94 sec so far
Iteration 2082508: max diff=0.000000, 2436.95 sec so far
Iteration 2086726: max diff=0.000000, 2441.95 sec so far
Iteration 2090977: max diff=0.000000, 2446.96 sec so far
Iteration 2095189: max diff=0.000000, 2451.96 sec so far
Iteration 2099388: max diff=0.000000, 2456.96 sec so far
Iteration 2103593: max diff=0.000000, 2461.97 sec so far
Iteration 2107770: max diff=0.000000, 2466.97 sec so far
Iteration 2111983: max diff=0.000000, 2471.98 sec so far
Iteration 2116188: max diff=0.000000, 2476.98 sec so far
Iteration 2120375: max diff=0.000000, 2481.98 sec so far
Iteration 2124561: max diff=0.000000, 2486.99 sec so far
Iteration 2128765: max diff=0.000000, 2491.99 sec so far
Iteration 2132960: max diff=0.000000, 2497.00 sec so far
Iteration 2137158: max diff=0.000000, 2502.00 sec so far
Iteration 2141353: max diff=0.000000, 2507.00 sec so far
Iteration 2145570: max diff=0.000000, 2512.01 sec so far
Iteration 2149772: max diff=0.000000, 2517.01 sec so far
Iteration 2153955: max diff=0.000000, 2522.02 sec so far
Iteration 2158141: max diff=0.000000, 2527.02 sec so far
Iteration 2162330: max diff=0.000000, 2532.02 sec so far
Iteration 2166536: max diff=0.000000, 2537.03 sec so far
Iteration 2170751: max diff=0.000000, 2542.03 sec so far
Iteration 2174920: max diff=0.000000, 2547.04 sec so far
Iteration 2179081: max diff=0.000000, 2552.04 sec so far
Iteration 2183283: max diff=0.000000, 2557.04 sec so far
Iteration 2187466: max diff=0.000000, 2562.05 sec so far
Iteration 2191625: max diff=0.000000, 2567.05 sec so far
Iteration 2195800: max diff=0.000000, 2572.06 sec so far
Iteration 2200000: max diff=0.000000, 2577.06 sec so far
Iteration 2204190: max diff=0.000000, 2582.06 sec so far
Iteration 2208382: max diff=0.000000, 2587.07 sec so far
Iteration 2212592: max diff=0.000000, 2592.07 sec so far
Iteration 2216782: max diff=0.000000, 2597.08 sec so far
Iteration 2220955: max diff=0.000000, 2602.08 sec so far
Iteration 2225159: max diff=0.000000, 2607.08 sec so far
Iteration 2229356: max diff=0.000000, 2612.09 sec so far
Iteration 2233530: max diff=0.000000, 2617.09 sec so far
Iteration 2237685: max diff=0.000000, 2622.10 sec so far
Iteration 2241869: max diff=0.000000, 2627.10 sec so far
Iteration 2246054: max diff=0.000000, 2632.10 sec so far
Iteration 2250017: max diff=0.000000, 2637.11 sec so far
Iteration 2254006: max diff=0.000000, 2642.11 sec so far
Iteration 2258158: max diff=0.000000, 2647.12 sec so far
Iteration 2262369: max diff=0.000000, 2652.12 sec so far
Iteration 2266586: max diff=0.000000, 2657.12 sec so far
Iteration 2270780: max diff=0.000000, 2662.13 sec so far
Iteration 2274966: max diff=0.000000, 2667.13 sec so far
Iteration 2279188: max diff=0.000000, 2672.14 sec so far
Iteration 2283391: max diff=0.000000, 2677.14 sec so far
Iteration 2287584: max diff=0.000000, 2682.14 sec so far
Iteration 2291834: max diff=0.000000, 2687.15 sec so far
Iteration 2296051: max diff=0.000000, 2692.15 sec so far
Iteration 2300258: max diff=0.000000, 2697.16 sec so far
Iteration 2304482: max diff=0.000000, 2702.16 sec so far
Iteration 2308681: max diff=0.000000, 2707.16 sec so far
Iteration 2312884: max diff=0.000000, 2712.17 sec so far
Iteration 2317079: max diff=0.000000, 2717.17 sec so far
Iteration 2321312: max diff=0.000000, 2722.18 sec so far
Iteration 2325335: max diff=0.000000, 2727.18 sec so far
Iteration 2329249: max diff=0.000000, 2732.18 sec so far
Iteration 2333157: max diff=0.000000, 2737.19 sec so far
Iteration 2337139: max diff=0.000000, 2742.19 sec so far
Iteration 2341341: max diff=0.000000, 2747.20 sec so far
Iteration 2345564: max diff=0.000000, 2752.20 sec so far
Iteration 2349779: max diff=0.000000, 2757.20 sec so far
Iteration 2353986: max diff=0.000000, 2762.21 sec so far
Iteration 2358226: max diff=0.000000, 2767.21 sec so far
Iteration 2362444: max diff=0.000000, 2772.22 sec so far
Iteration 2366656: max diff=0.000000, 2777.22 sec so far
Iteration 2370974: max diff=0.000000, 2782.22 sec so far
Iteration 2375479: max diff=0.000000, 2787.23 sec so far
Iteration 2379968: max diff=0.000000, 2792.23 sec so far
Iteration 2384450: max diff=0.000000, 2797.24 sec so far
Iteration 2388910: max diff=0.000000, 2802.24 sec so far
Iteration 2393395: max diff=0.000000, 2807.24 sec so far
Iteration 2397875: max diff=0.000000, 2812.25 sec so far
Iteration 2402379: max diff=0.000000, 2817.25 sec so far
Iteration 2406854: max diff=0.000000, 2822.26 sec so far
Iteration 2411328: max diff=0.000000, 2827.26 sec so far
Iteration 2415800: max diff=0.000000, 2832.26 sec so far
Iteration 2420282: max diff=0.000000, 2837.27 sec so far
Iteration 2424826: max diff=0.000000, 2842.27 sec so far
Iteration 2429316: max diff=0.000000, 2847.28 sec so far
Iteration 2433787: max diff=0.000000, 2852.28 sec so far
Iteration 2438255: max diff=0.000000, 2857.28 sec so far
Iteration 2442739: max diff=0.000000, 2862.29 sec so far
Iteration 2447203: max diff=0.000000, 2867.29 sec so far
Iteration 2451669: max diff=0.000000, 2872.30 sec so far
Iteration 2456140: max diff=0.000000, 2877.30 sec so far
Iteration 2460609: max diff=0.000000, 2882.30 sec so far
Iteration 2465155: max diff=0.000000, 2887.31 sec so far
Iteration 2469624: max diff=0.000000, 2892.31 sec so far
Iteration 2474105: max diff=0.000000, 2897.32 sec so far
Iteration 2478571: max diff=0.000000, 2902.32 sec so far
Iteration 2483042: max diff=0.000000, 2907.32 sec so far
Iteration 2487521: max diff=0.000000, 2912.33 sec so far
Iteration 2491995: max diff=0.000000, 2917.33 sec so far
Iteration 2496453: max diff=0.000000, 2922.34 sec so far
Iteration 2500925: max diff=0.000000, 2927.34 sec so far
Iteration 2505387: max diff=0.000000, 2932.34 sec so far
Iteration 2509851: max diff=0.000000, 2937.35 sec so far
Iteration 2514286: max diff=0.000000, 2942.35 sec so far
Iteration 2518787: max diff=0.000000, 2947.36 sec so far
Iteration 2523217: max diff=0.000000, 2952.36 sec so far
Iteration 2527638: max diff=0.000000, 2957.36 sec so far
Iteration 2532069: max diff=0.000000, 2962.37 sec so far
Iteration 2536497: max diff=0.000000, 2967.37 sec so far
Iteration 2540918: max diff=0.000000, 2972.38 sec so far
Iteration 2545429: max diff=0.000000, 2977.38 sec so far
Iteration 2549914: max diff=0.000000, 2982.38 sec so far
Iteration 2554404: max diff=0.000000, 2987.39 sec so far
Iteration 2558887: max diff=0.000000, 2992.39 sec so far
Iteration 2563369: max diff=0.000000, 2997.40 sec so far
Iteration 2567842: max diff=0.000000, 3002.40 sec so far
Iteration 2572355: max diff=0.000000, 3007.40 sec so far
Iteration 2576851: max diff=0.000000, 3012.41 sec so far
Iteration 2581325: max diff=0.000000, 3017.41 sec so far
Iteration 2585772: max diff=0.000000, 3022.42 sec so far
Iteration 2590240: max diff=0.000000, 3027.42 sec so far
Iteration 2594719: max diff=0.000000, 3032.42 sec so far
Iteration 2599176: max diff=0.000000, 3037.43 sec so far
Iteration 2603656: max diff=0.000000, 3042.43 sec so far
Iteration 2608167: max diff=0.000000, 3047.44 sec so far
Iteration 2612672: max diff=0.000000, 3052.44 sec so far
Iteration 2617152: max diff=0.000000, 3057.44 sec so far
Iteration 2621632: max diff=0.000000, 3062.45 sec so far
Iteration 2626094: max diff=0.000000, 3067.45 sec so far
Iteration 2630566: max diff=0.000000, 3072.46 sec so far
Iteration 2635050: max diff=0.000000, 3077.46 sec so far
Iteration 2639561: max diff=0.000000, 3082.46 sec so far
Iteration 2644035: max diff=0.000000, 3087.47 sec so far

Power method: 2645114 iterations in 3088.68 seconds (average 0.001168, setup 0.00)

Printing steady-state probabilities in plain text format to file "../../CZK_project/Output/t=0.1_median_1E-15_dynamic/hybrid/ph_10_10000_1E-15"...

Time for steady-state probability computation: 3103.338 seconds.

