PRISM
=====

Version: 4.4
Date: Mon Jun 18 23:58:51 EDT 2018
Hostname: storm-eval
Memory limits: cudd=1g, java(heap)=910.5m
Command line: prism -hybrid -epsilon 1.66667e-17 -maxiters 100000000 -power -absolute -const 'k=60,timeout=0.1,lambda=6.93147180559945309400' ../../CZK_project/Model/queue_withptf_ctmc.sm -ss -exportss ../../CZK_project/Output/t=0.1_median_1E-15_dynamic/hybrid/ph_10_60_1E-15

Parsing model file "../../CZK_project/Model/queue_withptf_ctmc.sm"...

Type:        CTMC
Modules:     main trigger 
Variables:   qSize i 

---------------------------------------------------------------------

Computing steady-state probabilities...

Building model...
Model constants: k=60,timeout=0.1,lambda=6.9314718056

Computing reachable states...

Reachability (BFS): 660 iterations in 0.01 seconds (average 0.000012, setup 0.00)

Time for model construction: 0.016 seconds.

Type:        CTMC
States:      660 (1 initial)
Transitions: 1260

Rate matrix: 98 nodes (3 terminal), 1260 minterms, vars: 10r/10c

SCCs: 1, BSCCs: 1, non-BSCC states: 0
BSCC sizes: 1:660

Initial states all in one BSCC (so no reachability probabilities computed)

Computing probabilities...
Engine: Hybrid

Building power method iteration matrix MTBDD... [nodes=129] [2.5 Kb]
Building hybrid MTBDD matrix... [levels=10, nodes=147] [6.9 KB]
Adding explicit sparse matrices... [levels=10, num=1, compact] [8.2 KB]
Allocating iteration vectors... [2 x 5.2 KB]
TOTAL: [25.4 KB]

Starting iterations...

Power method: 16987 iterations in 0.08 seconds (average 0.000005, setup 0.00)

Printing steady-state probabilities in plain text format to file "../../CZK_project/Output/t=0.1_median_1E-15_dynamic/hybrid/ph_10_60_1E-15"...

Time for steady-state probability computation: 0.103 seconds.

