PRISM
=====

Version: 4.4
Date: Tue Jun 19 00:00:37 EDT 2018
Hostname: storm-eval
Memory limits: cudd=1g, java(heap)=910.5m
Command line: prism -hybrid -epsilon 5e-19 -maxiters 100000000 -power -absolute -const 'k=2000,timeout=0.1,lambda=6.93147180559945309400' ../../CZK_project/Model/queue_withptf_ctmc.sm -ss -exportss ../../CZK_project/Output/t=0.1_median_1E-15_dynamic/hybrid/ph_10_2000_1E-15

Parsing model file "../../CZK_project/Model/queue_withptf_ctmc.sm"...

Type:        CTMC
Modules:     main trigger 
Variables:   qSize i 

---------------------------------------------------------------------

Computing steady-state probabilities...

Building model...
Model constants: k=2000,timeout=0.1,lambda=6.9314718056

Computing reachable states...

Reachability (BFS): 22000 iterations in 0.39 seconds (average 0.000018, setup 0.00)

Time for model construction: 0.6 seconds.

Type:        CTMC
States:      22000 (1 initial)
Transitions: 42000

Rate matrix: 156 nodes (3 terminal), 42000 minterms, vars: 15r/15c

SCCs: 1, BSCCs: 1, non-BSCC states: 0
BSCC sizes: 1:22000

Initial states all in one BSCC (so no reachability probabilities computed)

Computing probabilities...
Engine: Hybrid

Building power method iteration matrix MTBDD... [nodes=208] [4.1 Kb]
Building hybrid MTBDD matrix... [levels=15, nodes=238] [11.2 KB]
Adding explicit sparse matrices... [levels=15, num=1, compact] [271.5 KB]
Allocating iteration vectors... [2 x 171.9 KB]
TOTAL: [626.4 KB]

Starting iterations...
Iteration 30605: max diff=0.000000, 5.00 sec so far
Iteration 61672: max diff=0.000000, 10.01 sec so far
Iteration 92809: max diff=0.000000, 15.01 sec so far
Iteration 124068: max diff=0.000000, 20.02 sec so far
Iteration 154935: max diff=0.000000, 25.02 sec so far
Iteration 185925: max diff=0.000000, 30.02 sec so far
Iteration 217014: max diff=0.000000, 35.03 sec so far
Iteration 248121: max diff=0.000000, 40.03 sec so far
Iteration 279207: max diff=0.000000, 45.04 sec so far
Iteration 310594: max diff=0.000000, 50.04 sec so far
Iteration 341656: max diff=0.000000, 55.04 sec so far
Iteration 372853: max diff=0.000000, 60.05 sec so far
Iteration 404058: max diff=0.000000, 65.05 sec so far
Iteration 435233: max diff=0.000000, 70.06 sec so far
Iteration 466363: max diff=0.000000, 75.06 sec so far
Iteration 497540: max diff=0.000000, 80.06 sec so far
Iteration 528767: max diff=0.000000, 85.07 sec so far

Power method: 539066 iterations in 86.71 seconds (average 0.000161, setup 0.00)

Printing steady-state probabilities in plain text format to file "../../CZK_project/Output/t=0.1_median_1E-15_dynamic/hybrid/ph_10_2000_1E-15"...

Time for steady-state probability computation: 87.595 seconds.

