PRISM
=====

Version: 4.4
Date: Wed Jun 20 12:16:11 EDT 2018
Hostname: storm-eval
Memory limits: cudd=1g, java(heap)=910.5m
Command line: prism -hybrid -epsilon 1E-6 -maxiters 100000000 -power -absolute -const 'k=20,timeout=0.1,lambda=6.93147180559945309400' ../../CZK_project/Model/queue_withptf_ctmc.sm -ss -exportss ../../CZK_project/Output/t=0.1_median_1E-6_constant/hybrid/ph_10_20_1E-6

Parsing model file "../../CZK_project/Model/queue_withptf_ctmc.sm"...

Type:        CTMC
Modules:     main trigger 
Variables:   qSize i 

---------------------------------------------------------------------

Computing steady-state probabilities...

Building model...
Model constants: k=20,timeout=0.1,lambda=6.9314718056

Computing reachable states...

Reachability (BFS): 220 iterations in 0.00 seconds (average 0.000000, setup 0.00)

Time for model construction: 0.037 seconds.

Type:        CTMC
States:      220 (1 initial)
Transitions: 420

Rate matrix: 84 nodes (3 terminal), 420 minterms, vars: 9r/9c

SCCs: 1, BSCCs: 1, non-BSCC states: 0
BSCC sizes: 1:220

Initial states all in one BSCC (so no reachability probabilities computed)

Computing probabilities...
Engine: Hybrid

Building power method iteration matrix MTBDD... [nodes=110] [2.1 Kb]
Building hybrid MTBDD matrix... [levels=9, nodes=120] [5.6 KB]
Adding explicit sparse matrices... [levels=9, num=1, compact] [2.7 KB]
Allocating iteration vectors... [2 x 1.7 KB]
TOTAL: [11.8 KB]

Starting iterations...

Power method: 1285 iterations in 0.00 seconds (average 0.000000, setup 0.00)

Printing steady-state probabilities in plain text format to file "../../CZK_project/Output/t=0.1_median_1E-6_constant/hybrid/ph_10_20_1E-6"...

Time for steady-state probability computation: 0.029 seconds.

