PRISM
=====

Version: 4.4
Date: Wed Jun 20 12:36:42 EDT 2018
Hostname: storm-eval
Memory limits: cudd=1g, java(heap)=910.5m
Command line: prism -hybrid -epsilon 1E-6 -maxiters 100000000 -power -absolute -const 'k=40000,timeout=0.1,lambda=6.93147180559945309400' ../../CZK_project/Model/queue_withptf_ctmc.sm -ss -exportss ../../CZK_project/Output/t=0.1_median_1E-6_constant/hybrid/ph_10_40000_1E-6

Parsing model file "../../CZK_project/Model/queue_withptf_ctmc.sm"...

Type:        CTMC
Modules:     main trigger 
Variables:   qSize i 

---------------------------------------------------------------------

Computing steady-state probabilities...

Building model...
Model constants: k=40000,timeout=0.1,lambda=6.9314718056

Computing reachable states...

Reachability (BFS): 440000 iterations in 25.03 seconds (average 0.000057, setup 0.00)

Time for model construction: 265.021 seconds.

Type:        CTMC
States:      440000 (1 initial)
Transitions: 840000

Rate matrix: 214 nodes (3 terminal), 840000 minterms, vars: 20r/20c

SCCs: 1, BSCCs: 1, non-BSCC states: 0
BSCC sizes: 1:440000

Initial states all in one BSCC (so no reachability probabilities computed)

Computing probabilities...
Engine: Hybrid

Building power method iteration matrix MTBDD... [nodes=287] [5.6 Kb]
Building hybrid MTBDD matrix... [levels=20, nodes=320] [15.0 KB]
Adding explicit sparse matrices... [levels=15, num=8, compact] [937.5 KB]
Allocating iteration vectors... [2 x 3.4 MB]
TOTAL: [7.6 MB]

Starting iterations...

Power method: 82 iterations in 0.42 seconds (average 0.004976, setup 0.01)

Printing steady-state probabilities in plain text format to file "../../CZK_project/Output/t=0.1_median_1E-6_constant/hybrid/ph_10_40000_1E-6"...

Time for steady-state probability computation: 52.609 seconds.

