PRISM
=====

Version: 4.4
Date: Wed Jun 20 12:16:43 EDT 2018
Hostname: storm-eval
Memory limits: cudd=1g, java(heap)=910.5m
Command line: prism -hybrid -epsilon 1E-6 -maxiters 100000000 -power -absolute -const 'k=300,timeout=0.1,lambda=6.93147180559945309400' ../../CZK_project/Model/queue_withptf_ctmc.sm -ss -exportss ../../CZK_project/Output/t=0.1_median_1E-6_constant/hybrid/ph_10_300_1E-6

Parsing model file "../../CZK_project/Model/queue_withptf_ctmc.sm"...

Type:        CTMC
Modules:     main trigger 
Variables:   qSize i 

---------------------------------------------------------------------

Computing steady-state probabilities...

Building model...
Model constants: k=300,timeout=0.1,lambda=6.9314718056

Computing reachable states...

Reachability (BFS): 3300 iterations in 0.05 seconds (average 0.000015, setup 0.00)

Time for model construction: 0.119 seconds.

Type:        CTMC
States:      3300 (1 initial)
Transitions: 6300

Rate matrix: 140 nodes (3 terminal), 6300 minterms, vars: 13r/13c

SCCs: 1, BSCCs: 1, non-BSCC states: 0
BSCC sizes: 1:3300

Initial states all in one BSCC (so no reachability probabilities computed)

Computing probabilities...
Engine: Hybrid

Building power method iteration matrix MTBDD... [nodes=186] [3.6 Kb]
Building hybrid MTBDD matrix... [levels=13, nodes=210] [9.8 KB]
Adding explicit sparse matrices... [levels=13, num=1, compact] [40.8 KB]
Allocating iteration vectors... [2 x 25.8 KB]
TOTAL: [102.2 KB]

Starting iterations...

Power method: 9100 iterations in 0.18 seconds (average 0.000019, setup 0.00)

Printing steady-state probabilities in plain text format to file "../../CZK_project/Output/t=0.1_median_1E-6_constant/hybrid/ph_10_300_1E-6"...

Time for steady-state probability computation: 0.39 seconds.

