PRISM
=====

Version: 4.4
Date: Wed Jun 20 12:23:53 EDT 2018
Hostname: storm-eval
Memory limits: cudd=1g, java(heap)=910.5m
Command line: prism -hybrid -epsilon 1E-6 -maxiters 100000000 -power -absolute -const 'k=25000,timeout=0.1,lambda=6.93147180559945309400' ../../CZK_project/Model/queue_withptf_ctmc.sm -ss -exportss ../../CZK_project/Output/t=0.1_median_1E-6_constant/hybrid/ph_10_25000_1E-6

Parsing model file "../../CZK_project/Model/queue_withptf_ctmc.sm"...

Type:        CTMC
Modules:     main trigger 
Variables:   qSize i 

---------------------------------------------------------------------

Computing steady-state probabilities...

Building model...
Model constants: k=25000,timeout=0.1,lambda=6.9314718056

Computing reachable states...

Reachability (BFS): 275000 iterations in 12.94 seconds (average 0.000047, setup 0.00)

Time for model construction: 121.773 seconds.

Type:        CTMC
States:      275000 (1 initial)
Transitions: 525000

Rate matrix: 218 nodes (3 terminal), 525000 minterms, vars: 19r/19c

SCCs: 1, BSCCs: 1, non-BSCC states: 0
BSCC sizes: 1:275000

Initial states all in one BSCC (so no reachability probabilities computed)

Computing probabilities...
Engine: Hybrid

Building power method iteration matrix MTBDD... [nodes=292] [5.7 Kb]
Building hybrid MTBDD matrix... [levels=19, nodes=332] [15.6 KB]
Adding explicit sparse matrices... [levels=15, num=5, compact] [805.7 KB]
Allocating iteration vectors... [2 x 2.1 MB]
TOTAL: [5.0 MB]

Starting iterations...

Power method: 196 iterations in 0.62 seconds (average 0.003122, setup 0.01)

Printing steady-state probabilities in plain text format to file "../../CZK_project/Output/t=0.1_median_1E-6_constant/hybrid/ph_10_25000_1E-6"...

Time for steady-state probability computation: 68.248 seconds.

