PRISM
=====

Version: 4.4
Date: Wed Jun 20 12:42:24 EDT 2018
Hostname: storm-eval
Memory limits: cudd=1g, java(heap)=910.5m
Command line: prism -hybrid -epsilon 1E-6 -maxiters 100000000 -power -absolute -const 'k=45000,timeout=0.1,lambda=6.93147180559945309400' ../../CZK_project/Model/queue_withptf_ctmc.sm -ss -exportss ../../CZK_project/Output/t=0.1_median_1E-6_constant/hybrid/ph_10_45000_1E-6

Parsing model file "../../CZK_project/Model/queue_withptf_ctmc.sm"...

Type:        CTMC
Modules:     main trigger 
Variables:   qSize i 

---------------------------------------------------------------------

Computing steady-state probabilities...

Building model...
Model constants: k=45000,timeout=0.1,lambda=6.9314718056

Computing reachable states...

Reachability (BFS): 495000 iterations in 25.50 seconds (average 0.000052, setup 0.00)

Time for model construction: 279.923 seconds.

Type:        CTMC
States:      495000 (1 initial)
Transitions: 945000

Rate matrix: 232 nodes (3 terminal), 945000 minterms, vars: 20r/20c

SCCs: 1, BSCCs: 1, non-BSCC states: 0
BSCC sizes: 1:495000

Initial states all in one BSCC (so no reachability probabilities computed)

Computing probabilities...
Engine: Hybrid

Building power method iteration matrix MTBDD... [nodes=311] [6.1 Kb]
Building hybrid MTBDD matrix... [levels=20, nodes=362] [17.0 KB]
Adding explicit sparse matrices... [levels=14, num=9, compact] [686.7 KB]
Allocating iteration vectors... [2 x 3.8 MB]
TOTAL: [8.2 MB]

Starting iterations...

Power method: 70 iterations in 0.31 seconds (average 0.004229, setup 0.01)

Printing steady-state probabilities in plain text format to file "../../CZK_project/Output/t=0.1_median_1E-6_constant/hybrid/ph_10_45000_1E-6"...

Time for steady-state probability computation: 86.929 seconds.

