PRISM
=====

Version: 4.4
Date: Wed Jun 20 12:17:35 EDT 2018
Hostname: storm-eval
Memory limits: cudd=1g, java(heap)=910.5m
Command line: prism -hybrid -epsilon 1E-6 -maxiters 100000000 -power -absolute -const 'k=800,timeout=0.1,lambda=6.93147180559945309400' ../../CZK_project/Model/queue_withptf_ctmc.sm -ss -exportss ../../CZK_project/Output/t=0.1_median_1E-6_constant/hybrid/ph_10_800_1E-6

Parsing model file "../../CZK_project/Model/queue_withptf_ctmc.sm"...

Type:        CTMC
Modules:     main trigger 
Variables:   qSize i 

---------------------------------------------------------------------

Computing steady-state probabilities...

Building model...
Model constants: k=800,timeout=0.1,lambda=6.9314718056

Computing reachable states...

Reachability (BFS): 8800 iterations in 0.18 seconds (average 0.000021, setup 0.00)

Time for model construction: 1.756 seconds.

Type:        CTMC
States:      8800 (1 initial)
Transitions: 16800

Rate matrix: 136 nodes (3 terminal), 16800 minterms, vars: 14r/14c

SCCs: 1, BSCCs: 1, non-BSCC states: 0
BSCC sizes: 1:8800

Initial states all in one BSCC (so no reachability probabilities computed)

Computing probabilities...
Engine: Hybrid

Building power method iteration matrix MTBDD... [nodes=181] [3.5 Kb]
Building hybrid MTBDD matrix... [levels=14, nodes=198] [9.3 KB]
Adding explicit sparse matrices... [levels=14, num=1, compact] [108.6 KB]
Allocating iteration vectors... [2 x 68.8 KB]
TOTAL: [255.4 KB]

Starting iterations...

Power method: 13690 iterations in 0.86 seconds (average 0.000063, setup 0.00)

Printing steady-state probabilities in plain text format to file "../../CZK_project/Output/t=0.1_median_1E-6_constant/hybrid/ph_10_800_1E-6"...

Time for steady-state probability computation: 2.698 seconds.

