PRISM
=====

Version: 4.4.GSMP
Date: Wed May 23 15:07:31 CEST 2018
Hostname: thomas
Memory limits: cudd=1g, java(heap)=910.5m
Command line: prism -explicit -epsilon 1e-5 -maxiters 10000000 -power -absolute -const 'k=1,timeout=0.01,lambda=100.0000000000' ../../../../CZK_project/Model/queue_withptf_gsmp.sm -ss -exportss ../../../../CZK_project/Log/t=0.01/explicit/ph_10_1_1E-5

Parsing model file "../../../../CZK_project/Model/queue_withptf_gsmp.sm"...

Type:        GSMP
Modules:     main trigger 
Variables:   qSize i 

---------------------------------------------------------------------

Computing steady-state probabilities...

Building model...
Model constants: k=1,timeout=0.01,lambda=100

Computing reachable states... 11 states
Reachable states exploration and model construction done in 0.007 secs.
Sorting reachable states list...

Time for model construction: 0.014 seconds.

Type:        GSMP
States:      11 (1 initial)
Transitions: 20
The model was recognized to be an ACTMC, so ACTMC method will be used!

Computing probability of reaching BSCC 1

Starting probabilistic reachability...
Calculating predecessor relation for discrete-time Markov chain...  done (0.001 seconds)
Starting Prob0...
Prob0 took 0.001 seconds.
Starting Prob1...
Prob1 took 0.0 seconds.
target=11, yes=11, no=0, maybe=0
Starting value iteration (with Power method)...
Value iteration (with Power method) took 1 iterations, 0 multiplications and 0.001 seconds.
Probabilistic reachability took 0.004 seconds.

Probability of reaching BSCC 1: 1.0

Computing steady-state probabilities for BSCC 1
Starting value iteration...
Value iteration took 1 iterations and 0.001 seconds.

Reducing ACTMC to equivalent DTMC took 0.009 seconds.
Computing steady-state probabilities for the equivalent DTMC took 0.01 seconds.

Printing steady-state probabilities in plain text format to file "../../../../CZK_project/Log/t=0.01/explicit/ph_10_1_1E-5"...

Time for steady-state probability computation: 0.026 seconds.

