PRISM
=====

Version: 4.4.GSMP
Date: Wed May 23 15:07:41 CEST 2018
Hostname: thomas
Memory limits: cudd=1g, java(heap)=910.5m
Command line: prism -explicit -epsilon 1e-5 -maxiters 10000000 -power -absolute -const 'k=100,timeout=0.01,lambda=100.0000000000' ../../../../CZK_project/Model/queue_withptf_gsmp.sm -ss -exportss ../../../../CZK_project/Log/t=0.01/explicit/ph_10_100_1E-5

Parsing model file "../../../../CZK_project/Model/queue_withptf_gsmp.sm"...

Type:        GSMP
Modules:     main trigger 
Variables:   qSize i 

---------------------------------------------------------------------

Computing steady-state probabilities...

Building model...
Model constants: k=100,timeout=0.01,lambda=100

Computing reachable states... 1001 states
Reachable states exploration and model construction done in 0.066 secs.
Sorting reachable states list...

Time for model construction: 0.08 seconds.

Type:        GSMP
States:      1001 (1 initial)
Transitions: 1901
The model was recognized to be an ACTMC, so ACTMC method will be used!

Computing probability of reaching BSCC 1

Starting probabilistic reachability...
Calculating predecessor relation for discrete-time Markov chain...  done (0.001 seconds)
Starting Prob0...
Prob0 took 0.002 seconds.
Starting Prob1...
Prob1 took 0.0 seconds.
target=1001, yes=1001, no=0, maybe=0
Starting value iteration (with Power method)...
Value iteration (with Power method) took 1 iterations, 0 multiplications and 0.001 seconds.
Probabilistic reachability took 0.006 seconds.

Probability of reaching BSCC 1: 1.0

Computing steady-state probabilities for BSCC 1
Starting value iteration...
Value iteration took 4189 iterations and 0.175 seconds.

Reducing ACTMC to equivalent DTMC took 0.011 seconds.
Computing steady-state probabilities for the equivalent DTMC took 0.189 seconds.

Printing steady-state probabilities in plain text format to file "../../../../CZK_project/Log/t=0.01/explicit/ph_10_100_1E-5"...

Time for steady-state probability computation: 0.213 seconds.

